[19-05-12 15:01:44] [PicqBotX] [INFO] 
[19-05-12 15:01:44] [PicqBotX] [INFO]     ____  _            ____        __ _  __
[19-05-12 15:01:44] [PicqBotX] [INFO]    / __ \(_)________ _/ __ )____  / /| |/ /
[19-05-12 15:01:44] [PicqBotX] [INFO]   / /_/ / / ___/ __ `/ __  / __ \/ __/   /
[19-05-12 15:01:44] [PicqBotX] [INFO]  / ____/ / /__/ /_/ / /_/ / /_/ / /_/   |
[19-05-12 15:01:44] [PicqBotX] [INFO] /_/   /_/\___/\__, /_____/\____/\__/_/|_|
[19-05-12 15:01:44] [PicqBotX] [INFO]                 /_/         v3.2.2.896
[19-05-12 15:01:44] [PicqBotX] [INFO] 日志管理器     初始化完成 [******] ...(34.78 ms)
[19-05-12 15:01:44] [PicqBotX] [INFO] 缓存管理器     初始化完成 [******] ...(1.8 ms)
[19-05-12 15:01:44] [PicqBotX] [INFO] DEBUG设置     初始化完成 [******] ...(0.01 ms)
[19-05-12 15:01:44] [PicqBotX] [INFO] 事件管理器     初始化完成 [******] ...(37.3 ms)
[19-05-12 15:01:44] [PicqBotX] [INFO] 账号管理器     初始化完成 [******] ...(1.08 ms)
[19-05-12 15:01:44] [PicqBotX] [INFO] HTTP监听服务器 初始化完成 [******] ...(1.79 ms)
[19-05-12 15:01:45] [PicqBotX] [INFO] 指令管理器     初始化完成 [******] ...(2.06 ms)
[19-05-12 15:01:45] [PicqBotX] [WARNING] 账号 Bot01: 版本正确, 不过用酷Q Pro的话效果更好哦!
[19-05-12 15:01:45] [PicqBotX] [INFO] 账号 Bot01:   版本验证完成!
[19-05-12 15:01:45] [PicqBotX] [INFO] 正在启动...
[19-05-12 15:01:51] [PicqBotX] [DEBUG(java.lang.Thread.run:748)] 收到新请求: CQHttp/4.8.0
[19-05-12 15:01:51] [PicqBotX] [DEBUG(java.lang.Thread.run:748)] - 数据: {"anonymous":null,"font":7918496,"group_id":974172771,"message":"赛文 2017-2-13","message_id":5322,"message_type":"group","post_type":"message","raw_message":"赛文 2017-2-13","self_id":2997400528,"sender":{"age":8,"area":"广州","card":"谭宇","level":"传说","nickname":"0 4 . 2 2","role":"owner","sex":"male","title":"","user_id":1061917196},"sub_type":"normal","time":1557644511,"user_id":1061917196}
[19-05-12 15:01:57] [PicqBotX] [DEBUG(java.lang.Thread.run:748)] 收到新请求: CQHttp/4.8.0
[19-05-12 15:01:57] [PicqBotX] [DEBUG(java.lang.Thread.run:748)] - 数据: {"anonymous":null,"font":7916992,"group_id":974172771,"message":"赛文 2019-4-23","message_id":5324,"message_type":"group","post_type":"message","raw_message":"赛文 2019-4-23","self_id":2997400528,"sender":{"age":8,"area":"广州","card":"谭宇","level":"传说","nickname":"0 4 . 2 2","role":"owner","sex":"male","title":"","user_id":1061917196},"sub_type":"normal","time":1557644517,"user_id":1061917196}
[19-05-12 15:01:57] [PicqBotX] [DEBUG(java.lang.Thread.run:748)] 收到新请求: CQHttp/4.8.0
[19-05-12 15:01:57] [PicqBotX] [DEBUG(java.lang.Thread.run:748)] - 数据: {"anonymous":null,"font":7917824,"group_id":556981260,"message":"第999段 速度216.64 击键7.86 回改5(1.40s) 连改1 退格7 回车0 键准97.98% 码长2.18 选重15 错字0 字数478 键数1038 用时2:12.111 峰值246.90/9.50/1.88 打词0 回改率2.26% 停留&#91;煽&#93;2.40s 效率131% &#91;右345:314&#93; 输入法:小鹤双拼飞扬版 起打于14:58:58 赛文验证:81294 校验:18054 个签:祝大家越打越快，加油！ 暂停2次 t46.15","message_id":5326,"message_type":"group","post_type":"message","raw_message":"第999段 速度216.64 击键7.86 回改5(1.40s) 连改1 退格7 回车0 键准97.98% 码长2.18 选重15 错字0 字数478 键数1038 用时2:12.111 峰值246.90/9.50/1.88 打词0 回改率2.26% 停留&#91;煽&#93;2.40s 效率131% &#91;右345:314&#93; 输入法:小鹤双拼飞扬版 起打于14:58:58 赛文验证:81294 校验:18054 个签:祝大家越打越快，加油！ 暂停2次 t46.15","self_id":2997400528,"sender":{"age":23,"area":"北京","card":"小宇-小鹤音形","level":"五菱宏光","nickname":"___。丹顶货.、","role":"member","sex":"male","title":"","user_id":363930610},"sub_type":"normal","time":1557644517,"user_id":363930610}
[19-05-12 15:02:00] [PicqBotX] [DEBUG(java.lang.Thread.run:748)] 收到新请求: CQHttp/4.8.0
[19-05-12 15:02:00] [PicqBotX] [DEBUG(java.lang.Thread.run:748)] - 数据: {"anonymous":null,"font":7917696,"group_id":556981260,"message":"检测到有人发比赛认证段，自动关闭机器人的发文功能。","message_id":5327,"message_type":"group","post_type":"message","raw_message":"检测到有人发比赛认证段，自动关闭机器人的发文功能。","self_id":2997400528,"sender":{"age":6,"area":"北京","card":"","level":"波音747","nickname":"小拆","role":"admin","sex":"female","title":"","user_id":207938707},"sub_type":"normal","time":1557644520,"user_id":207938707}
[19-05-12 15:02:01] [PicqBotX] [DEBUG(java.lang.Thread.run:748)] 收到新请求: CQHttp/4.8.0
[19-05-12 15:02:01] [PicqBotX] [DEBUG(java.lang.Thread.run:748)] - 数据: {"anonymous":null,"font":7917696,"group_id":974172771,"message":"赛文 2019-5-12","message_id":5328,"message_type":"group","post_type":"message","raw_message":"赛文 2019-5-12","self_id":2997400528,"sender":{"age":8,"area":"广州","card":"谭宇","level":"传说","nickname":"0 4 . 2 2","role":"owner","sex":"male","title":"","user_id":1061917196},"sub_type":"normal","time":1557644521,"user_id":1061917196}
[19-05-12 15:02:03] [PicqBotX] [DEBUG(java.lang.Thread.run:748)] 收到新请求: CQHttp/4.8.0
[19-05-12 15:02:03] [PicqBotX] [DEBUG(java.lang.Thread.run:748)] - 数据: {"anonymous":null,"font":7783488,"group_id":974172771,"message":"好了","message_id":5330,"message_type":"group","post_type":"message","raw_message":"好了","self_id":2997400528,"sender":{"age":8,"area":"广州","card":"谭宇","level":"传说","nickname":"0 4 . 2 2","role":"owner","sex":"male","title":"","user_id":1061917196},"sub_type":"normal","time":1557644523,"user_id":1061917196}
[19-05-12 15:02:06] [PicqBotX] [DEBUG(java.lang.Thread.run:748)] 收到新请求: CQHttp/4.8.0
[19-05-12 15:02:06] [PicqBotX] [DEBUG(java.lang.Thread.run:748)] - 数据: {"anonymous":null,"font":7918560,"group_id":974172771,"message":"历史赛文完事","message_id":5331,"message_type":"group","post_type":"message","raw_message":"历史赛文完事","self_id":2997400528,"sender":{"age":8,"area":"广州","card":"谭宇","level":"传说","nickname":"0 4 . 2 2","role":"owner","sex":"male","title":"","user_id":1061917196},"sub_type":"normal","time":1557644526,"user_id":1061917196}
[19-05-12 15:02:46] [PicqBotX] [DEBUG(java.lang.Thread.run:748)] 收到新请求: CQHttp/4.8.0
