[19-05-14 21:09:24] [PicqBotX] [INFO] 
[19-05-14 21:09:24] [PicqBotX] [INFO]     ____  _            ____        __ _  __
[19-05-14 21:09:24] [PicqBotX] [INFO]    / __ \(_)________ _/ __ )____  / /| |/ /
[19-05-14 21:09:24] [PicqBotX] [INFO]   / /_/ / / ___/ __ `/ __  / __ \/ __/   /
[19-05-14 21:09:24] [PicqBotX] [INFO]  / ____/ / /__/ /_/ / /_/ / /_/ / /_/   |
[19-05-14 21:09:24] [PicqBotX] [INFO] /_/   /_/\___/\__, /_____/\____/\__/_/|_|
[19-05-14 21:09:24] [PicqBotX] [INFO]                 /_/         v3.2.2.896
[19-05-14 21:09:24] [PicqBotX] [INFO] 日志管理器     初始化完成 [******] ...(31.94 ms)
[19-05-14 21:09:24] [PicqBotX] [INFO] 缓存管理器     初始化完成 [******] ...(1.7 ms)
[19-05-14 21:09:24] [PicqBotX] [INFO] DEBUG设置     初始化完成 [******] ...(0.01 ms)
[19-05-14 21:09:24] [PicqBotX] [INFO] 事件管理器     初始化完成 [******] ...(33.38 ms)
[19-05-14 21:09:24] [PicqBotX] [INFO] 账号管理器     初始化完成 [******] ...(1.06 ms)
[19-05-14 21:09:24] [PicqBotX] [INFO] HTTP监听服务器 初始化完成 [******] ...(1.79 ms)
[19-05-14 21:09:24] [PicqBotX] [INFO] 指令管理器     初始化完成 [******] ...(1.79 ms)
[19-05-14 21:09:24] [PicqBotX] [WARNING] 账号 Bot01: 版本正确, 不过用酷Q Pro的话效果更好哦!
[19-05-14 21:09:24] [PicqBotX] [INFO] 账号 Bot01:   版本验证完成!
[19-05-14 21:09:24] [PicqBotX] [INFO] 正在启动...
[19-05-14 21:09:30] [PicqBotX] [DEBUG(java.lang.Thread.run:748)] 收到新请求: CQHttp/4.8.0
[19-05-14 21:09:30] [PicqBotX] [DEBUG(java.lang.Thread.run:748)] - 数据: {"anonymous":null,"font":6235456,"group_id":522394334,"message":"传说中的吃饱了就睡","message_id":10288,"message_type":"group","post_type":"message","raw_message":"传说中的吃饱了就睡","self_id":2997400528,"sender":{"age":28,"area":"成都","card":"一枝独秀―谭八风","level":"了解群图书馆","nickname":"云华","role":"member","sex":"male","title":"","user_id":2297714857},"sub_type":"normal","time":1557839369,"user_id":2297714857}
[19-05-14 21:09:35] [PicqBotX] [DEBUG(java.lang.Thread.run:748)] 收到新请求: CQHttp/4.8.0
[19-05-14 21:09:35] [PicqBotX] [DEBUG(java.lang.Thread.run:748)] - 数据: {"anonymous":null,"font":6235168,"group_id":522394334,"message":"[CQ:image,file=2674BD274D2CBE04A5257CB15D45C3DB.gif,url=https://gchat.qpic.cn/gchatpic_new/2297714857/522394334-3128637667-2674BD274D2CBE04A5257CB15D45C3DB/0?vuin=2997400528&amp;term=2]","message_id":10289,"message_type":"group","post_type":"message","raw_message":"[CQ:image,file=2674BD274D2CBE04A5257CB15D45C3DB.gif]","self_id":2997400528,"sender":{"age":28,"area":"成都","card":"一枝独秀―谭八风","level":"了解群图书馆","nickname":"云华","role":"member","sex":"male","title":"","user_id":2297714857},"sub_type":"normal","time":1557839375,"user_id":2297714857}
[19-05-14 21:10:19] [PicqBotX] [DEBUG(java.lang.Thread.run:748)] 收到新请求: CQHttp/4.8.0
[19-05-14 21:10:19] [PicqBotX] [DEBUG(java.lang.Thread.run:748)] - 数据: {"anonymous":null,"font":6235200,"group_id":522394334,"message":"[CQ:image,file=8F28B3C296CE5669A305C1F086C40F78.gif,url=https://gchat.qpic.cn/gchatpic_new/596787921/522394334-2554809018-8F28B3C296CE5669A305C1F086C40F78/0?vuin=2997400528&amp;term=2]","message_id":10290,"message_type":"group","post_type":"message","raw_message":"[CQ:image,file=8F28B3C296CE5669A305C1F086C40F78.gif]","self_id":2997400528,"sender":{"age":24,"area":"漯河","card":"努力超过一百――杨小草","level":"了解群图书馆","nickname":"这样子？","role":"member","sex":"male","title":"","user_id":596787921},"sub_type":"normal","time":1557839419,"user_id":596787921}
[19-05-14 21:12:15] [PicqBotX] [DEBUG(java.lang.Thread.run:748)] 收到新请求: CQHttp/4.8.0
[19-05-14 21:12:15] [PicqBotX] [DEBUG(java.lang.Thread.run:748)] - 数据: {"anonymous":null,"font":6235296,"group_id":522394334,"message":"[CQ:image,file=69FD6B1FB4A50EF9FBCE0CBBE58328E3.jpg,url=https://gchat.qpic.cn/gchatpic_new/779855010/522394334-2217114746-69FD6B1FB4A50EF9FBCE0CBBE58328E3/0?vuin=2997400528&amp;term=2]","message_id":10291,"message_type":"group","post_type":"message","raw_message":"[CQ:image,file=69FD6B1FB4A50EF9FBCE0CBBE58328E3.jpg]","self_id":2997400528,"sender":{"age":0,"area":"广州","card":"无聊-小鹤音形","level":"中级","nickname":"无聊","role":"member","sex":"male","title":"","user_id":779855010},"sub_type":"normal","time":1557839535,"user_id":779855010}
[19-05-14 21:12:18] [PicqBotX] [DEBUG(java.lang.Thread.run:748)] 收到新请求: CQHttp/4.8.0
[19-05-14 21:12:18] [PicqBotX] [DEBUG(java.lang.Thread.run:748)] - 数据: {"anonymous":null,"font":6235872,"group_id":522394334,"message":"[CQ:face,id=182]","message_id":10292,"message_type":"group","post_type":"message","raw_message":"[CQ:face,id=182]","self_id":2997400528,"sender":{"age":0,"area":"广州","card":"无聊-小鹤音形","level":"中级","nickname":"无聊","role":"member","sex":"male","title":"","user_id":779855010},"sub_type":"normal","time":1557839538,"user_id":779855010}
[19-05-14 21:13:01] [PicqBotX] [DEBUG(java.lang.Thread.run:748)] 收到新请求: CQHttp/4.8.0
[19-05-14 21:13:01] [PicqBotX] [DEBUG(java.lang.Thread.run:748)] - 数据: {"anonymous":null,"font":6235456,"group_id":522394334,"message":".","message_id":10293,"message_type":"group","post_type":"message","raw_message":".","self_id":2997400528,"sender":{"age":8,"area":"广州","card":"谭宇-养生式跟打","level":"入门","nickname":"0 4 . 2 2","role":"admin","sex":"male","title":"","user_id":1061917196},"sub_type":"normal","time":1557839581,"user_id":1061917196}
[19-05-14 21:13:09] [PicqBotX] [DEBUG(java.lang.Thread.run:748)] 收到新请求: CQHttp/4.8.0
[19-05-14 21:13:09] [PicqBotX] [DEBUG(java.lang.Thread.run:748)] - 数据: {"anonymous":null,"font":6235264,"group_id":522394334,"message":"132","message_id":10294,"message_type":"group","post_type":"message","raw_message":"132","self_id":2997400528,"sender":{"age":8,"area":"广州","card":"谭宇-养生式跟打","level":"入门","nickname":"0 4 . 2 2","role":"admin","sex":"male","title":"","user_id":1061917196},"sub_type":"normal","time":1557839589,"user_id":1061917196}
[19-05-14 21:13:15] [PicqBotX] [DEBUG(java.lang.Thread.run:748)] 收到新请求: CQHttp/4.8.0
[19-05-14 21:13:15] [PicqBotX] [DEBUG(java.lang.Thread.run:748)] - 数据: {"anonymous":null,"font":6235520,"group_id":522394334,"message":"186","message_id":10295,"message_type":"group","post_type":"message","raw_message":"186","self_id":2997400528,"sender":{"age":8,"area":"广州","card":"谭宇-养生式跟打","level":"入门","nickname":"0 4 . 2 2","role":"admin","sex":"male","title":"","user_id":1061917196},"sub_type":"normal","time":1557839595,"user_id":1061917196}
[19-05-14 21:13:22] [PicqBotX] [DEBUG(java.lang.Thread.run:748)] 收到新请求: CQHttp/4.8.0
[19-05-14 21:13:22] [PicqBotX] [DEBUG(java.lang.Thread.run:748)] - 数据: {"anonymous":null,"font":6235136,"group_id":522394334,"message":"？渔","message_id":10296,"message_type":"group","post_type":"message","raw_message":"？渔","self_id":2997400528,"sender":{"age":28,"area":"成都","card":"一枝独秀―谭八风","level":"了解群图书馆","nickname":"云华","role":"member","sex":"male","title":"","user_id":2297714857},"sub_type":"normal","time":1557839602,"user_id":2297714857}
[19-05-14 21:13:22] [PicqBotX] [DEBUG(java.lang.Thread.run:748)] 收到新请求: CQHttp/4.8.0
[19-05-14 21:13:22] [PicqBotX] [DEBUG(java.lang.Thread.run:748)] - 数据: {"anonymous":null,"font":6235712,"group_id":522394334,"message":"渔：　yuda\r\n  拆分：　氵 鱼\r\n  首末：　氵 鱼\r\n  编码：　d  a\r\n  汉典：http://xhup.club/?Tp\r\n\r\n  更多功能，请回复「？帮助」","message_id":10297,"message_type":"group","post_type":"message","raw_message":"渔：　yuda\r\n  拆分：　氵 鱼\r\n  首末：　氵 鱼\r\n  编码：　d  a\r\n  汉典：http://xhup.club/?Tp\r\n\r\n  更多功能，请回复「？帮助」","self_id":2997400528,"sender":{"age":1,"area":"","card":"拆小鹤","level":"小白","nickname":"拆小鹤","role":"member","sex":"female","title":"","user_id":428826691},"sub_type":"normal","time":1557839602,"user_id":428826691}
[19-05-14 21:13:25] [PicqBotX] [DEBUG(java.lang.Thread.run:748)] 收到新请求: CQHttp/4.8.0
[19-05-14 21:13:25] [PicqBotX] [DEBUG(java.lang.Thread.run:748)] - 数据: {"group_id":723795668,"notice_type":"group_increase","operator_id":1061917196,"post_type":"notice","self_id":2997400528,"sub_type":"approve","time":1557839605,"user_id":1494568521}
[19-05-14 21:14:22] [PicqBotX] [DEBUG(java.lang.Thread.run:748)] 收到新请求: CQHttp/4.8.0
[19-05-14 21:14:22] [PicqBotX] [DEBUG(java.lang.Thread.run:748)] - 数据: {"anonymous":null,"font":6235328,"group_id":522394334,"message":"？愚","message_id":10299,"message_type":"group","post_type":"message","raw_message":"？愚","self_id":2997400528,"sender":{"age":28,"area":"成都","card":"一枝独秀―谭八风","level":"了解群图书馆","nickname":"云华","role":"member","sex":"male","title":"","user_id":2297714857},"sub_type":"normal","time":1557839662,"user_id":2297714857}
[19-05-14 21:14:22] [PicqBotX] [DEBUG(java.lang.Thread.run:748)] 收到新请求: CQHttp/4.8.0
[19-05-14 21:14:22] [PicqBotX] [DEBUG(java.lang.Thread.run:748)] - 数据: {"anonymous":null,"font":6235360,"group_id":522394334,"message":"愚：　yuyx\r\n  拆分：　禺 心\r\n  首末：　禺yú 心\r\n  编码：　y  x\r\n  汉典：http://xhup.club/?la\r\n\r\n  更多功能，请回复「？帮助」","message_id":10300,"message_type":"group","post_type":"message","raw_message":"愚：　yuyx\r\n  拆分：　禺 心\r\n  首末：　禺yú 心\r\n  编码：　y  x\r\n  汉典：http://xhup.club/?la\r\n\r\n  更多功能，请回复「？帮助」","self_id":2997400528,"sender":{"age":1,"area":"","card":"拆小鹤","level":"小白","nickname":"拆小鹤","role":"member","sex":"female","title":"","user_id":428826691},"sub_type":"normal","time":1557839662,"user_id":428826691}
[19-05-14 21:17:04] [PicqBotX] [DEBUG(java.lang.Thread.run:748)] 收到新请求: CQHttp/4.8.0
[19-05-14 21:17:04] [PicqBotX] [DEBUG(java.lang.Thread.run:748)] - 数据: {"anonymous":null,"font":6235264,"group_id":522394334,"message":"无聊在玩什么游戏呀","message_id":10301,"message_type":"group","post_type":"message","raw_message":"无聊在玩什么游戏呀","self_id":2997400528,"sender":{"age":33,"area":"","card":"国家一级保护废物苏明智-86五笔","level":"中级","nickname":"苏苏","role":"member","sex":"female","title":"","user_id":847628427},"sub_type":"normal","time":1557839824,"user_id":847628427}
[19-05-14 21:18:17] [PicqBotX] [DEBUG(java.lang.Thread.run:748)] 收到新请求: CQHttp/4.8.0
[19-05-14 21:18:17] [PicqBotX] [DEBUG(java.lang.Thread.run:748)] - 数据: {"anonymous":null,"font":6235904,"group_id":522394334,"message":"怪物猎人","message_id":10302,"message_type":"group","post_type":"message","raw_message":"怪物猎人","self_id":2997400528,"sender":{"age":0,"area":"广州","card":"无聊-小鹤音形","level":"中级","nickname":"无聊","role":"member","sex":"male","title":"","user_id":779855010},"sub_type":"normal","time":1557839897,"user_id":779855010}
[19-05-14 21:19:00] [PicqBotX] [DEBUG(java.lang.Thread.run:748)] 收到新请求: CQHttp/4.8.0
[19-05-14 21:19:00] [PicqBotX] [DEBUG(java.lang.Thread.run:748)] - 数据: {"anonymous":null,"font":6235200,"group_id":522394334,"message":"哦哦","message_id":10303,"message_type":"group","post_type":"message","raw_message":"哦哦","self_id":2997400528,"sender":{"age":33,"area":"","card":"国家一级保护废物苏明智-86五笔","level":"中级","nickname":"苏苏","role":"member","sex":"female","title":"","user_id":847628427},"sub_type":"normal","time":1557839940,"user_id":847628427}
[19-05-14 21:19:01] [PicqBotX] [DEBUG(java.lang.Thread.run:748)] 收到新请求: CQHttp/4.8.0
[19-05-14 21:19:01] [PicqBotX] [DEBUG(java.lang.Thread.run:748)] - 数据: {"anonymous":null,"font":6235776,"group_id":522394334,"message":"芒斯吞儿汗特儿瓦鲁多","message_id":10304,"message_type":"group","post_type":"message","raw_message":"芒斯吞儿汗特儿瓦鲁多","self_id":2997400528,"sender":{"age":0,"area":"广州","card":"无聊-小鹤音形","level":"中级","nickname":"无聊","role":"member","sex":"male","title":"","user_id":779855010},"sub_type":"normal","time":1557839941,"user_id":779855010}
[19-05-14 21:19:03] [PicqBotX] [DEBUG(java.lang.Thread.run:748)] 收到新请求: CQHttp/4.8.0
[19-05-14 21:19:03] [PicqBotX] [DEBUG(java.lang.Thread.run:748)] - 数据: {"anonymous":null,"font":6235104,"group_id":522394334,"message":"没有听过","message_id":10305,"message_type":"group","post_type":"message","raw_message":"没有听过","self_id":2997400528,"sender":{"age":33,"area":"","card":"国家一级保护废物苏明智-86五笔","level":"中级","nickname":"苏苏","role":"member","sex":"female","title":"","user_id":847628427},"sub_type":"normal","time":1557839943,"user_id":847628427}
[19-05-14 21:19:25] [PicqBotX] [DEBUG(java.lang.Thread.run:748)] 收到新请求: CQHttp/4.8.0
[19-05-14 21:19:25] [PicqBotX] [DEBUG(java.lang.Thread.run:748)] - 数据: {"anonymous":null,"font":6235584,"group_id":522394334,"message":"看不懂","message_id":10306,"message_type":"group","post_type":"message","raw_message":"看不懂","self_id":2997400528,"sender":{"age":33,"area":"","card":"国家一级保护废物苏明智-86五笔","level":"中级","nickname":"苏苏","role":"member","sex":"female","title":"","user_id":847628427},"sub_type":"normal","time":1557839965,"user_id":847628427}
[19-05-14 21:20:21] [PicqBotX] [DEBUG(java.lang.Thread.run:748)] 收到新请求: CQHttp/4.8.0
[19-05-14 21:20:21] [PicqBotX] [DEBUG(java.lang.Thread.run:748)] - 数据: {"anonymous":null,"font":6235680,"group_id":522394334,"message":"[CQ:image,file=15B4F0EB9DBDB3E3D999ABFD97EDCB73.jpg,url=https://gchat.qpic.cn/gchatpic_new/596787921/522394334-3079971386-15B4F0EB9DBDB3E3D999ABFD97EDCB73/0?vuin=2997400528&amp;term=2]这个是怎么打的","message_id":10307,"message_type":"group","post_type":"message","raw_message":"[CQ:image,file=15B4F0EB9DBDB3E3D999ABFD97EDCB73.jpg]这个是怎么打的","self_id":2997400528,"sender":{"age":24,"area":"漯河","card":"努力超过一百――杨小草","level":"了解群图书馆","nickname":"这样子？","role":"member","sex":"male","title":"","user_id":596787921},"sub_type":"normal","time":1557840021,"user_id":596787921}
[19-05-14 21:21:21] [PicqBotX] [DEBUG(java.lang.Thread.run:748)] 收到新请求: CQHttp/4.8.0
[19-05-14 21:21:21] [PicqBotX] [DEBUG(java.lang.Thread.run:748)] - 数据: {"anonymous":null,"font":6235168,"group_id":522394334,"message":";g","message_id":10308,"message_type":"group","post_type":"message","raw_message":";g","self_id":2997400528,"sender":{"age":8,"area":"广州","card":"谭宇-养生式跟打","level":"入门","nickname":"0 4 . 2 2","role":"admin","sex":"male","title":"","user_id":1061917196},"sub_type":"normal","time":1557840081,"user_id":1061917196}
[19-05-14 21:21:34] [PicqBotX] [DEBUG(java.lang.Thread.run:748)] 收到新请求: CQHttp/4.8.0
[19-05-14 21:21:34] [PicqBotX] [DEBUG(java.lang.Thread.run:748)] - 数据: {"anonymous":null,"font":6235200,"group_id":556981260,"message":"#赛文","message_id":10309,"message_type":"group","post_type":"message","raw_message":"#赛文","self_id":2997400528,"sender":{"age":3,"area":"","card":"极速-Z","level":"小蹦哒","nickname":"Try","role":"member","sex":"male","title":"","user_id":3040785801},"sub_type":"normal","time":1557840094,"user_id":3040785801}
[19-05-14 21:21:36] [PicqBotX] [DEBUG(java.lang.Thread.run:748)] 收到新请求: CQHttp/4.8.0
[19-05-14 21:21:36] [PicqBotX] [DEBUG(java.lang.Thread.run:748)] - 数据: {"anonymous":null,"font":6235136,"group_id":556981260,"message":"我的世界树第1130期-灰制作\r\n社会的一切根本，终究是追求公平的，在要求利益的前提下，作为平民，公平的道德越被履行，平民则生活得越好，反之，欺骗越盛行，特权阶级获取的利益越多。道德与利益密不可分。那个时候我总是试图宣扬这个，宣扬道德的好处，我认为雷锋从不过时，过时的只是宣扬雷锋的手段，道德是必须跟利益一起来讲的。许多人说社会的扭曲，如何如何，我那时认为，社会再扭曲，你这个人再扭曲，也有一点可以坚持，那就是看到对的事情，说他是对的，看到错的事情，说他错了，而不是摆出一副司空见惯或是逆来顺受的嘴脸来，这一点我们始终可以不退，因为这些，我觉得自己至少在做一些力所能及的事情。如果大家都能这样，社会就会往一个好的、得到改变的趋势去发展。然而……这类的事情，每一次都以各种口角告终了，我得到锻炼的，只是在口角中不断提高的讽刺与挖苦能力。有几次气得别人晚上睡不着觉，记得有一次曾经匿名去某个百度贴吧与人争辩，然后那个人说：“没错，我今天晚上睡不着，但我决定做一件事情……”然后他把我号封了，但我仍然很高兴，我让他整晚睡不着。我想我也许传达出一些东西，也许没有。当然在书里我从来不写这些，我不想刻意地去写这些，我知道徒惹人厌而已。\r\n-----第999段-1200S-495Z-3L-d0667249V--c.sw.1.1","message_id":10310,"message_type":"group","post_type":"message","raw_message":"我的世界树第1130期-灰制作\r\n社会的一切根本，终究是追求公平的，在要求利益的前提下，作为平民，公平的道德越被履行，平民则生活得越好，反之，欺骗越盛行，特权阶级获取的利益越多。道德与利益密不可分。那个时候我总是试图宣扬这个，宣扬道德的好处，我认为雷锋从不过时，过时的只是宣扬雷锋的手段，道德是必须跟利益一起来讲的。许多人说社会的扭曲，如何如何，我那时认为，社会再扭曲，你这个人再扭曲，也有一点可以坚持，那就是看到对的事情，说他是对的，看到错的事情，说他错了，而不是摆出一副司空见惯或是逆来顺受的嘴脸来，这一点我们始终可以不退，因为这些，我觉得自己至少在做一些力所能及的事情。如果大家都能这样，社会就会往一个好的、得到改变的趋势去发展。然而……这类的事情，每一次都以各种口角告终了，我得到锻炼的，只是在口角中不断提高的讽刺与挖苦能力。有几次气得别人晚上睡不着觉，记得有一次曾经匿名去某个百度贴吧与人争辩，然后那个人说：“没错，我今天晚上睡不着，但我决定做一件事情……”然后他把我号封了，但我仍然很高兴，我让他整晚睡不着。我想我也许传达出一些东西，也许没有。当然在书里我从来不写这些，我不想刻意地去写这些，我知道徒惹人厌而已。\r\n-----第999段-1200S-495Z-3L-d0667249V--c.sw.1.1","self_id":2997400528,"sender":{"age":6,"area":"北京","card":"","level":"波音747","nickname":"小拆","role":"admin","sex":"female","title":"","user_id":207938707},"sub_type":"normal","time":1557840095,"user_id":207938707}
[19-05-14 21:21:44] [PicqBotX] [DEBUG(java.lang.Thread.run:748)] 收到新请求: CQHttp/4.8.0
[19-05-14 21:21:44] [PicqBotX] [DEBUG(java.lang.Thread.run:748)] - 数据: {"anonymous":null,"font":6235488,"group_id":522394334,"message":";y","message_id":10311,"message_type":"group","post_type":"message","raw_message":";y","self_id":2997400528,"sender":{"age":0,"area":"广州","card":"无聊-小鹤音形","level":"中级","nickname":"无聊","role":"member","sex":"male","title":"","user_id":779855010},"sub_type":"normal","time":1557840104,"user_id":779855010}
[19-05-14 21:22:21] [PicqBotX] [DEBUG(java.lang.Thread.run:748)] 收到新请求: CQHttp/4.8.0
[19-05-14 21:22:21] [PicqBotX] [DEBUG(java.lang.Thread.run:748)] - 数据: {"anonymous":null,"font":6235168,"group_id":522394334,"message":"好的，谢谢大佬","message_id":10312,"message_type":"group","post_type":"message","raw_message":"好的，谢谢大佬","self_id":2997400528,"sender":{"age":24,"area":"漯河","card":"努力超过一百――杨小草","level":"了解群图书馆","nickname":"这样子？","role":"member","sex":"male","title":"","user_id":596787921},"sub_type":"normal","time":1557840141,"user_id":596787921}
[19-05-14 21:22:23] [PicqBotX] [DEBUG(java.lang.Thread.run:748)] 收到新请求: CQHttp/4.8.0
[19-05-14 21:22:23] [PicqBotX] [DEBUG(java.lang.Thread.run:748)] - 数据: {"anonymous":null,"font":6235552,"group_id":522394334,"message":"・","message_id":10313,"message_type":"group","post_type":"message","raw_message":"・","self_id":2997400528,"sender":{"age":0,"area":"成都","card":"","level":"中级","nickname":"Μ?γα? ?λ?ξανδρο?","role":"member","sex":"male","title":"","user_id":191659732},"sub_type":"normal","time":1557840143,"user_id":191659732}
[19-05-14 21:22:30] [PicqBotX] [DEBUG(java.lang.Thread.run:748)] 收到新请求: CQHttp/4.8.0
[19-05-14 21:22:30] [PicqBotX] [DEBUG(java.lang.Thread.run:748)] - 数据: {"anonymous":null,"font":6235360,"group_id":522394334,"message":"[CQ:image,file=557D14B5B759FC8DF08DC89E48E06267.gif,url=https://gchat.qpic.cn/gchatpic_new/596787921/522394334-2190885499-557D14B5B759FC8DF08DC89E48E06267/0?vuin=2997400528&amp;term=2]","message_id":10314,"message_type":"group","post_type":"message","raw_message":"[CQ:image,file=557D14B5B759FC8DF08DC89E48E06267.gif]","self_id":2997400528,"sender":{"age":24,"area":"漯河","card":"努力超过一百――杨小草","level":"了解群图书馆","nickname":"这样子？","role":"member","sex":"male","title":"","user_id":596787921},"sub_type":"normal","time":1557840150,"user_id":596787921}
[19-05-14 21:23:54] [PicqBotX] [DEBUG(java.lang.Thread.run:748)] 收到新请求: CQHttp/4.8.0
[19-05-14 21:23:54] [PicqBotX] [DEBUG(java.lang.Thread.run:748)] - 数据: {"anonymous":null,"font":6235008,"group_id":522394334,"message":"我楼上的都是大佬，我是渣渣","message_id":10315,"message_type":"group","post_type":"message","raw_message":"我楼上的都是大佬，我是渣渣","self_id":2997400528,"sender":{"age":0,"area":"成都","card":"","level":"中级","nickname":"Μ?γα? ?λ?ξανδρο?","role":"member","sex":"male","title":"","user_id":191659732},"sub_type":"normal","time":1557840234,"user_id":191659732}
[19-05-14 21:25:47] [PicqBotX] [DEBUG(java.lang.Thread.run:748)] 收到新请求: CQHttp/4.8.0
[19-05-14 21:25:47] [PicqBotX] [DEBUG(java.lang.Thread.run:748)] - 数据: {"anonymous":null,"font":6235008,"group_id":556981260,"message":"第999段 速度117.73/121.43 击键6.66 回改78(20.63s) 连改24 退格51 回车0 键准84.34% 码长3.29 选重11 错字3 错情：&#91;盛√ 万×|匿√ 工×|厌√ 戊×&#93; 字数495 键数1622 用时4:03.598 峰值158.20/8.66/2.96 打词0 回改率16.02% 停留&#91;的&#93;186.31s 效率88% &#91;左540:459&#93; 起打于21:19:57 赛文验证:46287 校验:54790 t46.15 &#91;错1罚5&#93;","message_id":10316,"message_type":"group","post_type":"message","raw_message":"第999段 速度117.73/121.43 击键6.66 回改78(20.63s) 连改24 退格51 回车0 键准84.34% 码长3.29 选重11 错字3 错情：&#91;盛√ 万×|匿√ 工×|厌√ 戊×&#93; 字数495 键数1622 用时4:03.598 峰值158.20/8.66/2.96 打词0 回改率16.02% 停留&#91;的&#93;186.31s 效率88% &#91;左540:459&#93; 起打于21:19:57 赛文验证:46287 校验:54790 t46.15 &#91;错1罚5&#93;","self_id":2997400528,"sender":{"age":3,"area":"","card":"极速-Z","level":"小蹦哒","nickname":"Try","role":"member","sex":"male","title":"","user_id":3040785801},"sub_type":"normal","time":1557840347,"user_id":3040785801}
[19-05-14 21:25:49] [PicqBotX] [DEBUG(java.lang.Thread.run:748)] 收到新请求: CQHttp/4.8.0
[19-05-14 21:25:49] [PicqBotX] [DEBUG(java.lang.Thread.run:748)] - 数据: {"anonymous":null,"font":6235200,"group_id":556981260,"message":"#成绩","message_id":10317,"message_type":"group","post_type":"message","raw_message":"#成绩","self_id":2997400528,"sender":{"age":3,"area":"","card":"极速-Z","level":"小蹦哒","nickname":"Try","role":"member","sex":"male","title":"","user_id":3040785801},"sub_type":"normal","time":1557840349,"user_id":3040785801}
[19-05-14 21:25:54] [PicqBotX] [DEBUG(java.lang.Thread.run:748)] 收到新请求: CQHttp/4.8.0
[19-05-14 21:25:54] [PicqBotX] [DEBUG(java.lang.Thread.run:748)] - 数据: {"anonymous":null,"font":6235200,"group_id":556981260,"message":"[CQ:image,file=B44685BF78B03BB281D04F1B28B7CEAE.png,url=https://gchat.qpic.cn/gchatpic_new/207938707/556981260-2568897781-B44685BF78B03BB281D04F1B28B7CEAE/0?vuin=2997400528&amp;term=2]","message_id":10318,"message_type":"group","post_type":"message","raw_message":"[CQ:image,file=B44685BF78B03BB281D04F1B28B7CEAE.png]","self_id":2997400528,"sender":{"age":6,"area":"北京","card":"","level":"波音747","nickname":"小拆","role":"admin","sex":"female","title":"","user_id":207938707},"sub_type":"normal","time":1557840354,"user_id":207938707}
[19-05-14 21:28:13] [PicqBotX] [DEBUG(java.lang.Thread.run:748)] 收到新请求: CQHttp/4.8.0
[19-05-14 21:28:13] [PicqBotX] [DEBUG(java.lang.Thread.run:748)] - 数据: {"anonymous":null,"font":6235520,"group_id":522394334,"message":"[CQ:at,qq=596787921] 四季","message_id":10319,"message_type":"group","post_type":"message","raw_message":"[CQ:at,qq=596787921] 四季","self_id":2997400528,"sender":{"age":26,"area":"湖州","card":"飘风-小鹤音形","level":"入门","nickname":"飘风SLG","role":"member","sex":"male","title":"","user_id":869151501},"sub_type":"normal","time":1557840493,"user_id":869151501}
[19-05-14 21:32:12] [PicqBotX] [DEBUG(java.lang.Thread.run:748)] 收到新请求: CQHttp/4.8.0
[19-05-14 21:32:12] [PicqBotX] [DEBUG(java.lang.Thread.run:748)] - 数据: {"anonymous":null,"font":6235360,"group_id":522394334,"message":"你咋知道我打的四季","message_id":10320,"message_type":"group","post_type":"message","raw_message":"你咋知道我打的四季","self_id":2997400528,"sender":{"age":24,"area":"漯河","card":"努力超过一百――杨小草","level":"了解群图书馆","nickname":"这样子？","role":"member","sex":"male","title":"","user_id":596787921},"sub_type":"normal","time":1557840732,"user_id":596787921}
[19-05-14 21:32:39] [PicqBotX] [DEBUG(java.lang.Thread.run:748)] 收到新请求: CQHttp/4.8.0
[19-05-14 21:32:39] [PicqBotX] [DEBUG(java.lang.Thread.run:748)] - 数据: {"anonymous":null,"font":6235520,"group_id":556981260,"message":"#赛文","message_id":10321,"message_type":"group","post_type":"message","raw_message":"#赛文","self_id":2997400528,"sender":{"age":20,"area":"榆林","card":"弈-小鹤双拼/091","level":"新日电动车","nickname":"弈","role":"member","sex":"male","title":"","user_id":1440667228},"sub_type":"normal","time":1557840759,"user_id":1440667228}
[19-05-14 21:32:40] [PicqBotX] [DEBUG(java.lang.Thread.run:748)] 收到新请求: CQHttp/4.8.0
[19-05-14 21:32:40] [PicqBotX] [DEBUG(java.lang.Thread.run:748)] - 数据: {"anonymous":null,"font":6235552,"group_id":556981260,"message":"我的世界树第1130期-灰制作\r\n社会的一切根本，终究是追求公平的，在要求利益的前提下，作为平民，公平的道德越被履行，平民则生活得越好，反之，欺骗越盛行，特权阶级获取的利益越多。道德与利益密不可分。那个时候我总是试图宣扬这个，宣扬道德的好处，我认为雷锋从不过时，过时的只是宣扬雷锋的手段，道德是必须跟利益一起来讲的。许多人说社会的扭曲，如何如何，我那时认为，社会再扭曲，你这个人再扭曲，也有一点可以坚持，那就是看到对的事情，说他是对的，看到错的事情，说他错了，而不是摆出一副司空见惯或是逆来顺受的嘴脸来，这一点我们始终可以不退，因为这些，我觉得自己至少在做一些力所能及的事情。如果大家都能这样，社会就会往一个好的、得到改变的趋势去发展。然而……这类的事情，每一次都以各种口角告终了，我得到锻炼的，只是在口角中不断提高的讽刺与挖苦能力。有几次气得别人晚上睡不着觉，记得有一次曾经匿名去某个百度贴吧与人争辩，然后那个人说：“没错，我今天晚上睡不着，但我决定做一件事情……”然后他把我号封了，但我仍然很高兴，我让他整晚睡不着。我想我也许传达出一些东西，也许没有。当然在书里我从来不写这些，我不想刻意地去写这些，我知道徒惹人厌而已。\r\n-----第999段-1200S-495Z-3L-d0667249V--c.sw.1.1","message_id":10322,"message_type":"group","post_type":"message","raw_message":"我的世界树第1130期-灰制作\r\n社会的一切根本，终究是追求公平的，在要求利益的前提下，作为平民，公平的道德越被履行，平民则生活得越好，反之，欺骗越盛行，特权阶级获取的利益越多。道德与利益密不可分。那个时候我总是试图宣扬这个，宣扬道德的好处，我认为雷锋从不过时，过时的只是宣扬雷锋的手段，道德是必须跟利益一起来讲的。许多人说社会的扭曲，如何如何，我那时认为，社会再扭曲，你这个人再扭曲，也有一点可以坚持，那就是看到对的事情，说他是对的，看到错的事情，说他错了，而不是摆出一副司空见惯或是逆来顺受的嘴脸来，这一点我们始终可以不退，因为这些，我觉得自己至少在做一些力所能及的事情。如果大家都能这样，社会就会往一个好的、得到改变的趋势去发展。然而……这类的事情，每一次都以各种口角告终了，我得到锻炼的，只是在口角中不断提高的讽刺与挖苦能力。有几次气得别人晚上睡不着觉，记得有一次曾经匿名去某个百度贴吧与人争辩，然后那个人说：“没错，我今天晚上睡不着，但我决定做一件事情……”然后他把我号封了，但我仍然很高兴，我让他整晚睡不着。我想我也许传达出一些东西，也许没有。当然在书里我从来不写这些，我不想刻意地去写这些，我知道徒惹人厌而已。\r\n-----第999段-1200S-495Z-3L-d0667249V--c.sw.1.1","self_id":2997400528,"sender":{"age":6,"area":"北京","card":"","level":"波音747","nickname":"小拆","role":"admin","sex":"female","title":"","user_id":207938707},"sub_type":"normal","time":1557840760,"user_id":207938707}
[19-05-14 21:33:56] [PicqBotX] [DEBUG(java.lang.Thread.run:748)] 收到新请求: CQHttp/4.8.0
[19-05-14 21:33:56] [PicqBotX] [DEBUG(java.lang.Thread.run:748)] - 数据: {"anonymous":null,"font":6235552,"group_id":522394334,"message":"四季开头啊","message_id":10323,"message_type":"group","post_type":"message","raw_message":"四季开头啊","self_id":2997400528,"sender":{"age":26,"area":"湖州","card":"飘风-小鹤音形","level":"入门","nickname":"飘风SLG","role":"member","sex":"male","title":"","user_id":869151501},"sub_type":"normal","time":1557840836,"user_id":869151501}
[19-05-14 21:37:31] [PicqBotX] [DEBUG(java.lang.Thread.run:748)] 收到新请求: CQHttp/4.8.0
[19-05-14 21:37:31] [PicqBotX] [DEBUG(java.lang.Thread.run:748)] - 数据: {"anonymous":null,"font":6235264,"group_id":522394334,"message":"a set of bars placed over a hole in the road, so that animals cannot go across but cars can","message_id":10324,"message_type":"group","post_type":"message","raw_message":"a set of bars placed over a hole in the road, so that animals cannot go across but cars can","self_id":2997400528,"sender":{"age":33,"area":"","card":"国家一级保护废物苏明智-86五笔","level":"中级","nickname":"苏苏","role":"member","sex":"female","title":"","user_id":847628427},"sub_type":"normal","time":1557841051,"user_id":847628427}
[19-05-14 21:37:40] [PicqBotX] [DEBUG(java.lang.Thread.run:748)] 收到新请求: CQHttp/4.8.0
[19-05-14 21:37:40] [PicqBotX] [DEBUG(java.lang.Thread.run:748)] - 数据: {"anonymous":null,"font":6235264,"group_id":522394334,"message":"这是个什么东西……","message_id":10325,"message_type":"group","post_type":"message","raw_message":"这是个什么东西……","self_id":2997400528,"sender":{"age":33,"area":"","card":"国家一级保护废物苏明智-86五笔","level":"中级","nickname":"苏苏","role":"member","sex":"female","title":"","user_id":847628427},"sub_type":"normal","time":1557841060,"user_id":847628427}
[19-05-14 21:46:34] [PicqBotX] [DEBUG(java.lang.Thread.run:748)] 收到新请求: CQHttp/4.8.0
[19-05-14 21:46:34] [PicqBotX] [DEBUG(java.lang.Thread.run:748)] - 数据: {"anonymous":null,"font":6235104,"group_id":522394334,"message":"什么路的什么洞，动物不可以通行，而车可以。","message_id":10326,"message_type":"group","post_type":"message","raw_message":"什么路的什么洞，动物不可以通行，而车可以。","self_id":2997400528,"sender":{"age":0,"area":"","card":"雨後-小鹤音形","level":"入门","nickname":"雨後","role":"member","sex":"unknown","title":"","user_id":512557731},"sub_type":"normal","time":1557841594,"user_id":512557731}
[19-05-14 21:46:41] [PicqBotX] [DEBUG(java.lang.Thread.run:748)] 收到新请求: CQHttp/4.8.0
[19-05-14 21:46:41] [PicqBotX] [DEBUG(java.lang.Thread.run:748)] - 数据: {"anonymous":null,"font":6234976,"group_id":522394334,"message":"看我英语多好","message_id":10327,"message_type":"group","post_type":"message","raw_message":"看我英语多好","self_id":2997400528,"sender":{"age":0,"area":"","card":"雨後-小鹤音形","level":"入门","nickname":"雨後","role":"member","sex":"unknown","title":"","user_id":512557731},"sub_type":"normal","time":1557841601,"user_id":512557731}
[19-05-14 21:46:43] [PicqBotX] [DEBUG(java.lang.Thread.run:748)] 收到新请求: CQHttp/4.8.0
[19-05-14 21:46:43] [PicqBotX] [DEBUG(java.lang.Thread.run:748)] - 数据: {"anonymous":null,"font":6235104,"group_id":522394334,"message":"第999段 速度174.30 击键6.56 码长2.26 标顶理论2.08 文章难度68.13 字数366 回改7 退格10 错字0 键数826 选重32 键准95.79% 键法90.86%(左318:右350:空格140) 打词率49.87% 选重率8.74% 拖拉机跟打器 版本1.700 Windows 10版  校验V&#93;&#93;JPU","message_id":10328,"message_type":"group","post_type":"message","raw_message":"第999段 速度174.30 击键6.56 码长2.26 标顶理论2.08 文章难度68.13 字数366 回改7 退格10 错字0 键数826 选重32 键准95.79% 键法90.86%(左318:右350:空格140) 打词率49.87% 选重率8.74% 拖拉机跟打器 版本1.700 Windows 10版  校验V&#93;&#93;JPU","self_id":2997400528,"sender":{"age":26,"area":"湖州","card":"飘风-小鹤音形","level":"入门","nickname":"飘风SLG","role":"member","sex":"male","title":"","user_id":869151501},"sub_type":"normal","time":1557841603,"user_id":869151501}
[19-05-14 21:47:08] [PicqBotX] [DEBUG(java.lang.Thread.run:748)] 收到新请求: CQHttp/4.8.0
[19-05-14 21:47:08] [PicqBotX] [DEBUG(java.lang.Thread.run:748)] - 数据: {"anonymous":null,"font":6235392,"group_id":522394334,"message":"#成绩","message_id":10330,"message_type":"group","post_type":"message","raw_message":"#成绩","self_id":2997400528,"sender":{"age":26,"area":"湖州","card":"飘风-小鹤音形","level":"入门","nickname":"飘风SLG","role":"member","sex":"male","title":"","user_id":869151501},"sub_type":"normal","time":1557841628,"user_id":869151501}
[19-05-14 21:47:11] [PicqBotX] [DEBUG(java.lang.Thread.run:748)] 收到新请求: CQHttp/4.8.0
[19-05-14 21:47:11] [PicqBotX] [DEBUG(java.lang.Thread.run:748)] - 数据: {"anonymous":null,"font":6235456,"group_id":522394334,"message":"[CQ:image,file=CAA23E2D802B4E035610780E82FCD9A4.png,url=https://gchat.qpic.cn/gchatpic_new/207938707/522394334-2390483164-CAA23E2D802B4E035610780E82FCD9A4/0?vuin=2997400528&amp;term=2]","message_id":10331,"message_type":"group","post_type":"message","raw_message":"[CQ:image,file=CAA23E2D802B4E035610780E82FCD9A4.png]","self_id":2997400528,"sender":{"age":6,"area":"北京","card":"","level":"小白","nickname":"小拆","role":"member","sex":"female","title":"","user_id":207938707},"sub_type":"normal","time":1557841631,"user_id":207938707}
[19-05-14 21:48:19] [PicqBotX] [DEBUG(java.lang.Thread.run:748)] 收到新请求: CQHttp/4.8.0
