[19-05-12 15:24:10] [PicqBotX] [INFO] 
[19-05-12 15:24:10] [PicqBotX] [INFO]     ____  _            ____        __ _  __
[19-05-12 15:24:10] [PicqBotX] [INFO]    / __ \(_)________ _/ __ )____  / /| |/ /
[19-05-12 15:24:10] [PicqBotX] [INFO]   / /_/ / / ___/ __ `/ __  / __ \/ __/   /
[19-05-12 15:24:10] [PicqBotX] [INFO]  / ____/ / /__/ /_/ / /_/ / /_/ / /_/   |
[19-05-12 15:24:10] [PicqBotX] [INFO] /_/   /_/\___/\__, /_____/\____/\__/_/|_|
[19-05-12 15:24:10] [PicqBotX] [INFO]                 /_/         v3.2.2.896
[19-05-12 15:24:10] [PicqBotX] [INFO] 日志管理器     初始化完成 [******] ...(31.24 ms)
[19-05-12 15:24:10] [PicqBotX] [INFO] 缓存管理器     初始化完成 [******] ...(1.9 ms)
[19-05-12 15:24:10] [PicqBotX] [INFO] DEBUG设置     初始化完成 [******] ...(0.01 ms)
[19-05-12 15:24:10] [PicqBotX] [INFO] 事件管理器     初始化完成 [******] ...(30.93 ms)
[19-05-12 15:24:10] [PicqBotX] [INFO] 账号管理器     初始化完成 [******] ...(1.06 ms)
[19-05-12 15:24:10] [PicqBotX] [INFO] HTTP监听服务器 初始化完成 [******] ...(1.72 ms)
[19-05-12 15:24:11] [PicqBotX] [INFO] 指令管理器     初始化完成 [******] ...(1.78 ms)
[19-05-12 15:24:11] [PicqBotX] [WARNING] 账号 Bot01: 版本正确, 不过用酷Q Pro的话效果更好哦!
[19-05-12 15:24:11] [PicqBotX] [INFO] 账号 Bot01:   版本验证完成!
[19-05-12 15:24:11] [PicqBotX] [INFO] 正在启动...
[19-05-12 15:24:15] [PicqBotX] [DEBUG(java.lang.Thread.run:748)] 收到新请求: CQHttp/4.8.0
[19-05-12 15:24:15] [PicqBotX] [DEBUG(java.lang.Thread.run:748)] - 数据: {"font":7918080,"message":"查 谭宇","message_id":5374,"message_type":"private","post_type":"message","raw_message":"查 谭宇","self_id":2997400528,"sender":{"age":8,"nickname":"0 4 . 2 2","sex":"male","user_id":1061917196},"sub_type":"friend","time":1557645855,"user_id":1061917196}
[19-05-12 15:25:57] [PicqBotX] [DEBUG(java.lang.Thread.run:748)] 收到新请求: CQHttp/4.8.0
[19-05-12 15:25:57] [PicqBotX] [DEBUG(java.lang.Thread.run:748)] - 数据: {"anonymous":null,"font":7918496,"group_id":556981260,"message":"高手高手 高高手","message_id":5377,"message_type":"group","post_type":"message","raw_message":"高手高手 高高手","self_id":2997400528,"sender":{"age":28,"area":"赣州","card":"张军","level":"小蹦哒","nickname":"你若成风","role":"member","sex":"male","title":"","user_id":1361460151},"sub_type":"normal","time":1557645957,"user_id":1361460151}
[19-05-12 15:29:16] [PicqBotX] [DEBUG(java.lang.Thread.run:748)] 收到新请求: CQHttp/4.8.0
[19-05-12 15:29:16] [PicqBotX] [DEBUG(java.lang.Thread.run:748)] - 数据: {"anonymous":null,"font":7918752,"group_id":556981260,"message":"E迅速录是用速录机打的吧","message_id":5378,"message_type":"group","post_type":"message","raw_message":"E迅速录是用速录机打的吧","self_id":2997400528,"sender":{"age":28,"area":"赣州","card":"张军","level":"小蹦哒","nickname":"你若成风","role":"member","sex":"male","title":"","user_id":1361460151},"sub_type":"normal","time":1557646156,"user_id":1361460151}
[19-05-12 15:31:08] [PicqBotX] [DEBUG(java.lang.Thread.run:748)] 收到新请求: CQHttp/4.8.0
[19-05-12 15:31:08] [PicqBotX] [DEBUG(java.lang.Thread.run:748)] - 数据: {"anonymous":null,"font":7918496,"group_id":556981260,"message":"请问想提速是打短文好些 还是长文好些  谢谢","message_id":5379,"message_type":"group","post_type":"message","raw_message":"请问想提速是打短文好些 还是长文好些  谢谢","self_id":2997400528,"sender":{"age":28,"area":"赣州","card":"张军","level":"小蹦哒","nickname":"你若成风","role":"member","sex":"male","title":"","user_id":1361460151},"sub_type":"normal","time":1557646268,"user_id":1361460151}
[19-05-12 15:34:47] [PicqBotX] [DEBUG(java.lang.Thread.run:748)] 收到新请求: CQHttp/4.8.0
[19-05-12 15:34:47] [PicqBotX] [DEBUG(java.lang.Thread.run:748)] - 数据: {"anonymous":null,"font":7918304,"group_id":522394334,"message":"#成绩","message_id":5380,"message_type":"group","post_type":"message","raw_message":"#成绩","self_id":2997400528,"sender":{"age":19,"area":"北京","card":"心心相印—小鹤双拼","level":"了解群图文件","nickname":"心心相印","role":"member","sex":"male","title":"","user_id":1912488859},"sub_type":"normal","time":1557646486,"user_id":1912488859}
[19-05-12 15:34:49] [PicqBotX] [DEBUG(java.lang.Thread.run:748)] 收到新请求: CQHttp/4.8.0
[19-05-12 15:34:49] [PicqBotX] [DEBUG(java.lang.Thread.run:748)] - 数据: {"anonymous":null,"font":7918624,"group_id":522394334,"message":"[CQ:image,file=A61299EB81CCAB8E7765BAB20BAF19CD.png,url=https://gchat.qpic.cn/gchatpic_new/207938707/522394334-3162961651-A61299EB81CCAB8E7765BAB20BAF19CD/0?vuin=2997400528&amp;term=2]","message_id":5381,"message_type":"group","post_type":"message","raw_message":"[CQ:image,file=A61299EB81CCAB8E7765BAB20BAF19CD.png]","self_id":2997400528,"sender":{"age":6,"area":"北京","card":"","level":"小白","nickname":"小拆","role":"member","sex":"female","title":"","user_id":207938707},"sub_type":"normal","time":1557646489,"user_id":207938707}
[19-05-12 15:40:17] [PicqBotX] [DEBUG(java.lang.Thread.run:748)] 收到新请求: CQHttp/4.8.0
[19-05-12 15:40:17] [PicqBotX] [DEBUG(java.lang.Thread.run:748)] - 数据: {"anonymous":null,"font":7918816,"group_id":522394334,"message":"cc(2997400528) 被管理员禁言1月","message_id":5382,"message_type":"group","post_type":"message","raw_message":"cc(2997400528) 被管理员禁言1月","self_id":2997400528,"sender":{"age":0,"nickname":"应用消息","sex":"unknown","user_id":1000000},"sub_type":"notice","time":1557646817,"user_id":1000000}
[19-05-12 15:40:20] [PicqBotX] [DEBUG(java.lang.Thread.run:748)] 收到新请求: CQHttp/4.8.0
[19-05-12 15:40:20] [PicqBotX] [DEBUG(java.lang.Thread.run:748)] - 数据: {"anonymous":null,"font":7918304,"group_id":522394334,"message":"查 谭宇","message_id":5383,"message_type":"group","post_type":"message","raw_message":"查 谭宇","self_id":2997400528,"sender":{"age":8,"area":"广州","card":"谭宇-养生式跟打","level":"入门","nickname":"0 4 . 2 2","role":"admin","sex":"male","title":"","user_id":1061917196},"sub_type":"normal","time":1557646820,"user_id":1061917196}
[19-05-12 15:40:20] [PicqBotX] [DEBUG(java.lang.Thread.run:748)] 收到新请求: CQHttp/4.8.0
[19-05-12 15:40:20] [PicqBotX] [DEBUG(java.lang.Thread.run:748)] - 数据: {"anonymous":null,"font":7917472,"group_id":522394334,"message":"谭宇 总:1110057 对:1042943 错:67114 今日:5037\r\n平均成绩:214.0 在线状态:不在线","message_id":5385,"message_type":"group","post_type":"message","raw_message":"谭宇 总:1110057 对:1042943 错:67114 今日:5037\r\n平均成绩:214.0 在线状态:不在线","self_id":2997400528,"sender":{"age":22,"area":"广州","card":"鹤-小鹤单字","level":"了解群图文件","nickname":"鹤","role":"member","sex":"female","title":"","user_id":1061917110},"sub_type":"normal","time":1557646820,"user_id":1061917110}
[19-05-12 15:40:29] [PicqBotX] [DEBUG(java.lang.Thread.run:748)] 收到新请求: CQHttp/4.8.0
[19-05-12 15:40:29] [PicqBotX] [DEBUG(java.lang.Thread.run:748)] - 数据: {"anonymous":null,"font":7918240,"group_id":522394334,"message":"拖拉机已支持机器人查询打字状态了","message_id":5386,"message_type":"group","post_type":"message","raw_message":"拖拉机已支持机器人查询打字状态了","self_id":2997400528,"sender":{"age":8,"area":"广州","card":"谭宇-养生式跟打","level":"入门","nickname":"0 4 . 2 2","role":"admin","sex":"male","title":"","user_id":1061917196},"sub_type":"normal","time":1557646829,"user_id":1061917196}
[19-05-12 15:42:24] [PicqBotX] [DEBUG(java.lang.Thread.run:748)] 收到新请求: CQHttp/4.8.0
[19-05-12 15:42:24] [PicqBotX] [DEBUG(java.lang.Thread.run:748)] - 数据: {"anonymous":null,"font":7916992,"group_id":522394334,"message":"查 vicsonyang","message_id":5387,"message_type":"group","post_type":"message","raw_message":"查 vicsonyang","self_id":2997400528,"sender":{"age":0,"area":"","card":"勿念-小鹤音形","level":"了解群图书馆","nickname":"子雨","role":"member","sex":"male","title":"","user_id":270610577},"sub_type":"normal","time":1557646944,"user_id":270610577}
[19-05-12 15:42:24] [PicqBotX] [DEBUG(java.lang.Thread.run:748)] 收到新请求: CQHttp/4.8.0
[19-05-12 15:42:24] [PicqBotX] [DEBUG(java.lang.Thread.run:748)] - 数据: {"anonymous":null,"font":7917824,"group_id":522394334,"message":"vicsonyang 总:104092 对:100590 错:3502 今日:0\r\n平均成绩:54.0 在线状态:不在线","message_id":5389,"message_type":"group","post_type":"message","raw_message":"vicsonyang 总:104092 对:100590 错:3502 今日:0\r\n平均成绩:54.0 在线状态:不在线","self_id":2997400528,"sender":{"age":22,"area":"广州","card":"鹤-小鹤单字","level":"了解群图文件","nickname":"鹤","role":"member","sex":"female","title":"","user_id":1061917110},"sub_type":"normal","time":1557646944,"user_id":1061917110}
[19-05-12 15:43:50] [PicqBotX] [DEBUG(java.lang.Thread.run:748)] 收到新请求: CQHttp/4.8.0
[19-05-12 15:43:50] [PicqBotX] [DEBUG(java.lang.Thread.run:748)] - 数据: {"group_id":723795668,"notice_type":"group_increase","operator_id":1061917196,"post_type":"notice","self_id":2997400528,"sub_type":"approve","time":1557647033,"user_id":362682415}
[19-05-12 15:44:05] [PicqBotX] [DEBUG(java.lang.Thread.run:748)] 收到新请求: CQHttp/4.8.0
[19-05-12 15:44:05] [PicqBotX] [DEBUG(java.lang.Thread.run:748)] - 数据: {"anonymous":null,"font":7917568,"group_id":522394334,"message":"？忽","message_id":5391,"message_type":"group","post_type":"message","raw_message":"？忽","self_id":2997400528,"sender":{"age":28,"area":"成都","card":"一枝独秀—谭八风","level":"了解群图书馆","nickname":"云华","role":"member","sex":"male","title":"","user_id":2297714857},"sub_type":"normal","time":1557647045,"user_id":2297714857}
[19-05-12 15:44:06] [PicqBotX] [DEBUG(java.lang.Thread.run:748)] 收到新请求: CQHttp/4.8.0
[19-05-12 15:44:06] [PicqBotX] [DEBUG(java.lang.Thread.run:748)] - 数据: {"anonymous":null,"font":7917248,"group_id":522394334,"message":"忽：　huw huwx\r\n  拆分：　勿 心\r\n  首末：　勿 心\r\n  编码：　w  x\r\n  汉典：http://xhup.club/?C5\r\n\r\n  更多功能，请回复「？帮助」","message_id":5392,"message_type":"group","post_type":"message","raw_message":"忽：　huw huwx\r\n  拆分：　勿 心\r\n  首末：　勿 心\r\n  编码：　w  x\r\n  汉典：http://xhup.club/?C5\r\n\r\n  更多功能，请回复「？帮助」","self_id":2997400528,"sender":{"age":1,"area":"","card":"拆小鹤","level":"小白","nickname":"拆小鹤","role":"member","sex":"female","title":"","user_id":428826691},"sub_type":"normal","time":1557647046,"user_id":428826691}
[19-05-12 15:45:09] [PicqBotX] [DEBUG(java.lang.Thread.run:748)] 收到新请求: CQHttp/4.8.0
[19-05-12 15:45:09] [PicqBotX] [DEBUG(java.lang.Thread.run:748)] - 数据: {"anonymous":null,"font":7917408,"group_id":723795668,"message":"我想求教一下，红轴和茶轴，哪个打字比较舒服呢","message_id":5393,"message_type":"group","post_type":"message","raw_message":"我想求教一下，红轴和茶轴，哪个打字比较舒服呢","self_id":2997400528,"sender":{"age":0,"area":"","card":"","level":"特级大师","nickname":"王也","role":"member","sex":"unknown","title":"","user_id":362682415},"sub_type":"normal","time":1557647109,"user_id":362682415}
[19-05-12 15:46:18] [PicqBotX] [DEBUG(java.lang.Thread.run:748)] 收到新请求: CQHttp/4.8.0
[19-05-12 15:46:18] [PicqBotX] [DEBUG(java.lang.Thread.run:748)] - 数据: {"anonymous":null,"font":7917024,"group_id":723795668,"message":"阿狸速录机是什么","message_id":5394,"message_type":"group","post_type":"message","raw_message":"阿狸速录机是什么","self_id":2997400528,"sender":{"age":1,"area":"阿拉伯联合酋长国","card":"","level":"中级","nickname":"圈","role":"member","sex":"male","title":"","user_id":1816436708},"sub_type":"normal","time":1557647178,"user_id":1816436708}
[19-05-12 15:46:49] [PicqBotX] [DEBUG(java.lang.Thread.run:748)] 收到新请求: CQHttp/4.8.0
[19-05-12 15:46:49] [PicqBotX] [DEBUG(java.lang.Thread.run:748)] - 数据: {"anonymous":null,"font":7917568,"group_id":556981260,"message":"[CQ:at,qq=1369797536] 这个只记录赛文的成绩，其他的文段是不记得","message_id":5395,"message_type":"group","post_type":"message","raw_message":"[CQ:at,qq=1369797536] 这个只记录赛文的成绩，其他的文段是不记得","self_id":2997400528,"sender":{"age":0,"area":"","card":"让心如风-蓝宝石","level":"五菱宏光","nickname":"让心如水","role":"admin","sex":"unknown","title":"","user_id":2329377621},"sub_type":"normal","time":1557647209,"user_id":2329377621}
[19-05-12 15:48:09] [PicqBotX] [DEBUG(java.lang.Thread.run:748)] 收到新请求: CQHttp/4.8.0
[19-05-12 15:48:09] [PicqBotX] [DEBUG(java.lang.Thread.run:748)] - 数据: {"anonymous":null,"font":7917216,"group_id":556981260,"message":"#赛文","message_id":5396,"message_type":"group","post_type":"message","raw_message":"#赛文","self_id":2997400528,"sender":{"age":1,"area":"阿拉伯联合酋长国","card":"圈-字根通用码","level":"新日电动车","nickname":"圈","role":"member","sex":"male","title":"","user_id":1816436708},"sub_type":"normal","time":1557647289,"user_id":1816436708}
[19-05-12 15:48:10] [PicqBotX] [DEBUG(java.lang.Thread.run:748)] 收到新请求: CQHttp/4.8.0
[19-05-12 15:48:10] [PicqBotX] [DEBUG(java.lang.Thread.run:748)] - 数据: {"anonymous":null,"font":7917568,"group_id":556981260,"message":"我的世界树5第1128期-灰制作\r\n我很高兴，许多年前人们都说看正版的是**，毋庸置疑，不久前他们心安理得看所有人的盗贴，但在这件事之后，他们终究无法反驳“盗贴是错的”这么一个简单的概念，他们为什么要开始看正版，因为不想被非议，有一天他们会成为正版的土壤，反哺我所生活的这个圈子，不管那个时候我还在不在这个圈子混，这一次，我小范围地改变了一个趋势，将坏的变成了好的。但我仍旧对前面的那些言论耿耿于怀，我是为了一件我认为对的事情，无比清醒地站在那里，说出我的立场的，他们老以为我被人蒙蔽、煽动，老以为我为了利益，做出了错误的选择，老以为我会后悔，在我已经清晰地表达了一切之后，让我觉得……真是无奈。这是一个十三亿人的国家，文人改变不了什么，鲁迅也不行，我作为一个网络写手，说文人的事情，就更加可笑了。最近几年我渐渐看到一种观念，就是“你能做到什么？”例如你不能彻底弄倒所有的盗版，你凭什么反对其中一个，你反对这个有什么意义？但人的力量并不是这样的，并不是一个人就能彻底解决什么事，十三亿人的事情，首先是舆论和趋势要往好的地方走，社会上的大趋势变动之后，政府才会往好的方向走，它们才会感受到压力。\r\n-----第999段-1200S-478Z-3L-237a1e44V--c.sw.1.1","message_id":5397,"message_type":"group","post_type":"message","raw_message":"我的世界树5第1128期-灰制作\r\n我很高兴，许多年前人们都说看正版的是**，毋庸置疑，不久前他们心安理得看所有人的盗贴，但在这件事之后，他们终究无法反驳“盗贴是错的”这么一个简单的概念，他们为什么要开始看正版，因为不想被非议，有一天他们会成为正版的土壤，反哺我所生活的这个圈子，不管那个时候我还在不在这个圈子混，这一次，我小范围地改变了一个趋势，将坏的变成了好的。但我仍旧对前面的那些言论耿耿于怀，我是为了一件我认为对的事情，无比清醒地站在那里，说出我的立场的，他们老以为我被人蒙蔽、煽动，老以为我为了利益，做出了错误的选择，老以为我会后悔，在我已经清晰地表达了一切之后，让我觉得……真是无奈。这是一个十三亿人的国家，文人改变不了什么，鲁迅也不行，我作为一个网络写手，说文人的事情，就更加可笑了。最近几年我渐渐看到一种观念，就是“你能做到什么？”例如你不能彻底弄倒所有的盗版，你凭什么反对其中一个，你反对这个有什么意义？但人的力量并不是这样的，并不是一个人就能彻底解决什么事，十三亿人的事情，首先是舆论和趋势要往好的地方走，社会上的大趋势变动之后，政府才会往好的方向走，它们才会感受到压力。\r\n-----第999段-1200S-478Z-3L-237a1e44V--c.sw.1.1","self_id":2997400528,"sender":{"age":6,"area":"北京","card":"","level":"波音747","nickname":"小拆","role":"admin","sex":"female","title":"","user_id":207938707},"sub_type":"normal","time":1557647290,"user_id":207938707}
[19-05-12 15:50:19] [PicqBotX] [DEBUG(java.lang.Thread.run:748)] 收到新请求: CQHttp/4.8.0
[19-05-12 15:50:19] [PicqBotX] [DEBUG(java.lang.Thread.run:748)] - 数据: {"anonymous":null,"font":7917088,"group_id":556981260,"message":"第999段 速度225.06/227.44 击键7.96 码长2.10 标顶理论1.02 文章难度96.91 字数478 回改10 退格10 错字1 键数1004 选重19 键准96.99% 键法93.92%(左386:右411:空格171) 打词率64.75% 选重率3.97% 拖拉机跟打器 版本1.700 Windows 7版  校验UVYJTW","message_id":5398,"message_type":"group","post_type":"message","raw_message":"第999段 速度225.06/227.44 击键7.96 码长2.10 标顶理论1.02 文章难度96.91 字数478 回改10 退格10 错字1 键数1004 选重19 键准96.99% 键法93.92%(左386:右411:空格171) 打词率64.75% 选重率3.97% 拖拉机跟打器 版本1.700 Windows 7版  校验UVYJTW","self_id":2997400528,"sender":{"age":1,"area":"阿拉伯联合酋长国","card":"圈-字根通用码","level":"新日电动车","nickname":"圈","role":"member","sex":"male","title":"","user_id":1816436708},"sub_type":"normal","time":1557647419,"user_id":1816436708}
[19-05-12 15:50:24] [PicqBotX] [DEBUG(java.lang.Thread.run:748)] 收到新请求: CQHttp/4.8.0
[19-05-12 15:50:24] [PicqBotX] [DEBUG(java.lang.Thread.run:748)] - 数据: {"anonymous":null,"font":7917280,"group_id":556981260,"message":"水到家了","message_id":5399,"message_type":"group","post_type":"message","raw_message":"水到家了","self_id":2997400528,"sender":{"age":1,"area":"阿拉伯联合酋长国","card":"圈-字根通用码","level":"新日电动车","nickname":"圈","role":"member","sex":"male","title":"","user_id":1816436708},"sub_type":"normal","time":1557647424,"user_id":1816436708}
[19-05-12 15:50:28] [PicqBotX] [DEBUG(java.lang.Thread.run:748)] 收到新请求: CQHttp/4.8.0
[19-05-12 15:50:28] [PicqBotX] [DEBUG(java.lang.Thread.run:748)] - 数据: {"anonymous":null,"font":7917696,"group_id":556981260,"message":"#成绩","message_id":5400,"message_type":"group","post_type":"message","raw_message":"#成绩","self_id":2997400528,"sender":{"age":1,"area":"阿拉伯联合酋长国","card":"圈-字根通用码","level":"新日电动车","nickname":"圈","role":"member","sex":"male","title":"","user_id":1816436708},"sub_type":"normal","time":1557647428,"user_id":1816436708}
[19-05-12 15:50:31] [PicqBotX] [DEBUG(java.lang.Thread.run:748)] 收到新请求: CQHttp/4.8.0
[19-05-12 15:50:31] [PicqBotX] [DEBUG(java.lang.Thread.run:748)] - 数据: {"anonymous":null,"font":7917696,"group_id":556981260,"message":"[CQ:image,file=DD61FFF77ECB114E2C6E27835711E0B3.png,url=https://gchat.qpic.cn/gchatpic_new/207938707/556981260-2828683134-DD61FFF77ECB114E2C6E27835711E0B3/0?vuin=2997400528&amp;term=2]","message_id":5401,"message_type":"group","post_type":"message","raw_message":"[CQ:image,file=DD61FFF77ECB114E2C6E27835711E0B3.png]","self_id":2997400528,"sender":{"age":6,"area":"北京","card":"","level":"波音747","nickname":"小拆","role":"admin","sex":"female","title":"","user_id":207938707},"sub_type":"normal","time":1557647431,"user_id":207938707}
[19-05-12 15:50:33] [PicqBotX] [DEBUG(java.lang.Thread.run:748)] 收到新请求: CQHttp/4.8.0
[19-05-12 15:50:33] [PicqBotX] [DEBUG(java.lang.Thread.run:748)] - 数据: {"anonymous":null,"font":7917248,"group_id":522394334,"message":"？预","message_id":5402,"message_type":"group","post_type":"message","raw_message":"？预","self_id":2997400528,"sender":{"age":28,"area":"成都","card":"一枝独秀—谭八风","level":"了解群图书馆","nickname":"云华","role":"member","sex":"male","title":"","user_id":2297714857},"sub_type":"normal","time":1557647433,"user_id":2297714857}
[19-05-12 15:50:33] [PicqBotX] [DEBUG(java.lang.Thread.run:748)] 收到新请求: CQHttp/4.8.0
[19-05-12 15:50:33] [PicqBotX] [DEBUG(java.lang.Thread.run:748)] - 数据: {"anonymous":null,"font":7917408,"group_id":522394334,"message":"预：　yus yusr*\r\n  拆分：　龴 フ 丨 一 ノ 冂 人\r\n  首末：　龴 人\r\n  编码：　s  r\r\n  汉典：http://xhup.club/?fv\r\n\r\n  更多功能，请回复「？帮助」","message_id":5403,"message_type":"group","post_type":"message","raw_message":"预：　yus yusr*\r\n  拆分：　龴 フ 丨 一 ノ 冂 人\r\n  首末：　龴 人\r\n  编码：　s  r\r\n  汉典：http://xhup.club/?fv\r\n\r\n  更多功能，请回复「？帮助」","self_id":2997400528,"sender":{"age":1,"area":"","card":"拆小鹤","level":"小白","nickname":"拆小鹤","role":"member","sex":"female","title":"","user_id":428826691},"sub_type":"normal","time":1557647433,"user_id":428826691}
[19-05-12 15:50:34] [PicqBotX] [DEBUG(java.lang.Thread.run:748)] 收到新请求: CQHttp/4.8.0
[19-05-12 15:50:34] [PicqBotX] [DEBUG(java.lang.Thread.run:748)] - 数据: {"anonymous":null,"font":7917824,"group_id":723795668,"message":"随机一文，长度500","message_id":5404,"message_type":"group","post_type":"message","raw_message":"随机一文，长度500","self_id":2997400528,"sender":{"age":22,"area":"梧州","card":"菜鸟搜狗小鹤双拼","level":"高手","nickname":"放空","role":"member","sex":"female","title":"","user_id":1468665177},"sub_type":"normal","time":1557647434,"user_id":1468665177}
[19-05-12 15:50:34] [PicqBotX] [DEBUG(java.lang.Thread.run:748)] 收到新请求: CQHttp/4.8.0
[19-05-12 15:50:34] [PicqBotX] [DEBUG(java.lang.Thread.run:748)] - 数据: {"anonymous":null,"font":7917824,"group_id":723795668,"message":"《大众读者》散文第1期-作者：里柯克\r\n“想到店里看看？噢，当然，先生。”他打招呼说。然后，他一边彬彬有礼地把双手合在一起擦来擦去，一边透过眼镜向我投来锐利的一瞥。“在店后面左边的书架上，您会找到些也许会使您感兴趣的东西，”他说，“在那儿我们备有一套重印的丛书——如《从亚里士多德到亚瑟·巴尔福的一般知识》，一毛七一本。或者，您也许想看看《已故作家群英录》吧，每本一毛钱。斯拜娄先生，”他叫道，“带这位绅士看看我们的重印经典——一毛钱一本的那套。”说着他朝一个销售员招了一下手，接着就把我置之脑后了。换句话说就是，他片刻之间已推断出我是哪一流的人物。虽然我去百老汇大街买了顶灰绿色软呢帽，还系了一条点缀着钱币般大小的花斑的俏领带，但是这一点用也没有。这些小小的装扮根本掩盖不了内在的灵魂。我是一个教授，他知道这一点，或者，至少可以说他能立刻推断出这一点——这也是他生意的一部分。十个街区内最大的书店的销售经理，是不会看不准顾客的。他当然知道，作为一个教授，我根本不是什么好主顾。正如所有逛书店的教授一样，我来到书店无异于一只黄蜂飞向一罐敞开的橘子酱。\r\n-----第1段-----","message_id":5405,"message_type":"group","post_type":"message","raw_message":"《大众读者》散文第1期-作者：里柯克\r\n“想到店里看看？噢，当然，先生。”他打招呼说。然后，他一边彬彬有礼地把双手合在一起擦来擦去，一边透过眼镜向我投来锐利的一瞥。“在店后面左边的书架上，您会找到些也许会使您感兴趣的东西，”他说，“在那儿我们备有一套重印的丛书——如《从亚里士多德到亚瑟·巴尔福的一般知识》，一毛七一本。或者，您也许想看看《已故作家群英录》吧，每本一毛钱。斯拜娄先生，”他叫道，“带这位绅士看看我们的重印经典——一毛钱一本的那套。”说着他朝一个销售员招了一下手，接着就把我置之脑后了。换句话说就是，他片刻之间已推断出我是哪一流的人物。虽然我去百老汇大街买了顶灰绿色软呢帽，还系了一条点缀着钱币般大小的花斑的俏领带，但是这一点用也没有。这些小小的装扮根本掩盖不了内在的灵魂。我是一个教授，他知道这一点，或者，至少可以说他能立刻推断出这一点——这也是他生意的一部分。十个街区内最大的书店的销售经理，是不会看不准顾客的。他当然知道，作为一个教授，我根本不是什么好主顾。正如所有逛书店的教授一样，我来到书店无异于一只黄蜂飞向一罐敞开的橘子酱。\r\n-----第1段-----","self_id":2997400528,"sender":{"age":1,"area":"","card":"群帅","level":"小白","nickname":"拆小鹤","role":"member","sex":"female","title":"","user_id":428826691},"sub_type":"normal","time":1557647434,"user_id":428826691}
[19-05-12 15:50:42] [PicqBotX] [DEBUG(java.lang.Thread.run:748)] 收到新请求: CQHttp/4.8.0
[19-05-12 15:50:42] [PicqBotX] [DEBUG(java.lang.Thread.run:748)] - 数据: {"anonymous":null,"font":7916992,"group_id":522394334,"message":"#赛文","message_id":5406,"message_type":"group","post_type":"message","raw_message":"#赛文","self_id":2997400528,"sender":{"age":0,"area":"","card":"勿念-小鹤音形","level":"了解群图书馆","nickname":"子雨","role":"member","sex":"male","title":"","user_id":270610577},"sub_type":"normal","time":1557647442,"user_id":270610577}
[19-05-12 15:50:43] [PicqBotX] [DEBUG(java.lang.Thread.run:748)] 收到新请求: CQHttp/4.8.0
[19-05-12 15:50:43] [PicqBotX] [DEBUG(java.lang.Thread.run:748)] - 数据: {"anonymous":null,"font":7916992,"group_id":522394334,"message":"《在催眠术表演会上》日赛第530期-二花制作\r\n大厅里灯火辉煌，挤满了人。这里的中心人物是催眠师。别看他身材矮小、其貌不扬，然而却眉开眼笑，满脸红光，神采飞扬。人们不住地对他微笑，鼓掌，啧啧称奇……在他面前人们相形逊色。他确实做出了奇迹。他让一个人昏昏睡去，把另一个人弄得全身僵直，让第三个人的后脑勺支在椅子边上，脚后跟却架在另一把椅子上……有个又高又瘦的新闻记者被他拧成了螺旋形。一句话，鬼知道他是怎么搞的。他对女士们造成的影响尤其强烈。她们遇到他的目光都魂飞魄散，像挨打的苍蝇一样。啊，女人的神经！如若缺了她们，这世上的生活该多么枯燥乏味！催眠师向一些人施展过他的法术之后，走到了我的跟前。“我觉得您的气质极易受外来影响，”他对我说，“您那么神经质，那么富于表情……您愿意让我催您人睡吗？”睡一觉有什么不好？行啊，亲爱的，你试试吧。我在大厅中央一把椅子上坐下，催眠师在我正对面的椅子上坐下，握住我的两只手，用他那对吓人的蛇眼盯住我可怜的眼睛。观众把我们团团围住。“嘘……先生们！嘘……别出声！”\r\n-----第999段-1200S-425Z-4L-fe2206baV--c.sw.1.1\r\n本文由 散文 组成","message_id":5407,"message_type":"group","post_type":"message","raw_message":"《在催眠术表演会上》日赛第530期-二花制作\r\n大厅里灯火辉煌，挤满了人。这里的中心人物是催眠师。别看他身材矮小、其貌不扬，然而却眉开眼笑，满脸红光，神采飞扬。人们不住地对他微笑，鼓掌，啧啧称奇……在他面前人们相形逊色。他确实做出了奇迹。他让一个人昏昏睡去，把另一个人弄得全身僵直，让第三个人的后脑勺支在椅子边上，脚后跟却架在另一把椅子上……有个又高又瘦的新闻记者被他拧成了螺旋形。一句话，鬼知道他是怎么搞的。他对女士们造成的影响尤其强烈。她们遇到他的目光都魂飞魄散，像挨打的苍蝇一样。啊，女人的神经！如若缺了她们，这世上的生活该多么枯燥乏味！催眠师向一些人施展过他的法术之后，走到了我的跟前。“我觉得您的气质极易受外来影响，”他对我说，“您那么神经质，那么富于表情……您愿意让我催您人睡吗？”睡一觉有什么不好？行啊，亲爱的，你试试吧。我在大厅中央一把椅子上坐下，催眠师在我正对面的椅子上坐下，握住我的两只手，用他那对吓人的蛇眼盯住我可怜的眼睛。观众把我们团团围住。“嘘……先生们！嘘……别出声！”\r\n-----第999段-1200S-425Z-4L-fe2206baV--c.sw.1.1\r\n本文由 散文 组成","self_id":2997400528,"sender":{"age":6,"area":"北京","card":"","level":"小白","nickname":"小拆","role":"member","sex":"female","title":"","user_id":207938707},"sub_type":"normal","time":1557647443,"user_id":207938707}
[19-05-12 15:54:53] [PicqBotX] [DEBUG(java.lang.Thread.run:748)] 收到新请求: CQHttp/4.8.0
[19-05-12 15:54:53] [PicqBotX] [DEBUG(java.lang.Thread.run:748)] - 数据: {"anonymous":null,"font":7917408,"group_id":556981260,"message":"[CQ:image,file=1C2448C3EA18B15B675CA0F2302B12F0.gif,url=https://gchat.qpic.cn/gchatpic_new/523856782/556981260-2627476130-1C2448C3EA18B15B675CA0F2302B12F0/0?vuin=2997400528&amp;term=2]","message_id":5408,"message_type":"group","post_type":"message","raw_message":"[CQ:image,file=1C2448C3EA18B15B675CA0F2302B12F0.gif]","self_id":2997400528,"sender":{"age":0,"area":"石家庄","card":"瓜牛-二笔","level":"波音747","nickname":"明媚阳光","role":"member","sex":"male","title":"一个小蹦哒","user_id":523856782},"sub_type":"normal","time":1557647693,"user_id":523856782}
[19-05-12 15:55:49] [PicqBotX] [DEBUG(java.lang.Thread.run:748)] 收到新请求: CQHttp/4.8.0
[19-05-12 15:55:49] [PicqBotX] [DEBUG(java.lang.Thread.run:748)] - 数据: {"anonymous":null,"font":7917888,"group_id":522394334,"message":" ？美","message_id":5409,"message_type":"group","post_type":"message","raw_message":" ？美","self_id":2997400528,"sender":{"age":28,"area":"成都","card":"一枝独秀—谭八风","level":"了解群图书馆","nickname":"云华","role":"member","sex":"male","title":"","user_id":2297714857},"sub_type":"normal","time":1557647749,"user_id":2297714857}
[19-05-12 15:56:02] [PicqBotX] [DEBUG(java.lang.Thread.run:748)] 收到新请求: CQHttp/4.8.0
[19-05-12 15:56:02] [PicqBotX] [DEBUG(java.lang.Thread.run:748)] - 数据: {"anonymous":null,"font":7917216,"group_id":522394334,"message":"小拆","message_id":5410,"message_type":"group","post_type":"message","raw_message":"小拆","self_id":2997400528,"sender":{"age":28,"area":"成都","card":"一枝独秀—谭八风","level":"了解群图书馆","nickname":"云华","role":"member","sex":"male","title":"","user_id":2297714857},"sub_type":"normal","time":1557647762,"user_id":2297714857}
[19-05-12 15:56:03] [PicqBotX] [DEBUG(java.lang.Thread.run:748)] 收到新请求: CQHttp/4.8.0
[19-05-12 15:56:03] [PicqBotX] [DEBUG(java.lang.Thread.run:748)] - 数据: {"anonymous":null,"font":7916992,"group_id":522394334,"message":"Ｏ(≧▽≦)Ｏ在~","message_id":5411,"message_type":"group","post_type":"message","raw_message":"Ｏ(≧▽≦)Ｏ在~","self_id":2997400528,"sender":{"age":6,"area":"北京","card":"","level":"小白","nickname":"小拆","role":"member","sex":"female","title":"","user_id":207938707},"sub_type":"normal","time":1557647763,"user_id":207938707}
[19-05-12 15:56:07] [PicqBotX] [DEBUG(java.lang.Thread.run:748)] 收到新请求: CQHttp/4.8.0
[19-05-12 15:56:07] [PicqBotX] [DEBUG(java.lang.Thread.run:748)] - 数据: {"anonymous":null,"font":7917600,"group_id":522394334,"message":"？美","message_id":5412,"message_type":"group","post_type":"message","raw_message":"？美","self_id":2997400528,"sender":{"age":28,"area":"成都","card":"一枝独秀—谭八风","level":"了解群图书馆","nickname":"云华","role":"member","sex":"male","title":"","user_id":2297714857},"sub_type":"normal","time":1557647767,"user_id":2297714857}
[19-05-12 15:56:08] [PicqBotX] [DEBUG(java.lang.Thread.run:748)] 收到新请求: CQHttp/4.8.0
[19-05-12 15:56:08] [PicqBotX] [DEBUG(java.lang.Thread.run:748)] - 数据: {"anonymous":null,"font":7917248,"group_id":522394334,"message":"美：　mwyd\r\n  拆分：　 大\r\n  首末：　 大\r\n  编码：　y  d\r\n  汉典：http://xhup.club/?9W\r\n\r\n  更多功能，请回复「？帮助」","message_id":5413,"message_type":"group","post_type":"message","raw_message":"美：　mwyd\r\n  拆分：　 大\r\n  首末：　 大\r\n  编码：　y  d\r\n  汉典：http://xhup.club/?9W\r\n\r\n  更多功能，请回复「？帮助」","self_id":2997400528,"sender":{"age":1,"area":"","card":"拆小鹤","level":"小白","nickname":"拆小鹤","role":"member","sex":"female","title":"","user_id":428826691},"sub_type":"normal","time":1557647768,"user_id":428826691}
[19-05-12 16:00:16] [PicqBotX] [DEBUG(java.lang.Thread.run:748)] 收到新请求: CQHttp/4.8.0
[19-05-12 16:00:16] [PicqBotX] [DEBUG(java.lang.Thread.run:748)] - 数据: {"anonymous":null,"font":7917216,"group_id":522394334,"message":"查 飘风","message_id":5414,"message_type":"group","post_type":"message","raw_message":"查 飘风","self_id":2997400528,"sender":{"age":26,"area":"湖州","card":"飘风-小鹤音形","level":"入门","nickname":"飘风SLG","role":"member","sex":"male","title":"","user_id":869151501},"sub_type":"normal","time":1557648016,"user_id":869151501}
[19-05-12 16:00:16] [PicqBotX] [DEBUG(java.lang.Thread.run:748)] 收到新请求: CQHttp/4.8.0
[19-05-12 16:00:16] [PicqBotX] [DEBUG(java.lang.Thread.run:748)] - 数据: {"anonymous":null,"font":7917568,"group_id":522394334,"message":"飘风 总:678697 对:644262 错:34435 今日:5147\r\n平均成绩:151.0 在线状态:不在线","message_id":5416,"message_type":"group","post_type":"message","raw_message":"飘风 总:678697 对:644262 错:34435 今日:5147\r\n平均成绩:151.0 在线状态:不在线","self_id":2997400528,"sender":{"age":22,"area":"广州","card":"鹤-小鹤单字","level":"了解群图文件","nickname":"鹤","role":"member","sex":"female","title":"","user_id":1061917110},"sub_type":"normal","time":1557648016,"user_id":1061917110}
[19-05-12 16:00:40] [PicqBotX] [DEBUG(java.lang.Thread.run:748)] 收到新请求: CQHttp/4.8.0
[19-05-12 16:00:40] [PicqBotX] [DEBUG(java.lang.Thread.run:748)] - 数据: {"anonymous":null,"font":7917408,"group_id":522394334,"message":"？？","message_id":5417,"message_type":"group","post_type":"message","raw_message":"？？","self_id":2997400528,"sender":{"age":0,"area":"","card":"白焕-鹤形","level":"中级","nickname":"杂色゛","role":"member","sex":"unknown","title":"","user_id":2524098743},"sub_type":"normal","time":1557648040,"user_id":2524098743}
[19-05-12 16:00:47] [PicqBotX] [DEBUG(java.lang.Thread.run:748)] 收到新请求: CQHttp/4.8.0
[19-05-12 16:00:47] [PicqBotX] [DEBUG(java.lang.Thread.run:748)] - 数据: {"anonymous":null,"font":7917024,"group_id":522394334,"message":"查 白焕","message_id":5418,"message_type":"group","post_type":"message","raw_message":"查 白焕","self_id":2997400528,"sender":{"age":0,"area":"","card":"白焕-鹤形","level":"中级","nickname":"杂色゛","role":"member","sex":"unknown","title":"","user_id":2524098743},"sub_type":"normal","time":1557648047,"user_id":2524098743}
[19-05-12 16:00:47] [PicqBotX] [DEBUG(java.lang.Thread.run:748)] 收到新请求: CQHttp/4.8.0
[19-05-12 16:00:47] [PicqBotX] [DEBUG(java.lang.Thread.run:748)] - 数据: {"anonymous":null,"font":7917088,"group_id":522394334,"message":"白焕 总:5353 对:5049 错:304 今日:0\r\n平均成绩:43.0 在线状态:不在线","message_id":5420,"message_type":"group","post_type":"message","raw_message":"白焕 总:5353 对:5049 错:304 今日:0\r\n平均成绩:43.0 在线状态:不在线","self_id":2997400528,"sender":{"age":22,"area":"广州","card":"鹤-小鹤单字","level":"了解群图文件","nickname":"鹤","role":"member","sex":"female","title":"","user_id":1061917110},"sub_type":"normal","time":1557648047,"user_id":1061917110}
[19-05-12 16:02:57] [PicqBotX] [DEBUG(java.lang.Thread.run:748)] 收到新请求: CQHttp/4.8.0
[19-05-12 16:02:57] [PicqBotX] [DEBUG(java.lang.Thread.run:748)] - 数据: {"anonymous":null,"font":7917248,"group_id":522394334,"message":"第999段 速度41.66 击键2.06 码长2.97 字数425 时间10:10.59 回改48 退格34 回车0 键数1258 选重29 键准93.48% 键法113.12% 重打0 打词63.21% 峰值71.57/3.33/2.57 输入法: 校检:bca54 极速跟打器v1.46","message_id":5421,"message_type":"group","post_type":"message","raw_message":"第999段 速度41.66 击键2.06 码长2.97 字数425 时间10:10.59 回改48 退格34 回车0 键数1258 选重29 键准93.48% 键法113.12% 重打0 打词63.21% 峰值71.57/3.33/2.57 输入法: 校检:bca54 极速跟打器v1.46","self_id":2997400528,"sender":{"age":0,"area":"","card":"勿念-小鹤音形","level":"了解群图书馆","nickname":"子雨","role":"member","sex":"male","title":"","user_id":270610577},"sub_type":"normal","time":1557648177,"user_id":270610577}
[19-05-12 16:03:28] [PicqBotX] [DEBUG(java.lang.Thread.run:748)] 收到新请求: CQHttp/4.8.0
[19-05-12 16:03:28] [PicqBotX] [DEBUG(java.lang.Thread.run:748)] - 数据: {"anonymous":null,"font":7917824,"group_id":522394334,"message":"这样是不是有三个机器人了","message_id":5422,"message_type":"group","post_type":"message","raw_message":"这样是不是有三个机器人了","self_id":2997400528,"sender":{"age":26,"area":"湖州","card":"飘风-小鹤音形","level":"入门","nickname":"飘风SLG","role":"member","sex":"male","title":"","user_id":869151501},"sub_type":"normal","time":1557648208,"user_id":869151501}
[19-05-12 16:04:24] [PicqBotX] [DEBUG(java.lang.Thread.run:748)] 收到新请求: CQHttp/4.8.0
[19-05-12 16:04:24] [PicqBotX] [DEBUG(java.lang.Thread.run:748)] - 数据: {"anonymous":null,"font":7917792,"group_id":723795668,"message":"第1段 速度34.46/34.85 击键1.50 码长2.58 回改17 错字1 键数1174 键准96.25% 字数455 打词132(64.40%/1.58) &#91;·&#93;3次 起步52.59/2.00/2.29 暂停3次4:56秒 波动41.02 键法35.24%(左154:283) 评分：[CQ:image,file=AE819EB5580F2924BBA744AB9F040110.png,url=https://gchat.qpic.cn/gchatpic_new/1468665177/723795668-2914293001-AE819EB5580F2924BBA744AB9F040110/0?vuin=2997400528&amp;term=2]  输入法：搜狗拼音 y16","message_id":5423,"message_type":"group","post_type":"message","raw_message":"第1段 速度34.46/34.85 击键1.50 码长2.58 回改17 错字1 键数1174 键准96.25% 字数455 打词132(64.40%/1.58) &#91;·&#93;3次 起步52.59/2.00/2.29 暂停3次4:56秒 波动41.02 键法35.24%(左154:283) 评分：[CQ:image,file=AE819EB5580F2924BBA744AB9F040110.png]  输入法：搜狗拼音 y16","self_id":2997400528,"sender":{"age":22,"area":"梧州","card":"菜鸟搜狗小鹤双拼","level":"高手","nickname":"放空","role":"member","sex":"female","title":"","user_id":1468665177},"sub_type":"normal","time":1557648264,"user_id":1468665177}
[19-05-12 16:04:24] [PicqBotX] [DEBUG(java.lang.Thread.run:748)] 收到新请求: CQHttp/4.8.0
[19-05-12 16:04:24] [PicqBotX] [DEBUG(java.lang.Thread.run:748)] - 数据: {"anonymous":null,"font":7917696,"group_id":522394334,"message":"查 星光","message_id":5424,"message_type":"group","post_type":"message","raw_message":"查 星光","self_id":2997400528,"sender":{"age":0,"area":"","card":"形音鹤小-垫底的星光","level":"中级","nickname":"ㄨ","role":"member","sex":"unknown","title":"","user_id":2195903763},"sub_type":"normal","time":1557648264,"user_id":2195903763}
[19-05-12 16:04:25] [PicqBotX] [DEBUG(java.lang.Thread.run:748)] 收到新请求: CQHttp/4.8.0
[19-05-12 16:04:25] [PicqBotX] [DEBUG(java.lang.Thread.run:748)] - 数据: {"anonymous":null,"font":7917696,"group_id":522394334,"message":"该用户不存在","message_id":5426,"message_type":"group","post_type":"message","raw_message":"该用户不存在","self_id":2997400528,"sender":{"age":22,"area":"广州","card":"鹤-小鹤单字","level":"了解群图文件","nickname":"鹤","role":"member","sex":"female","title":"","user_id":1061917110},"sub_type":"normal","time":1557648265,"user_id":1061917110}
[19-05-12 16:04:28] [PicqBotX] [DEBUG(java.lang.Thread.run:748)] 收到新请求: CQHttp/4.8.0
[19-05-12 16:04:28] [PicqBotX] [DEBUG(java.lang.Thread.run:748)] - 数据: {"anonymous":null,"font":7917696,"group_id":522394334,"message":"[CQ:image,file=121C189FCDD08CC14A7798495D67E1A2.jpg,url=https://gchat.qpic.cn/gchatpic_new/2195903763/522394334-3210554126-121C189FCDD08CC14A7798495D67E1A2/0?vuin=2997400528&amp;term=2]","message_id":5427,"message_type":"group","post_type":"message","raw_message":"[CQ:image,file=121C189FCDD08CC14A7798495D67E1A2.jpg]","self_id":2997400528,"sender":{"age":0,"area":"","card":"形音鹤小-垫底的星光","level":"中级","nickname":"ㄨ","role":"member","sex":"unknown","title":"","user_id":2195903763},"sub_type":"normal","time":1557648268,"user_id":2195903763}
[19-05-12 16:05:39] [PicqBotX] [DEBUG(java.lang.Thread.run:748)] 收到新请求: CQHttp/4.8.0
[19-05-12 16:05:39] [PicqBotX] [DEBUG(java.lang.Thread.run:748)] - 数据: {"anonymous":null,"font":7917408,"group_id":522394334,"message":"还有别的功能吗","message_id":5428,"message_type":"group","post_type":"message","raw_message":"还有别的功能吗","self_id":2997400528,"sender":{"age":26,"area":"湖州","card":"飘风-小鹤音形","level":"入门","nickname":"飘风SLG","role":"member","sex":"male","title":"","user_id":869151501},"sub_type":"normal","time":1557648339,"user_id":869151501}
[19-05-12 16:06:02] [PicqBotX] [DEBUG(java.lang.Thread.run:748)] 收到新请求: CQHttp/4.8.0
