[19-05-06 16:22:35] [PicqBotX] [INFO] 
[19-05-06 16:22:35] [PicqBotX] [INFO]     ____  _            ____        __ _  __
[19-05-06 16:22:35] [PicqBotX] [INFO]    / __ \(_)________ _/ __ )____  / /| |/ /
[19-05-06 16:22:35] [PicqBotX] [INFO]   / /_/ / / ___/ __ `/ __  / __ \/ __/   /
[19-05-06 16:22:35] [PicqBotX] [INFO]  / ____/ / /__/ /_/ / /_/ / /_/ / /_/   |
[19-05-06 16:22:35] [PicqBotX] [INFO] /_/   /_/\___/\__, /_____/\____/\__/_/|_|
[19-05-06 16:22:35] [PicqBotX] [INFO]                 /_/         v3.2.2.896
[19-05-06 16:22:35] [PicqBotX] [INFO] 日志管理器     初始化完成 [******] ...(46.94 ms)
[19-05-06 16:22:35] [PicqBotX] [INFO] 缓存管理器     初始化完成 [******] ...(1.8 ms)
[19-05-06 16:22:35] [PicqBotX] [INFO] DEBUG设置     初始化完成 [******] ...(0.01 ms)
[19-05-06 16:22:35] [PicqBotX] [INFO] 事件管理器     初始化完成 [******] ...(40.81 ms)
[19-05-06 16:22:35] [PicqBotX] [INFO] 账号管理器     初始化完成 [******] ...(1.1 ms)
[19-05-06 16:22:35] [PicqBotX] [INFO] HTTP监听服务器 初始化完成 [******] ...(1.49 ms)
[19-05-06 16:22:35] [PicqBotX] [WARNING] 账号 Bot01: 版本正确, 不过用酷Q Pro的话效果更好哦!
[19-05-06 16:22:35] [PicqBotX] [INFO] 账号 Bot01:   版本验证完成!
[19-05-06 16:22:35] [PicqBotX] [INFO] 正在启动...
[19-05-06 16:24:26] [PicqBotX] [DEBUG(java.lang.Thread.run:748)] 收到新请求: CQHttp/4.8.0
[19-05-06 16:24:26] [PicqBotX] [DEBUG(java.lang.Thread.run:748)] - 数据: {"meta_event_type":"lifecycle","post_type":"meta_event","self_id":2997400528,"sub_type":"enable","time":1557131066}
[19-05-06 16:24:35] [PicqBotX] [DEBUG(java.lang.Thread.run:748)] 收到新请求: CQHttp/4.8.0
[19-05-06 16:24:35] [PicqBotX] [DEBUG(java.lang.Thread.run:748)] - 数据: {"anonymous":null,"font":8812392,"group_id":522394334,"message":"之前倒是加过，不过没人给我打钱……","message_id":46,"message_type":"group","post_type":"message","raw_message":"之前倒是加过，不过没人给我打钱……","self_id":2997400528,"sender":{"age":0,"area":"","card":"形音鹤小-垫底的星光","level":"中级","nickname":"ㄨ","role":"member","sex":"unknown","title":"","user_id":2195903763},"sub_type":"normal","time":1557131075,"user_id":2195903763}
[19-05-06 16:24:41] [PicqBotX] [DEBUG(java.lang.Thread.run:748)] 收到新请求: CQHttp/4.8.0
[19-05-06 16:24:41] [PicqBotX] [DEBUG(java.lang.Thread.run:748)] - 数据: {"anonymous":null,"font":8812200,"group_id":522394334,"message":"所以干脆不加了","message_id":47,"message_type":"group","post_type":"message","raw_message":"所以干脆不加了","self_id":2997400528,"sender":{"age":0,"area":"","card":"形音鹤小-垫底的星光","level":"中级","nickname":"ㄨ","role":"member","sex":"unknown","title":"","user_id":2195903763},"sub_type":"normal","time":1557131081,"user_id":2195903763}
[19-05-06 16:24:42] [PicqBotX] [DEBUG(java.lang.Thread.run:748)] 收到新请求: CQHttp/4.8.0
[19-05-06 16:24:42] [PicqBotX] [DEBUG(java.lang.Thread.run:748)] - 数据: {"anonymous":null,"font":8813288,"group_id":522394334,"message":"[CQ:image,file=121C189FCDD08CC14A7798495D67E1A2.jpg,url=https://gchat.qpic.cn/gchatpic_new/2195903763/522394334-3011530741-121C189FCDD08CC14A7798495D67E1A2/0?vuin=2997400528&amp;term=2]","message_id":49,"message_type":"group","post_type":"message","raw_message":"[CQ:image,file=121C189FCDD08CC14A7798495D67E1A2.jpg]","self_id":2997400528,"sender":{"age":0,"area":"","card":"形音鹤小-垫底的星光","level":"中级","nickname":"ㄨ","role":"member","sex":"unknown","title":"","user_id":2195903763},"sub_type":"normal","time":1557131082,"user_id":2195903763}
[19-05-06 16:24:46] [PicqBotX] [DEBUG(java.lang.Thread.run:748)] 收到新请求: CQHttp/4.8.0
[19-05-06 16:24:46] [PicqBotX] [DEBUG(java.lang.Thread.run:748)] - 数据: {"font":8813480,"message":"你以为这是 yangjinhe/maintain-robot?","message_id":50,"message_type":"private","post_type":"message","raw_message":"你以为这是 yangjinhe/maintain-robot?","self_id":2997400528,"sender":{"age":8,"nickname":"0 4 . 2 2","sex":"male","user_id":1061917196},"sub_type":"friend","time":1557131086,"user_id":1061917196}
[19-05-06 16:25:39] [PicqBotX] [DEBUG(java.lang.Thread.run:748)] 收到新请求: CQHttp/4.8.0
[19-05-06 16:25:39] [PicqBotX] [DEBUG(java.lang.Thread.run:748)] - 数据: {"anonymous":null,"font":8813640,"group_id":522394334,"message":"[CQ:image,file=DA05DD3C4329B465C1FAE363E4BBCE59.png,url=https://gchat.qpic.cn/gchatpic_new/412615370/522394334-2982976681-DA05DD3C4329B465C1FAE363E4BBCE59/0?vuin=2997400528&amp;term=2]","message_id":52,"message_type":"group","post_type":"message","raw_message":"[CQ:image,file=DA05DD3C4329B465C1FAE363E4BBCE59.png]","self_id":2997400528,"sender":{"age":54,"area":"阿尔及利亚","card":"超级美男子-小","level":"小白","nickname":"范爷","role":"owner","sex":"male","title":"","user_id":412615370},"sub_type":"normal","time":1557131139,"user_id":412615370}
[19-05-06 16:25:47] [PicqBotX] [DEBUG(java.lang.Thread.run:748)] 收到新请求: CQHttp/4.8.0
[19-05-06 16:25:47] [PicqBotX] [DEBUG(java.lang.Thread.run:748)] - 数据: {"anonymous":null,"font":8918472,"group_id":522394334,"message":"群主乱入","message_id":53,"message_type":"group","post_type":"message","raw_message":"群主乱入","self_id":2997400528,"sender":{"age":0,"area":"","card":"白焕-鹤形","level":"中级","nickname":"杂色゛","role":"member","sex":"unknown","title":"","user_id":2524098743},"sub_type":"normal","time":1557131147,"user_id":2524098743}
[19-05-06 16:25:49] [PicqBotX] [DEBUG(java.lang.Thread.run:748)] 收到新请求: CQHttp/4.8.0
[19-05-06 16:25:49] [PicqBotX] [DEBUG(java.lang.Thread.run:748)] - 数据: {"anonymous":null,"font":8917576,"group_id":522394334,"message":"刚刚有人在偷看我？","message_id":54,"message_type":"group","post_type":"message","raw_message":"刚刚有人在偷看我？","self_id":2997400528,"sender":{"age":54,"area":"阿尔及利亚","card":"超级美男子-小","level":"小白","nickname":"范爷","role":"owner","sex":"male","title":"","user_id":412615370},"sub_type":"normal","time":1557131149,"user_id":412615370}
[19-05-06 16:26:01] [PicqBotX] [DEBUG(java.lang.Thread.run:748)] 收到新请求: CQHttp/4.8.0
[19-05-06 16:26:01] [PicqBotX] [DEBUG(java.lang.Thread.run:748)] - 数据: {"anonymous":null,"font":8918504,"group_id":522394334,"message":"[CQ:image,file=04411E41FC91B611844EC73C40A78DC2.png,url=https://gchat.qpic.cn/gchatpic_new/412615370/522394334-2268380176-04411E41FC91B611844EC73C40A78DC2/0?vuin=2997400528&amp;term=2]","message_id":55,"message_type":"group","post_type":"message","raw_message":"[CQ:image,file=04411E41FC91B611844EC73C40A78DC2.png]","self_id":2997400528,"sender":{"age":54,"area":"阿尔及利亚","card":"超级美男子-小","level":"小白","nickname":"范爷","role":"owner","sex":"male","title":"","user_id":412615370},"sub_type":"normal","time":1557131161,"user_id":412615370}
[19-05-06 16:28:01] [PicqBotX] [DEBUG(java.lang.Thread.run:748)] 收到新请求: CQHttp/4.8.0
[19-05-06 16:28:01] [PicqBotX] [DEBUG(java.lang.Thread.run:748)] - 数据: {"anonymous":null,"font":8918504,"group_id":522394334,"message":"你知道的太多了.jpg","message_id":56,"message_type":"group","post_type":"message","raw_message":"你知道的太多了.jpg","self_id":2997400528,"sender":{"age":54,"area":"阿尔及利亚","card":"超级美男子-小","level":"小白","nickname":"范爷","role":"owner","sex":"male","title":"","user_id":412615370},"sub_type":"normal","time":1557131281,"user_id":412615370}
[19-05-06 16:29:48] [PicqBotX] [DEBUG(java.lang.Thread.run:748)] 收到新请求: CQHttp/4.8.0
[19-05-06 16:29:48] [PicqBotX] [DEBUG(java.lang.Thread.run:748)] - 数据: {"anonymous":null,"font":8813640,"group_id":723795668,"message":"#成绩","message_id":57,"message_type":"group","post_type":"message","raw_message":"#成绩","self_id":2997400528,"sender":{"age":21,"area":"","card":"","level":"高手","nickname":"甲克虫","role":"member","sex":"male","title":"","user_id":1031095083},"sub_type":"normal","time":1557131387,"user_id":1031095083}
[19-05-06 16:29:50] [PicqBotX] [DEBUG(java.lang.Thread.run:748)] 收到新请求: CQHttp/4.8.0
[19-05-06 16:29:50] [PicqBotX] [DEBUG(java.lang.Thread.run:748)] - 数据: {"anonymous":null,"font":8917992,"group_id":723795668,"message":"[CQ:image,file=BD1D4BD94E4038CCB549DF7BFE670D06.png,url=https://gchat.qpic.cn/gchatpic_new/207938707/723795668-3025086823-BD1D4BD94E4038CCB549DF7BFE670D06/0?vuin=2997400528&amp;term=2]","message_id":58,"message_type":"group","post_type":"message","raw_message":"[CQ:image,file=BD1D4BD94E4038CCB549DF7BFE670D06.png]","self_id":2997400528,"sender":{"age":6,"area":"北京","card":"","level":"小白","nickname":"小拆","role":"member","sex":"female","title":"","user_id":207938707},"sub_type":"normal","time":1557131390,"user_id":207938707}
[19-05-06 16:31:09] [PicqBotX] [DEBUG(java.lang.Thread.run:748)] 收到新请求: CQHttp/4.8.0
[19-05-06 16:31:09] [PicqBotX] [DEBUG(java.lang.Thread.run:748)] - 数据: {"anonymous":null,"font":8813736,"group_id":522394334,"message":"坐等冷漠的暴躁老哥处先","message_id":59,"message_type":"group","post_type":"message","raw_message":"坐等冷漠的暴躁老哥处先","self_id":2997400528,"sender":{"age":28,"area":"吴忠","card":"垫底的蜗牛-小鹤音形","level":"中级","nickname":"大学渣","role":"member","sex":"male","title":"","user_id":307469495},"sub_type":"normal","time":1557131469,"user_id":307469495}
[19-05-06 16:31:12] [PicqBotX] [DEBUG(java.lang.Thread.run:748)] 收到新请求: CQHttp/4.8.0
[19-05-06 16:31:12] [PicqBotX] [DEBUG(java.lang.Thread.run:748)] - 数据: {"anonymous":null,"font":8918056,"group_id":522394334,"message":"出现2","message_id":60,"message_type":"group","post_type":"message","raw_message":"出现2","self_id":2997400528,"sender":{"age":28,"area":"吴忠","card":"垫底的蜗牛-小鹤音形","level":"中级","nickname":"大学渣","role":"member","sex":"male","title":"","user_id":307469495},"sub_type":"normal","time":1557131472,"user_id":307469495}
[19-05-06 16:31:50] [PicqBotX] [DEBUG(java.lang.Thread.run:748)] 收到新请求: CQHttp/4.8.0
[19-05-06 16:31:50] [PicqBotX] [DEBUG(java.lang.Thread.run:748)] - 数据: {"anonymous":null,"font":8813672,"group_id":522394334,"message":"机智一比宝儿姐","message_id":61,"message_type":"group","post_type":"message","raw_message":"机智一比宝儿姐","self_id":2997400528,"sender":{"age":54,"area":"阿尔及利亚","card":"超级美男子-小","level":"小白","nickname":"范爷","role":"owner","sex":"male","title":"","user_id":412615370},"sub_type":"normal","time":1557131510,"user_id":412615370}
[19-05-06 16:32:27] [PicqBotX] [DEBUG(java.lang.Thread.run:748)] 收到新请求: CQHttp/4.8.0
[19-05-06 16:32:27] [PicqBotX] [DEBUG(java.lang.Thread.run:748)] - 数据: {"anonymous":null,"font":8917992,"group_id":522394334,"message":"章处烂","message_id":62,"message_type":"group","post_type":"message","raw_message":"章处烂","self_id":2997400528,"sender":{"age":0,"area":"","card":"白焕-鹤形","level":"中级","nickname":"杂色゛","role":"member","sex":"unknown","title":"","user_id":2524098743},"sub_type":"normal","time":1557131547,"user_id":2524098743}
[19-05-06 16:32:30] [PicqBotX] [DEBUG(java.lang.Thread.run:748)] 收到新请求: CQHttp/4.8.0
[19-05-06 16:32:30] [PicqBotX] [DEBUG(java.lang.Thread.run:748)] - 数据: {"anonymous":null,"font":8813896,"group_id":522394334,"message":"[CQ:face,id=178]","message_id":63,"message_type":"group","post_type":"message","raw_message":"[CQ:face,id=178]","self_id":2997400528,"sender":{"age":0,"area":"","card":"白焕-鹤形","level":"中级","nickname":"杂色゛","role":"member","sex":"unknown","title":"","user_id":2524098743},"sub_type":"normal","time":1557131550,"user_id":2524098743}
[19-05-06 16:32:44] [PicqBotX] [DEBUG(java.lang.Thread.run:748)] 收到新请求: CQHttp/4.8.0
[19-05-06 16:32:44] [PicqBotX] [DEBUG(java.lang.Thread.run:748)] - 数据: {"anonymous":null,"font":8813640,"group_id":522394334,"message":"[CQ:image,file=68155EA70B7CEAF8AA054DF289E129E3.jpg,url=https://gchat.qpic.cn/gchatpic_new/412615370/522394334-2434183719-68155EA70B7CEAF8AA054DF289E129E3/0?vuin=2997400528&amp;term=2]","message_id":64,"message_type":"group","post_type":"message","raw_message":"[CQ:image,file=68155EA70B7CEAF8AA054DF289E129E3.jpg]","self_id":2997400528,"sender":{"age":54,"area":"阿尔及利亚","card":"超级美男子-小","level":"小白","nickname":"范爷","role":"owner","sex":"male","title":"","user_id":412615370},"sub_type":"normal","time":1557131564,"user_id":412615370}
[19-05-06 16:33:04] [PicqBotX] [DEBUG(java.lang.Thread.run:748)] 收到新请求: CQHttp/4.8.0
[19-05-06 16:33:04] [PicqBotX] [DEBUG(java.lang.Thread.run:748)] - 数据: {"anonymous":null,"font":8919016,"group_id":522394334,"message":"凡夫俗子张之维","message_id":65,"message_type":"group","post_type":"message","raw_message":"凡夫俗子张之维","self_id":2997400528,"sender":{"age":54,"area":"阿尔及利亚","card":"超级美男子-小","level":"小白","nickname":"范爷","role":"owner","sex":"male","title":"","user_id":412615370},"sub_type":"normal","time":1557131584,"user_id":412615370}
[19-05-06 16:33:51] [PicqBotX] [DEBUG(java.lang.Thread.run:748)] 收到新请求: CQHttp/4.8.0
[19-05-06 16:33:51] [PicqBotX] [DEBUG(java.lang.Thread.run:748)] - 数据: {"anonymous":null,"font":8813640,"group_id":522394334,"message":"[CQ:image,file=CCE4A7AB1E7224F619E2B3E10C64BE55.jpg,url=https://gchat.qpic.cn/gchatpic_new/779855010/522394334-2961060158-CCE4A7AB1E7224F619E2B3E10C64BE55/0?vuin=2997400528&amp;term=2]打赛文的时候弹这个出来，我决定换TIM了","message_id":66,"message_type":"group","post_type":"message","raw_message":"[CQ:image,file=CCE4A7AB1E7224F619E2B3E10C64BE55.jpg]打赛文的时候弹这个出来，我决定换TIM了","self_id":2997400528,"sender":{"age":0,"area":"广州","card":"无聊-小鹤音形","level":"中级","nickname":"无聊","role":"member","sex":"male","title":"","user_id":779855010},"sub_type":"normal","time":1557131630,"user_id":779855010}
[19-05-06 16:34:40] [PicqBotX] [DEBUG(java.lang.Thread.run:748)] 收到新请求: CQHttp/4.8.0
[19-05-06 16:34:40] [PicqBotX] [DEBUG(java.lang.Thread.run:748)] - 数据: {"anonymous":null,"font":8918472,"group_id":522394334,"message":"这个不是可以关了吗？","message_id":67,"message_type":"group","post_type":"message","raw_message":"这个不是可以关了吗？","self_id":2997400528,"sender":{"age":54,"area":"阿尔及利亚","card":"超级美男子-小","level":"小白","nickname":"范爷","role":"owner","sex":"male","title":"","user_id":412615370},"sub_type":"normal","time":1557131680,"user_id":412615370}
[19-05-06 16:34:45] [PicqBotX] [DEBUG(java.lang.Thread.run:748)] 收到新请求: CQHttp/4.8.0
[19-05-06 16:34:45] [PicqBotX] [DEBUG(java.lang.Thread.run:748)] - 数据: {"anonymous":null,"font":8813576,"group_id":522394334,"message":"我重来没有出现过……","message_id":68,"message_type":"group","post_type":"message","raw_message":"我重来没有出现过……","self_id":2997400528,"sender":{"age":54,"area":"阿尔及利亚","card":"超级美男子-小","level":"小白","nickname":"范爷","role":"owner","sex":"male","title":"","user_id":412615370},"sub_type":"normal","time":1557131685,"user_id":412615370}
[19-05-06 16:34:52] [PicqBotX] [DEBUG(java.lang.Thread.run:748)] 收到新请求: CQHttp/4.8.0
[19-05-06 16:34:52] [PicqBotX] [DEBUG(java.lang.Thread.run:748)] - 数据: {"anonymous":null,"font":8918472,"group_id":522394334,"message":"从来？","message_id":69,"message_type":"group","post_type":"message","raw_message":"从来？","self_id":2997400528,"sender":{"age":54,"area":"阿尔及利亚","card":"超级美男子-小","level":"小白","nickname":"范爷","role":"owner","sex":"male","title":"","user_id":412615370},"sub_type":"normal","time":1557131692,"user_id":412615370}
[19-05-06 16:35:00] [PicqBotX] [DEBUG(java.lang.Thread.run:748)] 收到新请求: CQHttp/4.8.0
[19-05-06 16:35:00] [PicqBotX] [DEBUG(java.lang.Thread.run:748)] - 数据: {"anonymous":null,"font":8814088,"group_id":522394334,"message":"[CQ:image,file=7AFA3AE488BF6843C3F551094D258D15.gif,url=https://gchat.qpic.cn/gchatpic_new/2524098743/556981260-3160693261-7AFA3AE488BF6843C3F551094D258D15/0?vuin=1061917110&amp;term=2]","message_id":70,"message_type":"group","post_type":"message","raw_message":"[CQ:image,file=7AFA3AE488BF6843C3F551094D258D15.gif]","self_id":2997400528,"sender":{"age":0,"area":"","card":"白焕-鹤形","level":"中级","nickname":"杂色゛","role":"member","sex":"unknown","title":"","user_id":2524098743},"sub_type":"normal","time":1557131700,"user_id":2524098743}
[19-05-06 16:35:03] [PicqBotX] [DEBUG(java.lang.Thread.run:748)] 收到新请求: CQHttp/4.8.0
[19-05-06 16:35:03] [PicqBotX] [DEBUG(java.lang.Thread.run:748)] - 数据: {"anonymous":null,"font":8814088,"group_id":522394334,"message":"从来","message_id":71,"message_type":"group","post_type":"message","raw_message":"从来","self_id":2997400528,"sender":{"age":0,"area":"","card":"白焕-鹤形","level":"中级","nickname":"杂色゛","role":"member","sex":"unknown","title":"","user_id":2524098743},"sub_type":"normal","time":1557131703,"user_id":2524098743}
[19-05-06 16:35:07] [PicqBotX] [DEBUG(java.lang.Thread.run:748)] 收到新请求: CQHttp/4.8.0
[19-05-06 16:35:07] [PicqBotX] [DEBUG(java.lang.Thread.run:748)] - 数据: {"anonymous":null,"font":8918696,"group_id":522394334,"message":"[CQ:image,file=842DECC1363F8189E0AA0378265624FE.jpg,url=https://gchat.qpic.cn/gchatpic_new/412615370/522394334-2885453597-842DECC1363F8189E0AA0378265624FE/0?vuin=2997400528&amp;term=2]我从来没有出现过","message_id":72,"message_type":"group","post_type":"message","raw_message":"[CQ:image,file=842DECC1363F8189E0AA0378265624FE.jpg]我从来没有出现过","self_id":2997400528,"sender":{"age":54,"area":"阿尔及利亚","card":"超级美男子-小","level":"小白","nickname":"范爷","role":"owner","sex":"male","title":"","user_id":412615370},"sub_type":"normal","time":1557131707,"user_id":412615370}
[19-05-06 16:35:29] [PicqBotX] [DEBUG(java.lang.Thread.run:748)] 收到新请求: CQHttp/4.8.0
[19-05-06 16:35:29] [PicqBotX] [DEBUG(java.lang.Thread.run:748)] - 数据: {"anonymous":null,"font":8813640,"group_id":522394334,"message":"这个用火绒给关闭啊","message_id":73,"message_type":"group","post_type":"message","raw_message":"这个用火绒给关闭啊","self_id":2997400528,"sender":{"age":0,"area":"","card":"白焕-鹤形","level":"中级","nickname":"杂色゛","role":"member","sex":"unknown","title":"","user_id":2524098743},"sub_type":"normal","time":1557131729,"user_id":2524098743}
[19-05-06 16:35:32] [PicqBotX] [DEBUG(java.lang.Thread.run:748)] 收到新请求: CQHttp/4.8.0
[19-05-06 16:35:32] [PicqBotX] [DEBUG(java.lang.Thread.run:748)] - 数据: {"anonymous":null,"font":8919080,"group_id":522394334,"message":"[CQ:image,file=5D9A77F9F73583CF0F063527E1E01801.jpg,url=https://gchat.qpic.cn/gchatpic_new/2524098743/522394334-2632064329-5D9A77F9F73583CF0F063527E1E01801/0?vuin=1061917110&amp;term=2]","message_id":74,"message_type":"group","post_type":"message","raw_message":"[CQ:image,file=5D9A77F9F73583CF0F063527E1E01801.jpg]","self_id":2997400528,"sender":{"age":0,"area":"","card":"白焕-鹤形","level":"中级","nickname":"杂色゛","role":"member","sex":"unknown","title":"","user_id":2524098743},"sub_type":"normal","time":1557131732,"user_id":2524098743}
[19-05-06 16:35:37] [PicqBotX] [DEBUG(java.lang.Thread.run:748)] 收到新请求: CQHttp/4.8.0
