[19-05-10 15:50:30] [PicqBotX] [INFO] 
[19-05-10 15:50:30] [PicqBotX] [INFO]     ____  _            ____        __ _  __
[19-05-10 15:50:30] [PicqBotX] [INFO]    / __ \(_)________ _/ __ )____  / /| |/ /
[19-05-10 15:50:30] [PicqBotX] [INFO]   / /_/ / / ___/ __ `/ __  / __ \/ __/   /
[19-05-10 15:50:30] [PicqBotX] [INFO]  / ____/ / /__/ /_/ / /_/ / /_/ / /_/   |
[19-05-10 15:50:30] [PicqBotX] [INFO] /_/   /_/\___/\__, /_____/\____/\__/_/|_|
[19-05-10 15:50:30] [PicqBotX] [INFO]                 /_/         v3.2.2.896
[19-05-10 15:50:30] [PicqBotX] [INFO] 日志管理器     初始化完成 [******] ...(45.83 ms)
[19-05-10 15:50:30] [PicqBotX] [INFO] 缓存管理器     初始化完成 [******] ...(1.79 ms)
[19-05-10 15:50:30] [PicqBotX] [INFO] DEBUG设置     初始化完成 [******] ...(0.01 ms)
[19-05-10 15:50:30] [PicqBotX] [INFO] 事件管理器     初始化完成 [******] ...(33.93 ms)
[19-05-10 15:50:30] [PicqBotX] [INFO] 账号管理器     初始化完成 [******] ...(1.1 ms)
[19-05-10 15:50:30] [PicqBotX] [INFO] HTTP监听服务器 初始化完成 [******] ...(2.16 ms)
[19-05-10 15:50:31] [PicqBotX] [INFO] 指令管理器     初始化完成 [******] ...(2.05 ms)
[19-05-10 15:50:31] [PicqBotX] [WARNING] 账号 Bot01: 版本正确, 不过用酷Q Pro的话效果更好哦!
[19-05-10 15:50:31] [PicqBotX] [INFO] 账号 Bot01:   版本验证完成!
[19-05-10 15:50:31] [PicqBotX] [INFO] 正在启动...
[19-05-10 15:50:33] [PicqBotX] [DEBUG(java.lang.Thread.run:748)] 收到新请求: CQHttp/4.8.0
[19-05-10 15:50:33] [PicqBotX] [DEBUG(java.lang.Thread.run:748)] - 数据: {"font":8390048,"message":"!a","message_id":2136,"message_type":"private","post_type":"message","raw_message":"!a","self_id":2997400528,"sender":{"age":8,"nickname":"0 4 . 2 2","sex":"male","user_id":1061917196},"sub_type":"friend","time":1557474633,"user_id":1061917196}
[19-05-10 15:51:08] [PicqBotX] [DEBUG(java.lang.Thread.run:748)] 收到新请求: CQHttp/4.8.0
[19-05-10 15:51:08] [PicqBotX] [DEBUG(java.lang.Thread.run:748)] - 数据: {"anonymous":null,"font":8390400,"group_id":522394334,"message":"？繁","message_id":2138,"message_type":"group","post_type":"message","raw_message":"？繁","self_id":2997400528,"sender":{"age":0,"area":"南宁","card":"断鸿-小鹤双拼","level":"中级","nickname":"断鸿","role":"member","sex":"male","title":"","user_id":1594283410},"sub_type":"normal","time":1557474668,"user_id":1594283410}
[19-05-10 15:51:08] [PicqBotX] [DEBUG(java.lang.Thread.run:748)] 收到新请求: CQHttp/4.8.0
[19-05-10 15:51:08] [PicqBotX] [DEBUG(java.lang.Thread.run:748)] - 数据: {"anonymous":null,"font":8390624,"group_id":522394334,"message":"繁：　fjpx popx\r\n  拆分：　ノ 一 母 攵 幺 小\r\n  首末：　ノ 小\r\n  编码：　p  x\r\n  汉典：http://xhup.club/?cv\r\n\r\n  更多功能，请回复「？帮助」","message_id":2139,"message_type":"group","post_type":"message","raw_message":"繁：　fjpx popx\r\n  拆分：　ノ 一 母 攵 幺 小\r\n  首末：　ノ 小\r\n  编码：　p  x\r\n  汉典：http://xhup.club/?cv\r\n\r\n  更多功能，请回复「？帮助」","self_id":2997400528,"sender":{"age":1,"area":"","card":"拆小鹤","level":"小白","nickname":"拆小鹤","role":"member","sex":"female","title":"","user_id":428826691},"sub_type":"normal","time":1557474668,"user_id":428826691}
[19-05-10 15:51:17] [PicqBotX] [DEBUG(java.lang.Thread.run:748)] 收到新请求: CQHttp/4.8.0
[19-05-10 15:51:17] [PicqBotX] [DEBUG(java.lang.Thread.run:748)] - 数据: {"anonymous":null,"font":8390432,"group_id":556981260,"message":"佛系三连？？？？是打字的招数吗？","message_id":2140,"message_type":"group","post_type":"message","raw_message":"佛系三连？？？？是打字的招数吗？","self_id":2997400528,"sender":{"age":0,"area":"","card":"行云-手心输入法双拼","level":"死飞单车","nickname":" 行云","role":"member","sex":"unknown","title":"","user_id":12149065},"sub_type":"normal","time":1557474677,"user_id":12149065}
[19-05-10 15:52:26] [PicqBotX] [DEBUG(java.lang.Thread.run:748)] 收到新请求: CQHttp/4.8.0
[19-05-10 15:52:26] [PicqBotX] [DEBUG(java.lang.Thread.run:748)] - 数据: {"font":8390432,"message":"!今日消费记录","message_id":2141,"message_type":"private","post_type":"message","raw_message":"!今日消费记录","self_id":2997400528,"sender":{"age":8,"nickname":"0 4 . 2 2","sex":"male","user_id":1061917196},"sub_type":"friend","time":1557474746,"user_id":1061917196}
[19-05-10 15:52:33] [PicqBotX] [DEBUG(java.lang.Thread.run:748)] 收到新请求: CQHttp/4.8.0
[19-05-10 15:52:33] [PicqBotX] [DEBUG(java.lang.Thread.run:748)] - 数据: {"anonymous":null,"font":8389952,"group_id":723795668,"message":"？孑","message_id":2142,"message_type":"group","post_type":"message","raw_message":"？孑","self_id":2997400528,"sender":{"age":22,"area":"佛山","card":"夕沐","level":"中级","nickname":"夕夕夕沐丶","role":"member","sex":"male","title":"","user_id":1124885547},"sub_type":"normal","time":1557474753,"user_id":1124885547}
[19-05-10 15:52:33] [PicqBotX] [DEBUG(java.lang.Thread.run:748)] 收到新请求: CQHttp/4.8.0
[19-05-10 15:52:33] [PicqBotX] [DEBUG(java.lang.Thread.run:748)] - 数据: {"anonymous":null,"font":8389920,"group_id":723795668,"message":"孑：　jpv jpva\r\n  拆分：　フ 丨 一\r\n  首末：　フ 一\r\n  编码：　v  a\r\n  汉典：http://xhup.club/?MF\r\n\r\n  更多功能，请回复「？帮助」","message_id":2143,"message_type":"group","post_type":"message","raw_message":"孑：　jpv jpva\r\n  拆分：　フ 丨 一\r\n  首末：　フ 一\r\n  编码：　v  a\r\n  汉典：http://xhup.club/?MF\r\n\r\n  更多功能，请回复「？帮助」","self_id":2997400528,"sender":{"age":1,"area":"","card":"群帅","level":"小白","nickname":"拆小鹤","role":"member","sex":"female","title":"","user_id":428826691},"sub_type":"normal","time":1557474753,"user_id":428826691}
[19-05-10 15:52:42] [PicqBotX] [DEBUG(java.lang.Thread.run:748)] 收到新请求: CQHttp/4.8.0
[19-05-10 15:52:42] [PicqBotX] [DEBUG(java.lang.Thread.run:748)] - 数据: {"font":8390336,"message":"!当日消费记录","message_id":2144,"message_type":"private","post_type":"message","raw_message":"!当日消费记录","self_id":2997400528,"sender":{"age":8,"nickname":"0 4 . 2 2","sex":"male","user_id":1061917196},"sub_type":"friend","time":1557474762,"user_id":1061917196}
[19-05-10 15:53:50] [PicqBotX] [DEBUG(java.lang.Thread.run:748)] 收到新请求: CQHttp/4.8.0
[19-05-10 15:53:50] [PicqBotX] [DEBUG(java.lang.Thread.run:748)] - 数据: {"anonymous":null,"font":8389856,"group_id":556981260,"message":"[CQ:at,qq=12149065] 不是招数，是内功心法","message_id":2146,"message_type":"group","post_type":"message","raw_message":"[CQ:at,qq=12149065] 不是招数，是内功心法","self_id":2997400528,"sender":{"age":104,"area":"西安","card":"天南星-蒼頡","level":"死飞单车","nickname":"天南星","role":"member","sex":"male","title":"","user_id":695431469},"sub_type":"normal","time":1557474830,"user_id":695431469}
[19-05-10 15:54:06] [PicqBotX] [DEBUG(java.lang.Thread.run:748)] 收到新请求: CQHttp/4.8.0
[19-05-10 15:54:06] [PicqBotX] [DEBUG(java.lang.Thread.run:748)] - 数据: {"anonymous":null,"font":8390048,"group_id":556981260,"message":"[CQ:at,qq=695431469] 今天文章看的就难","message_id":2147,"message_type":"group","post_type":"message","raw_message":"[CQ:at,qq=695431469] 今天文章看的就难","self_id":2997400528,"sender":{"age":0,"area":"上海","card":"池鱼-亚伟","level":"小蹦哒","nickname":"池鱼","role":"member","sex":"female","title":"","user_id":1957992261},"sub_type":"normal","time":1557474846,"user_id":1957992261}
[19-05-10 15:54:09] [PicqBotX] [DEBUG(java.lang.Thread.run:748)] 收到新请求: CQHttp/4.8.0
[19-05-10 15:54:09] [PicqBotX] [DEBUG(java.lang.Thread.run:748)] - 数据: {"anonymous":null,"font":8390464,"group_id":556981260,"message":"[CQ:image,file=36B00A79341797CC6BD32FB2403396F4.jpg,url=https://gchat.qpic.cn/gchatpic_new/1957992261/556981260-2330604258-36B00A79341797CC6BD32FB2403396F4/0?vuin=2997400528&amp;term=2]","message_id":2148,"message_type":"group","post_type":"message","raw_message":"[CQ:image,file=36B00A79341797CC6BD32FB2403396F4.jpg]","self_id":2997400528,"sender":{"age":0,"area":"上海","card":"池鱼-亚伟","level":"小蹦哒","nickname":"池鱼","role":"member","sex":"female","title":"","user_id":1957992261},"sub_type":"normal","time":1557474849,"user_id":1957992261}
[19-05-10 15:54:13] [PicqBotX] [DEBUG(java.lang.Thread.run:748)] 收到新请求: CQHttp/4.8.0
[19-05-10 15:54:13] [PicqBotX] [DEBUG(java.lang.Thread.run:748)] - 数据: {"anonymous":null,"font":8390496,"group_id":556981260,"message":"我去打一下","message_id":2149,"message_type":"group","post_type":"message","raw_message":"我去打一下","self_id":2997400528,"sender":{"age":0,"area":"上海","card":"池鱼-亚伟","level":"小蹦哒","nickname":"池鱼","role":"member","sex":"female","title":"","user_id":1957992261},"sub_type":"normal","time":1557474853,"user_id":1957992261}
[19-05-10 15:54:15] [PicqBotX] [DEBUG(java.lang.Thread.run:748)] 收到新请求: CQHttp/4.8.0
[19-05-10 15:54:15] [PicqBotX] [DEBUG(java.lang.Thread.run:748)] - 数据: {"anonymous":null,"font":8390144,"group_id":556981260,"message":"[CQ:image,file=36B00A79341797CC6BD32FB2403396F4.jpg,url=https://gchat.qpic.cn/gchatpic_new/1957992261/556981260-2330604258-36B00A79341797CC6BD32FB2403396F4/0?vuin=2997400528&amp;term=2]","message_id":2150,"message_type":"group","post_type":"message","raw_message":"[CQ:image,file=36B00A79341797CC6BD32FB2403396F4.jpg]","self_id":2997400528,"sender":{"age":0,"area":"上海","card":"池鱼-亚伟","level":"小蹦哒","nickname":"池鱼","role":"member","sex":"female","title":"","user_id":1957992261},"sub_type":"normal","time":1557474855,"user_id":1957992261}
[19-05-10 15:55:05] [PicqBotX] [DEBUG(java.lang.Thread.run:748)] 收到新请求: CQHttp/4.8.0
[19-05-10 15:55:05] [PicqBotX] [DEBUG(java.lang.Thread.run:748)] - 数据: {"anonymous":null,"font":8389856,"group_id":723795668,"message":"有没有用鼠须管外挂的大佬，新人联系双形有点摸不着头脑","message_id":2151,"message_type":"group","post_type":"message","raw_message":"有没有用鼠须管外挂的大佬，新人联系双形有点摸不着头脑","self_id":2997400528,"sender":{"age":0,"area":"","card":"","level":"特级大师","nickname":"hzqqy","role":"member","sex":"unknown","title":"","user_id":995122122},"sub_type":"normal","time":1557474905,"user_id":995122122}
[19-05-10 15:55:12] [PicqBotX] [DEBUG(java.lang.Thread.run:748)] 收到新请求: CQHttp/4.8.0
[19-05-10 15:55:12] [PicqBotX] [DEBUG(java.lang.Thread.run:748)] - 数据: {"anonymous":null,"font":8390208,"group_id":556981260,"message":"这几天的文章都不难","message_id":2152,"message_type":"group","post_type":"message","raw_message":"这几天的文章都不难","self_id":2997400528,"sender":{"age":0,"area":"","card":"行云-手心输入法双拼","level":"死飞单车","nickname":" 行云","role":"member","sex":"unknown","title":"","user_id":12149065},"sub_type":"normal","time":1557474912,"user_id":12149065}
[19-05-10 15:55:21] [PicqBotX] [DEBUG(java.lang.Thread.run:748)] 收到新请求: CQHttp/4.8.0
[19-05-10 15:55:21] [PicqBotX] [DEBUG(java.lang.Thread.run:748)] - 数据: {"anonymous":null,"font":8389984,"group_id":556981260,"message":"难","message_id":2153,"message_type":"group","post_type":"message","raw_message":"难","self_id":2997400528,"sender":{"age":0,"area":"上海","card":"池鱼-亚伟","level":"小蹦哒","nickname":"池鱼","role":"member","sex":"female","title":"","user_id":1957992261},"sub_type":"normal","time":1557474921,"user_id":1957992261}
[19-05-10 15:55:45] [PicqBotX] [DEBUG(java.lang.Thread.run:748)] 收到新请求: CQHttp/4.8.0
