[19-05-12 16:20:14] [PicqBotX] [INFO] 
[19-05-12 16:20:14] [PicqBotX] [INFO]     ____  _            ____        __ _  __
[19-05-12 16:20:14] [PicqBotX] [INFO]    / __ \(_)________ _/ __ )____  / /| |/ /
[19-05-12 16:20:14] [PicqBotX] [INFO]   / /_/ / / ___/ __ `/ __  / __ \/ __/   /
[19-05-12 16:20:14] [PicqBotX] [INFO]  / ____/ / /__/ /_/ / /_/ / /_/ / /_/   |
[19-05-12 16:20:14] [PicqBotX] [INFO] /_/   /_/\___/\__, /_____/\____/\__/_/|_|
[19-05-12 16:20:14] [PicqBotX] [INFO]                 /_/         v3.2.2.896
[19-05-12 16:20:14] [PicqBotX] [INFO] 日志管理器     初始化完成 [******] ...(32.53 ms)
[19-05-12 16:20:14] [PicqBotX] [INFO] 缓存管理器     初始化完成 [******] ...(2.48 ms)
[19-05-12 16:20:14] [PicqBotX] [INFO] DEBUG设置     初始化完成 [******] ...(0.01 ms)
[19-05-12 16:20:14] [PicqBotX] [INFO] 事件管理器     初始化完成 [******] ...(30.26 ms)
[19-05-12 16:20:14] [PicqBotX] [INFO] 账号管理器     初始化完成 [******] ...(1.04 ms)
[19-05-12 16:20:14] [PicqBotX] [INFO] HTTP监听服务器 初始化完成 [******] ...(1.68 ms)
[19-05-12 16:20:15] [PicqBotX] [INFO] 指令管理器     初始化完成 [******] ...(2.32 ms)
[19-05-12 16:20:15] [PicqBotX] [WARNING] 账号 Bot01: 版本正确, 不过用酷Q Pro的话效果更好哦!
[19-05-12 16:20:15] [PicqBotX] [INFO] 账号 Bot01:   版本验证完成!
[19-05-12 16:20:15] [PicqBotX] [INFO] 正在启动...
[19-05-12 16:20:20] [PicqBotX] [DEBUG(java.lang.Thread.run:748)] 收到新请求: CQHttp/4.8.0
[19-05-12 16:20:20] [PicqBotX] [DEBUG(java.lang.Thread.run:748)] - 数据: {"font":7918656,"message":"赛文 2019-5-12","message_id":5477,"message_type":"private","post_type":"message","raw_message":"赛文 2019-5-12","self_id":2997400528,"sender":{"age":8,"nickname":"0 4 . 2 2","sex":"male","user_id":1061917196},"sub_type":"friend","time":1557649220,"user_id":1061917196}
[19-05-12 16:20:56] [PicqBotX] [DEBUG(java.lang.Thread.run:748)] 收到新请求: CQHttp/4.8.0
[19-05-12 16:20:56] [PicqBotX] [DEBUG(java.lang.Thread.run:748)] - 数据: {"anonymous":null,"font":7918560,"group_id":522394334,"message":"第999段 速度67.94 击键2.63 码长2.32 标顶理论2.08 文章难度69.15 字数425 回改15 退格26 错字0 键数987 选重29 键准91.53% 键法96.52%(左388:右402:空格148) 打词率58.64% 选重率6.82% 拖拉机跟打器 版本1.700 Windows 7版  校验PW@\\X","message_id":5480,"message_type":"group","post_type":"message","raw_message":"第999段 速度67.94 击键2.63 码长2.32 标顶理论2.08 文章难度69.15 字数425 回改15 退格26 错字0 键数987 选重29 键准91.53% 键法96.52%(左388:右402:空格148) 打词率58.64% 选重率6.82% 拖拉机跟打器 版本1.700 Windows 7版  校验PW@\\X","self_id":2997400528,"sender":{"age":0,"area":"","card":"勿念-小鹤音形","level":"了解群图书馆","nickname":"子雨","role":"member","sex":"male","title":"","user_id":270610577},"sub_type":"normal","time":1557649256,"user_id":270610577}
[19-05-12 16:21:07] [PicqBotX] [DEBUG(java.lang.Thread.run:748)] 收到新请求: CQHttp/4.8.0
[19-05-12 16:21:07] [PicqBotX] [DEBUG(java.lang.Thread.run:748)] - 数据: {"anonymous":null,"font":7918592,"group_id":522394334,"message":"赛文 2019-5-12","message_id":5481,"message_type":"group","post_type":"message","raw_message":"赛文 2019-5-12","self_id":2997400528,"sender":{"age":8,"area":"广州","card":"谭宇-养生式跟打","level":"入门","nickname":"0 4 . 2 2","role":"admin","sex":"male","title":"","user_id":1061917196},"sub_type":"normal","time":1557649267,"user_id":1061917196}
[19-05-12 16:21:08] [PicqBotX] [DEBUG(java.lang.Thread.run:748)] 收到新请求: CQHttp/4.8.0
[19-05-12 16:21:08] [PicqBotX] [DEBUG(java.lang.Thread.run:748)] - 数据: {"anonymous":null,"font":7918784,"group_id":522394334,"message":"2019-05-12拖拉机赛文-随机生成\r\n小时候我妈不让我看电视。那时候她的策略是把插头拔下来然后上班走人。然后教育我说那个东西有电，不能碰，碰一下就死。等她上班走了，我总是一声冷笑插上插头，各种欢乐。后来我妈把遥控器藏在装袜子的抽屉里。切！果断掏出来。等她回来的时候赶紧塞回去。后来我妈发现遥控器的位置不对，又换了地方，依然阻止不了我找遥控器的心。后来我妈发现音量的数字不对，果断把遥控器塞包里背到单位，晚上再背回来。估计是几次想掏手机都掏出了遥控器自觉丢人，于是每次都假装塞到了包里，等我不注意的时候再塞到我家一个大花瓶里。再后来我妈回家第一件事就是去摸电视屏幕。我知道电视屏幕是会带静电的，于是每次听见我妈开门我都会手舞足蹈去擦电视屏幕，时常把我电得无比雀跃。再后来我妈上班之前把有电视的房间都锁起来。一个很意外的机会，我在洗衣机里找到了钥匙。再后来，我妈去电视局彻底断掉了我家的有线。⋯⋯再后来我就上大学了。每次假期在家我妈总念叨：别总窝在书房上网了，赶紧出来陪我们看会电视吧……\r\n-----第0段-共423字","message_id":5483,"message_type":"group","post_type":"message","raw_message":"2019-05-12拖拉机赛文-随机生成\r\n小时候我妈不让我看电视。那时候她的策略是把插头拔下来然后上班走人。然后教育我说那个东西有电，不能碰，碰一下就死。等她上班走了，我总是一声冷笑插上插头，各种欢乐。后来我妈把遥控器藏在装袜子的抽屉里。切！果断掏出来。等她回来的时候赶紧塞回去。后来我妈发现遥控器的位置不对，又换了地方，依然阻止不了我找遥控器的心。后来我妈发现音量的数字不对，果断把遥控器塞包里背到单位，晚上再背回来。估计是几次想掏手机都掏出了遥控器自觉丢人，于是每次都假装塞到了包里，等我不注意的时候再塞到我家一个大花瓶里。再后来我妈回家第一件事就是去摸电视屏幕。我知道电视屏幕是会带静电的，于是每次听见我妈开门我都会手舞足蹈去擦电视屏幕，时常把我电得无比雀跃。再后来我妈上班之前把有电视的房间都锁起来。一个很意外的机会，我在洗衣机里找到了钥匙。再后来，我妈去电视局彻底断掉了我家的有线。⋯⋯再后来我就上大学了。每次假期在家我妈总念叨：别总窝在书房上网了，赶紧出来陪我们看会电视吧……\r\n-----第0段-共423字","self_id":2997400528,"sender":{"age":22,"area":"广州","card":"鹤-小鹤单字","level":"了解群图文件","nickname":"鹤","role":"member","sex":"female","title":"","user_id":1061917110},"sub_type":"normal","time":1557649268,"user_id":1061917110}
[19-05-12 16:21:19] [PicqBotX] [DEBUG(java.lang.Thread.run:748)] 收到新请求: CQHttp/4.8.0
[19-05-12 16:21:19] [PicqBotX] [DEBUG(java.lang.Thread.run:748)] - 数据: {"font":7918368,"message":"赛文 2019-5-12","message_id":5484,"message_type":"private","post_type":"message","raw_message":"赛文 2019-5-12","self_id":2997400528,"sender":{"age":8,"nickname":"0 4 . 2 2","sex":"male","user_id":1061917196},"sub_type":"friend","time":1557649279,"user_id":1061917196}
[19-05-12 16:21:55] [PicqBotX] [DEBUG(java.lang.Thread.run:748)] 收到新请求: CQHttp/4.8.0
[19-05-12 16:21:55] [PicqBotX] [DEBUG(java.lang.Thread.run:748)] - 数据: {"anonymous":null,"font":7918528,"group_id":522394334,"message":"赛文 2019-5-12","message_id":5487,"message_type":"group","post_type":"message","raw_message":"赛文 2019-5-12","self_id":2997400528,"sender":{"age":8,"area":"广州","card":"谭宇-养生式跟打","level":"入门","nickname":"0 4 . 2 2","role":"admin","sex":"male","title":"","user_id":1061917196},"sub_type":"normal","time":1557649315,"user_id":1061917196}
[19-05-12 16:21:55] [PicqBotX] [DEBUG(java.lang.Thread.run:748)] 收到新请求: CQHttp/4.8.0
[19-05-12 16:21:55] [PicqBotX] [DEBUG(java.lang.Thread.run:748)] - 数据: {"anonymous":null,"font":7917984,"group_id":522394334,"message":"[CQ:at,qq=1061917196]\r\n不能获取今日赛文","message_id":5489,"message_type":"group","post_type":"message","raw_message":"[CQ:at,qq=1061917196]\r\n不能获取今日赛文","self_id":2997400528,"sender":{"age":22,"area":"广州","card":"鹤-小鹤单字","level":"了解群图文件","nickname":"鹤","role":"member","sex":"female","title":"","user_id":1061917110},"sub_type":"normal","time":1557649315,"user_id":1061917110}
[19-05-12 16:22:00] [PicqBotX] [DEBUG(java.lang.Thread.run:748)] 收到新请求: CQHttp/4.8.0
