[19-05-18 17:24:28] [PicqBotX] [INFO] 
[19-05-18 17:24:28] [PicqBotX] [INFO]     ____  _            ____        __ _  __
[19-05-18 17:24:28] [PicqBotX] [INFO]    / __ \(_)________ _/ __ )____  / /| |/ /
[19-05-18 17:24:28] [PicqBotX] [INFO]   / /_/ / / ___/ __ `/ __  / __ \/ __/   /
[19-05-18 17:24:28] [PicqBotX] [INFO]  / ____/ / /__/ /_/ / /_/ / /_/ / /_/   |
[19-05-18 17:24:28] [PicqBotX] [INFO] /_/   /_/\___/\__, /_____/\____/\__/_/|_|
[19-05-18 17:24:28] [PicqBotX] [INFO]                 /_/         v3.2.2.896
[19-05-18 17:24:28] [PicqBotX] [INFO] 日志管理器     初始化完成 [******] ...(32.57 ms)
[19-05-18 17:24:28] [PicqBotX] [INFO] 缓存管理器     初始化完成 [******] ...(1.71 ms)
[19-05-18 17:24:28] [PicqBotX] [INFO] DEBUG设置     初始化完成 [******] ...(0.01 ms)
[19-05-18 17:24:28] [PicqBotX] [INFO] 事件管理器     初始化完成 [******] ...(34.06 ms)
[19-05-18 17:24:28] [PicqBotX] [INFO] 账号管理器     初始化完成 [******] ...(1.0 ms)
[19-05-18 17:24:28] [PicqBotX] [INFO] HTTP监听服务器 初始化完成 [******] ...(1.42 ms)
[19-05-18 17:24:28] [PicqBotX] [INFO] 指令管理器     初始化完成 [******] ...(2.68 ms)
[19-05-18 17:24:29] [PicqBotX] [WARNING] 账号 Bot01: 版本正确, 不过用酷Q Pro的话效果更好哦!
[19-05-18 17:24:29] [PicqBotX] [INFO] 账号 Bot01:   版本验证完成!
[19-05-18 17:24:29] [PicqBotX] [INFO] 正在启动...
[19-05-18 17:24:31] [PicqBotX] [DEBUG(java.lang.Thread.run:748)] 收到新请求: CQHttp/4.8.0
[19-05-18 17:24:31] [PicqBotX] [DEBUG(java.lang.Thread.run:748)] - 数据: {"anonymous":null,"font":8470992,"group_id":522394334,"message":"成绩 谭宇 晴天 2019-5-18","message_id":18410,"message_type":"group","post_type":"message","raw_message":"成绩 谭宇 晴天 2019-5-18","self_id":2997400528,"sender":{"age":8,"area":"广州","card":"谭宇-养生式跟打","level":"入门","nickname":"0 4 . 2 2","role":"admin","sex":"male","title":"","user_id":1061917196},"sub_type":"normal","time":1558171471,"user_id":1061917196}
[19-05-18 17:24:35] [PicqBotX] [DEBUG(java.lang.Thread.run:748)] 收到新请求: CQHttp/4.8.0
[19-05-18 17:24:35] [PicqBotX] [DEBUG(java.lang.Thread.run:748)] - 数据: {"anonymous":null,"font":8470416,"group_id":522394334,"message":"声 声 首字首形","message_id":18412,"message_type":"group","post_type":"message","raw_message":"声 声 首字首形","self_id":2997400528,"sender":{"age":0,"area":"","card":"青铜・Qtss","level":"了解群图书馆","nickname":"青 铜","role":"member","sex":"unknown","title":"","user_id":949402006},"sub_type":"normal","time":1558171475,"user_id":949402006}
[19-05-18 17:24:39] [PicqBotX] [DEBUG(java.lang.Thread.run:748)] 收到新请求: CQHttp/4.8.0
[19-05-18 17:24:39] [PicqBotX] [DEBUG(java.lang.Thread.run:748)] - 数据: {"anonymous":null,"font":8470992,"group_id":522394334,"message":"成绩 谭宇 晴 2019-5-18","message_id":18413,"message_type":"group","post_type":"message","raw_message":"成绩 谭宇 晴 2019-5-18","self_id":2997400528,"sender":{"age":8,"area":"广州","card":"谭宇-养生式跟打","level":"入门","nickname":"0 4 . 2 2","role":"admin","sex":"male","title":"","user_id":1061917196},"sub_type":"normal","time":1558171479,"user_id":1061917196}
[19-05-18 17:24:43] [PicqBotX] [DEBUG(java.lang.Thread.run:748)] 收到新请求: CQHttp/4.8.0
