[19-05-16 21:26:04] [PicqBotX] [INFO] 
[19-05-16 21:26:04] [PicqBotX] [INFO]     ____  _            ____        __ _  __
[19-05-16 21:26:04] [PicqBotX] [INFO]    / __ \(_)________ _/ __ )____  / /| |/ /
[19-05-16 21:26:04] [PicqBotX] [INFO]   / /_/ / / ___/ __ `/ __  / __ \/ __/   /
[19-05-16 21:26:04] [PicqBotX] [INFO]  / ____/ / /__/ /_/ / /_/ / /_/ / /_/   |
[19-05-16 21:26:04] [PicqBotX] [INFO] /_/   /_/\___/\__, /_____/\____/\__/_/|_|
[19-05-16 21:26:04] [PicqBotX] [INFO]                 /_/         v3.2.2.896
[19-05-16 21:26:04] [PicqBotX] [INFO] 日志管理器     初始化完成 [******] ...(32.5 ms)
[19-05-16 21:26:04] [PicqBotX] [INFO] 缓存管理器     初始化完成 [******] ...(2.27 ms)
[19-05-16 21:26:04] [PicqBotX] [INFO] DEBUG设置     初始化完成 [******] ...(0.01 ms)
[19-05-16 21:26:04] [PicqBotX] [INFO] 事件管理器     初始化完成 [******] ...(35.25 ms)
[19-05-16 21:26:04] [PicqBotX] [INFO] 账号管理器     初始化完成 [******] ...(1.08 ms)
[19-05-16 21:26:04] [PicqBotX] [INFO] HTTP监听服务器 初始化完成 [******] ...(2.14 ms)
[19-05-16 21:26:04] [PicqBotX] [INFO] 指令管理器     初始化完成 [******] ...(2.36 ms)
[19-05-16 21:26:04] [PicqBotX] [WARNING] 账号 Bot01: 版本正确, 不过用酷Q Pro的话效果更好哦!
[19-05-16 21:26:04] [PicqBotX] [INFO] 账号 Bot01:   版本验证完成!
[19-05-16 21:26:04] [PicqBotX] [INFO] 正在启动...
[19-05-16 21:26:11] [PicqBotX] [DEBUG(java.lang.Thread.run:748)] 收到新请求: CQHttp/4.8.0
[19-05-16 21:26:11] [PicqBotX] [DEBUG(java.lang.Thread.run:748)] - 数据: {"anonymous":null,"font":43738856,"group_id":522394334,"message":"#随机战场 100 10 5","message_id":13430,"message_type":"group","post_type":"message","raw_message":"#随机战场 100 10 5","self_id":2997400528,"sender":{"age":8,"area":"广州","card":"谭宇-养生式跟打","level":"入门","nickname":"0 4 . 2 2","role":"admin","sex":"male","title":"","user_id":1061917196},"sub_type":"normal","time":1558013171,"user_id":1061917196}
[19-05-16 21:26:13] [PicqBotX] [DEBUG(java.lang.Thread.run:748)] 收到新请求: CQHttp/4.8.0
[19-05-16 21:26:13] [PicqBotX] [DEBUG(java.lang.Thread.run:748)] - 数据: {"anonymous":null,"font":43738760,"group_id":522394334,"message":"#加入战场","message_id":13432,"message_type":"group","post_type":"message","raw_message":"#加入战场","self_id":2997400528,"sender":{"age":8,"area":"广州","card":"谭宇-养生式跟打","level":"入门","nickname":"0 4 . 2 2","role":"admin","sex":"male","title":"","user_id":1061917196},"sub_type":"normal","time":1558013173,"user_id":1061917196}
[19-05-16 21:26:16] [PicqBotX] [DEBUG(java.lang.Thread.run:748)] 收到新请求: CQHttp/4.8.0
[19-05-16 21:26:16] [PicqBotX] [DEBUG(java.lang.Thread.run:748)] - 数据: {"anonymous":null,"font":43738568,"group_id":522394334,"message":"#战场启动","message_id":13434,"message_type":"group","post_type":"message","raw_message":"#战场启动","self_id":2997400528,"sender":{"age":8,"area":"广州","card":"谭宇-养生式跟打","level":"入门","nickname":"0 4 . 2 2","role":"admin","sex":"male","title":"","user_id":1061917196},"sub_type":"normal","time":1558013176,"user_id":1061917196}
[19-05-16 21:26:21] [PicqBotX] [DEBUG(java.lang.Thread.run:748)] 收到新请求: CQHttp/4.8.0
