[19-05-14 22:12:28] [PicqBotX] [INFO] 
[19-05-14 22:12:28] [PicqBotX] [INFO]     ____  _            ____        __ _  __
[19-05-14 22:12:28] [PicqBotX] [INFO]    / __ \(_)________ _/ __ )____  / /| |/ /
[19-05-14 22:12:28] [PicqBotX] [INFO]   / /_/ / / ___/ __ `/ __  / __ \/ __/   /
[19-05-14 22:12:28] [PicqBotX] [INFO]  / ____/ / /__/ /_/ / /_/ / /_/ / /_/   |
[19-05-14 22:12:28] [PicqBotX] [INFO] /_/   /_/\___/\__, /_____/\____/\__/_/|_|
[19-05-14 22:12:28] [PicqBotX] [INFO]                 /_/         v3.2.2.896
[19-05-14 22:12:28] [PicqBotX] [INFO] 日志管理器     初始化完成 [******] ...(29.8 ms)
[19-05-14 22:12:28] [PicqBotX] [INFO] 缓存管理器     初始化完成 [******] ...(2.09 ms)
[19-05-14 22:12:28] [PicqBotX] [INFO] DEBUG设置     初始化完成 [******] ...(0.01 ms)
[19-05-14 22:12:28] [PicqBotX] [INFO] 事件管理器     初始化完成 [******] ...(27.9 ms)
[19-05-14 22:12:28] [PicqBotX] [INFO] 账号管理器     初始化完成 [******] ...(1.09 ms)
[19-05-14 22:12:28] [PicqBotX] [INFO] HTTP监听服务器 初始化完成 [******] ...(1.92 ms)
[19-05-14 22:12:29] [PicqBotX] [INFO] 指令管理器     初始化完成 [******] ...(2.03 ms)
[19-05-14 22:12:29] [PicqBotX] [WARNING] 账号 Bot01: 版本正确, 不过用酷Q Pro的话效果更好哦!
[19-05-14 22:12:29] [PicqBotX] [INFO] 账号 Bot01:   版本验证完成!
[19-05-14 22:12:29] [PicqBotX] [INFO] 正在启动...
[19-05-14 22:12:29] [PicqBotX] [DEBUG(java.lang.Thread.run:748)] 收到新请求: CQHttp/4.8.0
[19-05-14 22:12:29] [PicqBotX] [DEBUG(java.lang.Thread.run:748)] - 数据: {"font":6235456,"message":"。。","message_id":10391,"message_type":"private","post_type":"message","raw_message":"。。","self_id":2997400528,"sender":{"age":8,"nickname":"0 4 . 2 2","sex":"male","user_id":1061917196},"sub_type":"friend","time":1557843149,"user_id":1061917196}
[19-05-14 22:13:00] [PicqBotX] [DEBUG(java.lang.Thread.run:748)] 收到新请求: CQHttp/4.8.0
[19-05-14 22:13:00] [PicqBotX] [DEBUG(java.lang.Thread.run:748)] - 数据: {"anonymous":null,"font":6235456,"group_id":522394334,"message":"。","message_id":10393,"message_type":"group","post_type":"message","raw_message":"。","self_id":2997400528,"sender":{"age":8,"area":"广州","card":"谭宇-养生式跟打","level":"入门","nickname":"0 4 . 2 2","role":"admin","sex":"male","title":"","user_id":1061917196},"sub_type":"normal","time":1557843180,"user_id":1061917196}
[19-05-14 22:13:22] [PicqBotX] [DEBUG(java.lang.Thread.run:748)] 收到新请求: CQHttp/4.8.0
[19-05-14 22:13:22] [PicqBotX] [DEBUG(java.lang.Thread.run:748)] - 数据: {"anonymous":null,"font":6235776,"group_id":556981260,"message":"第999段 速度88.95 击键4.32 码长2.92 回改54 错字0 键数1444 退格41 键准90.51% 字数495 &#91;各口角&#93;18.94s 打词151(70.91%/4.33) &#91;行&#93;2次 起步172.86/6.84/2.38 重打1次(495字) 波动5.33 键法40.96%(左557:803) 评分：[CQ:image,file=C5A44B215B7900307014D0B847C8A7A6.png,url=https://gchat.qpic.cn/gchatpic_new/12149065/556981260-2151746756-C5A44B215B7900307014D0B847C8A7A6/0?vuin=2997400528&amp;term=2]  输入法：手心 起打于22:07:49 y16","message_id":10394,"message_type":"group","post_type":"message","raw_message":"第999段 速度88.95 击键4.32 码长2.92 回改54 错字0 键数1444 退格41 键准90.51% 字数495 &#91;各口角&#93;18.94s 打词151(70.91%/4.33) &#91;行&#93;2次 起步172.86/6.84/2.38 重打1次(495字) 波动5.33 键法40.96%(左557:803) 评分：[CQ:image,file=C5A44B215B7900307014D0B847C8A7A6.png]  输入法：手心 起打于22:07:49 y16","self_id":2997400528,"sender":{"age":0,"area":"","card":"行云-手心输入法双拼","level":"死飞单车","nickname":" 行云","role":"member","sex":"unknown","title":"","user_id":12149065},"sub_type":"normal","time":1557843202,"user_id":12149065}
[19-05-14 22:13:33] [PicqBotX] [DEBUG(java.lang.Thread.run:748)] 收到新请求: CQHttp/4.8.0
[19-05-14 22:13:33] [PicqBotX] [DEBUG(java.lang.Thread.run:748)] - 数据: {"anonymous":null,"font":6235712,"group_id":556981260,"message":"#成绩","message_id":10396,"message_type":"group","post_type":"message","raw_message":"#成绩","self_id":2997400528,"sender":{"age":0,"area":"","card":"行云-手心输入法双拼","level":"死飞单车","nickname":" 行云","role":"member","sex":"unknown","title":"","user_id":12149065},"sub_type":"normal","time":1557843213,"user_id":12149065}
[19-05-14 22:13:37] [PicqBotX] [DEBUG(java.lang.Thread.run:748)] 收到新请求: CQHttp/4.8.0
[19-05-14 22:13:37] [PicqBotX] [DEBUG(java.lang.Thread.run:748)] - 数据: {"anonymous":null,"font":6235968,"group_id":556981260,"message":"[CQ:image,file=970964E56ECFECDA677F2C386547C709.png,url=https://gchat.qpic.cn/gchatpic_new/207938707/556981260-2774895893-970964E56ECFECDA677F2C386547C709/0?vuin=2997400528&amp;term=2]","message_id":10397,"message_type":"group","post_type":"message","raw_message":"[CQ:image,file=970964E56ECFECDA677F2C386547C709.png]","self_id":2997400528,"sender":{"age":6,"area":"北京","card":"","level":"波音747","nickname":"小拆","role":"admin","sex":"female","title":"","user_id":207938707},"sub_type":"normal","time":1557843217,"user_id":207938707}
[19-05-14 22:14:15] [PicqBotX] [DEBUG(java.lang.Thread.run:748)] 收到新请求: CQHttp/4.8.0
[19-05-14 22:14:15] [PicqBotX] [DEBUG(java.lang.Thread.run:748)] - 数据: {"anonymous":null,"font":6235424,"group_id":522394334,"message":"[CQ:face,id=39]开始减肥了。刚刚称了，比上个月重了快7斤","message_id":10398,"message_type":"group","post_type":"message","raw_message":"[CQ:face,id=39]开始减肥了。刚刚称了，比上个月重了快7斤","self_id":2997400528,"sender":{"age":33,"area":"","card":"国家一级保护废物苏明智-86五笔","level":"中级","nickname":"苏苏","role":"member","sex":"female","title":"","user_id":847628427},"sub_type":"normal","time":1557843255,"user_id":847628427}
[19-05-14 22:14:33] [PicqBotX] [DEBUG(java.lang.Thread.run:748)] 收到新请求: CQHttp/4.8.0
[19-05-14 22:14:33] [PicqBotX] [DEBUG(java.lang.Thread.run:748)] - 数据: {"anonymous":null,"font":6235776,"group_id":522394334,"message":"查 谭宇","message_id":10399,"message_type":"group","post_type":"message","raw_message":"查 谭宇","self_id":2997400528,"sender":{"age":8,"area":"广州","card":"谭宇-养生式跟打","level":"入门","nickname":"0 4 . 2 2","role":"admin","sex":"male","title":"","user_id":1061917196},"sub_type":"normal","time":1557843273,"user_id":1061917196}
[19-05-14 22:14:33] [PicqBotX] [DEBUG(java.lang.Thread.run:748)] 收到新请求: CQHttp/4.8.0
[19-05-14 22:14:33] [PicqBotX] [DEBUG(java.lang.Thread.run:748)] - 数据: {"anonymous":null,"font":6236576,"group_id":522394334,"message":"[CQ:at,qq=1061917196]\r\n用户名：谭宇\r\n字数情况：总：1129660 对：1061505 错：68155 今日：4770\r\n赛文情况：累计跟打607次 平均成绩：217.0 排名：4\r\n在线状态：在线","message_id":10400,"message_type":"group","post_type":"message","raw_message":"[CQ:at,qq=1061917196]\r\n用户名：谭宇\r\n字数情况：总：1129660 对：1061505 错：68155 今日：4770\r\n赛文情况：累计跟打607次 平均成绩：217.0 排名：4\r\n在线状态：在线","self_id":2997400528,"sender":{"age":22,"area":"广州","card":"拖拉机人工智障","level":"了解群图文件","nickname":"鹤","role":"member","sex":"female","title":"","user_id":1061917110},"sub_type":"normal","time":1557843273,"user_id":1061917110}
[19-05-14 22:15:45] [PicqBotX] [DEBUG(java.lang.Thread.run:748)] 收到新请求: CQHttp/4.8.0
[19-05-14 22:15:45] [PicqBotX] [DEBUG(java.lang.Thread.run:748)] - 数据: {"anonymous":null,"font":6118696,"group_id":522394334,"message":"草你妈","message_id":10402,"message_type":"group","post_type":"message","raw_message":"草你妈","self_id":2997400528,"sender":{"age":8,"area":"广州","card":"谭宇-养生式跟打","level":"入门","nickname":"0 4 . 2 2","role":"admin","sex":"male","title":"","user_id":1061917196},"sub_type":"normal","time":1557843345,"user_id":1061917196}
[19-05-14 22:15:50] [PicqBotX] [DEBUG(java.lang.Thread.run:748)] 收到新请求: CQHttp/4.8.0
[19-05-14 22:15:50] [PicqBotX] [DEBUG(java.lang.Thread.run:748)] - 数据: {"anonymous":null,"font":6236576,"group_id":522394334,"message":"就是获取不到群名片。","message_id":10403,"message_type":"group","post_type":"message","raw_message":"就是获取不到群名片。","self_id":2997400528,"sender":{"age":8,"area":"广州","card":"谭宇-养生式跟打","level":"入门","nickname":"0 4 . 2 2","role":"admin","sex":"male","title":"","user_id":1061917196},"sub_type":"normal","time":1557843350,"user_id":1061917196}
[19-05-14 22:15:53] [PicqBotX] [DEBUG(java.lang.Thread.run:748)] 收到新请求: CQHttp/4.8.0
[19-05-14 22:15:53] [PicqBotX] [DEBUG(java.lang.Thread.run:748)] - 数据: {"anonymous":null,"font":6236224,"group_id":522394334,"message":"吃屎吧。","message_id":10404,"message_type":"group","post_type":"message","raw_message":"吃屎吧。","self_id":2997400528,"sender":{"age":8,"area":"广州","card":"谭宇-养生式跟打","level":"入门","nickname":"0 4 . 2 2","role":"admin","sex":"male","title":"","user_id":1061917196},"sub_type":"normal","time":1557843353,"user_id":1061917196}
[19-05-14 22:15:58] [PicqBotX] [DEBUG(java.lang.Thread.run:748)] 收到新请求: CQHttp/4.8.0
