[19-05-14 19:55:42] [PicqBotX] [INFO] 
[19-05-14 19:55:42] [PicqBotX] [INFO]     ____  _            ____        __ _  __
[19-05-14 19:55:42] [PicqBotX] [INFO]    / __ \(_)________ _/ __ )____  / /| |/ /
[19-05-14 19:55:42] [PicqBotX] [INFO]   / /_/ / / ___/ __ `/ __  / __ \/ __/   /
[19-05-14 19:55:42] [PicqBotX] [INFO]  / ____/ / /__/ /_/ / /_/ / /_/ / /_/   |
[19-05-14 19:55:42] [PicqBotX] [INFO] /_/   /_/\___/\__, /_____/\____/\__/_/|_|
[19-05-14 19:55:42] [PicqBotX] [INFO]                 /_/         v3.2.2.896
[19-05-14 19:55:42] [PicqBotX] [INFO] 日志管理器     初始化完成 [******] ...(26.71 ms)
[19-05-14 19:55:42] [PicqBotX] [INFO] 缓存管理器     初始化完成 [******] ...(1.62 ms)
[19-05-14 19:55:42] [PicqBotX] [INFO] DEBUG设置     初始化完成 [******] ...(0.01 ms)
[19-05-14 19:55:42] [PicqBotX] [INFO] 事件管理器     初始化完成 [******] ...(28.56 ms)
[19-05-14 19:55:42] [PicqBotX] [INFO] 账号管理器     初始化完成 [******] ...(0.75 ms)
[19-05-14 19:55:42] [PicqBotX] [INFO] HTTP监听服务器 初始化完成 [******] ...(1.49 ms)
[19-05-14 19:55:42] [PicqBotX] [INFO] 指令管理器     初始化完成 [******] ...(2.3 ms)
[19-05-14 19:55:42] [PicqBotX] [WARNING] 账号 Bot01: 版本正确, 不过用酷Q Pro的话效果更好哦!
[19-05-14 19:55:42] [PicqBotX] [INFO] 账号 Bot01:   版本验证完成!
[19-05-14 19:55:42] [PicqBotX] [INFO] 正在启动...
[19-05-14 19:55:43] [PicqBotX] [DEBUG(java.lang.Thread.run:748)] 收到新请求: CQHttp/4.8.0
[19-05-14 19:55:43] [PicqBotX] [DEBUG(java.lang.Thread.run:748)] - 数据: {"anonymous":null,"font":6235328,"group_id":556981260,"message":"#成绩","message_id":9835,"message_type":"group","post_type":"message","raw_message":"#成绩","self_id":2997400528,"sender":{"age":78,"area":"沧州","card":"大猫-自然码双拼","level":"小蹦哒","nickname":"日月","role":"member","sex":"male","title":"","user_id":313471315},"sub_type":"normal","time":1557834942,"user_id":313471315}
[19-05-14 19:55:44] [PicqBotX] [DEBUG(java.lang.Thread.run:748)] 收到新请求: CQHttp/4.8.0
[19-05-14 19:55:44] [PicqBotX] [DEBUG(java.lang.Thread.run:748)] - 数据: {"anonymous":null,"font":6235392,"group_id":522394334,"message":"#赛文","message_id":9836,"message_type":"group","post_type":"message","raw_message":"#赛文","self_id":2997400528,"sender":{"age":8,"area":"广州","card":"谭宇-养生式跟打","level":"入门","nickname":"0 4 . 2 2","role":"admin","sex":"male","title":"","user_id":1061917196},"sub_type":"normal","time":1557834944,"user_id":1061917196}
[19-05-14 19:55:45] [PicqBotX] [DEBUG(java.lang.Thread.run:748)] 收到新请求: CQHttp/4.8.0
[19-05-14 19:55:45] [PicqBotX] [DEBUG(java.lang.Thread.run:748)] - 数据: {"anonymous":null,"font":6235168,"group_id":522394334,"message":"《始于眉毛》日赛第532期-二花制作\r\n因为是女人，而且要就业，她就想选择一个以女性美吸引人的职业。可是，谁也没有说过她美。她找到的，却是禁止化妆的职业。一天，上司把她叫到跟前说：“你描眉了吧？”“没有啊！”她怯生生地用手指沾了点唾沫，把眉毛擦了擦。“那么，你是修剪过喽？”“没有啊！生来就是这样。”她几乎哭出来了。“唔，你好歹有双漂亮的眉毛，就是不在这里工作，你也能活下去吧。”从她的眉毛，上司找到了裁减她的借口。她才第一次明确地了解到了自己的眉毛之美。她满心喜悦，连失业的悲哀也忘却了。自己也有美的地方，对结婚也就有信心了。丈夫没有说她的眉毛长的美。他说她的乳房美，脊背、双膝也很美。然后，然后……别人告诉她，她身上有许多美，她沉湎在幸福之中。但是，一想到丈夫搜遍了她身上的美之后又将会怎样，她也就禁不住怀念起当初以为自己身上没有一点美而认命了的时候那种无忧无虑来了。\r\n-----第999段-1200S-366Z-4L-78eed272V--c.sw.1.1\r\n本文由 散文 组成","message_id":9837,"message_type":"group","post_type":"message","raw_message":"《始于眉毛》日赛第532期-二花制作\r\n因为是女人，而且要就业，她就想选择一个以女性美吸引人的职业。可是，谁也没有说过她美。她找到的，却是禁止化妆的职业。一天，上司把她叫到跟前说：“你描眉了吧？”“没有啊！”她怯生生地用手指沾了点唾沫，把眉毛擦了擦。“那么，你是修剪过喽？”“没有啊！生来就是这样。”她几乎哭出来了。“唔，你好歹有双漂亮的眉毛，就是不在这里工作，你也能活下去吧。”从她的眉毛，上司找到了裁减她的借口。她才第一次明确地了解到了自己的眉毛之美。她满心喜悦，连失业的悲哀也忘却了。自己也有美的地方，对结婚也就有信心了。丈夫没有说她的眉毛长的美。他说她的乳房美，脊背、双膝也很美。然后，然后……别人告诉她，她身上有许多美，她沉湎在幸福之中。但是，一想到丈夫搜遍了她身上的美之后又将会怎样，她也就禁不住怀念起当初以为自己身上没有一点美而认命了的时候那种无忧无虑来了。\r\n-----第999段-1200S-366Z-4L-78eed272V--c.sw.1.1\r\n本文由 散文 组成","self_id":2997400528,"sender":{"age":6,"area":"北京","card":"","level":"小白","nickname":"小拆","role":"member","sex":"female","title":"","user_id":207938707},"sub_type":"normal","time":1557834945,"user_id":207938707}
[19-05-14 19:55:45] [PicqBotX] [DEBUG(java.lang.Thread.run:748)] 收到新请求: CQHttp/4.8.0
[19-05-14 19:55:45] [PicqBotX] [DEBUG(java.lang.Thread.run:748)] - 数据: {"anonymous":null,"font":6235584,"group_id":556981260,"message":"[CQ:image,file=36ECDC05BFEE20A9FF31B07D9B1C9468.png,url=https://gchat.qpic.cn/gchatpic_new/207938707/556981260-3177865097-36ECDC05BFEE20A9FF31B07D9B1C9468/0?vuin=2997400528&amp;term=2]","message_id":9838,"message_type":"group","post_type":"message","raw_message":"[CQ:image,file=36ECDC05BFEE20A9FF31B07D9B1C9468.png]","self_id":2997400528,"sender":{"age":6,"area":"北京","card":"","level":"波音747","nickname":"小拆","role":"admin","sex":"female","title":"","user_id":207938707},"sub_type":"normal","time":1557834945,"user_id":207938707}
[19-05-14 19:56:01] [PicqBotX] [DEBUG(java.lang.Thread.run:748)] 收到新请求: CQHttp/4.8.0
[19-05-14 19:56:01] [PicqBotX] [DEBUG(java.lang.Thread.run:748)] - 数据: {"anonymous":null,"font":6235616,"group_id":522394334,"message":"[CQ:image,file=85F8EB7C77D8AD4E0F546BE88AD1054F.png,url=https://gchat.qpic.cn/gchatpic_new/1061917196/522394334-3003201844-85F8EB7C77D8AD4E0F546BE88AD1054F/0?vuin=2997400528&amp;term=2]","message_id":9839,"message_type":"group","post_type":"message","raw_message":"[CQ:image,file=85F8EB7C77D8AD4E0F546BE88AD1054F.png]","self_id":2997400528,"sender":{"age":8,"area":"广州","card":"谭宇-养生式跟打","level":"入门","nickname":"0 4 . 2 2","role":"admin","sex":"male","title":"","user_id":1061917196},"sub_type":"normal","time":1557834961,"user_id":1061917196}
[19-05-14 19:56:02] [PicqBotX] [DEBUG(java.lang.Thread.run:748)] 收到新请求: CQHttp/4.8.0
[19-05-14 19:56:02] [PicqBotX] [DEBUG(java.lang.Thread.run:748)] - 数据: {"anonymous":null,"font":6235392,"group_id":522394334,"message":"[CQ:image,file=9D44498401A66CF8A7377C8A6DEF0B5F.png,url=https://gchat.qpic.cn/gchatpic_new/718691870/522394334-2990755157-9D44498401A66CF8A7377C8A6DEF0B5F/0?vuin=2997400528&amp;term=2]","message_id":9840,"message_type":"group","post_type":"message","raw_message":"[CQ:image,file=9D44498401A66CF8A7377C8A6DEF0B5F.png]","self_id":2997400528,"sender":{"age":0,"area":"","card":"珂朵莉-小鹤音形","level":"入门","nickname":"这是QQ昵称","role":"member","sex":"unknown","title":"","user_id":718691870},"sub_type":"normal","time":1557834962,"user_id":718691870}
[19-05-14 19:56:18] [PicqBotX] [DEBUG(java.lang.Thread.run:748)] 收到新请求: CQHttp/4.8.0
[19-05-14 19:56:18] [PicqBotX] [DEBUG(java.lang.Thread.run:748)] - 数据: {"anonymous":null,"font":6235744,"group_id":522394334,"message":"稳坐最后一名[CQ:face,id=28]我骄傲","message_id":9841,"message_type":"group","post_type":"message","raw_message":"稳坐最后一名[CQ:face,id=28]我骄傲","self_id":2997400528,"sender":{"age":39,"area":"兰州市","card":"百花深处-――小鹤音形","level":"了解群图书馆","nickname":"百花深处","role":"member","sex":"female","title":"","user_id":58002514},"sub_type":"normal","time":1557834978,"user_id":58002514}
[19-05-14 19:56:24] [PicqBotX] [DEBUG(java.lang.Thread.run:748)] 收到新请求: CQHttp/4.8.0
[19-05-14 19:56:24] [PicqBotX] [DEBUG(java.lang.Thread.run:748)] - 数据: {"anonymous":null,"font":6235680,"group_id":556981260,"message":"第999段 速度187.64 击键9.54 码长3.05 回改24 错字0 键数1510 退格5 键准94.3% 字数495 &#91;“没&#93;5.47s 打词49(20.00%/8.17) &#91;“&#93;2次 起步315.05/13.65/2.60 重打2次(19字) 波动0.31 键法41.58%(左647:909) 评分：[CQ:image,file=5AC306628366308F3F644AAD3070D64A.png,url=https://gchat.qpic.cn/gchatpic_new/1823418845/556981260-2650583577-5AC306628366308F3F644AAD3070D64A/0?vuin=2997400528&amp;term=2]  输入法：QQ五笔Win8版 起打于19:53:43 个签：享受生活、享受跟打 y16","message_id":9842,"message_type":"group","post_type":"message","raw_message":"第999段 速度187.64 击键9.54 码长3.05 回改24 错字0 键数1510 退格5 键准94.3% 字数495 &#91;“没&#93;5.47s 打词49(20.00%/8.17) &#91;“&#93;2次 起步315.05/13.65/2.60 重打2次(19字) 波动0.31 键法41.58%(左647:909) 评分：[CQ:image,file=5AC306628366308F3F644AAD3070D64A.png]  输入法：QQ五笔Win8版 起打于19:53:43 个签：享受生活、享受跟打 y16","self_id":2997400528,"sender":{"age":29,"area":"台州","card":"old driver-86","level":"死飞单车","nickname":"★S∮℃　　　　　　　　","role":"member","sex":"male","title":"","user_id":972054758},"sub_type":"normal","time":1557834984,"user_id":972054758}
[19-05-14 19:56:29] [PicqBotX] [DEBUG(java.lang.Thread.run:748)] 收到新请求: CQHttp/4.8.0
[19-05-14 19:56:29] [PicqBotX] [DEBUG(java.lang.Thread.run:748)] - 数据: {"anonymous":null,"font":6235648,"group_id":522394334,"message":"查 珂朵莉","message_id":9843,"message_type":"group","post_type":"message","raw_message":"查 珂朵莉","self_id":2997400528,"sender":{"age":0,"area":"广州","card":"无聊-小鹤音形","level":"中级","nickname":"无聊","role":"member","sex":"male","title":"","user_id":779855010},"sub_type":"normal","time":1557834989,"user_id":779855010}
[19-05-14 19:56:29] [PicqBotX] [DEBUG(java.lang.Thread.run:748)] 收到新请求: CQHttp/4.8.0
[19-05-14 19:56:29] [PicqBotX] [DEBUG(java.lang.Thread.run:748)] - 数据: {"anonymous":null,"font":6235264,"group_id":522394334,"message":"[CQ:at,qq=779855010]\r\n用户名：珂朵莉\r\n字数情况：总：1189 对：1104 错：85 今日：0\r\n赛文情况：累计跟打0次 平均成绩：0.0 排名：68\r\n在线状态：不在线","message_id":9844,"message_type":"group","post_type":"message","raw_message":"[CQ:at,qq=779855010]\r\n用户名：珂朵莉\r\n字数情况：总：1189 对：1104 错：85 今日：0\r\n赛文情况：累计跟打0次 平均成绩：0.0 排名：68\r\n在线状态：不在线","self_id":2997400528,"sender":{"age":22,"area":"广州","card":"拖拉机人工智障","level":"了解群图文件","nickname":"鹤","role":"member","sex":"female","title":"","user_id":1061917110},"sub_type":"normal","time":1557834989,"user_id":1061917110}
[19-05-14 19:56:37] [PicqBotX] [DEBUG(java.lang.Thread.run:748)] 收到新请求: CQHttp/4.8.0
[19-05-14 19:56:37] [PicqBotX] [DEBUG(java.lang.Thread.run:748)] - 数据: {"anonymous":null,"font":6235584,"group_id":522394334,"message":"查 无聊","message_id":9846,"message_type":"group","post_type":"message","raw_message":"查 无聊","self_id":2997400528,"sender":{"age":0,"area":"广州","card":"无聊-小鹤音形","level":"中级","nickname":"无聊","role":"member","sex":"male","title":"","user_id":779855010},"sub_type":"normal","time":1557834997,"user_id":779855010}
[19-05-14 19:56:38] [PicqBotX] [DEBUG(java.lang.Thread.run:748)] 收到新请求: CQHttp/4.8.0
[19-05-14 19:56:38] [PicqBotX] [DEBUG(java.lang.Thread.run:748)] - 数据: {"anonymous":null,"font":6235904,"group_id":522394334,"message":"[CQ:at,qq=779855010]\r\n用户名：无聊\r\n字数情况：总：638405 对：611184 错：27221 今日：3013\r\n赛文情况：累计跟打435次 平均成绩：151.0 排名：16\r\n在线状态：在线","message_id":9848,"message_type":"group","post_type":"message","raw_message":"[CQ:at,qq=779855010]\r\n用户名：无聊\r\n字数情况：总：638405 对：611184 错：27221 今日：3013\r\n赛文情况：累计跟打435次 平均成绩：151.0 排名：16\r\n在线状态：在线","self_id":2997400528,"sender":{"age":22,"area":"广州","card":"拖拉机人工智障","level":"了解群图文件","nickname":"鹤","role":"member","sex":"female","title":"","user_id":1061917110},"sub_type":"normal","time":1557834998,"user_id":1061917110}
[19-05-14 19:56:39] [PicqBotX] [DEBUG(java.lang.Thread.run:748)] 收到新请求: CQHttp/4.8.0
[19-05-14 19:56:39] [PicqBotX] [DEBUG(java.lang.Thread.run:748)] - 数据: {"anonymous":null,"font":6235808,"group_id":522394334,"message":"#赛文","message_id":9849,"message_type":"group","post_type":"message","raw_message":"#赛文","self_id":2997400528,"sender":{"age":0,"area":"","card":"八-小鹤音形","level":"中级","nickname":"温华","role":"member","sex":"unknown","title":"","user_id":871218215},"sub_type":"normal","time":1557834999,"user_id":871218215}
[19-05-14 19:56:40] [PicqBotX] [DEBUG(java.lang.Thread.run:748)] 收到新请求: CQHttp/4.8.0
[19-05-14 19:56:40] [PicqBotX] [DEBUG(java.lang.Thread.run:748)] - 数据: {"anonymous":null,"font":6235136,"group_id":522394334,"message":"《始于眉毛》日赛第532期-二花制作\r\n因为是女人，而且要就业，她就想选择一个以女性美吸引人的职业。可是，谁也没有说过她美。她找到的，却是禁止化妆的职业。一天，上司把她叫到跟前说：“你描眉了吧？”“没有啊！”她怯生生地用手指沾了点唾沫，把眉毛擦了擦。“那么，你是修剪过喽？”“没有啊！生来就是这样。”她几乎哭出来了。“唔，你好歹有双漂亮的眉毛，就是不在这里工作，你也能活下去吧。”从她的眉毛，上司找到了裁减她的借口。她才第一次明确地了解到了自己的眉毛之美。她满心喜悦，连失业的悲哀也忘却了。自己也有美的地方，对结婚也就有信心了。丈夫没有说她的眉毛长的美。他说她的乳房美，脊背、双膝也很美。然后，然后……别人告诉她，她身上有许多美，她沉湎在幸福之中。但是，一想到丈夫搜遍了她身上的美之后又将会怎样，她也就禁不住怀念起当初以为自己身上没有一点美而认命了的时候那种无忧无虑来了。\r\n-----第999段-1200S-366Z-4L-78eed272V--c.sw.1.1\r\n本文由 散文 组成","message_id":9850,"message_type":"group","post_type":"message","raw_message":"《始于眉毛》日赛第532期-二花制作\r\n因为是女人，而且要就业，她就想选择一个以女性美吸引人的职业。可是，谁也没有说过她美。她找到的，却是禁止化妆的职业。一天，上司把她叫到跟前说：“你描眉了吧？”“没有啊！”她怯生生地用手指沾了点唾沫，把眉毛擦了擦。“那么，你是修剪过喽？”“没有啊！生来就是这样。”她几乎哭出来了。“唔，你好歹有双漂亮的眉毛，就是不在这里工作，你也能活下去吧。”从她的眉毛，上司找到了裁减她的借口。她才第一次明确地了解到了自己的眉毛之美。她满心喜悦，连失业的悲哀也忘却了。自己也有美的地方，对结婚也就有信心了。丈夫没有说她的眉毛长的美。他说她的乳房美，脊背、双膝也很美。然后，然后……别人告诉她，她身上有许多美，她沉湎在幸福之中。但是，一想到丈夫搜遍了她身上的美之后又将会怎样，她也就禁不住怀念起当初以为自己身上没有一点美而认命了的时候那种无忧无虑来了。\r\n-----第999段-1200S-366Z-4L-78eed272V--c.sw.1.1\r\n本文由 散文 组成","self_id":2997400528,"sender":{"age":6,"area":"北京","card":"","level":"小白","nickname":"小拆","role":"member","sex":"female","title":"","user_id":207938707},"sub_type":"normal","time":1557835000,"user_id":207938707}
[19-05-14 19:57:11] [PicqBotX] [DEBUG(java.lang.Thread.run:748)] 收到新请求: CQHttp/4.8.0
[19-05-14 19:57:11] [PicqBotX] [DEBUG(java.lang.Thread.run:748)] - 数据: {"anonymous":null,"font":6235040,"group_id":522394334,"message":"kedoli","message_id":9851,"message_type":"group","post_type":"message","raw_message":"kedoli","self_id":2997400528,"sender":{"age":8,"area":"广州","card":"谭宇-养生式跟打","level":"入门","nickname":"0 4 . 2 2","role":"admin","sex":"male","title":"","user_id":1061917196},"sub_type":"normal","time":1557835031,"user_id":1061917196}
[19-05-14 19:57:21] [PicqBotX] [DEBUG(java.lang.Thread.run:748)] 收到新请求: CQHttp/4.8.0
[19-05-14 19:57:21] [PicqBotX] [DEBUG(java.lang.Thread.run:748)] - 数据: {"anonymous":null,"font":6235008,"group_id":522394334,"message":"密码给你了","message_id":9852,"message_type":"group","post_type":"message","raw_message":"密码给你了","self_id":2997400528,"sender":{"age":8,"area":"广州","card":"谭宇-养生式跟打","level":"入门","nickname":"0 4 . 2 2","role":"admin","sex":"male","title":"","user_id":1061917196},"sub_type":"normal","time":1557835041,"user_id":1061917196}
[19-05-14 19:57:32] [PicqBotX] [DEBUG(java.lang.Thread.run:748)] 收到新请求: CQHttp/4.8.0
[19-05-14 19:57:32] [PicqBotX] [DEBUG(java.lang.Thread.run:748)] - 数据: {"anonymous":null,"font":6235456,"group_id":522394334,"message":"ojbk","message_id":9853,"message_type":"group","post_type":"message","raw_message":"ojbk","self_id":2997400528,"sender":{"age":0,"area":"","card":"珂朵莉-小鹤音形","level":"入门","nickname":"这是QQ昵称","role":"member","sex":"unknown","title":"","user_id":718691870},"sub_type":"normal","time":1557835052,"user_id":718691870}
[19-05-14 19:57:34] [PicqBotX] [DEBUG(java.lang.Thread.run:748)] 收到新请求: CQHttp/4.8.0
[19-05-14 19:57:34] [PicqBotX] [DEBUG(java.lang.Thread.run:748)] - 数据: {"anonymous":null,"font":6235936,"group_id":522394334,"message":"[CQ:image,file=6BA824BCF24B422C7CF5189E199E137A.png,url=https://gchat.qpic.cn/gchatpic_new/718691870/522394334-2457091788-6BA824BCF24B422C7CF5189E199E137A/0?vuin=2997400528&amp;term=2]","message_id":9854,"message_type":"group","post_type":"message","raw_message":"[CQ:image,file=6BA824BCF24B422C7CF5189E199E137A.png]","self_id":2997400528,"sender":{"age":0,"area":"","card":"珂朵莉-小鹤音形","level":"入门","nickname":"这是QQ昵称","role":"member","sex":"unknown","title":"","user_id":718691870},"sub_type":"normal","time":1557835054,"user_id":718691870}
[19-05-14 19:57:34] [PicqBotX] [DEBUG(java.lang.Thread.run:748)] 收到新请求: CQHttp/4.8.0
[19-05-14 19:57:34] [PicqBotX] [DEBUG(java.lang.Thread.run:748)] - 数据: {"anonymous":null,"font":6235616,"group_id":723795668,"message":"#赛文","message_id":9855,"message_type":"group","post_type":"message","raw_message":"#赛文","self_id":2997400528,"sender":{"age":119,"area":"阿拉伯联合酋长国","card":"我要飞","level":"中级","nickname":"我心飞扬","role":"member","sex":"male","title":"","user_id":2760787042},"sub_type":"normal","time":1557835054,"user_id":2760787042}
[19-05-14 19:57:34] [PicqBotX] [DEBUG(java.lang.Thread.run:748)] 收到新请求: CQHttp/4.8.0
[19-05-14 19:57:34] [PicqBotX] [DEBUG(java.lang.Thread.run:748)] - 数据: {"anonymous":null,"font":6235392,"group_id":723795668,"message":"常用字前五百乱序日赛第309期-二花制作\r\n志存众准得曾想世图华似电应城根落照分风乎复决用你些怎场八强元只五英气量年服条结特加行德影见万回办轻新爱待也张发情保与话各那难指写父几阳会物重识的可干失交站部个美山微小言装系候白越算才工着及文长国官找视\r\n-----第999段-1200S-100Z-4L-e870b28cV--c.sw.1.1\r\n本文由 常用字 组成","message_id":9856,"message_type":"group","post_type":"message","raw_message":"常用字前五百乱序日赛第309期-二花制作\r\n志存众准得曾想世图华似电应城根落照分风乎复决用你些怎场八强元只五英气量年服条结特加行德影见万回办轻新爱待也张发情保与话各那难指写父几阳会物重识的可干失交站部个美山微小言装系候白越算才工着及文长国官找视\r\n-----第999段-1200S-100Z-4L-e870b28cV--c.sw.1.1\r\n本文由 常用字 组成","self_id":2997400528,"sender":{"age":6,"area":"北京","card":"","level":"小白","nickname":"小拆","role":"member","sex":"female","title":"","user_id":207938707},"sub_type":"normal","time":1557835054,"user_id":207938707}
[19-05-14 19:57:35] [PicqBotX] [DEBUG(java.lang.Thread.run:748)] 收到新请求: CQHttp/4.8.0
[19-05-14 19:57:35] [PicqBotX] [DEBUG(java.lang.Thread.run:748)] - 数据: {"anonymous":null,"font":6235296,"group_id":522394334,"message":"怎么更新就报错","message_id":9857,"message_type":"group","post_type":"message","raw_message":"怎么更新就报错","self_id":2997400528,"sender":{"age":0,"area":"","card":"珂朵莉-小鹤音形","level":"入门","nickname":"这是QQ昵称","role":"member","sex":"unknown","title":"","user_id":718691870},"sub_type":"normal","time":1557835055,"user_id":718691870}
[19-05-14 19:57:35] [PicqBotX] [DEBUG(java.lang.Thread.run:748)] 收到新请求: CQHttp/4.8.0
[19-05-14 19:57:35] [PicqBotX] [DEBUG(java.lang.Thread.run:748)] - 数据: {"anonymous":null,"font":6235328,"group_id":723795668,"message":"#成绩","message_id":9858,"message_type":"group","post_type":"message","raw_message":"#成绩","self_id":2997400528,"sender":{"age":119,"area":"阿拉伯联合酋长国","card":"我要飞","level":"中级","nickname":"我心飞扬","role":"member","sex":"male","title":"","user_id":2760787042},"sub_type":"normal","time":1557835055,"user_id":2760787042}
[19-05-14 19:57:37] [PicqBotX] [DEBUG(java.lang.Thread.run:748)] 收到新请求: CQHttp/4.8.0
[19-05-14 19:57:37] [PicqBotX] [DEBUG(java.lang.Thread.run:748)] - 数据: {"anonymous":null,"font":6235584,"group_id":723795668,"message":"[CQ:image,file=4CB7E7286239C71AAF69A00819ECBC55.png,url=https://gchat.qpic.cn/gchatpic_new/207938707/723795668-2387108529-4CB7E7286239C71AAF69A00819ECBC55/0?vuin=2997400528&amp;term=2]","message_id":9859,"message_type":"group","post_type":"message","raw_message":"[CQ:image,file=4CB7E7286239C71AAF69A00819ECBC55.png]","self_id":2997400528,"sender":{"age":6,"area":"北京","card":"","level":"小白","nickname":"小拆","role":"member","sex":"female","title":"","user_id":207938707},"sub_type":"normal","time":1557835057,"user_id":207938707}
[19-05-14 19:57:43] [PicqBotX] [DEBUG(java.lang.Thread.run:748)] 收到新请求: CQHttp/4.8.0
[19-05-14 19:57:43] [PicqBotX] [DEBUG(java.lang.Thread.run:748)] - 数据: {"anonymous":null,"font":6235168,"group_id":522394334,"message":"你重新下载 ","message_id":9860,"message_type":"group","post_type":"message","raw_message":"你重新下载 ","self_id":2997400528,"sender":{"age":8,"area":"广州","card":"谭宇-养生式跟打","level":"入门","nickname":"0 4 . 2 2","role":"admin","sex":"male","title":"","user_id":1061917196},"sub_type":"normal","time":1557835063,"user_id":1061917196}
[19-05-14 19:57:44] [PicqBotX] [DEBUG(java.lang.Thread.run:748)] 收到新请求: CQHttp/4.8.0
[19-05-14 19:57:44] [PicqBotX] [DEBUG(java.lang.Thread.run:748)] - 数据: {"anonymous":null,"font":6235680,"group_id":522394334,"message":"别更新 ","message_id":9861,"message_type":"group","post_type":"message","raw_message":"别更新 ","self_id":2997400528,"sender":{"age":8,"area":"广州","card":"谭宇-养生式跟打","level":"入门","nickname":"0 4 . 2 2","role":"admin","sex":"male","title":"","user_id":1061917196},"sub_type":"normal","time":1557835064,"user_id":1061917196}
[19-05-14 19:57:47] [PicqBotX] [DEBUG(java.lang.Thread.run:748)] 收到新请求: CQHttp/4.8.0
[19-05-14 19:57:47] [PicqBotX] [DEBUG(java.lang.Thread.run:748)] - 数据: {"anonymous":null,"font":6234976,"group_id":522394334,"message":"手动更新","message_id":9862,"message_type":"group","post_type":"message","raw_message":"手动更新","self_id":2997400528,"sender":{"age":28,"area":"成都","card":"一枝独秀―谭八风","level":"了解群图书馆","nickname":"云华","role":"member","sex":"male","title":"","user_id":2297714857},"sub_type":"normal","time":1557835067,"user_id":2297714857}
[19-05-14 19:57:49] [PicqBotX] [DEBUG(java.lang.Thread.run:748)] 收到新请求: CQHttp/4.8.0
[19-05-14 19:57:49] [PicqBotX] [DEBUG(java.lang.Thread.run:748)] - 数据: {"anonymous":null,"font":6235040,"group_id":522394334,"message":"官网有的","message_id":9863,"message_type":"group","post_type":"message","raw_message":"官网有的","self_id":2997400528,"sender":{"age":8,"area":"广州","card":"谭宇-养生式跟打","level":"入门","nickname":"0 4 . 2 2","role":"admin","sex":"male","title":"","user_id":1061917196},"sub_type":"normal","time":1557835069,"user_id":1061917196}
[19-05-14 19:57:51] [PicqBotX] [DEBUG(java.lang.Thread.run:748)] 收到新请求: CQHttp/4.8.0
[19-05-14 19:57:51] [PicqBotX] [DEBUG(java.lang.Thread.run:748)] - 数据: {"anonymous":null,"font":6235392,"group_id":522394334,"message":"17000","message_id":9864,"message_type":"group","post_type":"message","raw_message":"17000","self_id":2997400528,"sender":{"age":8,"area":"广州","card":"谭宇-养生式跟打","level":"入门","nickname":"0 4 . 2 2","role":"admin","sex":"male","title":"","user_id":1061917196},"sub_type":"normal","time":1557835071,"user_id":1061917196}
[19-05-14 19:58:06] [PicqBotX] [DEBUG(java.lang.Thread.run:748)] 收到新请求: CQHttp/4.8.0
[19-05-14 19:58:06] [PicqBotX] [DEBUG(java.lang.Thread.run:748)] - 数据: {"anonymous":null,"font":6235904,"group_id":522394334,"message":"jdragon.clu/tlj","message_id":9865,"message_type":"group","post_type":"message","raw_message":"jdragon.clu/tlj","self_id":2997400528,"sender":{"age":8,"area":"广州","card":"谭宇-养生式跟打","level":"入门","nickname":"0 4 . 2 2","role":"admin","sex":"male","title":"","user_id":1061917196},"sub_type":"normal","time":1557835086,"user_id":1061917196}
[19-05-14 19:58:10] [PicqBotX] [DEBUG(java.lang.Thread.run:748)] 收到新请求: CQHttp/4.8.0
[19-05-14 19:58:10] [PicqBotX] [DEBUG(java.lang.Thread.run:748)] - 数据: {"anonymous":null,"font":6235456,"group_id":522394334,"message":"还有官网","message_id":9866,"message_type":"group","post_type":"message","raw_message":"还有官网","self_id":2997400528,"sender":{"age":0,"area":"","card":"珂朵莉-小鹤音形","level":"入门","nickname":"这是QQ昵称","role":"member","sex":"unknown","title":"","user_id":718691870},"sub_type":"normal","time":1557835090,"user_id":718691870}
[19-05-14 19:58:18] [PicqBotX] [DEBUG(java.lang.Thread.run:748)] 收到新请求: CQHttp/4.8.0
[19-05-14 19:58:18] [PicqBotX] [DEBUG(java.lang.Thread.run:748)] - 数据: {"anonymous":null,"font":6235552,"group_id":522394334,"message":"http://jdragon.club/tlj","message_id":9867,"message_type":"group","post_type":"message","raw_message":"http://jdragon.club/tlj","self_id":2997400528,"sender":{"age":8,"area":"广州","card":"谭宇-养生式跟打","level":"入门","nickname":"0 4 . 2 2","role":"admin","sex":"male","title":"","user_id":1061917196},"sub_type":"normal","time":1557835098,"user_id":1061917196}
[19-05-14 19:58:23] [PicqBotX] [DEBUG(java.lang.Thread.run:748)] 收到新请求: CQHttp/4.8.0
[19-05-14 19:58:23] [PicqBotX] [DEBUG(java.lang.Thread.run:748)] - 数据: {"anonymous":null,"font":6235392,"group_id":522394334,"message":"你记着把你拖拉机文件的文章都保留一下，如果没有就算了","message_id":9868,"message_type":"group","post_type":"message","raw_message":"你记着把你拖拉机文件的文章都保留一下，如果没有就算了","self_id":2997400528,"sender":{"age":28,"area":"成都","card":"一枝独秀―谭八风","level":"了解群图书馆","nickname":"云华","role":"member","sex":"male","title":"","user_id":2297714857},"sub_type":"normal","time":1557835103,"user_id":2297714857}
[19-05-14 19:58:40] [PicqBotX] [DEBUG(java.lang.Thread.run:748)] 收到新请求: CQHttp/4.8.0
[19-05-14 19:58:40] [PicqBotX] [DEBUG(java.lang.Thread.run:748)] - 数据: {"anonymous":null,"font":6234976,"group_id":522394334,"message":"[CQ:image,file=67EEB7146AC173B20B98252276FC7F26.gif,url=https://gchat.qpic.cn/gchatpic_new/2297714857/522394334-2578132806-67EEB7146AC173B20B98252276FC7F26/0?vuin=2997400528&amp;term=2]我就用这个版本就挺好，也不用更新","message_id":9869,"message_type":"group","post_type":"message","raw_message":"[CQ:image,file=67EEB7146AC173B20B98252276FC7F26.gif]我就用这个版本就挺好，也不用更新","self_id":2997400528,"sender":{"age":28,"area":"成都","card":"一枝独秀―谭八风","level":"了解群图书馆","nickname":"云华","role":"member","sex":"male","title":"","user_id":2297714857},"sub_type":"normal","time":1557835120,"user_id":2297714857}
[19-05-14 19:58:42] [PicqBotX] [DEBUG(java.lang.Thread.run:748)] 收到新请求: CQHttp/4.8.0
[19-05-14 19:58:42] [PicqBotX] [DEBUG(java.lang.Thread.run:748)] - 数据: {"anonymous":null,"font":6235616,"group_id":556981260,"message":"我讨厌“道德”这个词","message_id":9870,"message_type":"group","post_type":"message","raw_message":"我讨厌“道德”这个词","self_id":2997400528,"sender":{"age":0,"area":"广州","card":"无聊-小鹤","level":"新日电动车","nickname":"无聊","role":"member","sex":"male","title":"","user_id":779855010},"sub_type":"normal","time":1557835122,"user_id":779855010}
[19-05-14 19:58:48] [PicqBotX] [DEBUG(java.lang.Thread.run:748)] 收到新请求: CQHttp/4.8.0
[19-05-14 19:58:48] [PicqBotX] [DEBUG(java.lang.Thread.run:748)] - 数据: {"anonymous":null,"font":6235904,"group_id":522394334,"message":"我设计的不好，一般更新不用这样操作。","message_id":9871,"message_type":"group","post_type":"message","raw_message":"我设计的不好，一般更新不用这样操作。","self_id":2997400528,"sender":{"age":8,"area":"广州","card":"谭宇-养生式跟打","level":"入门","nickname":"0 4 . 2 2","role":"admin","sex":"male","title":"","user_id":1061917196},"sub_type":"normal","time":1557835128,"user_id":1061917196}
[19-05-14 19:58:50] [PicqBotX] [DEBUG(java.lang.Thread.run:748)] 收到新请求: CQHttp/4.8.0
[19-05-14 19:58:50] [PicqBotX] [DEBUG(java.lang.Thread.run:748)] - 数据: {"anonymous":null,"font":6235616,"group_id":723795668,"message":"第999段 速度119.61 击键6.99 码长3.51 字数100 时间00:49.66 回改2 退格2 回车0 键数347 选重5 键准98.85% 键法72.27% 重打0 打词0.00% 峰值146.34/8.93/3.5 输入法:QQ五笔输入法 校检:b596e 极速跟打器v1.46 ","message_id":9872,"message_type":"group","post_type":"message","raw_message":"第999段 速度119.61 击键6.99 码长3.51 字数100 时间00:49.66 回改2 退格2 回车0 键数347 选重5 键准98.85% 键法72.27% 重打0 打词0.00% 峰值146.34/8.93/3.5 输入法:QQ五笔输入法 校检:b596e 极速跟打器v1.46 ","self_id":2997400528,"sender":{"age":119,"area":"阿拉伯联合酋长国","card":"我要飞","level":"中级","nickname":"我心飞扬","role":"member","sex":"male","title":"","user_id":2760787042},"sub_type":"normal","time":1557835130,"user_id":2760787042}
[19-05-14 19:58:53] [PicqBotX] [DEBUG(java.lang.Thread.run:748)] 收到新请求: CQHttp/4.8.0
[19-05-14 19:58:53] [PicqBotX] [DEBUG(java.lang.Thread.run:748)] - 数据: {"anonymous":null,"font":6235168,"group_id":556981260,"message":"dcde","message_id":9873,"message_type":"group","post_type":"message","raw_message":"dcde","self_id":2997400528,"sender":{"age":0,"area":"广州","card":"无聊-小鹤","level":"新日电动车","nickname":"无聊","role":"member","sex":"male","title":"","user_id":779855010},"sub_type":"normal","time":1557835133,"user_id":779855010}
[19-05-14 19:59:02] [PicqBotX] [DEBUG(java.lang.Thread.run:748)] 收到新请求: CQHttp/4.8.0
[19-05-14 19:59:02] [PicqBotX] [DEBUG(java.lang.Thread.run:748)] - 数据: {"anonymous":null,"font":6235104,"group_id":522394334,"message":"大版本更新这样就这样吧。。小版本直接点那个更新按钮就行了","message_id":9874,"message_type":"group","post_type":"message","raw_message":"大版本更新这样就这样吧。。小版本直接点那个更新按钮就行了","self_id":2997400528,"sender":{"age":8,"area":"广州","card":"谭宇-养生式跟打","level":"入门","nickname":"0 4 . 2 2","role":"admin","sex":"male","title":"","user_id":1061917196},"sub_type":"normal","time":1557835142,"user_id":1061917196}
[19-05-14 19:59:11] [PicqBotX] [DEBUG(java.lang.Thread.run:748)] 收到新请求: CQHttp/4.8.0
[19-05-14 19:59:11] [PicqBotX] [DEBUG(java.lang.Thread.run:748)] - 数据: {"anonymous":null,"font":6235104,"group_id":522394334,"message":"技术不到家没办法 ","message_id":9875,"message_type":"group","post_type":"message","raw_message":"技术不到家没办法 ","self_id":2997400528,"sender":{"age":8,"area":"广州","card":"谭宇-养生式跟打","level":"入门","nickname":"0 4 . 2 2","role":"admin","sex":"male","title":"","user_id":1061917196},"sub_type":"normal","time":1557835151,"user_id":1061917196}
[19-05-14 19:59:13] [PicqBotX] [DEBUG(java.lang.Thread.run:748)] 收到新请求: CQHttp/4.8.0
[19-05-14 19:59:13] [PicqBotX] [DEBUG(java.lang.Thread.run:748)] - 数据: {"anonymous":null,"font":6235680,"group_id":522394334,"message":"第999段 速度187.14 击键7.63 码长2.45 词库理论2.17 回改28(5.86s) 连改8 键准90.99% 停留&#91;沉湎&#93;3.82s 输入法:小鹤双拼飞扬版 校验:19789 个签:此键抚平天下不平事，此键无愧天下有愧人 t46.15","message_id":9876,"message_type":"group","post_type":"message","raw_message":"第999段 速度187.14 击键7.63 码长2.45 词库理论2.17 回改28(5.86s) 连改8 键准90.99% 停留&#91;沉湎&#93;3.82s 输入法:小鹤双拼飞扬版 校验:19789 个签:此键抚平天下不平事，此键无愧天下有愧人 t46.15","self_id":2997400528,"sender":{"age":0,"area":"","card":"八-小鹤音形","level":"中级","nickname":"温华","role":"member","sex":"unknown","title":"","user_id":871218215},"sub_type":"normal","time":1557835153,"user_id":871218215}
[19-05-14 19:59:22] [PicqBotX] [DEBUG(java.lang.Thread.run:748)] 收到新请求: CQHttp/4.8.0
[19-05-14 19:59:22] [PicqBotX] [DEBUG(java.lang.Thread.run:748)] - 数据: {"anonymous":null,"font":6235232,"group_id":522394334,"message":"哦哦原来如此","message_id":9877,"message_type":"group","post_type":"message","raw_message":"哦哦原来如此","self_id":2997400528,"sender":{"age":28,"area":"成都","card":"一枝独秀―谭八风","level":"了解群图书馆","nickname":"云华","role":"member","sex":"male","title":"","user_id":2297714857},"sub_type":"normal","time":1557835162,"user_id":2297714857}
[19-05-14 19:59:41] [PicqBotX] [DEBUG(java.lang.Thread.run:748)] 收到新请求: CQHttp/4.8.0
[19-05-14 19:59:41] [PicqBotX] [DEBUG(java.lang.Thread.run:748)] - 数据: {"anonymous":null,"font":6235968,"group_id":522394334,"message":"极速都没这功能","message_id":9878,"message_type":"group","post_type":"message","raw_message":"极速都没这功能","self_id":2997400528,"sender":{"age":28,"area":"成都","card":"一枝独秀―谭八风","level":"了解群图书馆","nickname":"云华","role":"member","sex":"male","title":"","user_id":2297714857},"sub_type":"normal","time":1557835181,"user_id":2297714857}
[19-05-14 19:59:54] [PicqBotX] [DEBUG(java.lang.Thread.run:748)] 收到新请求: CQHttp/4.8.0
[19-05-14 19:59:54] [PicqBotX] [DEBUG(java.lang.Thread.run:748)] - 数据: {"anonymous":null,"font":6234976,"group_id":522394334,"message":"我现在还在用1.45的极速","message_id":9879,"message_type":"group","post_type":"message","raw_message":"我现在还在用1.45的极速","self_id":2997400528,"sender":{"age":28,"area":"成都","card":"一枝独秀―谭八风","level":"了解群图书馆","nickname":"云华","role":"member","sex":"male","title":"","user_id":2297714857},"sub_type":"normal","time":1557835194,"user_id":2297714857}
[19-05-14 19:59:59] [PicqBotX] [DEBUG(java.lang.Thread.run:748)] 收到新请求: CQHttp/4.8.0
[19-05-14 19:59:59] [PicqBotX] [DEBUG(java.lang.Thread.run:748)] - 数据: {"anonymous":null,"font":6235616,"group_id":522394334,"message":"[CQ:image,file=67EEB7146AC173B20B98252276FC7F26.gif,url=https://gchat.qpic.cn/gchatpic_new/2297714857/522394334-2578132806-67EEB7146AC173B20B98252276FC7F26/0?vuin=2997400528&amp;term=2]","message_id":9880,"message_type":"group","post_type":"message","raw_message":"[CQ:image,file=67EEB7146AC173B20B98252276FC7F26.gif]","self_id":2997400528,"sender":{"age":28,"area":"成都","card":"一枝独秀―谭八风","level":"了解群图书馆","nickname":"云华","role":"member","sex":"male","title":"","user_id":2297714857},"sub_type":"normal","time":1557835199,"user_id":2297714857}
[19-05-14 20:00:04] [PicqBotX] [DEBUG(java.lang.Thread.run:748)] 收到新请求: CQHttp/4.8.0
[19-05-14 20:00:04] [PicqBotX] [DEBUG(java.lang.Thread.run:748)] - 数据: {"anonymous":null,"font":6235328,"group_id":522394334,"message":"反正更新的确是个麻烦事。","message_id":9881,"message_type":"group","post_type":"message","raw_message":"反正更新的确是个麻烦事。","self_id":2997400528,"sender":{"age":8,"area":"广州","card":"谭宇-养生式跟打","level":"入门","nickname":"0 4 . 2 2","role":"admin","sex":"male","title":"","user_id":1061917196},"sub_type":"normal","time":1557835204,"user_id":1061917196}
[19-05-14 20:00:09] [PicqBotX] [DEBUG(java.lang.Thread.run:748)] 收到新请求: CQHttp/4.8.0
[19-05-14 20:00:09] [PicqBotX] [DEBUG(java.lang.Thread.run:748)] - 数据: {"anonymous":null,"font":6235680,"group_id":522394334,"message":"没事不想体验什么新功能就不用更新也行","message_id":9882,"message_type":"group","post_type":"message","raw_message":"没事不想体验什么新功能就不用更新也行","self_id":2997400528,"sender":{"age":8,"area":"广州","card":"谭宇-养生式跟打","level":"入门","nickname":"0 4 . 2 2","role":"admin","sex":"male","title":"","user_id":1061917196},"sub_type":"normal","time":1557835209,"user_id":1061917196}
[19-05-14 20:00:11] [PicqBotX] [DEBUG(java.lang.Thread.run:748)] 收到新请求: CQHttp/4.8.0
[19-05-14 20:00:11] [PicqBotX] [DEBUG(java.lang.Thread.run:748)] - 数据: {"anonymous":null,"font":6235200,"group_id":723795668,"message":"第999段 速度121.15 击键6.93 码长3.43 字数100 时间00:49.03 回改0 退格2 回车0 键数340 选重6 键准99.41% 键法75.00% 重打0 打词0.00% 峰值146.09/8.43/3.35 输入法:QQ五笔输入法 校检:ef3cd 极速跟打器v1.46","message_id":9883,"message_type":"group","post_type":"message","raw_message":"第999段 速度121.15 击键6.93 码长3.43 字数100 时间00:49.03 回改0 退格2 回车0 键数340 选重6 键准99.41% 键法75.00% 重打0 打词0.00% 峰值146.09/8.43/3.35 输入法:QQ五笔输入法 校检:ef3cd 极速跟打器v1.46","self_id":2997400528,"sender":{"age":119,"area":"阿拉伯联合酋长国","card":"我要飞","level":"中级","nickname":"我心飞扬","role":"member","sex":"male","title":"","user_id":2760787042},"sub_type":"normal","time":1557835211,"user_id":2760787042}
[19-05-14 20:00:21] [PicqBotX] [DEBUG(java.lang.Thread.run:748)] 收到新请求: CQHttp/4.8.0
[19-05-14 20:00:21] [PicqBotX] [DEBUG(java.lang.Thread.run:748)] - 数据: {"anonymous":null,"font":6235232,"group_id":522394334,"message":"除非数据库被我动了一般都不会让你们强制更新的","message_id":9884,"message_type":"group","post_type":"message","raw_message":"除非数据库被我动了一般都不会让你们强制更新的","self_id":2997400528,"sender":{"age":8,"area":"广州","card":"谭宇-养生式跟打","level":"入门","nickname":"0 4 . 2 2","role":"admin","sex":"male","title":"","user_id":1061917196},"sub_type":"normal","time":1557835221,"user_id":1061917196}
[19-05-14 20:00:34] [PicqBotX] [DEBUG(java.lang.Thread.run:748)] 收到新请求: CQHttp/4.8.0
[19-05-14 20:00:34] [PicqBotX] [DEBUG(java.lang.Thread.run:748)] - 数据: {"anonymous":null,"font":6235424,"group_id":522394334,"message":"[CQ:image,file=8CE23F3EF2649442255F8534DC190321.jpg,url=https://gchat.qpic.cn/gchatpic_new/2297714857/522394334-2920607306-8CE23F3EF2649442255F8534DC190321/0?vuin=2997400528&amp;term=2]","message_id":9885,"message_type":"group","post_type":"message","raw_message":"[CQ:image,file=8CE23F3EF2649442255F8534DC190321.jpg]","self_id":2997400528,"sender":{"age":28,"area":"成都","card":"一枝独秀―谭八风","level":"了解群图书馆","nickname":"云华","role":"member","sex":"male","title":"","user_id":2297714857},"sub_type":"normal","time":1557835234,"user_id":2297714857}
[19-05-14 20:00:52] [PicqBotX] [DEBUG(java.lang.Thread.run:748)] 收到新请求: CQHttp/4.8.0
[19-05-14 20:00:52] [PicqBotX] [DEBUG(java.lang.Thread.run:748)] - 数据: {"anonymous":null,"font":6235904,"group_id":522394334,"message":"那也没事，我的文章都备份好了的","message_id":9886,"message_type":"group","post_type":"message","raw_message":"那也没事，我的文章都备份好了的","self_id":2997400528,"sender":{"age":28,"area":"成都","card":"一枝独秀―谭八风","level":"了解群图书馆","nickname":"云华","role":"member","sex":"male","title":"","user_id":2297714857},"sub_type":"normal","time":1557835252,"user_id":2297714857}
[19-05-14 20:00:57] [PicqBotX] [DEBUG(java.lang.Thread.run:748)] 收到新请求: CQHttp/4.8.0
[19-05-14 20:00:57] [PicqBotX] [DEBUG(java.lang.Thread.run:748)] - 数据: {"anonymous":null,"font":6235616,"group_id":522394334,"message":"[CQ:image,file=CCF320DE4A7495E4CA4B685CF3E0000D.gif,url=https://gchat.qpic.cn/gchatpic_new/2297714857/522394334-2468233348-CCF320DE4A7495E4CA4B685CF3E0000D/0?vuin=2997400528&amp;term=2]","message_id":9887,"message_type":"group","post_type":"message","raw_message":"[CQ:image,file=CCF320DE4A7495E4CA4B685CF3E0000D.gif]","self_id":2997400528,"sender":{"age":28,"area":"成都","card":"一枝独秀―谭八风","level":"了解群图书馆","nickname":"云华","role":"member","sex":"male","title":"","user_id":2297714857},"sub_type":"normal","time":1557835257,"user_id":2297714857}
[19-05-14 20:01:04] [PicqBotX] [DEBUG(java.lang.Thread.run:748)] 收到新请求: CQHttp/4.8.0
[19-05-14 20:01:04] [PicqBotX] [DEBUG(java.lang.Thread.run:748)] - 数据: {"anonymous":null,"font":6235808,"group_id":522394334,"message":"第999段 速度209.24 击键8.51 码长2.44 词库理论2.17 回改29(7.30s) 连改9 键准88.74% 停留&#91;选择&#93;1.25s 输入法:小鹤双拼飞扬版 校验:46278 个签:此键抚平天下不平事，此键无愧天下有愧人 t46.15","message_id":9888,"message_type":"group","post_type":"message","raw_message":"第999段 速度209.24 击键8.51 码长2.44 词库理论2.17 回改29(7.30s) 连改9 键准88.74% 停留&#91;选择&#93;1.25s 输入法:小鹤双拼飞扬版 校验:46278 个签:此键抚平天下不平事，此键无愧天下有愧人 t46.15","self_id":2997400528,"sender":{"age":0,"area":"","card":"八-小鹤音形","level":"中级","nickname":"温华","role":"member","sex":"unknown","title":"","user_id":871218215},"sub_type":"normal","time":1557835264,"user_id":871218215}
[19-05-14 20:01:25] [PicqBotX] [DEBUG(java.lang.Thread.run:748)] 收到新请求: CQHttp/4.8.0
[19-05-14 20:01:25] [PicqBotX] [DEBUG(java.lang.Thread.run:748)] - 数据: {"anonymous":null,"font":6235136,"group_id":522394334,"message":"什么时候才能稳七……","message_id":9889,"message_type":"group","post_type":"message","raw_message":"什么时候才能稳七……","self_id":2997400528,"sender":{"age":0,"area":"广州","card":"无聊-小鹤音形","level":"中级","nickname":"无聊","role":"member","sex":"male","title":"","user_id":779855010},"sub_type":"normal","time":1557835285,"user_id":779855010}
[19-05-14 20:01:32] [PicqBotX] [DEBUG(java.lang.Thread.run:748)] 收到新请求: CQHttp/4.8.0
[19-05-14 20:01:32] [PicqBotX] [DEBUG(java.lang.Thread.run:748)] - 数据: {"anonymous":null,"font":6235136,"group_id":522394334,"message":"问小八","message_id":9890,"message_type":"group","post_type":"message","raw_message":"问小八","self_id":2997400528,"sender":{"age":28,"area":"成都","card":"一枝独秀―谭八风","level":"了解群图书馆","nickname":"云华","role":"member","sex":"male","title":"","user_id":2297714857},"sub_type":"normal","time":1557835292,"user_id":2297714857}
[19-05-14 20:01:33] [PicqBotX] [DEBUG(java.lang.Thread.run:748)] 收到新请求: CQHttp/4.8.0
[19-05-14 20:01:33] [PicqBotX] [DEBUG(java.lang.Thread.run:748)] - 数据: {"anonymous":null,"font":6235232,"group_id":522394334,"message":"打游戏去了……","message_id":9891,"message_type":"group","post_type":"message","raw_message":"打游戏去了……","self_id":2997400528,"sender":{"age":0,"area":"广州","card":"无聊-小鹤音形","level":"中级","nickname":"无聊","role":"member","sex":"male","title":"","user_id":779855010},"sub_type":"normal","time":1557835293,"user_id":779855010}
[19-05-14 20:01:44] [PicqBotX] [DEBUG(java.lang.Thread.run:748)] 收到新请求: CQHttp/4.8.0
[19-05-14 20:01:44] [PicqBotX] [DEBUG(java.lang.Thread.run:748)] - 数据: {"anonymous":null,"font":6235808,"group_id":556981260,"message":"#配置 字数 500","message_id":9892,"message_type":"group","post_type":"message","raw_message":"#配置 字数 500","self_id":2997400528,"sender":{"age":0,"area":"广州","card":"无聊-小鹤","level":"新日电动车","nickname":"无聊","role":"member","sex":"male","title":"","user_id":779855010},"sub_type":"normal","time":1557835304,"user_id":779855010}
[19-05-14 20:01:45] [PicqBotX] [DEBUG(java.lang.Thread.run:748)] 收到新请求: CQHttp/4.8.0
[19-05-14 20:01:45] [PicqBotX] [DEBUG(java.lang.Thread.run:748)] - 数据: {"anonymous":null,"font":6235584,"group_id":556981260,"message":"配置“字数”修改成功，当前默认发送500字！","message_id":9893,"message_type":"group","post_type":"message","raw_message":"配置“字数”修改成功，当前默认发送500字！","self_id":2997400528,"sender":{"age":6,"area":"北京","card":"","level":"波音747","nickname":"小拆","role":"admin","sex":"female","title":"","user_id":207938707},"sub_type":"normal","time":1557835305,"user_id":207938707}
[19-05-14 20:01:47] [PicqBotX] [DEBUG(java.lang.Thread.run:748)] 收到新请求: CQHttp/4.8.0
[19-05-14 20:01:47] [PicqBotX] [DEBUG(java.lang.Thread.run:748)] - 数据: {"anonymous":null,"font":6235136,"group_id":556981260,"message":"#a 1 3","message_id":9894,"message_type":"group","post_type":"message","raw_message":"#a 1 3","self_id":2997400528,"sender":{"age":0,"area":"广州","card":"无聊-小鹤","level":"新日电动车","nickname":"无聊","role":"member","sex":"male","title":"","user_id":779855010},"sub_type":"normal","time":1557835307,"user_id":779855010}
[19-05-14 20:01:48] [PicqBotX] [DEBUG(java.lang.Thread.run:748)] 收到新请求: CQHttp/4.8.0
[19-05-14 20:01:48] [PicqBotX] [DEBUG(java.lang.Thread.run:748)] - 数据: {"anonymous":null,"font":6235040,"group_id":556981260,"message":"常用单字中五百\r\n密坏盖营座菜助伙铁担冷牌维封拍负娘顿歌园居贵素索占毫跑哪松探赶丽仁席齐历掌村摇愿级画福苦摆您选害纪圣右河际普育状散迎脚食荣妇史游批料争甚护坚波派宁府异阴亮晓吸权梅扬份限勇谓压党沙轮春脑恶丁划龙户街宝馆威项略厅征余环室托脸突讲免创价副醒痛嘴宗挥艺宣优停衣般恩较硬伸亚广杂组介斯击怕置需靠默换医窗乡梦巴仅激试奇列船卫希唐饭止承效律欢趣执参阵含逐肯否适夜积释翻母肉诗块睛秘章缺怪怀某啊研队号登守端克苏酒岁惊升烈玩寻雷充访另曲康织毛职吉树敢礼忽兄欲例握围星策技初楚灯判归哥笔脱灵君休资考斗降祖耳预跳案器基卷背标兰妻幸局兵京楼短增银责农恐遍渐防田拿救良睡妈细骨庭源暗够角独胡班借永规浪禁疑委互架遇股镇午急操夏演缓尼叶错抱科雪野危陈移掉板湖材钟软层乱土练男采米诉丝朱词临欧追球省线虚警杨雨温朋孩倒油智沉谁藏施冲买朝察晚替排财速盘汉超续露屋药古熟帮著质避姐忙胜姓忘验模仍床隐雄益抓专招导舞血困族顶刘迷简莫败罪概草私秀既秋按戏犯洋亦假济呼虑劳弟属率皮味社喝卖差套牛读左杀静联吧凡配绿姑宫景伯范校区束毕州烟退彩句习孙吗继监值阿纳投查庄供攻检团穿旧印态刀木误破谢竟富致养讨冰店境伤堂哈射修旁香善茶顺毒险尚慢获纸付玉网顾佛\r\n-----第61834段-乱序--c.fw.1.5","message_id":9895,"message_type":"group","post_type":"message","raw_message":"常用单字中五百\r\n密坏盖营座菜助伙铁担冷牌维封拍负娘顿歌园居贵素索占毫跑哪松探赶丽仁席齐历掌村摇愿级画福苦摆您选害纪圣右河际普育状散迎脚食荣妇史游批料争甚护坚波派宁府异阴亮晓吸权梅扬份限勇谓压党沙轮春脑恶丁划龙户街宝馆威项略厅征余环室托脸突讲免创价副醒痛嘴宗挥艺宣优停衣般恩较硬伸亚广杂组介斯击怕置需靠默换医窗乡梦巴仅激试奇列船卫希唐饭止承效律欢趣执参阵含逐肯否适夜积释翻母肉诗块睛秘章缺怪怀某啊研队号登守端克苏酒岁惊升烈玩寻雷充访另曲康织毛职吉树敢礼忽兄欲例握围星策技初楚灯判归哥笔脱灵君休资考斗降祖耳预跳案器基卷背标兰妻幸局兵京楼短增银责农恐遍渐防田拿救良睡妈细骨庭源暗够角独胡班借永规浪禁疑委互架遇股镇午急操夏演缓尼叶错抱科雪野危陈移掉板湖材钟软层乱土练男采米诉丝朱词临欧追球省线虚警杨雨温朋孩倒油智沉谁藏施冲买朝察晚替排财速盘汉超续露屋药古熟帮著质避姐忙胜姓忘验模仍床隐雄益抓专招导舞血困族顶刘迷简莫败罪概草私秀既秋按戏犯洋亦假济呼虑劳弟属率皮味社喝卖差套牛读左杀静联吧凡配绿姑宫景伯范校区束毕州烟退彩句习孙吗继监值阿纳投查庄供攻检团穿旧印态刀木误破谢竟富致养讨冰店境伤堂哈射修旁香善茶顺毒险尚慢获纸付玉网顾佛\r\n-----第61834段-乱序--c.fw.1.5","self_id":2997400528,"sender":{"age":6,"area":"北京","card":"","level":"波音747","nickname":"小拆","role":"admin","sex":"female","title":"","user_id":207938707},"sub_type":"normal","time":1557835308,"user_id":207938707}
[19-05-14 20:01:51] [PicqBotX] [DEBUG(java.lang.Thread.run:748)] 收到新请求: CQHttp/4.8.0
[19-05-14 20:01:51] [PicqBotX] [DEBUG(java.lang.Thread.run:748)] - 数据: {"anonymous":null,"font":6235872,"group_id":723795668,"message":"第999段 速度94.38 击键6.77 码长4.30 字数100 时间01:02.94 回改9 退格19 回车0 键数426 选重5 键准93.43% 键法71.65% 重打0 打词0.00% 峰值124.37/8.75/3.81 输入法:QQ五笔输入法 校检:d9669 极速跟打器v1.46","message_id":9896,"message_type":"group","post_type":"message","raw_message":"第999段 速度94.38 击键6.77 码长4.30 字数100 时间01:02.94 回改9 退格19 回车0 键数426 选重5 键准93.43% 键法71.65% 重打0 打词0.00% 峰值124.37/8.75/3.81 输入法:QQ五笔输入法 校检:d9669 极速跟打器v1.46","self_id":2997400528,"sender":{"age":119,"area":"阿拉伯联合酋长国","card":"我要飞","level":"中级","nickname":"我心飞扬","role":"member","sex":"male","title":"","user_id":2760787042},"sub_type":"normal","time":1557835311,"user_id":2760787042}
[19-05-14 20:02:20] [PicqBotX] [DEBUG(java.lang.Thread.run:748)] 收到新请求: CQHttp/4.8.0
[19-05-14 20:02:20] [PicqBotX] [DEBUG(java.lang.Thread.run:748)] - 数据: {"anonymous":null,"font":6235616,"group_id":522394334,"message":"你前1500单字要能打到9，估计就能稳七了","message_id":9897,"message_type":"group","post_type":"message","raw_message":"你前1500单字要能打到9，估计就能稳七了","self_id":2997400528,"sender":{"age":28,"area":"成都","card":"一枝独秀―谭八风","level":"了解群图书馆","nickname":"云华","role":"member","sex":"male","title":"","user_id":2297714857},"sub_type":"normal","time":1557835340,"user_id":2297714857}
[19-05-14 20:02:28] [PicqBotX] [DEBUG(java.lang.Thread.run:748)] 收到新请求: CQHttp/4.8.0
[19-05-14 20:02:28] [PicqBotX] [DEBUG(java.lang.Thread.run:748)] - 数据: {"anonymous":null,"font":6235712,"group_id":522394334,"message":"[CQ:image,file=8D51D1B59ADFBA17961BCAB926715DC2.gif,url=https://gchat.qpic.cn/gchatpic_new/2297714857/522394334-2446971631-8D51D1B59ADFBA17961BCAB926715DC2/0?vuin=2997400528&amp;term=2]","message_id":9898,"message_type":"group","post_type":"message","raw_message":"[CQ:image,file=8D51D1B59ADFBA17961BCAB926715DC2.gif]","self_id":2997400528,"sender":{"age":28,"area":"成都","card":"一枝独秀―谭八风","level":"了解群图书馆","nickname":"云华","role":"member","sex":"male","title":"","user_id":2297714857},"sub_type":"normal","time":1557835348,"user_id":2297714857}
[19-05-14 20:02:49] [PicqBotX] [DEBUG(java.lang.Thread.run:748)] 收到新请求: CQHttp/4.8.0
[19-05-14 20:02:49] [PicqBotX] [DEBUG(java.lang.Thread.run:748)] - 数据: {"anonymous":null,"font":6235712,"group_id":723795668,"message":"第999段 速度110.37 击键7.08 码长3.85 字数100 时间00:53.82 回改9 退格4 回车0 键数381 选重7 键准96.59% 键法71.07% 重打0 打词2.02% 峰值140.26/7.96/3.35 输入法:QQ五笔输入法 校检:2fb95 极速跟打器v1.46","message_id":9899,"message_type":"group","post_type":"message","raw_message":"第999段 速度110.37 击键7.08 码长3.85 字数100 时间00:53.82 回改9 退格4 回车0 键数381 选重7 键准96.59% 键法71.07% 重打0 打词2.02% 峰值140.26/7.96/3.35 输入法:QQ五笔输入法 校检:2fb95 极速跟打器v1.46","self_id":2997400528,"sender":{"age":119,"area":"阿拉伯联合酋长国","card":"我要飞","level":"中级","nickname":"我心飞扬","role":"member","sex":"male","title":"","user_id":2760787042},"sub_type":"normal","time":1557835369,"user_id":2760787042}
[19-05-14 20:03:06] [PicqBotX] [DEBUG(java.lang.Thread.run:748)] 收到新请求: CQHttp/4.8.0
[19-05-14 20:03:06] [PicqBotX] [DEBUG(java.lang.Thread.run:748)] - 数据: {"anonymous":null,"font":6235616,"group_id":556981260,"message":"第999段 速度74.82/83.26 击键3.88 码长2.80 字数495 时间05:55.26 回改26 退格68 回车0 键数1380 选重9 键准93.19% 键法59.90% 重打1 打词85.19% 峰值93.83/5.88/2.63 错字10 错情&#91;根得这些断得匿去写徒√ 跟的致谢短的你曲谢如×&#93;&#91;错一罚五&#93; 校检:fc802 极速跟打器v1.46","message_id":9900,"message_type":"group","post_type":"message","raw_message":"第999段 速度74.82/83.26 击键3.88 码长2.80 字数495 时间05:55.26 回改26 退格68 回车0 键数1380 选重9 键准93.19% 键法59.90% 重打1 打词85.19% 峰值93.83/5.88/2.63 错字10 错情&#91;根得这些断得匿去写徒√ 跟的致谢短的你曲谢如×&#93;&#91;错一罚五&#93; 校检:fc802 极速跟打器v1.46","self_id":2997400528,"sender":{"age":78,"area":"沧州","card":"大猫-自然码双拼","level":"小蹦哒","nickname":"日月","role":"member","sex":"male","title":"","user_id":313471315},"sub_type":"normal","time":1557835386,"user_id":313471315}
[19-05-14 20:03:07] [PicqBotX] [DEBUG(java.lang.Thread.run:748)] 收到新请求: CQHttp/4.8.0
[19-05-14 20:03:07] [PicqBotX] [DEBUG(java.lang.Thread.run:748)] - 数据: {"anonymous":null,"font":6235232,"group_id":522394334,"message":"每天一个小时单字，一个小时以上的文章……","message_id":9901,"message_type":"group","post_type":"message","raw_message":"每天一个小时单字，一个小时以上的文章……","self_id":2997400528,"sender":{"age":28,"area":"成都","card":"一枝独秀―谭八风","level":"了解群图书馆","nickname":"云华","role":"member","sex":"male","title":"","user_id":2297714857},"sub_type":"normal","time":1557835387,"user_id":2297714857}
[19-05-14 20:03:09] [PicqBotX] [DEBUG(java.lang.Thread.run:748)] 收到新请求: CQHttp/4.8.0
[19-05-14 20:03:09] [PicqBotX] [DEBUG(java.lang.Thread.run:748)] - 数据: {"anonymous":null,"font":6235872,"group_id":556981260,"message":"检测到有人发比赛认证段，自动关闭机器人的发文功能。","message_id":9902,"message_type":"group","post_type":"message","raw_message":"检测到有人发比赛认证段，自动关闭机器人的发文功能。","self_id":2997400528,"sender":{"age":6,"area":"北京","card":"","level":"波音747","nickname":"小拆","role":"admin","sex":"female","title":"","user_id":207938707},"sub_type":"normal","time":1557835389,"user_id":207938707}
[19-05-14 20:03:13] [PicqBotX] [DEBUG(java.lang.Thread.run:748)] 收到新请求: CQHttp/4.8.0
[19-05-14 20:03:13] [PicqBotX] [DEBUG(java.lang.Thread.run:748)] - 数据: {"anonymous":null,"font":6235168,"group_id":723795668,"message":"第1段 速度50.29 击键2.20 码长2.63 字数483 时间09:35.09 回改20 退格28 回车0 键数1267 选重15 键准96.21% 键法64.85% 重打1 打词80.29% 峰值80.27/3.01/2.14 输入法:搜狗小鹤双拼 键盘: 个签:新手请多多指教 校检:e98a9 极速跟打器v1.45 ","message_id":9903,"message_type":"group","post_type":"message","raw_message":"第1段 速度50.29 击键2.20 码长2.63 字数483 时间09:35.09 回改20 退格28 回车0 键数1267 选重15 键准96.21% 键法64.85% 重打1 打词80.29% 峰值80.27/3.01/2.14 输入法:搜狗小鹤双拼 键盘: 个签:新手请多多指教 校检:e98a9 极速跟打器v1.45 ","self_id":2997400528,"sender":{"age":22,"area":"梧州","card":"菜鸟小鹤双拼","level":"高手","nickname":"放空","role":"member","sex":"female","title":"","user_id":1468665177},"sub_type":"normal","time":1557835393,"user_id":1468665177}
[19-05-14 20:03:29] [PicqBotX] [DEBUG(java.lang.Thread.run:748)] 收到新请求: CQHttp/4.8.0
[19-05-14 20:03:29] [PicqBotX] [DEBUG(java.lang.Thread.run:748)] - 数据: {"anonymous":null,"font":6235904,"group_id":522394334,"message":"[CQ:image,file=CCF320DE4A7495E4CA4B685CF3E0000D.gif,url=https://gchat.qpic.cn/gchatpic_new/2297714857/522394334-2468233348-CCF320DE4A7495E4CA4B685CF3E0000D/0?vuin=2997400528&amp;term=2]大佬应该是不会骗我的，人家都是这样练的","message_id":9904,"message_type":"group","post_type":"message","raw_message":"[CQ:image,file=CCF320DE4A7495E4CA4B685CF3E0000D.gif]大佬应该是不会骗我的，人家都是这样练的","self_id":2997400528,"sender":{"age":28,"area":"成都","card":"一枝独秀―谭八风","level":"了解群图书馆","nickname":"云华","role":"member","sex":"male","title":"","user_id":2297714857},"sub_type":"normal","time":1557835409,"user_id":2297714857}
[19-05-14 20:03:40] [PicqBotX] [DEBUG(java.lang.Thread.run:748)] 收到新请求: CQHttp/4.8.0
[19-05-14 20:03:40] [PicqBotX] [DEBUG(java.lang.Thread.run:748)] - 数据: {"anonymous":null,"font":6235040,"group_id":522394334,"message":"你别骗我","message_id":9905,"message_type":"group","post_type":"message","raw_message":"你别骗我","self_id":2997400528,"sender":{"age":0,"area":"","card":"","level":"中级","nickname":"礼","role":"member","sex":"unknown","title":"","user_id":20062605},"sub_type":"normal","time":1557835420,"user_id":20062605}
[19-05-14 20:03:48] [PicqBotX] [DEBUG(java.lang.Thread.run:748)] 收到新请求: CQHttp/4.8.0
[19-05-14 20:03:48] [PicqBotX] [DEBUG(java.lang.Thread.run:748)] - 数据: {"anonymous":null,"font":6235328,"group_id":522394334,"message":"我没骗你","message_id":9906,"message_type":"group","post_type":"message","raw_message":"我没骗你","self_id":2997400528,"sender":{"age":28,"area":"成都","card":"一枝独秀―谭八风","level":"了解群图书馆","nickname":"云华","role":"member","sex":"male","title":"","user_id":2297714857},"sub_type":"normal","time":1557835428,"user_id":2297714857}
[19-05-14 20:03:51] [PicqBotX] [DEBUG(java.lang.Thread.run:748)] 收到新请求: CQHttp/4.8.0
[19-05-14 20:03:51] [PicqBotX] [DEBUG(java.lang.Thread.run:748)] - 数据: {"anonymous":null,"font":6235168,"group_id":723795668,"message":"随机一文，长度500","message_id":9907,"message_type":"group","post_type":"message","raw_message":"随机一文，长度500","self_id":2997400528,"sender":{"age":22,"area":"梧州","card":"菜鸟小鹤双拼","level":"高手","nickname":"放空","role":"member","sex":"female","title":"","user_id":1468665177},"sub_type":"normal","time":1557835431,"user_id":1468665177}
[19-05-14 20:03:51] [PicqBotX] [DEBUG(java.lang.Thread.run:748)] 收到新请求: CQHttp/4.8.0
[19-05-14 20:03:51] [PicqBotX] [DEBUG(java.lang.Thread.run:748)] - 数据: {"anonymous":null,"font":6235616,"group_id":723795668,"message":"《笨人》散文第1期-作者：亦舒\r\n一位成功人士对记者说：“我并不聪明，但我很勤力。”笨人看了，十分安慰。总有点帮助吧，人家读一次，我读一百次，人家跳罢舞才做功课，我黎明即起，埋头苦干。资质不如人，唯有多下苦工。勤力的牛虽然无可能名利双收，至低限度，有草Y腹。当然佩服懂得利用机会走捷径的聪明人，出场之际，已晓得找人抬轿、开路，边走边拢络打手，随时把异己者打个稀巴烂，假以时日，事半功倍，前途无可限量。不过渐渐发觉做笨人反而有好处，以不变应万变绝对省力，可专心工作，但见聪明人兜兜转转，偏偏遇着人算不如天算，变了千变也是白变。随便举个例：一人不识，活该寂寞，相识遍天下者，何尝不在太息知己无一人，故何必劳碌地拢络朋友。笨是至佳藉口：我笨，只会得死干，不懂其他，我妈什么都教我，奈何。到后来，发觉得到的也并不比锱铢必计的聪明人少，笨人自有笨方。\r\n-----第1段-----","message_id":9908,"message_type":"group","post_type":"message","raw_message":"《笨人》散文第1期-作者：亦舒\r\n一位成功人士对记者说：“我并不聪明，但我很勤力。”笨人看了，十分安慰。总有点帮助吧，人家读一次，我读一百次，人家跳罢舞才做功课，我黎明即起，埋头苦干。资质不如人，唯有多下苦工。勤力的牛虽然无可能名利双收，至低限度，有草Y腹。当然佩服懂得利用机会走捷径的聪明人，出场之际，已晓得找人抬轿、开路，边走边拢络打手，随时把异己者打个稀巴烂，假以时日，事半功倍，前途无可限量。不过渐渐发觉做笨人反而有好处，以不变应万变绝对省力，可专心工作，但见聪明人兜兜转转，偏偏遇着人算不如天算，变了千变也是白变。随便举个例：一人不识，活该寂寞，相识遍天下者，何尝不在太息知己无一人，故何必劳碌地拢络朋友。笨是至佳藉口：我笨，只会得死干，不懂其他，我妈什么都教我，奈何。到后来，发觉得到的也并不比锱铢必计的聪明人少，笨人自有笨方。\r\n-----第1段-----","self_id":2997400528,"sender":{"age":1,"area":"","card":"群帅","level":"小白","nickname":"拆小鹤","role":"member","sex":"female","title":"","user_id":428826691},"sub_type":"normal","time":1557835431,"user_id":428826691}
[19-05-14 20:03:51] [PicqBotX] [DEBUG(java.lang.Thread.run:748)] 收到新请求: CQHttp/4.8.0
[19-05-14 20:03:51] [PicqBotX] [DEBUG(java.lang.Thread.run:748)] - 数据: {"anonymous":null,"font":6235808,"group_id":522394334,"message":"先开始入门","message_id":9909,"message_type":"group","post_type":"message","raw_message":"先开始入门","self_id":2997400528,"sender":{"age":28,"area":"成都","card":"一枝独秀―谭八风","level":"了解群图书馆","nickname":"云华","role":"member","sex":"male","title":"","user_id":2297714857},"sub_type":"normal","time":1557835431,"user_id":2297714857}
[19-05-14 20:03:54] [PicqBotX] [DEBUG(java.lang.Thread.run:748)] 收到新请求: CQHttp/4.8.0
[19-05-14 20:03:54] [PicqBotX] [DEBUG(java.lang.Thread.run:748)] - 数据: {"anonymous":null,"font":6235968,"group_id":522394334,"message":"那我试试","message_id":9910,"message_type":"group","post_type":"message","raw_message":"那我试试","self_id":2997400528,"sender":{"age":0,"area":"","card":"","level":"中级","nickname":"礼","role":"member","sex":"unknown","title":"","user_id":20062605},"sub_type":"normal","time":1557835434,"user_id":20062605}
[19-05-14 20:03:54] [PicqBotX] [DEBUG(java.lang.Thread.run:748)] 收到新请求: CQHttp/4.8.0
[19-05-14 20:03:54] [PicqBotX] [DEBUG(java.lang.Thread.run:748)] - 数据: {"anonymous":null,"font":6234976,"group_id":522394334,"message":"前五百","message_id":9911,"message_type":"group","post_type":"message","raw_message":"前五百","self_id":2997400528,"sender":{"age":28,"area":"成都","card":"一枝独秀―谭八风","level":"了解群图书馆","nickname":"云华","role":"member","sex":"male","title":"","user_id":2297714857},"sub_type":"normal","time":1557835434,"user_id":2297714857}
[19-05-14 20:04:00] [PicqBotX] [DEBUG(java.lang.Thread.run:748)] 收到新请求: CQHttp/4.8.0
[19-05-14 20:04:00] [PicqBotX] [DEBUG(java.lang.Thread.run:748)] - 数据: {"anonymous":null,"font":6235936,"group_id":522394334,"message":"分成五十组","message_id":9912,"message_type":"group","post_type":"message","raw_message":"分成五十组","self_id":2997400528,"sender":{"age":28,"area":"成都","card":"一枝独秀―谭八风","level":"了解群图书馆","nickname":"云华","role":"member","sex":"male","title":"","user_id":2297714857},"sub_type":"normal","time":1557835440,"user_id":2297714857}
[19-05-14 20:04:11] [PicqBotX] [DEBUG(java.lang.Thread.run:748)] 收到新请求: CQHttp/4.8.0
[19-05-14 20:04:11] [PicqBotX] [DEBUG(java.lang.Thread.run:748)] - 数据: {"anonymous":null,"font":6235328,"group_id":522394334,"message":"然后打到六击就过一组","message_id":9913,"message_type":"group","post_type":"message","raw_message":"然后打到六击就过一组","self_id":2997400528,"sender":{"age":28,"area":"成都","card":"一枝独秀―谭八风","level":"了解群图书馆","nickname":"云华","role":"member","sex":"male","title":"","user_id":2297714857},"sub_type":"normal","time":1557835451,"user_id":2297714857}
[19-05-14 20:04:24] [PicqBotX] [DEBUG(java.lang.Thread.run:748)] 收到新请求: CQHttp/4.8.0
[19-05-14 20:04:24] [PicqBotX] [DEBUG(java.lang.Thread.run:748)] - 数据: {"anonymous":null,"font":6235104,"group_id":522394334,"message":"一个小时之内能过多少就过多少","message_id":9914,"message_type":"group","post_type":"message","raw_message":"一个小时之内能过多少就过多少","self_id":2997400528,"sender":{"age":28,"area":"成都","card":"一枝独秀―谭八风","level":"了解群图书馆","nickname":"云华","role":"member","sex":"male","title":"","user_id":2297714857},"sub_type":"normal","time":1557835464,"user_id":2297714857}
[19-05-14 20:04:40] [PicqBotX] [DEBUG(java.lang.Thread.run:748)] 收到新请求: CQHttp/4.8.0
[19-05-14 20:04:40] [PicqBotX] [DEBUG(java.lang.Thread.run:748)] - 数据: {"anonymous":null,"font":6235232,"group_id":522394334,"message":"试试就试试","message_id":9915,"message_type":"group","post_type":"message","raw_message":"试试就试试","self_id":2997400528,"sender":{"age":0,"area":"","card":"","level":"中级","nickname":"礼","role":"member","sex":"unknown","title":"","user_id":20062605},"sub_type":"normal","time":1557835480,"user_id":20062605}
[19-05-14 20:05:08] [PicqBotX] [DEBUG(java.lang.Thread.run:748)] 收到新请求: CQHttp/4.8.0
[19-05-14 20:05:08] [PicqBotX] [DEBUG(java.lang.Thread.run:748)] - 数据: {"anonymous":null,"font":6235776,"group_id":522394334,"message":"等全部打完了，然后再把前五百全部打一遍，打到击键六，然后只打一个小时，其余时间用来打文章","message_id":9916,"message_type":"group","post_type":"message","raw_message":"等全部打完了，然后再把前五百全部打一遍，打到击键六，然后只打一个小时，其余时间用来打文章","self_id":2997400528,"sender":{"age":28,"area":"成都","card":"一枝独秀―谭八风","level":"了解群图书馆","nickname":"云华","role":"member","sex":"male","title":"","user_id":2297714857},"sub_type":"normal","time":1557835508,"user_id":2297714857}
[19-05-14 20:05:26] [PicqBotX] [DEBUG(java.lang.Thread.run:748)] 收到新请求: CQHttp/4.8.0
[19-05-14 20:05:26] [PicqBotX] [DEBUG(java.lang.Thread.run:748)] - 数据: {"anonymous":null,"font":6235232,"group_id":522394334,"message":"前五百能击键六了，就开始弄前1500","message_id":9917,"message_type":"group","post_type":"message","raw_message":"前五百能击键六了，就开始弄前1500","self_id":2997400528,"sender":{"age":28,"area":"成都","card":"一枝独秀―谭八风","level":"了解群图书馆","nickname":"云华","role":"member","sex":"male","title":"","user_id":2297714857},"sub_type":"normal","time":1557835526,"user_id":2297714857}
[19-05-14 20:05:29] [PicqBotX] [DEBUG(java.lang.Thread.run:748)] 收到新请求: CQHttp/4.8.0
[19-05-14 20:05:29] [PicqBotX] [DEBUG(java.lang.Thread.run:748)] - 数据: {"anonymous":null,"font":6235008,"group_id":522394334,"message":"第999段 速度229.84 击键9.01 码长2.35 词库理论2.17 回改15(3.67s) 连改4 键准93.46% 停留&#91;漂亮&#93;1.53s 输入法:小鹤双拼飞扬版 校验:97713 个签:此键抚平天下不平事，此键无愧天下有愧人 t46.15","message_id":9918,"message_type":"group","post_type":"message","raw_message":"第999段 速度229.84 击键9.01 码长2.35 词库理论2.17 回改15(3.67s) 连改4 键准93.46% 停留&#91;漂亮&#93;1.53s 输入法:小鹤双拼飞扬版 校验:97713 个签:此键抚平天下不平事，此键无愧天下有愧人 t46.15","self_id":2997400528,"sender":{"age":0,"area":"","card":"八-小鹤音形","level":"中级","nickname":"温华","role":"member","sex":"unknown","title":"","user_id":871218215},"sub_type":"normal","time":1557835529,"user_id":871218215}
[19-05-14 20:05:30] [PicqBotX] [DEBUG(java.lang.Thread.run:748)] 收到新请求: CQHttp/4.8.0
[19-05-14 20:05:30] [PicqBotX] [DEBUG(java.lang.Thread.run:748)] - 数据: {"anonymous":null,"font":6235488,"group_id":522394334,"message":"弄到9击键","message_id":9919,"message_type":"group","post_type":"message","raw_message":"弄到9击键","self_id":2997400528,"sender":{"age":28,"area":"成都","card":"一枝独秀―谭八风","level":"了解群图书馆","nickname":"云华","role":"member","sex":"male","title":"","user_id":2297714857},"sub_type":"normal","time":1557835530,"user_id":2297714857}
[19-05-14 20:05:36] [PicqBotX] [DEBUG(java.lang.Thread.run:748)] 收到新请求: CQHttp/4.8.0
[19-05-14 20:05:36] [PicqBotX] [DEBUG(java.lang.Thread.run:748)] - 数据: {"anonymous":null,"font":6235744,"group_id":522394334,"message":"#成绩","message_id":9920,"message_type":"group","post_type":"message","raw_message":"#成绩","self_id":2997400528,"sender":{"age":0,"area":"","card":"八-小鹤音形","level":"中级","nickname":"温华","role":"member","sex":"unknown","title":"","user_id":871218215},"sub_type":"normal","time":1557835536,"user_id":871218215}
[19-05-14 20:05:39] [PicqBotX] [DEBUG(java.lang.Thread.run:748)] 收到新请求: CQHttp/4.8.0
[19-05-14 20:05:39] [PicqBotX] [DEBUG(java.lang.Thread.run:748)] - 数据: {"anonymous":null,"font":6235456,"group_id":522394334,"message":"[CQ:image,file=BF55A96102E14F4C2F18FC3DE638A16B.png,url=https://gchat.qpic.cn/gchatpic_new/207938707/522394334-2727245124-BF55A96102E14F4C2F18FC3DE638A16B/0?vuin=2997400528&amp;term=2]","message_id":9921,"message_type":"group","post_type":"message","raw_message":"[CQ:image,file=BF55A96102E14F4C2F18FC3DE638A16B.png]","self_id":2997400528,"sender":{"age":6,"area":"北京","card":"","level":"小白","nickname":"小拆","role":"member","sex":"female","title":"","user_id":207938707},"sub_type":"normal","time":1557835539,"user_id":207938707}
[19-05-14 20:05:45] [PicqBotX] [DEBUG(java.lang.Thread.run:748)] 收到新请求: CQHttp/4.8.0
[19-05-14 20:05:45] [PicqBotX] [DEBUG(java.lang.Thread.run:748)] - 数据: {"anonymous":null,"font":6235936,"group_id":522394334,"message":"分成30个字一组","message_id":9922,"message_type":"group","post_type":"message","raw_message":"分成30个字一组","self_id":2997400528,"sender":{"age":28,"area":"成都","card":"一枝独秀―谭八风","level":"了解群图书馆","nickname":"云华","role":"member","sex":"male","title":"","user_id":2297714857},"sub_type":"normal","time":1557835545,"user_id":2297714857}
[19-05-14 20:05:53] [PicqBotX] [DEBUG(java.lang.Thread.run:748)] 收到新请求: CQHttp/4.8.0
[19-05-14 20:05:53] [PicqBotX] [DEBUG(java.lang.Thread.run:748)] - 数据: {"anonymous":null,"font":6235168,"group_id":522394334,"message":"[CQ:image,file=CCF320DE4A7495E4CA4B685CF3E0000D.gif,url=https://gchat.qpic.cn/gchatpic_new/2297714857/522394334-2468233348-CCF320DE4A7495E4CA4B685CF3E0000D/0?vuin=2997400528&amp;term=2]","message_id":9923,"message_type":"group","post_type":"message","raw_message":"[CQ:image,file=CCF320DE4A7495E4CA4B685CF3E0000D.gif]","self_id":2997400528,"sender":{"age":28,"area":"成都","card":"一枝独秀―谭八风","level":"了解群图书馆","nickname":"云华","role":"member","sex":"male","title":"","user_id":2297714857},"sub_type":"normal","time":1557835553,"user_id":2297714857}
[19-05-14 20:06:01] [PicqBotX] [DEBUG(java.lang.Thread.run:748)] 收到新请求: CQHttp/4.8.0
[19-05-14 20:06:01] [PicqBotX] [DEBUG(java.lang.Thread.run:748)] - 数据: {"anonymous":null,"font":6235008,"group_id":522394334,"message":"好像是30我看看","message_id":9924,"message_type":"group","post_type":"message","raw_message":"好像是30我看看","self_id":2997400528,"sender":{"age":28,"area":"成都","card":"一枝独秀―谭八风","level":"了解群图书馆","nickname":"云华","role":"member","sex":"male","title":"","user_id":2297714857},"sub_type":"normal","time":1557835561,"user_id":2297714857}
[19-05-14 20:06:06] [PicqBotX] [DEBUG(java.lang.Thread.run:748)] 收到新请求: CQHttp/4.8.0
[19-05-14 20:06:06] [PicqBotX] [DEBUG(java.lang.Thread.run:748)] - 数据: {"anonymous":null,"font":6235744,"group_id":522394334,"message":"我有点记不清楚了","message_id":9925,"message_type":"group","post_type":"message","raw_message":"我有点记不清楚了","self_id":2997400528,"sender":{"age":28,"area":"成都","card":"一枝独秀―谭八风","level":"了解群图书馆","nickname":"云华","role":"member","sex":"male","title":"","user_id":2297714857},"sub_type":"normal","time":1557835566,"user_id":2297714857}
[19-05-14 20:06:16] [PicqBotX] [DEBUG(java.lang.Thread.run:748)] 收到新请求: CQHttp/4.8.0
[19-05-14 20:06:16] [PicqBotX] [DEBUG(java.lang.Thread.run:748)] - 数据: {"anonymous":null,"font":6235648,"group_id":522394334,"message":"我现在还在练前五百","message_id":9926,"message_type":"group","post_type":"message","raw_message":"我现在还在练前五百","self_id":2997400528,"sender":{"age":28,"area":"成都","card":"一枝独秀―谭八风","level":"了解群图书馆","nickname":"云华","role":"member","sex":"male","title":"","user_id":2297714857},"sub_type":"normal","time":1557835576,"user_id":2297714857}
[19-05-14 20:06:26] [PicqBotX] [DEBUG(java.lang.Thread.run:748)] 收到新请求: CQHttp/4.8.0
[19-05-14 20:06:26] [PicqBotX] [DEBUG(java.lang.Thread.run:748)] - 数据: {"anonymous":null,"font":6235872,"group_id":522394334,"message":"前段时间偷懒，没练单字","message_id":9927,"message_type":"group","post_type":"message","raw_message":"前段时间偷懒，没练单字","self_id":2997400528,"sender":{"age":28,"area":"成都","card":"一枝独秀―谭八风","level":"了解群图书馆","nickname":"云华","role":"member","sex":"male","title":"","user_id":2297714857},"sub_type":"normal","time":1557835586,"user_id":2297714857}
[19-05-14 20:07:00] [PicqBotX] [DEBUG(java.lang.Thread.run:748)] 收到新请求: CQHttp/4.8.0
