[19-05-17 12:10:07] [PicqBotX] [INFO] 
[19-05-17 12:10:07] [PicqBotX] [INFO]     ____  _            ____        __ _  __
[19-05-17 12:10:07] [PicqBotX] [INFO]    / __ \(_)________ _/ __ )____  / /| |/ /
[19-05-17 12:10:07] [PicqBotX] [INFO]   / /_/ / / ___/ __ `/ __  / __ \/ __/   /
[19-05-17 12:10:07] [PicqBotX] [INFO]  / ____/ / /__/ /_/ / /_/ / /_/ / /_/   |
[19-05-17 12:10:07] [PicqBotX] [INFO] /_/   /_/\___/\__, /_____/\____/\__/_/|_|
[19-05-17 12:10:07] [PicqBotX] [INFO]                 /_/         v3.2.2.896
[19-05-17 12:10:07] [PicqBotX] [INFO] 日志管理器     初始化完成 [******] ...(32.08 ms)
[19-05-17 12:10:07] [PicqBotX] [INFO] 缓存管理器     初始化完成 [******] ...(1.84 ms)
[19-05-17 12:10:07] [PicqBotX] [INFO] DEBUG设置     初始化完成 [******] ...(0.01 ms)
[19-05-17 12:10:07] [PicqBotX] [INFO] 事件管理器     初始化完成 [******] ...(31.88 ms)
[19-05-17 12:10:07] [PicqBotX] [INFO] 账号管理器     初始化完成 [******] ...(0.87 ms)
[19-05-17 12:10:07] [PicqBotX] [INFO] HTTP监听服务器 初始化完成 [******] ...(1.43 ms)
[19-05-17 12:10:08] [PicqBotX] [INFO] 指令管理器     初始化完成 [******] ...(2.45 ms)
[19-05-17 12:10:08] [PicqBotX] [WARNING] 账号 Bot01: 版本正确, 不过用酷Q Pro的话效果更好哦!
[19-05-17 12:10:08] [PicqBotX] [INFO] 账号 Bot01:   版本验证完成!
[19-05-17 12:10:08] [PicqBotX] [INFO] 正在启动...
[19-05-17 12:10:12] [PicqBotX] [DEBUG(java.lang.Thread.run:748)] 收到新请求: CQHttp/4.8.0
[19-05-17 12:10:12] [PicqBotX] [DEBUG(java.lang.Thread.run:748)] - 数据: {"anonymous":null,"font":8209512,"group_id":522394334,"message":"#随机战场 10 3 3","message_id":13989,"message_type":"group","post_type":"message","raw_message":"#随机战场 10 3 3","self_id":2997400528,"sender":{"age":8,"area":"广州","card":"谭宇-养生式跟打","level":"入门","nickname":"0 4 . 2 2","role":"admin","sex":"male","title":"","user_id":1061917196},"sub_type":"normal","time":1558066212,"user_id":1061917196}
[19-05-17 12:10:15] [PicqBotX] [DEBUG(java.lang.Thread.run:748)] 收到新请求: CQHttp/4.8.0
[19-05-17 12:10:15] [PicqBotX] [DEBUG(java.lang.Thread.run:748)] - 数据: {"anonymous":null,"font":8209288,"group_id":522394334,"message":"#加入战场","message_id":13991,"message_type":"group","post_type":"message","raw_message":"#加入战场","self_id":2997400528,"sender":{"age":8,"area":"广州","card":"谭宇-养生式跟打","level":"入门","nickname":"0 4 . 2 2","role":"admin","sex":"male","title":"","user_id":1061917196},"sub_type":"normal","time":1558066215,"user_id":1061917196}
[19-05-17 12:10:17] [PicqBotX] [DEBUG(java.lang.Thread.run:748)] 收到新请求: CQHttp/4.8.0
[19-05-17 12:10:17] [PicqBotX] [DEBUG(java.lang.Thread.run:748)] - 数据: {"anonymous":null,"font":8209128,"group_id":522394334,"message":"#战场启动","message_id":13993,"message_type":"group","post_type":"message","raw_message":"#战场启动","self_id":2997400528,"sender":{"age":8,"area":"广州","card":"谭宇-养生式跟打","level":"入门","nickname":"0 4 . 2 2","role":"admin","sex":"male","title":"","user_id":1061917196},"sub_type":"normal","time":1558066217,"user_id":1061917196}
[19-05-17 12:10:19] [PicqBotX] [DEBUG(java.lang.Thread.run:748)] 收到新请求: CQHttp/4.8.0
[19-05-17 12:10:19] [PicqBotX] [DEBUG(java.lang.Thread.run:748)] - 数据: {"anonymous":null,"font":8019200,"group_id":522394334,"message":"我因为","message_id":13996,"message_type":"group","post_type":"message","raw_message":"我因为","self_id":2997400528,"sender":{"age":8,"area":"广州","card":"谭宇-养生式跟打","level":"入门","nickname":"0 4 . 2 2","role":"admin","sex":"male","title":"","user_id":1061917196},"sub_type":"normal","time":1558066219,"user_id":1061917196}
[19-05-17 12:11:02] [PicqBotX] [DEBUG(java.lang.Thread.run:748)] 收到新请求: CQHttp/4.8.0
