[19-05-12 19:58:06] [PicqBotX] [INFO] 
[19-05-12 19:58:06] [PicqBotX] [INFO]     ____  _            ____        __ _  __
[19-05-12 19:58:06] [PicqBotX] [INFO]    / __ \(_)________ _/ __ )____  / /| |/ /
[19-05-12 19:58:06] [PicqBotX] [INFO]   / /_/ / / ___/ __ `/ __  / __ \/ __/   /
[19-05-12 19:58:06] [PicqBotX] [INFO]  / ____/ / /__/ /_/ / /_/ / /_/ / /_/   |
[19-05-12 19:58:06] [PicqBotX] [INFO] /_/   /_/\___/\__, /_____/\____/\__/_/|_|
[19-05-12 19:58:06] [PicqBotX] [INFO]                 /_/         v3.2.2.896
[19-05-12 19:58:06] [PicqBotX] [INFO] 日志管理器     初始化完成 [******] ...(55.18 ms)
[19-05-12 19:58:06] [PicqBotX] [INFO] 缓存管理器     初始化完成 [******] ...(5.75 ms)
[19-05-12 19:58:06] [PicqBotX] [INFO] DEBUG设置     初始化完成 [******] ...(0.01 ms)
[19-05-12 19:58:06] [PicqBotX] [INFO] 事件管理器     初始化完成 [******] ...(47.33 ms)
[19-05-12 19:58:06] [PicqBotX] [INFO] 账号管理器     初始化完成 [******] ...(1.24 ms)
[19-05-12 19:58:06] [PicqBotX] [INFO] HTTP监听服务器 初始化完成 [******] ...(3.46 ms)
[19-05-12 19:58:06] [PicqBotX] [INFO] 指令管理器     初始化完成 [******] ...(4.22 ms)
[19-05-12 19:58:06] [PicqBotX] [WARNING] 账号 Bot01: 版本正确, 不过用酷Q Pro的话效果更好哦!
[19-05-12 19:58:06] [PicqBotX] [INFO] 账号 Bot01:   版本验证完成!
[19-05-12 19:58:06] [PicqBotX] [INFO] 正在启动...
[19-05-12 19:58:09] [PicqBotX] [DEBUG(java.lang.Thread.run:748)] 收到新请求: CQHttp/4.8.0
[19-05-12 19:58:09] [PicqBotX] [DEBUG(java.lang.Thread.run:748)] - 数据: {"font":10144472,"message":"!u","message_id":7199,"message_type":"private","post_type":"message","raw_message":"!u","self_id":2997400528,"sender":{"age":8,"nickname":"0 4 . 2 2","sex":"male","user_id":1061917196},"sub_type":"friend","time":1557662288,"user_id":1061917196}
[19-05-12 19:58:09] [PicqBotX] [DEBUG(java.lang.Thread.run:748)] 收到新请求: CQHttp/4.8.0
[19-05-12 19:58:09] [PicqBotX] [DEBUG(java.lang.Thread.run:748)] - 数据: {"anonymous":null,"font":10038288,"group_id":723795668,"message":"啊","message_id":7201,"message_type":"group","post_type":"message","raw_message":"啊","self_id":2997400528,"sender":{"age":0,"area":"","card":"","level":"大师","nickname":"平子","role":"member","sex":"unknown","title":"","user_id":1094978156},"sub_type":"normal","time":1557662289,"user_id":1094978156}
[19-05-12 19:58:10] [PicqBotX] [DEBUG(java.lang.Thread.run:748)] 收到新请求: CQHttp/4.8.0
[19-05-12 19:58:10] [PicqBotX] [DEBUG(java.lang.Thread.run:748)] - 数据: {"anonymous":null,"font":10145208,"group_id":522394334,"message":"天真以为是他的独特品味","message_id":7203,"message_type":"group","post_type":"message","raw_message":"天真以为是他的独特品味","self_id":2997400528,"sender":{"age":28,"area":"吴忠","card":"垫底的蜗牛-小鹤音形","level":"中级","nickname":"大学渣","role":"member","sex":"male","title":"","user_id":307469495},"sub_type":"normal","time":1557662290,"user_id":307469495}
[19-05-12 19:58:24] [PicqBotX] [DEBUG(java.lang.Thread.run:748)] 收到新请求: CQHttp/4.8.0
[19-05-12 19:58:24] [PicqBotX] [DEBUG(java.lang.Thread.run:748)] - 数据: {"font":10145080,"message":"查 谭宇","message_id":7204,"message_type":"private","post_type":"message","raw_message":"查 谭宇","self_id":2997400528,"sender":{"age":8,"nickname":"0 4 . 2 2","sex":"male","user_id":1061917196},"sub_type":"friend","time":1557662304,"user_id":1061917196}
[19-05-12 19:58:25] [PicqBotX] [DEBUG(java.lang.Thread.run:748)] 收到新请求: CQHttp/4.8.0
[19-05-12 19:58:25] [PicqBotX] [DEBUG(java.lang.Thread.run:748)] - 数据: {"anonymous":null,"font":10038192,"group_id":522394334,"message":"殊不知是他难以言喻的对决","message_id":7206,"message_type":"group","post_type":"message","raw_message":"殊不知是他难以言喻的对决","self_id":2997400528,"sender":{"age":28,"area":"吴忠","card":"垫底的蜗牛-小鹤音形","level":"中级","nickname":"大学渣","role":"member","sex":"male","title":"","user_id":307469495},"sub_type":"normal","time":1557662305,"user_id":307469495}
[19-05-12 19:58:27] [PicqBotX] [DEBUG(java.lang.Thread.run:748)] 收到新请求: CQHttp/4.8.0
[19-05-12 19:58:27] [PicqBotX] [DEBUG(java.lang.Thread.run:748)] - 数据: {"anonymous":null,"font":10144472,"group_id":522394334,"message":"第1段 速度69.73 击键3.88 码长3.28 标顶理论1.02 文章难度97.50 字数291 回改17 退格100 错字1 键数954 选重0 键准77.22% 键法123.21%(左361:右293:空格177) 打词率57.14% 选重率0.00% 拖拉机跟打器v1.50 Windows版","message_id":7208,"message_type":"group","post_type":"message","raw_message":"第1段 速度69.73 击键3.88 码长3.28 标顶理论1.02 文章难度97.50 字数291 回改17 退格100 错字1 键数954 选重0 键准77.22% 键法123.21%(左361:右293:空格177) 打词率57.14% 选重率0.00% 拖拉机跟打器v1.50 Windows版","self_id":2997400528,"sender":{"age":28,"area":"成都","card":"一枝独秀—谭八风","level":"了解群图书馆","nickname":"云华","role":"member","sex":"male","title":"","user_id":2297714857},"sub_type":"normal","time":1557662307,"user_id":2297714857}
[19-05-12 19:58:36] [PicqBotX] [DEBUG(java.lang.Thread.run:748)] 收到新请求: CQHttp/4.8.0
[19-05-12 19:58:36] [PicqBotX] [DEBUG(java.lang.Thread.run:748)] - 数据: {"anonymous":null,"font":10145336,"group_id":522394334,"message":"子母画面分隔上演谍对叠","message_id":7209,"message_type":"group","post_type":"message","raw_message":"子母画面分隔上演谍对叠","self_id":2997400528,"sender":{"age":28,"area":"吴忠","card":"垫底的蜗牛-小鹤音形","level":"中级","nickname":"大学渣","role":"member","sex":"male","title":"","user_id":307469495},"sub_type":"normal","time":1557662316,"user_id":307469495}
[19-05-12 19:58:41] [PicqBotX] [DEBUG(java.lang.Thread.run:748)] 收到新请求: CQHttp/4.8.0
[19-05-12 19:58:41] [PicqBotX] [DEBUG(java.lang.Thread.run:748)] - 数据: {"anonymous":null,"font":10145368,"group_id":522394334,"message":"而谁是谁","message_id":7210,"message_type":"group","post_type":"message","raw_message":"而谁是谁","self_id":2997400528,"sender":{"age":28,"area":"吴忠","card":"垫底的蜗牛-小鹤音形","level":"中级","nickname":"大学渣","role":"member","sex":"male","title":"","user_id":307469495},"sub_type":"normal","time":1557662321,"user_id":307469495}
[19-05-12 19:58:49] [PicqBotX] [DEBUG(java.lang.Thread.run:748)] 收到新请求: CQHttp/4.8.0
[19-05-12 19:58:49] [PicqBotX] [DEBUG(java.lang.Thread.run:748)] - 数据: {"anonymous":null,"font":10145336,"group_id":522394334,"message":"对于第三人称的角度而言","message_id":7211,"message_type":"group","post_type":"message","raw_message":"对于第三人称的角度而言","self_id":2997400528,"sender":{"age":28,"area":"吴忠","card":"垫底的蜗牛-小鹤音形","level":"中级","nickname":"大学渣","role":"member","sex":"male","title":"","user_id":307469495},"sub_type":"normal","time":1557662329,"user_id":307469495}
[19-05-12 19:58:56] [PicqBotX] [DEBUG(java.lang.Thread.run:748)] 收到新请求: CQHttp/4.8.0
[19-05-12 19:58:56] [PicqBotX] [DEBUG(java.lang.Thread.run:748)] - 数据: {"anonymous":null,"font":10145176,"group_id":522394334,"message":"也明白其实每个人都有缺陷","message_id":7212,"message_type":"group","post_type":"message","raw_message":"也明白其实每个人都有缺陷","self_id":2997400528,"sender":{"age":28,"area":"吴忠","card":"垫底的蜗牛-小鹤音形","level":"中级","nickname":"大学渣","role":"member","sex":"male","title":"","user_id":307469495},"sub_type":"normal","time":1557662336,"user_id":307469495}
[19-05-12 19:59:00] [PicqBotX] [DEBUG(java.lang.Thread.run:748)] 收到新请求: CQHttp/4.8.0
[19-05-12 19:59:00] [PicqBotX] [DEBUG(java.lang.Thread.run:748)] - 数据: {"anonymous":null,"font":10144504,"group_id":522394334,"message":"不自觉遮掩","message_id":7213,"message_type":"group","post_type":"message","raw_message":"不自觉遮掩","self_id":2997400528,"sender":{"age":28,"area":"吴忠","card":"垫底的蜗牛-小鹤音形","level":"中级","nickname":"大学渣","role":"member","sex":"male","title":"","user_id":307469495},"sub_type":"normal","time":1557662340,"user_id":307469495}
[19-05-12 19:59:07] [PicqBotX] [DEBUG(java.lang.Thread.run:748)] 收到新请求: CQHttp/4.8.0
[19-05-12 19:59:07] [PicqBotX] [DEBUG(java.lang.Thread.run:748)] - 数据: {"anonymous":null,"font":10145176,"group_id":522394334,"message":"多少也算自然的欣慰","message_id":7214,"message_type":"group","post_type":"message","raw_message":"多少也算自然的欣慰","self_id":2997400528,"sender":{"age":28,"area":"吴忠","card":"垫底的蜗牛-小鹤音形","level":"中级","nickname":"大学渣","role":"member","sex":"male","title":"","user_id":307469495},"sub_type":"normal","time":1557662347,"user_id":307469495}
[19-05-12 19:59:09] [PicqBotX] [DEBUG(java.lang.Thread.run:748)] 收到新请求: CQHttp/4.8.0
[19-05-12 19:59:09] [PicqBotX] [DEBUG(java.lang.Thread.run:748)] - 数据: {"anonymous":null,"font":10145176,"group_id":522394334,"message":"过场","message_id":7215,"message_type":"group","post_type":"message","raw_message":"过场","self_id":2997400528,"sender":{"age":28,"area":"吴忠","card":"垫底的蜗牛-小鹤音形","level":"中级","nickname":"大学渣","role":"member","sex":"male","title":"","user_id":307469495},"sub_type":"normal","time":1557662349,"user_id":307469495}
[19-05-12 19:59:21] [PicqBotX] [DEBUG(java.lang.Thread.run:748)] 收到新请求: CQHttp/4.8.0
[19-05-12 19:59:21] [PicqBotX] [DEBUG(java.lang.Thread.run:748)] - 数据: {"anonymous":null,"font":10144376,"group_id":522394334,"message":"#发文","message_id":7216,"message_type":"group","post_type":"message","raw_message":"#发文","self_id":2997400528,"sender":{"age":28,"area":"吴忠","card":"垫底的蜗牛-小鹤音形","level":"中级","nickname":"大学渣","role":"member","sex":"male","title":"","user_id":307469495},"sub_type":"normal","time":1557662361,"user_id":307469495}
[19-05-12 19:59:21] [PicqBotX] [DEBUG(java.lang.Thread.run:748)] 收到新请求: CQHttp/4.8.0
[19-05-12 19:59:21] [PicqBotX] [DEBUG(java.lang.Thread.run:748)] - 数据: {"anonymous":null,"font":10145144,"group_id":522394334,"message":"Chinese New Year\r\nlly in red color. They decorate the doors and windows with paper-cuts and couplets with the very pop\r\n-----第13479段-余2222字--c.fw.1.5","message_id":7217,"message_type":"group","post_type":"message","raw_message":"Chinese New Year\r\nlly in red color. They decorate the doors and windows with paper-cuts and couplets with the very pop\r\n-----第13479段-余2222字--c.fw.1.5","self_id":2997400528,"sender":{"age":6,"area":"北京","card":"","level":"小白","nickname":"小拆","role":"member","sex":"female","title":"","user_id":207938707},"sub_type":"normal","time":1557662361,"user_id":207938707}
[19-05-12 19:59:30] [PicqBotX] [DEBUG(java.lang.Thread.run:748)] 收到新请求: CQHttp/4.8.0
[19-05-12 19:59:30] [PicqBotX] [DEBUG(java.lang.Thread.run:748)] - 数据: {"anonymous":null,"font":10145080,"group_id":522394334,"message":"快乐当然有一点","message_id":7218,"message_type":"group","post_type":"message","raw_message":"快乐当然有一点","self_id":2997400528,"sender":{"age":28,"area":"吴忠","card":"垫底的蜗牛-小鹤音形","level":"中级","nickname":"大学渣","role":"member","sex":"male","title":"","user_id":307469495},"sub_type":"normal","time":1557662370,"user_id":307469495}
[19-05-12 19:59:34] [PicqBotX] [DEBUG(java.lang.Thread.run:748)] 收到新请求: CQHttp/4.8.0
[19-05-12 19:59:34] [PicqBotX] [DEBUG(java.lang.Thread.run:748)] - 数据: {"anonymous":null,"font":10145144,"group_id":522394334,"message":"不过寂寞更强烈","message_id":7219,"message_type":"group","post_type":"message","raw_message":"不过寂寞更强烈","self_id":2997400528,"sender":{"age":28,"area":"吴忠","card":"垫底的蜗牛-小鹤音形","level":"中级","nickname":"大学渣","role":"member","sex":"male","title":"","user_id":307469495},"sub_type":"normal","time":1557662374,"user_id":307469495}
[19-05-12 19:59:38] [PicqBotX] [DEBUG(java.lang.Thread.run:748)] 收到新请求: CQHttp/4.8.0
[19-05-12 19:59:38] [PicqBotX] [DEBUG(java.lang.Thread.run:748)] - 数据: {"anonymous":null,"font":10144472,"group_id":522394334,"message":"难过时候不流泪","message_id":7220,"message_type":"group","post_type":"message","raw_message":"难过时候不流泪","self_id":2997400528,"sender":{"age":28,"area":"吴忠","card":"垫底的蜗牛-小鹤音形","level":"中级","nickname":"大学渣","role":"member","sex":"male","title":"","user_id":307469495},"sub_type":"normal","time":1557662378,"user_id":307469495}
[19-05-12 19:59:42] [PicqBotX] [DEBUG(java.lang.Thread.run:748)] 收到新请求: CQHttp/4.8.0
[19-05-12 19:59:42] [PicqBotX] [DEBUG(java.lang.Thread.run:748)] - 数据: {"anonymous":null,"font":10145368,"group_id":723795668,"message":"[CQ:at,qq=1094978156] 速度会上不去","message_id":7221,"message_type":"group","post_type":"message","raw_message":"[CQ:at,qq=1094978156] 速度会上不去","self_id":2997400528,"sender":{"age":29,"area":"深圳","card":"","level":"大师","nickname":"廿七","role":"member","sex":"male","title":"","user_id":469620205},"sub_type":"normal","time":1557662382,"user_id":469620205}
[19-05-12 19:59:43] [PicqBotX] [DEBUG(java.lang.Thread.run:748)] 收到新请求: CQHttp/4.8.0
[19-05-12 19:59:43] [PicqBotX] [DEBUG(java.lang.Thread.run:748)] - 数据: {"anonymous":null,"font":10038832,"group_id":522394334,"message":"流泪也不算伤悲","message_id":7222,"message_type":"group","post_type":"message","raw_message":"流泪也不算伤悲","self_id":2997400528,"sender":{"age":28,"area":"吴忠","card":"垫底的蜗牛-小鹤音形","level":"中级","nickname":"大学渣","role":"member","sex":"male","title":"","user_id":307469495},"sub_type":"normal","time":1557662383,"user_id":307469495}
[19-05-12 19:59:44] [PicqBotX] [DEBUG(java.lang.Thread.run:748)] 收到新请求: CQHttp/4.8.0
