[19-05-15 16:52:43] [PicqBotX] [INFO] 
[19-05-15 16:52:43] [PicqBotX] [INFO]     ____  _            ____        __ _  __
[19-05-15 16:52:43] [PicqBotX] [INFO]    / __ \(_)________ _/ __ )____  / /| |/ /
[19-05-15 16:52:43] [PicqBotX] [INFO]   / /_/ / / ___/ __ `/ __  / __ \/ __/   /
[19-05-15 16:52:43] [PicqBotX] [INFO]  / ____/ / /__/ /_/ / /_/ / /_/ / /_/   |
[19-05-15 16:52:43] [PicqBotX] [INFO] /_/   /_/\___/\__, /_____/\____/\__/_/|_|
[19-05-15 16:52:43] [PicqBotX] [INFO]                 /_/         v3.2.2.896
[19-05-15 16:52:43] [PicqBotX] [INFO] 日志管理器     初始化完成 [******] ...(26.77 ms)
[19-05-15 16:52:43] [PicqBotX] [INFO] 缓存管理器     初始化完成 [******] ...(1.51 ms)
[19-05-15 16:52:43] [PicqBotX] [INFO] DEBUG设置     初始化完成 [******] ...(0.0 ms)
[19-05-15 16:52:43] [PicqBotX] [INFO] 事件管理器     初始化完成 [******] ...(28.69 ms)
[19-05-15 16:52:43] [PicqBotX] [INFO] 账号管理器     初始化完成 [******] ...(0.79 ms)
[19-05-15 16:52:43] [PicqBotX] [INFO] HTTP监听服务器 初始化完成 [******] ...(1.71 ms)
[19-05-15 16:52:44] [PicqBotX] [INFO] 指令管理器     初始化完成 [******] ...(2.28 ms)
[19-05-15 16:52:44] [PicqBotX] [WARNING] 账号 Bot01: 版本正确, 不过用酷Q Pro的话效果更好哦!
[19-05-15 16:52:44] [PicqBotX] [INFO] 账号 Bot01:   版本验证完成!
[19-05-15 16:52:44] [PicqBotX] [INFO] 正在启动...
[19-05-15 16:52:44] [PicqBotX] [DEBUG(java.lang.Thread.run:748)] 收到新请求: CQHttp/4.8.0
[19-05-15 16:52:44] [PicqBotX] [DEBUG(java.lang.Thread.run:748)] - 数据: {"anonymous":null,"font":8419352,"group_id":206666041,"message":"!u","message_id":11357,"message_type":"group","post_type":"message","raw_message":"!u","self_id":2997400528,"sender":{"age":8,"area":"广州","card":"谭宇-小鹤飞扬","level":"潜水","nickname":"0 4 . 2 2","role":"owner","sex":"male","title":"","user_id":1061917196},"sub_type":"normal","time":1557910364,"user_id":1061917196}
[19-05-15 16:52:50] [PicqBotX] [DEBUG(java.lang.Thread.run:748)] 收到新请求: CQHttp/4.8.0
