[19-05-10 16:10:58] [PicqBotX] [INFO] 
[19-05-10 16:10:58] [PicqBotX] [INFO]     ____  _            ____        __ _  __
[19-05-10 16:10:58] [PicqBotX] [INFO]    / __ \(_)________ _/ __ )____  / /| |/ /
[19-05-10 16:10:58] [PicqBotX] [INFO]   / /_/ / / ___/ __ `/ __  / __ \/ __/   /
[19-05-10 16:10:58] [PicqBotX] [INFO]  / ____/ / /__/ /_/ / /_/ / /_/ / /_/   |
[19-05-10 16:10:58] [PicqBotX] [INFO] /_/   /_/\___/\__, /_____/\____/\__/_/|_|
[19-05-10 16:10:58] [PicqBotX] [INFO]                 /_/         v3.2.2.896
[19-05-10 16:10:58] [PicqBotX] [INFO] 日志管理器     初始化完成 [******] ...(42.49 ms)
[19-05-10 16:10:58] [PicqBotX] [INFO] 缓存管理器     初始化完成 [******] ...(2.09 ms)
[19-05-10 16:10:58] [PicqBotX] [INFO] DEBUG设置     初始化完成 [******] ...(0.01 ms)
[19-05-10 16:10:58] [PicqBotX] [INFO] 事件管理器     初始化完成 [******] ...(48.67 ms)
[19-05-10 16:10:58] [PicqBotX] [INFO] 账号管理器     初始化完成 [******] ...(1.09 ms)
[19-05-10 16:10:58] [PicqBotX] [INFO] HTTP监听服务器 初始化完成 [******] ...(1.89 ms)
[19-05-10 16:10:58] [PicqBotX] [INFO] 指令管理器     初始化完成 [******] ...(2.98 ms)
[19-05-10 16:10:58] [PicqBotX] [WARNING] 账号 Bot01: 版本正确, 不过用酷Q Pro的话效果更好哦!
[19-05-10 16:10:58] [PicqBotX] [INFO] 账号 Bot01:   版本验证完成!
[19-05-10 16:10:58] [PicqBotX] [INFO] 正在启动...
[19-05-10 16:10:59] [PicqBotX] [DEBUG(java.lang.Thread.run:748)] 收到新请求: CQHttp/4.8.0
[19-05-10 16:10:59] [PicqBotX] [DEBUG(java.lang.Thread.run:748)] - 数据: {"anonymous":null,"font":8390048,"group_id":556981260,"message":"第999段 速度58.81 击键2.45 码长2.50 字数512 时间08:41.30 回改23 退格18 回车0 键数1278 选重28 键准96.79% 键法119.06% 重打0 打词63.80% 峰值88.67/4.44/2.07 输入法: 校检:5486d 极速跟打器v1.46","message_id":2201,"message_type":"group","post_type":"message","raw_message":"第999段 速度58.81 击键2.45 码长2.50 字数512 时间08:41.30 回改23 退格18 回车0 键数1278 选重28 键准96.79% 键法119.06% 重打0 打词63.80% 峰值88.67/4.44/2.07 输入法: 校检:5486d 极速跟打器v1.46","self_id":2997400528,"sender":{"age":0,"area":"","card":"勿念-小鹤音形","level":"死飞单车","nickname":"子雨","role":"member","sex":"male","title":"","user_id":270610577},"sub_type":"normal","time":1557475858,"user_id":270610577}
[19-05-10 16:11:01] [PicqBotX] [DEBUG(java.lang.Thread.run:748)] 收到新请求: CQHttp/4.8.0
[19-05-10 16:11:01] [PicqBotX] [DEBUG(java.lang.Thread.run:748)] - 数据: {"font":8390048,"message":"!a","message_id":2202,"message_type":"private","post_type":"message","raw_message":"!a","self_id":2997400528,"sender":{"age":8,"nickname":"0 4 . 2 2","sex":"male","user_id":1061917196},"sub_type":"friend","time":1557475861,"user_id":1061917196}
[19-05-10 16:11:05] [PicqBotX] [DEBUG(java.lang.Thread.run:748)] 收到新请求: CQHttp/4.8.0
