[19-05-12 14:48:23] [PicqBotX] [INFO] 
[19-05-12 14:48:23] [PicqBotX] [INFO]     ____  _            ____        __ _  __
[19-05-12 14:48:23] [PicqBotX] [INFO]    / __ \(_)________ _/ __ )____  / /| |/ /
[19-05-12 14:48:23] [PicqBotX] [INFO]   / /_/ / / ___/ __ `/ __  / __ \/ __/   /
[19-05-12 14:48:23] [PicqBotX] [INFO]  / ____/ / /__/ /_/ / /_/ / /_/ / /_/   |
[19-05-12 14:48:23] [PicqBotX] [INFO] /_/   /_/\___/\__, /_____/\____/\__/_/|_|
[19-05-12 14:48:23] [PicqBotX] [INFO]                 /_/         v3.2.2.896
[19-05-12 14:48:23] [PicqBotX] [INFO] 日志管理器     初始化完成 [******] ...(45.37 ms)
[19-05-12 14:48:23] [PicqBotX] [INFO] 缓存管理器     初始化完成 [******] ...(2.29 ms)
[19-05-12 14:48:23] [PicqBotX] [INFO] DEBUG设置     初始化完成 [******] ...(0.01 ms)
[19-05-12 14:48:23] [PicqBotX] [INFO] 事件管理器     初始化完成 [******] ...(43.97 ms)
[19-05-12 14:48:23] [PicqBotX] [INFO] 账号管理器     初始化完成 [******] ...(2.51 ms)
[19-05-12 14:48:23] [PicqBotX] [INFO] HTTP监听服务器 初始化完成 [******] ...(2.29 ms)
[19-05-12 14:48:23] [PicqBotX] [INFO] 指令管理器     初始化完成 [******] ...(2.63 ms)
[19-05-12 14:48:23] [PicqBotX] [WARNING] 账号 Bot01: 版本正确, 不过用酷Q Pro的话效果更好哦!
[19-05-12 14:48:23] [PicqBotX] [INFO] 账号 Bot01:   版本验证完成!
[19-05-12 14:48:23] [PicqBotX] [INFO] 正在启动...
[19-05-12 14:48:33] [PicqBotX] [DEBUG(java.lang.Thread.run:748)] 收到新请求: CQHttp/4.8.0
[19-05-12 14:48:33] [PicqBotX] [DEBUG(java.lang.Thread.run:748)] - 数据: {"anonymous":null,"font":7917088,"group_id":974172771,"message":"赛文 2017-02-17","message_id":5263,"message_type":"group","post_type":"message","raw_message":"赛文 2017-02-17","self_id":2997400528,"sender":{"age":8,"area":"广州","card":"谭宇","level":"传说","nickname":"0 4 . 2 2","role":"owner","sex":"male","title":"","user_id":1061917196},"sub_type":"normal","time":1557643713,"user_id":1061917196}
[19-05-12 14:48:36] [PicqBotX] [DEBUG(java.lang.Thread.run:748)] 收到新请求: CQHttp/4.8.0
[19-05-12 14:48:36] [PicqBotX] [DEBUG(java.lang.Thread.run:748)] - 数据: {"anonymous":null,"font":7917280,"group_id":556981260,"message":"#c 2 2","message_id":5264,"message_type":"group","post_type":"message","raw_message":"#c 2 2","self_id":2997400528,"sender":{"age":119,"area":"广东","card":"夜焰白—小鹤双拼","level":"小蹦哒","nickname":"柠檬の草","role":"member","sex":"male","title":"","user_id":1369797536},"sub_type":"normal","time":1557643716,"user_id":1369797536}
[19-05-12 14:48:37] [PicqBotX] [DEBUG(java.lang.Thread.run:748)] 收到新请求: CQHttp/4.8.0
[19-05-12 14:48:37] [PicqBotX] [DEBUG(java.lang.Thread.run:748)] - 数据: {"anonymous":null,"font":7917216,"group_id":556981260,"message":"人老了是什么感觉\r\n一天，一个年轻人问我：人老了是什么样的感觉。我一下怔住了，因为我还从来没有想到过——我已经老了。或许在我的生命中，这是第一次，我感觉我活出了理想中的自我。很多时候，我也对自己的身体感觉到绝望：满脸的皱纹，松弛的眼袋，下垂的屁股。我也常常因为看到镜中老态龙钟的自己而感到震惊，但我不会为这些事情痛苦不堪。我永远也不会去用真挚的友谊、精彩的生活或温馨的亲情，去换取少一些白发和扁平的肚子。我老了，也就更懂得去善待自己，对自己少了些苛刻。我成了我自己的朋友。我不会因为自己多吃了一片甜饼，或没有整理床铺，或花钱买了自己根本不需要的膨胀螺丝而斥责自己。我见过太多的好友过早地离开了这个世界，还没有来得及安心享受这伴随着年老而来的宝贵的自由。如果我愿意，我可以看书、玩电脑一直到凌晨四点，然后再一觉睡到过午；如果我愿意，我可以独自一人听着五六十年代的优美旋律而翩然起舞；如果我愿意，我可以为我逝去的爱情一洒伤心之泪，想哭就哭；如果我愿意，我可以穿着被发福的身体绷得紧紧的泳装在海滩上悠然漫步，然后纵情跃入海浪之中，才不管那些身着比基尼的人向我投来的怜悯目光。她们也会变老的。我知道，我的记性不好了。可话又说回来，生活中的有些事情该忘记的就应该忘记。当我们到达生命的终点，我只带上一生中那些最美好的回忆。我竟有这样的福气，黑发变成了银丝，青春的欢笑在我的脸上雕刻出了道道皱纹。有多少的人，还没有开心地笑过；又有多少人，还没有熬到皓首就已经悲戚地离去。我说“不”就是不，我说“行”就是行。当你慢慢老去的时候，你就会变得更加达观，你就更不在乎别人对你的看法。我不再自我怀疑，我甚至修行来了可以犯错的权利。我喜欢现在的我。我不会长生不死，但只要我活着，我不会浪费生命去悔恨过往，也不会为将来而去忧虑，每天餐后，我还要吃香甜的点心——这就是年老的感觉，我喜欢年老，它给了我自由。\r\n-----第61810段-余0字--c.fw.1.5","message_id":5265,"message_type":"group","post_type":"message","raw_message":"人老了是什么感觉\r\n一天，一个年轻人问我：人老了是什么样的感觉。我一下怔住了，因为我还从来没有想到过——我已经老了。或许在我的生命中，这是第一次，我感觉我活出了理想中的自我。很多时候，我也对自己的身体感觉到绝望：满脸的皱纹，松弛的眼袋，下垂的屁股。我也常常因为看到镜中老态龙钟的自己而感到震惊，但我不会为这些事情痛苦不堪。我永远也不会去用真挚的友谊、精彩的生活或温馨的亲情，去换取少一些白发和扁平的肚子。我老了，也就更懂得去善待自己，对自己少了些苛刻。我成了我自己的朋友。我不会因为自己多吃了一片甜饼，或没有整理床铺，或花钱买了自己根本不需要的膨胀螺丝而斥责自己。我见过太多的好友过早地离开了这个世界，还没有来得及安心享受这伴随着年老而来的宝贵的自由。如果我愿意，我可以看书、玩电脑一直到凌晨四点，然后再一觉睡到过午；如果我愿意，我可以独自一人听着五六十年代的优美旋律而翩然起舞；如果我愿意，我可以为我逝去的爱情一洒伤心之泪，想哭就哭；如果我愿意，我可以穿着被发福的身体绷得紧紧的泳装在海滩上悠然漫步，然后纵情跃入海浪之中，才不管那些身着比基尼的人向我投来的怜悯目光。她们也会变老的。我知道，我的记性不好了。可话又说回来，生活中的有些事情该忘记的就应该忘记。当我们到达生命的终点，我只带上一生中那些最美好的回忆。我竟有这样的福气，黑发变成了银丝，青春的欢笑在我的脸上雕刻出了道道皱纹。有多少的人，还没有开心地笑过；又有多少人，还没有熬到皓首就已经悲戚地离去。我说“不”就是不，我说“行”就是行。当你慢慢老去的时候，你就会变得更加达观，你就更不在乎别人对你的看法。我不再自我怀疑，我甚至修行来了可以犯错的权利。我喜欢现在的我。我不会长生不死，但只要我活着，我不会浪费生命去悔恨过往，也不会为将来而去忧虑，每天餐后，我还要吃香甜的点心——这就是年老的感觉，我喜欢年老，它给了我自由。\r\n-----第61810段-余0字--c.fw.1.5","self_id":2997400528,"sender":{"age":6,"area":"北京","card":"","level":"波音747","nickname":"小拆","role":"admin","sex":"female","title":"","user_id":207938707},"sub_type":"normal","time":1557643717,"user_id":207938707}
[19-05-12 14:48:58] [PicqBotX] [DEBUG(java.lang.Thread.run:748)] 收到新请求: CQHttp/4.8.0
