[19-05-14 20:52:46] [PicqBotX] [INFO] 
[19-05-14 20:52:46] [PicqBotX] [INFO]     ____  _            ____        __ _  __
[19-05-14 20:52:46] [PicqBotX] [INFO]    / __ \(_)________ _/ __ )____  / /| |/ /
[19-05-14 20:52:46] [PicqBotX] [INFO]   / /_/ / / ___/ __ `/ __  / __ \/ __/   /
[19-05-14 20:52:46] [PicqBotX] [INFO]  / ____/ / /__/ /_/ / /_/ / /_/ / /_/   |
[19-05-14 20:52:46] [PicqBotX] [INFO] /_/   /_/\___/\__, /_____/\____/\__/_/|_|
[19-05-14 20:52:46] [PicqBotX] [INFO]                 /_/         v3.2.2.896
[19-05-14 20:52:46] [PicqBotX] [INFO] 日志管理器     初始化完成 [******] ...(28.91 ms)
[19-05-14 20:52:46] [PicqBotX] [INFO] 缓存管理器     初始化完成 [******] ...(1.64 ms)
[19-05-14 20:52:46] [PicqBotX] [INFO] DEBUG设置     初始化完成 [******] ...(0.0 ms)
[19-05-14 20:52:47] [PicqBotX] [INFO] 事件管理器     初始化完成 [******] ...(28.8 ms)
[19-05-14 20:52:47] [PicqBotX] [INFO] 账号管理器     初始化完成 [******] ...(1.62 ms)
[19-05-14 20:52:47] [PicqBotX] [INFO] HTTP监听服务器 初始化完成 [******] ...(1.88 ms)
[19-05-14 20:52:47] [PicqBotX] [INFO] 指令管理器     初始化完成 [******] ...(1.59 ms)
[19-05-14 20:52:47] [PicqBotX] [WARNING] 账号 Bot01: 版本正确, 不过用酷Q Pro的话效果更好哦!
[19-05-14 20:52:47] [PicqBotX] [INFO] 账号 Bot01:   版本验证完成!
[19-05-14 20:52:47] [PicqBotX] [INFO] 正在启动...
[19-05-14 20:53:03] [PicqBotX] [DEBUG(java.lang.Thread.run:748)] 收到新请求: CQHttp/4.8.0
[19-05-14 20:53:03] [PicqBotX] [DEBUG(java.lang.Thread.run:748)] - 数据: {"anonymous":null,"font":6235424,"group_id":522394334,"message":"Chinese New Year\r\nays, various kinds of food are tributes to the ancestors. The Eve of the New Year is very carefully \r\n-----第13482段-余1922字--c.fw.1.5","message_id":10199,"message_type":"group","post_type":"message","raw_message":"Chinese New Year\r\nays, various kinds of food are tributes to the ancestors. The Eve of the New Year is very carefully \r\n-----第13482段-余1922字--c.fw.1.5","self_id":2997400528,"sender":{"age":0,"area":"","card":"形音鹤小-垫底的星光","level":"中级","nickname":"ㄨ","role":"member","sex":"unknown","title":"","user_id":2195903763},"sub_type":"normal","time":1557838383,"user_id":2195903763}
[19-05-14 20:53:04] [PicqBotX] [DEBUG(java.lang.Thread.run:748)] 收到新请求: CQHttp/4.8.0
[19-05-14 20:53:04] [PicqBotX] [DEBUG(java.lang.Thread.run:748)] - 数据: {"anonymous":null,"font":6235744,"group_id":522394334,"message":"检测到有人发文，是否关闭机器人的发文功能？命令：#结束跟打","message_id":10200,"message_type":"group","post_type":"message","raw_message":"检测到有人发文，是否关闭机器人的发文功能？命令：#结束跟打","self_id":2997400528,"sender":{"age":6,"area":"北京","card":"","level":"小白","nickname":"小拆","role":"member","sex":"female","title":"","user_id":207938707},"sub_type":"normal","time":1557838384,"user_id":207938707}
[19-05-14 20:53:19] [PicqBotX] [DEBUG(java.lang.Thread.run:748)] 收到新请求: CQHttp/4.8.0
[19-05-14 20:53:19] [PicqBotX] [DEBUG(java.lang.Thread.run:748)] - 数据: {"anonymous":null,"font":6235424,"group_id":556981260,"message":"第999段 速度109.52 击键5.81 码长3.18 字数495 时间04:30.08 回改25 退格21 回车0 键数1568 选重69 键准97.07% 键法93.53% 重打0 打词39.76% 峰值139.38/7.79/2.71 输入法:nRz字法 个签:何以解n，唯有六代 校检:a4d65 极速跟打器v1.45 ","message_id":10201,"message_type":"group","post_type":"message","raw_message":"第999段 速度109.52 击键5.81 码长3.18 字数495 时间04:30.08 回改25 退格21 回车0 键数1568 选重69 键准97.07% 键法93.53% 重打0 打词39.76% 峰值139.38/7.79/2.71 输入法:nRz字法 个签:何以解n，唯有六代 校检:a4d65 极速跟打器v1.45 ","self_id":2997400528,"sender":{"age":104,"area":"西安","card":"天南星-nR","level":"死飞单车","nickname":"天南星","role":"member","sex":"male","title":"","user_id":695431469},"sub_type":"normal","time":1557838399,"user_id":695431469}
[19-05-14 20:53:38] [PicqBotX] [DEBUG(java.lang.Thread.run:748)] 收到新请求: CQHttp/4.8.0
[19-05-14 20:53:38] [PicqBotX] [DEBUG(java.lang.Thread.run:748)] - 数据: {"anonymous":null,"font":6235488,"group_id":522394334,"message":"第13482段 速度95.81 击键2.06 码长1.29 字数100 时间01:02 回改13 回车0 重打0 打词0.00% 峰值115.00 输入法:小鹤音形 个签: 我 要 上 70[CQ:face,id=15] ?  ? 校检:217bf 极速云跟打手机版v0.11","message_id":10202,"message_type":"group","post_type":"message","raw_message":"第13482段 速度95.81 击键2.06 码长1.29 字数100 时间01:02 回改13 回车0 重打0 打词0.00% 峰值115.00 输入法:小鹤音形 个签: 我 要 上 70[CQ:face,id=15] ?  ? 校检:217bf 极速云跟打手机版v0.11","self_id":2997400528,"sender":{"age":0,"area":"","card":"a??困不成眠奈夜何 小鹤音形????Y","level":"中级","nickname":"a??困不成眠奈夜何","role":"member","sex":"unknown","title":"","user_id":503195288},"sub_type":"normal","time":1557838418,"user_id":503195288}
[19-05-14 20:53:43] [PicqBotX] [DEBUG(java.lang.Thread.run:748)] 收到新请求: CQHttp/4.8.0
[19-05-14 20:53:43] [PicqBotX] [DEBUG(java.lang.Thread.run:748)] - 数据: {"anonymous":null,"font":6235552,"group_id":522394334,"message":"Chinese New Year\r\nobserved. Supper is a feast, with all members coming together. One of the most popular courses is ji\r\n-----第13483段-余1822字--c.fw.1.5","message_id":10203,"message_type":"group","post_type":"message","raw_message":"Chinese New Year\r\nobserved. Supper is a feast, with all members coming together. One of the most popular courses is ji\r\n-----第13483段-余1822字--c.fw.1.5","self_id":2997400528,"sender":{"age":6,"area":"北京","card":"","level":"小白","nickname":"小拆","role":"member","sex":"female","title":"","user_id":207938707},"sub_type":"normal","time":1557838423,"user_id":207938707}
[19-05-14 20:55:02] [PicqBotX] [DEBUG(java.lang.Thread.run:748)] 收到新请求: CQHttp/4.8.0
[19-05-14 20:55:02] [PicqBotX] [DEBUG(java.lang.Thread.run:748)] - 数据: {"anonymous":null,"font":6235424,"group_id":522394334,"message":"[CQ:at,qq=503195288] 牛逼呀","message_id":10204,"message_type":"group","post_type":"message","raw_message":"[CQ:at,qq=503195288] 牛逼呀","self_id":2997400528,"sender":{"age":0,"area":"","card":"勿念-小鹤音形","level":"了解群图书馆","nickname":"子雨","role":"member","sex":"male","title":"","user_id":270610577},"sub_type":"normal","time":1557838501,"user_id":270610577}
[19-05-14 20:55:15] [PicqBotX] [DEBUG(java.lang.Thread.run:748)] 收到新请求: CQHttp/4.8.0
