[19-05-13 13:06:18] [PicqBotX] [INFO] 
[19-05-13 13:06:18] [PicqBotX] [INFO]     ____  _            ____        __ _  __
[19-05-13 13:06:18] [PicqBotX] [INFO]    / __ \(_)________ _/ __ )____  / /| |/ /
[19-05-13 13:06:18] [PicqBotX] [INFO]   / /_/ / / ___/ __ `/ __  / __ \/ __/   /
[19-05-13 13:06:18] [PicqBotX] [INFO]  / ____/ / /__/ /_/ / /_/ / /_/ / /_/   |
[19-05-13 13:06:18] [PicqBotX] [INFO] /_/   /_/\___/\__, /_____/\____/\__/_/|_|
[19-05-13 13:06:18] [PicqBotX] [INFO]                 /_/         v3.2.2.896
[19-05-13 13:06:18] [PicqBotX] [INFO] 日志管理器     初始化完成 [******] ...(35.48 ms)
[19-05-13 13:06:18] [PicqBotX] [INFO] 缓存管理器     初始化完成 [******] ...(2.42 ms)
[19-05-13 13:06:18] [PicqBotX] [INFO] DEBUG设置     初始化完成 [******] ...(0.01 ms)
[19-05-13 13:06:18] [PicqBotX] [INFO] 事件管理器     初始化完成 [******] ...(28.02 ms)
[19-05-13 13:06:18] [PicqBotX] [INFO] 账号管理器     初始化完成 [******] ...(0.74 ms)
[19-05-13 13:06:18] [PicqBotX] [INFO] HTTP监听服务器 初始化完成 [******] ...(1.71 ms)
[19-05-13 13:06:18] [PicqBotX] [INFO] 指令管理器     初始化完成 [******] ...(2.76 ms)
[19-05-13 13:06:18] [PicqBotX] [WARNING] 账号 Bot01: 版本正确, 不过用酷Q Pro的话效果更好哦!
[19-05-13 13:06:18] [PicqBotX] [INFO] 账号 Bot01:   版本验证完成!
[19-05-13 13:06:18] [PicqBotX] [INFO] 正在启动...
[19-05-13 13:06:19] [PicqBotX] [DEBUG(java.lang.Thread.run:748)] 收到新请求: CQHttp/4.8.0
[19-05-13 13:06:19] [PicqBotX] [DEBUG(java.lang.Thread.run:748)] - 数据: {"anonymous":null,"font":7569848,"group_id":556981260,"message":"[CQ:face,id=181]前几天试了一下","message_id":8518,"message_type":"group","post_type":"message","raw_message":"[CQ:face,id=181]前几天试了一下","self_id":2997400528,"sender":{"age":22,"area":"商丘","card":"小萌新－字根通用码","level":"死飞单车","nickname":"心雨飘零","role":"member","sex":"male","title":"","user_id":1104719426},"sub_type":"normal","time":1557723978,"user_id":1104719426}
[19-05-13 13:06:23] [PicqBotX] [DEBUG(java.lang.Thread.run:748)] 收到新请求: CQHttp/4.8.0
[19-05-13 13:06:23] [PicqBotX] [DEBUG(java.lang.Thread.run:748)] - 数据: {"anonymous":null,"font":7570008,"group_id":556981260,"message":"我也感觉到了，为了排名不择手段[CQ:face,id=178]","message_id":8519,"message_type":"group","post_type":"message","raw_message":"我也感觉到了，为了排名不择手段[CQ:face,id=178]","self_id":2997400528,"sender":{"age":25,"area":"","card":"利键―自然码双拼","level":"五菱宏光","nickname":"神采飞扬","role":"member","sex":"male","title":"","user_id":1078179677},"sub_type":"normal","time":1557723983,"user_id":1078179677}
[19-05-13 13:06:25] [PicqBotX] [DEBUG(java.lang.Thread.run:748)] 收到新请求: CQHttp/4.8.0
[19-05-13 13:06:25] [PicqBotX] [DEBUG(java.lang.Thread.run:748)] - 数据: {"anonymous":null,"font":7569848,"group_id":556981260,"message":"开习惯了感觉不大好","message_id":8520,"message_type":"group","post_type":"message","raw_message":"开习惯了感觉不大好","self_id":2997400528,"sender":{"age":27,"area":"武汉","card":"随心-小鹤拼音","level":"死飞单车","nickname":"№默☆伤♂","role":"member","sex":"male","title":"","user_id":1101721752},"sub_type":"normal","time":1557723985,"user_id":1101721752}
[19-05-13 13:06:28] [PicqBotX] [DEBUG(java.lang.Thread.run:748)] 收到新请求: CQHttp/4.8.0
[19-05-13 13:06:28] [PicqBotX] [DEBUG(java.lang.Thread.run:748)] - 数据: {"anonymous":null,"font":7569560,"group_id":522394334,"message":"#赛文","message_id":8521,"message_type":"group","post_type":"message","raw_message":"#赛文","self_id":2997400528,"sender":{"age":8,"area":"广州","card":"谭宇-养生式跟打","level":"入门","nickname":"0 4 . 2 2","role":"admin","sex":"male","title":"","user_id":1061917196},"sub_type":"normal","time":1557723988,"user_id":1061917196}
[19-05-13 13:06:28] [PicqBotX] [DEBUG(java.lang.Thread.run:748)] 收到新请求: CQHttp/4.8.0
[19-05-13 13:06:28] [PicqBotX] [DEBUG(java.lang.Thread.run:748)] - 数据: {"anonymous":null,"font":7569656,"group_id":556981260,"message":"开词提，速度不增反降","message_id":8522,"message_type":"group","post_type":"message","raw_message":"开词提，速度不增反降","self_id":2997400528,"sender":{"age":22,"area":"商丘","card":"小萌新－字根通用码","level":"死飞单车","nickname":"心雨飘零","role":"member","sex":"male","title":"","user_id":1104719426},"sub_type":"normal","time":1557723988,"user_id":1104719426}
[19-05-13 13:06:29] [PicqBotX] [DEBUG(java.lang.Thread.run:748)] 收到新请求: CQHttp/4.8.0
[19-05-13 13:06:29] [PicqBotX] [DEBUG(java.lang.Thread.run:748)] - 数据: {"anonymous":null,"font":7569368,"group_id":522394334,"message":"《裸泳》日赛第531期-二花制作\r\n在某海滨浴场洗海水浴时，伊佐塔太太遇上了一件麻烦事：当从深海游回岸边的途中，她突然发觉自己的游泳衣不在身上了。她弄不清事情是刚刚发生的，还是发生得有一阵儿了，总之，她穿的那件新比基尼泳装只剩下了胸罩。可能是她臀部扭动时，扣子脱落，那个像布条一般的三角裤衩从另一条大腿滑了下去，也许正在她身下不远处往下沉呢，她试图潜入水中去寻找，但没有成功。这是正午时分，海里四处都是人，有的在赛艇上，有的在小游艇上，还有的在游泳。伊佐塔太太不认识任何人。昨天，她丈夫把她送到此地后立即又回城里去了。她心想，眼下别无他法，只能找一艘救生船，或者找一个可信赖的男子，向他呼喊和求救，并要求他严守秘密。好在没有人怀疑她下身赤裸，因为她游泳时，决不把身子抬到水面，人们只能看见她的头和隐约可见的胳膊和胸部。这样，她就可以放心地去寻求援救了。为了弄清别人的眼睛到底能看清她身体的多少，她时不时停下来，几乎垂直地漂浮着，以便窥视一下自己的躯体。她惊讶地发现，阳光照射在水面，又变成水下清澈的闪光，她躯体上的一切在水中纤毫毕现。\r\n-----第999段-1200S-449Z-4L-c5e8d864V--c.sw.1.1\r\n本文由 散文 组成","message_id":8523,"message_type":"group","post_type":"message","raw_message":"《裸泳》日赛第531期-二花制作\r\n在某海滨浴场洗海水浴时，伊佐塔太太遇上了一件麻烦事：当从深海游回岸边的途中，她突然发觉自己的游泳衣不在身上了。她弄不清事情是刚刚发生的，还是发生得有一阵儿了，总之，她穿的那件新比基尼泳装只剩下了胸罩。可能是她臀部扭动时，扣子脱落，那个像布条一般的三角裤衩从另一条大腿滑了下去，也许正在她身下不远处往下沉呢，她试图潜入水中去寻找，但没有成功。这是正午时分，海里四处都是人，有的在赛艇上，有的在小游艇上，还有的在游泳。伊佐塔太太不认识任何人。昨天，她丈夫把她送到此地后立即又回城里去了。她心想，眼下别无他法，只能找一艘救生船，或者找一个可信赖的男子，向他呼喊和求救，并要求他严守秘密。好在没有人怀疑她下身赤裸，因为她游泳时，决不把身子抬到水面，人们只能看见她的头和隐约可见的胳膊和胸部。这样，她就可以放心地去寻求援救了。为了弄清别人的眼睛到底能看清她身体的多少，她时不时停下来，几乎垂直地漂浮着，以便窥视一下自己的躯体。她惊讶地发现，阳光照射在水面，又变成水下清澈的闪光，她躯体上的一切在水中纤毫毕现。\r\n-----第999段-1200S-449Z-4L-c5e8d864V--c.sw.1.1\r\n本文由 散文 组成","self_id":2997400528,"sender":{"age":6,"area":"北京","card":"","level":"小白","nickname":"小拆","role":"member","sex":"female","title":"","user_id":207938707},"sub_type":"normal","time":1557723989,"user_id":207938707}
[19-05-13 13:06:41] [PicqBotX] [DEBUG(java.lang.Thread.run:748)] 收到新请求: CQHttp/4.8.0
[19-05-13 13:06:41] [PicqBotX] [DEBUG(java.lang.Thread.run:748)] - 数据: {"anonymous":null,"font":7570104,"group_id":556981260,"message":"索性关了","message_id":8524,"message_type":"group","post_type":"message","raw_message":"索性关了","self_id":2997400528,"sender":{"age":22,"area":"商丘","card":"小萌新－字根通用码","level":"死飞单车","nickname":"心雨飘零","role":"member","sex":"male","title":"","user_id":1104719426},"sub_type":"normal","time":1557724001,"user_id":1104719426}
[19-05-13 13:06:44] [PicqBotX] [DEBUG(java.lang.Thread.run:748)] 收到新请求: CQHttp/4.8.0
[19-05-13 13:06:44] [PicqBotX] [DEBUG(java.lang.Thread.run:748)] - 数据: {"anonymous":null,"font":7569496,"group_id":556981260,"message":"应该对重打有帮助","message_id":8525,"message_type":"group","post_type":"message","raw_message":"应该对重打有帮助","self_id":2997400528,"sender":{"age":27,"area":"武汉","card":"随心-小鹤拼音","level":"死飞单车","nickname":"№默☆伤♂","role":"member","sex":"male","title":"","user_id":1101721752},"sub_type":"normal","time":1557724004,"user_id":1101721752}
[19-05-13 13:06:46] [PicqBotX] [DEBUG(java.lang.Thread.run:748)] 收到新请求: CQHttp/4.8.0
[19-05-13 13:06:46] [PicqBotX] [DEBUG(java.lang.Thread.run:748)] - 数据: {"anonymous":null,"font":7569816,"group_id":556981260,"message":"工作中用不上","message_id":8526,"message_type":"group","post_type":"message","raw_message":"工作中用不上","self_id":2997400528,"sender":{"age":25,"area":"","card":"利键―自然码双拼","level":"五菱宏光","nickname":"神采飞扬","role":"member","sex":"male","title":"","user_id":1078179677},"sub_type":"normal","time":1557724006,"user_id":1078179677}
[19-05-13 13:06:51] [PicqBotX] [DEBUG(java.lang.Thread.run:748)] 收到新请求: CQHttp/4.8.0
[19-05-13 13:06:51] [PicqBotX] [DEBUG(java.lang.Thread.run:748)] - 数据: {"anonymous":null,"font":7569400,"group_id":556981260,"message":"开了也没有","message_id":8527,"message_type":"group","post_type":"message","raw_message":"开了也没有","self_id":2997400528,"sender":{"age":25,"area":"","card":"利键―自然码双拼","level":"五菱宏光","nickname":"神采飞扬","role":"member","sex":"male","title":"","user_id":1078179677},"sub_type":"normal","time":1557724011,"user_id":1078179677}
[19-05-13 13:06:58] [PicqBotX] [DEBUG(java.lang.Thread.run:748)] 收到新请求: CQHttp/4.8.0
