[19-05-12 16:07:10] [PicqBotX] [INFO] 
[19-05-12 16:07:10] [PicqBotX] [INFO]     ____  _            ____        __ _  __
[19-05-12 16:07:10] [PicqBotX] [INFO]    / __ \(_)________ _/ __ )____  / /| |/ /
[19-05-12 16:07:10] [PicqBotX] [INFO]   / /_/ / / ___/ __ `/ __  / __ \/ __/   /
[19-05-12 16:07:10] [PicqBotX] [INFO]  / ____/ / /__/ /_/ / /_/ / /_/ / /_/   |
[19-05-12 16:07:10] [PicqBotX] [INFO] /_/   /_/\___/\__, /_____/\____/\__/_/|_|
[19-05-12 16:07:10] [PicqBotX] [INFO]                 /_/         v3.2.2.896
[19-05-12 16:07:10] [PicqBotX] [INFO] 日志管理器     初始化完成 [******] ...(36.75 ms)
[19-05-12 16:07:10] [PicqBotX] [INFO] 缓存管理器     初始化完成 [******] ...(3.19 ms)
[19-05-12 16:07:10] [PicqBotX] [INFO] DEBUG设置     初始化完成 [******] ...(0.0 ms)
[19-05-12 16:07:10] [PicqBotX] [INFO] 事件管理器     初始化完成 [******] ...(27.13 ms)
[19-05-12 16:07:10] [PicqBotX] [INFO] 账号管理器     初始化完成 [******] ...(0.83 ms)
[19-05-12 16:07:10] [PicqBotX] [INFO] HTTP监听服务器 初始化完成 [******] ...(2.01 ms)
[19-05-12 16:07:11] [PicqBotX] [INFO] 指令管理器     初始化完成 [******] ...(2.73 ms)
[19-05-12 16:07:11] [PicqBotX] [WARNING] 账号 Bot01: 版本正确, 不过用酷Q Pro的话效果更好哦!
[19-05-12 16:07:11] [PicqBotX] [INFO] 账号 Bot01:   版本验证完成!
[19-05-12 16:07:11] [PicqBotX] [INFO] 正在启动...
[19-05-12 16:07:31] [PicqBotX] [DEBUG(java.lang.Thread.run:748)] 收到新请求: CQHttp/4.8.0
[19-05-12 16:07:31] [PicqBotX] [DEBUG(java.lang.Thread.run:748)] - 数据: {"anonymous":null,"font":7918048,"group_id":556981260,"message":"赛文 2019-4-22","message_id":5431,"message_type":"group","post_type":"message","raw_message":"赛文 2019-4-22","self_id":2997400528,"sender":{"age":8,"area":"广州","card":"谭宇-小鹤叕拚","level":"五菱宏光","nickname":"0 4 . 2 2","role":"member","sex":"male","title":"","user_id":1061917196},"sub_type":"normal","time":1557648451,"user_id":1061917196}
[19-05-12 16:07:32] [PicqBotX] [DEBUG(java.lang.Thread.run:748)] 收到新请求: CQHttp/4.8.0
[19-05-12 16:07:32] [PicqBotX] [DEBUG(java.lang.Thread.run:748)] - 数据: {"anonymous":null,"font":7783616,"group_id":556981260,"message":"2019-04-22拖拉机赛文-随机生成\r\n男女间的感情，可以以一种十分奇妙的方式存在和进行。成年男女，经历了生活的风霜，不象少年男女那样狂热而不计较周遭的一切。但是成年男女的感情， 却更深邃，有时可以深邃到将感情埋在极深的心底，偶然暴露一下，又忙不迭地将之掩遮起来。掩饰的程度之好，甚至可以到了听对方叙述和异性来往的经过的程度。表面上是淡淡的，还可以有笑容，心里的酸苦，当然藉着岁月的磨练，而不会表现在脸上。到了这种境地，是悲还是喜，只怕连当事人也不能下结论。狂热的恋情，有狂热恋情的可爱和壮观处，就象熊熊的火，燃烧着木柴，不但发出光和热，而且还会发出劈劈啪啪的的声响。但是刻意埋藏掩饰的爱，一样也是燃烧着的火，就象是木柴燃烧完毕之后，赤灼的炭，不再有火焰冒起，上面甚至有了一层灰，但是炭还是灼热的，热度比火舌高窜之时还要高，而且，不到全身都成了灰烬，不会休止，即使是一层又一层，全成了白灰，内心只要仍有一点热，就仍然在燃烧。无声的燃烧，比有声有色的更惊心动魄。\r\n-----第0段-共410字","message_id":5433,"message_type":"group","post_type":"message","raw_message":"2019-04-22拖拉机赛文-随机生成\r\n男女间的感情，可以以一种十分奇妙的方式存在和进行。成年男女，经历了生活的风霜，不象少年男女那样狂热而不计较周遭的一切。但是成年男女的感情， 却更深邃，有时可以深邃到将感情埋在极深的心底，偶然暴露一下，又忙不迭地将之掩遮起来。掩饰的程度之好，甚至可以到了听对方叙述和异性来往的经过的程度。表面上是淡淡的，还可以有笑容，心里的酸苦，当然藉着岁月的磨练，而不会表现在脸上。到了这种境地，是悲还是喜，只怕连当事人也不能下结论。狂热的恋情，有狂热恋情的可爱和壮观处，就象熊熊的火，燃烧着木柴，不但发出光和热，而且还会发出劈劈啪啪的的声响。但是刻意埋藏掩饰的爱，一样也是燃烧着的火，就象是木柴燃烧完毕之后，赤灼的炭，不再有火焰冒起，上面甚至有了一层灰，但是炭还是灼热的，热度比火舌高窜之时还要高，而且，不到全身都成了灰烬，不会休止，即使是一层又一层，全成了白灰，内心只要仍有一点热，就仍然在燃烧。无声的燃烧，比有声有色的更惊心动魄。\r\n-----第0段-共410字","self_id":2997400528,"sender":{"age":22,"area":"广州","card":"鹤-单","level":"死飞单车","nickname":"鹤","role":"member","sex":"female","title":"","user_id":1061917110},"sub_type":"normal","time":1557648452,"user_id":1061917110}
[19-05-12 16:07:41] [PicqBotX] [DEBUG(java.lang.Thread.run:748)] 收到新请求: CQHttp/4.8.0
[19-05-12 16:07:41] [PicqBotX] [DEBUG(java.lang.Thread.run:748)] - 数据: {"anonymous":null,"font":7916992,"group_id":556981260,"message":"emmm\\","message_id":5434,"message_type":"group","post_type":"message","raw_message":"emmm\\","self_id":2997400528,"sender":{"age":8,"area":"广州","card":"谭宇-小鹤叕拚","level":"五菱宏光","nickname":"0 4 . 2 2","role":"member","sex":"male","title":"","user_id":1061917196},"sub_type":"normal","time":1557648461,"user_id":1061917196}
[19-05-12 16:07:44] [PicqBotX] [DEBUG(java.lang.Thread.run:748)] 收到新请求: CQHttp/4.8.0
[19-05-12 16:07:44] [PicqBotX] [DEBUG(java.lang.Thread.run:748)] - 数据: {"anonymous":null,"font":7918496,"group_id":556981260,"message":"这也两号","message_id":5435,"message_type":"group","post_type":"message","raw_message":"这也两号","self_id":2997400528,"sender":{"age":8,"area":"广州","card":"谭宇-小鹤叕拚","level":"五菱宏光","nickname":"0 4 . 2 2","role":"member","sex":"male","title":"","user_id":1061917196},"sub_type":"normal","time":1557648464,"user_id":1061917196}
[19-05-12 16:09:23] [PicqBotX] [DEBUG(java.lang.Thread.run:748)] 收到新请求: CQHttp/4.8.0
[19-05-12 16:09:23] [PicqBotX] [DEBUG(java.lang.Thread.run:748)] - 数据: {"anonymous":null,"font":7918784,"group_id":556981260,"message":"第999段 速度181.53 击键7.06 码长2.33 字数478 时间02:37.66 回改7 退格11 回车0 键数1113 选重10 键准98.38% 键法88.87% 重打0 打词48.22% 峰值211.45/9.05/2.09 校检:1da60 极速跟打器v1.46","message_id":5436,"message_type":"group","post_type":"message","raw_message":"第999段 速度181.53 击键7.06 码长2.33 字数478 时间02:37.66 回改7 退格11 回车0 键数1113 选重10 键准98.38% 键法88.87% 重打0 打词48.22% 峰值211.45/9.05/2.09 校检:1da60 极速跟打器v1.46","self_id":2997400528,"sender":{"age":32,"area":"德阳","card":"Abigail-QQ五笔","level":"新日电动车","nickname":"Abigail","role":"member","sex":"female","title":"","user_id":827852525},"sub_type":"normal","time":1557648563,"user_id":827852525}
[19-05-12 16:10:27] [PicqBotX] [DEBUG(java.lang.Thread.run:748)] 收到新请求: CQHttp/4.8.0
[19-05-12 16:10:27] [PicqBotX] [DEBUG(java.lang.Thread.run:748)] - 数据: {"anonymous":null,"font":7917984,"group_id":556981260,"message":"成绩首打","message_id":5437,"message_type":"group","post_type":"message","raw_message":"成绩首打","self_id":2997400528,"sender":{"age":32,"area":"德阳","card":"Abigail-QQ五笔","level":"新日电动车","nickname":"Abigail","role":"member","sex":"female","title":"","user_id":827852525},"sub_type":"normal","time":1557648627,"user_id":827852525}
[19-05-12 16:10:33] [PicqBotX] [DEBUG(java.lang.Thread.run:748)] 收到新请求: CQHttp/4.8.0
[19-05-12 16:10:33] [PicqBotX] [DEBUG(java.lang.Thread.run:748)] - 数据: {"anonymous":null,"font":7918336,"group_id":522394334,"message":"第999段 速度60.15 击键2.51 码长2.50 字数425 时间07:02.96 回改16 退格18 回车0 键数1062 选重31 键准96.80% 键法129.24% 重打1 打词57.08% 峰值90.13/3.27/2.01 输入法: 校检:3456a 极速跟打器v1.46","message_id":5438,"message_type":"group","post_type":"message","raw_message":"第999段 速度60.15 击键2.51 码长2.50 字数425 时间07:02.96 回改16 退格18 回车0 键数1062 选重31 键准96.80% 键法129.24% 重打1 打词57.08% 峰值90.13/3.27/2.01 输入法: 校检:3456a 极速跟打器v1.46","self_id":2997400528,"sender":{"age":0,"area":"","card":"勿念-小鹤音形","level":"了解群图书馆","nickname":"子雨","role":"member","sex":"male","title":"","user_id":270610577},"sub_type":"normal","time":1557648633,"user_id":270610577}
[19-05-12 16:10:37] [PicqBotX] [DEBUG(java.lang.Thread.run:748)] 收到新请求: CQHttp/4.8.0
[19-05-12 16:10:37] [PicqBotX] [DEBUG(java.lang.Thread.run:748)] - 数据: {"anonymous":null,"font":7918304,"group_id":556981260,"message":"#成绩首打","message_id":5439,"message_type":"group","post_type":"message","raw_message":"#成绩首打","self_id":2997400528,"sender":{"age":32,"area":"德阳","card":"Abigail-QQ五笔","level":"新日电动车","nickname":"Abigail","role":"member","sex":"female","title":"","user_id":827852525},"sub_type":"normal","time":1557648637,"user_id":827852525}
[19-05-12 16:10:40] [PicqBotX] [DEBUG(java.lang.Thread.run:748)] 收到新请求: CQHttp/4.8.0
