[19-05-10 15:46:55] [PicqBotX] [INFO] 
[19-05-10 15:46:55] [PicqBotX] [INFO]     ____  _            ____        __ _  __
[19-05-10 15:46:55] [PicqBotX] [INFO]    / __ \(_)________ _/ __ )____  / /| |/ /
[19-05-10 15:46:55] [PicqBotX] [INFO]   / /_/ / / ___/ __ `/ __  / __ \/ __/   /
[19-05-10 15:46:55] [PicqBotX] [INFO]  / ____/ / /__/ /_/ / /_/ / /_/ / /_/   |
[19-05-10 15:46:55] [PicqBotX] [INFO] /_/   /_/\___/\__, /_____/\____/\__/_/|_|
[19-05-10 15:46:55] [PicqBotX] [INFO]                 /_/         v3.2.2.896
[19-05-10 15:46:55] [PicqBotX] [INFO] 日志管理器     初始化完成 [******] ...(29.77 ms)
[19-05-10 15:46:55] [PicqBotX] [INFO] 缓存管理器     初始化完成 [******] ...(1.81 ms)
[19-05-10 15:46:55] [PicqBotX] [INFO] DEBUG设置     初始化完成 [******] ...(0.01 ms)
[19-05-10 15:46:55] [PicqBotX] [INFO] 事件管理器     初始化完成 [******] ...(27.86 ms)
[19-05-10 15:46:55] [PicqBotX] [INFO] 账号管理器     初始化完成 [******] ...(1.11 ms)
[19-05-10 15:46:55] [PicqBotX] [INFO] HTTP监听服务器 初始化完成 [******] ...(2.0 ms)
[19-05-10 15:46:55] [PicqBotX] [INFO] 指令管理器     初始化完成 [******] ...(1.82 ms)
[19-05-10 15:46:55] [PicqBotX] [WARNING] 账号 Bot01: 版本正确, 不过用酷Q Pro的话效果更好哦!
[19-05-10 15:46:55] [PicqBotX] [INFO] 账号 Bot01:   版本验证完成!
[19-05-10 15:46:55] [PicqBotX] [INFO] 正在启动...
[19-05-10 15:47:17] [PicqBotX] [DEBUG(java.lang.Thread.run:748)] 收到新请求: CQHttp/4.8.0
[19-05-10 15:47:17] [PicqBotX] [DEBUG(java.lang.Thread.run:748)] - 数据: {"font":8390560,"message":"!a","message_id":2122,"message_type":"private","post_type":"message","raw_message":"!a","self_id":2997400528,"sender":{"age":8,"nickname":"0 4 . 2 2","sex":"male","user_id":1061917196},"sub_type":"friend","time":1557474437,"user_id":1061917196}
[19-05-10 15:47:22] [PicqBotX] [DEBUG(java.lang.Thread.run:748)] 收到新请求: CQHttp/4.8.0
[19-05-10 15:47:22] [PicqBotX] [DEBUG(java.lang.Thread.run:748)] - 数据: {"font":8390656,"message":"!当日消费记录","message_id":2123,"message_type":"private","post_type":"message","raw_message":"!当日消费记录","self_id":2997400528,"sender":{"age":8,"nickname":"0 4 . 2 2","sex":"male","user_id":1061917196},"sub_type":"friend","time":1557474442,"user_id":1061917196}
[19-05-10 15:47:24] [PicqBotX] [DEBUG(java.lang.Thread.run:748)] 收到新请求: CQHttp/4.8.0
