[19-05-13 13:07:11] [PicqBotX] [INFO] 
[19-05-13 13:07:11] [PicqBotX] [INFO]     ____  _            ____        __ _  __
[19-05-13 13:07:11] [PicqBotX] [INFO]    / __ \(_)________ _/ __ )____  / /| |/ /
[19-05-13 13:07:11] [PicqBotX] [INFO]   / /_/ / / ___/ __ `/ __  / __ \/ __/   /
[19-05-13 13:07:11] [PicqBotX] [INFO]  / ____/ / /__/ /_/ / /_/ / /_/ / /_/   |
[19-05-13 13:07:11] [PicqBotX] [INFO] /_/   /_/\___/\__, /_____/\____/\__/_/|_|
[19-05-13 13:07:11] [PicqBotX] [INFO]                 /_/         v3.2.2.896
[19-05-13 13:07:11] [PicqBotX] [INFO] 日志管理器     初始化完成 [******] ...(52.73 ms)
[19-05-13 13:07:11] [PicqBotX] [INFO] 缓存管理器     初始化完成 [******] ...(2.06 ms)
[19-05-13 13:07:11] [PicqBotX] [INFO] DEBUG设置     初始化完成 [******] ...(0.01 ms)
[19-05-13 13:07:11] [PicqBotX] [INFO] 事件管理器     初始化完成 [******] ...(36.39 ms)
[19-05-13 13:07:11] [PicqBotX] [INFO] 账号管理器     初始化完成 [******] ...(1.13 ms)
[19-05-13 13:07:11] [PicqBotX] [INFO] HTTP监听服务器 初始化完成 [******] ...(1.45 ms)
[19-05-13 13:07:12] [PicqBotX] [INFO] 指令管理器     初始化完成 [******] ...(1.73 ms)
[19-05-13 13:07:12] [PicqBotX] [WARNING] 账号 Bot01: 版本正确, 不过用酷Q Pro的话效果更好哦!
[19-05-13 13:07:12] [PicqBotX] [INFO] 账号 Bot01:   版本验证完成!
[19-05-13 13:07:12] [PicqBotX] [INFO] 正在启动...
[19-05-13 13:07:13] [PicqBotX] [DEBUG(java.lang.Thread.run:748)] 收到新请求: CQHttp/4.8.0
[19-05-13 13:07:13] [PicqBotX] [DEBUG(java.lang.Thread.run:748)] - 数据: {"anonymous":null,"font":54232840,"group_id":556981260,"message":"没那么必要打","message_id":8532,"message_type":"group","post_type":"message","raw_message":"没那么必要打","self_id":2997400528,"sender":{"age":27,"area":"武汉","card":"随心-小鹤拼音","level":"死飞单车","nickname":"№默☆伤♂","role":"member","sex":"male","title":"","user_id":1101721752},"sub_type":"normal","time":1557724033,"user_id":1101721752}
[19-05-13 13:07:14] [PicqBotX] [DEBUG(java.lang.Thread.run:748)] 收到新请求: CQHttp/4.8.0
[19-05-13 13:07:14] [PicqBotX] [DEBUG(java.lang.Thread.run:748)] - 数据: {"anonymous":null,"font":54232520,"group_id":522394334,"message":"#赛文","message_id":8533,"message_type":"group","post_type":"message","raw_message":"#赛文","self_id":2997400528,"sender":{"age":8,"area":"广州","card":"谭宇-养生式跟打","level":"入门","nickname":"0 4 . 2 2","role":"admin","sex":"male","title":"","user_id":1061917196},"sub_type":"normal","time":1557724034,"user_id":1061917196}
[19-05-13 13:07:15] [PicqBotX] [DEBUG(java.lang.Thread.run:748)] 收到新请求: CQHttp/4.8.0
[19-05-13 13:07:15] [PicqBotX] [DEBUG(java.lang.Thread.run:748)] - 数据: {"anonymous":null,"font":54232360,"group_id":522394334,"message":"《裸泳》日赛第531期-二花制作\r\n在某海滨浴场洗海水浴时，伊佐塔太太遇上了一件麻烦事：当从深海游回岸边的途中，她突然发觉自己的游泳衣不在身上了。她弄不清事情是刚刚发生的，还是发生得有一阵儿了，总之，她穿的那件新比基尼泳装只剩下了胸罩。可能是她臀部扭动时，扣子脱落，那个像布条一般的三角裤衩从另一条大腿滑了下去，也许正在她身下不远处往下沉呢，她试图潜入水中去寻找，但没有成功。这是正午时分，海里四处都是人，有的在赛艇上，有的在小游艇上，还有的在游泳。伊佐塔太太不认识任何人。昨天，她丈夫把她送到此地后立即又回城里去了。她心想，眼下别无他法，只能找一艘救生船，或者找一个可信赖的男子，向他呼喊和求救，并要求他严守秘密。好在没有人怀疑她下身赤裸，因为她游泳时，决不把身子抬到水面，人们只能看见她的头和隐约可见的胳膊和胸部。这样，她就可以放心地去寻求援救了。为了弄清别人的眼睛到底能看清她身体的多少，她时不时停下来，几乎垂直地漂浮着，以便窥视一下自己的躯体。她惊讶地发现，阳光照射在水面，又变成水下清澈的闪光，她躯体上的一切在水中纤毫毕现。\r\n-----第999段-1200S-449Z-4L-c5e8d864V--c.sw.1.1\r\n本文由 散文 组成","message_id":8534,"message_type":"group","post_type":"message","raw_message":"《裸泳》日赛第531期-二花制作\r\n在某海滨浴场洗海水浴时，伊佐塔太太遇上了一件麻烦事：当从深海游回岸边的途中，她突然发觉自己的游泳衣不在身上了。她弄不清事情是刚刚发生的，还是发生得有一阵儿了，总之，她穿的那件新比基尼泳装只剩下了胸罩。可能是她臀部扭动时，扣子脱落，那个像布条一般的三角裤衩从另一条大腿滑了下去，也许正在她身下不远处往下沉呢，她试图潜入水中去寻找，但没有成功。这是正午时分，海里四处都是人，有的在赛艇上，有的在小游艇上，还有的在游泳。伊佐塔太太不认识任何人。昨天，她丈夫把她送到此地后立即又回城里去了。她心想，眼下别无他法，只能找一艘救生船，或者找一个可信赖的男子，向他呼喊和求救，并要求他严守秘密。好在没有人怀疑她下身赤裸，因为她游泳时，决不把身子抬到水面，人们只能看见她的头和隐约可见的胳膊和胸部。这样，她就可以放心地去寻求援救了。为了弄清别人的眼睛到底能看清她身体的多少，她时不时停下来，几乎垂直地漂浮着，以便窥视一下自己的躯体。她惊讶地发现，阳光照射在水面，又变成水下清澈的闪光，她躯体上的一切在水中纤毫毕现。\r\n-----第999段-1200S-449Z-4L-c5e8d864V--c.sw.1.1\r\n本文由 散文 组成","self_id":2997400528,"sender":{"age":6,"area":"北京","card":"","level":"小白","nickname":"小拆","role":"member","sex":"female","title":"","user_id":207938707},"sub_type":"normal","time":1557724035,"user_id":207938707}
[19-05-13 13:07:17] [PicqBotX] [DEBUG(java.lang.Thread.run:748)] 收到新请求: CQHttp/4.8.0
[19-05-13 13:07:17] [PicqBotX] [DEBUG(java.lang.Thread.run:748)] - 数据: {"anonymous":null,"font":54232328,"group_id":556981260,"message":"不可能撰写一篇稿给你个词语提示","message_id":8535,"message_type":"group","post_type":"message","raw_message":"不可能撰写一篇稿给你个词语提示","self_id":2997400528,"sender":{"age":25,"area":"","card":"利键―自然码双拼","level":"五菱宏光","nickname":"神采飞扬","role":"member","sex":"male","title":"","user_id":1078179677},"sub_type":"normal","time":1557724037,"user_id":1078179677}
[19-05-13 13:07:17] [PicqBotX] [DEBUG(java.lang.Thread.run:748)] 收到新请求: CQHttp/4.8.0
[19-05-13 13:07:17] [PicqBotX] [DEBUG(java.lang.Thread.run:748)] - 数据: {"anonymous":null,"font":54232136,"group_id":556981260,"message":"打不打就那样","message_id":8536,"message_type":"group","post_type":"message","raw_message":"打不打就那样","self_id":2997400528,"sender":{"age":27,"area":"武汉","card":"随心-小鹤拼音","level":"死飞单车","nickname":"№默☆伤♂","role":"member","sex":"male","title":"","user_id":1101721752},"sub_type":"normal","time":1557724037,"user_id":1101721752}
[19-05-13 13:07:50] [PicqBotX] [DEBUG(java.lang.Thread.run:748)] 收到新请求: CQHttp/4.8.0
[19-05-13 13:07:50] [PicqBotX] [DEBUG(java.lang.Thread.run:748)] - 数据: {"anonymous":null,"font":54232200,"group_id":556981260,"message":"你们的回改太低了","message_id":8537,"message_type":"group","post_type":"message","raw_message":"你们的回改太低了","self_id":2997400528,"sender":{"age":22,"area":"商丘","card":"小萌新－字根通用码","level":"死飞单车","nickname":"心雨飘零","role":"member","sex":"male","title":"","user_id":1104719426},"sub_type":"normal","time":1557724070,"user_id":1104719426}
[19-05-13 13:08:29] [PicqBotX] [DEBUG(java.lang.Thread.run:748)] 收到新请求: CQHttp/4.8.0
[19-05-13 13:08:29] [PicqBotX] [DEBUG(java.lang.Thread.run:748)] - 数据: {"anonymous":null,"font":54232392,"group_id":556981260,"message":"无聊这个回改感觉还比较亲民","message_id":8538,"message_type":"group","post_type":"message","raw_message":"无聊这个回改感觉还比较亲民","self_id":2997400528,"sender":{"age":22,"area":"商丘","card":"小萌新－字根通用码","level":"死飞单车","nickname":"心雨飘零","role":"member","sex":"male","title":"","user_id":1104719426},"sub_type":"normal","time":1557724109,"user_id":1104719426}
[19-05-13 13:09:09] [PicqBotX] [DEBUG(java.lang.Thread.run:748)] 收到新请求: CQHttp/4.8.0
[19-05-13 13:09:09] [PicqBotX] [DEBUG(java.lang.Thread.run:748)] - 数据: {"anonymous":null,"font":54232744,"group_id":556981260,"message":"回改就是试词的时候会剧增","message_id":8539,"message_type":"group","post_type":"message","raw_message":"回改就是试词的时候会剧增","self_id":2997400528,"sender":{"age":0,"area":"广州","card":"无聊-小鹤","level":"新日电动车","nickname":"无聊","role":"member","sex":"male","title":"","user_id":779855010},"sub_type":"normal","time":1557724149,"user_id":779855010}
[19-05-13 13:09:26] [PicqBotX] [DEBUG(java.lang.Thread.run:748)] 收到新请求: CQHttp/4.8.0
[19-05-13 13:09:26] [PicqBotX] [DEBUG(java.lang.Thread.run:748)] - 数据: {"anonymous":null,"font":54232744,"group_id":556981260,"message":"我打的话，回改不会过20","message_id":8540,"message_type":"group","post_type":"message","raw_message":"我打的话，回改不会过20","self_id":2997400528,"sender":{"age":25,"area":"","card":"利键―自然码双拼","level":"五菱宏光","nickname":"神采飞扬","role":"member","sex":"male","title":"","user_id":1078179677},"sub_type":"normal","time":1557724166,"user_id":1078179677}
[19-05-13 13:09:36] [PicqBotX] [DEBUG(java.lang.Thread.run:748)] 收到新请求: CQHttp/4.8.0
[19-05-13 13:09:36] [PicqBotX] [DEBUG(java.lang.Thread.run:748)] - 数据: {"anonymous":null,"font":54232488,"group_id":556981260,"message":"亲民的无聊大佬","message_id":8541,"message_type":"group","post_type":"message","raw_message":"亲民的无聊大佬","self_id":2997400528,"sender":{"age":27,"area":"武汉","card":"随心-小鹤拼音","level":"死飞单车","nickname":"№默☆伤♂","role":"member","sex":"male","title":"","user_id":1101721752},"sub_type":"normal","time":1557724176,"user_id":1101721752}
[19-05-13 13:09:44] [PicqBotX] [DEBUG(java.lang.Thread.run:748)] 收到新请求: CQHttp/4.8.0
[19-05-13 13:09:44] [PicqBotX] [DEBUG(java.lang.Thread.run:748)] - 数据: {"anonymous":null,"font":54232232,"group_id":556981260,"message":"亲民竟然不是词","message_id":8542,"message_type":"group","post_type":"message","raw_message":"亲民竟然不是词","self_id":2997400528,"sender":{"age":27,"area":"武汉","card":"随心-小鹤拼音","level":"死飞单车","nickname":"№默☆伤♂","role":"member","sex":"male","title":"","user_id":1101721752},"sub_type":"normal","time":1557724184,"user_id":1101721752}
[19-05-13 13:09:48] [PicqBotX] [DEBUG(java.lang.Thread.run:748)] 收到新请求: CQHttp/4.8.0
[19-05-13 13:09:48] [PicqBotX] [DEBUG(java.lang.Thread.run:748)] - 数据: {"anonymous":null,"font":54232168,"group_id":556981260,"message":"我都是试词","message_id":8543,"message_type":"group","post_type":"message","raw_message":"我都是试词","self_id":2997400528,"sender":{"age":22,"area":"商丘","card":"小萌新－字根通用码","level":"死飞单车","nickname":"心雨飘零","role":"member","sex":"male","title":"","user_id":1104719426},"sub_type":"normal","time":1557724188,"user_id":1104719426}
[19-05-13 13:09:57] [PicqBotX] [DEBUG(java.lang.Thread.run:748)] 收到新请求: CQHttp/4.8.0
[19-05-13 13:09:57] [PicqBotX] [DEBUG(java.lang.Thread.run:748)] - 数据: {"anonymous":null,"font":54232232,"group_id":556981260,"message":"无聊――中高端的标杆","message_id":8544,"message_type":"group","post_type":"message","raw_message":"无聊――中高端的标杆","self_id":2997400528,"sender":{"age":25,"area":"","card":"利键―自然码双拼","level":"五菱宏光","nickname":"神采飞扬","role":"member","sex":"male","title":"","user_id":1078179677},"sub_type":"normal","time":1557724197,"user_id":1078179677}
[19-05-13 13:10:01] [PicqBotX] [DEBUG(java.lang.Thread.run:748)] 收到新请求: CQHttp/4.8.0
[19-05-13 13:10:01] [PicqBotX] [DEBUG(java.lang.Thread.run:748)] - 数据: {"anonymous":null,"font":54232360,"group_id":556981260,"message":"很多词不可能全记住","message_id":8545,"message_type":"group","post_type":"message","raw_message":"很多词不可能全记住","self_id":2997400528,"sender":{"age":22,"area":"商丘","card":"小萌新－字根通用码","level":"死飞单车","nickname":"心雨飘零","role":"member","sex":"male","title":"","user_id":1104719426},"sub_type":"normal","time":1557724201,"user_id":1104719426}
[19-05-13 13:10:10] [PicqBotX] [DEBUG(java.lang.Thread.run:748)] 收到新请求: CQHttp/4.8.0
[19-05-13 13:10:10] [PicqBotX] [DEBUG(java.lang.Thread.run:748)] - 数据: {"anonymous":null,"font":54232872,"group_id":556981260,"message":"我是低端的标杆","message_id":8546,"message_type":"group","post_type":"message","raw_message":"我是低端的标杆","self_id":2997400528,"sender":{"age":25,"area":"","card":"利键―自然码双拼","level":"五菱宏光","nickname":"神采飞扬","role":"member","sex":"male","title":"","user_id":1078179677},"sub_type":"normal","time":1557724210,"user_id":1078179677}
[19-05-13 13:10:28] [PicqBotX] [DEBUG(java.lang.Thread.run:748)] 收到新请求: CQHttp/4.8.0
[19-05-13 13:10:28] [PicqBotX] [DEBUG(java.lang.Thread.run:748)] - 数据: {"anonymous":null,"font":54232808,"group_id":556981260,"message":"你不是标杆，你是基准","message_id":8547,"message_type":"group","post_type":"message","raw_message":"你不是标杆，你是基准","self_id":2997400528,"sender":{"age":27,"area":"武汉","card":"随心-小鹤拼音","level":"死飞单车","nickname":"№默☆伤♂","role":"member","sex":"male","title":"","user_id":1101721752},"sub_type":"normal","time":1557724228,"user_id":1101721752}
[19-05-13 13:10:34] [PicqBotX] [DEBUG(java.lang.Thread.run:748)] 收到新请求: CQHttp/4.8.0
[19-05-13 13:10:34] [PicqBotX] [DEBUG(java.lang.Thread.run:748)] - 数据: {"anonymous":null,"font":54232264,"group_id":522394334,"message":"[CQ:face,id=98]我怀疑这篇文章在开车，但我没证据","message_id":8548,"message_type":"group","post_type":"message","raw_message":"[CQ:face,id=98]我怀疑这篇文章在开车，但我没证据","self_id":2997400528,"sender":{"age":24,"area":"泉州","card":"地瓜-小鹤音形","level":"了解群图书馆","nickname":"地瓜","role":"member","sex":"male","title":"","user_id":1515617671},"sub_type":"normal","time":1557724234,"user_id":1515617671}
[19-05-13 13:10:41] [PicqBotX] [DEBUG(java.lang.Thread.run:748)] 收到新请求: CQHttp/4.8.0
[19-05-13 13:10:41] [PicqBotX] [DEBUG(java.lang.Thread.run:748)] - 数据: {"anonymous":null,"font":54232360,"group_id":556981260,"message":"我去","message_id":8549,"message_type":"group","post_type":"message","raw_message":"我去","self_id":2997400528,"sender":{"age":25,"area":"","card":"利键―自然码双拼","level":"五菱宏光","nickname":"神采飞扬","role":"member","sex":"male","title":"","user_id":1078179677},"sub_type":"normal","time":1557724241,"user_id":1078179677}
[19-05-13 13:10:45] [PicqBotX] [DEBUG(java.lang.Thread.run:748)] 收到新请求: CQHttp/4.8.0
[19-05-13 13:10:45] [PicqBotX] [DEBUG(java.lang.Thread.run:748)] - 数据: {"anonymous":null,"font":54232296,"group_id":556981260,"message":"小拆好像有个常用词","message_id":8550,"message_type":"group","post_type":"message","raw_message":"小拆好像有个常用词","self_id":2997400528,"sender":{"age":22,"area":"商丘","card":"小萌新－字根通用码","level":"死飞单车","nickname":"心雨飘零","role":"member","sex":"male","title":"","user_id":1104719426},"sub_type":"normal","time":1557724245,"user_id":1104719426}
[19-05-13 13:10:46] [PicqBotX] [DEBUG(java.lang.Thread.run:748)] 收到新请求: CQHttp/4.8.0
[19-05-13 13:10:46] [PicqBotX] [DEBUG(java.lang.Thread.run:748)] - 数据: {"anonymous":null,"font":54232872,"group_id":556981260,"message":"Ｏ(RQ)Ｏ在~","message_id":8551,"message_type":"group","post_type":"message","raw_message":"Ｏ(RQ)Ｏ在~","self_id":2997400528,"sender":{"age":6,"area":"北京","card":"","level":"波音747","nickname":"小拆","role":"admin","sex":"female","title":"","user_id":207938707},"sub_type":"normal","time":1557724246,"user_id":207938707}
[19-05-13 13:11:02] [PicqBotX] [DEBUG(java.lang.Thread.run:748)] 收到新请求: CQHttp/4.8.0
[19-05-13 13:11:02] [PicqBotX] [DEBUG(java.lang.Thread.run:748)] - 数据: {"anonymous":null,"font":54232104,"group_id":556981260,"message":"前1000搞一下估计键准会好挺多","message_id":8552,"message_type":"group","post_type":"message","raw_message":"前1000搞一下估计键准会好挺多","self_id":2997400528,"sender":{"age":22,"area":"商丘","card":"小萌新－字根通用码","level":"死飞单车","nickname":"心雨飘零","role":"member","sex":"male","title":"","user_id":1104719426},"sub_type":"normal","time":1557724262,"user_id":1104719426}
[19-05-13 13:11:31] [PicqBotX] [DEBUG(java.lang.Thread.run:748)] 收到新请求: CQHttp/4.8.0
[19-05-13 13:11:31] [PicqBotX] [DEBUG(java.lang.Thread.run:748)] - 数据: {"anonymous":null,"font":54232296,"group_id":556981260,"message":"#列表","message_id":8554,"message_type":"group","post_type":"message","raw_message":"#列表","self_id":2997400528,"sender":{"age":22,"area":"商丘","card":"小萌新－字根通用码","level":"死飞单车","nickname":"心雨飘零","role":"member","sex":"male","title":"","user_id":1104719426},"sub_type":"normal","time":1557724291,"user_id":1104719426}
[19-05-13 13:11:32] [PicqBotX] [DEBUG(java.lang.Thread.run:748)] 收到新请求: CQHttp/4.8.0
[19-05-13 13:11:32] [PicqBotX] [DEBUG(java.lang.Thread.run:748)] - 数据: {"anonymous":null,"font":54232616,"group_id":522394334,"message":"这文章好啊，能打的入神","message_id":8553,"message_type":"group","post_type":"message","raw_message":"这文章好啊，能打的入神","self_id":2997400528,"sender":{"age":0,"area":"","card":"青铜・Qtss","level":"了解群图书馆","nickname":"青 铜","role":"member","sex":"unknown","title":"","user_id":949402006},"sub_type":"normal","time":1557724291,"user_id":949402006}
[19-05-13 13:11:32] [PicqBotX] [DEBUG(java.lang.Thread.run:748)] 收到新请求: CQHttp/4.8.0
[19-05-13 13:11:32] [PicqBotX] [DEBUG(java.lang.Thread.run:748)] - 数据: {"anonymous":null,"font":54232168,"group_id":556981260,"message":"※※※ a 单字 ※※※\r\n#a 1（常用单字）\r\n#a 2（其他单字）\r\n※※※ c 文章 ※※※\r\n#c 1（经典文章）\r\n#c 2（散文）\r\n#c 3（长篇）\r\n#c 4（小小说）\r\n#c 5（励志）\r\n#c 6（搞笑）\r\n#c 7（哲理）\r\n#c 8（政论）\r\n#c 9（杂志）\r\n#c 10（法律）\r\n#c 11（戏剧）\r\n#c 12（诗歌）\r\n※※※ s 小说 ※※※\r\n#s 1（言情）\r\n#s 2（仙侠）\r\n#s 3（穿越）\r\n#s 4（玄幻）\r\n※※※ b 词组 ※※※\r\n#b 1（常用词组）\r\n#b 2（歌词词组）\r\n※※※ w 古文 ※※※\r\n#w 1（绕口令）\r\n#w 2（唐诗）\r\n#w 3（宋词）\r\n#w 4（史记）\r\n#w 5（论语）\r\n※※※ e 英文 ※※※\r\n#e 1（经典文章）\r\n#e 2（英文单词）\r\n※※※ g 歌词 ※※※\r\n#g 1（90后）\r\n※※※ 已完毕 ※※※","message_id":8555,"message_type":"group","post_type":"message","raw_message":"※※※ a 单字 ※※※\r\n#a 1（常用单字）\r\n#a 2（其他单字）\r\n※※※ c 文章 ※※※\r\n#c 1（经典文章）\r\n#c 2（散文）\r\n#c 3（长篇）\r\n#c 4（小小说）\r\n#c 5（励志）\r\n#c 6（搞笑）\r\n#c 7（哲理）\r\n#c 8（政论）\r\n#c 9（杂志）\r\n#c 10（法律）\r\n#c 11（戏剧）\r\n#c 12（诗歌）\r\n※※※ s 小说 ※※※\r\n#s 1（言情）\r\n#s 2（仙侠）\r\n#s 3（穿越）\r\n#s 4（玄幻）\r\n※※※ b 词组 ※※※\r\n#b 1（常用词组）\r\n#b 2（歌词词组）\r\n※※※ w 古文 ※※※\r\n#w 1（绕口令）\r\n#w 2（唐诗）\r\n#w 3（宋词）\r\n#w 4（史记）\r\n#w 5（论语）\r\n※※※ e 英文 ※※※\r\n#e 1（经典文章）\r\n#e 2（英文单词）\r\n※※※ g 歌词 ※※※\r\n#g 1（90后）\r\n※※※ 已完毕 ※※※","self_id":2997400528,"sender":{"age":6,"area":"北京","card":"","level":"波音747","nickname":"小拆","role":"admin","sex":"female","title":"","user_id":207938707},"sub_type":"normal","time":1557724292,"user_id":207938707}
[19-05-13 13:11:56] [PicqBotX] [DEBUG(java.lang.Thread.run:748)] 收到新请求: CQHttp/4.8.0
[19-05-13 13:11:56] [PicqBotX] [DEBUG(java.lang.Thread.run:748)] - 数据: {"anonymous":null,"font":54232456,"group_id":556981260,"message":"#b1","message_id":8556,"message_type":"group","post_type":"message","raw_message":"#b1","self_id":2997400528,"sender":{"age":22,"area":"商丘","card":"小萌新－字根通用码","level":"死飞单车","nickname":"心雨飘零","role":"member","sex":"male","title":"","user_id":1104719426},"sub_type":"normal","time":1557724316,"user_id":1104719426}
[19-05-13 13:12:09] [PicqBotX] [DEBUG(java.lang.Thread.run:748)] 收到新请求: CQHttp/4.8.0
[19-05-13 13:12:09] [PicqBotX] [DEBUG(java.lang.Thread.run:748)] - 数据: {"anonymous":null,"font":54232296,"group_id":556981260,"message":"#b 1","message_id":8557,"message_type":"group","post_type":"message","raw_message":"#b 1","self_id":2997400528,"sender":{"age":22,"area":"商丘","card":"小萌新－字根通用码","level":"死飞单车","nickname":"心雨飘零","role":"member","sex":"male","title":"","user_id":1104719426},"sub_type":"normal","time":1557724329,"user_id":1104719426}
[19-05-13 13:12:10] [PicqBotX] [DEBUG(java.lang.Thread.run:748)] 收到新请求: CQHttp/4.8.0
[19-05-13 13:12:10] [PicqBotX] [DEBUG(java.lang.Thread.run:748)] - 数据: {"anonymous":null,"font":54232136,"group_id":556981260,"message":"※※※ 文章列表 ※※※\r\n#b 1 1（词语）\r\n#b 1 2（常用单字与词组混合）\r\n#b 1 3（五双略码词组）\r\n#b 1 4（092重码词组（有标点））\r\n※※※ 加载完毕 ※※※","message_id":8558,"message_type":"group","post_type":"message","raw_message":"※※※ 文章列表 ※※※\r\n#b 1 1（词语）\r\n#b 1 2（常用单字与词组混合）\r\n#b 1 3（五双略码词组）\r\n#b 1 4（092重码词组（有标点））\r\n※※※ 加载完毕 ※※※","self_id":2997400528,"sender":{"age":6,"area":"北京","card":"","level":"波音747","nickname":"小拆","role":"admin","sex":"female","title":"","user_id":207938707},"sub_type":"normal","time":1557724330,"user_id":207938707}
[19-05-13 13:12:26] [PicqBotX] [DEBUG(java.lang.Thread.run:748)] 收到新请求: CQHttp/4.8.0
[19-05-13 13:12:26] [PicqBotX] [DEBUG(java.lang.Thread.run:748)] - 数据: {"anonymous":null,"font":54231880,"group_id":556981260,"message":"#b 1 1","message_id":8559,"message_type":"group","post_type":"message","raw_message":"#b 1 1","self_id":2997400528,"sender":{"age":22,"area":"商丘","card":"小萌新－字根通用码","level":"死飞单车","nickname":"心雨飘零","role":"member","sex":"male","title":"","user_id":1104719426},"sub_type":"normal","time":1557724346,"user_id":1104719426}
[19-05-13 13:12:27] [PicqBotX] [DEBUG(java.lang.Thread.run:748)] 收到新请求: CQHttp/4.8.0
[19-05-13 13:12:27] [PicqBotX] [DEBUG(java.lang.Thread.run:748)] - 数据: {"anonymous":null,"font":54232456,"group_id":556981260,"message":"词语\r\n中国发展经济工作企业国家我们建设问题一个记者市场全国政府社会进行人民改革他们国际关系技术北京我国世界\r\n-----第61818段-余3350字--c.fw.1.5","message_id":8560,"message_type":"group","post_type":"message","raw_message":"词语\r\n中国发展经济工作企业国家我们建设问题一个记者市场全国政府社会进行人民改革他们国际关系技术北京我国世界\r\n-----第61818段-余3350字--c.fw.1.5","self_id":2997400528,"sender":{"age":6,"area":"北京","card":"","level":"波音747","nickname":"小拆","role":"admin","sex":"female","title":"","user_id":207938707},"sub_type":"normal","time":1557724347,"user_id":207938707}
[19-05-13 13:12:36] [PicqBotX] [DEBUG(java.lang.Thread.run:748)] 收到新请求: CQHttp/4.8.0
[19-05-13 13:12:36] [PicqBotX] [DEBUG(java.lang.Thread.run:748)] - 数据: {"anonymous":null,"font":54232296,"group_id":522394334,"message":"啊，祖国","message_id":8561,"message_type":"group","post_type":"message","raw_message":"啊，祖国","self_id":2997400528,"sender":{"age":20,"area":"","card":"单车-小鹤","level":"在看群文件中","nickname":"单车","role":"member","sex":"male","title":"","user_id":785044994},"sub_type":"normal","time":1557724355,"user_id":785044994}
[19-05-13 13:12:49] [PicqBotX] [DEBUG(java.lang.Thread.run:748)] 收到新请求: CQHttp/4.8.0
[19-05-13 13:12:49] [PicqBotX] [DEBUG(java.lang.Thread.run:748)] - 数据: {"anonymous":null,"font":54232808,"group_id":522394334,"message":"[CQ:image,file=92C328B1C4EEA509A5E462EE1A89FE3B.gif,url=https://gchat.qpic.cn/gchatpic_new/949402006/522394334-3104393831-92C328B1C4EEA509A5E462EE1A89FE3B/0?vuin=2997400528&amp;term=2]","message_id":8562,"message_type":"group","post_type":"message","raw_message":"[CQ:image,file=92C328B1C4EEA509A5E462EE1A89FE3B.gif]","self_id":2997400528,"sender":{"age":0,"area":"","card":"青铜・Qtss","level":"了解群图书馆","nickname":"青 铜","role":"member","sex":"unknown","title":"","user_id":949402006},"sub_type":"normal","time":1557724369,"user_id":949402006}
[19-05-13 13:12:53] [PicqBotX] [DEBUG(java.lang.Thread.run:748)] 收到新请求: CQHttp/4.8.0
[19-05-13 13:12:53] [PicqBotX] [DEBUG(java.lang.Thread.run:748)] - 数据: {"anonymous":null,"font":54232744,"group_id":556981260,"message":"第999段 速度187.21 击键6.51 码长2.09 标顶理论1.90 文章难度65.08 字数576 回改12 退格21 错字0 键数1202 选重14 键准94.56% 键法89.92%(左464:右516:空格189) 打词率62.76% 选重率2.43% 拖拉机跟打器 版本1.700 Windows 10版  校验V\\&#91;JYV","message_id":8563,"message_type":"group","post_type":"message","raw_message":"第999段 速度187.21 击键6.51 码长2.09 标顶理论1.90 文章难度65.08 字数576 回改12 退格21 错字0 键数1202 选重14 键准94.56% 键法89.92%(左464:右516:空格189) 打词率62.76% 选重率2.43% 拖拉机跟打器 版本1.700 Windows 10版  校验V\\&#91;JYV","self_id":2997400528,"sender":{"age":0,"area":"广州","card":"无聊-小鹤","level":"新日电动车","nickname":"无聊","role":"member","sex":"male","title":"","user_id":779855010},"sub_type":"normal","time":1557724373,"user_id":779855010}
[19-05-13 13:12:56] [PicqBotX] [DEBUG(java.lang.Thread.run:748)] 收到新请求: CQHttp/4.8.0
[19-05-13 13:12:56] [PicqBotX] [DEBUG(java.lang.Thread.run:748)] - 数据: {"anonymous":null,"font":54231944,"group_id":556981260,"message":"检测到有人发比赛认证段，自动关闭机器人的发文功能。","message_id":8564,"message_type":"group","post_type":"message","raw_message":"检测到有人发比赛认证段，自动关闭机器人的发文功能。","self_id":2997400528,"sender":{"age":6,"area":"北京","card":"","level":"波音747","nickname":"小拆","role":"admin","sex":"female","title":"","user_id":207938707},"sub_type":"normal","time":1557724376,"user_id":207938707}
[19-05-13 13:12:56] [PicqBotX] [DEBUG(java.lang.Thread.run:748)] 收到新请求: CQHttp/4.8.0
[19-05-13 13:12:56] [PicqBotX] [DEBUG(java.lang.Thread.run:748)] - 数据: {"anonymous":null,"font":54231944,"group_id":556981260,"message":"开了词提的","message_id":8565,"message_type":"group","post_type":"message","raw_message":"开了词提的","self_id":2997400528,"sender":{"age":0,"area":"广州","card":"无聊-小鹤","level":"新日电动车","nickname":"无聊","role":"member","sex":"male","title":"","user_id":779855010},"sub_type":"normal","time":1557724376,"user_id":779855010}
[19-05-13 13:14:41] [PicqBotX] [DEBUG(java.lang.Thread.run:748)] 收到新请求: CQHttp/4.8.0
[19-05-13 13:14:41] [PicqBotX] [DEBUG(java.lang.Thread.run:748)] - 数据: {"anonymous":null,"font":54232008,"group_id":556981260,"message":"第999段 速度170.92 击键5.90 码长2.07 标顶理论1.89 文章难度63.99 字数576 回改23 退格22 错字0 键数1193 选重15 键准92.59% 键法83.91%(左459:右547:空格143) 打词率74.96% 选重率2.60% 拖拉机跟打器 版本1.700 Windows 10版  校验VRVJY^","message_id":8566,"message_type":"group","post_type":"message","raw_message":"第999段 速度170.92 击键5.90 码长2.07 标顶理论1.89 文章难度63.99 字数576 回改23 退格22 错字0 键数1193 选重15 键准92.59% 键法83.91%(左459:右547:空格143) 打词率74.96% 选重率2.60% 拖拉机跟打器 版本1.700 Windows 10版  校验VRVJY^","self_id":2997400528,"sender":{"age":32,"area":"上海","card":"清凉爽口-小鹤音形","level":"新日电动车","nickname":"清凉爽口","role":"member","sex":"male","title":"","user_id":573294473},"sub_type":"normal","time":1557724480,"user_id":573294473}
[19-05-13 13:17:18] [PicqBotX] [DEBUG(java.lang.Thread.run:748)] 收到新请求: CQHttp/4.8.0
[19-05-13 13:17:18] [PicqBotX] [DEBUG(java.lang.Thread.run:748)] - 数据: {"anonymous":null,"font":54232296,"group_id":723795668,"message":"曲突徙薪  徒步","message_id":8567,"message_type":"group","post_type":"message","raw_message":"曲突徙薪  徒步","self_id":2997400528,"sender":{"age":30,"area":"北京","card":"会飞的乌龟.搜鹤","level":"中级","nickname":"李哲嘉","role":"member","sex":"male","title":"","user_id":30595632},"sub_type":"normal","time":1557724638,"user_id":30595632}
[19-05-13 13:17:30] [PicqBotX] [DEBUG(java.lang.Thread.run:748)] 收到新请求: CQHttp/4.8.0
[19-05-13 13:17:30] [PicqBotX] [DEBUG(java.lang.Thread.run:748)] - 数据: {"anonymous":null,"font":54232872,"group_id":723795668,"message":"？徙","message_id":8568,"message_type":"group","post_type":"message","raw_message":"？徙","self_id":2997400528,"sender":{"age":30,"area":"北京","card":"会飞的乌龟.搜鹤","level":"中级","nickname":"李哲嘉","role":"member","sex":"male","title":"","user_id":30595632},"sub_type":"normal","time":1557724650,"user_id":30595632}
[19-05-13 13:17:30] [PicqBotX] [DEBUG(java.lang.Thread.run:748)] 收到新请求: CQHttp/4.8.0
[19-05-13 13:17:30] [PicqBotX] [DEBUG(java.lang.Thread.run:748)] - 数据: {"anonymous":null,"font":54232456,"group_id":723795668,"message":"徙：　xiir\r\n  拆分：　彳 止 丨 一 人\r\n  首末：　彳chì 人\r\n  编码：　i  r\r\n  汉典：http://xhup.club/?nV\r\n\r\n  更多功能，请回复「？帮助」","message_id":8569,"message_type":"group","post_type":"message","raw_message":"徙：　xiir\r\n  拆分：　彳 止 丨 一 人\r\n  首末：　彳chì 人\r\n  编码：　i  r\r\n  汉典：http://xhup.club/?nV\r\n\r\n  更多功能，请回复「？帮助」","self_id":2997400528,"sender":{"age":1,"area":"","card":"群帅","level":"小白","nickname":"拆小鹤","role":"member","sex":"female","title":"","user_id":428826691},"sub_type":"normal","time":1557724650,"user_id":428826691}
[19-05-13 13:17:37] [PicqBotX] [DEBUG(java.lang.Thread.run:748)] 收到新请求: CQHttp/4.8.0
[19-05-13 13:17:37] [PicqBotX] [DEBUG(java.lang.Thread.run:748)] - 数据: {"anonymous":null,"font":54232296,"group_id":723795668,"message":"？徒","message_id":8570,"message_type":"group","post_type":"message","raw_message":"？徒","self_id":2997400528,"sender":{"age":30,"area":"北京","card":"会飞的乌龟.搜鹤","level":"中级","nickname":"李哲嘉","role":"member","sex":"male","title":"","user_id":30595632},"sub_type":"normal","time":1557724657,"user_id":30595632}
[19-05-13 13:17:37] [PicqBotX] [DEBUG(java.lang.Thread.run:748)] 收到新请求: CQHttp/4.8.0
[19-05-13 13:17:37] [PicqBotX] [DEBUG(java.lang.Thread.run:748)] - 数据: {"anonymous":null,"font":54232200,"group_id":723795668,"message":"徒：　tui tuir\r\n  拆分：　彳 土 丨 一 人\r\n  首末：　彳chì 人\r\n  编码：　i  r\r\n  汉典：http://xhup.club/?T8\r\n\r\n  更多功能，请回复「？帮助」","message_id":8571,"message_type":"group","post_type":"message","raw_message":"徒：　tui tuir\r\n  拆分：　彳 土 丨 一 人\r\n  首末：　彳chì 人\r\n  编码：　i  r\r\n  汉典：http://xhup.club/?T8\r\n\r\n  更多功能，请回复「？帮助」","self_id":2997400528,"sender":{"age":1,"area":"","card":"群帅","level":"小白","nickname":"拆小鹤","role":"member","sex":"female","title":"","user_id":428826691},"sub_type":"normal","time":1557724657,"user_id":428826691}
[19-05-13 13:19:44] [PicqBotX] [DEBUG(java.lang.Thread.run:748)] 收到新请求: CQHttp/4.8.0
[19-05-13 13:19:44] [PicqBotX] [DEBUG(java.lang.Thread.run:748)] - 数据: {"anonymous":null,"font":54232168,"group_id":723795668,"message":"喟叹 kvtj  kui2 tan4","message_id":8572,"message_type":"group","post_type":"message","raw_message":"喟叹 kvtj  kui2 tan4","self_id":2997400528,"sender":{"age":30,"area":"北京","card":"会飞的乌龟.搜鹤","level":"中级","nickname":"李哲嘉","role":"member","sex":"male","title":"","user_id":30595632},"sub_type":"normal","time":1557724784,"user_id":30595632}
[19-05-13 13:19:52] [PicqBotX] [DEBUG(java.lang.Thread.run:748)] 收到新请求: CQHttp/4.8.0
[19-05-13 13:19:52] [PicqBotX] [DEBUG(java.lang.Thread.run:748)] - 数据: {"anonymous":null,"font":54232008,"group_id":556981260,"message":"第999段 速度184.52 击键6.00 码长1.95 标顶理论1.89 文章难度63.99 字数576 回改6 退格8 错字0 键数1124 选重15 键准97.55% 键法84.87%(左443:右522:空格143) 打词率74.40% 选重率2.60% 拖拉机跟打器 版本1.700 Windows 10版  校验V\\\\JUP","message_id":8573,"message_type":"group","post_type":"message","raw_message":"第999段 速度184.52 击键6.00 码长1.95 标顶理论1.89 文章难度63.99 字数576 回改6 退格8 错字0 键数1124 选重15 键准97.55% 键法84.87%(左443:右522:空格143) 打词率74.40% 选重率2.60% 拖拉机跟打器 版本1.700 Windows 10版  校验V\\\\JUP","self_id":2997400528,"sender":{"age":32,"area":"上海","card":"清凉爽口-小鹤音形","level":"新日电动车","nickname":"清凉爽口","role":"member","sex":"male","title":"","user_id":573294473},"sub_type":"normal","time":1557724792,"user_id":573294473}
[19-05-13 13:20:52] [PicqBotX] [DEBUG(java.lang.Thread.run:748)] 收到新请求: CQHttp/4.8.0
