[19-05-14 21:04:03] [PicqBotX] [INFO] 
[19-05-14 21:04:03] [PicqBotX] [INFO]     ____  _            ____        __ _  __
[19-05-14 21:04:03] [PicqBotX] [INFO]    / __ \(_)________ _/ __ )____  / /| |/ /
[19-05-14 21:04:03] [PicqBotX] [INFO]   / /_/ / / ___/ __ `/ __  / __ \/ __/   /
[19-05-14 21:04:03] [PicqBotX] [INFO]  / ____/ / /__/ /_/ / /_/ / /_/ / /_/   |
[19-05-14 21:04:03] [PicqBotX] [INFO] /_/   /_/\___/\__, /_____/\____/\__/_/|_|
[19-05-14 21:04:03] [PicqBotX] [INFO]                 /_/         v3.2.2.896
[19-05-14 21:04:03] [PicqBotX] [INFO] 日志管理器     初始化完成 [******] ...(37.59 ms)
[19-05-14 21:04:03] [PicqBotX] [INFO] 缓存管理器     初始化完成 [******] ...(2.62 ms)
[19-05-14 21:04:03] [PicqBotX] [INFO] DEBUG设置     初始化完成 [******] ...(0.0 ms)
[19-05-14 21:04:03] [PicqBotX] [INFO] 事件管理器     初始化完成 [******] ...(36.33 ms)
[19-05-14 21:04:03] [PicqBotX] [INFO] 账号管理器     初始化完成 [******] ...(0.86 ms)
[19-05-14 21:04:03] [PicqBotX] [INFO] HTTP监听服务器 初始化完成 [******] ...(1.65 ms)
[19-05-14 21:04:04] [PicqBotX] [INFO] 指令管理器     初始化完成 [******] ...(1.63 ms)
[19-05-14 21:04:04] [PicqBotX] [WARNING] 账号 Bot01: 版本正确, 不过用酷Q Pro的话效果更好哦!
[19-05-14 21:04:04] [PicqBotX] [INFO] 账号 Bot01:   版本验证完成!
[19-05-14 21:04:04] [PicqBotX] [INFO] 正在启动...
[19-05-14 21:04:10] [PicqBotX] [DEBUG(java.lang.Thread.run:748)] 收到新请求: CQHttp/4.8.0
[19-05-14 21:04:10] [PicqBotX] [DEBUG(java.lang.Thread.run:748)] - 数据: {"anonymous":null,"font":6235488,"group_id":556981260,"message":"[CQ:at,qq=523856782] 我已经炸了","message_id":10264,"message_type":"group","post_type":"message","raw_message":"[CQ:at,qq=523856782] 我已经炸了","self_id":2997400528,"sender":{"age":25,"area":"","card":"利键―自然码双拼","level":"五菱宏光","nickname":"神采飞扬","role":"member","sex":"male","title":"","user_id":1078179677},"sub_type":"normal","time":1557839050,"user_id":1078179677}
[19-05-14 21:04:14] [PicqBotX] [DEBUG(java.lang.Thread.run:748)] 收到新请求: CQHttp/4.8.0
[19-05-14 21:04:14] [PicqBotX] [DEBUG(java.lang.Thread.run:748)] - 数据: {"anonymous":null,"font":6235392,"group_id":556981260,"message":"心态炸了","message_id":10265,"message_type":"group","post_type":"message","raw_message":"心态炸了","self_id":2997400528,"sender":{"age":25,"area":"","card":"利键―自然码双拼","level":"五菱宏光","nickname":"神采飞扬","role":"member","sex":"male","title":"","user_id":1078179677},"sub_type":"normal","time":1557839054,"user_id":1078179677}
[19-05-14 21:04:29] [PicqBotX] [DEBUG(java.lang.Thread.run:748)] 收到新请求: CQHttp/4.8.0
[19-05-14 21:04:29] [PicqBotX] [DEBUG(java.lang.Thread.run:748)] - 数据: {"anonymous":null,"font":6235360,"group_id":556981260,"message":"根本没有反击的机会","message_id":10266,"message_type":"group","post_type":"message","raw_message":"根本没有反击的机会","self_id":2997400528,"sender":{"age":25,"area":"","card":"利键―自然码双拼","level":"五菱宏光","nickname":"神采飞扬","role":"member","sex":"male","title":"","user_id":1078179677},"sub_type":"normal","time":1557839069,"user_id":1078179677}
[19-05-14 21:05:05] [PicqBotX] [DEBUG(java.lang.Thread.run:748)] 收到新请求: CQHttp/4.8.0
[19-05-14 21:05:05] [PicqBotX] [DEBUG(java.lang.Thread.run:748)] - 数据: {"anonymous":null,"font":6235360,"group_id":556981260,"message":"/扔狗","message_id":10267,"message_type":"group","post_type":"message","raw_message":"/扔狗","self_id":2997400528,"sender":{"age":0,"area":"石家庄","card":"瓜牛-二笔","level":"波音747","nickname":"明媚阳光","role":"member","sex":"male","title":"一个小蹦哒","user_id":523856782},"sub_type":"normal","time":1557839105,"user_id":523856782}
[19-05-14 21:06:09] [PicqBotX] [DEBUG(java.lang.Thread.run:748)] 收到新请求: CQHttp/4.8.0
[19-05-14 21:06:09] [PicqBotX] [DEBUG(java.lang.Thread.run:748)] - 数据: {"anonymous":null,"font":6235744,"group_id":556981260,"message":"80都上不去，现在我就是刀版上的肉","message_id":10268,"message_type":"group","post_type":"message","raw_message":"80都上不去，现在我就是刀版上的肉","self_id":2997400528,"sender":{"age":25,"area":"","card":"利键―自然码双拼","level":"五菱宏光","nickname":"神采飞扬","role":"member","sex":"male","title":"","user_id":1078179677},"sub_type":"normal","time":1557839169,"user_id":1078179677}
[19-05-14 21:06:20] [PicqBotX] [DEBUG(java.lang.Thread.run:748)] 收到新请求: CQHttp/4.8.0
[19-05-14 21:06:20] [PicqBotX] [DEBUG(java.lang.Thread.run:748)] - 数据: {"anonymous":null,"font":6235392,"group_id":556981260,"message":"你是标准","message_id":10269,"message_type":"group","post_type":"message","raw_message":"你是标准","self_id":2997400528,"sender":{"age":0,"area":"石家庄","card":"瓜牛-二笔","level":"波音747","nickname":"明媚阳光","role":"member","sex":"male","title":"一个小蹦哒","user_id":523856782},"sub_type":"normal","time":1557839180,"user_id":523856782}
[19-05-14 21:06:25] [PicqBotX] [DEBUG(java.lang.Thread.run:748)] 收到新请求: CQHttp/4.8.0
[19-05-14 21:06:25] [PicqBotX] [DEBUG(java.lang.Thread.run:748)] - 数据: {"anonymous":null,"font":6234976,"group_id":522394334,"message":"第999段 速度102.28 击键4.32 码长2.54 标顶理论2.08 文章难度68.13 字数366 回改20 退格36 错字0 键数928 选重16 键准87.70% 键法92.49%(左345:右373:空格154) 打词率51.30% 选重率4.37% 拖拉机跟打器 版本1.700 Windows 10版  校验VUWJPS","message_id":10270,"message_type":"group","post_type":"message","raw_message":"第999段 速度102.28 击键4.32 码长2.54 标顶理论2.08 文章难度68.13 字数366 回改20 退格36 错字0 键数928 选重16 键准87.70% 键法92.49%(左345:右373:空格154) 打词率51.30% 选重率4.37% 拖拉机跟打器 版本1.700 Windows 10版  校验VUWJPS","self_id":2997400528,"sender":{"age":24,"area":"漯河","card":"努力超过一百――杨小草","level":"了解群图书馆","nickname":"这样子？","role":"member","sex":"male","title":"","user_id":596787921},"sub_type":"normal","time":1557839185,"user_id":596787921}
[19-05-14 21:06:27] [PicqBotX] [DEBUG(java.lang.Thread.run:748)] 收到新请求: CQHttp/4.8.0
[19-05-14 21:06:27] [PicqBotX] [DEBUG(java.lang.Thread.run:748)] - 数据: {"anonymous":null,"font":6235360,"group_id":522394334,"message":"检测到有人发比赛认证段，自动关闭机器人的发文功能。","message_id":10271,"message_type":"group","post_type":"message","raw_message":"检测到有人发比赛认证段，自动关闭机器人的发文功能。","self_id":2997400528,"sender":{"age":6,"area":"北京","card":"","level":"小白","nickname":"小拆","role":"member","sex":"female","title":"","user_id":207938707},"sub_type":"normal","time":1557839187,"user_id":207938707}
[19-05-14 21:06:46] [PicqBotX] [DEBUG(java.lang.Thread.run:748)] 收到新请求: CQHttp/4.8.0
[19-05-14 21:06:46] [PicqBotX] [DEBUG(java.lang.Thread.run:748)] - 数据: {"anonymous":null,"font":6235936,"group_id":556981260,"message":"第999段 速度195.60 击键7.51 码长2.30 字数495 时间02:31.23 回改2 退格7 回车0 键数1135 选重35 键准99.21% 键法97.38% 打词70.18% 峰值225.56/9.47/2 个签:忽然间变得索然无味。 校检:e61a4 极速跟打器v1.45 ","message_id":10272,"message_type":"group","post_type":"message","raw_message":"第999段 速度195.60 击键7.51 码长2.30 字数495 时间02:31.23 回改2 退格7 回车0 键数1135 选重35 键准99.21% 键法97.38% 打词70.18% 峰值225.56/9.47/2 个签:忽然间变得索然无味。 校检:e61a4 极速跟打器v1.45 ","self_id":2997400528,"sender":{"age":119,"area":"泽西岛","card":"豆角MM-微软","level":"波音747","nickname":"白猫王子","role":"member","sex":"male","title":"","user_id":2370792076},"sub_type":"normal","time":1557839206,"user_id":2370792076}
[19-05-14 21:07:04] [PicqBotX] [DEBUG(java.lang.Thread.run:748)] 收到新请求: CQHttp/4.8.0
[19-05-14 21:07:04] [PicqBotX] [DEBUG(java.lang.Thread.run:748)] - 数据: {"anonymous":null,"font":6235200,"group_id":556981260,"message":"还好今晚不敢干","message_id":10273,"message_type":"group","post_type":"message","raw_message":"还好今晚不敢干","self_id":2997400528,"sender":{"age":0,"area":"广州","card":"无聊-小鹤","level":"新日电动车","nickname":"无聊","role":"member","sex":"male","title":"","user_id":779855010},"sub_type":"normal","time":1557839224,"user_id":779855010}
[19-05-14 21:07:11] [PicqBotX] [DEBUG(java.lang.Thread.run:748)] 收到新请求: CQHttp/4.8.0
[19-05-14 21:07:11] [PicqBotX] [DEBUG(java.lang.Thread.run:748)] - 数据: {"anonymous":null,"font":6235808,"group_id":556981260,"message":"随便也干不起来","message_id":10274,"message_type":"group","post_type":"message","raw_message":"随便也干不起来","self_id":2997400528,"sender":{"age":0,"area":"广州","card":"无聊-小鹤","level":"新日电动车","nickname":"无聊","role":"member","sex":"male","title":"","user_id":779855010},"sub_type":"normal","time":1557839231,"user_id":779855010}
[19-05-14 21:07:14] [PicqBotX] [DEBUG(java.lang.Thread.run:748)] 收到新请求: CQHttp/4.8.0
[19-05-14 21:07:14] [PicqBotX] [DEBUG(java.lang.Thread.run:748)] - 数据: {"anonymous":null,"font":6235488,"group_id":522394334,"message":"小草过百了吗？","message_id":10275,"message_type":"group","post_type":"message","raw_message":"小草过百了吗？","self_id":2997400528,"sender":{"age":28,"area":"成都","card":"一枝独秀―谭八风","level":"了解群图书馆","nickname":"云华","role":"member","sex":"male","title":"","user_id":2297714857},"sub_type":"normal","time":1557839234,"user_id":2297714857}
[19-05-14 21:07:18] [PicqBotX] [DEBUG(java.lang.Thread.run:748)] 收到新请求: CQHttp/4.8.0
[19-05-14 21:07:18] [PicqBotX] [DEBUG(java.lang.Thread.run:748)] - 数据: {"anonymous":null,"font":6235712,"group_id":522394334,"message":"你这是首打吗？","message_id":10276,"message_type":"group","post_type":"message","raw_message":"你这是首打吗？","self_id":2997400528,"sender":{"age":28,"area":"成都","card":"一枝独秀―谭八风","level":"了解群图书馆","nickname":"云华","role":"member","sex":"male","title":"","user_id":2297714857},"sub_type":"normal","time":1557839238,"user_id":2297714857}
[19-05-14 21:07:28] [PicqBotX] [DEBUG(java.lang.Thread.run:748)] 收到新请求: CQHttp/4.8.0
[19-05-14 21:07:28] [PicqBotX] [DEBUG(java.lang.Thread.run:748)] - 数据: {"anonymous":null,"font":6235904,"group_id":522394334,"message":"[CQ:image,file=2D09D07E00AD5FA104863B212DD13677.png,url=https://gchat.qpic.cn/gchatpic_new/2297714857/522394334-2532195201-2D09D07E00AD5FA104863B212DD13677/0?vuin=2997400528&amp;term=2]厉害了","message_id":10277,"message_type":"group","post_type":"message","raw_message":"[CQ:image,file=2D09D07E00AD5FA104863B212DD13677.png]厉害了","self_id":2997400528,"sender":{"age":28,"area":"成都","card":"一枝独秀―谭八风","level":"了解群图书馆","nickname":"云华","role":"member","sex":"male","title":"","user_id":2297714857},"sub_type":"normal","time":1557839248,"user_id":2297714857}
[19-05-14 21:07:52] [PicqBotX] [DEBUG(java.lang.Thread.run:748)] 收到新请求: CQHttp/4.8.0
[19-05-14 21:07:52] [PicqBotX] [DEBUG(java.lang.Thread.run:748)] - 数据: {"anonymous":null,"font":6235008,"group_id":522394334,"message":"我吃完饭，为什么总想睡觉呢","message_id":10278,"message_type":"group","post_type":"message","raw_message":"我吃完饭，为什么总想睡觉呢","self_id":2997400528,"sender":{"age":28,"area":"成都","card":"一枝独秀―谭八风","level":"了解群图书馆","nickname":"云华","role":"member","sex":"male","title":"","user_id":2297714857},"sub_type":"normal","time":1557839272,"user_id":2297714857}
[19-05-14 21:07:58] [PicqBotX] [DEBUG(java.lang.Thread.run:748)] 收到新请求: CQHttp/4.8.0
[19-05-14 21:07:58] [PicqBotX] [DEBUG(java.lang.Thread.run:748)] - 数据: {"anonymous":null,"font":6235712,"group_id":522394334,"message":"[CQ:image,file=A8C5BDCEE027E5C17BD88E9FA95282D2.jpg,url=https://gchat.qpic.cn/gchatpic_new/2297714857/522394334-2838554829-A8C5BDCEE027E5C17BD88E9FA95282D2/0?vuin=2997400528&amp;term=2]","message_id":10279,"message_type":"group","post_type":"message","raw_message":"[CQ:image,file=A8C5BDCEE027E5C17BD88E9FA95282D2.jpg]","self_id":2997400528,"sender":{"age":28,"area":"成都","card":"一枝独秀―谭八风","level":"了解群图书馆","nickname":"云华","role":"member","sex":"male","title":"","user_id":2297714857},"sub_type":"normal","time":1557839278,"user_id":2297714857}
[19-05-14 21:08:05] [PicqBotX] [DEBUG(java.lang.Thread.run:748)] 收到新请求: CQHttp/4.8.0
[19-05-14 21:08:05] [PicqBotX] [DEBUG(java.lang.Thread.run:748)] - 数据: {"anonymous":null,"font":6235456,"group_id":556981260,"message":"第999段 速度124.00 击键6.39 码长3.09 字数495 时间03:58.54 回改24 退格17 回车0 键数1525 选重64 键准97.31% 键法96.00% 重打2 打词43.81% 峰值154/8.39/2.6 输入法:nRz字法 个签:何以解n，唯有六代 校检:da261 极速跟打器v1.45 ","message_id":10280,"message_type":"group","post_type":"message","raw_message":"第999段 速度124.00 击键6.39 码长3.09 字数495 时间03:58.54 回改24 退格17 回车0 键数1525 选重64 键准97.31% 键法96.00% 重打2 打词43.81% 峰值154/8.39/2.6 输入法:nRz字法 个签:何以解n，唯有六代 校检:da261 极速跟打器v1.45 ","self_id":2997400528,"sender":{"age":104,"area":"西安","card":"天南星-nR","level":"死飞单车","nickname":"天南星","role":"member","sex":"male","title":"","user_id":695431469},"sub_type":"normal","time":1557839285,"user_id":695431469}
[19-05-14 21:08:39] [PicqBotX] [DEBUG(java.lang.Thread.run:748)] 收到新请求: CQHttp/4.8.0
