[19-05-16 21:54:07] [PicqBotX] [INFO] 
[19-05-16 21:54:07] [PicqBotX] [INFO]     ____  _            ____        __ _  __
[19-05-16 21:54:07] [PicqBotX] [INFO]    / __ \(_)________ _/ __ )____  / /| |/ /
[19-05-16 21:54:07] [PicqBotX] [INFO]   / /_/ / / ___/ __ `/ __  / __ \/ __/   /
[19-05-16 21:54:07] [PicqBotX] [INFO]  / ____/ / /__/ /_/ / /_/ / /_/ / /_/   |
[19-05-16 21:54:07] [PicqBotX] [INFO] /_/   /_/\___/\__, /_____/\____/\__/_/|_|
[19-05-16 21:54:07] [PicqBotX] [INFO]                 /_/         v3.2.2.896
[19-05-16 21:54:07] [PicqBotX] [INFO] 日志管理器     初始化完成 [******] ...(33.36 ms)
[19-05-16 21:54:07] [PicqBotX] [INFO] 缓存管理器     初始化完成 [******] ...(1.41 ms)
[19-05-16 21:54:07] [PicqBotX] [INFO] DEBUG设置     初始化完成 [******] ...(0.01 ms)
[19-05-16 21:54:07] [PicqBotX] [INFO] 事件管理器     初始化完成 [******] ...(29.84 ms)
[19-05-16 21:54:07] [PicqBotX] [INFO] 账号管理器     初始化完成 [******] ...(1.66 ms)
[19-05-16 21:54:07] [PicqBotX] [INFO] HTTP监听服务器 初始化完成 [******] ...(1.45 ms)
[19-05-16 21:54:07] [PicqBotX] [INFO] 指令管理器     初始化完成 [******] ...(1.85 ms)
[19-05-16 21:54:07] [PicqBotX] [WARNING] 账号 Bot01: 版本正确, 不过用酷Q Pro的话效果更好哦!
[19-05-16 21:54:07] [PicqBotX] [INFO] 账号 Bot01:   版本验证完成!
[19-05-16 21:54:07] [PicqBotX] [INFO] 正在启动...
[19-05-16 21:54:12] [PicqBotX] [DEBUG(java.lang.Thread.run:748)] 收到新请求: CQHttp/4.8.0
[19-05-16 21:54:12] [PicqBotX] [DEBUG(java.lang.Thread.run:748)] - 数据: {"anonymous":null,"font":43738120,"group_id":522394334,"message":"#随机战场 10 3 3","message_id":13581,"message_type":"group","post_type":"message","raw_message":"#随机战场 10 3 3","self_id":2997400528,"sender":{"age":8,"area":"广州","card":"谭宇-养生式跟打","level":"入门","nickname":"0 4 . 2 2","role":"admin","sex":"male","title":"","user_id":1061917196},"sub_type":"normal","time":1558014852,"user_id":1061917196}
[19-05-16 21:54:14] [PicqBotX] [DEBUG(java.lang.Thread.run:748)] 收到新请求: CQHttp/4.8.0
[19-05-16 21:54:14] [PicqBotX] [DEBUG(java.lang.Thread.run:748)] - 数据: {"anonymous":null,"font":43738120,"group_id":522394334,"message":"#加入战场","message_id":13583,"message_type":"group","post_type":"message","raw_message":"#加入战场","self_id":2997400528,"sender":{"age":8,"area":"广州","card":"谭宇-养生式跟打","level":"入门","nickname":"0 4 . 2 2","role":"admin","sex":"male","title":"","user_id":1061917196},"sub_type":"normal","time":1558014854,"user_id":1061917196}
[19-05-16 21:54:16] [PicqBotX] [DEBUG(java.lang.Thread.run:748)] 收到新请求: CQHttp/4.8.0
[19-05-16 21:54:16] [PicqBotX] [DEBUG(java.lang.Thread.run:748)] - 数据: {"anonymous":null,"font":43738632,"group_id":522394334,"message":"#战场启动","message_id":13585,"message_type":"group","post_type":"message","raw_message":"#战场启动","self_id":2997400528,"sender":{"age":8,"area":"广州","card":"谭宇-养生式跟打","level":"入门","nickname":"0 4 . 2 2","role":"admin","sex":"male","title":"","user_id":1061917196},"sub_type":"normal","time":1558014856,"user_id":1061917196}
[19-05-16 21:54:20] [PicqBotX] [DEBUG(java.lang.Thread.run:748)] 收到新请求: CQHttp/4.8.0
[19-05-16 21:54:20] [PicqBotX] [DEBUG(java.lang.Thread.run:748)] - 数据: {"anonymous":null,"font":43648696,"group_id":522394334,"message":"我绳子","message_id":13589,"message_type":"group","post_type":"message","raw_message":"我绳子","self_id":2997400528,"sender":{"age":8,"area":"广州","card":"谭宇-养生式跟打","level":"入门","nickname":"0 4 . 2 2","role":"admin","sex":"male","title":"","user_id":1061917196},"sub_type":"normal","time":1558014860,"user_id":1061917196}
[19-05-16 21:54:23] [PicqBotX] [DEBUG(java.lang.Thread.run:748)] 收到新请求: CQHttp/4.8.0
[19-05-16 21:54:23] [PicqBotX] [DEBUG(java.lang.Thread.run:748)] - 数据: {"anonymous":null,"font":43738344,"group_id":522394334,"message":"北京城","message_id":13591,"message_type":"group","post_type":"message","raw_message":"北京城","self_id":2997400528,"sender":{"age":8,"area":"广州","card":"谭宇-养生式跟打","level":"入门","nickname":"0 4 . 2 2","role":"admin","sex":"male","title":"","user_id":1061917196},"sub_type":"normal","time":1558014863,"user_id":1061917196}
[19-05-16 21:54:24] [PicqBotX] [DEBUG(java.lang.Thread.run:748)] 收到新请求: CQHttp/4.8.0
[19-05-16 21:54:24] [PicqBotX] [DEBUG(java.lang.Thread.run:748)] - 数据: {"anonymous":null,"font":43738568,"group_id":522394334,"message":"里。小","message_id":13592,"message_type":"group","post_type":"message","raw_message":"里。小","self_id":2997400528,"sender":{"age":8,"area":"广州","card":"谭宇-养生式跟打","level":"入门","nickname":"0 4 . 2 2","role":"admin","sex":"male","title":"","user_id":1061917196},"sub_type":"normal","time":1558014864,"user_id":1061917196}
[19-05-16 21:54:27] [PicqBotX] [DEBUG(java.lang.Thread.run:748)] 收到新请求: CQHttp/4.8.0
[19-05-16 21:54:27] [PicqBotX] [DEBUG(java.lang.Thread.run:748)] - 数据: {"anonymous":null,"font":43738120,"group_id":522394334,"message":"时","message_id":13594,"message_type":"group","post_type":"message","raw_message":"时","self_id":2997400528,"sender":{"age":8,"area":"广州","card":"谭宇-养生式跟打","level":"入门","nickname":"0 4 . 2 2","role":"admin","sex":"male","title":"","user_id":1061917196},"sub_type":"normal","time":1558014867,"user_id":1061917196}
[19-05-16 21:55:01] [PicqBotX] [DEBUG(java.lang.Thread.run:748)] 收到新请求: CQHttp/4.8.0
[19-05-16 21:55:01] [PicqBotX] [DEBUG(java.lang.Thread.run:748)] - 数据: {"anonymous":null,"font":43738888,"group_id":556981260,"message":"第999段 速度151.55 击键6.26 码长2.48 字数552 时间03:37.36 回改35 退格37 回车0 键数1360 选重8 键准94.71% 键法97.83% 重打0 打词69.76% 峰值181.53/7.58/2 校检:4044e 极速跟打器v1.46","message_id":13596,"message_type":"group","post_type":"message","raw_message":"第999段 速度151.55 击键6.26 码长2.48 字数552 时间03:37.36 回改35 退格37 回车0 键数1360 选重8 键准94.71% 键法97.83% 重打0 打词69.76% 峰值181.53/7.58/2 校检:4044e 极速跟打器v1.46","self_id":2997400528,"sender":{"age":32,"area":"德阳","card":"Abigail-QQ五笔","level":"新日电动车","nickname":"Abigail","role":"member","sex":"female","title":"","user_id":827852525},"sub_type":"normal","time":1558014901,"user_id":827852525}
[19-05-16 21:55:26] [PicqBotX] [DEBUG(java.lang.Thread.run:748)] 收到新请求: CQHttp/4.8.0
