[19-05-10 22:39:50] [PicqBotX] [INFO] 
[19-05-10 22:39:50] [PicqBotX] [INFO]     ____  _            ____        __ _  __
[19-05-10 22:39:50] [PicqBotX] [INFO]    / __ \(_)________ _/ __ )____  / /| |/ /
[19-05-10 22:39:50] [PicqBotX] [INFO]   / /_/ / / ___/ __ `/ __  / __ \/ __/   /
[19-05-10 22:39:50] [PicqBotX] [INFO]  / ____/ / /__/ /_/ / /_/ / /_/ / /_/   |
[19-05-10 22:39:50] [PicqBotX] [INFO] /_/   /_/\___/\__, /_____/\____/\__/_/|_|
[19-05-10 22:39:50] [PicqBotX] [INFO]                 /_/         v3.2.2.896
[19-05-10 22:39:50] [PicqBotX] [INFO] 日志管理器     初始化完成 [******] ...(34.63 ms)
[19-05-10 22:39:50] [PicqBotX] [INFO] 缓存管理器     初始化完成 [******] ...(1.7 ms)
[19-05-10 22:39:50] [PicqBotX] [INFO] DEBUG设置     初始化完成 [******] ...(0.01 ms)
[19-05-10 22:39:50] [PicqBotX] [INFO] 事件管理器     初始化完成 [******] ...(29.43 ms)
[19-05-10 22:39:50] [PicqBotX] [INFO] 账号管理器     初始化完成 [******] ...(0.79 ms)
[19-05-10 22:39:50] [PicqBotX] [INFO] HTTP监听服务器 初始化完成 [******] ...(1.69 ms)
[19-05-10 22:39:50] [PicqBotX] [INFO] 指令管理器     初始化完成 [******] ...(1.63 ms)
[19-05-10 22:39:50] [PicqBotX] [WARNING] 账号 Bot01: 版本正确, 不过用酷Q Pro的话效果更好哦!
[19-05-10 22:39:50] [PicqBotX] [INFO] 账号 Bot01:   版本验证完成!
[19-05-10 22:39:50] [PicqBotX] [INFO] 正在启动...
[19-05-10 22:39:56] [PicqBotX] [DEBUG(java.lang.Thread.run:748)] 收到新请求: CQHttp/4.8.0
[19-05-10 22:39:56] [PicqBotX] [DEBUG(java.lang.Thread.run:748)] - 数据: {"anonymous":null,"font":8388832,"group_id":522394334,"message":"[CQ:at,qq=2297714857] 你现在就睡觉啊，你才打多少字啊","message_id":2660,"message_type":"group","post_type":"message","raw_message":"[CQ:at,qq=2297714857] 你现在就睡觉啊，你才打多少字啊","self_id":2997400528,"sender":{"age":24,"area":"漯河","card":"努力超过一百——杨小草","level":"了解群图书馆","nickname":"这样子？","role":"member","sex":"male","title":"","user_id":596787921},"sub_type":"normal","time":1557499196,"user_id":596787921}
[19-05-10 22:39:58] [PicqBotX] [DEBUG(java.lang.Thread.run:748)] 收到新请求: CQHttp/4.8.0
[19-05-10 22:39:58] [PicqBotX] [DEBUG(java.lang.Thread.run:748)] - 数据: {"font":8389280,"message":"!v","message_id":2661,"message_type":"private","post_type":"message","raw_message":"!v","self_id":2997400528,"sender":{"age":8,"nickname":"0 4 . 2 2","sex":"male","user_id":1061917196},"sub_type":"friend","time":1557499198,"user_id":1061917196}
[19-05-10 22:40:03] [PicqBotX] [DEBUG(java.lang.Thread.run:748)] 收到新请求: CQHttp/4.8.0
[19-05-10 22:40:03] [PicqBotX] [DEBUG(java.lang.Thread.run:748)] - 数据: {"font":8389568,"message":"你是傻逼吗?","message_id":2663,"message_type":"private","post_type":"message","raw_message":"你是傻逼吗?","self_id":2997400528,"sender":{"age":8,"nickname":"0 4 . 2 2","sex":"male","user_id":1061917196},"sub_type":"friend","time":1557499203,"user_id":1061917196}
[19-05-10 22:40:05] [PicqBotX] [DEBUG(java.lang.Thread.run:748)] 收到新请求: CQHttp/4.8.0
[19-05-10 22:40:05] [PicqBotX] [DEBUG(java.lang.Thread.run:748)] - 数据: {"anonymous":null,"font":8388832,"group_id":723795668,"message":"新哥加油[CQ:face,id=108]","message_id":2665,"message_type":"group","post_type":"message","raw_message":"新哥加油[CQ:face,id=108]","self_id":2997400528,"sender":{"age":0,"area":"广州","card":"重打到死","level":"中级","nickname":"无聊","role":"member","sex":"male","title":"","user_id":779855010},"sub_type":"normal","time":1557499205,"user_id":779855010}
[19-05-10 22:40:07] [PicqBotX] [DEBUG(java.lang.Thread.run:748)] 收到新请求: CQHttp/4.8.0
[19-05-10 22:40:07] [PicqBotX] [DEBUG(java.lang.Thread.run:748)] - 数据: {"font":8388832,"message":"你是傻逼吗？","message_id":2666,"message_type":"private","post_type":"message","raw_message":"你是傻逼吗？","self_id":2997400528,"sender":{"age":8,"nickname":"0 4 . 2 2","sex":"male","user_id":1061917196},"sub_type":"friend","time":1557499207,"user_id":1061917196}
[19-05-10 22:40:20] [PicqBotX] [DEBUG(java.lang.Thread.run:748)] 收到新请求: CQHttp/4.8.0
[19-05-10 22:40:20] [PicqBotX] [DEBUG(java.lang.Thread.run:748)] - 数据: {"anonymous":null,"font":8389344,"group_id":522394334,"message":"。","message_id":2668,"message_type":"group","post_type":"message","raw_message":"。","self_id":2997400528,"sender":{"age":0,"area":"广州","card":"无聊-小鹤音形","level":"中级","nickname":"无聊","role":"member","sex":"male","title":"","user_id":779855010},"sub_type":"normal","time":1557499220,"user_id":779855010}
[19-05-10 22:40:32] [PicqBotX] [DEBUG(java.lang.Thread.run:748)] 收到新请求: CQHttp/4.8.0
[19-05-10 22:40:32] [PicqBotX] [DEBUG(java.lang.Thread.run:748)] - 数据: {"font":8388960,"message":"你是我的小心心吗？","message_id":2669,"message_type":"private","post_type":"message","raw_message":"你是我的小心心吗？","self_id":2997400528,"sender":{"age":8,"nickname":"0 4 . 2 2","sex":"male","user_id":1061917196},"sub_type":"friend","time":1557499232,"user_id":1061917196}
[19-05-10 22:40:44] [PicqBotX] [DEBUG(java.lang.Thread.run:748)] 收到新请求: CQHttp/4.8.0
[19-05-10 22:40:44] [PicqBotX] [DEBUG(java.lang.Thread.run:748)] - 数据: {"anonymous":null,"font":8388896,"group_id":723795668,"message":"第999段 速度123.39 击键7.89 码长3.84 字数100 时间00:48.14 回改8 退格3 回车0 键数380 选重0 键准97.11% 键法60.98% 重打1 打词4.04% 峰值153.38/9.89/3.44 输入法:小泉简郑 校检:347d0 极速跟打器v1.45 ","message_id":2671,"message_type":"group","post_type":"message","raw_message":"第999段 速度123.39 击键7.89 码长3.84 字数100 时间00:48.14 回改8 退格3 回车0 键数380 选重0 键准97.11% 键法60.98% 重打1 打词4.04% 峰值153.38/9.89/3.44 输入法:小泉简郑 校检:347d0 极速跟打器v1.45 ","self_id":2997400528,"sender":{"age":0,"area":"","card":"萌新","level":"中级","nickname":"pig尐奇","role":"member","sex":"male","title":"","user_id":572897438},"sub_type":"normal","time":1557499244,"user_id":572897438}
[19-05-10 22:40:56] [PicqBotX] [DEBUG(java.lang.Thread.run:748)] 收到新请求: CQHttp/4.8.0
[19-05-10 22:40:56] [PicqBotX] [DEBUG(java.lang.Thread.run:748)] - 数据: {"anonymous":null,"font":8388928,"group_id":522394334,"message":"肯定是因为我打的少，我再多打几遍去","message_id":2672,"message_type":"group","post_type":"message","raw_message":"肯定是因为我打的少，我再多打几遍去","self_id":2997400528,"sender":{"age":24,"area":"漯河","card":"努力超过一百——杨小草","level":"了解群图书馆","nickname":"这样子？","role":"member","sex":"male","title":"","user_id":596787921},"sub_type":"normal","time":1557499256,"user_id":596787921}
[19-05-10 22:41:08] [PicqBotX] [DEBUG(java.lang.Thread.run:748)] 收到新请求: CQHttp/4.8.0
[19-05-10 22:41:08] [PicqBotX] [DEBUG(java.lang.Thread.run:748)] - 数据: {"anonymous":null,"font":8389344,"group_id":723795668,"message":"不打了  FUCK 告辞","message_id":2673,"message_type":"group","post_type":"message","raw_message":"不打了  FUCK 告辞","self_id":2997400528,"sender":{"age":0,"area":"","card":"萌新","level":"中级","nickname":"pig尐奇","role":"member","sex":"male","title":"","user_id":572897438},"sub_type":"normal","time":1557499268,"user_id":572897438}
[19-05-10 22:41:24] [PicqBotX] [DEBUG(java.lang.Thread.run:748)] 收到新请求: CQHttp/4.8.0
[19-05-10 22:41:24] [PicqBotX] [DEBUG(java.lang.Thread.run:748)] - 数据: {"anonymous":null,"font":8389440,"group_id":723795668,"message":"哎呀，好怕啊，我觉得极速今天人好猛的，120的我在第十，感觉屁股凉飕飕的。。。。。。","message_id":2674,"message_type":"group","post_type":"message","raw_message":"哎呀，好怕啊，我觉得极速今天人好猛的，120的我在第十，感觉屁股凉飕飕的。。。。。。","self_id":2997400528,"sender":{"age":30,"area":"北京","card":"会飞的乌龟.搜鹤","level":"中级","nickname":"李哲嘉","role":"member","sex":"male","title":"","user_id":30595632},"sub_type":"normal","time":1557499284,"user_id":30595632}
[19-05-10 22:41:53] [PicqBotX] [DEBUG(java.lang.Thread.run:748)] 收到新请求: CQHttp/4.8.0
[19-05-10 22:41:53] [PicqBotX] [DEBUG(java.lang.Thread.run:748)] - 数据: {"anonymous":null,"font":8389024,"group_id":723795668,"message":"你各个群吆喝一下 前十都没了","message_id":2675,"message_type":"group","post_type":"message","raw_message":"你各个群吆喝一下 前十都没了","self_id":2997400528,"sender":{"age":0,"area":"","card":"萌新","level":"中级","nickname":"pig尐奇","role":"member","sex":"male","title":"","user_id":572897438},"sub_type":"normal","time":1557499313,"user_id":572897438}
[19-05-10 22:42:25] [PicqBotX] [DEBUG(java.lang.Thread.run:748)] 收到新请求: CQHttp/4.8.0
[19-05-10 22:42:25] [PicqBotX] [DEBUG(java.lang.Thread.run:748)] - 数据: {"anonymous":null,"font":8389312,"group_id":723795668,"message":"[CQ:face,id=177]，我不作死了，我沉默，我寡言，各位大佬请无视我这个小清新","message_id":2676,"message_type":"group","post_type":"message","raw_message":"[CQ:face,id=177]，我不作死了，我沉默，我寡言，各位大佬请无视我这个小清新","self_id":2997400528,"sender":{"age":30,"area":"北京","card":"会飞的乌龟.搜鹤","level":"中级","nickname":"李哲嘉","role":"member","sex":"male","title":"","user_id":30595632},"sub_type":"normal","time":1557499345,"user_id":30595632}
[19-05-10 22:42:29] [PicqBotX] [DEBUG(java.lang.Thread.run:748)] 收到新请求: CQHttp/4.8.0
[19-05-10 22:42:29] [PicqBotX] [DEBUG(java.lang.Thread.run:748)] - 数据: {"anonymous":null,"font":8389664,"group_id":522394334,"message":"第999段 速度159.97 击键6.27 回改11(3.60s) 连改4 退格21 回车0 键准93.45% 码长2.35 选重26 错字0 字数469 键数1099 用时2:55.157 峰值219.78/6.80/1.50 打词0 回改率14.20% 停留&#91;饺子&#93;1.86s 效率128% &#91;左404:356&#93; 起打于22:38:56 赛文验证:20147 校验:98034 t46.15 *","message_id":2677,"message_type":"group","post_type":"message","raw_message":"第999段 速度159.97 击键6.27 回改11(3.60s) 连改4 退格21 回车0 键准93.45% 码长2.35 选重26 错字0 字数469 键数1099 用时2:55.157 峰值219.78/6.80/1.50 打词0 回改率14.20% 停留&#91;饺子&#93;1.86s 效率128% &#91;左404:356&#93; 起打于22:38:56 赛文验证:20147 校验:98034 t46.15 *","self_id":2997400528,"sender":{"age":0,"area":"","card":"子衡-86五笔","level":"了解群图书馆","nickname":"‭","role":"member","sex":"unknown","title":"","user_id":9976352},"sub_type":"normal","time":1557499349,"user_id":9976352}
[19-05-10 22:42:32] [PicqBotX] [DEBUG(java.lang.Thread.run:748)] 收到新请求: CQHttp/4.8.0
[19-05-10 22:42:32] [PicqBotX] [DEBUG(java.lang.Thread.run:748)] - 数据: {"font":8389216,"message":"Vicky是傻子吗？","message_id":2678,"message_type":"private","post_type":"message","raw_message":"Vicky是傻子吗？","self_id":2997400528,"sender":{"age":8,"nickname":"0 4 . 2 2","sex":"male","user_id":1061917196},"sub_type":"friend","time":1557499352,"user_id":1061917196}
[19-05-10 22:42:40] [PicqBotX] [DEBUG(java.lang.Thread.run:748)] 收到新请求: CQHttp/4.8.0
[19-05-10 22:42:40] [PicqBotX] [DEBUG(java.lang.Thread.run:748)] - 数据: {"anonymous":null,"font":8388960,"group_id":522394334,"message":"#成绩","message_id":2680,"message_type":"group","post_type":"message","raw_message":"#成绩","self_id":2997400528,"sender":{"age":0,"area":"","card":"子衡-86五笔","level":"了解群图书馆","nickname":"‭","role":"member","sex":"unknown","title":"","user_id":9976352},"sub_type":"normal","time":1557499360,"user_id":9976352}
[19-05-10 22:42:42] [PicqBotX] [DEBUG(java.lang.Thread.run:748)] 收到新请求: CQHttp/4.8.0
[19-05-10 22:42:42] [PicqBotX] [DEBUG(java.lang.Thread.run:748)] - 数据: {"anonymous":null,"font":8389120,"group_id":522394334,"message":"[CQ:image,file=B587DCF37778510BA5D1BC5F44D80D9C.png,url=https://gchat.qpic.cn/gchatpic_new/207938707/522394334-2316826006-B587DCF37778510BA5D1BC5F44D80D9C/0?vuin=2997400528&amp;term=2]","message_id":2681,"message_type":"group","post_type":"message","raw_message":"[CQ:image,file=B587DCF37778510BA5D1BC5F44D80D9C.png]","self_id":2997400528,"sender":{"age":6,"area":"北京","card":"","level":"小白","nickname":"小拆","role":"member","sex":"female","title":"","user_id":207938707},"sub_type":"normal","time":1557499362,"user_id":207938707}
[19-05-10 22:44:23] [PicqBotX] [DEBUG(java.lang.Thread.run:748)] 收到新请求: CQHttp/4.8.0
[19-05-10 22:44:23] [PicqBotX] [DEBUG(java.lang.Thread.run:748)] - 数据: {"anonymous":null,"font":8389664,"group_id":723795668,"message":"哈哈哈哈","message_id":2682,"message_type":"group","post_type":"message","raw_message":"哈哈哈哈","self_id":2997400528,"sender":{"age":0,"area":"广州","card":"重打到死","level":"中级","nickname":"无聊","role":"member","sex":"male","title":"","user_id":779855010},"sub_type":"normal","time":1557499463,"user_id":779855010}
[19-05-10 22:45:05] [PicqBotX] [DEBUG(java.lang.Thread.run:748)] 收到新请求: CQHttp/4.8.0
[19-05-10 22:45:05] [PicqBotX] [DEBUG(java.lang.Thread.run:748)] - 数据: {"anonymous":null,"font":8388896,"group_id":522394334,"message":"今天九思的回改少了很多呀","message_id":2683,"message_type":"group","post_type":"message","raw_message":"今天九思的回改少了很多呀","self_id":2997400528,"sender":{"age":0,"area":"","card":"子衡-86五笔","level":"了解群图书馆","nickname":"‭","role":"member","sex":"unknown","title":"","user_id":9976352},"sub_type":"normal","time":1557499505,"user_id":9976352}
[19-05-10 22:46:02] [PicqBotX] [DEBUG(java.lang.Thread.run:748)] 收到新请求: CQHttp/4.8.0
[19-05-10 22:46:02] [PicqBotX] [DEBUG(java.lang.Thread.run:748)] - 数据: {"anonymous":null,"font":8389632,"group_id":556981260,"message":"[CQ:share,content=网易云音乐是一款专注于发现与分享的音乐产品，依托专业音乐人、DJ、,image=http://p3.music.126.net/tBTNafgjNnTL1KlZMt7lVA==/18885211718935735.jpg,title=网易云音乐,url=https://music.163.com/#/mv?id=348124]","message_id":2684,"message_type":"group","post_type":"message","raw_message":"[CQ:share,url=https://music.163.com/#/mv?id=348124,title=网易云音乐,content=网易云音乐是一款专注于发现与分享的音乐产品，依托专业音乐人、DJ、,image=http://p3.music.126.net/tBTNafgjNnTL1KlZMt7lVA==/18885211718935735.jpg]","self_id":2997400528,"sender":{"age":119,"area":"泽西岛","card":"豆角MM-微软","level":"波音747","nickname":"白猫王子","role":"member","sex":"male","title":"","user_id":2370792076},"sub_type":"normal","time":1557499562,"user_id":2370792076}
[19-05-10 22:46:03] [PicqBotX] [DEBUG(java.lang.Thread.run:748)] 收到新请求: CQHttp/4.8.0
[19-05-10 22:46:03] [PicqBotX] [DEBUG(java.lang.Thread.run:748)] - 数据: {"anonymous":null,"font":8388800,"group_id":522394334,"message":"吾日九思吾身","message_id":2685,"message_type":"group","post_type":"message","raw_message":"吾日九思吾身","self_id":2997400528,"sender":{"age":0,"area":"","card":"子衡-86五笔","level":"了解群图书馆","nickname":"‭","role":"member","sex":"unknown","title":"","user_id":9976352},"sub_type":"normal","time":1557499563,"user_id":9976352}
[19-05-10 22:46:05] [PicqBotX] [DEBUG(java.lang.Thread.run:748)] 收到新请求: CQHttp/4.8.0
[19-05-10 22:46:05] [PicqBotX] [DEBUG(java.lang.Thread.run:748)] - 数据: {"anonymous":null,"font":8389280,"group_id":556981260,"message":"MV也很不错","message_id":2686,"message_type":"group","post_type":"message","raw_message":"MV也很不错","self_id":2997400528,"sender":{"age":119,"area":"泽西岛","card":"豆角MM-微软","level":"波音747","nickname":"白猫王子","role":"member","sex":"male","title":"","user_id":2370792076},"sub_type":"normal","time":1557499565,"user_id":2370792076}
[19-05-10 22:46:28] [PicqBotX] [DEBUG(java.lang.Thread.run:748)] 收到新请求: CQHttp/4.8.0
[19-05-10 22:46:28] [PicqBotX] [DEBUG(java.lang.Thread.run:748)] - 数据: {"anonymous":null,"font":8388896,"group_id":522394334,"message":"[CQ:face,id=101]","message_id":2687,"message_type":"group","post_type":"message","raw_message":"[CQ:face,id=101]","self_id":2997400528,"sender":{"age":0,"area":"","card":"风中追风-091","level":"了解群图书馆","nickname":"九思闲人","role":"member","sex":"unknown","title":"","user_id":763401555},"sub_type":"normal","time":1557499588,"user_id":763401555}
[19-05-10 22:46:32] [PicqBotX] [DEBUG(java.lang.Thread.run:748)] 收到新请求: CQHttp/4.8.0
[19-05-10 22:46:32] [PicqBotX] [DEBUG(java.lang.Thread.run:748)] - 数据: {"anonymous":null,"font":8389184,"group_id":556981260,"message":"声音甜丝丝的、","message_id":2688,"message_type":"group","post_type":"message","raw_message":"声音甜丝丝的、","self_id":2997400528,"sender":{"age":119,"area":"泽西岛","card":"豆角MM-微软","level":"波音747","nickname":"白猫王子","role":"member","sex":"male","title":"","user_id":2370792076},"sub_type":"normal","time":1557499592,"user_id":2370792076}
[19-05-10 22:47:12] [PicqBotX] [DEBUG(java.lang.Thread.run:748)] 收到新请求: CQHttp/4.8.0
[19-05-10 22:47:12] [PicqBotX] [DEBUG(java.lang.Thread.run:748)] - 数据: {"anonymous":null,"font":8388832,"group_id":556981260,"message":"哦哦","message_id":2689,"message_type":"group","post_type":"message","raw_message":"哦哦","self_id":2997400528,"sender":{"age":0,"area":"石家庄","card":"瓜牛-二笔","level":"波音747","nickname":"明媚阳光","role":"member","sex":"male","title":"一个小蹦哒","user_id":523856782},"sub_type":"normal","time":1557499632,"user_id":523856782}
[19-05-10 22:47:20] [PicqBotX] [DEBUG(java.lang.Thread.run:748)] 收到新请求: CQHttp/4.8.0
[19-05-10 22:47:20] [PicqBotX] [DEBUG(java.lang.Thread.run:748)] - 数据: {"anonymous":null,"font":8389056,"group_id":522394334,"message":"#赛文","message_id":2690,"message_type":"group","post_type":"message","raw_message":"#赛文","self_id":2997400528,"sender":{"age":19,"area":"","card":"起飞-小鹤音形","level":"了解群图书馆","nickname":"IMBA","role":"member","sex":"male","title":"","user_id":877944677},"sub_type":"normal","time":1557499640,"user_id":877944677}
[19-05-10 22:47:20] [PicqBotX] [DEBUG(java.lang.Thread.run:748)] 收到新请求: CQHttp/4.8.0
[19-05-10 22:47:20] [PicqBotX] [DEBUG(java.lang.Thread.run:748)] - 数据: {"anonymous":null,"font":8389248,"group_id":522394334,"message":"？谪","message_id":2691,"message_type":"group","post_type":"message","raw_message":"？谪","self_id":2997400528,"sender":{"age":0,"area":"","card":"青铜·Qtss","level":"了解群图书馆","nickname":"青 铜","role":"member","sex":"unknown","title":"","user_id":949402006},"sub_type":"normal","time":1557499640,"user_id":949402006}
[19-05-10 22:47:20] [PicqBotX] [DEBUG(java.lang.Thread.run:748)] 收到新请求: CQHttp/4.8.0
[19-05-10 22:47:20] [PicqBotX] [DEBUG(java.lang.Thread.run:748)] - 数据: {"anonymous":null,"font":8388832,"group_id":522394334,"message":"谪：　vey veyk\r\n  拆分：　讠 亠 丷 冂 十 口\r\n  首末：　讠 口\r\n  编码：　y  k\r\n  汉典：http://xhup.club/?Ks\r\n\r\n  更多功能，请回复「？帮助」","message_id":2692,"message_type":"group","post_type":"message","raw_message":"谪：　vey veyk\r\n  拆分：　讠 亠 丷 冂 十 口\r\n  首末：　讠 口\r\n  编码：　y  k\r\n  汉典：http://xhup.club/?Ks\r\n\r\n  更多功能，请回复「？帮助」","self_id":2997400528,"sender":{"age":1,"area":"","card":"拆小鹤","level":"小白","nickname":"拆小鹤","role":"member","sex":"female","title":"","user_id":428826691},"sub_type":"normal","time":1557499640,"user_id":428826691}
[19-05-10 22:47:21] [PicqBotX] [DEBUG(java.lang.Thread.run:748)] 收到新请求: CQHttp/4.8.0
[19-05-10 22:47:21] [PicqBotX] [DEBUG(java.lang.Thread.run:748)] - 数据: {"anonymous":null,"font":8388896,"group_id":522394334,"message":"《南北的点心》日赛第528期-二花制作\r\n中国地大物博，风俗与土产随地各有不同，因为一直缺少人纪录，有许多值得也是应该知道的事物，我们至今不能知道清楚，特别是关于衣食住的事项。我这里只就点心这个题目，依据浅陋所知，来说几句话，希望抛砖引玉，有旅行既广，游历又多的同志们，从各方面来报道出来，对于爱乡爱国的教育，或者也不无小补吧。我是浙江东部人，可是在北京住了将近四十年，因此南腔北调，对于南北情形都知道一点，却没有深厚的了解。据我的观察来说，中国南北两路的点心，根本性质上有一个很大的区别。简单的下一句断语，北方的点心是常食的性质，南方的则是闲食。我们只看北京人家做饺子馄饨面总是十分茁实，馅决不考究，面用芝麻酱拌，最好也只是炸酱；馒头全是实心。本来是代饭用的，只要吃饱就好，所以并不求精。若是回过来走到东安市场，往五芳斋去叫了来吃，尽管是同样名称，做法便大不一样，别说蟹黄包干，鸡肉馄饨，就是一碗三鲜汤面，也是精细鲜美的。可是有一层，这决不可能吃饱当饭，一则因为价钱比较贵，二则昔时无此习惯。抗战以后上海也有阳春面，可以当饭了，但那是新时代的产物，在老辈看来，是不大可以为训的。\r\n-----第999段-1200S-469Z-4L-64ecebf6V--c.sw.1.1\r\n本文由 散文 组成","message_id":2693,"message_type":"group","post_type":"message","raw_message":"《南北的点心》日赛第528期-二花制作\r\n中国地大物博，风俗与土产随地各有不同，因为一直缺少人纪录，有许多值得也是应该知道的事物，我们至今不能知道清楚，特别是关于衣食住的事项。我这里只就点心这个题目，依据浅陋所知，来说几句话，希望抛砖引玉，有旅行既广，游历又多的同志们，从各方面来报道出来，对于爱乡爱国的教育，或者也不无小补吧。我是浙江东部人，可是在北京住了将近四十年，因此南腔北调，对于南北情形都知道一点，却没有深厚的了解。据我的观察来说，中国南北两路的点心，根本性质上有一个很大的区别。简单的下一句断语，北方的点心是常食的性质，南方的则是闲食。我们只看北京人家做饺子馄饨面总是十分茁实，馅决不考究，面用芝麻酱拌，最好也只是炸酱；馒头全是实心。本来是代饭用的，只要吃饱就好，所以并不求精。若是回过来走到东安市场，往五芳斋去叫了来吃，尽管是同样名称，做法便大不一样，别说蟹黄包干，鸡肉馄饨，就是一碗三鲜汤面，也是精细鲜美的。可是有一层，这决不可能吃饱当饭，一则因为价钱比较贵，二则昔时无此习惯。抗战以后上海也有阳春面，可以当饭了，但那是新时代的产物，在老辈看来，是不大可以为训的。\r\n-----第999段-1200S-469Z-4L-64ecebf6V--c.sw.1.1\r\n本文由 散文 组成","self_id":2997400528,"sender":{"age":6,"area":"北京","card":"","level":"小白","nickname":"小拆","role":"member","sex":"female","title":"","user_id":207938707},"sub_type":"normal","time":1557499641,"user_id":207938707}
[19-05-10 22:49:14] [PicqBotX] [DEBUG(java.lang.Thread.run:748)] 收到新请求: CQHttp/4.8.0
[19-05-10 22:49:14] [PicqBotX] [DEBUG(java.lang.Thread.run:748)] - 数据: {"anonymous":null,"font":8389696,"group_id":522394334,"message":"九思这样下去的话。。就不九思了！","message_id":2694,"message_type":"group","post_type":"message","raw_message":"九思这样下去的话。。就不九思了！","self_id":2997400528,"sender":{"age":0,"area":"广州","card":"无聊-小鹤音形","level":"中级","nickname":"无聊","role":"member","sex":"male","title":"","user_id":779855010},"sub_type":"normal","time":1557499754,"user_id":779855010}
[19-05-10 22:49:51] [PicqBotX] [DEBUG(java.lang.Thread.run:748)] 收到新请求: CQHttp/4.8.0
[19-05-10 22:49:51] [PicqBotX] [DEBUG(java.lang.Thread.run:748)] - 数据: {"anonymous":null,"font":8389280,"group_id":522394334,"message":"你不要拿人家九思打趣，九思不简单的，莫小看人家","message_id":2695,"message_type":"group","post_type":"message","raw_message":"你不要拿人家九思打趣，九思不简单的，莫小看人家","self_id":2997400528,"sender":{"age":0,"area":"","card":"子衡-86五笔","level":"了解群图书馆","nickname":"‭","role":"member","sex":"unknown","title":"","user_id":9976352},"sub_type":"normal","time":1557499791,"user_id":9976352}
[19-05-10 22:50:02] [PicqBotX] [DEBUG(java.lang.Thread.run:748)] 收到新请求: CQHttp/4.8.0
[19-05-10 22:50:02] [PicqBotX] [DEBUG(java.lang.Thread.run:748)] - 数据: {"anonymous":null,"font":8389120,"group_id":522394334,"message":"[CQ:face,id=13][CQ:face,id=13]","message_id":2696,"message_type":"group","post_type":"message","raw_message":"[CQ:face,id=13][CQ:face,id=13]","self_id":2997400528,"sender":{"age":0,"area":"","card":"子衡-86五笔","level":"了解群图书馆","nickname":"‭","role":"member","sex":"unknown","title":"","user_id":9976352},"sub_type":"normal","time":1557499802,"user_id":9976352}
[19-05-10 22:51:06] [PicqBotX] [DEBUG(java.lang.Thread.run:748)] 收到新请求: CQHttp/4.8.0
[19-05-10 22:51:06] [PicqBotX] [DEBUG(java.lang.Thread.run:748)] - 数据: {"anonymous":null,"font":8389664,"group_id":522394334,"message":"九思随便重打就是7击[CQ:face,id=74]","message_id":2697,"message_type":"group","post_type":"message","raw_message":"九思随便重打就是7击[CQ:face,id=74]","self_id":2997400528,"sender":{"age":0,"area":"广州","card":"无聊-小鹤音形","level":"中级","nickname":"无聊","role":"member","sex":"male","title":"","user_id":779855010},"sub_type":"normal","time":1557499866,"user_id":779855010}
[19-05-10 22:51:34] [PicqBotX] [DEBUG(java.lang.Thread.run:748)] 收到新请求: CQHttp/4.8.0
[19-05-10 22:51:34] [PicqBotX] [DEBUG(java.lang.Thread.run:748)] - 数据: {"anonymous":null,"font":8388928,"group_id":522394334,"message":"击键才是最让人害怕的","message_id":2698,"message_type":"group","post_type":"message","raw_message":"击键才是最让人害怕的","self_id":2997400528,"sender":{"age":0,"area":"广州","card":"无聊-小鹤音形","level":"中级","nickname":"无聊","role":"member","sex":"male","title":"","user_id":779855010},"sub_type":"normal","time":1557499894,"user_id":779855010}
[19-05-10 22:52:12] [PicqBotX] [DEBUG(java.lang.Thread.run:748)] 收到新请求: CQHttp/4.8.0
[19-05-10 22:52:12] [PicqBotX] [DEBUG(java.lang.Thread.run:748)] - 数据: {"anonymous":null,"font":8389120,"group_id":522394334,"message":"第999段 速度98.03 击键4.01 码长2.45 标顶理论2.08 文章难度69.02 字数469 回改18 退格21 错字0 键数1150 选重5 键准93.01% 键法85.86%(左419:右488:空格204) 打词率50.92% 选重率1.07% 拖拉机跟打器v1.50 Windows版","message_id":2699,"message_type":"group","post_type":"message","raw_message":"第999段 速度98.03 击键4.01 码长2.45 标顶理论2.08 文章难度69.02 字数469 回改18 退格21 错字0 键数1150 选重5 键准93.01% 键法85.86%(左419:右488:空格204) 打词率50.92% 选重率1.07% 拖拉机跟打器v1.50 Windows版","self_id":2997400528,"sender":{"age":19,"area":"","card":"起飞-小鹤音形","level":"了解群图书馆","nickname":"IMBA","role":"member","sex":"male","title":"","user_id":877944677},"sub_type":"normal","time":1557499932,"user_id":877944677}
[19-05-10 22:52:27] [PicqBotX] [DEBUG(java.lang.Thread.run:748)] 收到新请求: CQHttp/4.8.0
[19-05-10 22:52:27] [PicqBotX] [DEBUG(java.lang.Thread.run:748)] - 数据: {"anonymous":null,"font":8389120,"group_id":522394334,"message":"#成绩","message_id":2700,"message_type":"group","post_type":"message","raw_message":"#成绩","self_id":2997400528,"sender":{"age":19,"area":"","card":"起飞-小鹤音形","level":"了解群图书馆","nickname":"IMBA","role":"member","sex":"male","title":"","user_id":877944677},"sub_type":"normal","time":1557499947,"user_id":877944677}
[19-05-10 22:52:30] [PicqBotX] [DEBUG(java.lang.Thread.run:748)] 收到新请求: CQHttp/4.8.0
[19-05-10 22:52:30] [PicqBotX] [DEBUG(java.lang.Thread.run:748)] - 数据: {"anonymous":null,"font":8389472,"group_id":522394334,"message":"[CQ:image,file=62BD9340100D0DADDEAB29FFCE274235.png,url=https://gchat.qpic.cn/gchatpic_new/207938707/522394334-3008932334-62BD9340100D0DADDEAB29FFCE274235/0?vuin=2997400528&amp;term=2]","message_id":2701,"message_type":"group","post_type":"message","raw_message":"[CQ:image,file=62BD9340100D0DADDEAB29FFCE274235.png]","self_id":2997400528,"sender":{"age":6,"area":"北京","card":"","level":"小白","nickname":"小拆","role":"member","sex":"female","title":"","user_id":207938707},"sub_type":"normal","time":1557499950,"user_id":207938707}
[19-05-10 22:52:54] [PicqBotX] [DEBUG(java.lang.Thread.run:748)] 收到新请求: CQHttp/4.8.0
[19-05-10 22:52:54] [PicqBotX] [DEBUG(java.lang.Thread.run:748)] - 数据: {"anonymous":null,"font":8388768,"group_id":522394334,"message":"打文6.5我都感觉我要起飞了， 这击键不好练的上去呀","message_id":2702,"message_type":"group","post_type":"message","raw_message":"打文6.5我都感觉我要起飞了， 这击键不好练的上去呀","self_id":2997400528,"sender":{"age":0,"area":"","card":"子衡-86五笔","level":"了解群图书馆","nickname":"‭","role":"member","sex":"unknown","title":"","user_id":9976352},"sub_type":"normal","time":1557499974,"user_id":9976352}
[19-05-10 22:52:54] [PicqBotX] [DEBUG(java.lang.Thread.run:748)] 收到新请求: CQHttp/4.8.0
[19-05-10 22:52:54] [PicqBotX] [DEBUG(java.lang.Thread.run:748)] - 数据: {"anonymous":null,"font":8388832,"group_id":723795668,"message":"#赛文","message_id":2703,"message_type":"group","post_type":"message","raw_message":"#赛文","self_id":2997400528,"sender":{"age":19,"area":"","card":"起飞-小鹤音形","level":"中级","nickname":"IMBA","role":"member","sex":"male","title":"","user_id":877944677},"sub_type":"normal","time":1557499974,"user_id":877944677}
[19-05-10 22:52:55] [PicqBotX] [DEBUG(java.lang.Thread.run:748)] 收到新请求: CQHttp/4.8.0
[19-05-10 22:52:55] [PicqBotX] [DEBUG(java.lang.Thread.run:748)] - 数据: {"anonymous":null,"font":8388992,"group_id":723795668,"message":"常用字前五百乱序日赛第305期-二花制作\r\n里万林精都图务元持国东谈告山与很留势品尽战三己严口称任理却个变文学久师期出乐身打商界点话前那类坐闻通始报才念英来底西加要改候进平得机功转易色非取长令市生空据王曾影往准了华数写比处风而备存云紧如举安别千\r\n-----第999段-1200S-100Z-4L-22ee64d1V--c.sw.1.1\r\n本文由 常用字 组成","message_id":2704,"message_type":"group","post_type":"message","raw_message":"常用字前五百乱序日赛第305期-二花制作\r\n里万林精都图务元持国东谈告山与很留势品尽战三己严口称任理却个变文学久师期出乐身打商界点话前那类坐闻通始报才念英来底西加要改候进平得机功转易色非取长令市生空据王曾影往准了华数写比处风而备存云紧如举安别千\r\n-----第999段-1200S-100Z-4L-22ee64d1V--c.sw.1.1\r\n本文由 常用字 组成","self_id":2997400528,"sender":{"age":6,"area":"北京","card":"","level":"小白","nickname":"小拆","role":"member","sex":"female","title":"","user_id":207938707},"sub_type":"normal","time":1557499975,"user_id":207938707}
[19-05-10 22:53:31] [PicqBotX] [DEBUG(java.lang.Thread.run:748)] 收到新请求: CQHttp/4.8.0
[19-05-10 22:53:31] [PicqBotX] [DEBUG(java.lang.Thread.run:748)] - 数据: {"anonymous":null,"font":8389504,"group_id":522394334,"message":"不敢想象10击大佬的感觉","message_id":2705,"message_type":"group","post_type":"message","raw_message":"不敢想象10击大佬的感觉","self_id":2997400528,"sender":{"age":0,"area":"广州","card":"无聊-小鹤音形","level":"中级","nickname":"无聊","role":"member","sex":"male","title":"","user_id":779855010},"sub_type":"normal","time":1557500011,"user_id":779855010}
[19-05-10 22:54:42] [PicqBotX] [DEBUG(java.lang.Thread.run:748)] 收到新请求: CQHttp/4.8.0
[19-05-10 22:54:42] [PicqBotX] [DEBUG(java.lang.Thread.run:748)] - 数据: {"anonymous":null,"font":8388768,"group_id":556981260,"message":"辣条今天怎样变猛了","message_id":2706,"message_type":"group","post_type":"message","raw_message":"辣条今天怎样变猛了","self_id":2997400528,"sender":{"age":27,"area":"武汉","card":"随心-小鹤拼音","level":"死飞单车","nickname":"№默☆伤♂","role":"member","sex":"male","title":"","user_id":1101721752},"sub_type":"normal","time":1557500082,"user_id":1101721752}
[19-05-10 22:54:56] [PicqBotX] [DEBUG(java.lang.Thread.run:748)] 收到新请求: CQHttp/4.8.0
[19-05-10 22:54:56] [PicqBotX] [DEBUG(java.lang.Thread.run:748)] - 数据: {"anonymous":null,"font":8389120,"group_id":723795668,"message":"第999段 速度58.88 击键3.93 码长4.00 标顶理论3.28 文章难度86.68 字数100 回改11 退格13 错字0 键数400 选重4 键准84.48% 键法88.44%(左130:右147:空格98) 打词率4.50% 选重率4.00% 拖拉机跟打器v1.50 Windows版","message_id":2707,"message_type":"group","post_type":"message","raw_message":"第999段 速度58.88 击键3.93 码长4.00 标顶理论3.28 文章难度86.68 字数100 回改11 退格13 错字0 键数400 选重4 键准84.48% 键法88.44%(左130:右147:空格98) 打词率4.50% 选重率4.00% 拖拉机跟打器v1.50 Windows版","self_id":2997400528,"sender":{"age":19,"area":"","card":"起飞-小鹤音形","level":"中级","nickname":"IMBA","role":"member","sex":"male","title":"","user_id":877944677},"sub_type":"normal","time":1557500096,"user_id":877944677}
[19-05-10 22:54:58] [PicqBotX] [DEBUG(java.lang.Thread.run:748)] 收到新请求: CQHttp/4.8.0
[19-05-10 22:54:58] [PicqBotX] [DEBUG(java.lang.Thread.run:748)] - 数据: {"anonymous":null,"font":8389504,"group_id":556981260,"message":"压盖豆角大佬","message_id":2708,"message_type":"group","post_type":"message","raw_message":"压盖豆角大佬","self_id":2997400528,"sender":{"age":27,"area":"武汉","card":"随心-小鹤拼音","level":"死飞单车","nickname":"№默☆伤♂","role":"member","sex":"male","title":"","user_id":1101721752},"sub_type":"normal","time":1557500098,"user_id":1101721752}
[19-05-10 22:56:06] [PicqBotX] [DEBUG(java.lang.Thread.run:748)] 收到新请求: CQHttp/4.8.0
[19-05-10 22:56:06] [PicqBotX] [DEBUG(java.lang.Thread.run:748)] - 数据: {"anonymous":null,"font":8389344,"group_id":556981260,"message":"他拉屎的时候手机打的","message_id":2709,"message_type":"group","post_type":"message","raw_message":"他拉屎的时候手机打的","self_id":2997400528,"sender":{"age":0,"area":"石家庄","card":"瓜牛-二笔","level":"波音747","nickname":"明媚阳光","role":"member","sex":"male","title":"一个小蹦哒","user_id":523856782},"sub_type":"normal","time":1557500166,"user_id":523856782}
[19-05-10 22:57:02] [PicqBotX] [DEBUG(java.lang.Thread.run:748)] 收到新请求: CQHttp/4.8.0
[19-05-10 22:57:02] [PicqBotX] [DEBUG(java.lang.Thread.run:748)] - 数据: {"anonymous":null,"font":8388800,"group_id":723795668,"message":"第999段 速度60.34 击键4.27 码长4.25 标顶理论3.28 文章难度86.68 字数100 回改12 退格19 错字0 键数425 选重3 键准81.80% 键法87.26%(左137:右157:空格100) 打词率3.57% 选重率3.00% 拖拉机跟打器v1.50 Windows版","message_id":2710,"message_type":"group","post_type":"message","raw_message":"第999段 速度60.34 击键4.27 码长4.25 标顶理论3.28 文章难度86.68 字数100 回改12 退格19 错字0 键数425 选重3 键准81.80% 键法87.26%(左137:右157:空格100) 打词率3.57% 选重率3.00% 拖拉机跟打器v1.50 Windows版","self_id":2997400528,"sender":{"age":19,"area":"","card":"起飞-小鹤音形","level":"中级","nickname":"IMBA","role":"member","sex":"male","title":"","user_id":877944677},"sub_type":"normal","time":1557500222,"user_id":877944677}
[19-05-10 22:57:09] [PicqBotX] [DEBUG(java.lang.Thread.run:748)] 收到新请求: CQHttp/4.8.0
[19-05-10 22:57:09] [PicqBotX] [DEBUG(java.lang.Thread.run:748)] - 数据: {"anonymous":null,"font":8389088,"group_id":556981260,"message":"也可能是尿尿的时候单手打的","message_id":2711,"message_type":"group","post_type":"message","raw_message":"也可能是尿尿的时候单手打的","self_id":2997400528,"sender":{"age":0,"area":"石家庄","card":"瓜牛-二笔","level":"波音747","nickname":"明媚阳光","role":"member","sex":"male","title":"一个小蹦哒","user_id":523856782},"sub_type":"normal","time":1557500229,"user_id":523856782}
[19-05-10 22:58:34] [PicqBotX] [DEBUG(java.lang.Thread.run:748)] 收到新请求: CQHttp/4.8.0
[19-05-10 22:58:34] [PicqBotX] [DEBUG(java.lang.Thread.run:748)] - 数据: {"anonymous":null,"font":8389504,"group_id":556981260,"message":"尿尿有尿那么久吗","message_id":2712,"message_type":"group","post_type":"message","raw_message":"尿尿有尿那么久吗","self_id":2997400528,"sender":{"age":27,"area":"武汉","card":"随心-小鹤拼音","level":"死飞单车","nickname":"№默☆伤♂","role":"member","sex":"male","title":"","user_id":1101721752},"sub_type":"normal","time":1557500314,"user_id":1101721752}
[19-05-10 22:58:41] [PicqBotX] [DEBUG(java.lang.Thread.run:748)] 收到新请求: CQHttp/4.8.0
[19-05-10 22:58:41] [PicqBotX] [DEBUG(java.lang.Thread.run:748)] - 数据: {"anonymous":null,"font":8389024,"group_id":723795668,"message":"第999段 速度74.06 击键4.64 码长3.76 标顶理论3.28 文章难度86.68 字数100 回改4 退格9 错字0 键数376 选重3 键准91.72% 键法92.75%(左128:右138:空格97) 打词率0.00% 选重率3.00% 拖拉机跟打器v1.50 Windows版","message_id":2713,"message_type":"group","post_type":"message","raw_message":"第999段 速度74.06 击键4.64 码长3.76 标顶理论3.28 文章难度86.68 字数100 回改4 退格9 错字0 键数376 选重3 键准91.72% 键法92.75%(左128:右138:空格97) 打词率0.00% 选重率3.00% 拖拉机跟打器v1.50 Windows版","self_id":2997400528,"sender":{"age":19,"area":"","card":"起飞-小鹤音形","level":"中级","nickname":"IMBA","role":"member","sex":"male","title":"","user_id":877944677},"sub_type":"normal","time":1557500321,"user_id":877944677}
[19-05-10 22:59:53] [PicqBotX] [DEBUG(java.lang.Thread.run:748)] 收到新请求: CQHttp/4.8.0
[19-05-10 22:59:53] [PicqBotX] [DEBUG(java.lang.Thread.run:748)] - 数据: {"anonymous":null,"font":8389632,"group_id":556981260,"message":"不","message_id":2714,"message_type":"group","post_type":"message","raw_message":"不","self_id":2997400528,"sender":{"age":0,"area":"广州","card":"无聊-小鹤","level":"新日电动车","nickname":"无聊","role":"member","sex":"male","title":"","user_id":779855010},"sub_type":"normal","time":1557500393,"user_id":779855010}
[19-05-10 23:00:02] [PicqBotX] [DEBUG(java.lang.Thread.run:748)] 收到新请求: CQHttp/4.8.0
[19-05-10 23:00:02] [PicqBotX] [DEBUG(java.lang.Thread.run:748)] - 数据: {"anonymous":null,"font":8389408,"group_id":556981260,"message":"他是手写的","message_id":2715,"message_type":"group","post_type":"message","raw_message":"他是手写的","self_id":2997400528,"sender":{"age":0,"area":"广州","card":"无聊-小鹤","level":"新日电动车","nickname":"无聊","role":"member","sex":"male","title":"","user_id":779855010},"sub_type":"normal","time":1557500402,"user_id":779855010}
[19-05-10 23:00:51] [PicqBotX] [DEBUG(java.lang.Thread.run:748)] 收到新请求: CQHttp/4.8.0
[19-05-10 23:00:51] [PicqBotX] [DEBUG(java.lang.Thread.run:748)] - 数据: {"anonymous":null,"font":8388864,"group_id":723795668,"message":"第999段 速度75.17 击键4.41 码长3.52 标顶理论3.28 文章难度86.68 字数100 回改2 退格4 错字0 键数352 选重3 键准95.86% 键法92.42%(左122:右132:空格92) 打词率1.96% 选重率3.00% 拖拉机跟打器v1.50 Windows版","message_id":2716,"message_type":"group","post_type":"message","raw_message":"第999段 速度75.17 击键4.41 码长3.52 标顶理论3.28 文章难度86.68 字数100 回改2 退格4 错字0 键数352 选重3 键准95.86% 键法92.42%(左122:右132:空格92) 打词率1.96% 选重率3.00% 拖拉机跟打器v1.50 Windows版","self_id":2997400528,"sender":{"age":19,"area":"","card":"起飞-小鹤音形","level":"中级","nickname":"IMBA","role":"member","sex":"male","title":"","user_id":877944677},"sub_type":"normal","time":1557500451,"user_id":877944677}
[19-05-10 23:00:57] [PicqBotX] [DEBUG(java.lang.Thread.run:748)] 收到新请求: CQHttp/4.8.0
[19-05-10 23:00:57] [PicqBotX] [DEBUG(java.lang.Thread.run:748)] - 数据: {"anonymous":null,"font":8389696,"group_id":723795668,"message":"谁知道他用的是什么输入法吗？码长这么短：1.72\r\n\r\nAlsophila \t117.11 \t3.35 \t1.72 \t1477 \t12:35.69 \t78 \t2 \t2532 \t89.89% \t1 \t49.63% \t0 \trime","message_id":2717,"message_type":"group","post_type":"message","raw_message":"谁知道他用的是什么输入法吗？码长这么短：1.72\r\n\r\nAlsophila \t117.11 \t3.35 \t1.72 \t1477 \t12:35.69 \t78 \t2 \t2532 \t89.89% \t1 \t49.63% \t0 \trime","self_id":2997400528,"sender":{"age":30,"area":"北京","card":"会飞的乌龟.搜鹤","level":"中级","nickname":"李哲嘉","role":"member","sex":"male","title":"","user_id":30595632},"sub_type":"normal","time":1557500457,"user_id":30595632}
[19-05-10 23:02:45] [PicqBotX] [DEBUG(java.lang.Thread.run:748)] 收到新请求: CQHttp/4.8.0
[19-05-10 23:02:45] [PicqBotX] [DEBUG(java.lang.Thread.run:748)] - 数据: {"anonymous":null,"font":8389696,"group_id":723795668,"message":"第999段 速度76.72 击键4.67 码长3.65 标顶理论3.28 文章难度86.68 字数100 回改3 退格9 错字0 键数365 选重3 键准92.37% 键法89.13%(左123:右138:空格92) 打词率3.88% 选重率3.00% 拖拉机跟打器v1.50 Windows版","message_id":2718,"message_type":"group","post_type":"message","raw_message":"第999段 速度76.72 击键4.67 码长3.65 标顶理论3.28 文章难度86.68 字数100 回改3 退格9 错字0 键数365 选重3 键准92.37% 键法89.13%(左123:右138:空格92) 打词率3.88% 选重率3.00% 拖拉机跟打器v1.50 Windows版","self_id":2997400528,"sender":{"age":19,"area":"","card":"起飞-小鹤音形","level":"中级","nickname":"IMBA","role":"member","sex":"male","title":"","user_id":877944677},"sub_type":"normal","time":1557500565,"user_id":877944677}
[19-05-10 23:04:16] [PicqBotX] [DEBUG(java.lang.Thread.run:748)] 收到新请求: CQHttp/4.8.0
[19-05-10 23:04:16] [PicqBotX] [DEBUG(java.lang.Thread.run:748)] - 数据: {"anonymous":null,"font":8389664,"group_id":522394334,"message":"我感觉我击键四都要上天了的","message_id":2719,"message_type":"group","post_type":"message","raw_message":"我感觉我击键四都要上天了的","self_id":2997400528,"sender":{"age":24,"area":"漯河","card":"努力超过一百——杨小草","level":"了解群图书馆","nickname":"这样子？","role":"member","sex":"male","title":"","user_id":596787921},"sub_type":"normal","time":1557500656,"user_id":596787921}
[19-05-10 23:04:19] [PicqBotX] [DEBUG(java.lang.Thread.run:748)] 收到新请求: CQHttp/4.8.0
[19-05-10 23:04:19] [PicqBotX] [DEBUG(java.lang.Thread.run:748)] - 数据: {"anonymous":null,"font":8389344,"group_id":522394334,"message":"？兆","message_id":2720,"message_type":"group","post_type":"message","raw_message":"？兆","self_id":2997400528,"sender":{"age":0,"area":"","card":"青铜·Qtss","level":"了解群图书馆","nickname":"青 铜","role":"member","sex":"unknown","title":"","user_id":949402006},"sub_type":"normal","time":1557500659,"user_id":949402006}
[19-05-10 23:04:19] [PicqBotX] [DEBUG(java.lang.Thread.run:748)] 收到新请求: CQHttp/4.8.0
[19-05-10 23:04:19] [PicqBotX] [DEBUG(java.lang.Thread.run:748)] - 数据: {"anonymous":null,"font":8389248,"group_id":522394334,"message":"兆：　vce vced\r\n  拆分：　儿 冫 ノ 丶\r\n  首末：　儿 丶\r\n  编码：　e  d\r\n  汉典：http://xhup.club/?oK\r\n\r\n  更多功能，请回复「？帮助」","message_id":2721,"message_type":"group","post_type":"message","raw_message":"兆：　vce vced\r\n  拆分：　儿 冫 ノ 丶\r\n  首末：　儿 丶\r\n  编码：　e  d\r\n  汉典：http://xhup.club/?oK\r\n\r\n  更多功能，请回复「？帮助」","self_id":2997400528,"sender":{"age":1,"area":"","card":"拆小鹤","level":"小白","nickname":"拆小鹤","role":"member","sex":"female","title":"","user_id":428826691},"sub_type":"normal","time":1557500659,"user_id":428826691}
[19-05-10 23:04:21] [PicqBotX] [DEBUG(java.lang.Thread.run:748)] 收到新请求: CQHttp/4.8.0
[19-05-10 23:04:21] [PicqBotX] [DEBUG(java.lang.Thread.run:748)] - 数据: {"anonymous":null,"font":8388832,"group_id":723795668,"message":"第999段 速度82.99 击键4.95 码长3.58 标顶理论3.28 文章难度86.68 字数100 回改2 退格7 错字0 键数358 选重3 键准94.26% 键法91.11%(左123:右135:空格91) 打词率1.96% 选重率3.00% 拖拉机跟打器v1.50 Windows版","message_id":2722,"message_type":"group","post_type":"message","raw_message":"第999段 速度82.99 击键4.95 码长3.58 标顶理论3.28 文章难度86.68 字数100 回改2 退格7 错字0 键数358 选重3 键准94.26% 键法91.11%(左123:右135:空格91) 打词率1.96% 选重率3.00% 拖拉机跟打器v1.50 Windows版","self_id":2997400528,"sender":{"age":19,"area":"","card":"起飞-小鹤音形","level":"中级","nickname":"IMBA","role":"member","sex":"male","title":"","user_id":877944677},"sub_type":"normal","time":1557500661,"user_id":877944677}
[19-05-10 23:04:44] [PicqBotX] [DEBUG(java.lang.Thread.run:748)] 收到新请求: CQHttp/4.8.0
[19-05-10 23:04:44] [PicqBotX] [DEBUG(java.lang.Thread.run:748)] - 数据: {"anonymous":null,"font":8388768,"group_id":522394334,"message":"[CQ:image,file=FA685EC289E33B8E4F0D8DF5CD49452E.jpg,url=https://gchat.qpic.cn/gchatpic_new/949402006/522394334-2386726942-FA685EC289E33B8E4F0D8DF5CD49452E/0?vuin=2997400528&amp;term=2]","message_id":2723,"message_type":"group","post_type":"message","raw_message":"[CQ:image,file=FA685EC289E33B8E4F0D8DF5CD49452E.jpg]","self_id":2997400528,"sender":{"age":0,"area":"","card":"青铜·Qtss","level":"了解群图书馆","nickname":"青 铜","role":"member","sex":"unknown","title":"","user_id":949402006},"sub_type":"normal","time":1557500684,"user_id":949402006}
[19-05-10 23:04:58] [PicqBotX] [DEBUG(java.lang.Thread.run:748)] 收到新请求: CQHttp/4.8.0
[19-05-10 23:04:58] [PicqBotX] [DEBUG(java.lang.Thread.run:748)] - 数据: {"anonymous":null,"font":8389024,"group_id":522394334,"message":"这样拆[CQ:face,id=173]","message_id":2724,"message_type":"group","post_type":"message","raw_message":"这样拆[CQ:face,id=173]","self_id":2997400528,"sender":{"age":0,"area":"","card":"青铜·Qtss","level":"了解群图书馆","nickname":"青 铜","role":"member","sex":"unknown","title":"","user_id":949402006},"sub_type":"normal","time":1557500698,"user_id":949402006}
[19-05-10 23:09:53] [PicqBotX] [DEBUG(java.lang.Thread.run:748)] 收到新请求: CQHttp/4.8.0
[19-05-10 23:09:53] [PicqBotX] [DEBUG(java.lang.Thread.run:748)] - 数据: {"anonymous":null,"font":8389248,"group_id":556981260,"message":"瓜牛今天打的不错","message_id":2725,"message_type":"group","post_type":"message","raw_message":"瓜牛今天打的不错","self_id":2997400528,"sender":{"age":30,"area":"南充","card":"江清炎-搜狗双拼","level":"五菱宏光","nickname":"凯文","role":"member","sex":"male","title":"","user_id":3207857938},"sub_type":"normal","time":1557500993,"user_id":3207857938}
[19-05-10 23:10:11] [PicqBotX] [DEBUG(java.lang.Thread.run:748)] 收到新请求: CQHttp/4.8.0
[19-05-10 23:10:11] [PicqBotX] [DEBUG(java.lang.Thread.run:748)] - 数据: {"anonymous":null,"font":8389152,"group_id":556981260,"message":"问个问题，你们打popo难受吗","message_id":2726,"message_type":"group","post_type":"message","raw_message":"问个问题，你们打popo难受吗","self_id":2997400528,"sender":{"age":27,"area":"武汉","card":"随心-小鹤拼音","level":"死飞单车","nickname":"№默☆伤♂","role":"member","sex":"male","title":"","user_id":1101721752},"sub_type":"normal","time":1557501011,"user_id":1101721752}
[19-05-10 23:10:22] [PicqBotX] [DEBUG(java.lang.Thread.run:748)] 收到新请求: CQHttp/4.8.0
[19-05-10 23:10:22] [PicqBotX] [DEBUG(java.lang.Thread.run:748)] - 数据: {"anonymous":null,"font":8389664,"group_id":556981260,"message":"po是啥","message_id":2727,"message_type":"group","post_type":"message","raw_message":"po是啥","self_id":2997400528,"sender":{"age":30,"area":"南充","card":"江清炎-搜狗双拼","level":"五菱宏光","nickname":"凯文","role":"member","sex":"male","title":"","user_id":3207857938},"sub_type":"normal","time":1557501022,"user_id":3207857938}
[19-05-10 23:10:27] [PicqBotX] [DEBUG(java.lang.Thread.run:748)] 收到新请求: CQHttp/4.8.0
[19-05-10 23:10:27] [PicqBotX] [DEBUG(java.lang.Thread.run:748)] - 数据: {"anonymous":null,"font":8388864,"group_id":556981260,"message":"按键","message_id":2728,"message_type":"group","post_type":"message","raw_message":"按键","self_id":2997400528,"sender":{"age":27,"area":"武汉","card":"随心-小鹤拼音","level":"死飞单车","nickname":"№默☆伤♂","role":"member","sex":"male","title":"","user_id":1101721752},"sub_type":"normal","time":1557501027,"user_id":1101721752}
[19-05-10 23:10:39] [PicqBotX] [DEBUG(java.lang.Thread.run:748)] 收到新请求: CQHttp/4.8.0
[19-05-10 23:10:39] [PicqBotX] [DEBUG(java.lang.Thread.run:748)] - 数据: {"anonymous":null,"font":8388800,"group_id":556981260,"message":"难受啊","message_id":2729,"message_type":"group","post_type":"message","raw_message":"难受啊","self_id":2997400528,"sender":{"age":30,"area":"南充","card":"江清炎-搜狗双拼","level":"五菱宏光","nickname":"凯文","role":"member","sex":"male","title":"","user_id":3207857938},"sub_type":"normal","time":1557501039,"user_id":3207857938}
[19-05-10 23:11:02] [PicqBotX] [DEBUG(java.lang.Thread.run:748)] 收到新请求: CQHttp/4.8.0
[19-05-10 23:11:02] [PicqBotX] [DEBUG(java.lang.Thread.run:748)] - 数据: {"anonymous":null,"font":8389408,"group_id":556981260,"message":"qw左右这两个键还好，右手不舒服","message_id":2730,"message_type":"group","post_type":"message","raw_message":"qw左右这两个键还好，右手不舒服","self_id":2997400528,"sender":{"age":30,"area":"南充","card":"江清炎-搜狗双拼","level":"五菱宏光","nickname":"凯文","role":"member","sex":"male","title":"","user_id":3207857938},"sub_type":"normal","time":1557501062,"user_id":3207857938}
[19-05-10 23:11:33] [PicqBotX] [DEBUG(java.lang.Thread.run:748)] 收到新请求: CQHttp/4.8.0
[19-05-10 23:11:33] [PicqBotX] [DEBUG(java.lang.Thread.run:748)] - 数据: {"anonymous":null,"font":8389088,"group_id":556981260,"message":"无名指和小指有点张不开的感觉","message_id":2731,"message_type":"group","post_type":"message","raw_message":"无名指和小指有点张不开的感觉","self_id":2997400528,"sender":{"age":30,"area":"南充","card":"江清炎-搜狗双拼","level":"五菱宏光","nickname":"凯文","role":"member","sex":"male","title":"","user_id":3207857938},"sub_type":"normal","time":1557501093,"user_id":3207857938}
[19-05-10 23:13:27] [PicqBotX] [DEBUG(java.lang.Thread.run:748)] 收到新请求: CQHttp/4.8.0
[19-05-10 23:13:27] [PicqBotX] [DEBUG(java.lang.Thread.run:748)] - 数据: {"anonymous":null,"font":8388768,"group_id":522394334,"message":"8击以下100w 提升1？","message_id":2732,"message_type":"group","post_type":"message","raw_message":"8击以下100w 提升1？","self_id":2997400528,"sender":{"age":0,"area":"","card":"风中追风-091","level":"了解群图书馆","nickname":"九思闲人","role":"member","sex":"unknown","title":"","user_id":763401555},"sub_type":"normal","time":1557501207,"user_id":763401555}
[19-05-10 23:13:33] [PicqBotX] [DEBUG(java.lang.Thread.run:748)] 收到新请求: CQHttp/4.8.0
[19-05-10 23:13:33] [PicqBotX] [DEBUG(java.lang.Thread.run:748)] - 数据: {"anonymous":null,"font":8389632,"group_id":522394334,"message":"之前好像哪里看到过","message_id":2733,"message_type":"group","post_type":"message","raw_message":"之前好像哪里看到过","self_id":2997400528,"sender":{"age":0,"area":"","card":"风中追风-091","level":"了解群图书馆","nickname":"九思闲人","role":"member","sex":"unknown","title":"","user_id":763401555},"sub_type":"normal","time":1557501213,"user_id":763401555}
[19-05-10 23:15:11] [PicqBotX] [DEBUG(java.lang.Thread.run:748)] 收到新请求: CQHttp/4.8.0
[19-05-10 23:15:11] [PicqBotX] [DEBUG(java.lang.Thread.run:748)] - 数据: {"anonymous":null,"font":8389568,"group_id":556981260,"message":"我有时都按不出来","message_id":2734,"message_type":"group","post_type":"message","raw_message":"我有时都按不出来","self_id":2997400528,"sender":{"age":27,"area":"武汉","card":"随心-小鹤拼音","level":"死飞单车","nickname":"№默☆伤♂","role":"member","sex":"male","title":"","user_id":1101721752},"sub_type":"normal","time":1557501311,"user_id":1101721752}
[19-05-10 23:17:02] [PicqBotX] [DEBUG(java.lang.Thread.run:748)] 收到新请求: CQHttp/4.8.0
[19-05-10 23:17:02] [PicqBotX] [DEBUG(java.lang.Thread.run:748)] - 数据: {"anonymous":null,"font":8389632,"group_id":522394334,"message":"[CQ:rich,text=《2019年5月》新增1张,url=http://mobile.qzone.qq.com/photo/group/batch?i=V11AEfVe28ovbz&amp;u=522394334&amp;p=1557501419&amp;a=422&amp;v=2&amp;cmd=2]","message_id":2735,"message_type":"group","post_type":"message","raw_message":"[CQ:rich,url=http://mobile.qzone.qq.com/photo/group/batch?i=V11AEfVe28ovbz&amp;u=522394334&amp;p=1557501419&amp;a=422&amp;v=2&amp;cmd=2,text=《2019年5月》新增1张]","self_id":2997400528,"sender":{"age":0,"area":"","card":"print(\"‮;(\"梨酥——‭","level":"小白","nickname":"酥梨","role":"admin","sex":"male","title":"","user_id":1045865146},"sub_type":"normal","time":1557501422,"user_id":1045865146}
[19-05-10 23:17:05] [PicqBotX] [DEBUG(java.lang.Thread.run:748)] 收到新请求: CQHttp/4.8.0
[19-05-10 23:17:05] [PicqBotX] [DEBUG(java.lang.Thread.run:748)] - 数据: {"anonymous":null,"font":8389632,"group_id":556981260,"message":"谁有写小说的经验","message_id":2736,"message_type":"group","post_type":"message","raw_message":"谁有写小说的经验","self_id":2997400528,"sender":{"age":0,"area":"上海","card":"池鱼-亚伟","level":"小蹦哒","nickname":"池鱼","role":"member","sex":"female","title":"","user_id":1957992261},"sub_type":"normal","time":1557501425,"user_id":1957992261}
[19-05-10 23:18:37] [PicqBotX] [DEBUG(java.lang.Thread.run:748)] 收到新请求: CQHttp/4.8.0
[19-05-10 23:18:37] [PicqBotX] [DEBUG(java.lang.Thread.run:748)] - 数据: {"anonymous":null,"font":8389088,"group_id":522394334,"message":"第1段 速度63.96 击键6.33 码长5.94 字数664 时间10:21 回改103 回车0 重打0 打词79.76% 峰值90.00 校检:0b6fe 极速云跟打手机版v0.11","message_id":2737,"message_type":"group","post_type":"message","raw_message":"第1段 速度63.96 击键6.33 码长5.94 字数664 时间10:21 回改103 回车0 重打0 打词79.76% 峰值90.00 校检:0b6fe 极速云跟打手机版v0.11","self_id":2997400528,"sender":{"age":0,"area":"","card":"青铜·Qtss","level":"了解群图书馆","nickname":"青 铜","role":"member","sex":"unknown","title":"","user_id":949402006},"sub_type":"normal","time":1557501517,"user_id":949402006}
[19-05-10 23:20:15] [PicqBotX] [DEBUG(java.lang.Thread.run:748)] 收到新请求: CQHttp/4.8.0
[19-05-10 23:20:15] [PicqBotX] [DEBUG(java.lang.Thread.run:748)] - 数据: {"anonymous":null,"font":8389184,"group_id":522394334,"message":"[CQ:at,qq=763401555] 啥意思，打100万字提升一吗","message_id":2738,"message_type":"group","post_type":"message","raw_message":"[CQ:at,qq=763401555] 啥意思，打100万字提升一吗","self_id":2997400528,"sender":{"age":24,"area":"漯河","card":"努力超过一百——杨小草","level":"了解群图书馆","nickname":"这样子？","role":"member","sex":"male","title":"","user_id":596787921},"sub_type":"normal","time":1557501615,"user_id":596787921}
[19-05-10 23:20:51] [PicqBotX] [DEBUG(java.lang.Thread.run:748)] 收到新请求: CQHttp/4.8.0
[19-05-10 23:20:51] [PicqBotX] [DEBUG(java.lang.Thread.run:748)] - 数据: {"anonymous":null,"font":8389344,"group_id":522394334,"message":"对啊..可能是6.7.8这样子","message_id":2739,"message_type":"group","post_type":"message","raw_message":"对啊..可能是6.7.8这样子","self_id":2997400528,"sender":{"age":0,"area":"","card":"风中追风-091","level":"了解群图书馆","nickname":"九思闲人","role":"member","sex":"unknown","title":"","user_id":763401555},"sub_type":"normal","time":1557501651,"user_id":763401555}
[19-05-10 23:21:01] [PicqBotX] [DEBUG(java.lang.Thread.run:748)] 收到新请求: CQHttp/4.8.0
[19-05-10 23:21:01] [PicqBotX] [DEBUG(java.lang.Thread.run:748)] - 数据: {"anonymous":null,"font":8389152,"group_id":522394334,"message":"不过也不是绝对的吧","message_id":2740,"message_type":"group","post_type":"message","raw_message":"不过也不是绝对的吧","self_id":2997400528,"sender":{"age":0,"area":"","card":"风中追风-091","level":"了解群图书馆","nickname":"九思闲人","role":"member","sex":"unknown","title":"","user_id":763401555},"sub_type":"normal","time":1557501660,"user_id":763401555}
[19-05-10 23:21:05] [PicqBotX] [DEBUG(java.lang.Thread.run:748)] 收到新请求: CQHttp/4.8.0
[19-05-10 23:21:05] [PicqBotX] [DEBUG(java.lang.Thread.run:748)] - 数据: {"anonymous":null,"font":8388800,"group_id":522394334,"message":"主要还要看练习","message_id":2741,"message_type":"group","post_type":"message","raw_message":"主要还要看练习","self_id":2997400528,"sender":{"age":0,"area":"","card":"风中追风-091","level":"了解群图书馆","nickname":"九思闲人","role":"member","sex":"unknown","title":"","user_id":763401555},"sub_type":"normal","time":1557501665,"user_id":763401555}
[19-05-10 23:21:09] [PicqBotX] [DEBUG(java.lang.Thread.run:748)] 收到新请求: CQHttp/4.8.0
[19-05-10 23:21:09] [PicqBotX] [DEBUG(java.lang.Thread.run:748)] - 数据: {"anonymous":null,"font":8389152,"group_id":522394334,"message":"我现在才4的","message_id":2742,"message_type":"group","post_type":"message","raw_message":"我现在才4的","self_id":2997400528,"sender":{"age":24,"area":"漯河","card":"努力超过一百——杨小草","level":"了解群图书馆","nickname":"这样子？","role":"member","sex":"male","title":"","user_id":596787921},"sub_type":"normal","time":1557501669,"user_id":596787921}
[19-05-10 23:21:21] [PicqBotX] [DEBUG(java.lang.Thread.run:748)] 收到新请求: CQHttp/4.8.0
[19-05-10 23:21:21] [PicqBotX] [DEBUG(java.lang.Thread.run:748)] - 数据: {"anonymous":null,"font":8389632,"group_id":522394334,"message":"随缘喽","message_id":2743,"message_type":"group","post_type":"message","raw_message":"随缘喽","self_id":2997400528,"sender":{"age":24,"area":"漯河","card":"努力超过一百——杨小草","level":"了解群图书馆","nickname":"这样子？","role":"member","sex":"male","title":"","user_id":596787921},"sub_type":"normal","time":1557501681,"user_id":596787921}
[19-05-10 23:21:33] [PicqBotX] [DEBUG(java.lang.Thread.run:748)] 收到新请求: CQHttp/4.8.0
[19-05-10 23:21:33] [PicqBotX] [DEBUG(java.lang.Thread.run:748)] - 数据: {"anonymous":null,"font":8389696,"group_id":522394334,"message":"佛系玩家[CQ:face,id=21]","message_id":2744,"message_type":"group","post_type":"message","raw_message":"佛系玩家[CQ:face,id=21]","self_id":2997400528,"sender":{"age":24,"area":"漯河","card":"努力超过一百——杨小草","level":"了解群图书馆","nickname":"这样子？","role":"member","sex":"male","title":"","user_id":596787921},"sub_type":"normal","time":1557501693,"user_id":596787921}
[19-05-10 23:21:55] [PicqBotX] [DEBUG(java.lang.Thread.run:748)] 收到新请求: CQHttp/4.8.0
[19-05-10 23:21:55] [PicqBotX] [DEBUG(java.lang.Thread.run:748)] - 数据: {"anonymous":null,"font":8389280,"group_id":522394334,"message":"[CQ:image,file=752188679AD304AAFF863BE97500503C.gif,url=https://gchat.qpic.cn/gchatpic_new/596787921/522394334-2385843958-752188679AD304AAFF863BE97500503C/0?vuin=2997400528&amp;term=2]","message_id":2745,"message_type":"group","post_type":"message","raw_message":"[CQ:image,file=752188679AD304AAFF863BE97500503C.gif]","self_id":2997400528,"sender":{"age":24,"area":"漯河","card":"努力超过一百——杨小草","level":"了解群图书馆","nickname":"这样子？","role":"member","sex":"male","title":"","user_id":596787921},"sub_type":"normal","time":1557501715,"user_id":596787921}
[19-05-10 23:22:18] [PicqBotX] [DEBUG(java.lang.Thread.run:748)] 收到新请求: CQHttp/4.8.0
[19-05-10 23:22:18] [PicqBotX] [DEBUG(java.lang.Thread.run:748)] - 数据: {"anonymous":null,"font":8389408,"group_id":556981260,"message":"我一路向北，离开有你的季节","message_id":2746,"message_type":"group","post_type":"message","raw_message":"我一路向北，离开有你的季节","self_id":2997400528,"sender":{"age":0,"area":"石家庄","card":"瓜牛-二笔","level":"波音747","nickname":"明媚阳光","role":"member","sex":"male","title":"一个小蹦哒","user_id":523856782},"sub_type":"normal","time":1557501738,"user_id":523856782}
[19-05-10 23:22:51] [PicqBotX] [DEBUG(java.lang.Thread.run:748)] 收到新请求: CQHttp/4.8.0
[19-05-10 23:22:51] [PicqBotX] [DEBUG(java.lang.Thread.run:748)] - 数据: {"anonymous":null,"font":8388832,"group_id":522394334,"message":"[CQ:image,file=AF4603369A443185988E40F37594733E.jpg,url=https://gchat.qpic.cn/gchatpic_new/596787921/522394334-2167119049-AF4603369A443185988E40F37594733E/0?vuin=2997400528&amp;term=2]\r\n就是mac的这个地方显示不全有啥解决办法吗","message_id":2747,"message_type":"group","post_type":"message","raw_message":"[CQ:image,file=AF4603369A443185988E40F37594733E.jpg]\r\n就是mac的这个地方显示不全有啥解决办法吗","self_id":2997400528,"sender":{"age":24,"area":"漯河","card":"努力超过一百——杨小草","level":"了解群图书馆","nickname":"这样子？","role":"member","sex":"male","title":"","user_id":596787921},"sub_type":"normal","time":1557501771,"user_id":596787921}
[19-05-10 23:22:56] [PicqBotX] [DEBUG(java.lang.Thread.run:748)] 收到新请求: CQHttp/4.8.0
[19-05-10 23:22:56] [PicqBotX] [DEBUG(java.lang.Thread.run:748)] - 数据: {"anonymous":null,"font":8388800,"group_id":522394334,"message":"我感觉我以前5之前都上的挺快的","message_id":2748,"message_type":"group","post_type":"message","raw_message":"我感觉我以前5之前都上的挺快的","self_id":2997400528,"sender":{"age":0,"area":"","card":"风中追风-091","level":"了解群图书馆","nickname":"九思闲人","role":"member","sex":"unknown","title":"","user_id":763401555},"sub_type":"normal","time":1557501776,"user_id":763401555}
[19-05-10 23:23:01] [PicqBotX] [DEBUG(java.lang.Thread.run:748)] 收到新请求: CQHttp/4.8.0
[19-05-10 23:23:01] [PicqBotX] [DEBUG(java.lang.Thread.run:748)] - 数据: {"anonymous":null,"font":8389440,"group_id":522394334,"message":"后面就很慢了","message_id":2749,"message_type":"group","post_type":"message","raw_message":"后面就很慢了","self_id":2997400528,"sender":{"age":0,"area":"","card":"风中追风-091","level":"了解群图书馆","nickname":"九思闲人","role":"member","sex":"unknown","title":"","user_id":763401555},"sub_type":"normal","time":1557501781,"user_id":763401555}
[19-05-10 23:23:07] [PicqBotX] [DEBUG(java.lang.Thread.run:748)] 收到新请求: CQHttp/4.8.0
[19-05-10 23:23:07] [PicqBotX] [DEBUG(java.lang.Thread.run:748)] - 数据: {"anonymous":null,"font":8389248,"group_id":522394334,"message":"就这样了吧....","message_id":2750,"message_type":"group","post_type":"message","raw_message":"就这样了吧....","self_id":2997400528,"sender":{"age":0,"area":"","card":"风中追风-091","level":"了解群图书馆","nickname":"九思闲人","role":"member","sex":"unknown","title":"","user_id":763401555},"sub_type":"normal","time":1557501787,"user_id":763401555}
[19-05-10 23:23:38] [PicqBotX] [DEBUG(java.lang.Thread.run:748)] 收到新请求: CQHttp/4.8.0
[19-05-10 23:23:38] [PicqBotX] [DEBUG(java.lang.Thread.run:748)] - 数据: {"anonymous":null,"font":8389152,"group_id":522394334,"message":"我现在的目标就是打文能上五","message_id":2751,"message_type":"group","post_type":"message","raw_message":"我现在的目标就是打文能上五","self_id":2997400528,"sender":{"age":24,"area":"漯河","card":"努力超过一百——杨小草","level":"了解群图书馆","nickname":"这样子？","role":"member","sex":"male","title":"","user_id":596787921},"sub_type":"normal","time":1557501818,"user_id":596787921}
[19-05-10 23:23:50] [PicqBotX] [DEBUG(java.lang.Thread.run:748)] 收到新请求: CQHttp/4.8.0
[19-05-10 23:23:50] [PicqBotX] [DEBUG(java.lang.Thread.run:748)] - 数据: {"anonymous":null,"font":8389632,"group_id":522394334,"message":"我还能练习一个月的时间","message_id":2752,"message_type":"group","post_type":"message","raw_message":"我还能练习一个月的时间","self_id":2997400528,"sender":{"age":24,"area":"漯河","card":"努力超过一百——杨小草","level":"了解群图书馆","nickname":"这样子？","role":"member","sex":"male","title":"","user_id":596787921},"sub_type":"normal","time":1557501830,"user_id":596787921}
[19-05-10 23:24:41] [PicqBotX] [DEBUG(java.lang.Thread.run:748)] 收到新请求: CQHttp/4.8.0
[19-05-10 23:24:41] [PicqBotX] [DEBUG(java.lang.Thread.run:748)] - 数据: {"anonymous":null,"font":8389472,"group_id":556981260,"message":"#成绩","message_id":2753,"message_type":"group","post_type":"message","raw_message":"#成绩","self_id":2997400528,"sender":{"age":0,"area":"阿拉伯联合酋长国","card":"清风-双拼","level":"死飞单车","nickname":"Cry  不回头","role":"member","sex":"unknown","title":"","user_id":1150646815},"sub_type":"normal","time":1557501881,"user_id":1150646815}
[19-05-10 23:24:44] [PicqBotX] [DEBUG(java.lang.Thread.run:748)] 收到新请求: CQHttp/4.8.0
[19-05-10 23:24:44] [PicqBotX] [DEBUG(java.lang.Thread.run:748)] - 数据: {"anonymous":null,"font":8388800,"group_id":556981260,"message":"[CQ:image,file=B6E1F53D102D8C5BFC185516899B6C68.png,url=https://gchat.qpic.cn/gchatpic_new/207938707/556981260-2412140328-B6E1F53D102D8C5BFC185516899B6C68/0?vuin=2997400528&amp;term=2]","message_id":2754,"message_type":"group","post_type":"message","raw_message":"[CQ:image,file=B6E1F53D102D8C5BFC185516899B6C68.png]","self_id":2997400528,"sender":{"age":6,"area":"北京","card":"","level":"波音747","nickname":"小拆","role":"admin","sex":"female","title":"","user_id":207938707},"sub_type":"normal","time":1557501884,"user_id":207938707}
[19-05-10 23:25:43] [PicqBotX] [DEBUG(java.lang.Thread.run:748)] 收到新请求: CQHttp/4.8.0
[19-05-10 23:25:43] [PicqBotX] [DEBUG(java.lang.Thread.run:748)] - 数据: {"anonymous":null,"font":8388832,"group_id":522394334,"message":"每天多练点应该没啥问题的","message_id":2755,"message_type":"group","post_type":"message","raw_message":"每天多练点应该没啥问题的","self_id":2997400528,"sender":{"age":0,"area":"","card":"风中追风-091","level":"了解群图书馆","nickname":"九思闲人","role":"member","sex":"unknown","title":"","user_id":763401555},"sub_type":"normal","time":1557501943,"user_id":763401555}
[19-05-10 23:26:05] [PicqBotX] [DEBUG(java.lang.Thread.run:748)] 收到新请求: CQHttp/4.8.0
[19-05-10 23:26:05] [PicqBotX] [DEBUG(java.lang.Thread.run:748)] - 数据: {"anonymous":null,"font":8389440,"group_id":522394334,"message":"时间不是很多的啊","message_id":2756,"message_type":"group","post_type":"message","raw_message":"时间不是很多的啊","self_id":2997400528,"sender":{"age":24,"area":"漯河","card":"努力超过一百——杨小草","level":"了解群图书馆","nickname":"这样子？","role":"member","sex":"male","title":"","user_id":596787921},"sub_type":"normal","time":1557501965,"user_id":596787921}
[19-05-10 23:32:54] [PicqBotX] [DEBUG(java.lang.Thread.run:748)] 收到新请求: CQHttp/4.8.0
[19-05-10 23:32:54] [PicqBotX] [DEBUG(java.lang.Thread.run:748)] - 数据: {"group_id":723795668,"notice_type":"group_increase","operator_id":1045865146,"post_type":"notice","self_id":2997400528,"sub_type":"approve","time":1557502376,"user_id":469620205}
[19-05-10 23:36:26] [PicqBotX] [DEBUG(java.lang.Thread.run:748)] 收到新请求: CQHttp/4.8.0
[19-05-10 23:36:26] [PicqBotX] [DEBUG(java.lang.Thread.run:748)] - 数据: {"anonymous":null,"font":8389536,"group_id":522394334,"message":"第999段 速度110.91 击键4.91 码长2.66 标顶理论2.03 文章难度64.13 字数469 回改34 退格28 错字0 键数1246 选重49 键准89.92% 键法97.79%(左486:右497:空格178) 打词率44.33% 选重率10.45% 拖拉机跟打器 版本1.700 Mac OS X版  校验VTVJU_","message_id":2758,"message_type":"group","post_type":"message","raw_message":"第999段 速度110.91 击键4.91 码长2.66 标顶理论2.03 文章难度64.13 字数469 回改34 退格28 错字0 键数1246 选重49 键准89.92% 键法97.79%(左486:右497:空格178) 打词率44.33% 选重率10.45% 拖拉机跟打器 版本1.700 Mac OS X版  校验VTVJU_","self_id":2997400528,"sender":{"age":33,"area":"","card":"国家一级保护废物苏明智-86五笔","level":"中级","nickname":"苏苏","role":"member","sex":"female","title":"","user_id":847628427},"sub_type":"normal","time":1557502585,"user_id":847628427}
[19-05-10 23:37:37] [PicqBotX] [DEBUG(java.lang.Thread.run:748)] 收到新请求: CQHttp/4.8.0
[19-05-10 23:37:37] [PicqBotX] [DEBUG(java.lang.Thread.run:748)] - 数据: {"anonymous":null,"font":8388960,"group_id":556981260,"message":"我有写肉文的经验","message_id":2759,"message_type":"group","post_type":"message","raw_message":"我有写肉文的经验","self_id":2997400528,"sender":{"age":0,"area":"","card":"打字快有用吗？没用－搜狗","level":"新日电动车","nickname":"悄悄看动画片","role":"member","sex":"unknown","title":"","user_id":1164702985},"sub_type":"normal","time":1557502657,"user_id":1164702985}
[19-05-10 23:37:53] [PicqBotX] [DEBUG(java.lang.Thread.run:748)] 收到新请求: CQHttp/4.8.0
[19-05-10 23:37:53] [PicqBotX] [DEBUG(java.lang.Thread.run:748)] - 数据: {"anonymous":null,"font":8389408,"group_id":556981260,"message":"sis发过文","message_id":2760,"message_type":"group","post_type":"message","raw_message":"sis发过文","self_id":2997400528,"sender":{"age":0,"area":"","card":"打字快有用吗？没用－搜狗","level":"新日电动车","nickname":"悄悄看动画片","role":"member","sex":"unknown","title":"","user_id":1164702985},"sub_type":"normal","time":1557502673,"user_id":1164702985}
[19-05-10 23:39:27] [PicqBotX] [DEBUG(java.lang.Thread.run:748)] 收到新请求: CQHttp/4.8.0
[19-05-10 23:39:27] [PicqBotX] [DEBUG(java.lang.Thread.run:748)] - 数据: {"anonymous":null,"font":8388864,"group_id":556981260,"message":"肉文是什么","message_id":2761,"message_type":"group","post_type":"message","raw_message":"肉文是什么","self_id":2997400528,"sender":{"age":30,"area":"南充","card":"江清炎-搜狗双拼","level":"五菱宏光","nickname":"凯文","role":"member","sex":"male","title":"","user_id":3207857938},"sub_type":"normal","time":1557502767,"user_id":3207857938}
[19-05-10 23:39:53] [PicqBotX] [DEBUG(java.lang.Thread.run:748)] 收到新请求: CQHttp/4.8.0
[19-05-10 23:39:53] [PicqBotX] [DEBUG(java.lang.Thread.run:748)] - 数据: {"anonymous":null,"font":8389408,"group_id":556981260,"message":"黄文","message_id":2762,"message_type":"group","post_type":"message","raw_message":"黄文","self_id":2997400528,"sender":{"age":0,"area":"","card":"打字快有用吗？没用－搜狗","level":"新日电动车","nickname":"悄悄看动画片","role":"member","sex":"unknown","title":"","user_id":1164702985},"sub_type":"normal","time":1557502793,"user_id":1164702985}
[19-05-10 23:40:28] [PicqBotX] [DEBUG(java.lang.Thread.run:748)] 收到新请求: CQHttp/4.8.0
[19-05-10 23:40:28] [PicqBotX] [DEBUG(java.lang.Thread.run:748)] - 数据: {"anonymous":null,"font":8389408,"group_id":556981260,"message":"发来看看，或者做成赛文看看好打不？","message_id":2763,"message_type":"group","post_type":"message","raw_message":"发来看看，或者做成赛文看看好打不？","self_id":2997400528,"sender":{"age":30,"area":"南充","card":"江清炎-搜狗双拼","level":"五菱宏光","nickname":"凯文","role":"member","sex":"male","title":"","user_id":3207857938},"sub_type":"normal","time":1557502828,"user_id":3207857938}
[19-05-10 23:40:29] [PicqBotX] [DEBUG(java.lang.Thread.run:748)] 收到新请求: CQHttp/4.8.0
[19-05-10 23:40:29] [PicqBotX] [DEBUG(java.lang.Thread.run:748)] - 数据: {"anonymous":null,"font":8389088,"group_id":556981260,"message":"sis不是恐怖组织吗","message_id":2764,"message_type":"group","post_type":"message","raw_message":"sis不是恐怖组织吗","self_id":2997400528,"sender":{"age":0,"area":"石家庄","card":"瓜牛-二笔","level":"波音747","nickname":"明媚阳光","role":"member","sex":"male","title":"一个小蹦哒","user_id":523856782},"sub_type":"normal","time":1557502829,"user_id":523856782}
[19-05-10 23:40:57] [PicqBotX] [DEBUG(java.lang.Thread.run:748)] 收到新请求: CQHttp/4.8.0
[19-05-10 23:40:57] [PicqBotX] [DEBUG(java.lang.Thread.run:748)] - 数据: {"anonymous":null,"font":8389120,"group_id":556981260,"message":"伊斯兰什么的","message_id":2765,"message_type":"group","post_type":"message","raw_message":"伊斯兰什么的","self_id":2997400528,"sender":{"age":0,"area":"石家庄","card":"瓜牛-二笔","level":"波音747","nickname":"明媚阳光","role":"member","sex":"male","title":"一个小蹦哒","user_id":523856782},"sub_type":"normal","time":1557502857,"user_id":523856782}
[19-05-10 23:41:08] [PicqBotX] [DEBUG(java.lang.Thread.run:748)] 收到新请求: CQHttp/4.8.0
[19-05-10 23:41:08] [PicqBotX] [DEBUG(java.lang.Thread.run:748)] - 数据: {"anonymous":null,"font":8389568,"group_id":556981260,"message":"伊斯兰教","message_id":2766,"message_type":"group","post_type":"message","raw_message":"伊斯兰教","self_id":2997400528,"sender":{"age":30,"area":"南充","card":"江清炎-搜狗双拼","level":"五菱宏光","nickname":"凯文","role":"member","sex":"male","title":"","user_id":3207857938},"sub_type":"normal","time":1557502868,"user_id":3207857938}
[19-05-10 23:41:43] [PicqBotX] [DEBUG(java.lang.Thread.run:748)] 收到新请求: CQHttp/4.8.0
[19-05-10 23:41:43] [PicqBotX] [DEBUG(java.lang.Thread.run:748)] - 数据: {"anonymous":null,"font":8389120,"group_id":556981260,"message":"伊斯兰斯坦国？","message_id":2767,"message_type":"group","post_type":"message","raw_message":"伊斯兰斯坦国？","self_id":2997400528,"sender":{"age":0,"area":"石家庄","card":"瓜牛-二笔","level":"波音747","nickname":"明媚阳光","role":"member","sex":"male","title":"一个小蹦哒","user_id":523856782},"sub_type":"normal","time":1557502903,"user_id":523856782}
[19-05-10 23:42:26] [PicqBotX] [DEBUG(java.lang.Thread.run:748)] 收到新请求: CQHttp/4.8.0
[19-05-10 23:42:26] [PicqBotX] [DEBUG(java.lang.Thread.run:748)] - 数据: {"anonymous":null,"font":8389600,"group_id":556981260,"message":"isis才是","message_id":2768,"message_type":"group","post_type":"message","raw_message":"isis才是","self_id":2997400528,"sender":{"age":0,"area":"","card":"打字快有用吗？没用－搜狗","level":"新日电动车","nickname":"悄悄看动画片","role":"member","sex":"unknown","title":"","user_id":1164702985},"sub_type":"normal","time":1557502946,"user_id":1164702985}
[19-05-10 23:46:27] [PicqBotX] [DEBUG(java.lang.Thread.run:748)] 收到新请求: CQHttp/4.8.0
[19-05-10 23:46:27] [PicqBotX] [DEBUG(java.lang.Thread.run:748)] - 数据: {"anonymous":null,"font":8388800,"group_id":556981260,"message":"sis是sex in sex的意思","message_id":2769,"message_type":"group","post_type":"message","raw_message":"sis是sex in sex的意思","self_id":2997400528,"sender":{"age":0,"area":"","card":"打字快有用吗？没用－搜狗","level":"新日电动车","nickname":"悄悄看动画片","role":"member","sex":"unknown","title":"","user_id":1164702985},"sub_type":"normal","time":1557503187,"user_id":1164702985}
[19-05-10 23:50:06] [PicqBotX] [DEBUG(java.lang.Thread.run:748)] 收到新请求: CQHttp/4.8.0
[19-05-10 23:50:06] [PicqBotX] [DEBUG(java.lang.Thread.run:748)] - 数据: {"anonymous":null,"font":8388960,"group_id":556981260,"message":"大家晚安","message_id":2770,"message_type":"group","post_type":"message","raw_message":"大家晚安","self_id":2997400528,"sender":{"age":0,"area":"","card":"行云-手心输入法双拼","level":"死飞单车","nickname":" 行云","role":"member","sex":"unknown","title":"","user_id":12149065},"sub_type":"normal","time":1557503406,"user_id":12149065}
[19-05-10 23:51:04] [PicqBotX] [DEBUG(java.lang.Thread.run:748)] 收到新请求: CQHttp/4.8.0
[19-05-10 23:51:04] [PicqBotX] [DEBUG(java.lang.Thread.run:748)] - 数据: {"anonymous":null,"font":8389248,"group_id":556981260,"message":"云哥晚安","message_id":2771,"message_type":"group","post_type":"message","raw_message":"云哥晚安","self_id":2997400528,"sender":{"age":0,"area":"广州","card":"无聊-小鹤","level":"新日电动车","nickname":"无聊","role":"member","sex":"male","title":"","user_id":779855010},"sub_type":"normal","time":1557503464,"user_id":779855010}
[19-05-10 23:52:38] [PicqBotX] [DEBUG(java.lang.Thread.run:748)] 收到新请求: CQHttp/4.8.0
[19-05-10 23:52:38] [PicqBotX] [DEBUG(java.lang.Thread.run:748)] - 数据: {"anonymous":null,"font":8388960,"group_id":556981260,"message":"云少爷晚安，孔慈有礼了","message_id":2772,"message_type":"group","post_type":"message","raw_message":"云少爷晚安，孔慈有礼了","self_id":2997400528,"sender":{"age":0,"area":"","card":"打字快有用吗？没用－搜狗","level":"新日电动车","nickname":"悄悄看动画片","role":"member","sex":"unknown","title":"","user_id":1164702985},"sub_type":"normal","time":1557503558,"user_id":1164702985}
[19-05-10 23:53:13] [PicqBotX] [DEBUG(java.lang.Thread.run:748)] 收到新请求: CQHttp/4.8.0
[19-05-10 23:53:13] [PicqBotX] [DEBUG(java.lang.Thread.run:748)] - 数据: {"anonymous":null,"font":8389504,"group_id":522394334,"message":"第1段 速度151.48 击键6.00 码长2.38 标顶理论2.03 文章难度65.00 字数119 回改0 退格2 错字0 键数283 选重15 键准98.59% 键法113.21%(左120:右106:空格47) 打词率41.18% 选重率12.61% 拖拉机跟打器 版本1.700 Mac OS X版  校验VPWJYQ","message_id":2773,"message_type":"group","post_type":"message","raw_message":"第1段 速度151.48 击键6.00 码长2.38 标顶理论2.03 文章难度65.00 字数119 回改0 退格2 错字0 键数283 选重15 键准98.59% 键法113.21%(左120:右106:空格47) 打词率41.18% 选重率12.61% 拖拉机跟打器 版本1.700 Mac OS X版  校验VPWJYQ","self_id":2997400528,"sender":{"age":33,"area":"","card":"国家一级保护废物苏明智-86五笔","level":"中级","nickname":"苏苏","role":"member","sex":"female","title":"","user_id":847628427},"sub_type":"normal","time":1557503593,"user_id":847628427}
[19-05-10 23:53:18] [PicqBotX] [DEBUG(java.lang.Thread.run:748)] 收到新请求: CQHttp/4.8.0
[19-05-10 23:53:18] [PicqBotX] [DEBUG(java.lang.Thread.run:748)] - 数据: {"anonymous":null,"font":8389184,"group_id":522394334,"message":"随机一文　长度200","message_id":2774,"message_type":"group","post_type":"message","raw_message":"随机一文　长度200","self_id":2997400528,"sender":{"age":33,"area":"","card":"国家一级保护废物苏明智-86五笔","level":"中级","nickname":"苏苏","role":"member","sex":"female","title":"","user_id":847628427},"sub_type":"normal","time":1557503598,"user_id":847628427}
[19-05-10 23:53:19] [PicqBotX] [DEBUG(java.lang.Thread.run:748)] 收到新请求: CQHttp/4.8.0
[19-05-10 23:53:19] [PicqBotX] [DEBUG(java.lang.Thread.run:748)] - 数据: {"anonymous":null,"font":8389120,"group_id":522394334,"message":"《角色》散文第1期-作者：史铁生\r\n在电影里，我见过一排十几个也许二十几个刚出生不久的孩子。产科的婴儿室一尘不染，他们都裹在白色的襁褓里一个紧挨一个排成一排，睡着，风在窗外摇动着老树的枝叶但这个世界尚未惊动他们，他们睡得安稳之极，模样大同小异。那时我想：曾经与我紧挨着的那两个孩子是谁呢？（据悉我也是在医院里出生的，想必我也有过这样的时刻和这样的一排最初的伙伴儿。\r\n-----第1段-----","message_id":2775,"message_type":"group","post_type":"message","raw_message":"《角色》散文第1期-作者：史铁生\r\n在电影里，我见过一排十几个也许二十几个刚出生不久的孩子。产科的婴儿室一尘不染，他们都裹在白色的襁褓里一个紧挨一个排成一排，睡着，风在窗外摇动着老树的枝叶但这个世界尚未惊动他们，他们睡得安稳之极，模样大同小异。那时我想：曾经与我紧挨着的那两个孩子是谁呢？（据悉我也是在医院里出生的，想必我也有过这样的时刻和这样的一排最初的伙伴儿。\r\n-----第1段-----","self_id":2997400528,"sender":{"age":1,"area":"","card":"拆小鹤","level":"小白","nickname":"拆小鹤","role":"member","sex":"female","title":"","user_id":428826691},"sub_type":"normal","time":1557503599,"user_id":428826691}
[19-05-10 23:54:51] [PicqBotX] [DEBUG(java.lang.Thread.run:748)] 收到新请求: CQHttp/4.8.0
[19-05-10 23:54:51] [PicqBotX] [DEBUG(java.lang.Thread.run:748)] - 数据: {"anonymous":null,"font":8389152,"group_id":522394334,"message":"第1段 速度117.17 击键5.16 码长2.64 标顶理论2.01 文章难度61.22 字数164 回改11 退格16 错字0 键数433 选重35 键准87.48% 键法113.69%(左191:右168:空格51) 打词率49.71% 选重率21.34% 拖拉机跟打器 版本1.700 Mac OS X版  校验VWZJXP","message_id":2776,"message_type":"group","post_type":"message","raw_message":"第1段 速度117.17 击键5.16 码长2.64 标顶理论2.01 文章难度61.22 字数164 回改11 退格16 错字0 键数433 选重35 键准87.48% 键法113.69%(左191:右168:空格51) 打词率49.71% 选重率21.34% 拖拉机跟打器 版本1.700 Mac OS X版  校验VWZJXP","self_id":2997400528,"sender":{"age":33,"area":"","card":"国家一级保护废物苏明智-86五笔","level":"中级","nickname":"苏苏","role":"member","sex":"female","title":"","user_id":847628427},"sub_type":"normal","time":1557503691,"user_id":847628427}
[19-05-10 23:54:56] [PicqBotX] [DEBUG(java.lang.Thread.run:748)] 收到新请求: CQHttp/4.8.0
[19-05-10 23:54:56] [PicqBotX] [DEBUG(java.lang.Thread.run:748)] - 数据: {"anonymous":null,"font":8389440,"group_id":522394334,"message":"襁褓襁褓襁褓襁褓","message_id":2777,"message_type":"group","post_type":"message","raw_message":"襁褓襁褓襁褓襁褓","self_id":2997400528,"sender":{"age":33,"area":"","card":"国家一级保护废物苏明智-86五笔","level":"中级","nickname":"苏苏","role":"member","sex":"female","title":"","user_id":847628427},"sub_type":"normal","time":1557503696,"user_id":847628427}
[19-05-10 23:55:08] [PicqBotX] [DEBUG(java.lang.Thread.run:748)] 收到新请求: CQHttp/4.8.0
[19-05-10 23:55:08] [PicqBotX] [DEBUG(java.lang.Thread.run:748)] - 数据: {"anonymous":null,"font":8389088,"group_id":522394334,"message":"裹裹裹裹裹裹裹裹","message_id":2778,"message_type":"group","post_type":"message","raw_message":"裹裹裹裹裹裹裹裹","self_id":2997400528,"sender":{"age":33,"area":"","card":"国家一级保护废物苏明智-86五笔","level":"中级","nickname":"苏苏","role":"member","sex":"female","title":"","user_id":847628427},"sub_type":"normal","time":1557503708,"user_id":847628427}
[19-05-10 23:56:36] [PicqBotX] [DEBUG(java.lang.Thread.run:748)] 收到新请求: CQHttp/4.8.0
[19-05-10 23:56:36] [PicqBotX] [DEBUG(java.lang.Thread.run:748)] - 数据: {"anonymous":null,"font":8388864,"group_id":522394334,"message":"第1段 速度140.53 击键5.38 码长2.30 标顶理论2.01 文章难度61.22 字数164 回改8 退格4 错字0 键数377 选重26 键准93.60% 键法123.45%(左179:右145:空格39) 打词率58.72% 选重率15.85% 拖拉机跟打器 版本1.700 Mac OS X版  校验VQVJSV","message_id":2779,"message_type":"group","post_type":"message","raw_message":"第1段 速度140.53 击键5.38 码长2.30 标顶理论2.01 文章难度61.22 字数164 回改8 退格4 错字0 键数377 选重26 键准93.60% 键法123.45%(左179:右145:空格39) 打词率58.72% 选重率15.85% 拖拉机跟打器 版本1.700 Mac OS X版  校验VQVJSV","self_id":2997400528,"sender":{"age":33,"area":"","card":"国家一级保护废物苏明智-86五笔","level":"中级","nickname":"苏苏","role":"member","sex":"female","title":"","user_id":847628427},"sub_type":"normal","time":1557503796,"user_id":847628427}
[19-05-10 23:56:56] [PicqBotX] [DEBUG(java.lang.Thread.run:748)] 收到新请求: CQHttp/4.8.0
[19-05-10 23:56:56] [PicqBotX] [DEBUG(java.lang.Thread.run:748)] - 数据: {"anonymous":null,"font":8389632,"group_id":522394334,"message":"随机一文　长度200","message_id":2780,"message_type":"group","post_type":"message","raw_message":"随机一文　长度200","self_id":2997400528,"sender":{"age":33,"area":"","card":"国家一级保护废物苏明智-86五笔","level":"中级","nickname":"苏苏","role":"member","sex":"female","title":"","user_id":847628427},"sub_type":"normal","time":1557503816,"user_id":847628427}
[19-05-10 23:56:56] [PicqBotX] [DEBUG(java.lang.Thread.run:748)] 收到新请求: CQHttp/4.8.0
[19-05-10 23:56:56] [PicqBotX] [DEBUG(java.lang.Thread.run:748)] - 数据: {"anonymous":null,"font":8389184,"group_id":522394334,"message":"《故乡的食物》散文第1期-作者：汪曾祺\r\n小时读《板桥家书》：“天寒冰冻时暮，穷亲戚朋友到门，先泡一大碗炒米送手中，佐以酱姜一小碟，最是暖老温贫之具”，觉得很亲切。郑板桥是兴化人，我的家乡是高邮，风气相似。这样的感情，是外地人们不易领会的。炒米是各地都有的。但是很多地方都做成了炒米糖。这是很便宜的食品。孩子买了，咯咯地嚼着。四川有“炒米糖开水”，车站码头都有得卖，那是泡着吃的。但四川的炒米糖似也是专业的作坊做的，不像我们那里。\r\n-----第1段-----","message_id":2781,"message_type":"group","post_type":"message","raw_message":"《故乡的食物》散文第1期-作者：汪曾祺\r\n小时读《板桥家书》：“天寒冰冻时暮，穷亲戚朋友到门，先泡一大碗炒米送手中，佐以酱姜一小碟，最是暖老温贫之具”，觉得很亲切。郑板桥是兴化人，我的家乡是高邮，风气相似。这样的感情，是外地人们不易领会的。炒米是各地都有的。但是很多地方都做成了炒米糖。这是很便宜的食品。孩子买了，咯咯地嚼着。四川有“炒米糖开水”，车站码头都有得卖，那是泡着吃的。但四川的炒米糖似也是专业的作坊做的，不像我们那里。\r\n-----第1段-----","self_id":2997400528,"sender":{"age":1,"area":"","card":"拆小鹤","level":"小白","nickname":"拆小鹤","role":"member","sex":"female","title":"","user_id":428826691},"sub_type":"normal","time":1557503816,"user_id":428826691}
[19-05-10 23:58:53] [PicqBotX] [DEBUG(java.lang.Thread.run:748)] 收到新请求: CQHttp/4.8.0
[19-05-10 23:58:53] [PicqBotX] [DEBUG(java.lang.Thread.run:748)] - 数据: {"anonymous":null,"font":8389504,"group_id":522394334,"message":"第1段 速度109.03 击键5.23 码长2.88 标顶理论2.05 文章难度66.02 字数194 回改22 退格12 错字0 键数558 选重40 键准87.47% 键法88.58%(左194:右219:空格89) 打词率23.15% 选重率20.62% 拖拉机跟打器 版本1.700 Mac OS X版  校验VTYJPS","message_id":2782,"message_type":"group","post_type":"message","raw_message":"第1段 速度109.03 击键5.23 码长2.88 标顶理论2.05 文章难度66.02 字数194 回改22 退格12 错字0 键数558 选重40 键准87.47% 键法88.58%(左194:右219:空格89) 打词率23.15% 选重率20.62% 拖拉机跟打器 版本1.700 Mac OS X版  校验VTYJPS","self_id":2997400528,"sender":{"age":33,"area":"","card":"国家一级保护废物苏明智-86五笔","level":"中级","nickname":"苏苏","role":"member","sex":"female","title":"","user_id":847628427},"sub_type":"normal","time":1557503932,"user_id":847628427}
[19-05-11 00:00:24] [PicqBotX] [DEBUG(java.lang.Thread.run:748)] 收到新请求: CQHttp/4.8.0
[19-05-11 00:00:24] [PicqBotX] [DEBUG(java.lang.Thread.run:748)] - 数据: {"anonymous":null,"font":8389024,"group_id":723795668,"message":"[CQ:sign,image=http://pub.idqqimg.com/pc/misc/files/20170727/a08e7baa2ebb46ea9270faa35428695b.jpg,location=北京·航天科工大厦,title=晚安！]","message_id":2783,"message_type":"group","post_type":"message","raw_message":"[CQ:sign,location=北京·航天科工大厦,title=晚安！,image=http://pub.idqqimg.com/pc/misc/files/20170727/a08e7baa2ebb46ea9270faa35428695b.jpg]","self_id":2997400528,"sender":{"age":22,"area":"北京","card":"斯拉雪麦格-小鹤双拼","level":"高手","nickname":"斯拉雪麦格","role":"member","sex":"female","title":"","user_id":791451061},"sub_type":"normal","time":1557504024,"user_id":791451061}
[19-05-11 00:00:49] [PicqBotX] [DEBUG(java.lang.Thread.run:748)] 收到新请求: CQHttp/4.8.0
[19-05-11 00:00:49] [PicqBotX] [DEBUG(java.lang.Thread.run:748)] - 数据: {"anonymous":null,"font":8389504,"group_id":522394334,"message":"第1段 速度117.60 击键4.93 码长2.52 标顶理论2.05 文章难度66.02 字数194 回改8 退格8 错字0 键数488 选重29 键准93.30% 键法85.45%(左182:右213:空格63) 打词率41.58% 选重率14.95% 拖拉机跟打器 版本1.700 Mac OS X版  校验VW&#91;JQR","message_id":2784,"message_type":"group","post_type":"message","raw_message":"第1段 速度117.60 击键4.93 码长2.52 标顶理论2.05 文章难度66.02 字数194 回改8 退格8 错字0 键数488 选重29 键准93.30% 键法85.45%(左182:右213:空格63) 打词率41.58% 选重率14.95% 拖拉机跟打器 版本1.700 Mac OS X版  校验VW&#91;JQR","self_id":2997400528,"sender":{"age":33,"area":"","card":"国家一级保护废物苏明智-86五笔","level":"中级","nickname":"苏苏","role":"member","sex":"female","title":"","user_id":847628427},"sub_type":"normal","time":1557504049,"user_id":847628427}
[19-05-11 00:00:50] [PicqBotX] [DEBUG(java.lang.Thread.run:748)] 收到新请求: CQHttp/4.8.0
[19-05-11 00:00:50] [PicqBotX] [DEBUG(java.lang.Thread.run:748)] - 数据: {"anonymous":null,"font":8389504,"group_id":522394334,"message":"[CQ:sign,image=http://pub.idqqimg.com/pc/misc/files/20170517/e8d0f36b972c47acb9d0b4b6b2d0eef6.png,title=群友们大家晚安]","message_id":2785,"message_type":"group","post_type":"message","raw_message":"[CQ:sign,title=群友们大家晚安,image=http://pub.idqqimg.com/pc/misc/files/20170517/e8d0f36b972c47acb9d0b4b6b2d0eef6.png]","self_id":2997400528,"sender":{"age":24,"area":"漯河","card":"努力超过一百——杨小草","level":"了解群图书馆","nickname":"这样子？","role":"member","sex":"male","title":"","user_id":596787921},"sub_type":"normal","time":1557504050,"user_id":596787921}
[19-05-11 00:01:06] [PicqBotX] [DEBUG(java.lang.Thread.run:748)] 收到新请求: CQHttp/4.8.0
[19-05-11 00:01:06] [PicqBotX] [DEBUG(java.lang.Thread.run:748)] - 数据: {"anonymous":null,"font":8388704,"group_id":522394334,"message":"炒米米米米","message_id":2786,"message_type":"group","post_type":"message","raw_message":"炒米米米米","self_id":2997400528,"sender":{"age":33,"area":"","card":"国家一级保护废物苏明智-86五笔","level":"中级","nickname":"苏苏","role":"member","sex":"female","title":"","user_id":847628427},"sub_type":"normal","time":1557504066,"user_id":847628427}
[19-05-11 00:02:00] [PicqBotX] [DEBUG(java.lang.Thread.run:748)] 收到新请求: CQHttp/4.8.0
[19-05-11 00:02:00] [PicqBotX] [DEBUG(java.lang.Thread.run:748)] - 数据: {"font":8389536,"message":"傻子？","message_id":2787,"message_type":"private","post_type":"message","raw_message":"傻子？","self_id":2997400528,"sender":{"age":8,"nickname":"0 4 . 2 2","sex":"male","user_id":1061917196},"sub_type":"friend","time":1557504120,"user_id":1061917196}
[19-05-11 00:02:04] [PicqBotX] [DEBUG(java.lang.Thread.run:748)] 收到新请求: CQHttp/4.8.0
[19-05-11 00:02:04] [PicqBotX] [DEBUG(java.lang.Thread.run:748)] - 数据: {"font":8388992,"message":"你是傻子？","message_id":2789,"message_type":"private","post_type":"message","raw_message":"你是傻子？","self_id":2997400528,"sender":{"age":8,"nickname":"0 4 . 2 2","sex":"male","user_id":1061917196},"sub_type":"friend","time":1557504124,"user_id":1061917196}
[19-05-11 00:02:16] [PicqBotX] [DEBUG(java.lang.Thread.run:748)] 收到新请求: CQHttp/4.8.0
[19-05-11 00:02:16] [PicqBotX] [DEBUG(java.lang.Thread.run:748)] - 数据: {"font":8389312,"message":"我是谁？","message_id":2791,"message_type":"private","post_type":"message","raw_message":"我是谁？","self_id":2997400528,"sender":{"age":8,"nickname":"0 4 . 2 2","sex":"male","user_id":1061917196},"sub_type":"friend","time":1557504136,"user_id":1061917196}
[19-05-11 00:02:21] [PicqBotX] [DEBUG(java.lang.Thread.run:748)] 收到新请求: CQHttp/4.8.0
[19-05-11 00:02:21] [PicqBotX] [DEBUG(java.lang.Thread.run:748)] - 数据: {"font":8389152,"message":"？","message_id":2793,"message_type":"private","post_type":"message","raw_message":"？","self_id":2997400528,"sender":{"age":8,"nickname":"0 4 . 2 2","sex":"male","user_id":1061917196},"sub_type":"friend","time":1557504141,"user_id":1061917196}
[19-05-11 00:02:33] [PicqBotX] [DEBUG(java.lang.Thread.run:748)] 收到新请求: CQHttp/4.8.0
[19-05-11 00:02:33] [PicqBotX] [DEBUG(java.lang.Thread.run:748)] - 数据: {"font":8388704,"message":"你是我的小心心吗？","message_id":2794,"message_type":"private","post_type":"message","raw_message":"你是我的小心心吗？","self_id":2997400528,"sender":{"age":8,"nickname":"0 4 . 2 2","sex":"male","user_id":1061917196},"sub_type":"friend","time":1557504153,"user_id":1061917196}
[19-05-11 00:03:55] [PicqBotX] [DEBUG(java.lang.Thread.run:748)] 收到新请求: CQHttp/4.8.0
[19-05-11 00:03:55] [PicqBotX] [DEBUG(java.lang.Thread.run:748)] - 数据: {"anonymous":null,"font":8389120,"group_id":556981260,"message":"[CQ:sign,image=http://pub.idqqimg.com/pc/misc/files/20170727/a08e7baa2ebb46ea9270faa35428695b.jpg,location=贵港·周家庄,title=晚安！]","message_id":2796,"message_type":"group","post_type":"message","raw_message":"[CQ:sign,location=贵港·周家庄,title=晚安！,image=http://pub.idqqimg.com/pc/misc/files/20170727/a08e7baa2ebb46ea9270faa35428695b.jpg]","self_id":2997400528,"sender":{"age":32,"area":"贵港","card":"月影叶飘零-QQ五笔","level":"死飞单车","nickname":"月影","role":"member","sex":"male","title":"","user_id":769212420},"sub_type":"normal","time":1557504234,"user_id":769212420}
[19-05-11 00:04:45] [PicqBotX] [DEBUG(java.lang.Thread.run:748)] 收到新请求: CQHttp/4.8.0
[19-05-11 00:04:45] [PicqBotX] [DEBUG(java.lang.Thread.run:748)] - 数据: {"anonymous":null,"font":8389024,"group_id":556981260,"message":"yayau","message_id":2797,"message_type":"group","post_type":"message","raw_message":"yayau","self_id":2997400528,"sender":{"age":0,"area":"","card":"打字快有用吗？没用－搜狗","level":"新日电动车","nickname":"悄悄看动画片","role":"member","sex":"unknown","title":"","user_id":1164702985},"sub_type":"normal","time":1557504285,"user_id":1164702985}
[19-05-11 00:04:56] [PicqBotX] [DEBUG(java.lang.Thread.run:748)] 收到新请求: CQHttp/4.8.0
[19-05-11 00:04:56] [PicqBotX] [DEBUG(java.lang.Thread.run:748)] - 数据: {"anonymous":null,"font":8388864,"group_id":556981260,"message":"又被你抢先了","message_id":2798,"message_type":"group","post_type":"message","raw_message":"又被你抢先了","self_id":2997400528,"sender":{"age":0,"area":"","card":"打字快有用吗？没用－搜狗","level":"新日电动车","nickname":"悄悄看动画片","role":"member","sex":"unknown","title":"","user_id":1164702985},"sub_type":"normal","time":1557504296,"user_id":1164702985}
[19-05-11 00:05:07] [PicqBotX] [DEBUG(java.lang.Thread.run:748)] 收到新请求: CQHttp/4.8.0
[19-05-11 00:05:07] [PicqBotX] [DEBUG(java.lang.Thread.run:748)] - 数据: {"anonymous":null,"font":8389120,"group_id":556981260,"message":"[CQ:sign,image=http://pub.idqqimg.com/pc/misc/files/20170510/628b621c9c0a46d79ff1fea9f66ab1dd.jpg,location=晋中·榆次工业园区,title=我一直都在流浪]","message_id":2799,"message_type":"group","post_type":"message","raw_message":"[CQ:sign,location=晋中·榆次工业园区,title=我一直都在流浪,image=http://pub.idqqimg.com/pc/misc/files/20170510/628b621c9c0a46d79ff1fea9f66ab1dd.jpg]","self_id":2997400528,"sender":{"age":0,"area":"","card":"打字快有用吗？没用－搜狗","level":"新日电动车","nickname":"悄悄看动画片","role":"member","sex":"unknown","title":"","user_id":1164702985},"sub_type":"normal","time":1557504307,"user_id":1164702985}
[19-05-11 00:05:20] [PicqBotX] [DEBUG(java.lang.Thread.run:748)] 收到新请求: CQHttp/4.8.0
[19-05-11 00:05:20] [PicqBotX] [DEBUG(java.lang.Thread.run:748)] - 数据: {"anonymous":null,"font":8388704,"group_id":556981260,"message":"第1段 速度96.96 击键4.72 码长2.92 回改106 错字0 键数2449 退格44 键准86.4% 字数839 &#91;婚姻&#93;13.45s 打词263(69.85%/4.68) &#91;伟&#93;2次 起步156.53/7.08/2.71 重打5次(540字) 波动3.18 键法39.02%(左899:1405) 评分：[CQ:image,file=D021CCA9F711C64962C127BED259B8AD.png,url=https://gchat.qpic.cn/gchatpic_new/12149065/556981260-2467003366-D021CCA9F711C64962C127BED259B8AD/0?vuin=2997400528&amp;term=2]  输入法：手心 y16","message_id":2800,"message_type":"group","post_type":"message","raw_message":"第1段 速度96.96 击键4.72 码长2.92 回改106 错字0 键数2449 退格44 键准86.4% 字数839 &#91;婚姻&#93;13.45s 打词263(69.85%/4.68) &#91;伟&#93;2次 起步156.53/7.08/2.71 重打5次(540字) 波动3.18 键法39.02%(左899:1405) 评分：[CQ:image,file=D021CCA9F711C64962C127BED259B8AD.png]  输入法：手心 y16","self_id":2997400528,"sender":{"age":0,"area":"","card":"行云-手心输入法双拼","level":"死飞单车","nickname":" 行云","role":"member","sex":"unknown","title":"","user_id":12149065},"sub_type":"normal","time":1557504320,"user_id":12149065}
[19-05-11 00:13:39] [PicqBotX] [DEBUG(java.lang.Thread.run:748)] 收到新请求: CQHttp/4.8.0
[19-05-11 00:13:39] [PicqBotX] [DEBUG(java.lang.Thread.run:748)] - 数据: {"anonymous":null,"font":8388896,"group_id":556981260,"message":"第1段 速度105.63 击键4.91 码长2.79 回改78 错字0 键数2340 退格44 键准90.56% 字数839 &#91;会和&#93;15.52s 打词275(72.94%/4.96) &#91;轻&#93;3次 起步159.31/7.21/2.71 重打8次(1388字) 波动2.78 键法38.95%(左867:1359) 评分：[CQ:image,file=5269A6F2958DA608E80533A514DFA95C.png,url=https://gchat.qpic.cn/gchatpic_new/12149065/556981260-2257681426-5269A6F2958DA608E80533A514DFA95C/0?vuin=2997400528&amp;term=2]  输入法：手心 y16","message_id":2801,"message_type":"group","post_type":"message","raw_message":"第1段 速度105.63 击键4.91 码长2.79 回改78 错字0 键数2340 退格44 键准90.56% 字数839 &#91;会和&#93;15.52s 打词275(72.94%/4.96) &#91;轻&#93;3次 起步159.31/7.21/2.71 重打8次(1388字) 波动2.78 键法38.95%(左867:1359) 评分：[CQ:image,file=5269A6F2958DA608E80533A514DFA95C.png]  输入法：手心 y16","self_id":2997400528,"sender":{"age":0,"area":"","card":"行云-手心输入法双拼","level":"死飞单车","nickname":" 行云","role":"member","sex":"unknown","title":"","user_id":12149065},"sub_type":"normal","time":1557504819,"user_id":12149065}
[19-05-11 00:20:18] [PicqBotX] [DEBUG(java.lang.Thread.run:748)] 收到新请求: CQHttp/4.8.0
[19-05-11 00:20:18] [PicqBotX] [DEBUG(java.lang.Thread.run:748)] - 数据: {"anonymous":null,"font":8388800,"group_id":556981260,"message":"不愧是麒麟臂云少爷","message_id":2802,"message_type":"group","post_type":"message","raw_message":"不愧是麒麟臂云少爷","self_id":2997400528,"sender":{"age":0,"area":"","card":"打字快有用吗？没用－搜狗","level":"新日电动车","nickname":"悄悄看动画片","role":"member","sex":"unknown","title":"","user_id":1164702985},"sub_type":"normal","time":1557505218,"user_id":1164702985}
[19-05-11 00:20:30] [PicqBotX] [DEBUG(java.lang.Thread.run:748)] 收到新请求: CQHttp/4.8.0
[19-05-11 00:20:30] [PicqBotX] [DEBUG(java.lang.Thread.run:748)] - 数据: {"anonymous":null,"font":8388832,"group_id":556981260,"message":"这么晚了还不休","message_id":2803,"message_type":"group","post_type":"message","raw_message":"这么晚了还不休","self_id":2997400528,"sender":{"age":0,"area":"","card":"打字快有用吗？没用－搜狗","level":"新日电动车","nickname":"悄悄看动画片","role":"member","sex":"unknown","title":"","user_id":1164702985},"sub_type":"normal","time":1557505230,"user_id":1164702985}
[19-05-11 00:23:04] [PicqBotX] [DEBUG(java.lang.Thread.run:748)] 收到新请求: CQHttp/4.8.0
[19-05-11 00:23:04] [PicqBotX] [DEBUG(java.lang.Thread.run:748)] - 数据: {"anonymous":null,"font":8388800,"group_id":556981260,"message":"第1段 速度96.73 击键4.67 码长2.90 回改96 错字0 键数2430 退格52 键准88.81% 字数839 &#91;多包容&#93;16.36s 打词270(71.99%/4.55) &#91;会&#93;2次 起步147.30/6.27/2.56 重打10次(2229字) 波动3.93 键法39.42%(左904:1389) 评分：[CQ:image,file=C5A44B215B7900307014D0B847C8A7A6.png,url=https://gchat.qpic.cn/gchatpic_new/12149065/556981260-2151746756-C5A44B215B7900307014D0B847C8A7A6/0?vuin=2997400528&amp;term=2]  输入法：手心 y16","message_id":2804,"message_type":"group","post_type":"message","raw_message":"第1段 速度96.73 击键4.67 码长2.90 回改96 错字0 键数2430 退格52 键准88.81% 字数839 &#91;多包容&#93;16.36s 打词270(71.99%/4.55) &#91;会&#93;2次 起步147.30/6.27/2.56 重打10次(2229字) 波动3.93 键法39.42%(左904:1389) 评分：[CQ:image,file=C5A44B215B7900307014D0B847C8A7A6.png]  输入法：手心 y16","self_id":2997400528,"sender":{"age":0,"area":"","card":"行云-手心输入法双拼","level":"死飞单车","nickname":" 行云","role":"member","sex":"unknown","title":"","user_id":12149065},"sub_type":"normal","time":1557505384,"user_id":12149065}
[19-05-11 00:24:05] [PicqBotX] [DEBUG(java.lang.Thread.run:748)] 收到新请求: CQHttp/4.8.0
[19-05-11 00:24:05] [PicqBotX] [DEBUG(java.lang.Thread.run:748)] - 数据: {"anonymous":null,"font":8388896,"group_id":556981260,"message":"#赛文","message_id":2805,"message_type":"group","post_type":"message","raw_message":"#赛文","self_id":2997400528,"sender":{"age":7,"area":"阿鲁巴","card":"迈克赵丹-86","level":"死飞单车","nickname":"Tremendousmaking","role":"member","sex":"male","title":"","user_id":1823418845},"sub_type":"normal","time":1557505444,"user_id":1823418845}
[19-05-11 00:24:06] [PicqBotX] [DEBUG(java.lang.Thread.run:748)] 收到新请求: CQHttp/4.8.0
[19-05-11 00:24:06] [PicqBotX] [DEBUG(java.lang.Thread.run:748)] - 数据: {"anonymous":null,"font":8389536,"group_id":556981260,"message":"我的世界树4第1127期-灰制作\r\n但让我一直在想的却不是这件事。而是这件事后，我看到的一些有趣的东西，算是……某些人自说自话的东西吧。始终有类似这样的言论，诸如：1、作者其实不该正式参与到这类事情中来的，这样影响了他的写书；2、作者被他那朋友蒙蔽了，失去了理智；3、作者打击盗贴，就是为了钱，太贪婪；4、作者有一天一定会后悔，他因为这个事情失去了成绩，失去了收入。老实说，每次看到这样的言论，我都觉得自己受到了侮辱，我反倒不为其他的事情事情，不为那些人说憎恨我而生气，因为觉得被我敌视而憎恨我的，他们迟早看不下我的书。我感到生气的是，我在那些帖子里那样明确地表达了我的立场，为什么有许多人视而不见呢。因为之前已经在论坛混过好几年，其实从发帖开始，我就大概能预见最后的结果。老实说，我从不指望自己能解决盗贴问题什么的，诚如许多人所说，盗贴千千万万，哪里都有。可我决不能忍受一种趋势，就是盗贴为作者好，有了这种趋势，所有人都心安理得了，一个不对的东西就会壮大。我在帖子里无比明确地表达了立场，传递出“这个是不对的”的态度之后，到后来却有许多人无法理解我。文人一定要有立场。到后来我看见一件很好的事情，结果非常理想，有人赞我也好，恨我也好，扭曲我也好，没有人在说“我看盗贴，帮了作者很大忙”，有人说“我看你不爽，我就要看盗贴，我去订阅别人的正版，就看你的盗贴。”\r\n-----第999段-1200S-561Z-3L-a520ed6dV--c.sw.1.1","message_id":2806,"message_type":"group","post_type":"message","raw_message":"我的世界树4第1127期-灰制作\r\n但让我一直在想的却不是这件事。而是这件事后，我看到的一些有趣的东西，算是……某些人自说自话的东西吧。始终有类似这样的言论，诸如：1、作者其实不该正式参与到这类事情中来的，这样影响了他的写书；2、作者被他那朋友蒙蔽了，失去了理智；3、作者打击盗贴，就是为了钱，太贪婪；4、作者有一天一定会后悔，他因为这个事情失去了成绩，失去了收入。老实说，每次看到这样的言论，我都觉得自己受到了侮辱，我反倒不为其他的事情事情，不为那些人说憎恨我而生气，因为觉得被我敌视而憎恨我的，他们迟早看不下我的书。我感到生气的是，我在那些帖子里那样明确地表达了我的立场，为什么有许多人视而不见呢。因为之前已经在论坛混过好几年，其实从发帖开始，我就大概能预见最后的结果。老实说，我从不指望自己能解决盗贴问题什么的，诚如许多人所说，盗贴千千万万，哪里都有。可我决不能忍受一种趋势，就是盗贴为作者好，有了这种趋势，所有人都心安理得了，一个不对的东西就会壮大。我在帖子里无比明确地表达了立场，传递出“这个是不对的”的态度之后，到后来却有许多人无法理解我。文人一定要有立场。到后来我看见一件很好的事情，结果非常理想，有人赞我也好，恨我也好，扭曲我也好，没有人在说“我看盗贴，帮了作者很大忙”，有人说“我看你不爽，我就要看盗贴，我去订阅别人的正版，就看你的盗贴。”\r\n-----第999段-1200S-561Z-3L-a520ed6dV--c.sw.1.1","self_id":2997400528,"sender":{"age":6,"area":"北京","card":"","level":"波音747","nickname":"小拆","role":"admin","sex":"female","title":"","user_id":207938707},"sub_type":"normal","time":1557505446,"user_id":207938707}
[19-05-11 00:27:26] [PicqBotX] [DEBUG(java.lang.Thread.run:748)] 收到新请求: CQHttp/4.8.0
