[19-05-11 00:28:47] [PicqBotX] [INFO] 
[19-05-11 00:28:47] [PicqBotX] [INFO]     ____  _            ____        __ _  __
[19-05-11 00:28:47] [PicqBotX] [INFO]    / __ \(_)________ _/ __ )____  / /| |/ /
[19-05-11 00:28:47] [PicqBotX] [INFO]   / /_/ / / ___/ __ `/ __  / __ \/ __/   /
[19-05-11 00:28:47] [PicqBotX] [INFO]  / ____/ / /__/ /_/ / /_/ / /_/ / /_/   |
[19-05-11 00:28:47] [PicqBotX] [INFO] /_/   /_/\___/\__, /_____/\____/\__/_/|_|
[19-05-11 00:28:47] [PicqBotX] [INFO]                 /_/         v3.2.2.896
[19-05-11 00:28:47] [PicqBotX] [INFO] 日志管理器     初始化完成 [******] ...(26.84 ms)
[19-05-11 00:28:47] [PicqBotX] [INFO] 缓存管理器     初始化完成 [******] ...(1.68 ms)
[19-05-11 00:28:47] [PicqBotX] [INFO] DEBUG设置     初始化完成 [******] ...(0.0 ms)
[19-05-11 00:28:47] [PicqBotX] [INFO] 事件管理器     初始化完成 [******] ...(26.67 ms)
[19-05-11 00:28:47] [PicqBotX] [INFO] 账号管理器     初始化完成 [******] ...(1.11 ms)
[19-05-11 00:28:47] [PicqBotX] [INFO] HTTP监听服务器 初始化完成 [******] ...(1.64 ms)
[19-05-11 00:28:47] [PicqBotX] [INFO] 指令管理器     初始化完成 [******] ...(4.02 ms)
[19-05-11 00:28:47] [PicqBotX] [WARNING] 账号 Bot01: 版本正确, 不过用酷Q Pro的话效果更好哦!
[19-05-11 00:28:47] [PicqBotX] [INFO] 账号 Bot01:   版本验证完成!
[19-05-11 00:28:47] [PicqBotX] [INFO] 正在启动...
[19-05-11 00:28:55] [PicqBotX] [DEBUG(java.lang.Thread.run:748)] 收到新请求: CQHttp/4.8.0
[19-05-11 00:28:55] [PicqBotX] [DEBUG(java.lang.Thread.run:748)] - 数据: {"font":8388992,"message":"你在干嘛？","message_id":2808,"message_type":"private","post_type":"message","raw_message":"你在干嘛？","self_id":2997400528,"sender":{"age":8,"nickname":"0 4 . 2 2","sex":"male","user_id":1061917196},"sub_type":"friend","time":1557505735,"user_id":1061917196}
[19-05-11 00:29:05] [PicqBotX] [DEBUG(java.lang.Thread.run:748)] 收到新请求: CQHttp/4.8.0
[19-05-11 00:29:05] [PicqBotX] [DEBUG(java.lang.Thread.run:748)] - 数据: {"font":8389472,"message":"你好可爱？","message_id":2810,"message_type":"private","post_type":"message","raw_message":"你好可爱？","self_id":2997400528,"sender":{"age":8,"nickname":"0 4 . 2 2","sex":"male","user_id":1061917196},"sub_type":"friend","time":1557505745,"user_id":1061917196}
[19-05-11 00:29:07] [PicqBotX] [DEBUG(java.lang.Thread.run:748)] 收到新请求: CQHttp/4.8.0
[19-05-11 00:29:07] [PicqBotX] [DEBUG(java.lang.Thread.run:748)] - 数据: {"font":8389696,"message":"你好可爱！","message_id":2812,"message_type":"private","post_type":"message","raw_message":"你好可爱！","self_id":2997400528,"sender":{"age":8,"nickname":"0 4 . 2 2","sex":"male","user_id":1061917196},"sub_type":"friend","time":1557505747,"user_id":1061917196}
[19-05-11 00:29:37] [PicqBotX] [DEBUG(java.lang.Thread.run:748)] 收到新请求: CQHttp/4.8.0
