[19-05-06 23:14:34] [PicqBotX] [INFO] 
[19-05-06 23:14:34] [PicqBotX] [INFO]     ____  _            ____        __ _  __
[19-05-06 23:14:34] [PicqBotX] [INFO]    / __ \(_)________ _/ __ )____  / /| |/ /
[19-05-06 23:14:34] [PicqBotX] [INFO]   / /_/ / / ___/ __ `/ __  / __ \/ __/   /
[19-05-06 23:14:34] [PicqBotX] [INFO]  / ____/ / /__/ /_/ / /_/ / /_/ / /_/   |
[19-05-06 23:14:34] [PicqBotX] [INFO] /_/   /_/\___/\__, /_____/\____/\__/_/|_|
[19-05-06 23:14:34] [PicqBotX] [INFO]                 /_/         v3.2.2.896
[19-05-06 23:14:34] [PicqBotX] [INFO] 日志管理器     初始化完成 [******] ...(26.87 ms)
[19-05-06 23:14:34] [PicqBotX] [INFO] 缓存管理器     初始化完成 [******] ...(1.18 ms)
[19-05-06 23:14:34] [PicqBotX] [INFO] DEBUG设置     初始化完成 [******] ...(0.01 ms)
[19-05-06 23:14:34] [PicqBotX] [INFO] 事件管理器     初始化完成 [******] ...(28.35 ms)
[19-05-06 23:14:34] [PicqBotX] [INFO] 账号管理器     初始化完成 [******] ...(0.99 ms)
[19-05-06 23:14:34] [PicqBotX] [INFO] HTTP监听服务器 初始化完成 [******] ...(1.23 ms)
[19-05-06 23:14:34] [PicqBotX] [INFO] 指令管理器     初始化完成 [******] ...(3.86 ms)
[19-05-06 23:14:34] [PicqBotX] [WARNING] 账号 Bot01: 版本正确, 不过用酷Q Pro的话效果更好哦!
[19-05-06 23:14:34] [PicqBotX] [INFO] 账号 Bot01:   版本验证完成!
[19-05-06 23:14:34] [PicqBotX] [INFO] 正在启动...
[19-05-06 23:14:38] [PicqBotX] [DEBUG(java.lang.Thread.run:748)] 收到新请求: CQHttp/4.8.0
[19-05-06 23:14:38] [PicqBotX] [DEBUG(java.lang.Thread.run:748)] - 数据: {"font":8663832,"message":"12","message_id":1322,"message_type":"private","post_type":"message","raw_message":"12","self_id":2997400528,"sender":{"age":8,"nickname":"0 4 . 2 2","sex":"male","user_id":1061917196},"sub_type":"friend","time":1557155678,"user_id":1061917196}
[19-05-06 23:14:41] [PicqBotX] [DEBUG(java.lang.Thread.run:748)] 收到新请求: CQHttp/4.8.0
[19-05-06 23:14:41] [PicqBotX] [DEBUG(java.lang.Thread.run:748)] - 数据: {"font":8663832,"message":"你好","message_id":1323,"message_type":"private","post_type":"message","raw_message":"你好","self_id":2997400528,"sender":{"age":8,"nickname":"0 4 . 2 2","sex":"male","user_id":1061917196},"sub_type":"friend","time":1557155681,"user_id":1061917196}
[19-05-06 23:14:53] [PicqBotX] [DEBUG(java.lang.Thread.run:748)] 收到新请求: CQHttp/4.8.0
[19-05-06 23:14:53] [PicqBotX] [DEBUG(java.lang.Thread.run:748)] - 数据: {"anonymous":null,"font":8664152,"group_id":522394334,"message":"第999段 速度205.94 击键6.68 码长1.95 标顶理论1.00 文章难度100.00 字数389 回改1 退格1 错字0 键数757 选重22 键准99.60% 键法120.76%(左349:右289:空格107) 打词率73.33% 选重率5.66% 拖拉机跟打器 版本1.601 Windows 10版  校验UTZJTP","message_id":1325,"message_type":"group","post_type":"message","raw_message":"第999段 速度205.94 击键6.68 码长1.95 标顶理论1.00 文章难度100.00 字数389 回改1 退格1 错字0 键数757 选重22 键准99.60% 键法120.76%(左349:右289:空格107) 打词率73.33% 选重率5.66% 拖拉机跟打器 版本1.601 Windows 10版  校验UTZJTP","self_id":2997400528,"sender":{"age":22,"area":"","card":"哀-091","level":"入门","nickname":"哀","role":"member","sex":"male","title":"","user_id":1452940959},"sub_type":"normal","time":1557155693,"user_id":1452940959}
[19-05-06 23:15:00] [PicqBotX] [DEBUG(java.lang.Thread.run:748)] 收到新请求: CQHttp/4.8.0
[19-05-06 23:15:00] [PicqBotX] [DEBUG(java.lang.Thread.run:748)] - 数据: {"anonymous":null,"font":8664312,"group_id":522394334,"message":"妈的，又是回改1，退格1.","message_id":1326,"message_type":"group","post_type":"message","raw_message":"妈的，又是回改1，退格1.","self_id":2997400528,"sender":{"age":22,"area":"","card":"哀-091","level":"入门","nickname":"哀","role":"member","sex":"male","title":"","user_id":1452940959},"sub_type":"normal","time":1557155700,"user_id":1452940959}
[19-05-06 23:15:28] [PicqBotX] [DEBUG(java.lang.Thread.run:748)] 收到新请求: CQHttp/4.8.0
[19-05-06 23:15:28] [PicqBotX] [DEBUG(java.lang.Thread.run:748)] - 数据: {"anonymous":null,"font":8663608,"group_id":556981260,"message":"被劫持了","message_id":1327,"message_type":"group","post_type":"message","raw_message":"被劫持了","self_id":2997400528,"sender":{"age":0,"area":"","card":"打字快没用吗？有用 - 键道","level":"死飞单车","nickname":"青 铜","role":"member","sex":"unknown","title":"","user_id":949402006},"sub_type":"normal","time":1557155728,"user_id":949402006}
[19-05-06 23:15:43] [PicqBotX] [DEBUG(java.lang.Thread.run:748)] 收到新请求: CQHttp/4.8.0
[19-05-06 23:15:43] [PicqBotX] [DEBUG(java.lang.Thread.run:748)] - 数据: {"anonymous":null,"font":8663832,"group_id":522394334,"message":"第999段 速度60.78 击键0.88 码长0.87 字数389 时间06:23 回改38 回车0 重打0 打词61.86% 峰值81.82 校检:c827e 极速云跟打手机版v0.11","message_id":1328,"message_type":"group","post_type":"message","raw_message":"第999段 速度60.78 击键0.88 码长0.87 字数389 时间06:23 回改38 回车0 重打0 打词61.86% 峰值81.82 校检:c827e 极速云跟打手机版v0.11","self_id":2997400528,"sender":{"age":0,"area":"","card":"白焕-鹤形","level":"中级","nickname":"杂色゛","role":"member","sex":"unknown","title":"","user_id":2524098743},"sub_type":"normal","time":1557155743,"user_id":2524098743}
[19-05-06 23:15:48] [PicqBotX] [DEBUG(java.lang.Thread.run:748)] 收到新请求: CQHttp/4.8.0
[19-05-06 23:15:48] [PicqBotX] [DEBUG(java.lang.Thread.run:748)] - 数据: {"anonymous":null,"font":8664152,"group_id":522394334,"message":"emmm","message_id":1329,"message_type":"group","post_type":"message","raw_message":"emmm","self_id":2997400528,"sender":{"age":0,"area":"","card":"白焕-鹤形","level":"中级","nickname":"杂色゛","role":"member","sex":"unknown","title":"","user_id":2524098743},"sub_type":"normal","time":1557155748,"user_id":2524098743}
[19-05-06 23:15:53] [PicqBotX] [DEBUG(java.lang.Thread.run:748)] 收到新请求: CQHttp/4.8.0
[19-05-06 23:15:53] [PicqBotX] [DEBUG(java.lang.Thread.run:748)] - 数据: {"anonymous":null,"font":8664312,"group_id":522394334,"message":"#成绩","message_id":1330,"message_type":"group","post_type":"message","raw_message":"#成绩","self_id":2997400528,"sender":{"age":0,"area":"","card":"白焕-鹤形","level":"中级","nickname":"杂色゛","role":"member","sex":"unknown","title":"","user_id":2524098743},"sub_type":"normal","time":1557155753,"user_id":2524098743}
[19-05-06 23:15:56] [PicqBotX] [DEBUG(java.lang.Thread.run:748)] 收到新请求: CQHttp/4.8.0
[19-05-06 23:15:56] [PicqBotX] [DEBUG(java.lang.Thread.run:748)] - 数据: {"anonymous":null,"font":8663608,"group_id":522394334,"message":"[CQ:image,file=6B1955438D34FFF29F5C89C67AFCF711.png,url=https://gchat.qpic.cn/gchatpic_new/207938707/522394334-2299819938-6B1955438D34FFF29F5C89C67AFCF711/0?vuin=2997400528&amp;term=2]","message_id":1331,"message_type":"group","post_type":"message","raw_message":"[CQ:image,file=6B1955438D34FFF29F5C89C67AFCF711.png]","self_id":2997400528,"sender":{"age":6,"area":"北京","card":"","level":"小白","nickname":"小拆","role":"member","sex":"female","title":"","user_id":207938707},"sub_type":"normal","time":1557155756,"user_id":207938707}
[19-05-06 23:15:59] [PicqBotX] [DEBUG(java.lang.Thread.run:748)] 收到新请求: CQHttp/4.8.0
[19-05-06 23:15:59] [PicqBotX] [DEBUG(java.lang.Thread.run:748)] - 数据: {"anonymous":null,"font":8664248,"group_id":522394334,"message":"感觉能更快","message_id":1332,"message_type":"group","post_type":"message","raw_message":"感觉能更快","self_id":2997400528,"sender":{"age":0,"area":"","card":"白焕-鹤形","level":"中级","nickname":"杂色゛","role":"member","sex":"unknown","title":"","user_id":2524098743},"sub_type":"normal","time":1557155759,"user_id":2524098743}
[19-05-06 23:16:25] [PicqBotX] [DEBUG(java.lang.Thread.run:748)] 收到新请求: CQHttp/4.8.0
[19-05-06 23:16:25] [PicqBotX] [DEBUG(java.lang.Thread.run:748)] - 数据: {"anonymous":null,"font":8663832,"group_id":522394334,"message":"我什么时候四级了","message_id":1333,"message_type":"group","post_type":"message","raw_message":"我什么时候四级了","self_id":2997400528,"sender":{"age":0,"area":"","card":"白焕-鹤形","level":"中级","nickname":"杂色゛","role":"member","sex":"unknown","title":"","user_id":2524098743},"sub_type":"normal","time":1557155785,"user_id":2524098743}
[19-05-06 23:17:00] [PicqBotX] [DEBUG(java.lang.Thread.run:748)] 收到新请求: CQHttp/4.8.0
[19-05-06 23:17:00] [PicqBotX] [DEBUG(java.lang.Thread.run:748)] - 数据: {"anonymous":null,"font":8663896,"group_id":522394334,"message":"不经意之间","message_id":1334,"message_type":"group","post_type":"message","raw_message":"不经意之间","self_id":2997400528,"sender":{"age":0,"area":"广州","card":"无聊-小鹤音形","level":"中级","nickname":"无聊","role":"member","sex":"male","title":"","user_id":779855010},"sub_type":"normal","time":1557155820,"user_id":779855010}
[19-05-06 23:17:41] [PicqBotX] [DEBUG(java.lang.Thread.run:748)] 收到新请求: CQHttp/4.8.0
