[19-05-15 12:13:57] [PicqBotX] [INFO] 
[19-05-15 12:13:57] [PicqBotX] [INFO]     ____  _            ____        __ _  __
[19-05-15 12:13:57] [PicqBotX] [INFO]    / __ \(_)________ _/ __ )____  / /| |/ /
[19-05-15 12:13:57] [PicqBotX] [INFO]   / /_/ / / ___/ __ `/ __  / __ \/ __/   /
[19-05-15 12:13:57] [PicqBotX] [INFO]  / ____/ / /__/ /_/ / /_/ / /_/ / /_/   |
[19-05-15 12:13:57] [PicqBotX] [INFO] /_/   /_/\___/\__, /_____/\____/\__/_/|_|
[19-05-15 12:13:57] [PicqBotX] [INFO]                 /_/         v3.2.2.896
[19-05-15 12:13:57] [PicqBotX] [INFO] 日志管理器     初始化完成 [******] ...(28.79 ms)
[19-05-15 12:13:57] [PicqBotX] [INFO] 缓存管理器     初始化完成 [******] ...(2.1 ms)
[19-05-15 12:13:57] [PicqBotX] [INFO] DEBUG设置     初始化完成 [******] ...(0.01 ms)
[19-05-15 12:13:57] [PicqBotX] [INFO] 事件管理器     初始化完成 [******] ...(33.33 ms)
[19-05-15 12:13:57] [PicqBotX] [INFO] 账号管理器     初始化完成 [******] ...(0.8 ms)
[19-05-15 12:13:57] [PicqBotX] [INFO] HTTP监听服务器 初始化完成 [******] ...(1.73 ms)
[19-05-15 12:13:57] [PicqBotX] [INFO] 指令管理器     初始化完成 [******] ...(3.01 ms)
[19-05-15 12:13:57] [PicqBotX] [WARNING] 账号 Bot01: 版本正确, 不过用酷Q Pro的话效果更好哦!
[19-05-15 12:13:57] [PicqBotX] [INFO] 账号 Bot01:   版本验证完成!
[19-05-15 12:13:57] [PicqBotX] [INFO] 正在启动...
[19-05-15 12:14:03] [PicqBotX] [DEBUG(java.lang.Thread.run:748)] 收到新请求: CQHttp/4.8.0
[19-05-15 12:14:03] [PicqBotX] [DEBUG(java.lang.Thread.run:748)] - 数据: {"anonymous":null,"font":6235552,"group_id":556981260,"message":"#成绩首打","message_id":11088,"message_type":"group","post_type":"message","raw_message":"#成绩首打","self_id":2997400528,"sender":{"age":0,"area":"","card":"空白―星二","level":"死飞单车","nickname":"","role":"member","sex":"unknown","title":"","user_id":29141847},"sub_type":"normal","time":1557893643,"user_id":29141847}
[19-05-15 12:14:05] [PicqBotX] [DEBUG(java.lang.Thread.run:748)] 收到新请求: CQHttp/4.8.0
[19-05-15 12:14:05] [PicqBotX] [DEBUG(java.lang.Thread.run:748)] - 数据: {"anonymous":null,"font":6235008,"group_id":556981260,"message":"[CQ:image,file=A9ED39EAD1A63ECBEE79957EA5FD37EC.png,url=https://gchat.qpic.cn/gchatpic_new/207938707/556981260-2624610391-A9ED39EAD1A63ECBEE79957EA5FD37EC/0?vuin=2997400528&amp;term=2]","message_id":11089,"message_type":"group","post_type":"message","raw_message":"[CQ:image,file=A9ED39EAD1A63ECBEE79957EA5FD37EC.png]","self_id":2997400528,"sender":{"age":6,"area":"北京","card":"","level":"波音747","nickname":"小拆","role":"admin","sex":"female","title":"","user_id":207938707},"sub_type":"normal","time":1557893645,"user_id":207938707}
[19-05-15 12:14:05] [PicqBotX] [DEBUG(java.lang.Thread.run:748)] 收到新请求: CQHttp/4.8.0
[19-05-15 12:14:05] [PicqBotX] [DEBUG(java.lang.Thread.run:748)] - 数据: {"anonymous":null,"font":6235712,"group_id":522394334,"message":"设置名片 谭宇","message_id":11090,"message_type":"group","post_type":"message","raw_message":"设置名片 谭宇","self_id":2997400528,"sender":{"age":8,"area":"广州","card":"谭宇-养生式跟打","level":"入门","nickname":"0 4 . 2 2","role":"admin","sex":"male","title":"","user_id":1061917196},"sub_type":"normal","time":1557893645,"user_id":1061917196}
[19-05-15 12:14:16] [PicqBotX] [DEBUG(java.lang.Thread.run:748)] 收到新请求: CQHttp/4.8.0
[19-05-15 12:14:16] [PicqBotX] [DEBUG(java.lang.Thread.run:748)] - 数据: {"anonymous":null,"font":6235456,"group_id":556981260,"message":"水的一批","message_id":11092,"message_type":"group","post_type":"message","raw_message":"水的一批","self_id":2997400528,"sender":{"age":0,"area":"","card":"空白―星二","level":"死飞单车","nickname":"","role":"member","sex":"unknown","title":"","user_id":29141847},"sub_type":"normal","time":1557893656,"user_id":29141847}
[19-05-15 12:15:07] [PicqBotX] [DEBUG(java.lang.Thread.run:748)] 收到新请求: CQHttp/4.8.0
[19-05-15 12:15:07] [PicqBotX] [DEBUG(java.lang.Thread.run:748)] - 数据: {"anonymous":null,"font":6235488,"group_id":556981260,"message":"48...","message_id":11093,"message_type":"group","post_type":"message","raw_message":"48...","self_id":2997400528,"sender":{"age":0,"area":"","card":"白焕 - 鹤鹤鹤","level":"新日电动车","nickname":"杂色a","role":"member","sex":"unknown","title":"","user_id":2524098743},"sub_type":"normal","time":1557893707,"user_id":2524098743}
[19-05-15 12:15:29] [PicqBotX] [DEBUG(java.lang.Thread.run:748)] 收到新请求: CQHttp/4.8.0
[19-05-15 12:15:29] [PicqBotX] [DEBUG(java.lang.Thread.run:748)] - 数据: {"anonymous":null,"font":6235744,"group_id":556981260,"message":"你再看我重打的","message_id":11094,"message_type":"group","post_type":"message","raw_message":"你再看我重打的","self_id":2997400528,"sender":{"age":0,"area":"","card":"空白―星二","level":"死飞单车","nickname":"","role":"member","sex":"unknown","title":"","user_id":29141847},"sub_type":"normal","time":1557893729,"user_id":29141847}
[19-05-15 12:15:34] [PicqBotX] [DEBUG(java.lang.Thread.run:748)] 收到新请求: CQHttp/4.8.0
[19-05-15 12:15:34] [PicqBotX] [DEBUG(java.lang.Thread.run:748)] - 数据: {"anonymous":null,"font":6235648,"group_id":556981260,"message":"67","message_id":11095,"message_type":"group","post_type":"message","raw_message":"67","self_id":2997400528,"sender":{"age":0,"area":"","card":"空白―星二","level":"死飞单车","nickname":"","role":"member","sex":"unknown","title":"","user_id":29141847},"sub_type":"normal","time":1557893734,"user_id":29141847}
[19-05-15 12:17:48] [PicqBotX] [DEBUG(java.lang.Thread.run:748)] 收到新请求: CQHttp/4.8.0
[19-05-15 12:17:48] [PicqBotX] [DEBUG(java.lang.Thread.run:748)] - 数据: {"anonymous":null,"font":6235712,"group_id":556981260,"message":"[CQ:face,id=178]","message_id":11096,"message_type":"group","post_type":"message","raw_message":"[CQ:face,id=178]","self_id":2997400528,"sender":{"age":0,"area":"","card":"白焕 - 鹤鹤鹤","level":"新日电动车","nickname":"杂色a","role":"member","sex":"unknown","title":"","user_id":2524098743},"sub_type":"normal","time":1557893868,"user_id":2524098743}
[19-05-15 12:19:47] [PicqBotX] [DEBUG(java.lang.Thread.run:748)] 收到新请求: CQHttp/4.8.0
[19-05-15 12:19:47] [PicqBotX] [DEBUG(java.lang.Thread.run:748)] - 数据: {"anonymous":null,"font":6235264,"group_id":556981260,"message":"第999段 速度146.11 击键5.68 码长2.33 标顶理论1.96 文章难度61.75 字数472 回改32 退格28 错字0 键数1100 选重17 键准89.18% 键法94.73%(左449:右474:空格136) 打词率70.63% 选重率3.60% 拖拉机跟打器 版本1.700 Windows 7版  校验VPZJPU","message_id":11097,"message_type":"group","post_type":"message","raw_message":"第999段 速度146.11 击键5.68 码长2.33 标顶理论1.96 文章难度61.75 字数472 回改32 退格28 错字0 键数1100 选重17 键准89.18% 键法94.73%(左449:右474:空格136) 打词率70.63% 选重率3.60% 拖拉机跟打器 版本1.700 Windows 7版  校验VPZJPU","self_id":2997400528,"sender":{"age":26,"area":"湖州","card":"飘风―小鹤音形","level":"五菱宏光","nickname":"飘风SLG","role":"member","sex":"male","title":"","user_id":869151501},"sub_type":"normal","time":1557893987,"user_id":869151501}
[19-05-15 12:20:42] [PicqBotX] [DEBUG(java.lang.Thread.run:748)] 收到新请求: CQHttp/4.8.0
[19-05-15 12:20:42] [PicqBotX] [DEBUG(java.lang.Thread.run:748)] - 数据: {"anonymous":null,"font":6235552,"group_id":556981260,"message":"小白还没好啊。。。","message_id":11099,"message_type":"group","post_type":"message","raw_message":"小白还没好啊。。。","self_id":2997400528,"sender":{"age":0,"area":"","card":"空白―星二","level":"死飞单车","nickname":"","role":"member","sex":"unknown","title":"","user_id":29141847},"sub_type":"normal","time":1557894042,"user_id":29141847}
[19-05-15 12:20:54] [PicqBotX] [DEBUG(java.lang.Thread.run:748)] 收到新请求: CQHttp/4.8.0
[19-05-15 12:20:54] [PicqBotX] [DEBUG(java.lang.Thread.run:748)] - 数据: {"anonymous":null,"font":6235520,"group_id":556981260,"message":"能不能突破30，就看这 赛文了","message_id":11100,"message_type":"group","post_type":"message","raw_message":"能不能突破30，就看这 赛文了","self_id":2997400528,"sender":{"age":0,"area":"","card":"打字快没用吗？有用 - 鹤道","level":"死飞单车","nickname":"青 铜","role":"member","sex":"unknown","title":"","user_id":949402006},"sub_type":"normal","time":1557894054,"user_id":949402006}
[19-05-15 12:21:02] [PicqBotX] [DEBUG(java.lang.Thread.run:748)] 收到新请求: CQHttp/4.8.0
[19-05-15 12:21:02] [PicqBotX] [DEBUG(java.lang.Thread.run:748)] - 数据: {"anonymous":null,"font":6235936,"group_id":522394334,"message":"高级","message_id":11101,"message_type":"group","post_type":"message","raw_message":"高级","self_id":2997400528,"sender":{"age":18,"area":"","card":"朽木-小鹤音形","level":"入门","nickname":"千年回眸","role":"admin","sex":"female","title":"","user_id":2963900463},"sub_type":"normal","time":1557894062,"user_id":2963900463}
[19-05-15 12:21:08] [PicqBotX] [DEBUG(java.lang.Thread.run:748)] 收到新请求: CQHttp/4.8.0
[19-05-15 12:21:08] [PicqBotX] [DEBUG(java.lang.Thread.run:748)] - 数据: {"anonymous":null,"font":6235616,"group_id":556981260,"message":"[CQ:face,id=178]","message_id":11102,"message_type":"group","post_type":"message","raw_message":"[CQ:face,id=178]","self_id":2997400528,"sender":{"age":0,"area":"","card":"空白―星二","level":"死飞单车","nickname":"","role":"member","sex":"unknown","title":"","user_id":29141847},"sub_type":"normal","time":1557894068,"user_id":29141847}
[19-05-15 12:21:24] [PicqBotX] [DEBUG(java.lang.Thread.run:748)] 收到新请求: CQHttp/4.8.0
[19-05-15 12:21:24] [PicqBotX] [DEBUG(java.lang.Thread.run:748)] - 数据: {"anonymous":null,"font":6235744,"group_id":522394334,"message":"设置名片 萌新","message_id":11103,"message_type":"group","post_type":"message","raw_message":"设置名片 萌新","self_id":2997400528,"sender":{"age":18,"area":"","card":"朽木-小鹤音形","level":"入门","nickname":"千年回眸","role":"admin","sex":"female","title":"","user_id":2963900463},"sub_type":"normal","time":1557894084,"user_id":2963900463}
[19-05-15 12:21:34] [PicqBotX] [DEBUG(java.lang.Thread.run:748)] 收到新请求: CQHttp/4.8.0
