[19-05-05 22:32:42] [PicqBotX] [INFO] 
[19-05-05 22:32:42] [PicqBotX] [INFO]     ____  _            ____        __ _  __
[19-05-05 22:32:42] [PicqBotX] [INFO]    / __ \(_)________ _/ __ )____  / /| |/ /
[19-05-05 22:32:42] [PicqBotX] [INFO]   / /_/ / / ___/ __ `/ __  / __ \/ __/   /
[19-05-05 22:32:42] [PicqBotX] [INFO]  / ____/ / /__/ /_/ / /_/ / /_/ / /_/   |
[19-05-05 22:32:42] [PicqBotX] [INFO] /_/   /_/\___/\__, /_____/\____/\__/_/|_|
[19-05-05 22:32:42] [PicqBotX] [INFO]                 /_/         v3.2.2.896
[19-05-05 22:32:42] [PicqBotX] [INFO] 日志管理器     初始化完成 [******] ...(39.62 ms)
[19-05-05 22:32:42] [PicqBotX] [INFO] 缓存管理器     初始化完成 [******] ...(1.68 ms)
[19-05-05 22:32:42] [PicqBotX] [INFO] DEBUG设置     初始化完成 [******] ...(0.01 ms)
[19-05-05 22:32:42] [PicqBotX] [INFO] 事件管理器     初始化完成 [******] ...(41.63 ms)
[19-05-05 22:32:42] [PicqBotX] [INFO] 账号管理器     初始化完成 [******] ...(1.77 ms)
[19-05-05 22:32:42] [PicqBotX] [INFO] HTTP监听服务器 初始化完成 [******] ...(2.09 ms)
[19-05-05 22:32:43] [PicqBotX] [WARNING] 账号 Bot01: 版本正确, 不过用酷Q Pro的话效果更好哦!
[19-05-05 22:32:43] [PicqBotX] [INFO] 账号 Bot01:   版本验证完成!
[19-05-05 22:32:43] [PicqBotX] [INFO] 正在启动...
[19-05-05 22:34:46] [PicqBotX] [DEBUG(java.lang.Thread.run:748)] 收到新请求: CQHttp/4.8.0
[19-05-05 22:34:46] [PicqBotX] [DEBUG(java.lang.Thread.run:748)] - 数据: {"anonymous":null,"font":7896960,"group_id":723795668,"message":"[CQ:at,qq=501281231] 想提速，先控制控制回改","message_id":697,"message_type":"group","post_type":"message","raw_message":"[CQ:at,qq=501281231] 想提速，先控制控制回改","self_id":1061917110,"sender":{"age":22,"area":"济南","card":"E迅速录阿金","level":"中级","nickname":"E迅阿金","role":"member","sex":"male","title":"","user_id":2623495687},"sub_type":"normal","time":1557066886,"user_id":2623495687}
[19-05-05 22:34:56] [PicqBotX] [DEBUG(java.lang.Thread.run:748)] 收到新请求: CQHttp/4.8.0
[19-05-05 22:34:56] [PicqBotX] [DEBUG(java.lang.Thread.run:748)] - 数据: {"font":7897536,"message":"123","message_id":699,"message_type":"private","post_type":"message","raw_message":"123","self_id":1061917110,"sender":{"age":8,"nickname":"0 4 . 2 2","sex":"male","user_id":1061917196},"sub_type":"friend","time":1557066896,"user_id":1061917196}
[19-05-05 22:35:07] [PicqBotX] [DEBUG(java.lang.Thread.run:748)] 收到新请求: CQHttp/4.8.0
