[19-05-15 20:22:48] [PicqBotX] [INFO] 
[19-05-15 20:22:48] [PicqBotX] [INFO]     ____  _            ____        __ _  __
[19-05-15 20:22:48] [PicqBotX] [INFO]    / __ \(_)________ _/ __ )____  / /| |/ /
[19-05-15 20:22:48] [PicqBotX] [INFO]   / /_/ / / ___/ __ `/ __  / __ \/ __/   /
[19-05-15 20:22:48] [PicqBotX] [INFO]  / ____/ / /__/ /_/ / /_/ / /_/ / /_/   |
[19-05-15 20:22:48] [PicqBotX] [INFO] /_/   /_/\___/\__, /_____/\____/\__/_/|_|
[19-05-15 20:22:48] [PicqBotX] [INFO]                 /_/         v3.2.2.896
[19-05-15 20:22:48] [PicqBotX] [INFO] 日志管理器     初始化完成 [******] ...(34.2 ms)
[19-05-15 20:22:48] [PicqBotX] [INFO] 缓存管理器     初始化完成 [******] ...(1.88 ms)
[19-05-15 20:22:48] [PicqBotX] [INFO] DEBUG设置     初始化完成 [******] ...(0.01 ms)
[19-05-15 20:22:48] [PicqBotX] [INFO] 事件管理器     初始化完成 [******] ...(33.46 ms)
[19-05-15 20:22:48] [PicqBotX] [INFO] 账号管理器     初始化完成 [******] ...(1.08 ms)
[19-05-15 20:22:48] [PicqBotX] [INFO] HTTP监听服务器 初始化完成 [******] ...(1.24 ms)
[19-05-15 20:22:48] [PicqBotX] [INFO] 指令管理器     初始化完成 [******] ...(2.33 ms)
[19-05-15 20:22:48] [PicqBotX] [WARNING] 账号 Bot01: 版本正确, 不过用酷Q Pro的话效果更好哦!
[19-05-15 20:22:48] [PicqBotX] [INFO] 账号 Bot01:   版本验证完成!
[19-05-15 20:22:48] [PicqBotX] [INFO] 正在启动...
[19-05-15 20:22:53] [PicqBotX] [DEBUG(java.lang.Thread.run:748)] 收到新请求: CQHttp/4.8.0
[19-05-15 20:22:53] [PicqBotX] [DEBUG(java.lang.Thread.run:748)] - 数据: {"anonymous":null,"font":7378528,"group_id":522394334,"message":"群映射列表","message_id":11935,"message_type":"group","post_type":"message","raw_message":"群映射列表","self_id":2997400528,"sender":{"age":8,"area":"广州","card":"谭宇-养生式跟打","level":"入门","nickname":"0 4 . 2 2","role":"admin","sex":"male","title":"","user_id":1061917196},"sub_type":"normal","time":1557922972,"user_id":1061917196}
[19-05-15 20:22:59] [PicqBotX] [DEBUG(java.lang.Thread.run:748)] 收到新请求: CQHttp/4.8.0
[19-05-15 20:22:59] [PicqBotX] [DEBUG(java.lang.Thread.run:748)] - 数据: {"anonymous":null,"font":7177936,"group_id":556981260,"message":"[CQ:image,file=0A4710AC1DDD07928CBAB056C967AB6B.png,url=https://gchat.qpic.cn/gchatpic_new/523856782/556981260-2691195747-0A4710AC1DDD07928CBAB056C967AB6B/0?vuin=2997400528&amp;term=2]","message_id":11937,"message_type":"group","post_type":"message","raw_message":"[CQ:image,file=0A4710AC1DDD07928CBAB056C967AB6B.png]","self_id":2997400528,"sender":{"age":0,"area":"石家庄","card":"瓜牛-二笔","level":"波音747","nickname":"明媚阳光","role":"member","sex":"male","title":"一个小蹦哒","user_id":523856782},"sub_type":"normal","time":1557922979,"user_id":523856782}
[19-05-15 20:23:01] [PicqBotX] [DEBUG(java.lang.Thread.run:748)] 收到新请求: CQHttp/4.8.0
[19-05-15 20:23:01] [PicqBotX] [DEBUG(java.lang.Thread.run:748)] - 数据: {"anonymous":null,"font":7379936,"group_id":556981260,"message":"不错哟，比我强多了","message_id":11938,"message_type":"group","post_type":"message","raw_message":"不错哟，比我强多了","self_id":2997400528,"sender":{"age":27,"area":"武汉","card":"随心-小鹤拼音","level":"死飞单车","nickname":"№默☆伤♂","role":"member","sex":"male","title":"","user_id":1101721752},"sub_type":"normal","time":1557922981,"user_id":1101721752}
[19-05-15 20:23:25] [PicqBotX] [DEBUG(java.lang.Thread.run:748)] 收到新请求: CQHttp/4.8.0
[19-05-15 20:23:25] [PicqBotX] [DEBUG(java.lang.Thread.run:748)] - 数据: {"anonymous":null,"font":7378720,"group_id":556981260,"message":"所有说辣条这才是你的水准啊","message_id":11939,"message_type":"group","post_type":"message","raw_message":"所有说辣条这才是你的水准啊","self_id":2997400528,"sender":{"age":27,"area":"武汉","card":"随心-小鹤拼音","level":"死飞单车","nickname":"№默☆伤♂","role":"member","sex":"male","title":"","user_id":1101721752},"sub_type":"normal","time":1557923005,"user_id":1101721752}
[19-05-15 20:23:30] [PicqBotX] [DEBUG(java.lang.Thread.run:748)] 收到新请求: CQHttp/4.8.0
