[19-05-10 15:31:29] [PicqBotX] [INFO] 
[19-05-10 15:31:29] [PicqBotX] [INFO]     ____  _            ____        __ _  __
[19-05-10 15:31:29] [PicqBotX] [INFO]    / __ \(_)________ _/ __ )____  / /| |/ /
[19-05-10 15:31:29] [PicqBotX] [INFO]   / /_/ / / ___/ __ `/ __  / __ \/ __/   /
[19-05-10 15:31:29] [PicqBotX] [INFO]  / ____/ / /__/ /_/ / /_/ / /_/ / /_/   |
[19-05-10 15:31:29] [PicqBotX] [INFO] /_/   /_/\___/\__, /_____/\____/\__/_/|_|
[19-05-10 15:31:29] [PicqBotX] [INFO]                 /_/         v3.2.2.896
[19-05-10 15:31:29] [PicqBotX] [INFO] 日志管理器     初始化完成 [******] ...(40.05 ms)
[19-05-10 15:31:29] [PicqBotX] [INFO] 缓存管理器     初始化完成 [******] ...(2.02 ms)
[19-05-10 15:31:29] [PicqBotX] [INFO] DEBUG设置     初始化完成 [******] ...(0.01 ms)
[19-05-10 15:31:29] [PicqBotX] [INFO] 事件管理器     初始化完成 [******] ...(29.79 ms)
[19-05-10 15:31:29] [PicqBotX] [INFO] 账号管理器     初始化完成 [******] ...(0.96 ms)
[19-05-10 15:31:29] [PicqBotX] [INFO] HTTP监听服务器 初始化完成 [******] ...(1.72 ms)
[19-05-10 15:31:29] [PicqBotX] [INFO] 指令管理器     初始化完成 [******] ...(2.4 ms)
[19-05-10 15:31:30] [PicqBotX] [WARNING] 账号 Bot01: 版本正确, 不过用酷Q Pro的话效果更好哦!
[19-05-10 15:31:30] [PicqBotX] [INFO] 账号 Bot01:   版本验证完成!
[19-05-10 15:31:30] [PicqBotX] [INFO] 正在启动...
[19-05-10 15:31:42] [PicqBotX] [DEBUG(java.lang.Thread.run:748)] 收到新请求: CQHttp/4.8.0
[19-05-10 15:31:42] [PicqBotX] [DEBUG(java.lang.Thread.run:748)] - 数据: {"font":8389856,"message":"！l","message_id":2098,"message_type":"private","post_type":"message","raw_message":"！l","self_id":2997400528,"sender":{"age":8,"nickname":"0 4 . 2 2","sex":"male","user_id":1061917196},"sub_type":"friend","time":1557473502,"user_id":1061917196}
[19-05-10 15:31:44] [PicqBotX] [DEBUG(java.lang.Thread.run:748)] 收到新请求: CQHttp/4.8.0
[19-05-10 15:31:44] [PicqBotX] [DEBUG(java.lang.Thread.run:748)] - 数据: {"font":8390496,"message":"!l","message_id":2099,"message_type":"private","post_type":"message","raw_message":"!l","self_id":2997400528,"sender":{"age":8,"nickname":"0 4 . 2 2","sex":"male","user_id":1061917196},"sub_type":"friend","time":1557473504,"user_id":1061917196}
[19-05-10 15:31:58] [PicqBotX] [DEBUG(java.lang.Thread.run:748)] 收到新请求: CQHttp/4.8.0
[19-05-10 15:31:58] [PicqBotX] [DEBUG(java.lang.Thread.run:748)] - 数据: {"font":8389888,"message":"!最后消费记录","message_id":2101,"message_type":"private","post_type":"message","raw_message":"!最后消费记录","self_id":2997400528,"sender":{"age":8,"nickname":"0 4 . 2 2","sex":"male","user_id":1061917196},"sub_type":"friend","time":1557473518,"user_id":1061917196}
[19-05-10 15:34:30] [PicqBotX] [DEBUG(java.lang.Thread.run:748)] 收到新请求: CQHttp/4.8.0
[19-05-10 15:34:30] [PicqBotX] [DEBUG(java.lang.Thread.run:748)] - 数据: {"font":8389952,"message":"!最后消费记录","message_id":2103,"message_type":"private","post_type":"message","raw_message":"!最后消费记录","self_id":2997400528,"sender":{"age":8,"nickname":"0 4 . 2 2","sex":"male","user_id":1061917196},"sub_type":"friend","time":1557473670,"user_id":1061917196}
[19-05-10 15:37:23] [PicqBotX] [DEBUG(java.lang.Thread.run:748)] 收到新请求: CQHttp/4.8.0
[19-05-10 15:37:23] [PicqBotX] [DEBUG(java.lang.Thread.run:748)] - 数据: {"font":8390624,"message":"!l","message_id":2105,"message_type":"private","post_type":"message","raw_message":"!l","self_id":2997400528,"sender":{"age":8,"nickname":"0 4 . 2 2","sex":"male","user_id":1061917196},"sub_type":"friend","time":1557473843,"user_id":1061917196}
[19-05-10 15:37:49] [PicqBotX] [DEBUG(java.lang.Thread.run:748)] 收到新请求: CQHttp/4.8.0
[19-05-10 15:37:49] [PicqBotX] [DEBUG(java.lang.Thread.run:748)] - 数据: {"anonymous":null,"font":8390272,"group_id":522394334,"message":"#赛文","message_id":2107,"message_type":"group","post_type":"message","raw_message":"#赛文","self_id":2997400528,"sender":{"age":0,"area":"","card":"形音鹤小-垫底的星光","level":"中级","nickname":"ㄨ","role":"member","sex":"unknown","title":"","user_id":2195903763},"sub_type":"normal","time":1557473869,"user_id":2195903763}
[19-05-10 15:37:50] [PicqBotX] [DEBUG(java.lang.Thread.run:748)] 收到新请求: CQHttp/4.8.0
[19-05-10 15:37:50] [PicqBotX] [DEBUG(java.lang.Thread.run:748)] - 数据: {"anonymous":null,"font":8390240,"group_id":522394334,"message":"《南北的点心》日赛第528期-二花制作\r\n中国地大物博，风俗与土产随地各有不同，因为一直缺少人纪录，有许多值得也是应该知道的事物，我们至今不能知道清楚，特别是关于衣食住的事项。我这里只就点心这个题目，依据浅陋所知，来说几句话，希望抛砖引玉，有旅行既广，游历又多的同志们，从各方面来报道出来，对于爱乡爱国的教育，或者也不无小补吧。我是浙江东部人，可是在北京住了将近四十年，因此南腔北调，对于南北情形都知道一点，却没有深厚的了解。据我的观察来说，中国南北两路的点心，根本性质上有一个很大的区别。简单的下一句断语，北方的点心是常食的性质，南方的则是闲食。我们只看北京人家做饺子馄饨面总是十分茁实，馅决不考究，面用芝麻酱拌，最好也只是炸酱；馒头全是实心。本来是代饭用的，只要吃饱就好，所以并不求精。若是回过来走到东安市场，往五芳斋去叫了来吃，尽管是同样名称，做法便大不一样，别说蟹黄包干，鸡肉馄饨，就是一碗三鲜汤面，也是精细鲜美的。可是有一层，这决不可能吃饱当饭，一则因为价钱比较贵，二则昔时无此习惯。抗战以后上海也有阳春面，可以当饭了，但那是新时代的产物，在老辈看来，是不大可以为训的。\r\n-----第999段-1200S-469Z-4L-64ecebf6V--c.sw.1.1\r\n本文由 散文 组成","message_id":2108,"message_type":"group","post_type":"message","raw_message":"《南北的点心》日赛第528期-二花制作\r\n中国地大物博，风俗与土产随地各有不同，因为一直缺少人纪录，有许多值得也是应该知道的事物，我们至今不能知道清楚，特别是关于衣食住的事项。我这里只就点心这个题目，依据浅陋所知，来说几句话，希望抛砖引玉，有旅行既广，游历又多的同志们，从各方面来报道出来，对于爱乡爱国的教育，或者也不无小补吧。我是浙江东部人，可是在北京住了将近四十年，因此南腔北调，对于南北情形都知道一点，却没有深厚的了解。据我的观察来说，中国南北两路的点心，根本性质上有一个很大的区别。简单的下一句断语，北方的点心是常食的性质，南方的则是闲食。我们只看北京人家做饺子馄饨面总是十分茁实，馅决不考究，面用芝麻酱拌，最好也只是炸酱；馒头全是实心。本来是代饭用的，只要吃饱就好，所以并不求精。若是回过来走到东安市场，往五芳斋去叫了来吃，尽管是同样名称，做法便大不一样，别说蟹黄包干，鸡肉馄饨，就是一碗三鲜汤面，也是精细鲜美的。可是有一层，这决不可能吃饱当饭，一则因为价钱比较贵，二则昔时无此习惯。抗战以后上海也有阳春面，可以当饭了，但那是新时代的产物，在老辈看来，是不大可以为训的。\r\n-----第999段-1200S-469Z-4L-64ecebf6V--c.sw.1.1\r\n本文由 散文 组成","self_id":2997400528,"sender":{"age":6,"area":"北京","card":"","level":"小白","nickname":"小拆","role":"member","sex":"female","title":"","user_id":207938707},"sub_type":"normal","time":1557473870,"user_id":207938707}
[19-05-10 15:40:05] [PicqBotX] [DEBUG(java.lang.Thread.run:748)] 收到新请求: CQHttp/4.8.0
[19-05-10 15:40:05] [PicqBotX] [DEBUG(java.lang.Thread.run:748)] - 数据: {"anonymous":null,"font":8390656,"group_id":556981260,"message":"第999段 速度59.39 击键3.04 码长3.07 字数512 时间08:36.29 回改38 退格55 键数1567 选重2 键准94.07% 键法59.74% 重打0 打词57.73% 峰值74.69/3.76/2.67 校检:ee1e5 极速跟打器v1.45 ","message_id":2109,"message_type":"group","post_type":"message","raw_message":"第999段 速度59.39 击键3.04 码长3.07 字数512 时间08:36.29 回改38 退格55 键数1567 选重2 键准94.07% 键法59.74% 重打0 打词57.73% 峰值74.69/3.76/2.67 校检:ee1e5 极速跟打器v1.45 ","self_id":2997400528,"sender":{"age":0,"area":"","card":"让心如风-蓝宝石","level":"五菱宏光","nickname":"让心如水","role":"admin","sex":"unknown","title":"","user_id":2329377621},"sub_type":"normal","time":1557474005,"user_id":2329377621}
[19-05-10 15:40:22] [PicqBotX] [DEBUG(java.lang.Thread.run:748)] 收到新请求: CQHttp/4.8.0
[19-05-10 15:40:22] [PicqBotX] [DEBUG(java.lang.Thread.run:748)] - 数据: {"anonymous":null,"font":8390240,"group_id":556981260,"message":"现在是这样的渣渣了","message_id":2110,"message_type":"group","post_type":"message","raw_message":"现在是这样的渣渣了","self_id":2997400528,"sender":{"age":0,"area":"","card":"让心如风-蓝宝石","level":"五菱宏光","nickname":"让心如水","role":"admin","sex":"unknown","title":"","user_id":2329377621},"sub_type":"normal","time":1557474022,"user_id":2329377621}
[19-05-10 15:42:07] [PicqBotX] [DEBUG(java.lang.Thread.run:748)] 收到新请求: CQHttp/4.8.0
[19-05-10 15:42:07] [PicqBotX] [DEBUG(java.lang.Thread.run:748)] - 数据: {"anonymous":null,"font":8390656,"group_id":556981260,"message":"[CQ:image,file=9FEB8386EDF3F4F48F479A16A6857B09.jpg,url=https://gchat.qpic.cn/gchatpic_new/523856782/556981260-3189385207-9FEB8386EDF3F4F48F479A16A6857B09/0?vuin=2997400528&amp;term=2]","message_id":2111,"message_type":"group","post_type":"message","raw_message":"[CQ:image,file=9FEB8386EDF3F4F48F479A16A6857B09.jpg]","self_id":2997400528,"sender":{"age":0,"area":"石家庄","card":"瓜牛-二笔","level":"波音747","nickname":"明媚阳光","role":"member","sex":"male","title":"一个小蹦哒","user_id":523856782},"sub_type":"normal","time":1557474127,"user_id":523856782}
[19-05-10 15:43:11] [PicqBotX] [DEBUG(java.lang.Thread.run:748)] 收到新请求: CQHttp/4.8.0
[19-05-10 15:43:11] [PicqBotX] [DEBUG(java.lang.Thread.run:748)] - 数据: {"anonymous":null,"font":8390656,"group_id":556981260,"message":"[CQ:at,qq=1823418845] 啥是打字方式啊，愿闻其详","message_id":2112,"message_type":"group","post_type":"message","raw_message":"[CQ:at,qq=1823418845] 啥是打字方式啊，愿闻其详","self_id":2997400528,"sender":{"age":0,"area":"","card":"行云-手心输入法双拼","level":"死飞单车","nickname":" 行云","role":"member","sex":"unknown","title":"","user_id":12149065},"sub_type":"normal","time":1557474191,"user_id":12149065}
[19-05-10 15:43:51] [PicqBotX] [DEBUG(java.lang.Thread.run:748)] 收到新请求: CQHttp/4.8.0
