[19-05-16 19:38:01] [PicqBotX] [INFO] 
[19-05-16 19:38:01] [PicqBotX] [INFO]     ____  _            ____        __ _  __
[19-05-16 19:38:01] [PicqBotX] [INFO]    / __ \(_)________ _/ __ )____  / /| |/ /
[19-05-16 19:38:01] [PicqBotX] [INFO]   / /_/ / / ___/ __ `/ __  / __ \/ __/   /
[19-05-16 19:38:01] [PicqBotX] [INFO]  / ____/ / /__/ /_/ / /_/ / /_/ / /_/   |
[19-05-16 19:38:01] [PicqBotX] [INFO] /_/   /_/\___/\__, /_____/\____/\__/_/|_|
[19-05-16 19:38:01] [PicqBotX] [INFO]                 /_/         v3.2.2.896
[19-05-16 19:38:01] [PicqBotX] [INFO] 日志管理器     初始化完成 [******] ...(74.55 ms)
[19-05-16 19:38:01] [PicqBotX] [INFO] 缓存管理器     初始化完成 [******] ...(2.33 ms)
[19-05-16 19:38:01] [PicqBotX] [INFO] DEBUG设置     初始化完成 [******] ...(0.01 ms)
[19-05-16 19:38:01] [PicqBotX] [INFO] 事件管理器     初始化完成 [******] ...(32.52 ms)
[19-05-16 19:38:01] [PicqBotX] [INFO] 账号管理器     初始化完成 [******] ...(1.12 ms)
[19-05-16 19:38:01] [PicqBotX] [INFO] HTTP监听服务器 初始化完成 [******] ...(1.85 ms)
[19-05-16 19:38:01] [PicqBotX] [INFO] 指令管理器     初始化完成 [******] ...(2.74 ms)
[19-05-16 19:38:01] [PicqBotX] [WARNING] 账号 Bot01: 版本正确, 不过用酷Q Pro的话效果更好哦!
[19-05-16 19:38:01] [PicqBotX] [INFO] 账号 Bot01:   版本验证完成!
[19-05-16 19:38:01] [PicqBotX] [INFO] 正在启动...
[19-05-16 19:38:20] [PicqBotX] [DEBUG(java.lang.Thread.run:748)] 收到新请求: CQHttp/4.8.0
[19-05-16 19:38:20] [PicqBotX] [DEBUG(java.lang.Thread.run:748)] - 数据: {"anonymous":null,"font":43738536,"group_id":522394334,"message":"#随机战场","message_id":12732,"message_type":"group","post_type":"message","raw_message":"#随机战场","self_id":2997400528,"sender":{"age":8,"area":"广州","card":"谭宇-养生式跟打","level":"入门","nickname":"0 4 . 2 2","role":"admin","sex":"male","title":"","user_id":1061917196},"sub_type":"normal","time":1558006700,"user_id":1061917196}
[19-05-16 19:38:24] [PicqBotX] [DEBUG(java.lang.Thread.run:748)] 收到新请求: CQHttp/4.8.0
[19-05-16 19:38:24] [PicqBotX] [DEBUG(java.lang.Thread.run:748)] - 数据: {"anonymous":null,"font":43738184,"group_id":556981260,"message":"#赛文","message_id":12733,"message_type":"group","post_type":"message","raw_message":"#赛文","self_id":2997400528,"sender":{"age":119,"area":"泽西岛","card":"豆角MM-微软","level":"波音747","nickname":"白猫王子","role":"member","sex":"male","title":"","user_id":2370792076},"sub_type":"normal","time":1558006704,"user_id":2370792076}
[19-05-16 19:38:25] [PicqBotX] [DEBUG(java.lang.Thread.run:748)] 收到新请求: CQHttp/4.8.0
[19-05-16 19:38:25] [PicqBotX] [DEBUG(java.lang.Thread.run:748)] - 数据: {"anonymous":null,"font":43738664,"group_id":556981260,"message":"456第1132期-鱼制作\r\n首先，经济基础决定上层建筑的产生。经济基础是上层建筑的根源。上层建筑是适应经济基础的需要而建立。是经济基础的派生物。在上层建筑这个庞大的体系中，其不同部分对经济基础的以来程度有着不同的情况，但归根到底总是适应经济基础的需要而产生的。只有从经济基础中才能得到说明。其次，经济基础的性质决定上层建筑的性质。有什么样的经济基础，就会有什么样的上层建筑。例如，在原始公有制的经济基础上建立起来的是氏族制度，没有国家、法律等设施和制度，也没有私有观念。在以私有制为基础的阶级社会中，就有国家、法律、军队等设施和制度，以及相应的社会意识形态的一整套上层建筑体系。不同性质的经济基础，必然产生不同性质的上层建筑。最后，经济基础的变更决定上层建筑的变革。马克思说：随着经济基础的变更，全部庞大的上层建筑也或快或慢地发生变革。一种新的经济基础代替旧的经济基础之后，反映旧经济基础的上层建筑必然或迟或早地要为新的上层建筑所代替。即使在同一社会形态中，当经济基础发生量变或某种局部的质变时，也会引起上层建筑相应的变化。上层建筑各方面在这种变化中的表现是各不相同，有快有慢的。上层建筑中的设施和制度总是随着经济基础的变更，目的首先发生变革，而意识形态的变化则比较缓慢。但经济基础的根本变更，迟早必然要引起整个上层建筑的根本变革。\r\n-----第999段-1200S-552Z-3L-3fdf8bb3V--c.sw.1.1","message_id":12734,"message_type":"group","post_type":"message","raw_message":"456第1132期-鱼制作\r\n首先，经济基础决定上层建筑的产生。经济基础是上层建筑的根源。上层建筑是适应经济基础的需要而建立。是经济基础的派生物。在上层建筑这个庞大的体系中，其不同部分对经济基础的以来程度有着不同的情况，但归根到底总是适应经济基础的需要而产生的。只有从经济基础中才能得到说明。其次，经济基础的性质决定上层建筑的性质。有什么样的经济基础，就会有什么样的上层建筑。例如，在原始公有制的经济基础上建立起来的是氏族制度，没有国家、法律等设施和制度，也没有私有观念。在以私有制为基础的阶级社会中，就有国家、法律、军队等设施和制度，以及相应的社会意识形态的一整套上层建筑体系。不同性质的经济基础，必然产生不同性质的上层建筑。最后，经济基础的变更决定上层建筑的变革。马克思说：随着经济基础的变更，全部庞大的上层建筑也或快或慢地发生变革。一种新的经济基础代替旧的经济基础之后，反映旧经济基础的上层建筑必然或迟或早地要为新的上层建筑所代替。即使在同一社会形态中，当经济基础发生量变或某种局部的质变时，也会引起上层建筑相应的变化。上层建筑各方面在这种变化中的表现是各不相同，有快有慢的。上层建筑中的设施和制度总是随着经济基础的变更，目的首先发生变革，而意识形态的变化则比较缓慢。但经济基础的根本变更，迟早必然要引起整个上层建筑的根本变革。\r\n-----第999段-1200S-552Z-3L-3fdf8bb3V--c.sw.1.1","self_id":2997400528,"sender":{"age":6,"area":"北京","card":"","level":"波音747","nickname":"小拆","role":"admin","sex":"female","title":"","user_id":207938707},"sub_type":"normal","time":1558006705,"user_id":207938707}
[19-05-16 19:38:30] [PicqBotX] [DEBUG(java.lang.Thread.run:748)] 收到新请求: CQHttp/4.8.0
[19-05-16 19:38:30] [PicqBotX] [DEBUG(java.lang.Thread.run:748)] - 数据: {"anonymous":null,"font":43738312,"group_id":556981260,"message":"[CQ:image,file=40D2BA472E133C2D18C6904091980715.png,url=https://gchat.qpic.cn/gchatpic_new/523856782/556981260-2650671406-40D2BA472E133C2D18C6904091980715/0?vuin=2997400528&amp;term=2]","message_id":12735,"message_type":"group","post_type":"message","raw_message":"[CQ:image,file=40D2BA472E133C2D18C6904091980715.png]","self_id":2997400528,"sender":{"age":0,"area":"石家庄","card":"瓜牛-二笔","level":"波音747","nickname":"明媚阳光","role":"member","sex":"male","title":"一个小蹦哒","user_id":523856782},"sub_type":"normal","time":1558006710,"user_id":523856782}
[19-05-16 19:38:41] [PicqBotX] [DEBUG(java.lang.Thread.run:748)] 收到新请求: CQHttp/4.8.0
[19-05-16 19:38:41] [PicqBotX] [DEBUG(java.lang.Thread.run:748)] - 数据: {"anonymous":null,"font":43738824,"group_id":522394334,"message":"#随机战场 100 10 10","message_id":12736,"message_type":"group","post_type":"message","raw_message":"#随机战场 100 10 10","self_id":2997400528,"sender":{"age":8,"area":"广州","card":"谭宇-养生式跟打","level":"入门","nickname":"0 4 . 2 2","role":"admin","sex":"male","title":"","user_id":1061917196},"sub_type":"normal","time":1558006721,"user_id":1061917196}
[19-05-16 19:39:12] [PicqBotX] [DEBUG(java.lang.Thread.run:748)] 收到新请求: CQHttp/4.8.0
