[19-05-18 18:12:35] [PicqBotX] [INFO] 
[19-05-18 18:12:35] [PicqBotX] [INFO]     ____  _            ____        __ _  __
[19-05-18 18:12:35] [PicqBotX] [INFO]    / __ \(_)________ _/ __ )____  / /| |/ /
[19-05-18 18:12:35] [PicqBotX] [INFO]   / /_/ / / ___/ __ `/ __  / __ \/ __/   /
[19-05-18 18:12:35] [PicqBotX] [INFO]  / ____/ / /__/ /_/ / /_/ / /_/ / /_/   |
[19-05-18 18:12:35] [PicqBotX] [INFO] /_/   /_/\___/\__, /_____/\____/\__/_/|_|
[19-05-18 18:12:35] [PicqBotX] [INFO]                 /_/         v3.2.2.896
[19-05-18 18:12:35] [PicqBotX] [INFO] 日志管理器     初始化完成 [******] ...(46.13 ms)
[19-05-18 18:12:35] [PicqBotX] [INFO] 缓存管理器     初始化完成 [******] ...(1.97 ms)
[19-05-18 18:12:35] [PicqBotX] [INFO] DEBUG设置     初始化完成 [******] ...(0.01 ms)
[19-05-18 18:12:35] [PicqBotX] [INFO] 事件管理器     初始化完成 [******] ...(38.03 ms)
[19-05-18 18:12:35] [PicqBotX] [INFO] 账号管理器     初始化完成 [******] ...(1.18 ms)
[19-05-18 18:12:35] [PicqBotX] [INFO] HTTP监听服务器 初始化完成 [******] ...(1.41 ms)
[19-05-18 18:12:36] [PicqBotX] [INFO] 指令管理器     初始化完成 [******] ...(2.59 ms)
[19-05-18 18:12:36] [PicqBotX] [WARNING] 账号 Bot01: 版本正确, 不过用酷Q Pro的话效果更好哦!
[19-05-18 18:12:36] [PicqBotX] [INFO] 账号 Bot01:   版本验证完成!
[19-05-18 18:12:36] [PicqBotX] [INFO] 正在启动...
[19-05-18 18:12:42] [PicqBotX] [DEBUG(java.lang.Thread.run:748)] 收到新请求: CQHttp/4.8.0
[19-05-18 18:12:42] [PicqBotX] [DEBUG(java.lang.Thread.run:748)] - 数据: {"anonymous":null,"font":8470480,"group_id":522394334,"message":"#随机战场 10 3 3","message_id":18758,"message_type":"group","post_type":"message","raw_message":"#随机战场 10 3 3","self_id":2997400528,"sender":{"age":8,"area":"广州","card":"谭宇-养生式跟打","level":"入门","nickname":"0 4 . 2 2","role":"admin","sex":"male","title":"","user_id":1061917196},"sub_type":"normal","time":1558174362,"user_id":1061917196}
[19-05-18 18:12:46] [PicqBotX] [DEBUG(java.lang.Thread.run:748)] 收到新请求: CQHttp/4.8.0
[19-05-18 18:12:46] [PicqBotX] [DEBUG(java.lang.Thread.run:748)] - 数据: {"anonymous":null,"font":8470288,"group_id":522394334,"message":"#加入战场","message_id":18760,"message_type":"group","post_type":"message","raw_message":"#加入战场","self_id":2997400528,"sender":{"age":8,"area":"广州","card":"谭宇-养生式跟打","level":"入门","nickname":"0 4 . 2 2","role":"admin","sex":"male","title":"","user_id":1061917196},"sub_type":"normal","time":1558174366,"user_id":1061917196}
[19-05-18 18:12:48] [PicqBotX] [DEBUG(java.lang.Thread.run:748)] 收到新请求: CQHttp/4.8.0
[19-05-18 18:12:48] [PicqBotX] [DEBUG(java.lang.Thread.run:748)] - 数据: {"anonymous":null,"font":8470672,"group_id":522394334,"message":"#战场启动","message_id":18762,"message_type":"group","post_type":"message","raw_message":"#战场启动","self_id":2997400528,"sender":{"age":8,"area":"广州","card":"谭宇-养生式跟打","level":"入门","nickname":"0 4 . 2 2","role":"admin","sex":"male","title":"","user_id":1061917196},"sub_type":"normal","time":1558174368,"user_id":1061917196}
[19-05-18 18:12:51] [PicqBotX] [DEBUG(java.lang.Thread.run:748)] 收到新请求: CQHttp/4.8.0
[19-05-18 18:12:51] [PicqBotX] [DEBUG(java.lang.Thread.run:748)] - 数据: {"anonymous":null,"font":8470064,"group_id":522394334,"message":"我们最","message_id":18765,"message_type":"group","post_type":"message","raw_message":"我们最","self_id":2997400528,"sender":{"age":8,"area":"广州","card":"谭宇-养生式跟打","level":"入门","nickname":"0 4 . 2 2","role":"admin","sex":"male","title":"","user_id":1061917196},"sub_type":"normal","time":1558174371,"user_id":1061917196}
[19-05-18 18:12:54] [PicqBotX] [DEBUG(java.lang.Thread.run:748)] 收到新请求: CQHttp/4.8.0
[19-05-18 18:12:54] [PicqBotX] [DEBUG(java.lang.Thread.run:748)] - 数据: {"anonymous":null,"font":8470064,"group_id":522394334,"message":"难的一","message_id":18767,"message_type":"group","post_type":"message","raw_message":"难的一","self_id":2997400528,"sender":{"age":8,"area":"广州","card":"谭宇-养生式跟打","level":"入门","nickname":"0 4 . 2 2","role":"admin","sex":"male","title":"","user_id":1061917196},"sub_type":"normal","time":1558174374,"user_id":1061917196}
[19-05-18 18:12:56] [PicqBotX] [DEBUG(java.lang.Thread.run:748)] 收到新请求: CQHttp/4.8.0
[19-05-18 18:12:56] [PicqBotX] [DEBUG(java.lang.Thread.run:748)] - 数据: {"anonymous":null,"font":8470576,"group_id":522394334,"message":"个问题","message_id":18769,"message_type":"group","post_type":"message","raw_message":"个问题","self_id":2997400528,"sender":{"age":8,"area":"广州","card":"谭宇-养生式跟打","level":"入门","nickname":"0 4 . 2 2","role":"admin","sex":"male","title":"","user_id":1061917196},"sub_type":"normal","time":1558174376,"user_id":1061917196}
[19-05-18 18:12:59] [PicqBotX] [DEBUG(java.lang.Thread.run:748)] 收到新请求: CQHttp/4.8.0
[19-05-18 18:12:59] [PicqBotX] [DEBUG(java.lang.Thread.run:748)] - 数据: {"anonymous":null,"font":8470640,"group_id":522394334,"message":"，","message_id":18771,"message_type":"group","post_type":"message","raw_message":"，","self_id":2997400528,"sender":{"age":8,"area":"广州","card":"谭宇-养生式跟打","level":"入门","nickname":"0 4 . 2 2","role":"admin","sex":"male","title":"","user_id":1061917196},"sub_type":"normal","time":1558174379,"user_id":1061917196}
[19-05-18 18:13:00] [PicqBotX] [DEBUG(java.lang.Thread.run:748)] 收到新请求: CQHttp/4.8.0
[19-05-18 18:13:00] [PicqBotX] [DEBUG(java.lang.Thread.run:748)] - 数据: {"anonymous":null,"font":8470768,"group_id":522394334,"message":"又是一个不需要查代码的，高级程序猿","message_id":18772,"message_type":"group","post_type":"message","raw_message":"又是一个不需要查代码的，高级程序猿","self_id":2997400528,"sender":{"age":28,"area":"成都","card":"一枝独秀―谭八风","level":"了解群图书馆","nickname":"云华","role":"member","sex":"male","title":"","user_id":2297714857},"sub_type":"normal","time":1558174380,"user_id":2297714857}
[19-05-18 18:13:06] [PicqBotX] [DEBUG(java.lang.Thread.run:748)] 收到新请求: CQHttp/4.8.0
[19-05-18 18:13:06] [PicqBotX] [DEBUG(java.lang.Thread.run:748)] - 数据: {"anonymous":null,"font":8470832,"group_id":522394334,"message":"……","message_id":18774,"message_type":"group","post_type":"message","raw_message":"……","self_id":2997400528,"sender":{"age":28,"area":"成都","card":"一枝独秀―谭八风","level":"了解群图书馆","nickname":"云华","role":"member","sex":"male","title":"","user_id":2297714857},"sub_type":"normal","time":1558174386,"user_id":2297714857}
[19-05-18 18:13:18] [PicqBotX] [DEBUG(java.lang.Thread.run:748)] 收到新请求: CQHttp/4.8.0
[19-05-18 18:13:18] [PicqBotX] [DEBUG(java.lang.Thread.run:748)] - 数据: {"anonymous":null,"font":8470448,"group_id":522394334,"message":"那个","message_id":18775,"message_type":"group","post_type":"message","raw_message":"那个","self_id":2997400528,"sender":{"age":8,"area":"广州","card":"谭宇-养生式跟打","level":"入门","nickname":"0 4 . 2 2","role":"admin","sex":"male","title":"","user_id":1061917196},"sub_type":"normal","time":1558174398,"user_id":1061917196}
[19-05-18 18:13:23] [PicqBotX] [DEBUG(java.lang.Thread.run:748)] 收到新请求: CQHttp/4.8.0
[19-05-18 18:13:23] [PicqBotX] [DEBUG(java.lang.Thread.run:748)] - 数据: {"anonymous":null,"font":8470384,"group_id":522394334,"message":"你能不能帮我测一下","message_id":18776,"message_type":"group","post_type":"message","raw_message":"你能不能帮我测一下","self_id":2997400528,"sender":{"age":8,"area":"广州","card":"谭宇-养生式跟打","level":"入门","nickname":"0 4 . 2 2","role":"admin","sex":"male","title":"","user_id":1061917196},"sub_type":"normal","time":1558174403,"user_id":1061917196}
[19-05-18 18:13:24] [PicqBotX] [DEBUG(java.lang.Thread.run:748)] 收到新请求: CQHttp/4.8.0
[19-05-18 18:13:24] [PicqBotX] [DEBUG(java.lang.Thread.run:748)] - 数据: {"anonymous":null,"font":8470800,"group_id":522394334,"message":"累啊 ","message_id":18777,"message_type":"group","post_type":"message","raw_message":"累啊 ","self_id":2997400528,"sender":{"age":22,"area":"郑州","card":"彼岸-小鹤音形","level":"了解群图文件","nickname":"彼岸","role":"member","sex":"male","title":"","user_id":951683477},"sub_type":"normal","time":1558174404,"user_id":951683477}
[19-05-18 18:13:25] [PicqBotX] [DEBUG(java.lang.Thread.run:748)] 收到新请求: CQHttp/4.8.0
[19-05-18 18:13:25] [PicqBotX] [DEBUG(java.lang.Thread.run:748)] - 数据: {"anonymous":null,"font":8470448,"group_id":522394334,"message":"你加入一下战场","message_id":18778,"message_type":"group","post_type":"message","raw_message":"你加入一下战场","self_id":2997400528,"sender":{"age":8,"area":"广州","card":"谭宇-养生式跟打","level":"入门","nickname":"0 4 . 2 2","role":"admin","sex":"male","title":"","user_id":1061917196},"sub_type":"normal","time":1558174405,"user_id":1061917196}
[19-05-18 18:13:26] [PicqBotX] [DEBUG(java.lang.Thread.run:748)] 收到新请求: CQHttp/4.8.0
[19-05-18 18:13:26] [PicqBotX] [DEBUG(java.lang.Thread.run:748)] - 数据: {"anonymous":null,"font":8470608,"group_id":556981260,"message":"第999段 速度92.33 击键3.39 码长2.20 回改15 错字0 键数1117 退格28 键准95.08% 回车0 字数507 &#91;改造&#93;18.89s 打词185(77.12%/3.37) &#91;使&#93;2次 起步132.25/4.65/2.11 40次(2127字) 波动1.70 键法55.52%(左598:479) 评分：[CQ:image,file=EB8C3A9C1CCDE47BACD7C638EEC6A021.png,url=https://gchat.qpic.cn/gchatpic_new/717658687/556981260-2338850407-EB8C3A9C1CCDE47BACD7C638EEC6A021/0?vuin=2997400528&amp;term=2]  输入法：极点五笔 起打于18:07:52 y16","message_id":18779,"message_type":"group","post_type":"message","raw_message":"第999段 速度92.33 击键3.39 码长2.20 回改15 错字0 键数1117 退格28 键准95.08% 回车0 字数507 &#91;改造&#93;18.89s 打词185(77.12%/3.37) &#91;使&#93;2次 起步132.25/4.65/2.11 40次(2127字) 波动1.70 键法55.52%(左598:479) 评分：[CQ:image,file=EB8C3A9C1CCDE47BACD7C638EEC6A021.png]  输入法：极点五笔 起打于18:07:52 y16","self_id":2997400528,"sender":{"age":7,"area":"南京","card":"秋天-极点86","level":"死飞单车","nickname":"一叶知秋","role":"member","sex":"male","title":"","user_id":717658687},"sub_type":"normal","time":1558174406,"user_id":717658687}
[19-05-18 18:13:32] [PicqBotX] [DEBUG(java.lang.Thread.run:748)] 收到新请求: CQHttp/4.8.0
[19-05-18 18:13:32] [PicqBotX] [DEBUG(java.lang.Thread.run:748)] - 数据: {"anonymous":null,"font":8470704,"group_id":522394334,"message":"[CQ:image,file=F65230F3B8EA8D1D3EC561C6039E1421.jpg,url=https://gchat.qpic.cn/gchatpic_new/2297714857/522394334-2725363081-F65230F3B8EA8D1D3EC561C6039E1421/0?vuin=2997400528&amp;term=2]彼岸","message_id":18780,"message_type":"group","post_type":"message","raw_message":"[CQ:image,file=F65230F3B8EA8D1D3EC561C6039E1421.jpg]彼岸","self_id":2997400528,"sender":{"age":28,"area":"成都","card":"一枝独秀―谭八风","level":"了解群图书馆","nickname":"云华","role":"member","sex":"male","title":"","user_id":2297714857},"sub_type":"normal","time":1558174412,"user_id":2297714857}
[19-05-18 18:13:34] [PicqBotX] [DEBUG(java.lang.Thread.run:748)] 收到新请求: CQHttp/4.8.0
[19-05-18 18:13:34] [PicqBotX] [DEBUG(java.lang.Thread.run:748)] - 数据: {"anonymous":null,"font":8470704,"group_id":522394334,"message":"没说你","message_id":18781,"message_type":"group","post_type":"message","raw_message":"没说你","self_id":2997400528,"sender":{"age":28,"area":"成都","card":"一枝独秀―谭八风","level":"了解群图书馆","nickname":"云华","role":"member","sex":"male","title":"","user_id":2297714857},"sub_type":"normal","time":1558174414,"user_id":2297714857}
[19-05-18 18:13:41] [PicqBotX] [DEBUG(java.lang.Thread.run:748)] 收到新请求: CQHttp/4.8.0
[19-05-18 18:13:41] [PicqBotX] [DEBUG(java.lang.Thread.run:748)] - 数据: {"anonymous":null,"font":8470096,"group_id":522394334,"message":"[CQ:at,qq=1061917196] ","message_id":18782,"message_type":"group","post_type":"message","raw_message":"[CQ:at,qq=1061917196] ","self_id":2997400528,"sender":{"age":28,"area":"成都","card":"一枝独秀―谭八风","level":"了解群图书馆","nickname":"云华","role":"member","sex":"male","title":"","user_id":2297714857},"sub_type":"normal","time":1558174421,"user_id":2297714857}
[19-05-18 18:13:42] [PicqBotX] [DEBUG(java.lang.Thread.run:748)] 收到新请求: CQHttp/4.8.0
[19-05-18 18:13:42] [PicqBotX] [DEBUG(java.lang.Thread.run:748)] - 数据: {"anonymous":null,"font":8470288,"group_id":522394334,"message":"你加入战场啊","message_id":18783,"message_type":"group","post_type":"message","raw_message":"你加入战场啊","self_id":2997400528,"sender":{"age":8,"area":"广州","card":"谭宇-养生式跟打","level":"入门","nickname":"0 4 . 2 2","role":"admin","sex":"male","title":"","user_id":1061917196},"sub_type":"normal","time":1558174422,"user_id":1061917196}
[19-05-18 18:13:46] [PicqBotX] [DEBUG(java.lang.Thread.run:748)] 收到新请求: CQHttp/4.8.0
[19-05-18 18:13:46] [PicqBotX] [DEBUG(java.lang.Thread.run:748)] - 数据: {"anonymous":null,"font":8470992,"group_id":522394334,"message":"#战场销毁","message_id":18784,"message_type":"group","post_type":"message","raw_message":"#战场销毁","self_id":2997400528,"sender":{"age":8,"area":"广州","card":"谭宇-养生式跟打","level":"入门","nickname":"0 4 . 2 2","role":"admin","sex":"male","title":"","user_id":1061917196},"sub_type":"normal","time":1558174426,"user_id":1061917196}
[19-05-18 18:13:49] [PicqBotX] [DEBUG(java.lang.Thread.run:748)] 收到新请求: CQHttp/4.8.0
[19-05-18 18:13:49] [PicqBotX] [DEBUG(java.lang.Thread.run:748)] - 数据: {"anonymous":null,"font":8470192,"group_id":522394334,"message":"#随机战场 10 3 3","message_id":18786,"message_type":"group","post_type":"message","raw_message":"#随机战场 10 3 3","self_id":2997400528,"sender":{"age":8,"area":"广州","card":"谭宇-养生式跟打","level":"入门","nickname":"0 4 . 2 2","role":"admin","sex":"male","title":"","user_id":1061917196},"sub_type":"normal","time":1558174429,"user_id":1061917196}
[19-05-18 18:13:51] [PicqBotX] [DEBUG(java.lang.Thread.run:748)] 收到新请求: CQHttp/4.8.0
[19-05-18 18:13:51] [PicqBotX] [DEBUG(java.lang.Thread.run:748)] - 数据: {"anonymous":null,"font":8470448,"group_id":522394334,"message":"我要来吗？","message_id":18788,"message_type":"group","post_type":"message","raw_message":"我要来吗？","self_id":2997400528,"sender":{"age":28,"area":"成都","card":"一枝独秀―谭八风","level":"了解群图书馆","nickname":"云华","role":"member","sex":"male","title":"","user_id":2297714857},"sub_type":"normal","time":1558174431,"user_id":2297714857}
[19-05-18 18:13:51] [PicqBotX] [DEBUG(java.lang.Thread.run:748)] 收到新请求: CQHttp/4.8.0
[19-05-18 18:13:51] [PicqBotX] [DEBUG(java.lang.Thread.run:748)] - 数据: {"anonymous":null,"font":8470320,"group_id":522394334,"message":"[CQ:face,id=177]","message_id":18789,"message_type":"group","post_type":"message","raw_message":"[CQ:face,id=177]","self_id":2997400528,"sender":{"age":22,"area":"郑州","card":"彼岸-小鹤音形","level":"了解群图文件","nickname":"彼岸","role":"member","sex":"male","title":"","user_id":951683477},"sub_type":"normal","time":1558174431,"user_id":951683477}
[19-05-18 18:13:54] [PicqBotX] [DEBUG(java.lang.Thread.run:748)] 收到新请求: CQHttp/4.8.0
[19-05-18 18:13:54] [PicqBotX] [DEBUG(java.lang.Thread.run:748)] - 数据: {"anonymous":null,"font":8470352,"group_id":522394334,"message":"你加","message_id":18790,"message_type":"group","post_type":"message","raw_message":"你加","self_id":2997400528,"sender":{"age":8,"area":"广州","card":"谭宇-养生式跟打","level":"入门","nickname":"0 4 . 2 2","role":"admin","sex":"male","title":"","user_id":1061917196},"sub_type":"normal","time":1558174434,"user_id":1061917196}
[19-05-18 18:13:55] [PicqBotX] [DEBUG(java.lang.Thread.run:748)] 收到新请求: CQHttp/4.8.0
[19-05-18 18:13:55] [PicqBotX] [DEBUG(java.lang.Thread.run:748)] - 数据: {"anonymous":null,"font":8470960,"group_id":522394334,"message":"对","message_id":18791,"message_type":"group","post_type":"message","raw_message":"对","self_id":2997400528,"sender":{"age":8,"area":"广州","card":"谭宇-养生式跟打","level":"入门","nickname":"0 4 . 2 2","role":"admin","sex":"male","title":"","user_id":1061917196},"sub_type":"normal","time":1558174435,"user_id":1061917196}
[19-05-18 18:13:57] [PicqBotX] [DEBUG(java.lang.Thread.run:748)] 收到新请求: CQHttp/4.8.0
[19-05-18 18:13:57] [PicqBotX] [DEBUG(java.lang.Thread.run:748)] - 数据: {"anonymous":null,"font":8470096,"group_id":522394334,"message":"你先加进去","message_id":18792,"message_type":"group","post_type":"message","raw_message":"你先加进去","self_id":2997400528,"sender":{"age":8,"area":"广州","card":"谭宇-养生式跟打","level":"入门","nickname":"0 4 . 2 2","role":"admin","sex":"male","title":"","user_id":1061917196},"sub_type":"normal","time":1558174437,"user_id":1061917196}
[19-05-18 18:14:00] [PicqBotX] [DEBUG(java.lang.Thread.run:748)] 收到新请求: CQHttp/4.8.0
[19-05-18 18:14:00] [PicqBotX] [DEBUG(java.lang.Thread.run:748)] - 数据: {"anonymous":null,"font":8470896,"group_id":522394334,"message":"#加入战场","message_id":18793,"message_type":"group","post_type":"message","raw_message":"#加入战场","self_id":2997400528,"sender":{"age":28,"area":"成都","card":"一枝独秀―谭八风","level":"了解群图书馆","nickname":"云华","role":"member","sex":"male","title":"","user_id":2297714857},"sub_type":"normal","time":1558174440,"user_id":2297714857}
[19-05-18 18:14:05] [PicqBotX] [DEBUG(java.lang.Thread.run:748)] 收到新请求: CQHttp/4.8.0
[19-05-18 18:14:05] [PicqBotX] [DEBUG(java.lang.Thread.run:748)] - 数据: {"anonymous":null,"font":8470256,"group_id":522394334,"message":"#加入战场","message_id":18795,"message_type":"group","post_type":"message","raw_message":"#加入战场","self_id":2997400528,"sender":{"age":8,"area":"广州","card":"谭宇-养生式跟打","level":"入门","nickname":"0 4 . 2 2","role":"admin","sex":"male","title":"","user_id":1061917196},"sub_type":"normal","time":1558174445,"user_id":1061917196}
[19-05-18 18:14:09] [PicqBotX] [DEBUG(java.lang.Thread.run:748)] 收到新请求: CQHttp/4.8.0
[19-05-18 18:14:09] [PicqBotX] [DEBUG(java.lang.Thread.run:748)] - 数据: {"anonymous":null,"font":8470384,"group_id":522394334,"message":"#战场启动","message_id":18797,"message_type":"group","post_type":"message","raw_message":"#战场启动","self_id":2997400528,"sender":{"age":8,"area":"广州","card":"谭宇-养生式跟打","level":"入门","nickname":"0 4 . 2 2","role":"admin","sex":"male","title":"","user_id":1061917196},"sub_type":"normal","time":1558174449,"user_id":1061917196}
[19-05-18 18:14:11] [PicqBotX] [DEBUG(java.lang.Thread.run:748)] 收到新请求: CQHttp/4.8.0
[19-05-18 18:14:11] [PicqBotX] [DEBUG(java.lang.Thread.run:748)] - 数据: {"anonymous":null,"font":8470544,"group_id":522394334,"message":"我们是","message_id":18801,"message_type":"group","post_type":"message","raw_message":"我们是","self_id":2997400528,"sender":{"age":8,"area":"广州","card":"谭宇-养生式跟打","level":"入门","nickname":"0 4 . 2 2","role":"admin","sex":"male","title":"","user_id":1061917196},"sub_type":"normal","time":1558174451,"user_id":1061917196}
[19-05-18 18:14:14] [PicqBotX] [DEBUG(java.lang.Thread.run:748)] 收到新请求: CQHttp/4.8.0
[19-05-18 18:14:14] [PicqBotX] [DEBUG(java.lang.Thread.run:748)] - 数据: {"anonymous":null,"font":8470064,"group_id":522394334,"message":"在距地","message_id":18804,"message_type":"group","post_type":"message","raw_message":"在距地","self_id":2997400528,"sender":{"age":8,"area":"广州","card":"谭宇-养生式跟打","level":"入门","nickname":"0 4 . 2 2","role":"admin","sex":"male","title":"","user_id":1061917196},"sub_type":"normal","time":1558174454,"user_id":1061917196}
[19-05-18 18:14:17] [PicqBotX] [DEBUG(java.lang.Thread.run:748)] 收到新请求: CQHttp/4.8.0
[19-05-18 18:14:17] [PicqBotX] [DEBUG(java.lang.Thread.run:748)] - 数据: {"anonymous":null,"font":8470128,"group_id":522394334,"message":"球18","message_id":18807,"message_type":"group","post_type":"message","raw_message":"球18","self_id":2997400528,"sender":{"age":8,"area":"广州","card":"谭宇-养生式跟打","level":"入门","nickname":"0 4 . 2 2","role":"admin","sex":"male","title":"","user_id":1061917196},"sub_type":"normal","time":1558174457,"user_id":1061917196}
[19-05-18 18:14:19] [PicqBotX] [DEBUG(java.lang.Thread.run:748)] 收到新请求: CQHttp/4.8.0
[19-05-18 18:14:19] [PicqBotX] [DEBUG(java.lang.Thread.run:748)] - 数据: {"anonymous":null,"font":8470448,"group_id":522394334,"message":"0","message_id":18810,"message_type":"group","post_type":"message","raw_message":"0","self_id":2997400528,"sender":{"age":8,"area":"广州","card":"谭宇-养生式跟打","level":"入门","nickname":"0 4 . 2 2","role":"admin","sex":"male","title":"","user_id":1061917196},"sub_type":"normal","time":1558174459,"user_id":1061917196}
[19-05-18 18:14:23] [PicqBotX] [DEBUG(java.lang.Thread.run:748)] 收到新请求: CQHttp/4.8.0
[19-05-18 18:14:23] [PicqBotX] [DEBUG(java.lang.Thread.run:748)] - 数据: {"anonymous":null,"font":8470576,"group_id":522394334,"message":"然后下一段你打看看","message_id":18812,"message_type":"group","post_type":"message","raw_message":"然后下一段你打看看","self_id":2997400528,"sender":{"age":8,"area":"广州","card":"谭宇-养生式跟打","level":"入门","nickname":"0 4 . 2 2","role":"admin","sex":"male","title":"","user_id":1061917196},"sub_type":"normal","time":1558174463,"user_id":1061917196}
[19-05-18 18:14:27] [PicqBotX] [DEBUG(java.lang.Thread.run:748)] 收到新请求: CQHttp/4.8.0
[19-05-18 18:14:27] [PicqBotX] [DEBUG(java.lang.Thread.run:748)] - 数据: {"anonymous":null,"font":8470096,"group_id":522394334,"message":"什么情况，两个机器人……","message_id":18813,"message_type":"group","post_type":"message","raw_message":"什么情况，两个机器人……","self_id":2997400528,"sender":{"age":28,"area":"成都","card":"一枝独秀―谭八风","level":"了解群图书馆","nickname":"云华","role":"member","sex":"male","title":"","user_id":2297714857},"sub_type":"normal","time":1558174467,"user_id":2297714857}
[19-05-18 18:14:27] [PicqBotX] [DEBUG(java.lang.Thread.run:748)] 收到新请求: CQHttp/4.8.0
[19-05-18 18:14:27] [PicqBotX] [DEBUG(java.lang.Thread.run:748)] - 数据: {"anonymous":null,"font":8470064,"group_id":522394334,"message":"就几个字你打试试","message_id":18814,"message_type":"group","post_type":"message","raw_message":"就几个字你打试试","self_id":2997400528,"sender":{"age":8,"area":"广州","card":"谭宇-养生式跟打","level":"入门","nickname":"0 4 . 2 2","role":"admin","sex":"male","title":"","user_id":1061917196},"sub_type":"normal","time":1558174467,"user_id":1061917196}
[19-05-18 18:14:32] [PicqBotX] [DEBUG(java.lang.Thread.run:748)] 收到新请求: CQHttp/4.8.0
[19-05-18 18:14:32] [PicqBotX] [DEBUG(java.lang.Thread.run:748)] - 数据: {"anonymous":null,"font":8470224,"group_id":522394334,"message":"那个先不用理他","message_id":18815,"message_type":"group","post_type":"message","raw_message":"那个先不用理他","self_id":2997400528,"sender":{"age":8,"area":"广州","card":"谭宇-养生式跟打","level":"入门","nickname":"0 4 . 2 2","role":"admin","sex":"male","title":"","user_id":1061917196},"sub_type":"normal","time":1558174472,"user_id":1061917196}
[19-05-18 18:14:35] [PicqBotX] [DEBUG(java.lang.Thread.run:748)] 收到新请求: CQHttp/4.8.0
[19-05-18 18:14:35] [PicqBotX] [DEBUG(java.lang.Thread.run:748)] - 数据: {"anonymous":null,"font":8470224,"group_id":522394334,"message":"就打这个299的","message_id":18816,"message_type":"group","post_type":"message","raw_message":"就打这个299的","self_id":2997400528,"sender":{"age":8,"area":"广州","card":"谭宇-养生式跟打","level":"入门","nickname":"0 4 . 2 2","role":"admin","sex":"male","title":"","user_id":1061917196},"sub_type":"normal","time":1558174475,"user_id":1061917196}
[19-05-18 18:14:35] [PicqBotX] [DEBUG(java.lang.Thread.run:748)] 收到新请求: CQHttp/4.8.0
[19-05-18 18:14:35] [PicqBotX] [DEBUG(java.lang.Thread.run:748)] - 数据: {"anonymous":null,"font":8470384,"group_id":522394334,"message":"#发","message_id":18817,"message_type":"group","post_type":"message","raw_message":"#发","self_id":2997400528,"sender":{"age":4,"area":"东莞","card":"白菜-小鹤音形","level":"了解群图书馆","nickname":"???","role":"member","sex":"male","title":"","user_id":1451396222},"sub_type":"normal","time":1558174475,"user_id":1451396222}
[19-05-18 18:14:37] [PicqBotX] [DEBUG(java.lang.Thread.run:748)] 收到新请求: CQHttp/4.8.0
[19-05-18 18:14:37] [PicqBotX] [DEBUG(java.lang.Thread.run:748)] - 数据: {"anonymous":null,"font":8470256,"group_id":522394334,"message":"常用单字中五百\r\n礼环怀京趣银忽标午板困穿藏米靠追角助玉哪异跳投康优朝较抓选彩另毒雨迷慢价摆范欧妇值防醒操纪误介妈帮牛采雷乡号压宫皮甚速派凡修痛错判毛浪幸轮烟盘简守私替围委害抱负味姓素互短击验笔乱居杀恩室勇尼著警楼密冷茶吸积拿脱朱夜争酒练态股夏习章担喝暗架配土冰释旧恐春预恶树庄脚列降借组级读吧伤逐遍施右叶登隐项科姐仅苏钟纳硬食卖创兰球亚烈移玩齐试财仁育危案端怪仍汉急油梅激园您险河脸参停默付检湖渐良冲吉散兵福假封啊忙坚联虚熟谁网菜伯宁演探旁窗料劳境惊克余际男秋胜秀状伙概排掌歌沉攻副杨升党般属监怕疑掉亦细握率左占佛莫君睡区尚某层效策织丝朋迎止突毫牌射罪纸丽盖脑诗社木睛软厅遇供梦族铁府永印巴敢换血哥戏摇孙阵村资增母刀挥源班衣益济致够索套责划雄饭背批执坏嘴绿娘斯毕律吗席救诉楚临宣岁馆寻州座静免否养倒校游药休招基贵超充香查星松欲质温草含堂跑顶沙骨技弟智古灵船略置材谢伸善赶权镇史姑专规竟荣缓祖团束屋阿庭托禁杂研波护富艺兄退差威亮雪妻访陈省晚画破奇唐谓曲限察局欢讨希考虑例缺秘普野孩农床翻既洋景职适忘斗呼器广需承晓词卷圣医块哈户街苦刘阴导买拍愿历肯扬避维丁田肉灯耳卫胡句线店龙初顺舞队归续营顿败份犯获宝征顾继露按宗独模讲\r\n-----第13505段-乱序--c.fw.1.5","message_id":18818,"message_type":"group","post_type":"message","raw_message":"常用单字中五百\r\n礼环怀京趣银忽标午板困穿藏米靠追角助玉哪异跳投康优朝较抓选彩另毒雨迷慢价摆范欧妇值防醒操纪误介妈帮牛采雷乡号压宫皮甚速派凡修痛错判毛浪幸轮烟盘简守私替围委害抱负味姓素互短击验笔乱居杀恩室勇尼著警楼密冷茶吸积拿脱朱夜争酒练态股夏习章担喝暗架配土冰释旧恐春预恶树庄脚列降借组级读吧伤逐遍施右叶登隐项科姐仅苏钟纳硬食卖创兰球亚烈移玩齐试财仁育危案端怪仍汉急油梅激园您险河脸参停默付检湖渐良冲吉散兵福假封啊忙坚联虚熟谁网菜伯宁演探旁窗料劳境惊克余际男秋胜秀状伙概排掌歌沉攻副杨升党般属监怕疑掉亦细握率左占佛莫君睡区尚某层效策织丝朋迎止突毫牌射罪纸丽盖脑诗社木睛软厅遇供梦族铁府永印巴敢换血哥戏摇孙阵村资增母刀挥源班衣益济致够索套责划雄饭背批执坏嘴绿娘斯毕律吗席救诉楚临宣岁馆寻州座静免否养倒校游药休招基贵超充香查星松欲质温草含堂跑顶沙骨技弟智古灵船略置材谢伸善赶权镇史姑专规竟荣缓祖团束屋阿庭托禁杂研波护富艺兄退差威亮雪妻访陈省晚画破奇唐谓曲限察局欢讨希考虑例缺秘普野孩农床翻既洋景职适忘斗呼器广需承晓词卷圣医块哈户街苦刘阴导买拍愿历肯扬避维丁田肉灯耳卫胡句线店龙初顺舞队归续营顿败份犯获宝征顾继露按宗独模讲\r\n-----第13505段-乱序--c.fw.1.5","self_id":2997400528,"sender":{"age":6,"area":"北京","card":"","level":"小白","nickname":"小拆","role":"member","sex":"female","title":"","user_id":207938707},"sub_type":"normal","time":1558174477,"user_id":207938707}
[19-05-18 18:14:42] [PicqBotX] [DEBUG(java.lang.Thread.run:748)] 收到新请求: CQHttp/4.8.0
[19-05-18 18:14:42] [PicqBotX] [DEBUG(java.lang.Thread.run:748)] - 数据: {"anonymous":null,"font":8470064,"group_id":522394334,"message":"#战场启动","message_id":18819,"message_type":"group","post_type":"message","raw_message":"#战场启动","self_id":2997400528,"sender":{"age":8,"area":"广州","card":"谭宇-养生式跟打","level":"入门","nickname":"0 4 . 2 2","role":"admin","sex":"male","title":"","user_id":1061917196},"sub_type":"normal","time":1558174482,"user_id":1061917196}
[19-05-18 18:14:43] [PicqBotX] [DEBUG(java.lang.Thread.run:748)] 收到新请求: CQHttp/4.8.0
[19-05-18 18:14:43] [PicqBotX] [DEBUG(java.lang.Thread.run:748)] - 数据: {"anonymous":null,"font":8470384,"group_id":522394334,"message":"战场启动！战斗开始！","message_id":18821,"message_type":"group","post_type":"message","raw_message":"战场启动！战斗开始！","self_id":2997400528,"sender":{"age":22,"area":"广州","card":"拖拉机人工智障","level":"了解群图文件","nickname":"鹤","role":"member","sex":"female","title":"","user_id":1061917110},"sub_type":"normal","time":1558174482,"user_id":1061917110}
[19-05-18 18:14:50] [PicqBotX] [DEBUG(java.lang.Thread.run:748)] 收到新请求: CQHttp/4.8.0
[19-05-18 18:14:50] [PicqBotX] [DEBUG(java.lang.Thread.run:748)] - 数据: {"anonymous":null,"font":8470064,"group_id":522394334,"message":"鹤(1061917110) 被管理员禁言12小时","message_id":18828,"message_type":"group","post_type":"message","raw_message":"鹤(1061917110) 被管理员禁言12小时","self_id":2997400528,"sender":{"age":0,"nickname":"应用消息","sex":"unknown","user_id":1000000},"sub_type":"notice","time":1558174490,"user_id":1000000}
[19-05-18 18:14:52] [PicqBotX] [DEBUG(java.lang.Thread.run:748)] 收到新请求: CQHttp/4.8.0
[19-05-18 18:14:52] [PicqBotX] [DEBUG(java.lang.Thread.run:748)] - 数据: {"anonymous":null,"font":8470192,"group_id":522394334,"message":"我打那个","message_id":18831,"message_type":"group","post_type":"message","raw_message":"我打那个","self_id":2997400528,"sender":{"age":28,"area":"成都","card":"一枝独秀―谭八风","level":"了解群图书馆","nickname":"云华","role":"member","sex":"male","title":"","user_id":2297714857},"sub_type":"normal","time":1558174492,"user_id":2297714857}
[19-05-18 18:14:56] [PicqBotX] [DEBUG(java.lang.Thread.run:748)] 收到新请求: CQHttp/4.8.0
[19-05-18 18:14:56] [PicqBotX] [DEBUG(java.lang.Thread.run:748)] - 数据: {"anonymous":null,"font":8470352,"group_id":522394334,"message":"299的","message_id":18833,"message_type":"group","post_type":"message","raw_message":"299的","self_id":2997400528,"sender":{"age":8,"area":"广州","card":"谭宇-养生式跟打","level":"入门","nickname":"0 4 . 2 2","role":"admin","sex":"male","title":"","user_id":1061917196},"sub_type":"normal","time":1558174496,"user_id":1061917196}
[19-05-18 18:15:00] [PicqBotX] [DEBUG(java.lang.Thread.run:748)] 收到新请求: CQHttp/4.8.0
[19-05-18 18:15:00] [PicqBotX] [DEBUG(java.lang.Thread.run:748)] - 数据: {"anonymous":null,"font":8470096,"group_id":522394334,"message":"#战场启动","message_id":18834,"message_type":"group","post_type":"message","raw_message":"#战场启动","self_id":2997400528,"sender":{"age":8,"area":"广州","card":"谭宇-养生式跟打","level":"入门","nickname":"0 4 . 2 2","role":"admin","sex":"male","title":"","user_id":1061917196},"sub_type":"normal","time":1558174500,"user_id":1061917196}
[19-05-18 18:15:06] [PicqBotX] [DEBUG(java.lang.Thread.run:748)] 收到新请求: CQHttp/4.8.0
[19-05-18 18:15:06] [PicqBotX] [DEBUG(java.lang.Thread.run:748)] - 数据: {"anonymous":null,"font":8470896,"group_id":522394334,"message":"打到5分","message_id":18842,"message_type":"group","post_type":"message","raw_message":"打到5分","self_id":2997400528,"sender":{"age":8,"area":"广州","card":"谭宇-养生式跟打","level":"入门","nickname":"0 4 . 2 2","role":"admin","sex":"male","title":"","user_id":1061917196},"sub_type":"normal","time":1558174506,"user_id":1061917196}
[19-05-18 18:15:07] [PicqBotX] [DEBUG(java.lang.Thread.run:748)] 收到新请求: CQHttp/4.8.0
[19-05-18 18:15:07] [PicqBotX] [DEBUG(java.lang.Thread.run:748)] - 数据: {"anonymous":null,"font":8470384,"group_id":522394334,"message":"我看看会不会排序","message_id":18843,"message_type":"group","post_type":"message","raw_message":"我看看会不会排序","self_id":2997400528,"sender":{"age":8,"area":"广州","card":"谭宇-养生式跟打","level":"入门","nickname":"0 4 . 2 2","role":"admin","sex":"male","title":"","user_id":1061917196},"sub_type":"normal","time":1558174507,"user_id":1061917196}
[19-05-18 18:15:14] [PicqBotX] [DEBUG(java.lang.Thread.run:748)] 收到新请求: CQHttp/4.8.0
[19-05-18 18:15:14] [PicqBotX] [DEBUG(java.lang.Thread.run:748)] - 数据: {"anonymous":null,"font":8470576,"group_id":522394334,"message":"民","message_id":18847,"message_type":"group","post_type":"message","raw_message":"民","self_id":2997400528,"sender":{"age":28,"area":"成都","card":"一枝独秀―谭八风","level":"了解群图书馆","nickname":"云华","role":"member","sex":"male","title":"","user_id":2297714857},"sub_type":"normal","time":1558174514,"user_id":2297714857}
[19-05-18 18:15:15] [PicqBotX] [DEBUG(java.lang.Thread.run:748)] 收到新请求: CQHttp/4.8.0
[19-05-18 18:15:15] [PicqBotX] [DEBUG(java.lang.Thread.run:748)] - 数据: {"anonymous":null,"font":8470192,"group_id":522394334,"message":"你发到群里。那个","message_id":18848,"message_type":"group","post_type":"message","raw_message":"你发到群里。那个","self_id":2997400528,"sender":{"age":8,"area":"广州","card":"谭宇-养生式跟打","level":"入门","nickname":"0 4 . 2 2","role":"admin","sex":"male","title":"","user_id":1061917196},"sub_type":"normal","time":1558174515,"user_id":1061917196}
[19-05-18 18:15:18] [PicqBotX] [DEBUG(java.lang.Thread.run:748)] 收到新请求: CQHttp/4.8.0
[19-05-18 18:15:18] [PicqBotX] [DEBUG(java.lang.Thread.run:748)] - 数据: {"anonymous":null,"font":8470832,"group_id":522394334,"message":"我的拖拉机什么时候上市？","message_id":18849,"message_type":"group","post_type":"message","raw_message":"我的拖拉机什么时候上市？","self_id":2997400528,"sender":{"age":0,"area":"南宁","card":"小八的小弟-86五笔","level":"中级","nickname":"无影","role":"member","sex":"unknown","title":"","user_id":67195227},"sub_type":"normal","time":1558174518,"user_id":67195227}
[19-05-18 18:15:20] [PicqBotX] [DEBUG(java.lang.Thread.run:748)] 收到新请求: CQHttp/4.8.0
[19-05-18 18:15:20] [PicqBotX] [DEBUG(java.lang.Thread.run:748)] - 数据: {"anonymous":null,"font":8470448,"group_id":522394334,"message":"#战场启动","message_id":18850,"message_type":"group","post_type":"message","raw_message":"#战场启动","self_id":2997400528,"sender":{"age":8,"area":"广州","card":"谭宇-养生式跟打","level":"入门","nickname":"0 4 . 2 2","role":"admin","sex":"male","title":"","user_id":1061917196},"sub_type":"normal","time":1558174520,"user_id":1061917196}
[19-05-18 18:15:26] [PicqBotX] [DEBUG(java.lang.Thread.run:748)] 收到新请求: CQHttp/4.8.0
[19-05-18 18:15:26] [PicqBotX] [DEBUG(java.lang.Thread.run:748)] - 数据: {"anonymous":null,"font":8470480,"group_id":522394334,"message":"还等着收股份呢","message_id":18858,"message_type":"group","post_type":"message","raw_message":"还等着收股份呢","self_id":2997400528,"sender":{"age":0,"area":"南宁","card":"小八的小弟-86五笔","level":"中级","nickname":"无影","role":"member","sex":"unknown","title":"","user_id":67195227},"sub_type":"normal","time":1558174526,"user_id":67195227}
[19-05-18 18:15:26] [PicqBotX] [DEBUG(java.lang.Thread.run:748)] 收到新请求: CQHttp/4.8.0
[19-05-18 18:15:26] [PicqBotX] [DEBUG(java.lang.Thread.run:748)] - 数据: {"anonymous":null,"font":8470896,"group_id":522394334,"message":"尔先生","message_id":18859,"message_type":"group","post_type":"message","raw_message":"尔先生","self_id":2997400528,"sender":{"age":28,"area":"成都","card":"一枝独秀―谭八风","level":"了解群图书馆","nickname":"云华","role":"member","sex":"male","title":"","user_id":2297714857},"sub_type":"normal","time":1558174526,"user_id":2297714857}
[19-05-18 18:15:32] [PicqBotX] [DEBUG(java.lang.Thread.run:748)] 收到新请求: CQHttp/4.8.0
[19-05-18 18:15:32] [PicqBotX] [DEBUG(java.lang.Thread.run:748)] - 数据: {"anonymous":null,"font":8470480,"group_id":522394334,"message":"#赛文","message_id":18863,"message_type":"group","post_type":"message","raw_message":"#赛文","self_id":2997400528,"sender":{"age":4,"area":"东莞","card":"白菜-小鹤音形","level":"了解群图书馆","nickname":"???","role":"member","sex":"male","title":"","user_id":1451396222},"sub_type":"normal","time":1558174532,"user_id":1451396222}
[19-05-18 18:15:33] [PicqBotX] [DEBUG(java.lang.Thread.run:748)] 收到新请求: CQHttp/4.8.0
[19-05-18 18:15:33] [PicqBotX] [DEBUG(java.lang.Thread.run:748)] - 数据: {"anonymous":null,"font":8470288,"group_id":522394334,"message":"《麦当劳》日赛第536期-二花制作\r\n麦当劳乃MacDonald的译音。麦，有人读如马，犹可说也。劳字胡为乎来哉？N与L不分，令人听起来好别扭。牛肉饼夹圆面包，在美国也有它的一段变迁史。一九二三年我到美国读书，穷学生一个，真是“盘餐市远无兼味”，尤其是午饭一顿，总是在校园附近一家小店吃牛肉饼夹面包，但求果腹，不计其他。所谓牛肉饼，小小的薄薄的一片碎肉，在平底锅上煎得两面微焦，取一个圆面包（所谓bun），横剖为两片，抹上牛油，再抹上一层蛋黄酱，把牛肉饼放上去，加两小片飞薄的酸黄瓜。自己随意涂上些微酸的芥末酱。这样的东西，三口两口便吃掉，很难填饱中国人的胃，不过价钱便宜，只要一角钱。名字叫做“汉堡格尔”（Hamburger），尚无什么所谓“麦克唐诺”。说食无兼味，似嫌夸张，因为一个汉堡吃不饱，通常要至少找补一个三文治，三文治的花样就多了，可以有火腿、肝肠、鸡蛋等等之分，价钱也是一角。再加上一杯咖啡，每餐至少要两角五，总算可以糊口了。我不能忘记那个小店的老板娘，她独自应接顾客，老板司厨，她很俏丽泼辣，但不幸有个名副其实的狮子鼻。客人叫一份汉堡，她就高喊一声“Oneburger！”叫一份热狗，她就高喊一声“Onedog！”\r\n-----第999段-1200S-496Z-4L-025f2b05V--c.sw.1.1\r\n本文由 散文 组成","message_id":18864,"message_type":"group","post_type":"message","raw_message":"《麦当劳》日赛第536期-二花制作\r\n麦当劳乃MacDonald的译音。麦，有人读如马，犹可说也。劳字胡为乎来哉？N与L不分，令人听起来好别扭。牛肉饼夹圆面包，在美国也有它的一段变迁史。一九二三年我到美国读书，穷学生一个，真是“盘餐市远无兼味”，尤其是午饭一顿，总是在校园附近一家小店吃牛肉饼夹面包，但求果腹，不计其他。所谓牛肉饼，小小的薄薄的一片碎肉，在平底锅上煎得两面微焦，取一个圆面包（所谓bun），横剖为两片，抹上牛油，再抹上一层蛋黄酱，把牛肉饼放上去，加两小片飞薄的酸黄瓜。自己随意涂上些微酸的芥末酱。这样的东西，三口两口便吃掉，很难填饱中国人的胃，不过价钱便宜，只要一角钱。名字叫做“汉堡格尔”（Hamburger），尚无什么所谓“麦克唐诺”。说食无兼味，似嫌夸张，因为一个汉堡吃不饱，通常要至少找补一个三文治，三文治的花样就多了，可以有火腿、肝肠、鸡蛋等等之分，价钱也是一角。再加上一杯咖啡，每餐至少要两角五，总算可以糊口了。我不能忘记那个小店的老板娘，她独自应接顾客，老板司厨，她很俏丽泼辣，但不幸有个名副其实的狮子鼻。客人叫一份汉堡，她就高喊一声“Oneburger！”叫一份热狗，她就高喊一声“Onedog！”\r\n-----第999段-1200S-496Z-4L-025f2b05V--c.sw.1.1\r\n本文由 散文 组成","self_id":2997400528,"sender":{"age":6,"area":"北京","card":"","level":"小白","nickname":"小拆","role":"member","sex":"female","title":"","user_id":207938707},"sub_type":"normal","time":1558174533,"user_id":207938707}
[19-05-18 18:15:33] [PicqBotX] [DEBUG(java.lang.Thread.run:748)] 收到新请求: CQHttp/4.8.0
[19-05-18 18:15:33] [PicqBotX] [DEBUG(java.lang.Thread.run:748)] - 数据: {"anonymous":null,"font":8470960,"group_id":522394334,"message":"沿着冷","message_id":18865,"message_type":"group","post_type":"message","raw_message":"沿着冷","self_id":2997400528,"sender":{"age":28,"area":"成都","card":"一枝独秀―谭八风","level":"了解群图书馆","nickname":"云华","role":"member","sex":"male","title":"","user_id":2297714857},"sub_type":"normal","time":1558174533,"user_id":2297714857}
[19-05-18 18:15:35] [PicqBotX] [DEBUG(java.lang.Thread.run:748)] 收到新请求: CQHttp/4.8.0
[19-05-18 18:15:35] [PicqBotX] [DEBUG(java.lang.Thread.run:748)] - 数据: {"anonymous":null,"font":8470608,"group_id":522394334,"message":"僻","message_id":18866,"message_type":"group","post_type":"message","raw_message":"僻","self_id":2997400528,"sender":{"age":28,"area":"成都","card":"一枝独秀―谭八风","level":"了解群图书馆","nickname":"云华","role":"member","sex":"male","title":"","user_id":2297714857},"sub_type":"normal","time":1558174535,"user_id":2297714857}
[19-05-18 18:15:36] [PicqBotX] [DEBUG(java.lang.Thread.run:748)] 收到新请求: CQHttp/4.8.0
[19-05-18 18:15:36] [PicqBotX] [DEBUG(java.lang.Thread.run:748)] - 数据: {"anonymous":null,"font":8470736,"group_id":522394334,"message":"#战场启动","message_id":18867,"message_type":"group","post_type":"message","raw_message":"#战场启动","self_id":2997400528,"sender":{"age":8,"area":"广州","card":"谭宇-养生式跟打","level":"入门","nickname":"0 4 . 2 2","role":"admin","sex":"male","title":"","user_id":1061917196},"sub_type":"normal","time":1558174536,"user_id":1061917196}
[19-05-18 18:15:39] [PicqBotX] [DEBUG(java.lang.Thread.run:748)] 收到新请求: CQHttp/4.8.0
[19-05-18 18:15:39] [PicqBotX] [DEBUG(java.lang.Thread.run:748)] - 数据: {"anonymous":null,"font":8470992,"group_id":522394334,"message":"你打到5分","message_id":18873,"message_type":"group","post_type":"message","raw_message":"你打到5分","self_id":2997400528,"sender":{"age":8,"area":"广州","card":"谭宇-养生式跟打","level":"入门","nickname":"0 4 . 2 2","role":"admin","sex":"male","title":"","user_id":1061917196},"sub_type":"normal","time":1558174539,"user_id":1061917196}
[19-05-18 18:15:40] [PicqBotX] [DEBUG(java.lang.Thread.run:748)] 收到新请求: CQHttp/4.8.0
[19-05-18 18:15:40] [PicqBotX] [DEBUG(java.lang.Thread.run:748)] - 数据: {"anonymous":null,"font":8470832,"group_id":522394334,"message":"这个医","message_id":18874,"message_type":"group","post_type":"message","raw_message":"这个医","self_id":2997400528,"sender":{"age":28,"area":"成都","card":"一枝独秀―谭八风","level":"了解群图书馆","nickname":"云华","role":"member","sex":"male","title":"","user_id":2297714857},"sub_type":"normal","time":1558174540,"user_id":2297714857}
[19-05-18 18:15:43] [PicqBotX] [DEBUG(java.lang.Thread.run:748)] 收到新请求: CQHttp/4.8.0
[19-05-18 18:15:43] [PicqBotX] [DEBUG(java.lang.Thread.run:748)] - 数据: {"anonymous":null,"font":8470416,"group_id":522394334,"message":"生几乎","message_id":18877,"message_type":"group","post_type":"message","raw_message":"生几乎","self_id":2997400528,"sender":{"age":28,"area":"成都","card":"一枝独秀―谭八风","level":"了解群图书馆","nickname":"云华","role":"member","sex":"male","title":"","user_id":2297714857},"sub_type":"normal","time":1558174543,"user_id":2297714857}
[19-05-18 18:15:45] [PicqBotX] [DEBUG(java.lang.Thread.run:748)] 收到新请求: CQHttp/4.8.0
[19-05-18 18:15:45] [PicqBotX] [DEBUG(java.lang.Thread.run:748)] - 数据: {"anonymous":null,"font":8470416,"group_id":522394334,"message":"每天的","message_id":18880,"message_type":"group","post_type":"message","raw_message":"每天的","self_id":2997400528,"sender":{"age":28,"area":"成都","card":"一枝独秀―谭八风","level":"了解群图书馆","nickname":"云华","role":"member","sex":"male","title":"","user_id":2297714857},"sub_type":"normal","time":1558174545,"user_id":2297714857}
[19-05-18 18:15:47] [PicqBotX] [DEBUG(java.lang.Thread.run:748)] 收到新请求: CQHttp/4.8.0
[19-05-18 18:15:47] [PicqBotX] [DEBUG(java.lang.Thread.run:748)] - 数据: {"anonymous":null,"font":8470704,"group_id":522394334,"message":"鱼","message_id":18881,"message_type":"group","post_type":"message","raw_message":"鱼","self_id":2997400528,"sender":{"age":28,"area":"成都","card":"一枝独秀―谭八风","level":"了解群图书馆","nickname":"云华","role":"member","sex":"male","title":"","user_id":2297714857},"sub_type":"normal","time":1558174547,"user_id":2297714857}
[19-05-18 18:15:50] [PicqBotX] [DEBUG(java.lang.Thread.run:748)] 收到新请求: CQHttp/4.8.0
[19-05-18 18:15:50] [PicqBotX] [DEBUG(java.lang.Thread.run:748)] - 数据: {"anonymous":null,"font":8470544,"group_id":556981260,"message":"第999段 速度73.42/82.43 击键3.98 码长2.89 字数507 时间06:06.11 回改34 退格80 回车1 键数1456 选重5 键准92.17% 键法60.77% 重打0 打词90.46% 峰值108.6/5.88/2.4 错字11 错情&#91;三方政上生产众领主导把√ 单封整生升战荣流住到吧×&#93;&#91;错一罚五&#93; 校检:ee040 极速跟打器v1.46","message_id":18883,"message_type":"group","post_type":"message","raw_message":"第999段 速度73.42/82.43 击键3.98 码长2.89 字数507 时间06:06.11 回改34 退格80 回车1 键数1456 选重5 键准92.17% 键法60.77% 重打0 打词90.46% 峰值108.6/5.88/2.4 错字11 错情&#91;三方政上生产众领主导把√ 单封整生升战荣流住到吧×&#93;&#91;错一罚五&#93; 校检:ee040 极速跟打器v1.46","self_id":2997400528,"sender":{"age":78,"area":"沧州","card":"大猫-自然码双拼","level":"小蹦哒","nickname":"日月","role":"member","sex":"male","title":"","user_id":313471315},"sub_type":"normal","time":1558174550,"user_id":313471315}
[19-05-18 18:15:52] [PicqBotX] [DEBUG(java.lang.Thread.run:748)] 收到新请求: CQHttp/4.8.0
[19-05-18 18:15:52] [PicqBotX] [DEBUG(java.lang.Thread.run:748)] - 数据: {"anonymous":null,"font":8470352,"group_id":522394334,"message":"#战场启动","message_id":18884,"message_type":"group","post_type":"message","raw_message":"#战场启动","self_id":2997400528,"sender":{"age":8,"area":"广州","card":"谭宇-养生式跟打","level":"入门","nickname":"0 4 . 2 2","role":"admin","sex":"male","title":"","user_id":1061917196},"sub_type":"normal","time":1558174552,"user_id":1061917196}
[19-05-18 18:15:56] [PicqBotX] [DEBUG(java.lang.Thread.run:748)] 收到新请求: CQHttp/4.8.0
[19-05-18 18:15:56] [PicqBotX] [DEBUG(java.lang.Thread.run:748)] - 数据: {"anonymous":null,"font":8470224,"group_id":522394334,"message":"我原是","message_id":18890,"message_type":"group","post_type":"message","raw_message":"我原是","self_id":2997400528,"sender":{"age":28,"area":"成都","card":"一枝独秀―谭八风","level":"了解群图书馆","nickname":"云华","role":"member","sex":"male","title":"","user_id":2297714857},"sub_type":"normal","time":1558174556,"user_id":2297714857}
[19-05-18 18:15:57] [PicqBotX] [DEBUG(java.lang.Thread.run:748)] 收到新请求: CQHttp/4.8.0
[19-05-18 18:15:57] [PicqBotX] [DEBUG(java.lang.Thread.run:748)] - 数据: {"anonymous":null,"font":8470896,"group_id":522394334,"message":"学理科","message_id":18893,"message_type":"group","post_type":"message","raw_message":"学理科","self_id":2997400528,"sender":{"age":28,"area":"成都","card":"一枝独秀―谭八风","level":"了解群图书馆","nickname":"云华","role":"member","sex":"male","title":"","user_id":2297714857},"sub_type":"normal","time":1558174557,"user_id":2297714857}
[19-05-18 18:16:00] [PicqBotX] [DEBUG(java.lang.Thread.run:748)] 收到新请求: CQHttp/4.8.0
[19-05-18 18:16:00] [PicqBotX] [DEBUG(java.lang.Thread.run:748)] - 数据: {"anonymous":null,"font":8470448,"group_id":522394334,"message":"的，最","message_id":18894,"message_type":"group","post_type":"message","raw_message":"的，最","self_id":2997400528,"sender":{"age":28,"area":"成都","card":"一枝独秀―谭八风","level":"了解群图书馆","nickname":"云华","role":"member","sex":"male","title":"","user_id":2297714857},"sub_type":"normal","time":1558174560,"user_id":2297714857}
[19-05-18 18:16:02] [PicqBotX] [DEBUG(java.lang.Thread.run:748)] 收到新请求: CQHttp/4.8.0
[19-05-18 18:16:02] [PicqBotX] [DEBUG(java.lang.Thread.run:748)] - 数据: {"anonymous":null,"font":8470352,"group_id":522394334,"message":"早","message_id":18897,"message_type":"group","post_type":"message","raw_message":"早","self_id":2997400528,"sender":{"age":28,"area":"成都","card":"一枝独秀―谭八风","level":"了解群图书馆","nickname":"云华","role":"member","sex":"male","title":"","user_id":2297714857},"sub_type":"normal","time":1558174562,"user_id":2297714857}
[19-05-18 18:16:05] [PicqBotX] [DEBUG(java.lang.Thread.run:748)] 收到新请求: CQHttp/4.8.0
[19-05-18 18:16:05] [PicqBotX] [DEBUG(java.lang.Thread.run:748)] - 数据: {"anonymous":null,"font":8470896,"group_id":556981260,"message":"#成绩","message_id":18899,"message_type":"group","post_type":"message","raw_message":"#成绩","self_id":2997400528,"sender":{"age":78,"area":"沧州","card":"大猫-自然码双拼","level":"小蹦哒","nickname":"日月","role":"member","sex":"male","title":"","user_id":313471315},"sub_type":"normal","time":1558174565,"user_id":313471315}
[19-05-18 18:16:08] [PicqBotX] [DEBUG(java.lang.Thread.run:748)] 收到新请求: CQHttp/4.8.0
[19-05-18 18:16:08] [PicqBotX] [DEBUG(java.lang.Thread.run:748)] - 数据: {"anonymous":null,"font":8470064,"group_id":556981260,"message":"[CQ:image,file=7E0FCD091836A151C9F72E55A3F10301.png,url=https://gchat.qpic.cn/gchatpic_new/207938707/556981260-2500221195-7E0FCD091836A151C9F72E55A3F10301/0?vuin=2997400528&amp;term=2]","message_id":18900,"message_type":"group","post_type":"message","raw_message":"[CQ:image,file=7E0FCD091836A151C9F72E55A3F10301.png]","self_id":2997400528,"sender":{"age":6,"area":"北京","card":"","level":"波音747","nickname":"小拆","role":"admin","sex":"female","title":"","user_id":207938707},"sub_type":"normal","time":1558174568,"user_id":207938707}
[19-05-18 18:16:08] [PicqBotX] [DEBUG(java.lang.Thread.run:748)] 收到新请求: CQHttp/4.8.0
[19-05-18 18:16:08] [PicqBotX] [DEBUG(java.lang.Thread.run:748)] - 数据: {"anonymous":null,"font":8470960,"group_id":522394334,"message":"排序不了啊。","message_id":18901,"message_type":"group","post_type":"message","raw_message":"排序不了啊。","self_id":2997400528,"sender":{"age":8,"area":"广州","card":"谭宇-养生式跟打","level":"入门","nickname":"0 4 . 2 2","role":"admin","sex":"male","title":"","user_id":1061917196},"sub_type":"normal","time":1558174568,"user_id":1061917196}
[19-05-18 18:16:10] [PicqBotX] [DEBUG(java.lang.Thread.run:748)] 收到新请求: CQHttp/4.8.0
[19-05-18 18:16:10] [PicqBotX] [DEBUG(java.lang.Thread.run:748)] - 数据: {"anonymous":null,"font":8470288,"group_id":522394334,"message":"骗人的","message_id":18902,"message_type":"group","post_type":"message","raw_message":"骗人的","self_id":2997400528,"sender":{"age":8,"area":"广州","card":"谭宇-养生式跟打","level":"入门","nickname":"0 4 . 2 2","role":"admin","sex":"male","title":"","user_id":1061917196},"sub_type":"normal","time":1558174570,"user_id":1061917196}
[19-05-18 18:16:15] [PicqBotX] [DEBUG(java.lang.Thread.run:748)] 收到新请求: CQHttp/4.8.0
[19-05-18 18:16:15] [PicqBotX] [DEBUG(java.lang.Thread.run:748)] - 数据: {"anonymous":null,"font":8470320,"group_id":556981260,"message":"第999段 速度194.54 击键4.82 码长1.49 回改4 错字0 键数753 退格7 键准97.88% 字数507 &#91;文明建设&#93;5.28s 打词145(82.84%/5.18) 起步398.88/6.65/1.00 重打1次(507字) 波动0.29 键法47.77%(左354:387) 评分：[CQ:image,file=EA631B86229DABB15DBEC326AD4E224A.png,url=https://gchat.qpic.cn/gchatpic_new/1144107042/556981260-2535255489-EA631B86229DABB15DBEC326AD4E224A/0?vuin=2997400528&amp;term=2]  输入法：极点五笔 起打于18:13:25 y16","message_id":18903,"message_type":"group","post_type":"message","raw_message":"第999段 速度194.54 击键4.82 码长1.49 回改4 错字0 键数753 退格7 键准97.88% 字数507 &#91;文明建设&#93;5.28s 打词145(82.84%/5.18) 起步398.88/6.65/1.00 重打1次(507字) 波动0.29 键法47.77%(左354:387) 评分：[CQ:image,file=EA631B86229DABB15DBEC326AD4E224A.png]  输入法：极点五笔 起打于18:13:25 y16","self_id":2997400528,"sender":{"age":16,"area":"苏州","card":"聆竹听风-极点五笔","level":"死飞单车","nickname":"聆竹听风","role":"member","sex":"male","title":"","user_id":1144107042},"sub_type":"normal","time":1558174575,"user_id":1144107042}
[19-05-18 18:16:16] [PicqBotX] [DEBUG(java.lang.Thread.run:748)] 收到新请求: CQHttp/4.8.0
[19-05-18 18:16:16] [PicqBotX] [DEBUG(java.lang.Thread.run:748)] - 数据: {"anonymous":null,"font":8470320,"group_id":522394334,"message":"额……","message_id":18904,"message_type":"group","post_type":"message","raw_message":"额……","self_id":2997400528,"sender":{"age":28,"area":"成都","card":"一枝独秀―谭八风","level":"了解群图书馆","nickname":"云华","role":"member","sex":"male","title":"","user_id":2297714857},"sub_type":"normal","time":1558174576,"user_id":2297714857}
[19-05-18 18:16:19] [PicqBotX] [DEBUG(java.lang.Thread.run:748)] 收到新请求: CQHttp/4.8.0
[19-05-18 18:16:19] [PicqBotX] [DEBUG(java.lang.Thread.run:748)] - 数据: {"anonymous":null,"font":8470480,"group_id":522394334,"message":"#战场销毁","message_id":18905,"message_type":"group","post_type":"message","raw_message":"#战场销毁","self_id":2997400528,"sender":{"age":0,"area":"","card":"老随风-小鹤音形","level":"入门","nickname":"老随风","role":"member","sex":"unknown","title":"","user_id":845931456},"sub_type":"normal","time":1558174579,"user_id":845931456}
[19-05-18 18:16:22] [PicqBotX] [DEBUG(java.lang.Thread.run:748)] 收到新请求: CQHttp/4.8.0
[19-05-18 18:16:22] [PicqBotX] [DEBUG(java.lang.Thread.run:748)] - 数据: {"anonymous":null,"font":8470160,"group_id":522394334,"message":"你自己的系统谁骗你","message_id":18907,"message_type":"group","post_type":"message","raw_message":"你自己的系统谁骗你","self_id":2997400528,"sender":{"age":28,"area":"成都","card":"一枝独秀―谭八风","level":"了解群图书馆","nickname":"云华","role":"member","sex":"male","title":"","user_id":2297714857},"sub_type":"normal","time":1558174582,"user_id":2297714857}
[19-05-18 18:16:35] [PicqBotX] [DEBUG(java.lang.Thread.run:748)] 收到新请求: CQHttp/4.8.0
[19-05-18 18:16:35] [PicqBotX] [DEBUG(java.lang.Thread.run:748)] - 数据: {"anonymous":null,"font":8470640,"group_id":522394334,"message":"[CQ:image,file=F65230F3B8EA8D1D3EC561C6039E1421.jpg,url=https://gchat.qpic.cn/gchatpic_new/2297714857/522394334-2725363081-F65230F3B8EA8D1D3EC561C6039E1421/0?vuin=2997400528&amp;term=2]","message_id":18908,"message_type":"group","post_type":"message","raw_message":"[CQ:image,file=F65230F3B8EA8D1D3EC561C6039E1421.jpg]","self_id":2997400528,"sender":{"age":28,"area":"成都","card":"一枝独秀―谭八风","level":"了解群图书馆","nickname":"云华","role":"member","sex":"male","title":"","user_id":2297714857},"sub_type":"normal","time":1558174595,"user_id":2297714857}
[19-05-18 18:16:46] [PicqBotX] [DEBUG(java.lang.Thread.run:748)] 收到新请求: CQHttp/4.8.0
[19-05-18 18:16:46] [PicqBotX] [DEBUG(java.lang.Thread.run:748)] - 数据: {"anonymous":null,"font":8470896,"group_id":522394334,"message":"#发","message_id":18909,"message_type":"group","post_type":"message","raw_message":"#发","self_id":2997400528,"sender":{"age":0,"area":"","card":"老随风-小鹤音形","level":"入门","nickname":"老随风","role":"member","sex":"unknown","title":"","user_id":845931456},"sub_type":"normal","time":1558174606,"user_id":845931456}
[19-05-18 18:16:49] [PicqBotX] [DEBUG(java.lang.Thread.run:748)] 收到新请求: CQHttp/4.8.0
[19-05-18 18:16:49] [PicqBotX] [DEBUG(java.lang.Thread.run:748)] - 数据: {"anonymous":null,"font":8470320,"group_id":522394334,"message":"常用单字中五百\r\n富资脑避弟毫既苏纳祖挥试预欢竟研骨勇夏肉凡酒茶户嘴错征尚例克演词考策余顶优晚朋哪降善夜圣采替园良阴呼脱占居归险熟权够丽倒假楚划右戏察村穿射忘耳率较异香母味梦巴兰叶益船暗环习查吸吧付软窗释秀啊架略诉忙岁亮防奇皮土星参止财局职伯块突乱沉赶互纪批血波宫硬食印章素伤丁隐料标省惊封仅木松默洋创怪差案男毕冷超配永妻雪寻危恐欧兵线背厅晓击翻操雄景妈犯树劳河怀摇顿卖贵毒营希联号网退灵担脸供轮练细兄纸杨吉唐吗散姓史束份烈牛阵杂社智罪检索投救冲诗概室免温菜刘孙状古庭荣派介压初激怕列姐缺镇短威掌升承铁恩技胜质宗党借谢排州探斯草店校喝宣仁围休按湖娘游顾急楼团端逐护含姑梅停增私刀冰谁验讲虑佛街灯跑馆曲卷迷拍艺缓获趣板济著旁浪追午彩油恶区登秘府孩败态专套睛醒际苦斗仍田读胡敢速伙野饭福般伸愿钟坏尼秋招继遍乡维律访规疑雷基养攻妇助帮左朱守班君牌医普雨层效导盘渐源阿境模置歌值负误临委拿衣藏范杀队盖角汉买康忽责另玉画朝礼玩致育争迎欲股判项限警积甚靠亚卫选握坚跳陈谓席否露绿掉毛器哥亦修齐舞烟笔宝需摆执春级脚肯适堂遇虚密抱禁顺沙龙属续静球床简独农莫材科困旧害座幸庄药京句移哈宁扬您破讨族痛换监米银屋慢织抓广丝施历价某组托睡充副\r\n-----第13506段-乱序--c.fw.1.5","message_id":18910,"message_type":"group","post_type":"message","raw_message":"常用单字中五百\r\n富资脑避弟毫既苏纳祖挥试预欢竟研骨勇夏肉凡酒茶户嘴错征尚例克演词考策余顶优晚朋哪降善夜圣采替园良阴呼脱占居归险熟权够丽倒假楚划右戏察村穿射忘耳率较异香母味梦巴兰叶益船暗环习查吸吧付软窗释秀啊架略诉忙岁亮防奇皮土星参止财局职伯块突乱沉赶互纪批血波宫硬食印章素伤丁隐料标省惊封仅木松默洋创怪差案男毕冷超配永妻雪寻危恐欧兵线背厅晓击翻操雄景妈犯树劳河怀摇顿卖贵毒营希联号网退灵担脸供轮练细兄纸杨吉唐吗散姓史束份烈牛阵杂社智罪检索投救冲诗概室免温菜刘孙状古庭荣派介压初激怕列姐缺镇短威掌升承铁恩技胜质宗党借谢排州探斯草店校喝宣仁围休按湖娘游顾急楼团端逐护含姑梅停增私刀冰谁验讲虑佛街灯跑馆曲卷迷拍艺缓获趣板济著旁浪追午彩油恶区登秘府孩败态专套睛醒际苦斗仍田读胡敢速伙野饭福般伸愿钟坏尼秋招继遍乡维律访规疑雷基养攻妇助帮左朱守班君牌医普雨层效导盘渐源阿境模置歌值负误临委拿衣藏范杀队盖角汉买康忽责另玉画朝礼玩致育争迎欲股判项限警积甚靠亚卫选握坚跳陈谓席否露绿掉毛器哥亦修齐舞烟笔宝需摆执春级脚肯适堂遇虚密抱禁顺沙龙属续静球床简独农莫材科困旧害座幸庄药京句移哈宁扬您破讨族痛换监米银屋慢织抓广丝施历价某组托睡充副\r\n-----第13506段-乱序--c.fw.1.5","self_id":2997400528,"sender":{"age":6,"area":"北京","card":"","level":"小白","nickname":"小拆","role":"member","sex":"female","title":"","user_id":207938707},"sub_type":"normal","time":1558174609,"user_id":207938707}
[19-05-18 18:16:52] [PicqBotX] [DEBUG(java.lang.Thread.run:748)] 收到新请求: CQHttp/4.8.0
[19-05-18 18:16:52] [PicqBotX] [DEBUG(java.lang.Thread.run:748)] - 数据: {"anonymous":null,"font":8470928,"group_id":522394334,"message":"[CQ:image,file=344A221C483317AFA2679AC9BDE6058B.gif,url=https://gchat.qpic.cn/gchatpic_new/845931456/522394334-2966764643-344A221C483317AFA2679AC9BDE6058B/0?vuin=2997400528&amp;term=2]","message_id":18911,"message_type":"group","post_type":"message","raw_message":"[CQ:image,file=344A221C483317AFA2679AC9BDE6058B.gif]","self_id":2997400528,"sender":{"age":0,"area":"","card":"老随风-小鹤音形","level":"入门","nickname":"老随风","role":"member","sex":"unknown","title":"","user_id":845931456},"sub_type":"normal","time":1558174612,"user_id":845931456}
[19-05-18 18:16:54] [PicqBotX] [DEBUG(java.lang.Thread.run:748)] 收到新请求: CQHttp/4.8.0
[19-05-18 18:16:54] [PicqBotX] [DEBUG(java.lang.Thread.run:748)] - 数据: {"anonymous":null,"font":8470256,"group_id":522394334,"message":"我现在都没懂是啥排序","message_id":18912,"message_type":"group","post_type":"message","raw_message":"我现在都没懂是啥排序","self_id":2997400528,"sender":{"age":28,"area":"成都","card":"一枝独秀―谭八风","level":"了解群图书馆","nickname":"云华","role":"member","sex":"male","title":"","user_id":2297714857},"sub_type":"normal","time":1558174614,"user_id":2297714857}
[19-05-18 18:17:14] [PicqBotX] [DEBUG(java.lang.Thread.run:748)] 收到新请求: CQHttp/4.8.0
[19-05-18 18:17:14] [PicqBotX] [DEBUG(java.lang.Thread.run:748)] - 数据: {"anonymous":null,"font":8470192,"group_id":522394334,"message":"得分排序","message_id":18913,"message_type":"group","post_type":"message","raw_message":"得分排序","self_id":2997400528,"sender":{"age":8,"area":"广州","card":"谭宇-养生式跟打","level":"入门","nickname":"0 4 . 2 2","role":"admin","sex":"male","title":"","user_id":1061917196},"sub_type":"normal","time":1558174634,"user_id":1061917196}
[19-05-18 18:18:08] [PicqBotX] [DEBUG(java.lang.Thread.run:748)] 收到新请求: CQHttp/4.8.0
[19-05-18 18:18:08] [PicqBotX] [DEBUG(java.lang.Thread.run:748)] - 数据: {"anonymous":null,"font":8470640,"group_id":522394334,"message":"[CQ:bface,id=29DF4EAF4E01A6AF987EBD60506E82B3,p=12018]","message_id":18914,"message_type":"group","post_type":"message","raw_message":"[CQ:bface,p=12018,id=29DF4EAF4E01A6AF987EBD60506E82B3]","self_id":2997400528,"sender":{"age":28,"area":"成都","card":"一枝独秀―谭八风","level":"了解群图书馆","nickname":"云华","role":"member","sex":"male","title":"","user_id":2297714857},"sub_type":"normal","time":1558174688,"user_id":2297714857}
[19-05-18 18:18:17] [PicqBotX] [DEBUG(java.lang.Thread.run:748)] 收到新请求: CQHttp/4.8.0
[19-05-18 18:18:17] [PicqBotX] [DEBUG(java.lang.Thread.run:748)] - 数据: {"anonymous":null,"font":8470576,"group_id":556981260,"message":"第999段 速度116.91 击键3.90 码长2.00 字数507 时间04:19.68 回改14 退格15 回车0 键数1013 键准97.14% 键法107.00% 打词48.22% 峰值146.85/5.88/1.8 输入法:西风瘦码 校检:62992 极速跟打器v1.46","message_id":18915,"message_type":"group","post_type":"message","raw_message":"第999段 速度116.91 击键3.90 码长2.00 字数507 时间04:19.68 回改14 退格15 回车0 键数1013 键准97.14% 键法107.00% 打词48.22% 峰值146.85/5.88/1.8 输入法:西风瘦码 校检:62992 极速跟打器v1.46","self_id":2997400528,"sender":{"age":0,"area":"","card":"翱翔无限-西风瘦码","level":"新日电动车","nickname":"翱翔无限","role":"member","sex":"male","title":"","user_id":19083091},"sub_type":"normal","time":1558174697,"user_id":19083091}
[19-05-18 18:18:41] [PicqBotX] [DEBUG(java.lang.Thread.run:748)] 收到新请求: CQHttp/4.8.0
[19-05-18 18:18:41] [PicqBotX] [DEBUG(java.lang.Thread.run:748)] - 数据: {"anonymous":null,"font":8470224,"group_id":522394334,"message":"静电容的键帽真的不打油吗？","message_id":18916,"message_type":"group","post_type":"message","raw_message":"静电容的键帽真的不打油吗？","self_id":2997400528,"sender":{"age":28,"area":"成都","card":"一枝独秀―谭八风","level":"了解群图书馆","nickname":"云华","role":"member","sex":"male","title":"","user_id":2297714857},"sub_type":"normal","time":1558174721,"user_id":2297714857}
[19-05-18 18:19:02] [PicqBotX] [DEBUG(java.lang.Thread.run:748)] 收到新请求: CQHttp/4.8.0
[19-05-18 18:19:02] [PicqBotX] [DEBUG(java.lang.Thread.run:748)] - 数据: {"anonymous":null,"font":8470512,"group_id":522394334,"message":"[CQ:image,file=F65230F3B8EA8D1D3EC561C6039E1421.jpg,url=https://gchat.qpic.cn/gchatpic_new/2297714857/522394334-2725363081-F65230F3B8EA8D1D3EC561C6039E1421/0?vuin=2997400528&amp;term=2]想买又不敢买","message_id":18917,"message_type":"group","post_type":"message","raw_message":"[CQ:image,file=F65230F3B8EA8D1D3EC561C6039E1421.jpg]想买又不敢买","self_id":2997400528,"sender":{"age":28,"area":"成都","card":"一枝独秀―谭八风","level":"了解群图书馆","nickname":"云华","role":"member","sex":"male","title":"","user_id":2297714857},"sub_type":"normal","time":1558174742,"user_id":2297714857}
[19-05-18 18:19:10] [PicqBotX] [DEBUG(java.lang.Thread.run:748)] 收到新请求: CQHttp/4.8.0
[19-05-18 18:19:10] [PicqBotX] [DEBUG(java.lang.Thread.run:748)] - 数据: {"anonymous":null,"font":8470544,"group_id":522394334,"message":"主要我懒的退货","message_id":18918,"message_type":"group","post_type":"message","raw_message":"主要我懒的退货","self_id":2997400528,"sender":{"age":28,"area":"成都","card":"一枝独秀―谭八风","level":"了解群图书馆","nickname":"云华","role":"member","sex":"male","title":"","user_id":2297714857},"sub_type":"normal","time":1558174750,"user_id":2297714857}
[19-05-18 18:19:14] [PicqBotX] [DEBUG(java.lang.Thread.run:748)] 收到新请求: CQHttp/4.8.0
[19-05-18 18:19:14] [PicqBotX] [DEBUG(java.lang.Thread.run:748)] - 数据: {"anonymous":null,"font":8470448,"group_id":556981260,"message":"#赛文","message_id":18919,"message_type":"group","post_type":"message","raw_message":"#赛文","self_id":2997400528,"sender":{"age":78,"area":"沧州","card":"大猫-自然码双拼","level":"小蹦哒","nickname":"日月","role":"member","sex":"male","title":"","user_id":313471315},"sub_type":"normal","time":1558174754,"user_id":313471315}
[19-05-18 18:19:15] [PicqBotX] [DEBUG(java.lang.Thread.run:748)] 收到新请求: CQHttp/4.8.0
[19-05-18 18:19:15] [PicqBotX] [DEBUG(java.lang.Thread.run:748)] - 数据: {"anonymous":null,"font":8470160,"group_id":556981260,"message":"001第1134期-鱼制作\r\n三个代表重要思想是新时期党的建设的伟大指针。江泽民同志一个代表重要思想，从政治、经济、文化三个方面进一步揭示了党的先锋队的实质和内涵，对我们在新的世纪如何保持党的性质提出了根本要求，是新时期党的建设的伟大指针。它从理论上回答了为什么中国共产党是现代化建设的领导核心，同时指出，只有在经济上代表先进生产力的发展要求，在意识形态上代表先进文化的前进方向，在政治基础上代表人民群众的根本利益，我们党才能始终带领全体人民不断夺取社会主义现代化建设的新胜利。三个代表重要思想体现了党的建设中改造客观世界与改造主观世界的辩证统一。生产力决定生产关系，经济基础决定上层建筑，三个代表中，首要的是代表先进社会生产力的发展要求。有了先进的生产力，我们就能繁荣经济，增强国力，最大限度地实现人民群众的根本利益。但是，解放和发展生产力，必须同时处理好生产关系和上层建筑特别是思想文化领域协调发展。根据三个代表的要求，我们党要成为先进文化的代表，要主导精神文明建设的发展进程，就必须使每个共产党员特别是党员领导干部，在改造客观世界的同时，努力改造主观世界。把两个改造辩证地统一起来，是抓好新时期党的建设，保持党的先进性和代表性的重要一环。\r\n-----第999段-1200S-507Z-3L-7ea577ceV--c.sw.1.1","message_id":18920,"message_type":"group","post_type":"message","raw_message":"001第1134期-鱼制作\r\n三个代表重要思想是新时期党的建设的伟大指针。江泽民同志一个代表重要思想，从政治、经济、文化三个方面进一步揭示了党的先锋队的实质和内涵，对我们在新的世纪如何保持党的性质提出了根本要求，是新时期党的建设的伟大指针。它从理论上回答了为什么中国共产党是现代化建设的领导核心，同时指出，只有在经济上代表先进生产力的发展要求，在意识形态上代表先进文化的前进方向，在政治基础上代表人民群众的根本利益，我们党才能始终带领全体人民不断夺取社会主义现代化建设的新胜利。三个代表重要思想体现了党的建设中改造客观世界与改造主观世界的辩证统一。生产力决定生产关系，经济基础决定上层建筑，三个代表中，首要的是代表先进社会生产力的发展要求。有了先进的生产力，我们就能繁荣经济，增强国力，最大限度地实现人民群众的根本利益。但是，解放和发展生产力，必须同时处理好生产关系和上层建筑特别是思想文化领域协调发展。根据三个代表的要求，我们党要成为先进文化的代表，要主导精神文明建设的发展进程，就必须使每个共产党员特别是党员领导干部，在改造客观世界的同时，努力改造主观世界。把两个改造辩证地统一起来，是抓好新时期党的建设，保持党的先进性和代表性的重要一环。\r\n-----第999段-1200S-507Z-3L-7ea577ceV--c.sw.1.1","self_id":2997400528,"sender":{"age":6,"area":"北京","card":"","level":"波音747","nickname":"小拆","role":"admin","sex":"female","title":"","user_id":207938707},"sub_type":"normal","time":1558174755,"user_id":207938707}
[19-05-18 18:20:41] [PicqBotX] [DEBUG(java.lang.Thread.run:748)] 收到新请求: CQHttp/4.8.0
[19-05-18 18:20:41] [PicqBotX] [DEBUG(java.lang.Thread.run:748)] - 数据: {"anonymous":null,"font":8470928,"group_id":556981260,"message":"第999段 速度205.28 击键4.98 码长1.46 回改0 错字0 键数738 退格4 键准98.92% 字数507 &#91;我们党&#93;2.11s 打词145(83.23%/5.36) 起步402.81/6.71/1.00 重打2次(1014字) 波动0.18 键法48.22%(左353:379) 评分：[CQ:image,file=47315DB5EF85F8154A8E106FE5DD62FE.png,url=https://gchat.qpic.cn/gchatpic_new/1144107042/556981260-2225485203-47315DB5EF85F8154A8E106FE5DD62FE/0?vuin=2997400528&amp;term=2]  输入法：极点五笔 起打于18:18:05 y16","message_id":18921,"message_type":"group","post_type":"message","raw_message":"第999段 速度205.28 击键4.98 码长1.46 回改0 错字0 键数738 退格4 键准98.92% 字数507 &#91;我们党&#93;2.11s 打词145(83.23%/5.36) 起步402.81/6.71/1.00 重打2次(1014字) 波动0.18 键法48.22%(左353:379) 评分：[CQ:image,file=47315DB5EF85F8154A8E106FE5DD62FE.png]  输入法：极点五笔 起打于18:18:05 y16","self_id":2997400528,"sender":{"age":16,"area":"苏州","card":"聆竹听风-极点五笔","level":"死飞单车","nickname":"聆竹听风","role":"member","sex":"male","title":"","user_id":1144107042},"sub_type":"normal","time":1558174841,"user_id":1144107042}
[19-05-18 18:20:56] [PicqBotX] [DEBUG(java.lang.Thread.run:748)] 收到新请求: CQHttp/4.8.0
[19-05-18 18:20:56] [PicqBotX] [DEBUG(java.lang.Thread.run:748)] - 数据: {"anonymous":null,"font":8470192,"group_id":556981260,"message":"#成绩","message_id":18922,"message_type":"group","post_type":"message","raw_message":"#成绩","self_id":2997400528,"sender":{"age":16,"area":"苏州","card":"聆竹听风-极点五笔","level":"死飞单车","nickname":"聆竹听风","role":"member","sex":"male","title":"","user_id":1144107042},"sub_type":"normal","time":1558174856,"user_id":1144107042}
[19-05-18 18:20:59] [PicqBotX] [DEBUG(java.lang.Thread.run:748)] 收到新请求: CQHttp/4.8.0
[19-05-18 18:20:59] [PicqBotX] [DEBUG(java.lang.Thread.run:748)] - 数据: {"anonymous":null,"font":8470416,"group_id":556981260,"message":"[CQ:image,file=71A715C0E27A34012453C05B42A7DB6D.png,url=https://gchat.qpic.cn/gchatpic_new/207938707/556981260-3061226600-71A715C0E27A34012453C05B42A7DB6D/0?vuin=2997400528&amp;term=2]","message_id":18923,"message_type":"group","post_type":"message","raw_message":"[CQ:image,file=71A715C0E27A34012453C05B42A7DB6D.png]","self_id":2997400528,"sender":{"age":6,"area":"北京","card":"","level":"波音747","nickname":"小拆","role":"admin","sex":"female","title":"","user_id":207938707},"sub_type":"normal","time":1558174859,"user_id":207938707}
[19-05-18 18:23:10] [PicqBotX] [DEBUG(java.lang.Thread.run:748)] 收到新请求: CQHttp/4.8.0
[19-05-18 18:23:10] [PicqBotX] [DEBUG(java.lang.Thread.run:748)] - 数据: {"anonymous":null,"font":8470512,"group_id":522394334,"message":"第999段 速度67.07 击键3.50 码长3.13 标顶理论2.18 文章难度70.53 字数496 回改55 退格94 错字0 键数1551 选重35 键准79.94% 键法85.25%(左520:右610:空格205) 打词率43.38% 选重率7.06% 拖拉机跟打器 版本1.700 Windows 7版  校验PV@SQ","message_id":18924,"message_type":"group","post_type":"message","raw_message":"第999段 速度67.07 击键3.50 码长3.13 标顶理论2.18 文章难度70.53 字数496 回改55 退格94 错字0 键数1551 选重35 键准79.94% 键法85.25%(左520:右610:空格205) 打词率43.38% 选重率7.06% 拖拉机跟打器 版本1.700 Windows 7版  校验PV@SQ","self_id":2997400528,"sender":{"age":4,"area":"东莞","card":"白菜-小鹤音形","level":"了解群图书馆","nickname":"???","role":"member","sex":"male","title":"","user_id":1451396222},"sub_type":"normal","time":1558174990,"user_id":1451396222}
[19-05-18 18:23:12] [PicqBotX] [DEBUG(java.lang.Thread.run:748)] 收到新请求: CQHttp/4.8.0
[19-05-18 18:23:12] [PicqBotX] [DEBUG(java.lang.Thread.run:748)] - 数据: {"anonymous":null,"font":8470672,"group_id":522394334,"message":"检测到有人发比赛认证段，自动关闭机器人的发文功能。","message_id":18925,"message_type":"group","post_type":"message","raw_message":"检测到有人发比赛认证段，自动关闭机器人的发文功能。","self_id":2997400528,"sender":{"age":6,"area":"北京","card":"","level":"小白","nickname":"小拆","role":"member","sex":"female","title":"","user_id":207938707},"sub_type":"normal","time":1558174992,"user_id":207938707}
[19-05-18 18:23:19] [PicqBotX] [DEBUG(java.lang.Thread.run:748)] 收到新请求: CQHttp/4.8.0
[19-05-18 18:23:19] [PicqBotX] [DEBUG(java.lang.Thread.run:748)] - 数据: {"anonymous":null,"font":8470064,"group_id":522394334,"message":"#成绩首打","message_id":18926,"message_type":"group","post_type":"message","raw_message":"#成绩首打","self_id":2997400528,"sender":{"age":4,"area":"东莞","card":"白菜-小鹤音形","level":"了解群图书馆","nickname":"???","role":"member","sex":"male","title":"","user_id":1451396222},"sub_type":"normal","time":1558174999,"user_id":1451396222}
[19-05-18 18:23:21] [PicqBotX] [DEBUG(java.lang.Thread.run:748)] 收到新请求: CQHttp/4.8.0
[19-05-18 18:23:21] [PicqBotX] [DEBUG(java.lang.Thread.run:748)] - 数据: {"anonymous":null,"font":8470352,"group_id":522394334,"message":"[CQ:image,file=0331B3CBB08EDED757A21686DAE8D5B6.png,url=https://gchat.qpic.cn/gchatpic_new/207938707/522394334-2602205885-0331B3CBB08EDED757A21686DAE8D5B6/0?vuin=2997400528&amp;term=2]","message_id":18927,"message_type":"group","post_type":"message","raw_message":"[CQ:image,file=0331B3CBB08EDED757A21686DAE8D5B6.png]","self_id":2997400528,"sender":{"age":6,"area":"北京","card":"","level":"小白","nickname":"小拆","role":"member","sex":"female","title":"","user_id":207938707},"sub_type":"normal","time":1558175001,"user_id":207938707}
[19-05-18 18:23:34] [PicqBotX] [DEBUG(java.lang.Thread.run:748)] 收到新请求: CQHttp/4.8.0
[19-05-18 18:23:34] [PicqBotX] [DEBUG(java.lang.Thread.run:748)] - 数据: {"anonymous":null,"font":8470192,"group_id":522394334,"message":"#赛文","message_id":18928,"message_type":"group","post_type":"message","raw_message":"#赛文","self_id":2997400528,"sender":{"age":0,"area":"","card":"","level":"中级","nickname":"礼","role":"member","sex":"unknown","title":"","user_id":20062605},"sub_type":"normal","time":1558175014,"user_id":20062605}
[19-05-18 18:23:35] [PicqBotX] [DEBUG(java.lang.Thread.run:748)] 收到新请求: CQHttp/4.8.0
[19-05-18 18:23:35] [PicqBotX] [DEBUG(java.lang.Thread.run:748)] - 数据: {"anonymous":null,"font":8470992,"group_id":522394334,"message":"《麦当劳》日赛第536期-二花制作\r\n麦当劳乃MacDonald的译音。麦，有人读如马，犹可说也。劳字胡为乎来哉？N与L不分，令人听起来好别扭。牛肉饼夹圆面包，在美国也有它的一段变迁史。一九二三年我到美国读书，穷学生一个，真是“盘餐市远无兼味”，尤其是午饭一顿，总是在校园附近一家小店吃牛肉饼夹面包，但求果腹，不计其他。所谓牛肉饼，小小的薄薄的一片碎肉，在平底锅上煎得两面微焦，取一个圆面包（所谓bun），横剖为两片，抹上牛油，再抹上一层蛋黄酱，把牛肉饼放上去，加两小片飞薄的酸黄瓜。自己随意涂上些微酸的芥末酱。这样的东西，三口两口便吃掉，很难填饱中国人的胃，不过价钱便宜，只要一角钱。名字叫做“汉堡格尔”（Hamburger），尚无什么所谓“麦克唐诺”。说食无兼味，似嫌夸张，因为一个汉堡吃不饱，通常要至少找补一个三文治，三文治的花样就多了，可以有火腿、肝肠、鸡蛋等等之分，价钱也是一角。再加上一杯咖啡，每餐至少要两角五，总算可以糊口了。我不能忘记那个小店的老板娘，她独自应接顾客，老板司厨，她很俏丽泼辣，但不幸有个名副其实的狮子鼻。客人叫一份汉堡，她就高喊一声“Oneburger！”叫一份热狗，她就高喊一声“Onedog！”\r\n-----第999段-1200S-496Z-4L-025f2b05V--c.sw.1.1\r\n本文由 散文 组成","message_id":18929,"message_type":"group","post_type":"message","raw_message":"《麦当劳》日赛第536期-二花制作\r\n麦当劳乃MacDonald的译音。麦，有人读如马，犹可说也。劳字胡为乎来哉？N与L不分，令人听起来好别扭。牛肉饼夹圆面包，在美国也有它的一段变迁史。一九二三年我到美国读书，穷学生一个，真是“盘餐市远无兼味”，尤其是午饭一顿，总是在校园附近一家小店吃牛肉饼夹面包，但求果腹，不计其他。所谓牛肉饼，小小的薄薄的一片碎肉，在平底锅上煎得两面微焦，取一个圆面包（所谓bun），横剖为两片，抹上牛油，再抹上一层蛋黄酱，把牛肉饼放上去，加两小片飞薄的酸黄瓜。自己随意涂上些微酸的芥末酱。这样的东西，三口两口便吃掉，很难填饱中国人的胃，不过价钱便宜，只要一角钱。名字叫做“汉堡格尔”（Hamburger），尚无什么所谓“麦克唐诺”。说食无兼味，似嫌夸张，因为一个汉堡吃不饱，通常要至少找补一个三文治，三文治的花样就多了，可以有火腿、肝肠、鸡蛋等等之分，价钱也是一角。再加上一杯咖啡，每餐至少要两角五，总算可以糊口了。我不能忘记那个小店的老板娘，她独自应接顾客，老板司厨，她很俏丽泼辣，但不幸有个名副其实的狮子鼻。客人叫一份汉堡，她就高喊一声“Oneburger！”叫一份热狗，她就高喊一声“Onedog！”\r\n-----第999段-1200S-496Z-4L-025f2b05V--c.sw.1.1\r\n本文由 散文 组成","self_id":2997400528,"sender":{"age":6,"area":"北京","card":"","level":"小白","nickname":"小拆","role":"member","sex":"female","title":"","user_id":207938707},"sub_type":"normal","time":1558175015,"user_id":207938707}
[19-05-18 18:23:46] [PicqBotX] [DEBUG(java.lang.Thread.run:748)] 收到新请求: CQHttp/4.8.0
[19-05-18 18:23:46] [PicqBotX] [DEBUG(java.lang.Thread.run:748)] - 数据: {"anonymous":null,"font":8470320,"group_id":522394334,"message":"怎么都比我打的快","message_id":18930,"message_type":"group","post_type":"message","raw_message":"怎么都比我打的快","self_id":2997400528,"sender":{"age":28,"area":"成都","card":"一枝独秀―谭八风","level":"了解群图书馆","nickname":"云华","role":"member","sex":"male","title":"","user_id":2297714857},"sub_type":"normal","time":1558175026,"user_id":2297714857}
[19-05-18 18:23:49] [PicqBotX] [DEBUG(java.lang.Thread.run:748)] 收到新请求: CQHttp/4.8.0
[19-05-18 18:23:49] [PicqBotX] [DEBUG(java.lang.Thread.run:748)] - 数据: {"anonymous":null,"font":8470288,"group_id":522394334,"message":"[CQ:face,id=27][CQ:face,id=27][CQ:face,id=27]","message_id":18931,"message_type":"group","post_type":"message","raw_message":"[CQ:face,id=27][CQ:face,id=27][CQ:face,id=27]","self_id":2997400528,"sender":{"age":28,"area":"成都","card":"一枝独秀―谭八风","level":"了解群图书馆","nickname":"云华","role":"member","sex":"male","title":"","user_id":2297714857},"sub_type":"normal","time":1558175029,"user_id":2297714857}
[19-05-18 18:24:03] [PicqBotX] [DEBUG(java.lang.Thread.run:748)] 收到新请求: CQHttp/4.8.0
[19-05-18 18:24:03] [PicqBotX] [DEBUG(java.lang.Thread.run:748)] - 数据: {"anonymous":null,"font":8470736,"group_id":522394334,"message":"。。。","message_id":18932,"message_type":"group","post_type":"message","raw_message":"。。。","self_id":2997400528,"sender":{"age":4,"area":"东莞","card":"白菜-小鹤音形","level":"了解群图书馆","nickname":"???","role":"member","sex":"male","title":"","user_id":1451396222},"sub_type":"normal","time":1558175043,"user_id":1451396222}
[19-05-18 18:24:23] [PicqBotX] [DEBUG(java.lang.Thread.run:748)] 收到新请求: CQHttp/4.8.0
[19-05-18 18:24:23] [PicqBotX] [DEBUG(java.lang.Thread.run:748)] - 数据: {"anonymous":null,"font":8470128,"group_id":522394334,"message":"[CQ:image,file=CAA28525960D8C0D99838BDC171EB3C6.jpg,url=https://gchat.qpic.cn/gchatpic_new/2195903763/522394334-3208015858-CAA28525960D8C0D99838BDC171EB3C6/0?vuin=2997400528&amp;term=2]","message_id":18933,"message_type":"group","post_type":"message","raw_message":"[CQ:image,file=CAA28525960D8C0D99838BDC171EB3C6.jpg]","self_id":2997400528,"sender":{"age":0,"area":"","card":"形音鹤小-垫底的星光","level":"中级","nickname":"ㄨ","role":"member","sex":"unknown","title":"","user_id":2195903763},"sub_type":"normal","time":1558175063,"user_id":2195903763}
[19-05-18 18:24:27] [PicqBotX] [DEBUG(java.lang.Thread.run:748)] 收到新请求: CQHttp/4.8.0
[19-05-18 18:24:27] [PicqBotX] [DEBUG(java.lang.Thread.run:748)] - 数据: {"anonymous":null,"font":8470384,"group_id":522394334,"message":"咋搞","message_id":18934,"message_type":"group","post_type":"message","raw_message":"咋搞","self_id":2997400528,"sender":{"age":0,"area":"","card":"形音鹤小-垫底的星光","level":"中级","nickname":"ㄨ","role":"member","sex":"unknown","title":"","user_id":2195903763},"sub_type":"normal","time":1558175067,"user_id":2195903763}
[19-05-18 18:24:48] [PicqBotX] [DEBUG(java.lang.Thread.run:748)] 收到新请求: CQHttp/4.8.0
[19-05-18 18:24:48] [PicqBotX] [DEBUG(java.lang.Thread.run:748)] - 数据: {"anonymous":null,"font":8470192,"group_id":522394334,"message":"崩","message_id":18935,"message_type":"group","post_type":"message","raw_message":"崩","self_id":2997400528,"sender":{"age":0,"area":"","card":"老随风-小鹤音形","level":"入门","nickname":"老随风","role":"member","sex":"unknown","title":"","user_id":845931456},"sub_type":"normal","time":1558175088,"user_id":845931456}
[19-05-18 18:24:55] [PicqBotX] [DEBUG(java.lang.Thread.run:748)] 收到新请求: CQHttp/4.8.0
[19-05-18 18:24:55] [PicqBotX] [DEBUG(java.lang.Thread.run:748)] - 数据: {"anonymous":null,"font":8470832,"group_id":522394334,"message":"砸了","message_id":18936,"message_type":"group","post_type":"message","raw_message":"砸了","self_id":2997400528,"sender":{"age":28,"area":"成都","card":"一枝独秀―谭八风","level":"了解群图书馆","nickname":"云华","role":"member","sex":"male","title":"","user_id":2297714857},"sub_type":"normal","time":1558175095,"user_id":2297714857}
[19-05-18 18:25:06] [PicqBotX] [DEBUG(java.lang.Thread.run:748)] 收到新请求: CQHttp/4.8.0
[19-05-18 18:25:06] [PicqBotX] [DEBUG(java.lang.Thread.run:748)] - 数据: {"anonymous":null,"font":8470704,"group_id":522394334,"message":"玩个屁啊","message_id":18937,"message_type":"group","post_type":"message","raw_message":"玩个屁啊","self_id":2997400528,"sender":{"age":28,"area":"成都","card":"一枝独秀―谭八风","level":"了解群图书馆","nickname":"云华","role":"member","sex":"male","title":"","user_id":2297714857},"sub_type":"normal","time":1558175106,"user_id":2297714857}
[19-05-18 18:25:11] [PicqBotX] [DEBUG(java.lang.Thread.run:748)] 收到新请求: CQHttp/4.8.0
[19-05-18 18:25:11] [PicqBotX] [DEBUG(java.lang.Thread.run:748)] - 数据: {"anonymous":null,"font":8470512,"group_id":522394334,"message":"[CQ:image,file=E9A79702340A620A4E6EB46878F24ABF.jpg,url=https://gchat.qpic.cn/gchatpic_new/2963900463/522394334-2564575593-E9A79702340A620A4E6EB46878F24ABF/0?vuin=2997400528&amp;term=2]","message_id":18938,"message_type":"group","post_type":"message","raw_message":"[CQ:image,file=E9A79702340A620A4E6EB46878F24ABF.jpg]","self_id":2997400528,"sender":{"age":28,"area":"成都","card":"一枝独秀―谭八风","level":"了解群图书馆","nickname":"云华","role":"member","sex":"male","title":"","user_id":2297714857},"sub_type":"normal","time":1558175111,"user_id":2297714857}
[19-05-18 18:25:16] [PicqBotX] [DEBUG(java.lang.Thread.run:748)] 收到新请求: CQHttp/4.8.0
[19-05-18 18:25:16] [PicqBotX] [DEBUG(java.lang.Thread.run:748)] - 数据: {"anonymous":null,"font":8470896,"group_id":522394334,"message":"[CQ:image,file=121C189FCDD08CC14A7798495D67E1A2.jpg,url=https://gchat.qpic.cn/gchatpic_new/2195903763/522394334-3210554126-121C189FCDD08CC14A7798495D67E1A2/0?vuin=2997400528&amp;term=2]","message_id":18939,"message_type":"group","post_type":"message","raw_message":"[CQ:image,file=121C189FCDD08CC14A7798495D67E1A2.jpg]","self_id":2997400528,"sender":{"age":0,"area":"","card":"形音鹤小-垫底的星光","level":"中级","nickname":"ㄨ","role":"member","sex":"unknown","title":"","user_id":2195903763},"sub_type":"normal","time":1558175116,"user_id":2195903763}
[19-05-18 18:25:54] [PicqBotX] [DEBUG(java.lang.Thread.run:748)] 收到新请求: CQHttp/4.8.0
[19-05-18 18:25:54] [PicqBotX] [DEBUG(java.lang.Thread.run:748)] - 数据: {"anonymous":null,"font":8470544,"group_id":522394334,"message":"简单粗暴多好","message_id":18940,"message_type":"group","post_type":"message","raw_message":"简单粗暴多好","self_id":2997400528,"sender":{"age":28,"area":"成都","card":"一枝独秀―谭八风","level":"了解群图书馆","nickname":"云华","role":"member","sex":"male","title":"","user_id":2297714857},"sub_type":"normal","time":1558175154,"user_id":2297714857}
[19-05-18 18:25:58] [PicqBotX] [DEBUG(java.lang.Thread.run:748)] 收到新请求: CQHttp/4.8.0
[19-05-18 18:25:58] [PicqBotX] [DEBUG(java.lang.Thread.run:748)] - 数据: {"anonymous":null,"font":8470928,"group_id":522394334,"message":"[CQ:image,file=79CC3219C7DAAB736A37F5E6033D3138.jpg,url=https://gchat.qpic.cn/gchatpic_new/2297714857/522394334-2164339371-79CC3219C7DAAB736A37F5E6033D3138/0?vuin=2997400528&amp;term=2]","message_id":18941,"message_type":"group","post_type":"message","raw_message":"[CQ:image,file=79CC3219C7DAAB736A37F5E6033D3138.jpg]","self_id":2997400528,"sender":{"age":28,"area":"成都","card":"一枝独秀―谭八风","level":"了解群图书馆","nickname":"云华","role":"member","sex":"male","title":"","user_id":2297714857},"sub_type":"normal","time":1558175158,"user_id":2297714857}
[19-05-18 18:26:05] [PicqBotX] [DEBUG(java.lang.Thread.run:748)] 收到新请求: CQHttp/4.8.0
[19-05-18 18:26:05] [PicqBotX] [DEBUG(java.lang.Thread.run:748)] - 数据: {"anonymous":null,"font":8470192,"group_id":522394334,"message":"[CQ:image,file=19499612394BCF32C6407A15442EBA91.gif,url=https://gchat.qpic.cn/gchatpic_new/2524098743/522394334-2334754015-19499612394BCF32C6407A15442EBA91/0?vuin=2997400528&amp;term=2]","message_id":18942,"message_type":"group","post_type":"message","raw_message":"[CQ:image,file=19499612394BCF32C6407A15442EBA91.gif]","self_id":2997400528,"sender":{"age":0,"area":"","card":"白焕-鹤形","level":"中级","nickname":"杂色a","role":"member","sex":"unknown","title":"","user_id":2524098743},"sub_type":"normal","time":1558175165,"user_id":2524098743}
[19-05-18 18:30:13] [PicqBotX] [DEBUG(java.lang.Thread.run:748)] 收到新请求: CQHttp/4.8.0
[19-05-18 18:30:13] [PicqBotX] [DEBUG(java.lang.Thread.run:748)] - 数据: {"anonymous":null,"font":8470704,"group_id":522394334,"message":"我好像找到我想要的键盘了","message_id":18943,"message_type":"group","post_type":"message","raw_message":"我好像找到我想要的键盘了","self_id":2997400528,"sender":{"age":28,"area":"成都","card":"一枝独秀―谭八风","level":"了解群图书馆","nickname":"云华","role":"member","sex":"male","title":"","user_id":2297714857},"sub_type":"normal","time":1558175413,"user_id":2297714857}
[19-05-18 18:30:30] [PicqBotX] [DEBUG(java.lang.Thread.run:748)] 收到新请求: CQHttp/4.8.0
[19-05-18 18:30:30] [PicqBotX] [DEBUG(java.lang.Thread.run:748)] - 数据: {"anonymous":null,"font":8470832,"group_id":522394334,"message":"[CQ:image,file=03C19556F0B6E200AD8D70858C602101.jpg,url=https://gchat.qpic.cn/gchatpic_new/2297714857/522394334-2609849828-03C19556F0B6E200AD8D70858C602101/0?vuin=2997400528&amp;term=2]","message_id":18944,"message_type":"group","post_type":"message","raw_message":"[CQ:image,file=03C19556F0B6E200AD8D70858C602101.jpg]","self_id":2997400528,"sender":{"age":28,"area":"成都","card":"一枝独秀―谭八风","level":"了解群图书馆","nickname":"云华","role":"member","sex":"male","title":"","user_id":2297714857},"sub_type":"normal","time":1558175430,"user_id":2297714857}
[19-05-18 18:30:42] [PicqBotX] [DEBUG(java.lang.Thread.run:748)] 收到新请求: CQHttp/4.8.0
