[19-05-17 11:48:20] [PicqBotX] [INFO] 
[19-05-17 11:48:20] [PicqBotX] [INFO]     ____  _            ____        __ _  __
[19-05-17 11:48:20] [PicqBotX] [INFO]    / __ \(_)________ _/ __ )____  / /| |/ /
[19-05-17 11:48:20] [PicqBotX] [INFO]   / /_/ / / ___/ __ `/ __  / __ \/ __/   /
[19-05-17 11:48:20] [PicqBotX] [INFO]  / ____/ / /__/ /_/ / /_/ / /_/ / /_/   |
[19-05-17 11:48:20] [PicqBotX] [INFO] /_/   /_/\___/\__, /_____/\____/\__/_/|_|
[19-05-17 11:48:20] [PicqBotX] [INFO]                 /_/         v3.2.2.896
[19-05-17 11:48:20] [PicqBotX] [INFO] 日志管理器     初始化完成 [******] ...(31.73 ms)
[19-05-17 11:48:20] [PicqBotX] [INFO] 缓存管理器     初始化完成 [******] ...(1.41 ms)
[19-05-17 11:48:20] [PicqBotX] [INFO] DEBUG设置     初始化完成 [******] ...(0.01 ms)
[19-05-17 11:48:20] [PicqBotX] [INFO] 事件管理器     初始化完成 [******] ...(32.22 ms)
[19-05-17 11:48:20] [PicqBotX] [INFO] 账号管理器     初始化完成 [******] ...(1.01 ms)
[19-05-17 11:48:20] [PicqBotX] [INFO] HTTP监听服务器 初始化完成 [******] ...(1.74 ms)
[19-05-17 11:48:20] [PicqBotX] [INFO] 指令管理器     初始化完成 [******] ...(1.94 ms)
[19-05-17 11:48:20] [PicqBotX] [WARNING] 账号 Bot01: 版本正确, 不过用酷Q Pro的话效果更好哦!
[19-05-17 11:48:20] [PicqBotX] [INFO] 账号 Bot01:   版本验证完成!
[19-05-17 11:48:20] [PicqBotX] [INFO] 正在启动...
[19-05-17 11:49:10] [PicqBotX] [DEBUG(java.lang.Thread.run:748)] 收到新请求: CQHttp/4.8.0
[19-05-17 11:49:10] [PicqBotX] [DEBUG(java.lang.Thread.run:748)] - 数据: {"anonymous":null,"font":8208328,"group_id":522394334,"message":"鹤(1061917110) 被管理员禁言1小时","message_id":13859,"message_type":"group","post_type":"message","raw_message":"鹤(1061917110) 被管理员禁言1小时","self_id":2997400528,"sender":{"age":0,"nickname":"应用消息","sex":"unknown","user_id":1000000},"sub_type":"notice","time":1558064950,"user_id":1000000}
[19-05-17 11:49:15] [PicqBotX] [DEBUG(java.lang.Thread.run:748)] 收到新请求: CQHttp/4.8.0
[19-05-17 11:49:15] [PicqBotX] [DEBUG(java.lang.Thread.run:748)] - 数据: {"anonymous":null,"font":8208328,"group_id":522394334,"message":"cc(2997400528) 被管理员解除禁言","message_id":13860,"message_type":"group","post_type":"message","raw_message":"cc(2997400528) 被管理员解除禁言","self_id":2997400528,"sender":{"age":0,"nickname":"应用消息","sex":"unknown","user_id":1000000},"sub_type":"notice","time":1558064955,"user_id":1000000}
[19-05-17 11:49:27] [PicqBotX] [DEBUG(java.lang.Thread.run:748)] 收到新请求: CQHttp/4.8.0
[19-05-17 11:49:27] [PicqBotX] [DEBUG(java.lang.Thread.run:748)] - 数据: {"anonymous":null,"font":8208328,"group_id":522394334,"message":"#随机战场 7 3 3","message_id":13861,"message_type":"group","post_type":"message","raw_message":"#随机战场 7 3 3","self_id":2997400528,"sender":{"age":8,"area":"广州","card":"谭宇-养生式跟打","level":"入门","nickname":"0 4 . 2 2","role":"admin","sex":"male","title":"","user_id":1061917196},"sub_type":"normal","time":1558064967,"user_id":1061917196}
[19-05-17 11:49:31] [PicqBotX] [DEBUG(java.lang.Thread.run:748)] 收到新请求: CQHttp/4.8.0
[19-05-17 11:49:31] [PicqBotX] [DEBUG(java.lang.Thread.run:748)] - 数据: {"anonymous":null,"font":8208840,"group_id":522394334,"message":"#加入战场","message_id":13863,"message_type":"group","post_type":"message","raw_message":"#加入战场","self_id":2997400528,"sender":{"age":8,"area":"广州","card":"谭宇-养生式跟打","level":"入门","nickname":"0 4 . 2 2","role":"admin","sex":"male","title":"","user_id":1061917196},"sub_type":"normal","time":1558064971,"user_id":1061917196}
[19-05-17 11:49:34] [PicqBotX] [DEBUG(java.lang.Thread.run:748)] 收到新请求: CQHttp/4.8.0
[19-05-17 11:49:34] [PicqBotX] [DEBUG(java.lang.Thread.run:748)] - 数据: {"anonymous":null,"font":8208424,"group_id":522394334,"message":"#战场启动","message_id":13865,"message_type":"group","post_type":"message","raw_message":"#战场启动","self_id":2997400528,"sender":{"age":8,"area":"广州","card":"谭宇-养生式跟打","level":"入门","nickname":"0 4 . 2 2","role":"admin","sex":"male","title":"","user_id":1061917196},"sub_type":"normal","time":1558064974,"user_id":1061917196}
[19-05-17 11:50:14] [PicqBotX] [DEBUG(java.lang.Thread.run:748)] 收到新请求: CQHttp/4.8.0
[19-05-17 11:50:14] [PicqBotX] [DEBUG(java.lang.Thread.run:748)] - 数据: {"anonymous":null,"font":8208840,"group_id":522394334,"message":"人工智障可还行","message_id":13867,"message_type":"group","post_type":"message","raw_message":"人工智障可还行","self_id":2997400528,"sender":{"age":0,"area":"汕头","card":"晒网哥嗯哼-小鹤音形","level":"入门","nickname":"嗯哼","role":"member","sex":"male","title":"","user_id":1144635651},"sub_type":"normal","time":1558065014,"user_id":1144635651}
[19-05-17 11:50:14] [PicqBotX] [DEBUG(java.lang.Thread.run:748)] 收到新请求: CQHttp/4.8.0
[19-05-17 11:50:14] [PicqBotX] [DEBUG(java.lang.Thread.run:748)] - 数据: {"anonymous":null,"font":8208840,"group_id":522394334,"message":"。。。","message_id":13868,"message_type":"group","post_type":"message","raw_message":"。。。","self_id":2997400528,"sender":{"age":8,"area":"广州","card":"谭宇-养生式跟打","level":"入门","nickname":"0 4 . 2 2","role":"admin","sex":"male","title":"","user_id":1061917196},"sub_type":"normal","time":1558065014,"user_id":1061917196}
[19-05-17 11:50:39] [PicqBotX] [DEBUG(java.lang.Thread.run:748)] 收到新请求: CQHttp/4.8.0
