[19-05-12 22:24:24] [PicqBotX] [INFO] 
[19-05-12 22:24:24] [PicqBotX] [INFO]     ____  _            ____        __ _  __
[19-05-12 22:24:24] [PicqBotX] [INFO]    / __ \(_)________ _/ __ )____  / /| |/ /
[19-05-12 22:24:24] [PicqBotX] [INFO]   / /_/ / / ___/ __ `/ __  / __ \/ __/   /
[19-05-12 22:24:24] [PicqBotX] [INFO]  / ____/ / /__/ /_/ / /_/ / /_/ / /_/   |
[19-05-12 22:24:24] [PicqBotX] [INFO] /_/   /_/\___/\__, /_____/\____/\__/_/|_|
[19-05-12 22:24:24] [PicqBotX] [INFO]                 /_/         v3.2.2.896
[19-05-12 22:24:24] [PicqBotX] [INFO] 日志管理器     初始化完成 [******] ...(44.3 ms)
[19-05-12 22:24:24] [PicqBotX] [INFO] 缓存管理器     初始化完成 [******] ...(2.29 ms)
[19-05-12 22:24:24] [PicqBotX] [INFO] DEBUG设置     初始化完成 [******] ...(0.01 ms)
[19-05-12 22:24:24] [PicqBotX] [INFO] 事件管理器     初始化完成 [******] ...(42.17 ms)
[19-05-12 22:24:24] [PicqBotX] [INFO] 账号管理器     初始化完成 [******] ...(1.32 ms)
[19-05-12 22:24:24] [PicqBotX] [INFO] HTTP监听服务器 初始化完成 [******] ...(1.88 ms)
[19-05-12 22:24:24] [PicqBotX] [INFO] 指令管理器     初始化完成 [******] ...(2.21 ms)
[19-05-12 22:24:24] [PicqBotX] [WARNING] 账号 Bot01: 版本正确, 不过用酷Q Pro的话效果更好哦!
[19-05-12 22:24:24] [PicqBotX] [INFO] 账号 Bot01:   版本验证完成!
[19-05-12 22:24:24] [PicqBotX] [INFO] 正在启动...
[19-05-12 22:24:29] [PicqBotX] [DEBUG(java.lang.Thread.run:748)] 收到新请求: CQHttp/4.8.0
[19-05-12 22:24:29] [PicqBotX] [DEBUG(java.lang.Thread.run:748)] - 数据: {"anonymous":null,"font":10144824,"group_id":522394334,"message":"苏苏说的地瓜不是马铃薯也不是红薯。","message_id":7677,"message_type":"group","post_type":"message","raw_message":"苏苏说的地瓜不是马铃薯也不是红薯。","self_id":2997400528,"sender":{"age":28,"area":"成都","card":"一枝独秀—谭八风","level":"了解群图书馆","nickname":"云华","role":"member","sex":"male","title":"","user_id":2297714857},"sub_type":"normal","time":1557671069,"user_id":2297714857}
[19-05-12 22:24:30] [PicqBotX] [DEBUG(java.lang.Thread.run:748)] 收到新请求: CQHttp/4.8.0
[19-05-12 22:24:30] [PicqBotX] [DEBUG(java.lang.Thread.run:748)] - 数据: {"anonymous":null,"font":10145336,"group_id":556981260,"message":"六十个左右英雄，有几套五级铭文","message_id":7678,"message_type":"group","post_type":"message","raw_message":"六十个左右英雄，有几套五级铭文","self_id":2997400528,"sender":{"age":0,"area":"石家庄","card":"瓜牛-二笔","level":"波音747","nickname":"明媚阳光","role":"member","sex":"male","title":"一个小蹦哒","user_id":523856782},"sub_type":"normal","time":1557671070,"user_id":523856782}
[19-05-12 22:24:50] [PicqBotX] [DEBUG(java.lang.Thread.run:748)] 收到新请求: CQHttp/4.8.0
