[19-05-12 22:25:07] [PicqBotX] [INFO] 
[19-05-12 22:25:07] [PicqBotX] [INFO]     ____  _            ____        __ _  __
[19-05-12 22:25:07] [PicqBotX] [INFO]    / __ \(_)________ _/ __ )____  / /| |/ /
[19-05-12 22:25:07] [PicqBotX] [INFO]   / /_/ / / ___/ __ `/ __  / __ \/ __/   /
[19-05-12 22:25:07] [PicqBotX] [INFO]  / ____/ / /__/ /_/ / /_/ / /_/ / /_/   |
[19-05-12 22:25:07] [PicqBotX] [INFO] /_/   /_/\___/\__, /_____/\____/\__/_/|_|
[19-05-12 22:25:07] [PicqBotX] [INFO]                 /_/         v3.2.2.896
[19-05-12 22:25:07] [PicqBotX] [INFO] 日志管理器     初始化完成 [******] ...(33.61 ms)
[19-05-12 22:25:07] [PicqBotX] [INFO] 缓存管理器     初始化完成 [******] ...(1.87 ms)
[19-05-12 22:25:07] [PicqBotX] [INFO] DEBUG设置     初始化完成 [******] ...(0.01 ms)
[19-05-12 22:25:07] [PicqBotX] [INFO] 事件管理器     初始化完成 [******] ...(32.04 ms)
[19-05-12 22:25:07] [PicqBotX] [INFO] 账号管理器     初始化完成 [******] ...(1.08 ms)
[19-05-12 22:25:07] [PicqBotX] [INFO] HTTP监听服务器 初始化完成 [******] ...(1.97 ms)
[19-05-12 22:25:08] [PicqBotX] [INFO] 指令管理器     初始化完成 [******] ...(1.66 ms)
[19-05-12 22:25:08] [PicqBotX] [WARNING] 账号 Bot01: 版本正确, 不过用酷Q Pro的话效果更好哦!
[19-05-12 22:25:08] [PicqBotX] [INFO] 账号 Bot01:   版本验证完成!
[19-05-12 22:25:08] [PicqBotX] [INFO] 正在启动...
[19-05-12 22:25:08] [PicqBotX] [DEBUG(java.lang.Thread.run:748)] 收到新请求: CQHttp/4.8.0
[19-05-12 22:25:08] [PicqBotX] [DEBUG(java.lang.Thread.run:748)] - 数据: {"anonymous":null,"font":10144664,"group_id":522394334,"message":"[CQ:image,file=5744F9D615F537B9B85E1DF4E649405C.jpg,url=https://gchat.qpic.cn/gchatpic_new/2297714857/522394334-2462528781-5744F9D615F537B9B85E1DF4E649405C/0?vuin=2997400528&amp;term=2]","message_id":7681,"message_type":"group","post_type":"message","raw_message":"[CQ:image,file=5744F9D615F537B9B85E1DF4E649405C.jpg]","self_id":2997400528,"sender":{"age":28,"area":"成都","card":"一枝独秀—谭八风","level":"了解群图书馆","nickname":"云华","role":"member","sex":"male","title":"","user_id":2297714857},"sub_type":"normal","time":1557671108,"user_id":2297714857}
[19-05-12 22:25:38] [PicqBotX] [DEBUG(java.lang.Thread.run:748)] 收到新请求: CQHttp/4.8.0
[19-05-12 22:25:38] [PicqBotX] [DEBUG(java.lang.Thread.run:748)] - 数据: {"anonymous":null,"font":10144600,"group_id":522394334,"message":"哦介个","message_id":7682,"message_type":"group","post_type":"message","raw_message":"哦介个","self_id":2997400528,"sender":{"age":0,"area":"","card":"新人 小鹤双拼","level":"了解群图文件","nickname":"筱逸","role":"member","sex":"unknown","title":"","user_id":3231322163},"sub_type":"normal","time":1557671138,"user_id":3231322163}
[19-05-12 22:25:39] [PicqBotX] [DEBUG(java.lang.Thread.run:748)] 收到新请求: CQHttp/4.8.0
[19-05-12 22:25:39] [PicqBotX] [DEBUG(java.lang.Thread.run:748)] - 数据: {"anonymous":null,"font":10145304,"group_id":522394334,"message":"北方叫的地瓜是指的四川的红苕","message_id":7683,"message_type":"group","post_type":"message","raw_message":"北方叫的地瓜是指的四川的红苕","self_id":2997400528,"sender":{"age":28,"area":"成都","card":"一枝独秀—谭八风","level":"了解群图书馆","nickname":"云华","role":"member","sex":"male","title":"","user_id":2297714857},"sub_type":"normal","time":1557671139,"user_id":2297714857}
[19-05-12 22:25:42] [PicqBotX] [DEBUG(java.lang.Thread.run:748)] 收到新请求: CQHttp/4.8.0
[19-05-12 22:25:42] [PicqBotX] [DEBUG(java.lang.Thread.run:748)] - 数据: {"anonymous":null,"font":10144632,"group_id":522394334,"message":"[CQ:image,file=1FCA3225E8EA9303A24CF71E76A27878.jpg,url=https://gchat.qpic.cn/gchatpic_new/3231322163/522394334-2327545047-1FCA3225E8EA9303A24CF71E76A27878/0?vuin=2997400528&amp;term=2]","message_id":7684,"message_type":"group","post_type":"message","raw_message":"[CQ:image,file=1FCA3225E8EA9303A24CF71E76A27878.jpg]","self_id":2997400528,"sender":{"age":0,"area":"","card":"新人 小鹤双拼","level":"了解群图文件","nickname":"筱逸","role":"member","sex":"unknown","title":"","user_id":3231322163},"sub_type":"normal","time":1557671142,"user_id":3231322163}
[19-05-12 22:25:43] [PicqBotX] [DEBUG(java.lang.Thread.run:748)] 收到新请求: CQHttp/4.8.0
[19-05-12 22:25:43] [PicqBotX] [DEBUG(java.lang.Thread.run:748)] - 数据: {"font":10144696,"message":"查 谭宇","message_id":7685,"message_type":"private","post_type":"message","raw_message":"查 谭宇","self_id":2997400528,"sender":{"age":8,"nickname":"0 4 . 2 2","sex":"male","user_id":1061917196},"sub_type":"friend","time":1557671143,"user_id":1061917196}
[19-05-12 22:26:04] [PicqBotX] [DEBUG(java.lang.Thread.run:748)] 收到新请求: CQHttp/4.8.0
[19-05-12 22:26:04] [PicqBotX] [DEBUG(java.lang.Thread.run:748)] - 数据: {"anonymous":null,"font":10144408,"group_id":522394334,"message":"地瓜是地瓜，红薯是红薯","message_id":7688,"message_type":"group","post_type":"message","raw_message":"地瓜是地瓜，红薯是红薯","self_id":2997400528,"sender":{"age":22,"area":"郑州","card":"彼岸-小鹤音形","level":"了解群图文件","nickname":"彼岸","role":"member","sex":"male","title":"","user_id":951683477},"sub_type":"normal","time":1557671164,"user_id":951683477}
[19-05-12 22:26:09] [PicqBotX] [DEBUG(java.lang.Thread.run:748)] 收到新请求: CQHttp/4.8.0
[19-05-12 22:26:09] [PicqBotX] [DEBUG(java.lang.Thread.run:748)] - 数据: {"anonymous":null,"font":10145336,"group_id":522394334,"message":"是这个","message_id":7689,"message_type":"group","post_type":"message","raw_message":"是这个","self_id":2997400528,"sender":{"age":33,"area":"","card":"国家一级保护废物苏明智-86五笔","level":"中级","nickname":"苏苏","role":"member","sex":"female","title":"","user_id":847628427},"sub_type":"normal","time":1557671169,"user_id":847628427}
[19-05-12 22:26:18] [PicqBotX] [DEBUG(java.lang.Thread.run:748)] 收到新请求: CQHttp/4.8.0
[19-05-12 22:26:18] [PicqBotX] [DEBUG(java.lang.Thread.run:748)] - 数据: {"anonymous":null,"font":10145208,"group_id":522394334,"message":"两个不一样的","message_id":7690,"message_type":"group","post_type":"message","raw_message":"两个不一样的","self_id":2997400528,"sender":{"age":22,"area":"郑州","card":"彼岸-小鹤音形","level":"了解群图文件","nickname":"彼岸","role":"member","sex":"male","title":"","user_id":951683477},"sub_type":"normal","time":1557671178,"user_id":951683477}
[19-05-12 22:26:28] [PicqBotX] [DEBUG(java.lang.Thread.run:748)] 收到新请求: CQHttp/4.8.0
[19-05-12 22:26:28] [PicqBotX] [DEBUG(java.lang.Thread.run:748)] - 数据: {"anonymous":null,"font":10144824,"group_id":522394334,"message":"脑子混乱了","message_id":7691,"message_type":"group","post_type":"message","raw_message":"脑子混乱了","self_id":2997400528,"sender":{"age":0,"area":"","card":"新人 小鹤双拼","level":"了解群图文件","nickname":"筱逸","role":"member","sex":"unknown","title":"","user_id":3231322163},"sub_type":"normal","time":1557671188,"user_id":3231322163}
[19-05-12 22:26:31] [PicqBotX] [DEBUG(java.lang.Thread.run:748)] 收到新请求: CQHttp/4.8.0
[19-05-12 22:26:31] [PicqBotX] [DEBUG(java.lang.Thread.run:748)] - 数据: {"anonymous":null,"font":10144408,"group_id":522394334,"message":"[CQ:face,id=182]","message_id":7692,"message_type":"group","post_type":"message","raw_message":"[CQ:face,id=182]","self_id":2997400528,"sender":{"age":0,"area":"","card":"新人 小鹤双拼","level":"了解群图文件","nickname":"筱逸","role":"member","sex":"unknown","title":"","user_id":3231322163},"sub_type":"normal","time":1557671191,"user_id":3231322163}
[19-05-12 22:26:46] [PicqBotX] [DEBUG(java.lang.Thread.run:748)] 收到新请求: CQHttp/4.8.0
[19-05-12 22:26:46] [PicqBotX] [DEBUG(java.lang.Thread.run:748)] - 数据: {"anonymous":null,"font":10144408,"group_id":522394334,"message":"好久没回老家了","message_id":7693,"message_type":"group","post_type":"message","raw_message":"好久没回老家了","self_id":2997400528,"sender":{"age":0,"area":"","card":"新人 小鹤双拼","level":"了解群图文件","nickname":"筱逸","role":"member","sex":"unknown","title":"","user_id":3231322163},"sub_type":"normal","time":1557671206,"user_id":3231322163}
[19-05-12 22:27:13] [PicqBotX] [DEBUG(java.lang.Thread.run:748)] 收到新请求: CQHttp/4.8.0
[19-05-12 22:27:13] [PicqBotX] [DEBUG(java.lang.Thread.run:748)] - 数据: {"anonymous":null,"font":10144568,"group_id":522394334,"message":"北方的地瓜就是红薯","message_id":7694,"message_type":"group","post_type":"message","raw_message":"北方的地瓜就是红薯","self_id":2997400528,"sender":{"age":28,"area":"成都","card":"一枝独秀—谭八风","level":"了解群图书馆","nickname":"云华","role":"member","sex":"male","title":"","user_id":2297714857},"sub_type":"normal","time":1557671233,"user_id":2297714857}
[19-05-12 22:27:21] [PicqBotX] [DEBUG(java.lang.Thread.run:748)] 收到新请求: CQHttp/4.8.0
[19-05-12 22:27:21] [PicqBotX] [DEBUG(java.lang.Thread.run:748)] - 数据: {"anonymous":null,"font":10144920,"group_id":522394334,"message":"[CQ:image,file=A97ABB9B5DC1F57E51CE82E9C036563E.gif,url=https://gchat.qpic.cn/gchatpic_new/2297714857/522394334-2336433221-A97ABB9B5DC1F57E51CE82E9C036563E/0?vuin=2997400528&amp;term=2]","message_id":7696,"message_type":"group","post_type":"message","raw_message":"[CQ:image,file=A97ABB9B5DC1F57E51CE82E9C036563E.gif]","self_id":2997400528,"sender":{"age":28,"area":"成都","card":"一枝独秀—谭八风","level":"了解群图书馆","nickname":"云华","role":"member","sex":"male","title":"","user_id":2297714857},"sub_type":"normal","time":1557671241,"user_id":2297714857}
[19-05-12 22:27:21] [PicqBotX] [DEBUG(java.lang.Thread.run:748)] 收到新请求: CQHttp/4.8.0
[19-05-12 22:27:21] [PicqBotX] [DEBUG(java.lang.Thread.run:748)] - 数据: {"anonymous":null,"font":10145368,"group_id":556981260,"message":"第999段 速度95.59 击键9.75 码长6.12 字数1070 时间11:11 回改195 回车0 重打0 打词30.68% 峰值96.72 校检:b792c 极速云跟打手机版v0.11","message_id":7695,"message_type":"group","post_type":"message","raw_message":"第999段 速度95.59 击键9.75 码长6.12 字数1070 时间11:11 回改195 回车0 重打0 打词30.68% 峰值96.72 校检:b792c 极速云跟打手机版v0.11","self_id":2997400528,"sender":{"age":24,"area":"","card":"银谷-键道","level":"新日电动车","nickname":"ginkgo","role":"member","sex":"unknown","title":"","user_id":15352842},"sub_type":"normal","time":1557671241,"user_id":15352842}
[19-05-12 22:27:21] [PicqBotX] [DEBUG(java.lang.Thread.run:748)] 收到新请求: CQHttp/4.8.0
[19-05-12 22:27:21] [PicqBotX] [DEBUG(java.lang.Thread.run:748)] - 数据: {"anonymous":null,"font":10144504,"group_id":556981260,"message":"[CQ:at,qq=15352842] 的段位从【九级】降级为【八级】，再接再厉[CQ:face,id=30]","message_id":7697,"message_type":"group","post_type":"message","raw_message":"[CQ:at,qq=15352842] 的段位从【九级】降级为【八级】，再接再厉[CQ:face,id=30]","self_id":2997400528,"sender":{"age":6,"area":"北京","card":"","level":"波音747","nickname":"小拆","role":"admin","sex":"female","title":"","user_id":207938707},"sub_type":"normal","time":1557671241,"user_id":207938707}
[19-05-12 22:27:30] [PicqBotX] [DEBUG(java.lang.Thread.run:748)] 收到新请求: CQHttp/4.8.0
[19-05-12 22:27:30] [PicqBotX] [DEBUG(java.lang.Thread.run:748)] - 数据: {"anonymous":null,"font":10144504,"group_id":522394334,"message":"没啊  我北方人  ","message_id":7698,"message_type":"group","post_type":"message","raw_message":"没啊  我北方人  ","self_id":2997400528,"sender":{"age":22,"area":"郑州","card":"彼岸-小鹤音形","level":"了解群图文件","nickname":"彼岸","role":"member","sex":"male","title":"","user_id":951683477},"sub_type":"normal","time":1557671250,"user_id":951683477}
[19-05-12 22:27:44] [PicqBotX] [DEBUG(java.lang.Thread.run:748)] 收到新请求: CQHttp/4.8.0
[19-05-12 22:27:44] [PicqBotX] [DEBUG(java.lang.Thread.run:748)] - 数据: {"anonymous":null,"font":10144760,"group_id":522394334,"message":"[CQ:face,id=178]","message_id":7699,"message_type":"group","post_type":"message","raw_message":"[CQ:face,id=178]","self_id":2997400528,"sender":{"age":33,"area":"","card":"国家一级保护废物苏明智-86五笔","level":"中级","nickname":"苏苏","role":"member","sex":"female","title":"","user_id":847628427},"sub_type":"normal","time":1557671264,"user_id":847628427}
[19-05-12 22:27:46] [PicqBotX] [DEBUG(java.lang.Thread.run:748)] 收到新请求: CQHttp/4.8.0
[19-05-12 22:27:46] [PicqBotX] [DEBUG(java.lang.Thread.run:748)] - 数据: {"anonymous":null,"font":10144408,"group_id":522394334,"message":"红薯就叫红薯","message_id":7700,"message_type":"group","post_type":"message","raw_message":"红薯就叫红薯","self_id":2997400528,"sender":{"age":22,"area":"郑州","card":"彼岸-小鹤音形","level":"了解群图文件","nickname":"彼岸","role":"member","sex":"male","title":"","user_id":951683477},"sub_type":"normal","time":1557671266,"user_id":951683477}
[19-05-12 22:27:49] [PicqBotX] [DEBUG(java.lang.Thread.run:748)] 收到新请求: CQHttp/4.8.0
[19-05-12 22:27:49] [PicqBotX] [DEBUG(java.lang.Thread.run:748)] - 数据: {"anonymous":null,"font":10144408,"group_id":522394334,"message":"不叫地瓜","message_id":7701,"message_type":"group","post_type":"message","raw_message":"不叫地瓜","self_id":2997400528,"sender":{"age":22,"area":"郑州","card":"彼岸-小鹤音形","level":"了解群图文件","nickname":"彼岸","role":"member","sex":"male","title":"","user_id":951683477},"sub_type":"normal","time":1557671269,"user_id":951683477}
[19-05-12 22:27:49] [PicqBotX] [DEBUG(java.lang.Thread.run:748)] 收到新请求: CQHttp/4.8.0
[19-05-12 22:27:49] [PicqBotX] [DEBUG(java.lang.Thread.run:748)] - 数据: {"anonymous":null,"font":10144600,"group_id":522394334,"message":"他们连黄鳝是啥都不知道","message_id":7702,"message_type":"group","post_type":"message","raw_message":"他们连黄鳝是啥都不知道","self_id":2997400528,"sender":{"age":28,"area":"成都","card":"一枝独秀—谭八风","level":"了解群图书馆","nickname":"云华","role":"member","sex":"male","title":"","user_id":2297714857},"sub_type":"normal","time":1557671269,"user_id":2297714857}
[19-05-12 22:27:55] [PicqBotX] [DEBUG(java.lang.Thread.run:748)] 收到新请求: CQHttp/4.8.0
[19-05-12 22:27:55] [PicqBotX] [DEBUG(java.lang.Thread.run:748)] - 数据: {"anonymous":null,"font":10145144,"group_id":522394334,"message":"[CQ:image,file=0C9679A9ED19ACAE58EB714848D99416.jpg,url=https://gchat.qpic.cn/gchatpic_new/2297714857/522394334-2761456905-0C9679A9ED19ACAE58EB714848D99416/0?vuin=2997400528&amp;term=2]","message_id":7703,"message_type":"group","post_type":"message","raw_message":"[CQ:image,file=0C9679A9ED19ACAE58EB714848D99416.jpg]","self_id":2997400528,"sender":{"age":28,"area":"成都","card":"一枝独秀—谭八风","level":"了解群图书馆","nickname":"云华","role":"member","sex":"male","title":"","user_id":2297714857},"sub_type":"normal","time":1557671275,"user_id":2297714857}
[19-05-12 22:28:25] [PicqBotX] [DEBUG(java.lang.Thread.run:748)] 收到新请求: CQHttp/4.8.0
[19-05-12 22:28:25] [PicqBotX] [DEBUG(java.lang.Thread.run:748)] - 数据: {"anonymous":null,"font":10144408,"group_id":522394334,"message":"地瓜是圆的  红薯是长的   ","message_id":7704,"message_type":"group","post_type":"message","raw_message":"地瓜是圆的  红薯是长的   ","self_id":2997400528,"sender":{"age":22,"area":"郑州","card":"彼岸-小鹤音形","level":"了解群图文件","nickname":"彼岸","role":"member","sex":"male","title":"","user_id":951683477},"sub_type":"normal","time":1557671305,"user_id":951683477}
[19-05-12 22:28:32] [PicqBotX] [DEBUG(java.lang.Thread.run:748)] 收到新请求: CQHttp/4.8.0
[19-05-12 22:28:32] [PicqBotX] [DEBUG(java.lang.Thread.run:748)] - 数据: {"anonymous":null,"font":10144664,"group_id":522394334,"message":"[CQ:image,file=DE6FFC4EE5C2C3F7F2E214B4AC6D42EF.gif,url=https://gchat.qpic.cn/gchatpic_new/2297714857/522394334-3040895916-DE6FFC4EE5C2C3F7F2E214B4AC6D42EF/0?vuin=2997400528&amp;term=2]","message_id":7705,"message_type":"group","post_type":"message","raw_message":"[CQ:image,file=DE6FFC4EE5C2C3F7F2E214B4AC6D42EF.gif]","self_id":2997400528,"sender":{"age":28,"area":"成都","card":"一枝独秀—谭八风","level":"了解群图书馆","nickname":"云华","role":"member","sex":"male","title":"","user_id":2297714857},"sub_type":"normal","time":1557671312,"user_id":2297714857}
[19-05-12 22:28:41] [PicqBotX] [DEBUG(java.lang.Thread.run:748)] 收到新请求: CQHttp/4.8.0
[19-05-12 22:28:41] [PicqBotX] [DEBUG(java.lang.Thread.run:748)] - 数据: {"anonymous":null,"font":10145240,"group_id":556981260,"message":"[CQ:at,qq=523856782] 你卖吗","message_id":7706,"message_type":"group","post_type":"message","raw_message":"[CQ:at,qq=523856782] 你卖吗","self_id":2997400528,"sender":{"age":0,"area":"","card":"丹顶鹤-手机搜狗全拼","level":"小蜗牛","nickname":"-","role":"member","sex":"unknown","title":"","user_id":27495355},"sub_type":"normal","time":1557671321,"user_id":27495355}
[19-05-12 22:28:43] [PicqBotX] [DEBUG(java.lang.Thread.run:748)] 收到新请求: CQHttp/4.8.0
[19-05-12 22:28:43] [PicqBotX] [DEBUG(java.lang.Thread.run:748)] - 数据: {"anonymous":null,"font":10144824,"group_id":522394334,"message":"[CQ:image,file=B249F5B14F9839A2C0E79365FA7ABD67.jpg,url=https://gchat.qpic.cn/gchatpic_new/951683477/522394334-2975409056-B249F5B14F9839A2C0E79365FA7ABD67/0?vuin=2997400528&amp;term=2]  这货叫地瓜","message_id":7707,"message_type":"group","post_type":"message","raw_message":"[CQ:image,file=B249F5B14F9839A2C0E79365FA7ABD67.jpg]  这货叫地瓜","self_id":2997400528,"sender":{"age":22,"area":"郑州","card":"彼岸-小鹤音形","level":"了解群图文件","nickname":"彼岸","role":"member","sex":"male","title":"","user_id":951683477},"sub_type":"normal","time":1557671323,"user_id":951683477}
[19-05-12 22:28:48] [PicqBotX] [DEBUG(java.lang.Thread.run:748)] 收到新请求: CQHttp/4.8.0
[19-05-12 22:28:48] [PicqBotX] [DEBUG(java.lang.Thread.run:748)] - 数据: {"anonymous":null,"font":10145144,"group_id":522394334,"message":"北京人都把红薯叫地瓜","message_id":7708,"message_type":"group","post_type":"message","raw_message":"北京人都把红薯叫地瓜","self_id":2997400528,"sender":{"age":28,"area":"成都","card":"一枝独秀—谭八风","level":"了解群图书馆","nickname":"云华","role":"member","sex":"male","title":"","user_id":2297714857},"sub_type":"normal","time":1557671328,"user_id":2297714857}
[19-05-12 22:29:08] [PicqBotX] [DEBUG(java.lang.Thread.run:748)] 收到新请求: CQHttp/4.8.0
[19-05-12 22:29:08] [PicqBotX] [DEBUG(java.lang.Thread.run:748)] - 数据: {"anonymous":null,"font":10145144,"group_id":522394334,"message":"[CQ:image,file=EE3CD3C0FA73C3B2BFCE7E271DE3AE0B.jpg,url=https://gchat.qpic.cn/gchatpic_new/951683477/522394334-3145663840-EE3CD3C0FA73C3B2BFCE7E271DE3AE0B/0?vuin=2997400528&amp;term=2] 这货才是红薯 ","message_id":7709,"message_type":"group","post_type":"message","raw_message":"[CQ:image,file=EE3CD3C0FA73C3B2BFCE7E271DE3AE0B.jpg] 这货才是红薯 ","self_id":2997400528,"sender":{"age":22,"area":"郑州","card":"彼岸-小鹤音形","level":"了解群图文件","nickname":"彼岸","role":"member","sex":"male","title":"","user_id":951683477},"sub_type":"normal","time":1557671348,"user_id":951683477}
[19-05-12 22:29:21] [PicqBotX] [DEBUG(java.lang.Thread.run:748)] 收到新请求: CQHttp/4.8.0
[19-05-12 22:29:21] [PicqBotX] [DEBUG(java.lang.Thread.run:748)] - 数据: {"anonymous":null,"font":10145080,"group_id":522394334,"message":"我晓得那是地瓜，但是北京人叫法不一样","message_id":7710,"message_type":"group","post_type":"message","raw_message":"我晓得那是地瓜，但是北京人叫法不一样","self_id":2997400528,"sender":{"age":28,"area":"成都","card":"一枝独秀—谭八风","level":"了解群图书馆","nickname":"云华","role":"member","sex":"male","title":"","user_id":2297714857},"sub_type":"normal","time":1557671361,"user_id":2297714857}
[19-05-12 22:29:27] [PicqBotX] [DEBUG(java.lang.Thread.run:748)] 收到新请求: CQHttp/4.8.0
[19-05-12 22:29:27] [PicqBotX] [DEBUG(java.lang.Thread.run:748)] - 数据: {"anonymous":null,"font":10145208,"group_id":556981260,"message":"有人要吗，还有20来个做活动和充6块拿的皮肤","message_id":7711,"message_type":"group","post_type":"message","raw_message":"有人要吗，还有20来个做活动和充6块拿的皮肤","self_id":2997400528,"sender":{"age":0,"area":"石家庄","card":"瓜牛-二笔","level":"波音747","nickname":"明媚阳光","role":"member","sex":"male","title":"一个小蹦哒","user_id":523856782},"sub_type":"normal","time":1557671367,"user_id":523856782}
[19-05-12 22:29:30] [PicqBotX] [DEBUG(java.lang.Thread.run:748)] 收到新请求: CQHttp/4.8.0
[19-05-12 22:29:30] [PicqBotX] [DEBUG(java.lang.Thread.run:748)] - 数据: {"anonymous":null,"font":10144728,"group_id":522394334,"message":"[CQ:image,file=A97ABB9B5DC1F57E51CE82E9C036563E.gif,url=https://gchat.qpic.cn/gchatpic_new/2297714857/522394334-2336433221-A97ABB9B5DC1F57E51CE82E9C036563E/0?vuin=2997400528&amp;term=2]","message_id":7712,"message_type":"group","post_type":"message","raw_message":"[CQ:image,file=A97ABB9B5DC1F57E51CE82E9C036563E.gif]","self_id":2997400528,"sender":{"age":28,"area":"成都","card":"一枝独秀—谭八风","level":"了解群图书馆","nickname":"云华","role":"member","sex":"male","title":"","user_id":2297714857},"sub_type":"normal","time":1557671370,"user_id":2297714857}
[19-05-12 22:29:34] [PicqBotX] [DEBUG(java.lang.Thread.run:748)] 收到新请求: CQHttp/4.8.0
[19-05-12 22:29:34] [PicqBotX] [DEBUG(java.lang.Thread.run:748)] - 数据: {"anonymous":null,"font":10144824,"group_id":522394334,"message":"你们抓周树人关我鲁迅什么事[CQ:face,id=177][CQ:face,id=177]","message_id":7713,"message_type":"group","post_type":"message","raw_message":"你们抓周树人关我鲁迅什么事[CQ:face,id=177][CQ:face,id=177]","self_id":2997400528,"sender":{"age":0,"area":"","card":"新人 小鹤双拼","level":"了解群图文件","nickname":"筱逸","role":"member","sex":"unknown","title":"","user_id":3231322163},"sub_type":"normal","time":1557671374,"user_id":3231322163}
[19-05-12 22:29:36] [PicqBotX] [DEBUG(java.lang.Thread.run:748)] 收到新请求: CQHttp/4.8.0
[19-05-12 22:29:36] [PicqBotX] [DEBUG(java.lang.Thread.run:748)] - 数据: {"anonymous":null,"font":10144760,"group_id":556981260,"message":"别的没东西","message_id":7714,"message_type":"group","post_type":"message","raw_message":"别的没东西","self_id":2997400528,"sender":{"age":0,"area":"石家庄","card":"瓜牛-二笔","level":"波音747","nickname":"明媚阳光","role":"member","sex":"male","title":"一个小蹦哒","user_id":523856782},"sub_type":"normal","time":1557671376,"user_id":523856782}
[19-05-12 22:29:39] [PicqBotX] [DEBUG(java.lang.Thread.run:748)] 收到新请求: CQHttp/4.8.0
[19-05-12 22:29:39] [PicqBotX] [DEBUG(java.lang.Thread.run:748)] - 数据: {"anonymous":null,"font":10144504,"group_id":522394334,"message":"北方没红薯","message_id":7715,"message_type":"group","post_type":"message","raw_message":"北方没红薯","self_id":2997400528,"sender":{"age":22,"area":"郑州","card":"彼岸-小鹤音形","level":"了解群图文件","nickname":"彼岸","role":"member","sex":"male","title":"","user_id":951683477},"sub_type":"normal","time":1557671379,"user_id":951683477}
[19-05-12 22:29:42] [PicqBotX] [DEBUG(java.lang.Thread.run:748)] 收到新请求: CQHttp/4.8.0
[19-05-12 22:29:42] [PicqBotX] [DEBUG(java.lang.Thread.run:748)] - 数据: {"anonymous":null,"font":10145368,"group_id":556981260,"message":"卖吗","message_id":7716,"message_type":"group","post_type":"message","raw_message":"卖吗","self_id":2997400528,"sender":{"age":0,"area":"","card":"丹顶鹤-手机搜狗全拼","level":"小蜗牛","nickname":"-","role":"member","sex":"unknown","title":"","user_id":27495355},"sub_type":"normal","time":1557671382,"user_id":27495355}
[19-05-12 22:29:44] [PicqBotX] [DEBUG(java.lang.Thread.run:748)] 收到新请求: CQHttp/4.8.0
[19-05-12 22:29:44] [PicqBotX] [DEBUG(java.lang.Thread.run:748)] - 数据: {"anonymous":null,"font":10145080,"group_id":556981260,"message":"卖的话我看看","message_id":7717,"message_type":"group","post_type":"message","raw_message":"卖的话我看看","self_id":2997400528,"sender":{"age":0,"area":"","card":"丹顶鹤-手机搜狗全拼","level":"小蜗牛","nickname":"-","role":"member","sex":"unknown","title":"","user_id":27495355},"sub_type":"normal","time":1557671384,"user_id":27495355}
[19-05-12 22:29:49] [PicqBotX] [DEBUG(java.lang.Thread.run:748)] 收到新请求: CQHttp/4.8.0
[19-05-12 22:29:49] [PicqBotX] [DEBUG(java.lang.Thread.run:748)] - 数据: {"anonymous":null,"font":10145080,"group_id":522394334,"message":"北方没地瓜","message_id":7718,"message_type":"group","post_type":"message","raw_message":"北方没地瓜","self_id":2997400528,"sender":{"age":22,"area":"郑州","card":"彼岸-小鹤音形","level":"了解群图文件","nickname":"彼岸","role":"member","sex":"male","title":"","user_id":951683477},"sub_type":"normal","time":1557671389,"user_id":951683477}
[19-05-12 22:30:03] [PicqBotX] [DEBUG(java.lang.Thread.run:748)] 收到新请求: CQHttp/4.8.0
[19-05-12 22:30:03] [PicqBotX] [DEBUG(java.lang.Thread.run:748)] - 数据: {"anonymous":null,"font":10144760,"group_id":522394334,"message":"地瓜这玩意是南方  西南 华南多  ","message_id":7719,"message_type":"group","post_type":"message","raw_message":"地瓜这玩意是南方  西南 华南多  ","self_id":2997400528,"sender":{"age":22,"area":"郑州","card":"彼岸-小鹤音形","level":"了解群图文件","nickname":"彼岸","role":"member","sex":"male","title":"","user_id":951683477},"sub_type":"normal","time":1557671403,"user_id":951683477}
[19-05-12 22:30:36] [PicqBotX] [DEBUG(java.lang.Thread.run:748)] 收到新请求: CQHttp/4.8.0
[19-05-12 22:30:36] [PicqBotX] [DEBUG(java.lang.Thread.run:748)] - 数据: {"anonymous":null,"font":10144600,"group_id":522394334,"message":"我。。。。我没说清楚吗？我说北京把红薯叫地瓜，我没说那就是地瓜","message_id":7720,"message_type":"group","post_type":"message","raw_message":"我。。。。我没说清楚吗？我说北京把红薯叫地瓜，我没说那就是地瓜","self_id":2997400528,"sender":{"age":28,"area":"成都","card":"一枝独秀—谭八风","level":"了解群图书馆","nickname":"云华","role":"member","sex":"male","title":"","user_id":2297714857},"sub_type":"normal","time":1557671436,"user_id":2297714857}
[19-05-12 22:30:48] [PicqBotX] [DEBUG(java.lang.Thread.run:748)] 收到新请求: CQHttp/4.8.0
[19-05-12 22:30:48] [PicqBotX] [DEBUG(java.lang.Thread.run:748)] - 数据: {"anonymous":null,"font":10144664,"group_id":522394334,"message":"就好像天津人不叫油条","message_id":7721,"message_type":"group","post_type":"message","raw_message":"就好像天津人不叫油条","self_id":2997400528,"sender":{"age":28,"area":"成都","card":"一枝独秀—谭八风","level":"了解群图书馆","nickname":"云华","role":"member","sex":"male","title":"","user_id":2297714857},"sub_type":"normal","time":1557671448,"user_id":2297714857}
[19-05-12 22:31:04] [PicqBotX] [DEBUG(java.lang.Thread.run:748)] 收到新请求: CQHttp/4.8.0
[19-05-12 22:31:04] [PicqBotX] [DEBUG(java.lang.Thread.run:748)] - 数据: {"anonymous":null,"font":10145080,"group_id":522394334,"message":"你们还在谈论这个呀","message_id":7722,"message_type":"group","post_type":"message","raw_message":"你们还在谈论这个呀","self_id":2997400528,"sender":{"age":33,"area":"","card":"国家一级保护废物苏明智-86五笔","level":"中级","nickname":"苏苏","role":"member","sex":"female","title":"","user_id":847628427},"sub_type":"normal","time":1557671464,"user_id":847628427}
[19-05-12 22:31:16] [PicqBotX] [DEBUG(java.lang.Thread.run:748)] 收到新请求: CQHttp/4.8.0
[19-05-12 22:31:16] [PicqBotX] [DEBUG(java.lang.Thread.run:748)] - 数据: {"anonymous":null,"font":10145080,"group_id":522394334,"message":"这是一个关键性的问题  ","message_id":7723,"message_type":"group","post_type":"message","raw_message":"这是一个关键性的问题  ","self_id":2997400528,"sender":{"age":22,"area":"郑州","card":"彼岸-小鹤音形","level":"了解群图文件","nickname":"彼岸","role":"member","sex":"male","title":"","user_id":951683477},"sub_type":"normal","time":1557671476,"user_id":951683477}
[19-05-12 22:31:31] [PicqBotX] [DEBUG(java.lang.Thread.run:748)] 收到新请求: CQHttp/4.8.0
[19-05-12 22:31:31] [PicqBotX] [DEBUG(java.lang.Thread.run:748)] - 数据: {"anonymous":null,"font":10144664,"group_id":522394334,"message":"和先有鸡还是先有蛋 属于同一科学范畴 ","message_id":7724,"message_type":"group","post_type":"message","raw_message":"和先有鸡还是先有蛋 属于同一科学范畴 ","self_id":2997400528,"sender":{"age":22,"area":"郑州","card":"彼岸-小鹤音形","level":"了解群图文件","nickname":"彼岸","role":"member","sex":"male","title":"","user_id":951683477},"sub_type":"normal","time":1557671491,"user_id":951683477}
[19-05-12 22:31:39] [PicqBotX] [DEBUG(java.lang.Thread.run:748)] 收到新请求: CQHttp/4.8.0
[19-05-12 22:31:39] [PicqBotX] [DEBUG(java.lang.Thread.run:748)] - 数据: {"anonymous":null,"font":10145176,"group_id":522394334,"message":"天津管油条叫馃子","message_id":7725,"message_type":"group","post_type":"message","raw_message":"天津管油条叫馃子","self_id":2997400528,"sender":{"age":28,"area":"成都","card":"一枝独秀—谭八风","level":"了解群图书馆","nickname":"云华","role":"member","sex":"male","title":"","user_id":2297714857},"sub_type":"normal","time":1557671499,"user_id":2297714857}
[19-05-12 22:31:42] [PicqBotX] [DEBUG(java.lang.Thread.run:748)] 收到新请求: CQHttp/4.8.0
[19-05-12 22:31:42] [PicqBotX] [DEBUG(java.lang.Thread.run:748)] - 数据: {"anonymous":null,"font":10145176,"group_id":522394334,"message":"[CQ:image,file=A97ABB9B5DC1F57E51CE82E9C036563E.gif,url=https://gchat.qpic.cn/gchatpic_new/2297714857/522394334-2336433221-A97ABB9B5DC1F57E51CE82E9C036563E/0?vuin=2997400528&amp;term=2]","message_id":7726,"message_type":"group","post_type":"message","raw_message":"[CQ:image,file=A97ABB9B5DC1F57E51CE82E9C036563E.gif]","self_id":2997400528,"sender":{"age":28,"area":"成都","card":"一枝独秀—谭八风","level":"了解群图书馆","nickname":"云华","role":"member","sex":"male","title":"","user_id":2297714857},"sub_type":"normal","time":1557671502,"user_id":2297714857}
[19-05-12 22:31:57] [PicqBotX] [DEBUG(java.lang.Thread.run:748)] 收到新请求: CQHttp/4.8.0
[19-05-12 22:31:57] [PicqBotX] [DEBUG(java.lang.Thread.run:748)] - 数据: {"anonymous":null,"font":10145080,"group_id":522394334,"message":"口头禅就是没有吊事","message_id":7727,"message_type":"group","post_type":"message","raw_message":"口头禅就是没有吊事","self_id":2997400528,"sender":{"age":28,"area":"成都","card":"一枝独秀—谭八风","level":"了解群图书馆","nickname":"云华","role":"member","sex":"male","title":"","user_id":2297714857},"sub_type":"normal","time":1557671517,"user_id":2297714857}
[19-05-12 22:32:04] [PicqBotX] [DEBUG(java.lang.Thread.run:748)] 收到新请求: CQHttp/4.8.0
[19-05-12 22:32:04] [PicqBotX] [DEBUG(java.lang.Thread.run:748)] - 数据: {"anonymous":null,"font":10145304,"group_id":522394334,"message":"[CQ:face,id=110]","message_id":7728,"message_type":"group","post_type":"message","raw_message":"[CQ:face,id=110]","self_id":2997400528,"sender":{"age":33,"area":"","card":"国家一级保护废物苏明智-86五笔","level":"中级","nickname":"苏苏","role":"member","sex":"female","title":"","user_id":847628427},"sub_type":"normal","time":1557671524,"user_id":847628427}
[19-05-12 22:32:17] [PicqBotX] [DEBUG(java.lang.Thread.run:748)] 收到新请求: CQHttp/4.8.0
[19-05-12 22:32:17] [PicqBotX] [DEBUG(java.lang.Thread.run:748)] - 数据: {"anonymous":null,"font":10145336,"group_id":522394334,"message":"不对，应该一木有调式","message_id":7729,"message_type":"group","post_type":"message","raw_message":"不对，应该一木有调式","self_id":2997400528,"sender":{"age":28,"area":"成都","card":"一枝独秀—谭八风","level":"了解群图书馆","nickname":"云华","role":"member","sex":"male","title":"","user_id":2297714857},"sub_type":"normal","time":1557671537,"user_id":2297714857}
[19-05-12 22:32:24] [PicqBotX] [DEBUG(java.lang.Thread.run:748)] 收到新请求: CQHttp/4.8.0
[19-05-12 22:32:24] [PicqBotX] [DEBUG(java.lang.Thread.run:748)] - 数据: {"anonymous":null,"font":10145208,"group_id":522394334,"message":"[CQ:image,file=5744F9D615F537B9B85E1DF4E649405C.jpg,url=https://gchat.qpic.cn/gchatpic_new/2297714857/522394334-2462528781-5744F9D615F537B9B85E1DF4E649405C/0?vuin=2997400528&amp;term=2]","message_id":7730,"message_type":"group","post_type":"message","raw_message":"[CQ:image,file=5744F9D615F537B9B85E1DF4E649405C.jpg]","self_id":2997400528,"sender":{"age":28,"area":"成都","card":"一枝独秀—谭八风","level":"了解群图书馆","nickname":"云华","role":"member","sex":"male","title":"","user_id":2297714857},"sub_type":"normal","time":1557671544,"user_id":2297714857}
[19-05-12 22:32:25] [PicqBotX] [DEBUG(java.lang.Thread.run:748)] 收到新请求: CQHttp/4.8.0
[19-05-12 22:32:25] [PicqBotX] [DEBUG(java.lang.Thread.run:748)] - 数据: {"anonymous":null,"font":10144600,"group_id":522394334,"message":"那首都人民叫油条什么","message_id":7731,"message_type":"group","post_type":"message","raw_message":"那首都人民叫油条什么","self_id":2997400528,"sender":{"age":33,"area":"","card":"国家一级保护废物苏明智-86五笔","level":"中级","nickname":"苏苏","role":"member","sex":"female","title":"","user_id":847628427},"sub_type":"normal","time":1557671545,"user_id":847628427}
[19-05-12 22:32:49] [PicqBotX] [DEBUG(java.lang.Thread.run:748)] 收到新请求: CQHttp/4.8.0
[19-05-12 22:32:49] [PicqBotX] [DEBUG(java.lang.Thread.run:748)] - 数据: {"anonymous":null,"font":10145016,"group_id":522394334,"message":"我家叫油条  zhamo","message_id":7732,"message_type":"group","post_type":"message","raw_message":"我家叫油条  zhamo","self_id":2997400528,"sender":{"age":22,"area":"郑州","card":"彼岸-小鹤音形","level":"了解群图文件","nickname":"彼岸","role":"member","sex":"male","title":"","user_id":951683477},"sub_type":"normal","time":1557671569,"user_id":951683477}
[19-05-12 22:33:17] [PicqBotX] [DEBUG(java.lang.Thread.run:748)] 收到新请求: CQHttp/4.8.0
[19-05-12 22:33:17] [PicqBotX] [DEBUG(java.lang.Thread.run:748)] - 数据: {"anonymous":null,"font":10144472,"group_id":522394334,"message":"北京好像大部分就是叫油条","message_id":7733,"message_type":"group","post_type":"message","raw_message":"北京好像大部分就是叫油条","self_id":2997400528,"sender":{"age":28,"area":"成都","card":"一枝独秀—谭八风","level":"了解群图书馆","nickname":"云华","role":"member","sex":"male","title":"","user_id":2297714857},"sub_type":"normal","time":1557671597,"user_id":2297714857}
[19-05-12 22:33:27] [PicqBotX] [DEBUG(java.lang.Thread.run:748)] 收到新请求: CQHttp/4.8.0
[19-05-12 22:33:27] [PicqBotX] [DEBUG(java.lang.Thread.run:748)] - 数据: {"anonymous":null,"font":10144888,"group_id":522394334,"message":"我们也叫油条","message_id":7734,"message_type":"group","post_type":"message","raw_message":"我们也叫油条","self_id":2997400528,"sender":{"age":33,"area":"","card":"国家一级保护废物苏明智-86五笔","level":"中级","nickname":"苏苏","role":"member","sex":"female","title":"","user_id":847628427},"sub_type":"normal","time":1557671607,"user_id":847628427}
[19-05-12 22:33:32] [PicqBotX] [DEBUG(java.lang.Thread.run:748)] 收到新请求: CQHttp/4.8.0
[19-05-12 22:33:32] [PicqBotX] [DEBUG(java.lang.Thread.run:748)] - 数据: {"anonymous":null,"font":10144728,"group_id":522394334,"message":"油条配什么好吃  ","message_id":7735,"message_type":"group","post_type":"message","raw_message":"油条配什么好吃  ","self_id":2997400528,"sender":{"age":22,"area":"郑州","card":"彼岸-小鹤音形","level":"了解群图文件","nickname":"彼岸","role":"member","sex":"male","title":"","user_id":951683477},"sub_type":"normal","time":1557671612,"user_id":951683477}
[19-05-12 22:33:38] [PicqBotX] [DEBUG(java.lang.Thread.run:748)] 收到新请求: CQHttp/4.8.0
[19-05-12 22:33:38] [PicqBotX] [DEBUG(java.lang.Thread.run:748)] - 数据: {"anonymous":null,"font":10145176,"group_id":522394334,"message":"甜豆浆还是咸豆浆?","message_id":7736,"message_type":"group","post_type":"message","raw_message":"甜豆浆还是咸豆浆?","self_id":2997400528,"sender":{"age":22,"area":"郑州","card":"彼岸-小鹤音形","level":"了解群图文件","nickname":"彼岸","role":"member","sex":"male","title":"","user_id":951683477},"sub_type":"normal","time":1557671618,"user_id":951683477}
[19-05-12 22:33:42] [PicqBotX] [DEBUG(java.lang.Thread.run:748)] 收到新请求: CQHttp/4.8.0
[19-05-12 22:33:42] [PicqBotX] [DEBUG(java.lang.Thread.run:748)] - 数据: {"anonymous":null,"font":10145208,"group_id":522394334,"message":"好多老叫法早淘汰了","message_id":7737,"message_type":"group","post_type":"message","raw_message":"好多老叫法早淘汰了","self_id":2997400528,"sender":{"age":28,"area":"成都","card":"一枝独秀—谭八风","level":"了解群图书馆","nickname":"云华","role":"member","sex":"male","title":"","user_id":2297714857},"sub_type":"normal","time":1557671622,"user_id":2297714857}
[19-05-12 22:34:03] [PicqBotX] [DEBUG(java.lang.Thread.run:748)] 收到新请求: CQHttp/4.8.0
[19-05-12 22:34:03] [PicqBotX] [DEBUG(java.lang.Thread.run:748)] - 数据: {"anonymous":null,"font":10144568,"group_id":522394334,"message":"还有咸豆浆。。。","message_id":7738,"message_type":"group","post_type":"message","raw_message":"还有咸豆浆。。。","self_id":2997400528,"sender":{"age":28,"area":"成都","card":"一枝独秀—谭八风","level":"了解群图书馆","nickname":"云华","role":"member","sex":"male","title":"","user_id":2297714857},"sub_type":"normal","time":1557671643,"user_id":2297714857}
[19-05-12 22:34:17] [PicqBotX] [DEBUG(java.lang.Thread.run:748)] 收到新请求: CQHttp/4.8.0
[19-05-12 22:34:17] [PicqBotX] [DEBUG(java.lang.Thread.run:748)] - 数据: {"anonymous":null,"font":10145368,"group_id":522394334,"message":"我们叫油条，发音不一样 ，you三声 diao二声","message_id":7739,"message_type":"group","post_type":"message","raw_message":"我们叫油条，发音不一样 ，you三声 diao二声","self_id":2997400528,"sender":{"age":24,"area":"泉州","card":"地瓜-小鹤音形","level":"了解群图书馆","nickname":"地瓜","role":"member","sex":"male","title":"","user_id":1515617671},"sub_type":"normal","time":1557671657,"user_id":1515617671}
[19-05-12 22:34:41] [PicqBotX] [DEBUG(java.lang.Thread.run:748)] 收到新请求: CQHttp/4.8.0
[19-05-12 22:34:41] [PicqBotX] [DEBUG(java.lang.Thread.run:748)] - 数据: {"anonymous":null,"font":10144888,"group_id":522394334,"message":"tiao  ","message_id":7740,"message_type":"group","post_type":"message","raw_message":"tiao  ","self_id":2997400528,"sender":{"age":22,"area":"郑州","card":"彼岸-小鹤音形","level":"了解群图文件","nickname":"彼岸","role":"member","sex":"male","title":"","user_id":951683477},"sub_type":"normal","time":1557671681,"user_id":951683477}
[19-05-12 22:34:45] [PicqBotX] [DEBUG(java.lang.Thread.run:748)] 收到新请求: CQHttp/4.8.0
[19-05-12 22:34:45] [PicqBotX] [DEBUG(java.lang.Thread.run:748)] - 数据: {"anonymous":null,"font":10144600,"group_id":522394334,"message":"tn","message_id":7741,"message_type":"group","post_type":"message","raw_message":"tn","self_id":2997400528,"sender":{"age":22,"area":"郑州","card":"彼岸-小鹤音形","level":"了解群图文件","nickname":"彼岸","role":"member","sex":"male","title":"","user_id":951683477},"sub_type":"normal","time":1557671685,"user_id":951683477}
[19-05-12 22:34:51] [PicqBotX] [DEBUG(java.lang.Thread.run:748)] 收到新请求: CQHttp/4.8.0
[19-05-12 22:34:51] [PicqBotX] [DEBUG(java.lang.Thread.run:748)] - 数据: {"anonymous":null,"font":10144376,"group_id":522394334,"message":"我们这是拿个小碗，弄碗豆浆然后把油条切条，丢在碗里泡着豆浆吃","message_id":7742,"message_type":"group","post_type":"message","raw_message":"我们这是拿个小碗，弄碗豆浆然后把油条切条，丢在碗里泡着豆浆吃","self_id":2997400528,"sender":{"age":28,"area":"成都","card":"一枝独秀—谭八风","level":"了解群图书馆","nickname":"云华","role":"member","sex":"male","title":"","user_id":2297714857},"sub_type":"normal","time":1557671691,"user_id":2297714857}
[19-05-12 22:34:53] [PicqBotX] [DEBUG(java.lang.Thread.run:748)] 收到新请求: CQHttp/4.8.0
[19-05-12 22:34:53] [PicqBotX] [DEBUG(java.lang.Thread.run:748)] - 数据: {"anonymous":null,"font":10145080,"group_id":522394334,"message":"我们发diao","message_id":7743,"message_type":"group","post_type":"message","raw_message":"我们发diao","self_id":2997400528,"sender":{"age":24,"area":"泉州","card":"地瓜-小鹤音形","level":"了解群图书馆","nickname":"地瓜","role":"member","sex":"male","title":"","user_id":1515617671},"sub_type":"normal","time":1557671693,"user_id":1515617671}
[19-05-12 22:35:02] [PicqBotX] [DEBUG(java.lang.Thread.run:748)] 收到新请求: CQHttp/4.8.0
[19-05-12 22:35:02] [PicqBotX] [DEBUG(java.lang.Thread.run:748)] - 数据: {"anonymous":null,"font":10144600,"group_id":522394334,"message":"[CQ:image,file=5744F9D615F537B9B85E1DF4E649405C.jpg,url=https://gchat.qpic.cn/gchatpic_new/2297714857/522394334-2462528781-5744F9D615F537B9B85E1DF4E649405C/0?vuin=2997400528&amp;term=2]","message_id":7744,"message_type":"group","post_type":"message","raw_message":"[CQ:image,file=5744F9D615F537B9B85E1DF4E649405C.jpg]","self_id":2997400528,"sender":{"age":28,"area":"成都","card":"一枝独秀—谭八风","level":"了解群图书馆","nickname":"云华","role":"member","sex":"male","title":"","user_id":2297714857},"sub_type":"normal","time":1557671702,"user_id":2297714857}
[19-05-12 22:35:21] [PicqBotX] [DEBUG(java.lang.Thread.run:748)] 收到新请求: CQHttp/4.8.0
[19-05-12 22:35:21] [PicqBotX] [DEBUG(java.lang.Thread.run:748)] - 数据: {"anonymous":null,"font":10145336,"group_id":522394334,"message":"发喋 ","message_id":7745,"message_type":"group","post_type":"message","raw_message":"发喋 ","self_id":2997400528,"sender":{"age":22,"area":"郑州","card":"彼岸-小鹤音形","level":"了解群图文件","nickname":"彼岸","role":"member","sex":"male","title":"","user_id":951683477},"sub_type":"normal","time":1557671721,"user_id":951683477}
[19-05-12 22:35:31] [PicqBotX] [DEBUG(java.lang.Thread.run:748)] 收到新请求: CQHttp/4.8.0
[19-05-12 22:35:31] [PicqBotX] [DEBUG(java.lang.Thread.run:748)] - 数据: {"anonymous":null,"font":10145144,"group_id":522394334,"message":"上海话的撒娇           ","message_id":7746,"message_type":"group","post_type":"message","raw_message":"上海话的撒娇           ","self_id":2997400528,"sender":{"age":22,"area":"郑州","card":"彼岸-小鹤音形","level":"了解群图文件","nickname":"彼岸","role":"member","sex":"male","title":"","user_id":951683477},"sub_type":"normal","time":1557671731,"user_id":951683477}
[19-05-12 22:35:39] [PicqBotX] [DEBUG(java.lang.Thread.run:748)] 收到新请求: CQHttp/4.8.0
[19-05-12 22:35:39] [PicqBotX] [DEBUG(java.lang.Thread.run:748)] - 数据: {"anonymous":null,"font":10144664,"group_id":522394334,"message":"吃包子也是，拿碗稀饭，然后把包子泡在里面吃","message_id":7747,"message_type":"group","post_type":"message","raw_message":"吃包子也是，拿碗稀饭，然后把包子泡在里面吃","self_id":2997400528,"sender":{"age":28,"area":"成都","card":"一枝独秀—谭八风","level":"了解群图书馆","nickname":"云华","role":"member","sex":"male","title":"","user_id":2297714857},"sub_type":"normal","time":1557671739,"user_id":2297714857}
[19-05-12 22:35:44] [PicqBotX] [DEBUG(java.lang.Thread.run:748)] 收到新请求: CQHttp/4.8.0
[19-05-12 22:35:44] [PicqBotX] [DEBUG(java.lang.Thread.run:748)] - 数据: {"anonymous":null,"font":10144920,"group_id":522394334,"message":"[CQ:image,file=0C9679A9ED19ACAE58EB714848D99416.jpg,url=https://gchat.qpic.cn/gchatpic_new/2297714857/522394334-2761456905-0C9679A9ED19ACAE58EB714848D99416/0?vuin=2997400528&amp;term=2]","message_id":7748,"message_type":"group","post_type":"message","raw_message":"[CQ:image,file=0C9679A9ED19ACAE58EB714848D99416.jpg]","self_id":2997400528,"sender":{"age":28,"area":"成都","card":"一枝独秀—谭八风","level":"了解群图书馆","nickname":"云华","role":"member","sex":"male","title":"","user_id":2297714857},"sub_type":"normal","time":1557671744,"user_id":2297714857}
[19-05-12 22:36:11] [PicqBotX] [DEBUG(java.lang.Thread.run:748)] 收到新请求: CQHttp/4.8.0
[19-05-12 22:36:11] [PicqBotX] [DEBUG(java.lang.Thread.run:748)] - 数据: {"anonymous":null,"font":10144408,"group_id":522394334,"message":"上海话难学","message_id":7749,"message_type":"group","post_type":"message","raw_message":"上海话难学","self_id":2997400528,"sender":{"age":28,"area":"成都","card":"一枝独秀—谭八风","level":"了解群图书馆","nickname":"云华","role":"member","sex":"male","title":"","user_id":2297714857},"sub_type":"normal","time":1557671771,"user_id":2297714857}
[19-05-12 22:36:12] [PicqBotX] [DEBUG(java.lang.Thread.run:748)] 收到新请求: CQHttp/4.8.0
[19-05-12 22:36:12] [PicqBotX] [DEBUG(java.lang.Thread.run:748)] - 数据: {"anonymous":null,"font":10145016,"group_id":522394334,"message":"你哪里人? ","message_id":7750,"message_type":"group","post_type":"message","raw_message":"你哪里人? ","self_id":2997400528,"sender":{"age":22,"area":"郑州","card":"彼岸-小鹤音形","level":"了解群图文件","nickname":"彼岸","role":"member","sex":"male","title":"","user_id":951683477},"sub_type":"normal","time":1557671772,"user_id":951683477}
[19-05-12 22:36:19] [PicqBotX] [DEBUG(java.lang.Thread.run:748)] 收到新请求: CQHttp/4.8.0
[19-05-12 22:36:19] [PicqBotX] [DEBUG(java.lang.Thread.run:748)] - 数据: {"anonymous":null,"font":10144376,"group_id":522394334,"message":"我四川的","message_id":7751,"message_type":"group","post_type":"message","raw_message":"我四川的","self_id":2997400528,"sender":{"age":28,"area":"成都","card":"一枝独秀—谭八风","level":"了解群图书馆","nickname":"云华","role":"member","sex":"male","title":"","user_id":2297714857},"sub_type":"normal","time":1557671779,"user_id":2297714857}
[19-05-12 22:36:22] [PicqBotX] [DEBUG(java.lang.Thread.run:748)] 收到新请求: CQHttp/4.8.0
[19-05-12 22:36:22] [PicqBotX] [DEBUG(java.lang.Thread.run:748)] - 数据: {"anonymous":null,"font":10144600,"group_id":522394334,"message":"[CQ:image,file=0C9679A9ED19ACAE58EB714848D99416.jpg,url=https://gchat.qpic.cn/gchatpic_new/2297714857/522394334-2761456905-0C9679A9ED19ACAE58EB714848D99416/0?vuin=2997400528&amp;term=2]","message_id":7752,"message_type":"group","post_type":"message","raw_message":"[CQ:image,file=0C9679A9ED19ACAE58EB714848D99416.jpg]","self_id":2997400528,"sender":{"age":28,"area":"成都","card":"一枝独秀—谭八风","level":"了解群图书馆","nickname":"云华","role":"member","sex":"male","title":"","user_id":2297714857},"sub_type":"normal","time":1557671782,"user_id":2297714857}
[19-05-12 22:36:38] [PicqBotX] [DEBUG(java.lang.Thread.run:748)] 收到新请求: CQHttp/4.8.0
[19-05-12 22:36:38] [PicqBotX] [DEBUG(java.lang.Thread.run:748)] - 数据: {"anonymous":null,"font":10145304,"group_id":522394334,"message":"北方南方我都呆过","message_id":7753,"message_type":"group","post_type":"message","raw_message":"北方南方我都呆过","self_id":2997400528,"sender":{"age":28,"area":"成都","card":"一枝独秀—谭八风","level":"了解群图书馆","nickname":"云华","role":"member","sex":"male","title":"","user_id":2297714857},"sub_type":"normal","time":1557671798,"user_id":2297714857}
[19-05-12 22:36:45] [PicqBotX] [DEBUG(java.lang.Thread.run:748)] 收到新请求: CQHttp/4.8.0
[19-05-12 22:36:45] [PicqBotX] [DEBUG(java.lang.Thread.run:748)] - 数据: {"anonymous":null,"font":10144600,"group_id":522394334,"message":"你们四川早上是不是喜欢吃羊肉汤?","message_id":7754,"message_type":"group","post_type":"message","raw_message":"你们四川早上是不是喜欢吃羊肉汤?","self_id":2997400528,"sender":{"age":22,"area":"郑州","card":"彼岸-小鹤音形","level":"了解群图文件","nickname":"彼岸","role":"member","sex":"male","title":"","user_id":951683477},"sub_type":"normal","time":1557671805,"user_id":951683477}
[19-05-12 22:36:48] [PicqBotX] [DEBUG(java.lang.Thread.run:748)] 收到新请求: CQHttp/4.8.0
[19-05-12 22:36:48] [PicqBotX] [DEBUG(java.lang.Thread.run:748)] - 数据: {"anonymous":null,"font":10145144,"group_id":522394334,"message":"加米饭 ","message_id":7755,"message_type":"group","post_type":"message","raw_message":"加米饭 ","self_id":2997400528,"sender":{"age":22,"area":"郑州","card":"彼岸-小鹤音形","level":"了解群图文件","nickname":"彼岸","role":"member","sex":"male","title":"","user_id":951683477},"sub_type":"normal","time":1557671808,"user_id":951683477}
[19-05-12 22:36:55] [PicqBotX] [DEBUG(java.lang.Thread.run:748)] 收到新请求: CQHttp/4.8.0
[19-05-12 22:36:55] [PicqBotX] [DEBUG(java.lang.Thread.run:748)] - 数据: {"anonymous":null,"font":10145144,"group_id":522394334,"message":"富二代啊","message_id":7756,"message_type":"group","post_type":"message","raw_message":"富二代啊","self_id":2997400528,"sender":{"age":28,"area":"成都","card":"一枝独秀—谭八风","level":"了解群图书馆","nickname":"云华","role":"member","sex":"male","title":"","user_id":2297714857},"sub_type":"normal","time":1557671815,"user_id":2297714857}
[19-05-12 22:37:08] [PicqBotX] [DEBUG(java.lang.Thread.run:748)] 收到新请求: CQHttp/4.8.0
[19-05-12 22:37:08] [PicqBotX] [DEBUG(java.lang.Thread.run:748)] - 数据: {"anonymous":null,"font":10144568,"group_id":522394334,"message":"谁早上吃羊肉汤的。。","message_id":7757,"message_type":"group","post_type":"message","raw_message":"谁早上吃羊肉汤的。。","self_id":2997400528,"sender":{"age":28,"area":"成都","card":"一枝独秀—谭八风","level":"了解群图书馆","nickname":"云华","role":"member","sex":"male","title":"","user_id":2297714857},"sub_type":"normal","time":1557671828,"user_id":2297714857}
[19-05-12 22:37:19] [PicqBotX] [DEBUG(java.lang.Thread.run:748)] 收到新请求: CQHttp/4.8.0
[19-05-12 22:37:19] [PicqBotX] [DEBUG(java.lang.Thread.run:748)] - 数据: {"anonymous":null,"font":10145144,"group_id":522394334,"message":"四川那个兔子很好吃，我大学舍友带过来一次","message_id":7758,"message_type":"group","post_type":"message","raw_message":"四川那个兔子很好吃，我大学舍友带过来一次","self_id":2997400528,"sender":{"age":24,"area":"泉州","card":"地瓜-小鹤音形","level":"了解群图书馆","nickname":"地瓜","role":"member","sex":"male","title":"","user_id":1515617671},"sub_type":"normal","time":1557671839,"user_id":1515617671}
[19-05-12 22:37:26] [PicqBotX] [DEBUG(java.lang.Thread.run:748)] 收到新请求: CQHttp/4.8.0
[19-05-12 22:37:26] [PicqBotX] [DEBUG(java.lang.Thread.run:748)] - 数据: {"anonymous":null,"font":10145016,"group_id":522394334,"message":"我在四川那几天 天天早上吃这个 ","message_id":7759,"message_type":"group","post_type":"message","raw_message":"我在四川那几天 天天早上吃这个 ","self_id":2997400528,"sender":{"age":22,"area":"郑州","card":"彼岸-小鹤音形","level":"了解群图文件","nickname":"彼岸","role":"member","sex":"male","title":"","user_id":951683477},"sub_type":"normal","time":1557671846,"user_id":951683477}
[19-05-12 22:37:32] [PicqBotX] [DEBUG(java.lang.Thread.run:748)] 收到新请求: CQHttp/4.8.0
[19-05-12 22:37:32] [PicqBotX] [DEBUG(java.lang.Thread.run:748)] - 数据: {"anonymous":null,"font":10144568,"group_id":522394334,"message":"羊肉汤加米饭","message_id":7760,"message_type":"group","post_type":"message","raw_message":"羊肉汤加米饭","self_id":2997400528,"sender":{"age":22,"area":"郑州","card":"彼岸-小鹤音形","level":"了解群图文件","nickname":"彼岸","role":"member","sex":"male","title":"","user_id":951683477},"sub_type":"normal","time":1557671852,"user_id":951683477}
[19-05-12 22:37:36] [PicqBotX] [DEBUG(java.lang.Thread.run:748)] 收到新请求: CQHttp/4.8.0
[19-05-12 22:37:36] [PicqBotX] [DEBUG(java.lang.Thread.run:748)] - 数据: {"anonymous":null,"font":10145240,"group_id":522394334,"message":"早上就面或者饭，要么就稀饭包子油条豆浆","message_id":7761,"message_type":"group","post_type":"message","raw_message":"早上就面或者饭，要么就稀饭包子油条豆浆","self_id":2997400528,"sender":{"age":28,"area":"成都","card":"一枝独秀—谭八风","level":"了解群图书馆","nickname":"云华","role":"member","sex":"male","title":"","user_id":2297714857},"sub_type":"normal","time":1557671856,"user_id":2297714857}
[19-05-12 22:37:39] [PicqBotX] [DEBUG(java.lang.Thread.run:748)] 收到新请求: CQHttp/4.8.0
[19-05-12 22:37:39] [PicqBotX] [DEBUG(java.lang.Thread.run:748)] - 数据: {"anonymous":null,"font":10144408,"group_id":522394334,"message":"[CQ:image,file=0EEA7D7BBF514089EA2F3CB80554AA57.jpg,url=https://gchat.qpic.cn/gchatpic_new/2297714857/522394334-2934398736-0EEA7D7BBF514089EA2F3CB80554AA57/0?vuin=2997400528&amp;term=2]","message_id":7762,"message_type":"group","post_type":"message","raw_message":"[CQ:image,file=0EEA7D7BBF514089EA2F3CB80554AA57.jpg]","self_id":2997400528,"sender":{"age":28,"area":"成都","card":"一枝独秀—谭八风","level":"了解群图书馆","nickname":"云华","role":"member","sex":"male","title":"","user_id":2297714857},"sub_type":"normal","time":1557671859,"user_id":2297714857}
[19-05-12 22:37:48] [PicqBotX] [DEBUG(java.lang.Thread.run:748)] 收到新请求: CQHttp/4.8.0
[19-05-12 22:37:48] [PicqBotX] [DEBUG(java.lang.Thread.run:748)] - 数据: {"anonymous":null,"font":10144728,"group_id":522394334,"message":"没羊肉汤加饭的早餐","message_id":7763,"message_type":"group","post_type":"message","raw_message":"没羊肉汤加饭的早餐","self_id":2997400528,"sender":{"age":28,"area":"成都","card":"一枝独秀—谭八风","level":"了解群图书馆","nickname":"云华","role":"member","sex":"male","title":"","user_id":2297714857},"sub_type":"normal","time":1557671868,"user_id":2297714857}
[19-05-12 22:37:52] [PicqBotX] [DEBUG(java.lang.Thread.run:748)] 收到新请求: CQHttp/4.8.0
[19-05-12 22:37:52] [PicqBotX] [DEBUG(java.lang.Thread.run:748)] - 数据: {"anonymous":null,"font":10144664,"group_id":522394334,"message":"我没吃过","message_id":7764,"message_type":"group","post_type":"message","raw_message":"我没吃过","self_id":2997400528,"sender":{"age":28,"area":"成都","card":"一枝独秀—谭八风","level":"了解群图书馆","nickname":"云华","role":"member","sex":"male","title":"","user_id":2297714857},"sub_type":"normal","time":1557671872,"user_id":2297714857}
[19-05-12 22:38:03] [PicqBotX] [DEBUG(java.lang.Thread.run:748)] 收到新请求: CQHttp/4.8.0
[19-05-12 22:38:03] [PicqBotX] [DEBUG(java.lang.Thread.run:748)] - 数据: {"anonymous":null,"font":10144568,"group_id":522394334,"message":"那太豪了","message_id":7765,"message_type":"group","post_type":"message","raw_message":"那太豪了","self_id":2997400528,"sender":{"age":28,"area":"成都","card":"一枝独秀—谭八风","level":"了解群图书馆","nickname":"云华","role":"member","sex":"male","title":"","user_id":2297714857},"sub_type":"normal","time":1557671883,"user_id":2297714857}
[19-05-12 22:38:06] [PicqBotX] [DEBUG(java.lang.Thread.run:748)] 收到新请求: CQHttp/4.8.0
[19-05-12 22:38:06] [PicqBotX] [DEBUG(java.lang.Thread.run:748)] - 数据: {"anonymous":null,"font":10145240,"group_id":522394334,"message":"是在内江隆昌","message_id":7766,"message_type":"group","post_type":"message","raw_message":"是在内江隆昌","self_id":2997400528,"sender":{"age":22,"area":"郑州","card":"彼岸-小鹤音形","level":"了解群图文件","nickname":"彼岸","role":"member","sex":"male","title":"","user_id":951683477},"sub_type":"normal","time":1557671886,"user_id":951683477}
[19-05-12 22:38:35] [PicqBotX] [DEBUG(java.lang.Thread.run:748)] 收到新请求: CQHttp/4.8.0
[19-05-12 22:38:35] [PicqBotX] [DEBUG(java.lang.Thread.run:748)] - 数据: {"anonymous":null,"font":10144536,"group_id":522394334,"message":"我去过隆昌……","message_id":7767,"message_type":"group","post_type":"message","raw_message":"我去过隆昌……","self_id":2997400528,"sender":{"age":33,"area":"","card":"国家一级保护废物苏明智-86五笔","level":"中级","nickname":"苏苏","role":"member","sex":"female","title":"","user_id":847628427},"sub_type":"normal","time":1557671915,"user_id":847628427}
[19-05-12 22:38:46] [PicqBotX] [DEBUG(java.lang.Thread.run:748)] 收到新请求: CQHttp/4.8.0
[19-05-12 22:38:46] [PicqBotX] [DEBUG(java.lang.Thread.run:748)] - 数据: {"anonymous":null,"font":10144856,"group_id":522394334,"message":"隆昌 。。。那地好像也没什么区别","message_id":7768,"message_type":"group","post_type":"message","raw_message":"隆昌 。。。那地好像也没什么区别","self_id":2997400528,"sender":{"age":28,"area":"成都","card":"一枝独秀—谭八风","level":"了解群图书馆","nickname":"云华","role":"member","sex":"male","title":"","user_id":2297714857},"sub_type":"normal","time":1557671926,"user_id":2297714857}
[19-05-12 22:39:07] [PicqBotX] [DEBUG(java.lang.Thread.run:748)] 收到新请求: CQHttp/4.8.0
[19-05-12 22:39:07] [PicqBotX] [DEBUG(java.lang.Thread.run:748)] - 数据: {"anonymous":null,"font":10145176,"group_id":522394334,"message":"成都到隆昌有高铁站","message_id":7769,"message_type":"group","post_type":"message","raw_message":"成都到隆昌有高铁站","self_id":2997400528,"sender":{"age":28,"area":"成都","card":"一枝独秀—谭八风","level":"了解群图书馆","nickname":"云华","role":"member","sex":"male","title":"","user_id":2297714857},"sub_type":"normal","time":1557671947,"user_id":2297714857}
[19-05-12 22:39:15] [PicqBotX] [DEBUG(java.lang.Thread.run:748)] 收到新请求: CQHttp/4.8.0
[19-05-12 22:39:15] [PicqBotX] [DEBUG(java.lang.Thread.run:748)] - 数据: {"anonymous":null,"font":10144504,"group_id":522394334,"message":"去也方便","message_id":7770,"message_type":"group","post_type":"message","raw_message":"去也方便","self_id":2997400528,"sender":{"age":28,"area":"成都","card":"一枝独秀—谭八风","level":"了解群图书馆","nickname":"云华","role":"member","sex":"male","title":"","user_id":2297714857},"sub_type":"normal","time":1557671955,"user_id":2297714857}
[19-05-12 22:39:31] [PicqBotX] [DEBUG(java.lang.Thread.run:748)] 收到新请求: CQHttp/4.8.0
[19-05-12 22:39:31] [PicqBotX] [DEBUG(java.lang.Thread.run:748)] - 数据: {"anonymous":null,"font":10145176,"group_id":522394334,"message":"不方便 ","message_id":7771,"message_type":"group","post_type":"message","raw_message":"不方便 ","self_id":2997400528,"sender":{"age":22,"area":"郑州","card":"彼岸-小鹤音形","level":"了解群图文件","nickname":"彼岸","role":"member","sex":"male","title":"","user_id":951683477},"sub_type":"normal","time":1557671971,"user_id":951683477}
[19-05-12 22:39:32] [PicqBotX] [DEBUG(java.lang.Thread.run:748)] 收到新请求: CQHttp/4.8.0
[19-05-12 22:39:32] [PicqBotX] [DEBUG(java.lang.Thread.run:748)] - 数据: {"anonymous":null,"font":10144664,"group_id":522394334,"message":"不过你那吃法太豪了","message_id":7772,"message_type":"group","post_type":"message","raw_message":"不过你那吃法太豪了","self_id":2997400528,"sender":{"age":28,"area":"成都","card":"一枝独秀—谭八风","level":"了解群图书馆","nickname":"云华","role":"member","sex":"male","title":"","user_id":2297714857},"sub_type":"normal","time":1557671972,"user_id":2297714857}
[19-05-12 22:39:38] [PicqBotX] [DEBUG(java.lang.Thread.run:748)] 收到新请求: CQHttp/4.8.0
[19-05-12 22:39:38] [PicqBotX] [DEBUG(java.lang.Thread.run:748)] - 数据: {"anonymous":null,"font":10144472,"group_id":522394334,"message":"当事去的时候别人开的车……因公去的","message_id":7773,"message_type":"group","post_type":"message","raw_message":"当事去的时候别人开的车……因公去的","self_id":2997400528,"sender":{"age":33,"area":"","card":"国家一级保护废物苏明智-86五笔","level":"中级","nickname":"苏苏","role":"member","sex":"female","title":"","user_id":847628427},"sub_type":"normal","time":1557671978,"user_id":847628427}
[19-05-12 22:39:39] [PicqBotX] [DEBUG(java.lang.Thread.run:748)] 收到新请求: CQHttp/4.8.0
[19-05-12 22:39:39] [PicqBotX] [DEBUG(java.lang.Thread.run:748)] - 数据: {"anonymous":null,"font":10145016,"group_id":522394334,"message":"隆昌北站 离市区太远了","message_id":7774,"message_type":"group","post_type":"message","raw_message":"隆昌北站 离市区太远了","self_id":2997400528,"sender":{"age":22,"area":"郑州","card":"彼岸-小鹤音形","level":"了解群图文件","nickname":"彼岸","role":"member","sex":"male","title":"","user_id":951683477},"sub_type":"normal","time":1557671979,"user_id":951683477}
[19-05-12 22:39:50] [PicqBotX] [DEBUG(java.lang.Thread.run:748)] 收到新请求: CQHttp/4.8.0
[19-05-12 22:39:50] [PicqBotX] [DEBUG(java.lang.Thread.run:748)] - 数据: {"anonymous":null,"font":10144472,"group_id":522394334,"message":"反正 不用我掏钱  ","message_id":7775,"message_type":"group","post_type":"message","raw_message":"反正 不用我掏钱  ","self_id":2997400528,"sender":{"age":22,"area":"郑州","card":"彼岸-小鹤音形","level":"了解群图文件","nickname":"彼岸","role":"member","sex":"male","title":"","user_id":951683477},"sub_type":"normal","time":1557671990,"user_id":951683477}
[19-05-12 22:39:59] [PicqBotX] [DEBUG(java.lang.Thread.run:748)] 收到新请求: CQHttp/4.8.0
[19-05-12 22:39:59] [PicqBotX] [DEBUG(java.lang.Thread.run:748)] - 数据: {"anonymous":null,"font":10144408,"group_id":522394334,"message":"想怎么吃  就怎么吃","message_id":7776,"message_type":"group","post_type":"message","raw_message":"想怎么吃  就怎么吃","self_id":2997400528,"sender":{"age":22,"area":"郑州","card":"彼岸-小鹤音形","level":"了解群图文件","nickname":"彼岸","role":"member","sex":"male","title":"","user_id":951683477},"sub_type":"normal","time":1557671999,"user_id":951683477}
[19-05-12 22:40:00] [PicqBotX] [DEBUG(java.lang.Thread.run:748)] 收到新请求: CQHttp/4.8.0
[19-05-12 22:40:00] [PicqBotX] [DEBUG(java.lang.Thread.run:748)] - 数据: {"anonymous":null,"font":10144824,"group_id":522394334,"message":"在内江市区里吃的羊肉汤哟","message_id":7777,"message_type":"group","post_type":"message","raw_message":"在内江市区里吃的羊肉汤哟","self_id":2997400528,"sender":{"age":33,"area":"","card":"国家一级保护废物苏明智-86五笔","level":"中级","nickname":"苏苏","role":"member","sex":"female","title":"","user_id":847628427},"sub_type":"normal","time":1557672000,"user_id":847628427}
[19-05-12 22:40:27] [PicqBotX] [DEBUG(java.lang.Thread.run:748)] 收到新请求: CQHttp/4.8.0
[19-05-12 22:40:27] [PicqBotX] [DEBUG(java.lang.Thread.run:748)] - 数据: {"anonymous":null,"font":10145304,"group_id":522394334,"message":"其实已经不记得味道了……","message_id":7778,"message_type":"group","post_type":"message","raw_message":"其实已经不记得味道了……","self_id":2997400528,"sender":{"age":33,"area":"","card":"国家一级保护废物苏明智-86五笔","level":"中级","nickname":"苏苏","role":"member","sex":"female","title":"","user_id":847628427},"sub_type":"normal","time":1557672027,"user_id":847628427}
[19-05-12 22:40:40] [PicqBotX] [DEBUG(java.lang.Thread.run:748)] 收到新请求: CQHttp/4.8.0
[19-05-12 22:40:40] [PicqBotX] [DEBUG(java.lang.Thread.run:748)] - 数据: {"anonymous":null,"font":10145144,"group_id":522394334,"message":"嗯嗯 羊肉汤很好吃的 ","message_id":7779,"message_type":"group","post_type":"message","raw_message":"嗯嗯 羊肉汤很好吃的 ","self_id":2997400528,"sender":{"age":22,"area":"郑州","card":"彼岸-小鹤音形","level":"了解群图文件","nickname":"彼岸","role":"member","sex":"male","title":"","user_id":951683477},"sub_type":"normal","time":1557672040,"user_id":951683477}
[19-05-12 22:41:01] [PicqBotX] [DEBUG(java.lang.Thread.run:748)] 收到新请求: CQHttp/4.8.0
[19-05-12 22:41:01] [PicqBotX] [DEBUG(java.lang.Thread.run:748)] - 数据: {"anonymous":null,"font":10144920,"group_id":522394334,"message":"还有简阳的羊肉汤","message_id":7780,"message_type":"group","post_type":"message","raw_message":"还有简阳的羊肉汤","self_id":2997400528,"sender":{"age":33,"area":"","card":"国家一级保护废物苏明智-86五笔","level":"中级","nickname":"苏苏","role":"member","sex":"female","title":"","user_id":847628427},"sub_type":"normal","time":1557672061,"user_id":847628427}
[19-05-12 22:41:29] [PicqBotX] [DEBUG(java.lang.Thread.run:748)] 收到新请求: CQHttp/4.8.0
[19-05-12 22:41:29] [PicqBotX] [DEBUG(java.lang.Thread.run:748)] - 数据: {"anonymous":null,"font":10144888,"group_id":522394334,"message":"随机一文　长度200","message_id":7781,"message_type":"group","post_type":"message","raw_message":"随机一文　长度200","self_id":2997400528,"sender":{"age":33,"area":"","card":"国家一级保护废物苏明智-86五笔","level":"中级","nickname":"苏苏","role":"member","sex":"female","title":"","user_id":847628427},"sub_type":"normal","time":1557672089,"user_id":847628427}
[19-05-12 22:41:30] [PicqBotX] [DEBUG(java.lang.Thread.run:748)] 收到新请求: CQHttp/4.8.0
[19-05-12 22:41:30] [PicqBotX] [DEBUG(java.lang.Thread.run:748)] - 数据: {"anonymous":null,"font":10145240,"group_id":522394334,"message":"《罗素：一九二零》散文第1期-作者：龙应台\r\n眼光敏锐、胸中有丘豁的人来到一个新的城市或国家，很快就可以看出隐藏在这个城市或国家表面下层的骨骼，像X光的照射。这种照射，反而是一辈子生活在其中的人往往看不见的，因为他身在其中。罗素在一九二零年到北大担任客座教授，一年后离开，隔年写成《中国问题》这本书。短短一年，面对一个古老而深邃、腐败又复杂的中国，四十八岁的罗素能看见多少中国问题呢？他看见：中国文化正在发生急遽的变化，这种急遽的变化可以追溯到西\r\n-----第1段-----","message_id":7782,"message_type":"group","post_type":"message","raw_message":"《罗素：一九二零》散文第1期-作者：龙应台\r\n眼光敏锐、胸中有丘豁的人来到一个新的城市或国家，很快就可以看出隐藏在这个城市或国家表面下层的骨骼，像X光的照射。这种照射，反而是一辈子生活在其中的人往往看不见的，因为他身在其中。罗素在一九二零年到北大担任客座教授，一年后离开，隔年写成《中国问题》这本书。短短一年，面对一个古老而深邃、腐败又复杂的中国，四十八岁的罗素能看见多少中国问题呢？他看见：中国文化正在发生急遽的变化，这种急遽的变化可以追溯到西\r\n-----第1段-----","self_id":2997400528,"sender":{"age":1,"area":"","card":"拆小鹤","level":"小白","nickname":"拆小鹤","role":"member","sex":"female","title":"","user_id":428826691},"sub_type":"normal","time":1557672090,"user_id":428826691}
[19-05-12 22:41:30] [PicqBotX] [DEBUG(java.lang.Thread.run:748)] 收到新请求: CQHttp/4.8.0
[19-05-12 22:41:30] [PicqBotX] [DEBUG(java.lang.Thread.run:748)] - 数据: {"anonymous":null,"font":10144472,"group_id":556981260,"message":"第999段 速度125.40 击键1.75 码长0.84 字数1070 时间08:31 回改81 回车0 重打1 打词57.68% 峰值146.93 校检:213b3 极速云跟打手机版v0.11","message_id":7783,"message_type":"group","post_type":"message","raw_message":"第999段 速度125.40 击键1.75 码长0.84 字数1070 时间08:31 回改81 回车0 重打1 打词57.68% 峰值146.93 校检:213b3 极速云跟打手机版v0.11","self_id":2997400528,"sender":{"age":24,"area":"","card":"银谷-键道","level":"新日电动车","nickname":"ginkgo","role":"member","sex":"unknown","title":"","user_id":15352842},"sub_type":"normal","time":1557672090,"user_id":15352842}
[19-05-12 22:41:30] [PicqBotX] [DEBUG(java.lang.Thread.run:748)] 收到新请求: CQHttp/4.8.0
[19-05-12 22:41:30] [PicqBotX] [DEBUG(java.lang.Thread.run:748)] - 数据: {"anonymous":null,"font":10144824,"group_id":522394334,"message":"没去过简阳 ","message_id":7784,"message_type":"group","post_type":"message","raw_message":"没去过简阳 ","self_id":2997400528,"sender":{"age":22,"area":"郑州","card":"彼岸-小鹤音形","level":"了解群图文件","nickname":"彼岸","role":"member","sex":"male","title":"","user_id":951683477},"sub_type":"normal","time":1557672090,"user_id":951683477}
[19-05-12 22:41:36] [PicqBotX] [DEBUG(java.lang.Thread.run:748)] 收到新请求: CQHttp/4.8.0
[19-05-12 22:41:36] [PicqBotX] [DEBUG(java.lang.Thread.run:748)] - 数据: {"anonymous":null,"font":10145208,"group_id":522394334,"message":"航天立交那边我也去吃过，地边卖的，自己选，弄好了提着走回家吃，味道很好比馆子还好吃","message_id":7785,"message_type":"group","post_type":"message","raw_message":"航天立交那边我也去吃过，地边卖的，自己选，弄好了提着走回家吃，味道很好比馆子还好吃","self_id":2997400528,"sender":{"age":28,"area":"成都","card":"一枝独秀—谭八风","level":"了解群图书馆","nickname":"云华","role":"member","sex":"male","title":"","user_id":2297714857},"sub_type":"normal","time":1557672096,"user_id":2297714857}
[19-05-12 22:41:37] [PicqBotX] [DEBUG(java.lang.Thread.run:748)] 收到新请求: CQHttp/4.8.0
[19-05-12 22:41:37] [PicqBotX] [DEBUG(java.lang.Thread.run:748)] - 数据: {"anonymous":null,"font":10144472,"group_id":522394334,"message":"隆昌的风景  超好看  ","message_id":7786,"message_type":"group","post_type":"message","raw_message":"隆昌的风景  超好看  ","self_id":2997400528,"sender":{"age":22,"area":"郑州","card":"彼岸-小鹤音形","level":"了解群图文件","nickname":"彼岸","role":"member","sex":"male","title":"","user_id":951683477},"sub_type":"normal","time":1557672097,"user_id":951683477}
[19-05-12 22:41:39] [PicqBotX] [DEBUG(java.lang.Thread.run:748)] 收到新请求: CQHttp/4.8.0
[19-05-12 22:41:39] [PicqBotX] [DEBUG(java.lang.Thread.run:748)] - 数据: {"anonymous":null,"font":10145144,"group_id":522394334,"message":"[CQ:face,id=183][CQ:face,id=183][CQ:face,id=183][CQ:face,id=183]","message_id":7787,"message_type":"group","post_type":"message","raw_message":"[CQ:face,id=183][CQ:face,id=183][CQ:face,id=183][CQ:face,id=183]","self_id":2997400528,"sender":{"age":28,"area":"成都","card":"一枝独秀—谭八风","level":"了解群图书馆","nickname":"云华","role":"member","sex":"male","title":"","user_id":2297714857},"sub_type":"normal","time":1557672099,"user_id":2297714857}
[19-05-12 22:42:00] [PicqBotX] [DEBUG(java.lang.Thread.run:748)] 收到新请求: CQHttp/4.8.0
[19-05-12 22:42:00] [PicqBotX] [DEBUG(java.lang.Thread.run:748)] - 数据: {"anonymous":null,"font":10145080,"group_id":522394334,"message":"[CQ:image,file=F369E519D83315943A99B8281B07A693.gif,url=https://gchat.qpic.cn/gchatpic_new/847628427/522394334-3043269602-F369E519D83315943A99B8281B07A693/0?vuin=2997400528&amp;term=2]","message_id":7788,"message_type":"group","post_type":"message","raw_message":"[CQ:image,file=F369E519D83315943A99B8281B07A693.gif]","self_id":2997400528,"sender":{"age":33,"area":"","card":"国家一级保护废物苏明智-86五笔","level":"中级","nickname":"苏苏","role":"member","sex":"female","title":"","user_id":847628427},"sub_type":"normal","time":1557672120,"user_id":847628427}
[19-05-12 22:42:09] [PicqBotX] [DEBUG(java.lang.Thread.run:748)] 收到新请求: CQHttp/4.8.0
[19-05-12 22:42:09] [PicqBotX] [DEBUG(java.lang.Thread.run:748)] - 数据: {"anonymous":null,"font":10145176,"group_id":522394334,"message":"厉害了","message_id":7789,"message_type":"group","post_type":"message","raw_message":"厉害了","self_id":2997400528,"sender":{"age":33,"area":"","card":"国家一级保护废物苏明智-86五笔","level":"中级","nickname":"苏苏","role":"member","sex":"female","title":"","user_id":847628427},"sub_type":"normal","time":1557672129,"user_id":847628427}
[19-05-12 22:42:11] [PicqBotX] [DEBUG(java.lang.Thread.run:748)] 收到新请求: CQHttp/4.8.0
[19-05-12 22:42:11] [PicqBotX] [DEBUG(java.lang.Thread.run:748)] - 数据: {"anonymous":null,"font":10144408,"group_id":522394334,"message":"有点不想回来了  ","message_id":7790,"message_type":"group","post_type":"message","raw_message":"有点不想回来了  ","self_id":2997400528,"sender":{"age":22,"area":"郑州","card":"彼岸-小鹤音形","level":"了解群图文件","nickname":"彼岸","role":"member","sex":"male","title":"","user_id":951683477},"sub_type":"normal","time":1557672131,"user_id":951683477}
[19-05-12 22:42:21] [PicqBotX] [DEBUG(java.lang.Thread.run:748)] 收到新请求: CQHttp/4.8.0
[19-05-12 22:42:21] [PicqBotX] [DEBUG(java.lang.Thread.run:748)] - 数据: {"anonymous":null,"font":10145080,"group_id":522394334,"message":"你那人啊","message_id":7791,"message_type":"group","post_type":"message","raw_message":"你那人啊","self_id":2997400528,"sender":{"age":28,"area":"成都","card":"一枝独秀—谭八风","level":"了解群图书馆","nickname":"云华","role":"member","sex":"male","title":"","user_id":2297714857},"sub_type":"normal","time":1557672141,"user_id":2297714857}
[19-05-12 22:42:24] [PicqBotX] [DEBUG(java.lang.Thread.run:748)] 收到新请求: CQHttp/4.8.0
[19-05-12 22:42:24] [PicqBotX] [DEBUG(java.lang.Thread.run:748)] - 数据: {"anonymous":null,"font":10144664,"group_id":522394334,"message":"[CQ:face,id=178][CQ:face,id=178]","message_id":7792,"message_type":"group","post_type":"message","raw_message":"[CQ:face,id=178][CQ:face,id=178]","self_id":2997400528,"sender":{"age":28,"area":"成都","card":"一枝独秀—谭八风","level":"了解群图书馆","nickname":"云华","role":"member","sex":"male","title":"","user_id":2297714857},"sub_type":"normal","time":1557672144,"user_id":2297714857}
[19-05-12 22:42:42] [PicqBotX] [DEBUG(java.lang.Thread.run:748)] 收到新请求: CQHttp/4.8.0
[19-05-12 22:42:42] [PicqBotX] [DEBUG(java.lang.Thread.run:748)] - 数据: {"anonymous":null,"font":10145144,"group_id":522394334,"message":"我不能看你们聊天了，我刚刚吃了东西又想吃了","message_id":7793,"message_type":"group","post_type":"message","raw_message":"我不能看你们聊天了，我刚刚吃了东西又想吃了","self_id":2997400528,"sender":{"age":33,"area":"","card":"国家一级保护废物苏明智-86五笔","level":"中级","nickname":"苏苏","role":"member","sex":"female","title":"","user_id":847628427},"sub_type":"normal","time":1557672162,"user_id":847628427}
[19-05-12 22:42:46] [PicqBotX] [DEBUG(java.lang.Thread.run:748)] 收到新请求: CQHttp/4.8.0
[19-05-12 22:42:46] [PicqBotX] [DEBUG(java.lang.Thread.run:748)] - 数据: {"anonymous":null,"font":10144504,"group_id":522394334,"message":" 。。。","message_id":7794,"message_type":"group","post_type":"message","raw_message":" 。。。","self_id":2997400528,"sender":{"age":28,"area":"成都","card":"一枝独秀—谭八风","level":"了解群图书馆","nickname":"云华","role":"member","sex":"male","title":"","user_id":2297714857},"sub_type":"normal","time":1557672166,"user_id":2297714857}
[19-05-12 22:42:55] [PicqBotX] [DEBUG(java.lang.Thread.run:748)] 收到新请求: CQHttp/4.8.0
[19-05-12 22:42:55] [PicqBotX] [DEBUG(java.lang.Thread.run:748)] - 数据: {"anonymous":null,"font":10144408,"group_id":522394334,"message":"有这么馋吗","message_id":7795,"message_type":"group","post_type":"message","raw_message":"有这么馋吗","self_id":2997400528,"sender":{"age":28,"area":"成都","card":"一枝独秀—谭八风","level":"了解群图书馆","nickname":"云华","role":"member","sex":"male","title":"","user_id":2297714857},"sub_type":"normal","time":1557672175,"user_id":2297714857}
[19-05-12 22:42:58] [PicqBotX] [DEBUG(java.lang.Thread.run:748)] 收到新请求: CQHttp/4.8.0
[19-05-12 22:42:58] [PicqBotX] [DEBUG(java.lang.Thread.run:748)] - 数据: {"anonymous":null,"font":10144536,"group_id":522394334,"message":"算了吧 我今晚没吃饭 ","message_id":7796,"message_type":"group","post_type":"message","raw_message":"算了吧 我今晚没吃饭 ","self_id":2997400528,"sender":{"age":22,"area":"郑州","card":"彼岸-小鹤音形","level":"了解群图文件","nickname":"彼岸","role":"member","sex":"male","title":"","user_id":951683477},"sub_type":"normal","time":1557672178,"user_id":951683477}
[19-05-12 22:43:19] [PicqBotX] [DEBUG(java.lang.Thread.run:748)] 收到新请求: CQHttp/4.8.0
[19-05-12 22:43:19] [PicqBotX] [DEBUG(java.lang.Thread.run:748)] - 数据: {"anonymous":null,"font":10144920,"group_id":522394334,"message":"改天来宜宾我请你吃烧腊","message_id":7797,"message_type":"group","post_type":"message","raw_message":"改天来宜宾我请你吃烧腊","self_id":2997400528,"sender":{"age":28,"area":"成都","card":"一枝独秀—谭八风","level":"了解群图书馆","nickname":"云华","role":"member","sex":"male","title":"","user_id":2297714857},"sub_type":"normal","time":1557672199,"user_id":2297714857}
[19-05-12 22:43:21] [PicqBotX] [DEBUG(java.lang.Thread.run:748)] 收到新请求: CQHttp/4.8.0
[19-05-12 22:43:21] [PicqBotX] [DEBUG(java.lang.Thread.run:748)] - 数据: {"anonymous":null,"font":10145176,"group_id":522394334,"message":"[CQ:image,file=E4387A25F3132D00DED86D14F977E4F9.gif,url=https://gchat.qpic.cn/gchatpic_new/847628427/522394334-2175585317-E4387A25F3132D00DED86D14F977E4F9/0?vuin=2997400528&amp;term=2]刚刚喝了猪蹄炖藕","message_id":7798,"message_type":"group","post_type":"message","raw_message":"[CQ:image,file=E4387A25F3132D00DED86D14F977E4F9.gif]刚刚喝了猪蹄炖藕","self_id":2997400528,"sender":{"age":33,"area":"","card":"国家一级保护废物苏明智-86五笔","level":"中级","nickname":"苏苏","role":"member","sex":"female","title":"","user_id":847628427},"sub_type":"normal","time":1557672201,"user_id":847628427}
[19-05-12 22:43:22] [PicqBotX] [DEBUG(java.lang.Thread.run:748)] 收到新请求: CQHttp/4.8.0
[19-05-12 22:43:22] [PicqBotX] [DEBUG(java.lang.Thread.run:748)] - 数据: {"anonymous":null,"font":10144568,"group_id":522394334,"message":"[CQ:face,id=178]","message_id":7799,"message_type":"group","post_type":"message","raw_message":"[CQ:face,id=178]","self_id":2997400528,"sender":{"age":28,"area":"成都","card":"一枝独秀—谭八风","level":"了解群图书馆","nickname":"云华","role":"member","sex":"male","title":"","user_id":2297714857},"sub_type":"normal","time":1557672202,"user_id":2297714857}
[19-05-12 22:43:29] [PicqBotX] [DEBUG(java.lang.Thread.run:748)] 收到新请求: CQHttp/4.8.0
[19-05-12 22:43:29] [PicqBotX] [DEBUG(java.lang.Thread.run:748)] - 数据: {"anonymous":null,"font":10144568,"group_id":522394334,"message":"[CQ:image,file=C616C9093CD89F8326E1C7247A9C2660.gif,url=https://gchat.qpic.cn/gchatpic_new/2297714857/522394334-2630481387-C616C9093CD89F8326E1C7247A9C2660/0?vuin=2997400528&amp;term=2]","message_id":7800,"message_type":"group","post_type":"message","raw_message":"[CQ:image,file=C616C9093CD89F8326E1C7247A9C2660.gif]","self_id":2997400528,"sender":{"age":28,"area":"成都","card":"一枝独秀—谭八风","level":"了解群图书馆","nickname":"云华","role":"member","sex":"male","title":"","user_id":2297714857},"sub_type":"normal","time":1557672209,"user_id":2297714857}
[19-05-12 22:43:32] [PicqBotX] [DEBUG(java.lang.Thread.run:748)] 收到新请求: CQHttp/4.8.0
[19-05-12 22:43:32] [PicqBotX] [DEBUG(java.lang.Thread.run:748)] - 数据: {"anonymous":null,"font":10145368,"group_id":522394334,"message":"八风是宜宾的？","message_id":7801,"message_type":"group","post_type":"message","raw_message":"八风是宜宾的？","self_id":2997400528,"sender":{"age":33,"area":"","card":"国家一级保护废物苏明智-86五笔","level":"中级","nickname":"苏苏","role":"member","sex":"female","title":"","user_id":847628427},"sub_type":"normal","time":1557672212,"user_id":847628427}
[19-05-12 22:43:41] [PicqBotX] [DEBUG(java.lang.Thread.run:748)] 收到新请求: CQHttp/4.8.0
[19-05-12 22:43:41] [PicqBotX] [DEBUG(java.lang.Thread.run:748)] - 数据: {"anonymous":null,"font":10145016,"group_id":556981260,"message":"第999段 速度203.70 击键7.02 码长2.07 标顶理论1.91 文章难度64.86 字数478 回改10 退格10 错字0 键数989 选重14 键准96.01% 键法107.38%(左422:右393:空格154) 打词率63.93% 选重率2.93% 拖拉机跟打器 版本1.601 Windows 10版  校验UT\\JV^","message_id":7802,"message_type":"group","post_type":"message","raw_message":"第999段 速度203.70 击键7.02 码长2.07 标顶理论1.91 文章难度64.86 字数478 回改10 退格10 错字0 键数989 选重14 键准96.01% 键法107.38%(左422:右393:空格154) 打词率63.93% 选重率2.93% 拖拉机跟打器 版本1.601 Windows 10版  校验UT\\JV^","self_id":2997400528,"sender":{"age":0,"area":"广州","card":"无聊-小鹤","level":"新日电动车","nickname":"无聊","role":"member","sex":"male","title":"","user_id":779855010},"sub_type":"normal","time":1557672221,"user_id":779855010}
[19-05-12 22:43:46] [PicqBotX] [DEBUG(java.lang.Thread.run:748)] 收到新请求: CQHttp/4.8.0
[19-05-12 22:43:46] [PicqBotX] [DEBUG(java.lang.Thread.run:748)] - 数据: {"anonymous":null,"font":10144856,"group_id":522394334,"message":"[CQ:image,file=D2431BBC7797D3010D33575E31215EB3.gif,url=https://gchat.qpic.cn/gchatpic_new/2297714857/522394334-2227866100-D2431BBC7797D3010D33575E31215EB3/0?vuin=2997400528&amp;term=2]","message_id":7803,"message_type":"group","post_type":"message","raw_message":"[CQ:image,file=D2431BBC7797D3010D33575E31215EB3.gif]","self_id":2997400528,"sender":{"age":28,"area":"成都","card":"一枝独秀—谭八风","level":"了解群图书馆","nickname":"云华","role":"member","sex":"male","title":"","user_id":2297714857},"sub_type":"normal","time":1557672226,"user_id":2297714857}
[19-05-12 22:43:48] [PicqBotX] [DEBUG(java.lang.Thread.run:748)] 收到新请求: CQHttp/4.8.0
