[19-05-15 12:41:19] [PicqBotX] [INFO] 
[19-05-15 12:41:19] [PicqBotX] [INFO]     ____  _            ____        __ _  __
[19-05-15 12:41:19] [PicqBotX] [INFO]    / __ \(_)________ _/ __ )____  / /| |/ /
[19-05-15 12:41:19] [PicqBotX] [INFO]   / /_/ / / ___/ __ `/ __  / __ \/ __/   /
[19-05-15 12:41:19] [PicqBotX] [INFO]  / ____/ / /__/ /_/ / /_/ / /_/ / /_/   |
[19-05-15 12:41:19] [PicqBotX] [INFO] /_/   /_/\___/\__, /_____/\____/\__/_/|_|
[19-05-15 12:41:19] [PicqBotX] [INFO]                 /_/         v3.2.2.896
[19-05-15 12:41:19] [PicqBotX] [INFO] 日志管理器     初始化完成 [******] ...(31.52 ms)
[19-05-15 12:41:19] [PicqBotX] [INFO] 缓存管理器     初始化完成 [******] ...(1.87 ms)
[19-05-15 12:41:19] [PicqBotX] [INFO] DEBUG设置     初始化完成 [******] ...(0.01 ms)
[19-05-15 12:41:19] [PicqBotX] [INFO] 事件管理器     初始化完成 [******] ...(32.91 ms)
[19-05-15 12:41:19] [PicqBotX] [INFO] 账号管理器     初始化完成 [******] ...(1.02 ms)
[19-05-15 12:41:19] [PicqBotX] [INFO] HTTP监听服务器 初始化完成 [******] ...(1.77 ms)
[19-05-15 12:41:19] [PicqBotX] [INFO] 指令管理器     初始化完成 [******] ...(2.75 ms)
[19-05-15 12:41:19] [PicqBotX] [WARNING] 账号 Bot01: 版本正确, 不过用酷Q Pro的话效果更好哦!
[19-05-15 12:41:19] [PicqBotX] [INFO] 账号 Bot01:   版本验证完成!
[19-05-15 12:41:19] [PicqBotX] [INFO] 正在启动...
[19-05-15 12:41:25] [PicqBotX] [DEBUG(java.lang.Thread.run:748)] 收到新请求: CQHttp/4.8.0
[19-05-15 12:41:25] [PicqBotX] [DEBUG(java.lang.Thread.run:748)] - 数据: {"anonymous":null,"font":6235456,"group_id":522394334,"message":"查询 谭宇大佬","message_id":11186,"message_type":"group","post_type":"message","raw_message":"查询 谭宇大佬","self_id":2997400528,"sender":{"age":8,"area":"广州","card":"谭宇-养生式跟打","level":"入门","nickname":"0 4 . 2 2","role":"admin","sex":"male","title":"","user_id":1061917196},"sub_type":"normal","time":1557895285,"user_id":1061917196}
[19-05-15 12:41:35] [PicqBotX] [DEBUG(java.lang.Thread.run:748)] 收到新请求: CQHttp/4.8.0
[19-05-15 12:41:35] [PicqBotX] [DEBUG(java.lang.Thread.run:748)] - 数据: {"anonymous":null,"font":6235264,"group_id":522394334,"message":"查询 1061917196","message_id":11188,"message_type":"group","post_type":"message","raw_message":"查询 1061917196","self_id":2997400528,"sender":{"age":8,"area":"广州","card":"谭宇-养生式跟打","level":"入门","nickname":"0 4 . 2 2","role":"admin","sex":"male","title":"","user_id":1061917196},"sub_type":"normal","time":1557895295,"user_id":1061917196}
[19-05-15 12:42:08] [PicqBotX] [DEBUG(java.lang.Thread.run:748)] 收到新请求: CQHttp/4.8.0
[19-05-15 12:42:08] [PicqBotX] [DEBUG(java.lang.Thread.run:748)] - 数据: {"anonymous":null,"font":6235360,"group_id":522394334,"message":"第999段 速度134.97 击键5.39 码长2.40 标顶理论2.13 文章难度67.16 字数463 回改18 退格14 错字0 键数1109 选重48 键准93.96% 键法91.81%(左437:右476:空格156) 打词率54.47% 选重率10.37% 拖拉机跟打器 版本1.700 Windows 10版  校验VQ\\JVQ","message_id":11190,"message_type":"group","post_type":"message","raw_message":"第999段 速度134.97 击键5.39 码长2.40 标顶理论2.13 文章难度67.16 字数463 回改18 退格14 错字0 键数1109 选重48 键准93.96% 键法91.81%(左437:右476:空格156) 打词率54.47% 选重率10.37% 拖拉机跟打器 版本1.700 Windows 10版  校验VQ\\JVQ","self_id":2997400528,"sender":{"age":0,"area":"广州","card":"无聊-小鹤音形","level":"中级","nickname":"无聊","role":"member","sex":"male","title":"","user_id":779855010},"sub_type":"normal","time":1557895328,"user_id":779855010}
[19-05-15 12:42:14] [PicqBotX] [DEBUG(java.lang.Thread.run:748)] 收到新请求: CQHttp/4.8.0
[19-05-15 12:42:14] [PicqBotX] [DEBUG(java.lang.Thread.run:748)] - 数据: {"anonymous":null,"font":6235040,"group_id":522394334,"message":"查询 无聊","message_id":11192,"message_type":"group","post_type":"message","raw_message":"查询 无聊","self_id":2997400528,"sender":{"age":0,"area":"广州","card":"无聊-小鹤音形","level":"中级","nickname":"无聊","role":"member","sex":"male","title":"","user_id":779855010},"sub_type":"normal","time":1557895334,"user_id":779855010}
[19-05-15 12:42:45] [PicqBotX] [DEBUG(java.lang.Thread.run:748)] 收到新请求: CQHttp/4.8.0
[19-05-15 12:42:45] [PicqBotX] [DEBUG(java.lang.Thread.run:748)] - 数据: {"anonymous":null,"font":6235008,"group_id":556981260,"message":"你自己弄个圆角呗","message_id":11194,"message_type":"group","post_type":"message","raw_message":"你自己弄个圆角呗","self_id":2997400528,"sender":{"age":0,"area":"","card":"空白―星二","level":"死飞单车","nickname":"","role":"member","sex":"unknown","title":"","user_id":29141847},"sub_type":"normal","time":1557895365,"user_id":29141847}
[19-05-15 12:42:51] [PicqBotX] [DEBUG(java.lang.Thread.run:748)] 收到新请求: CQHttp/4.8.0
[19-05-15 12:42:51] [PicqBotX] [DEBUG(java.lang.Thread.run:748)] - 数据: {"anonymous":null,"font":6235840,"group_id":522394334,"message":"查询 779855010","message_id":11195,"message_type":"group","post_type":"message","raw_message":"查询 779855010","self_id":2997400528,"sender":{"age":0,"area":"广州","card":"无聊-小鹤音形","level":"中级","nickname":"无聊","role":"member","sex":"male","title":"","user_id":779855010},"sub_type":"normal","time":1557895371,"user_id":779855010}
[19-05-15 12:42:52] [PicqBotX] [DEBUG(java.lang.Thread.run:748)] 收到新请求: CQHttp/4.8.0
[19-05-15 12:42:52] [PicqBotX] [DEBUG(java.lang.Thread.run:748)] - 数据: {"anonymous":null,"font":6235648,"group_id":522394334,"message":"设置名片 谭宇","message_id":11197,"message_type":"group","post_type":"message","raw_message":"设置名片 谭宇","self_id":2997400528,"sender":{"age":8,"area":"广州","card":"谭宇-养生式跟打","level":"入门","nickname":"0 4 . 2 2","role":"admin","sex":"male","title":"","user_id":1061917196},"sub_type":"normal","time":1557895371,"user_id":1061917196}
[19-05-15 12:43:06] [PicqBotX] [DEBUG(java.lang.Thread.run:748)] 收到新请求: CQHttp/4.8.0
[19-05-15 12:43:06] [PicqBotX] [DEBUG(java.lang.Thread.run:748)] - 数据: {"anonymous":null,"font":6235744,"group_id":522394334,"message":"咦，好像有bug","message_id":11199,"message_type":"group","post_type":"message","raw_message":"咦，好像有bug","self_id":2997400528,"sender":{"age":8,"area":"广州","card":"谭宇-养生式跟打","level":"入门","nickname":"0 4 . 2 2","role":"admin","sex":"male","title":"","user_id":1061917196},"sub_type":"normal","time":1557895386,"user_id":1061917196}
[19-05-15 12:43:08] [PicqBotX] [DEBUG(java.lang.Thread.run:748)] 收到新请求: CQHttp/4.8.0
[19-05-15 12:43:08] [PicqBotX] [DEBUG(java.lang.Thread.run:748)] - 数据: {"anonymous":null,"font":6235968,"group_id":522394334,"message":"查询 null","message_id":11200,"message_type":"group","post_type":"message","raw_message":"查询 null","self_id":2997400528,"sender":{"age":8,"area":"广州","card":"谭宇-养生式跟打","level":"入门","nickname":"0 4 . 2 2","role":"admin","sex":"male","title":"","user_id":1061917196},"sub_type":"normal","time":1557895388,"user_id":1061917196}
[19-05-15 12:43:14] [PicqBotX] [DEBUG(java.lang.Thread.run:748)] 收到新请求: CQHttp/4.8.0
[19-05-15 12:43:14] [PicqBotX] [DEBUG(java.lang.Thread.run:748)] - 数据: {"anonymous":null,"font":6235008,"group_id":522394334,"message":"哦，这样查不行。。","message_id":11202,"message_type":"group","post_type":"message","raw_message":"哦，这样查不行。。","self_id":2997400528,"sender":{"age":8,"area":"广州","card":"谭宇-养生式跟打","level":"入门","nickname":"0 4 . 2 2","role":"admin","sex":"male","title":"","user_id":1061917196},"sub_type":"normal","time":1557895394,"user_id":1061917196}
[19-05-15 12:43:20] [PicqBotX] [DEBUG(java.lang.Thread.run:748)] 收到新请求: CQHttp/4.8.0
[19-05-15 12:43:20] [PicqBotX] [DEBUG(java.lang.Thread.run:748)] - 数据: {"anonymous":null,"font":6235200,"group_id":522394334,"message":"设置名片 null","message_id":11203,"message_type":"group","post_type":"message","raw_message":"设置名片 null","self_id":2997400528,"sender":{"age":8,"area":"广州","card":"谭宇-养生式跟打","level":"入门","nickname":"0 4 . 2 2","role":"admin","sex":"male","title":"","user_id":1061917196},"sub_type":"normal","time":1557895400,"user_id":1061917196}
[19-05-15 12:43:24] [PicqBotX] [DEBUG(java.lang.Thread.run:748)] 收到新请求: CQHttp/4.8.0
[19-05-15 12:43:24] [PicqBotX] [DEBUG(java.lang.Thread.run:748)] - 数据: {"anonymous":null,"font":6235968,"group_id":522394334,"message":"查询 null","message_id":11205,"message_type":"group","post_type":"message","raw_message":"查询 null","self_id":2997400528,"sender":{"age":8,"area":"广州","card":"谭宇-养生式跟打","level":"入门","nickname":"0 4 . 2 2","role":"admin","sex":"male","title":"","user_id":1061917196},"sub_type":"normal","time":1557895404,"user_id":1061917196}
[19-05-15 12:43:29] [PicqBotX] [DEBUG(java.lang.Thread.run:748)] 收到新请求: CQHttp/4.8.0
[19-05-15 12:43:29] [PicqBotX] [DEBUG(java.lang.Thread.run:748)] - 数据: {"anonymous":null,"font":6235296,"group_id":522394334,"message":"设置 Null","message_id":11207,"message_type":"group","post_type":"message","raw_message":"设置 Null","self_id":2997400528,"sender":{"age":8,"area":"广州","card":"谭宇-养生式跟打","level":"入门","nickname":"0 4 . 2 2","role":"admin","sex":"male","title":"","user_id":1061917196},"sub_type":"normal","time":1557895409,"user_id":1061917196}
[19-05-15 12:43:33] [PicqBotX] [DEBUG(java.lang.Thread.run:748)] 收到新请求: CQHttp/4.8.0
[19-05-15 12:43:33] [PicqBotX] [DEBUG(java.lang.Thread.run:748)] - 数据: {"anonymous":null,"font":6235200,"group_id":522394334,"message":"设置名片 Null","message_id":11208,"message_type":"group","post_type":"message","raw_message":"设置名片 Null","self_id":2997400528,"sender":{"age":8,"area":"广州","card":"谭宇-养生式跟打","level":"入门","nickname":"0 4 . 2 2","role":"admin","sex":"male","title":"","user_id":1061917196},"sub_type":"normal","time":1557895413,"user_id":1061917196}
[19-05-15 12:43:36] [PicqBotX] [DEBUG(java.lang.Thread.run:748)] 收到新请求: CQHttp/4.8.0
[19-05-15 12:43:36] [PicqBotX] [DEBUG(java.lang.Thread.run:748)] - 数据: {"anonymous":null,"font":6235872,"group_id":522394334,"message":"查询 Null","message_id":11210,"message_type":"group","post_type":"message","raw_message":"查询 Null","self_id":2997400528,"sender":{"age":8,"area":"广州","card":"谭宇-养生式跟打","level":"入门","nickname":"0 4 . 2 2","role":"admin","sex":"male","title":"","user_id":1061917196},"sub_type":"normal","time":1557895416,"user_id":1061917196}
[19-05-15 12:43:41] [PicqBotX] [DEBUG(java.lang.Thread.run:748)] 收到新请求: CQHttp/4.8.0
[19-05-15 12:43:41] [PicqBotX] [DEBUG(java.lang.Thread.run:748)] - 数据: {"anonymous":null,"font":6235200,"group_id":522394334,"message":"没有这种BUG 还好。。","message_id":11212,"message_type":"group","post_type":"message","raw_message":"没有这种BUG 还好。。","self_id":2997400528,"sender":{"age":8,"area":"广州","card":"谭宇-养生式跟打","level":"入门","nickname":"0 4 . 2 2","role":"admin","sex":"male","title":"","user_id":1061917196},"sub_type":"normal","time":1557895421,"user_id":1061917196}
[19-05-15 12:44:01] [PicqBotX] [DEBUG(java.lang.Thread.run:748)] 收到新请求: CQHttp/4.8.0
[19-05-15 12:44:01] [PicqBotX] [DEBUG(java.lang.Thread.run:748)] - 数据: {"anonymous":null,"font":6235296,"group_id":556981260,"message":"[CQ:image,file=BD0C7011AD6D130CAC124156D9178D72.png,url=https://gchat.qpic.cn/gchatpic_new/2524098743/556981260-2257182772-BD0C7011AD6D130CAC124156D9178D72/0?vuin=2997400528&amp;term=2]","message_id":11213,"message_type":"group","post_type":"message","raw_message":"[CQ:image,file=BD0C7011AD6D130CAC124156D9178D72.png]","self_id":2997400528,"sender":{"age":0,"area":"","card":"白焕 - 鹤鹤鹤","level":"新日电动车","nickname":"杂色a","role":"member","sex":"unknown","title":"","user_id":2524098743},"sub_type":"normal","time":1557895441,"user_id":2524098743}
[19-05-15 12:44:14] [PicqBotX] [DEBUG(java.lang.Thread.run:748)] 收到新请求: CQHttp/4.8.0
