[19-05-15 18:09:20] [PicqBotX] [INFO] 
[19-05-15 18:09:20] [PicqBotX] [INFO]     ____  _            ____        __ _  __
[19-05-15 18:09:20] [PicqBotX] [INFO]    / __ \(_)________ _/ __ )____  / /| |/ /
[19-05-15 18:09:20] [PicqBotX] [INFO]   / /_/ / / ___/ __ `/ __  / __ \/ __/   /
[19-05-15 18:09:20] [PicqBotX] [INFO]  / ____/ / /__/ /_/ / /_/ / /_/ / /_/   |
[19-05-15 18:09:20] [PicqBotX] [INFO] /_/   /_/\___/\__, /_____/\____/\__/_/|_|
[19-05-15 18:09:20] [PicqBotX] [INFO]                 /_/         v3.2.2.896
[19-05-15 18:09:20] [PicqBotX] [INFO] 日志管理器     初始化完成 [******] ...(43.26 ms)
[19-05-15 18:09:20] [PicqBotX] [INFO] 缓存管理器     初始化完成 [******] ...(1.95 ms)
[19-05-15 18:09:20] [PicqBotX] [INFO] DEBUG设置     初始化完成 [******] ...(0.01 ms)
[19-05-15 18:09:20] [PicqBotX] [INFO] 事件管理器     初始化完成 [******] ...(43.16 ms)
[19-05-15 18:09:20] [PicqBotX] [INFO] 账号管理器     初始化完成 [******] ...(1.14 ms)
[19-05-15 18:09:20] [PicqBotX] [INFO] HTTP监听服务器 初始化完成 [******] ...(1.8 ms)
[19-05-15 18:09:21] [PicqBotX] [INFO] 指令管理器     初始化完成 [******] ...(2.54 ms)
[19-05-15 18:09:21] [PicqBotX] [WARNING] 账号 Bot01: 版本正确, 不过用酷Q Pro的话效果更好哦!
[19-05-15 18:09:21] [PicqBotX] [INFO] 账号 Bot01:   版本验证完成!
[19-05-15 18:09:21] [PicqBotX] [INFO] 正在启动...
[19-05-15 18:09:23] [PicqBotX] [DEBUG(java.lang.Thread.run:748)] 收到新请求: CQHttp/4.8.0
[19-05-15 18:09:23] [PicqBotX] [DEBUG(java.lang.Thread.run:748)] - 数据: {"anonymous":null,"font":8418360,"group_id":723795668,"message":"[CQ:face,id=13]","message_id":11483,"message_type":"group","post_type":"message","raw_message":"[CQ:face,id=13]","self_id":2997400528,"sender":{"age":29,"area":"深圳","card":"","level":"高手","nickname":"廿七","role":"member","sex":"male","title":"","user_id":469620205},"sub_type":"normal","time":1557914963,"user_id":469620205}
[19-05-15 18:09:30] [PicqBotX] [DEBUG(java.lang.Thread.run:748)] 收到新请求: CQHttp/4.8.0
