[19-05-14 21:01:36] [PicqBotX] [INFO] 
[19-05-14 21:01:36] [PicqBotX] [INFO]     ____  _            ____        __ _  __
[19-05-14 21:01:36] [PicqBotX] [INFO]    / __ \(_)________ _/ __ )____  / /| |/ /
[19-05-14 21:01:36] [PicqBotX] [INFO]   / /_/ / / ___/ __ `/ __  / __ \/ __/   /
[19-05-14 21:01:36] [PicqBotX] [INFO]  / ____/ / /__/ /_/ / /_/ / /_/ / /_/   |
[19-05-14 21:01:36] [PicqBotX] [INFO] /_/   /_/\___/\__, /_____/\____/\__/_/|_|
[19-05-14 21:01:36] [PicqBotX] [INFO]                 /_/         v3.2.2.896
[19-05-14 21:01:36] [PicqBotX] [INFO] 日志管理器     初始化完成 [******] ...(25.87 ms)
[19-05-14 21:01:36] [PicqBotX] [INFO] 缓存管理器     初始化完成 [******] ...(2.14 ms)
[19-05-14 21:01:36] [PicqBotX] [INFO] DEBUG设置     初始化完成 [******] ...(0.01 ms)
[19-05-14 21:01:36] [PicqBotX] [INFO] 事件管理器     初始化完成 [******] ...(28.3 ms)
[19-05-14 21:01:36] [PicqBotX] [INFO] 账号管理器     初始化完成 [******] ...(1.25 ms)
[19-05-14 21:01:36] [PicqBotX] [INFO] HTTP监听服务器 初始化完成 [******] ...(1.34 ms)
[19-05-14 21:01:37] [PicqBotX] [INFO] 指令管理器     初始化完成 [******] ...(2.21 ms)
[19-05-14 21:01:37] [PicqBotX] [WARNING] 账号 Bot01: 版本正确, 不过用酷Q Pro的话效果更好哦!
[19-05-14 21:01:37] [PicqBotX] [INFO] 账号 Bot01:   版本验证完成!
[19-05-14 21:01:37] [PicqBotX] [INFO] 正在启动...
[19-05-14 21:01:39] [PicqBotX] [DEBUG(java.lang.Thread.run:748)] 收到新请求: CQHttp/4.8.0
[19-05-14 21:01:39] [PicqBotX] [DEBUG(java.lang.Thread.run:748)] - 数据: {"anonymous":null,"font":6235136,"group_id":522394334,"message":"点歌一万个舍不得","message_id":10239,"message_type":"group","post_type":"message","raw_message":"点歌一万个舍不得","self_id":2997400528,"sender":{"age":28,"area":"成都","card":"一枝独秀―谭八风","level":"了解群图书馆","nickname":"云华","role":"member","sex":"male","title":"","user_id":2297714857},"sub_type":"normal","time":1557838899,"user_id":2297714857}
[19-05-14 21:01:39] [PicqBotX] [DEBUG(java.lang.Thread.run:748)] 收到新请求: CQHttp/4.8.0
[19-05-14 21:01:39] [PicqBotX] [DEBUG(java.lang.Thread.run:748)] - 数据: {"anonymous":null,"font":6235296,"group_id":522394334,"message":"[CQ:music,id=4775795,type=qq]","message_id":10240,"message_type":"group","post_type":"message","raw_message":"[CQ:music,type=qq,id=4775795]","self_id":2997400528,"sender":{"age":22,"area":"广州","card":"拖拉机人工智障","level":"了解群图文件","nickname":"鹤","role":"member","sex":"female","title":"","user_id":1061917110},"sub_type":"normal","time":1557838899,"user_id":1061917110}
[19-05-14 21:01:39] [PicqBotX] [DEBUG(java.lang.Thread.run:748)] 收到新请求: CQHttp/4.8.0
[19-05-14 21:01:39] [PicqBotX] [DEBUG(java.lang.Thread.run:748)] - 数据: {"anonymous":null,"font":6235136,"group_id":522394334,"message":"[CQ:music,id=4775795,style=1,type=qq]","message_id":10241,"message_type":"group","post_type":"message","raw_message":"[CQ:music,type=qq,id=4775795,style=1]","self_id":2997400528,"sender":{"age":6,"area":"北京","card":"","level":"小白","nickname":"小拆","role":"member","sex":"female","title":"","user_id":207938707},"sub_type":"normal","time":1557838899,"user_id":207938707}
[19-05-14 21:02:01] [PicqBotX] [DEBUG(java.lang.Thread.run:748)] 收到新请求: CQHttp/4.8.0
[19-05-14 21:02:01] [PicqBotX] [DEBUG(java.lang.Thread.run:748)] - 数据: {"anonymous":null,"font":6235776,"group_id":556981260,"message":"[CQ:image,file=9C241B4B802CDCE33350E304FEF0D498.gif,url=https://gchat.qpic.cn/gchatpic_new/523856782/556981260-2520667728-9C241B4B802CDCE33350E304FEF0D498/0?vuin=2997400528&amp;term=2]","message_id":10242,"message_type":"group","post_type":"message","raw_message":"[CQ:image,file=9C241B4B802CDCE33350E304FEF0D498.gif]","self_id":2997400528,"sender":{"age":0,"area":"石家庄","card":"瓜牛-二笔","level":"波音747","nickname":"明媚阳光","role":"member","sex":"male","title":"一个小蹦哒","user_id":523856782},"sub_type":"normal","time":1557838921,"user_id":523856782}
[19-05-14 21:02:02] [PicqBotX] [DEBUG(java.lang.Thread.run:748)] 收到新请求: CQHttp/4.8.0
[19-05-14 21:02:02] [PicqBotX] [DEBUG(java.lang.Thread.run:748)] - 数据: {"anonymous":null,"font":6235008,"group_id":522394334,"message":"不要追问对与错","message_id":10243,"message_type":"group","post_type":"message","raw_message":"不要追问对与错","self_id":2997400528,"sender":{"age":28,"area":"成都","card":"一枝独秀―谭八风","level":"了解群图书馆","nickname":"云华","role":"member","sex":"male","title":"","user_id":2297714857},"sub_type":"normal","time":1557838922,"user_id":2297714857}
[19-05-14 21:02:05] [PicqBotX] [DEBUG(java.lang.Thread.run:748)] 收到新请求: CQHttp/4.8.0
[19-05-14 21:02:05] [PicqBotX] [DEBUG(java.lang.Thread.run:748)] - 数据: {"anonymous":null,"font":6235168,"group_id":522394334,"message":"毕竟我们深爱 过","message_id":10244,"message_type":"group","post_type":"message","raw_message":"毕竟我们深爱 过","self_id":2997400528,"sender":{"age":28,"area":"成都","card":"一枝独秀―谭八风","level":"了解群图书馆","nickname":"云华","role":"member","sex":"male","title":"","user_id":2297714857},"sub_type":"normal","time":1557838925,"user_id":2297714857}
[19-05-14 21:02:11] [PicqBotX] [DEBUG(java.lang.Thread.run:748)] 收到新请求: CQHttp/4.8.0
[19-05-14 21:02:11] [PicqBotX] [DEBUG(java.lang.Thread.run:748)] - 数据: {"anonymous":null,"font":6235648,"group_id":522394334,"message":"有你陪的日子里","message_id":10245,"message_type":"group","post_type":"message","raw_message":"有你陪的日子里","self_id":2997400528,"sender":{"age":28,"area":"成都","card":"一枝独秀―谭八风","level":"了解群图书馆","nickname":"云华","role":"member","sex":"male","title":"","user_id":2297714857},"sub_type":"normal","time":1557838931,"user_id":2297714857}
[19-05-14 21:02:14] [PicqBotX] [DEBUG(java.lang.Thread.run:748)] 收到新请求: CQHttp/4.8.0
[19-05-14 21:02:14] [PicqBotX] [DEBUG(java.lang.Thread.run:748)] - 数据: {"anonymous":null,"font":6235488,"group_id":522394334,"message":"我真的好快乐","message_id":10246,"message_type":"group","post_type":"message","raw_message":"我真的好快乐","self_id":2997400528,"sender":{"age":28,"area":"成都","card":"一枝独秀―谭八风","level":"了解群图书馆","nickname":"云华","role":"member","sex":"male","title":"","user_id":2297714857},"sub_type":"normal","time":1557838934,"user_id":2297714857}
[19-05-14 21:02:18] [PicqBotX] [DEBUG(java.lang.Thread.run:748)] 收到新请求: CQHttp/4.8.0
[19-05-14 21:02:18] [PicqBotX] [DEBUG(java.lang.Thread.run:748)] - 数据: {"anonymous":null,"font":6235424,"group_id":522394334,"message":"#发","message_id":10247,"message_type":"group","post_type":"message","raw_message":"#发","self_id":2997400528,"sender":{"age":8,"area":"广州","card":"谭宇-养生式跟打","level":"入门","nickname":"0 4 . 2 2","role":"admin","sex":"male","title":"","user_id":1061917196},"sub_type":"normal","time":1557838938,"user_id":1061917196}
[19-05-14 21:02:18] [PicqBotX] [DEBUG(java.lang.Thread.run:748)] 收到新请求: CQHttp/4.8.0
[19-05-14 21:02:18] [PicqBotX] [DEBUG(java.lang.Thread.run:748)] - 数据: {"anonymous":null,"font":6235808,"group_id":522394334,"message":"Chinese New Year\r\npt on the whole night. At midnight, fireworks will light up the whole sky and firecrackers make ever\r\n-----第13488段-余1322字--c.fw.1.5","message_id":10248,"message_type":"group","post_type":"message","raw_message":"Chinese New Year\r\npt on the whole night. At midnight, fireworks will light up the whole sky and firecrackers make ever\r\n-----第13488段-余1322字--c.fw.1.5","self_id":2997400528,"sender":{"age":6,"area":"北京","card":"","level":"小白","nickname":"小拆","role":"member","sex":"female","title":"","user_id":207938707},"sub_type":"normal","time":1557838938,"user_id":207938707}
[19-05-14 21:02:19] [PicqBotX] [DEBUG(java.lang.Thread.run:748)] 收到新请求: CQHttp/4.8.0
[19-05-14 21:02:19] [PicqBotX] [DEBUG(java.lang.Thread.run:748)] - 数据: {"anonymous":null,"font":6235776,"group_id":522394334,"message":"你总是小心翼翼的","message_id":10249,"message_type":"group","post_type":"message","raw_message":"你总是小心翼翼的","self_id":2997400528,"sender":{"age":28,"area":"成都","card":"一枝独秀―谭八风","level":"了解群图书馆","nickname":"云华","role":"member","sex":"male","title":"","user_id":2297714857},"sub_type":"normal","time":1557838939,"user_id":2297714857}
[19-05-14 21:02:24] [PicqBotX] [DEBUG(java.lang.Thread.run:748)] 收到新请求: CQHttp/4.8.0
[19-05-14 21:02:24] [PicqBotX] [DEBUG(java.lang.Thread.run:748)] - 数据: {"anonymous":null,"font":6235328,"group_id":522394334,"message":"因为你怕我难过","message_id":10250,"message_type":"group","post_type":"message","raw_message":"因为你怕我难过","self_id":2997400528,"sender":{"age":28,"area":"成都","card":"一枝独秀―谭八风","level":"了解群图书馆","nickname":"云华","role":"member","sex":"male","title":"","user_id":2297714857},"sub_type":"normal","time":1557838944,"user_id":2297714857}
[19-05-14 21:02:28] [PicqBotX] [DEBUG(java.lang.Thread.run:748)] 收到新请求: CQHttp/4.8.0
[19-05-14 21:02:28] [PicqBotX] [DEBUG(java.lang.Thread.run:748)] - 数据: {"anonymous":null,"font":6235296,"group_id":522394334,"message":"而我却不能给你","message_id":10251,"message_type":"group","post_type":"message","raw_message":"而我却不能给你","self_id":2997400528,"sender":{"age":28,"area":"成都","card":"一枝独秀―谭八风","level":"了解群图书馆","nickname":"云华","role":"member","sex":"male","title":"","user_id":2297714857},"sub_type":"normal","time":1557838948,"user_id":2297714857}
[19-05-14 21:02:29] [PicqBotX] [DEBUG(java.lang.Thread.run:748)] 收到新请求: CQHttp/4.8.0
[19-05-14 21:02:29] [PicqBotX] [DEBUG(java.lang.Thread.run:748)] - 数据: {"anonymous":null,"font":6235520,"group_id":522394334,"message":"#赛文","message_id":10252,"message_type":"group","post_type":"message","raw_message":"#赛文","self_id":2997400528,"sender":{"age":8,"area":"广州","card":"谭宇-养生式跟打","level":"入门","nickname":"0 4 . 2 2","role":"admin","sex":"male","title":"","user_id":1061917196},"sub_type":"normal","time":1557838948,"user_id":1061917196}
[19-05-14 21:02:29] [PicqBotX] [DEBUG(java.lang.Thread.run:748)] 收到新请求: CQHttp/4.8.0
[19-05-14 21:02:29] [PicqBotX] [DEBUG(java.lang.Thread.run:748)] - 数据: {"anonymous":null,"font":6235552,"group_id":522394334,"message":"《始于眉毛》日赛第532期-二花制作\r\n因为是女人，而且要就业，她就想选择一个以女性美吸引人的职业。可是，谁也没有说过她美。她找到的，却是禁止化妆的职业。一天，上司把她叫到跟前说：“你描眉了吧？”“没有啊！”她怯生生地用手指沾了点唾沫，把眉毛擦了擦。“那么，你是修剪过喽？”“没有啊！生来就是这样。”她几乎哭出来了。“唔，你好歹有双漂亮的眉毛，就是不在这里工作，你也能活下去吧。”从她的眉毛，上司找到了裁减她的借口。她才第一次明确地了解到了自己的眉毛之美。她满心喜悦，连失业的悲哀也忘却了。自己也有美的地方，对结婚也就有信心了。丈夫没有说她的眉毛长的美。他说她的乳房美，脊背、双膝也很美。然后，然后……别人告诉她，她身上有许多美，她沉湎在幸福之中。但是，一想到丈夫搜遍了她身上的美之后又将会怎样，她也就禁不住怀念起当初以为自己身上没有一点美而认命了的时候那种无忧无虑来了。\r\n-----第999段-1200S-366Z-4L-78eed272V--c.sw.1.1\r\n本文由 散文 组成","message_id":10253,"message_type":"group","post_type":"message","raw_message":"《始于眉毛》日赛第532期-二花制作\r\n因为是女人，而且要就业，她就想选择一个以女性美吸引人的职业。可是，谁也没有说过她美。她找到的，却是禁止化妆的职业。一天，上司把她叫到跟前说：“你描眉了吧？”“没有啊！”她怯生生地用手指沾了点唾沫，把眉毛擦了擦。“那么，你是修剪过喽？”“没有啊！生来就是这样。”她几乎哭出来了。“唔，你好歹有双漂亮的眉毛，就是不在这里工作，你也能活下去吧。”从她的眉毛，上司找到了裁减她的借口。她才第一次明确地了解到了自己的眉毛之美。她满心喜悦，连失业的悲哀也忘却了。自己也有美的地方，对结婚也就有信心了。丈夫没有说她的眉毛长的美。他说她的乳房美，脊背、双膝也很美。然后，然后……别人告诉她，她身上有许多美，她沉湎在幸福之中。但是，一想到丈夫搜遍了她身上的美之后又将会怎样，她也就禁不住怀念起当初以为自己身上没有一点美而认命了的时候那种无忧无虑来了。\r\n-----第999段-1200S-366Z-4L-78eed272V--c.sw.1.1\r\n本文由 散文 组成","self_id":2997400528,"sender":{"age":6,"area":"北京","card":"","level":"小白","nickname":"小拆","role":"member","sex":"female","title":"","user_id":207938707},"sub_type":"normal","time":1557838949,"user_id":207938707}
[19-05-14 21:02:32] [PicqBotX] [DEBUG(java.lang.Thread.run:748)] 收到新请求: CQHttp/4.8.0
[19-05-14 21:02:32] [PicqBotX] [DEBUG(java.lang.Thread.run:748)] - 数据: {"anonymous":null,"font":6235552,"group_id":522394334,"message":"给你想要的结果","message_id":10254,"message_type":"group","post_type":"message","raw_message":"给你想要的结果","self_id":2997400528,"sender":{"age":28,"area":"成都","card":"一枝独秀―谭八风","level":"了解群图书馆","nickname":"云华","role":"member","sex":"male","title":"","user_id":2297714857},"sub_type":"normal","time":1557838952,"user_id":2297714857}
[19-05-14 21:02:36] [PicqBotX] [DEBUG(java.lang.Thread.run:748)] 收到新请求: CQHttp/4.8.0
[19-05-14 21:02:36] [PicqBotX] [DEBUG(java.lang.Thread.run:748)] - 数据: {"anonymous":null,"font":6235008,"group_id":522394334,"message":"你们发个999段 ","message_id":10255,"message_type":"group","post_type":"message","raw_message":"你们发个999段 ","self_id":2997400528,"sender":{"age":8,"area":"广州","card":"谭宇-养生式跟打","level":"入门","nickname":"0 4 . 2 2","role":"admin","sex":"male","title":"","user_id":1061917196},"sub_type":"normal","time":1557838956,"user_id":1061917196}
[19-05-14 21:02:38] [PicqBotX] [DEBUG(java.lang.Thread.run:748)] 收到新请求: CQHttp/4.8.0
[19-05-14 21:02:38] [PicqBotX] [DEBUG(java.lang.Thread.run:748)] - 数据: {"anonymous":null,"font":6235904,"group_id":522394334,"message":"一万个舍不得","message_id":10256,"message_type":"group","post_type":"message","raw_message":"一万个舍不得","self_id":2997400528,"sender":{"age":28,"area":"成都","card":"一枝独秀―谭八风","level":"了解群图书馆","nickname":"云华","role":"member","sex":"male","title":"","user_id":2297714857},"sub_type":"normal","time":1557838958,"user_id":2297714857}
[19-05-14 21:02:38] [PicqBotX] [DEBUG(java.lang.Thread.run:748)] 收到新请求: CQHttp/4.8.0
[19-05-14 21:02:38] [PicqBotX] [DEBUG(java.lang.Thread.run:748)] - 数据: {"anonymous":null,"font":6235968,"group_id":556981260,"message":"第999段 速度118.57 击键6.06 码长3.07 字数495 时间04:09.47 回改25 退格19 回车0 键数1512 选重68 键准97.09% 键法97.99% 重打1 打词43.81% 峰值148.56/7.28/2.57 输入法:nRz字法 个签:何以解n，唯有六代 校检:630fd 极速跟打器v1.45 ","message_id":10257,"message_type":"group","post_type":"message","raw_message":"第999段 速度118.57 击键6.06 码长3.07 字数495 时间04:09.47 回改25 退格19 回车0 键数1512 选重68 键准97.09% 键法97.99% 重打1 打词43.81% 峰值148.56/7.28/2.57 输入法:nRz字法 个签:何以解n，唯有六代 校检:630fd 极速跟打器v1.45 ","self_id":2997400528,"sender":{"age":104,"area":"西安","card":"天南星-nR","level":"死飞单车","nickname":"天南星","role":"member","sex":"male","title":"","user_id":695431469},"sub_type":"normal","time":1557838958,"user_id":695431469}
[19-05-14 21:02:43] [PicqBotX] [DEBUG(java.lang.Thread.run:748)] 收到新请求: CQHttp/4.8.0
[19-05-14 21:02:43] [PicqBotX] [DEBUG(java.lang.Thread.run:748)] - 数据: {"anonymous":null,"font":6235808,"group_id":522394334,"message":"不能回到从前了","message_id":10258,"message_type":"group","post_type":"message","raw_message":"不能回到从前了","self_id":2997400528,"sender":{"age":28,"area":"成都","card":"一枝独秀―谭八风","level":"了解群图书馆","nickname":"云华","role":"member","sex":"male","title":"","user_id":2297714857},"sub_type":"normal","time":1557838963,"user_id":2297714857}
[19-05-14 21:02:44] [PicqBotX] [DEBUG(java.lang.Thread.run:748)] 收到新请求: CQHttp/4.8.0
[19-05-14 21:02:44] [PicqBotX] [DEBUG(java.lang.Thread.run:748)] - 数据: {"anonymous":null,"font":6235936,"group_id":522394334,"message":"[CQ:image,file=3258D3D2F1B32FB9F222B23091B4EE67.png,url=https://gchat.qpic.cn/gchatpic_new/1061917196/522394334-3153756342-3258D3D2F1B32FB9F222B23091B4EE67/0?vuin=2997400528&amp;term=2]","message_id":10259,"message_type":"group","post_type":"message","raw_message":"[CQ:image,file=3258D3D2F1B32FB9F222B23091B4EE67.png]","self_id":2997400528,"sender":{"age":8,"area":"广州","card":"谭宇-养生式跟打","level":"入门","nickname":"0 4 . 2 2","role":"admin","sex":"male","title":"","user_id":1061917196},"sub_type":"normal","time":1557838964,"user_id":1061917196}
[19-05-14 21:02:45] [PicqBotX] [DEBUG(java.lang.Thread.run:748)] 收到新请求: CQHttp/4.8.0
[19-05-14 21:02:45] [PicqBotX] [DEBUG(java.lang.Thread.run:748)] - 数据: {"anonymous":null,"font":6235456,"group_id":522394334,"message":"抓到了","message_id":10260,"message_type":"group","post_type":"message","raw_message":"抓到了","self_id":2997400528,"sender":{"age":8,"area":"广州","card":"谭宇-养生式跟打","level":"入门","nickname":"0 4 . 2 2","role":"admin","sex":"male","title":"","user_id":1061917196},"sub_type":"normal","time":1557838965,"user_id":1061917196}
[19-05-14 21:02:47] [PicqBotX] [DEBUG(java.lang.Thread.run:748)] 收到新请求: CQHttp/4.8.0
[19-05-14 21:02:47] [PicqBotX] [DEBUG(java.lang.Thread.run:748)] - 数据: {"anonymous":null,"font":6235008,"group_id":522394334,"message":"爱你没有后悔过‘","message_id":10261,"message_type":"group","post_type":"message","raw_message":"爱你没有后悔过‘","self_id":2997400528,"sender":{"age":28,"area":"成都","card":"一枝独秀―谭八风","level":"了解群图书馆","nickname":"云华","role":"member","sex":"male","title":"","user_id":2297714857},"sub_type":"normal","time":1557838967,"user_id":2297714857}
[19-05-14 21:02:48] [PicqBotX] [DEBUG(java.lang.Thread.run:748)] 收到新请求: CQHttp/4.8.0
[19-05-14 21:02:48] [PicqBotX] [DEBUG(java.lang.Thread.run:748)] - 数据: {"anonymous":null,"font":6235328,"group_id":522394334,"message":"草我真是天才 ","message_id":10262,"message_type":"group","post_type":"message","raw_message":"草我真是天才 ","self_id":2997400528,"sender":{"age":8,"area":"广州","card":"谭宇-养生式跟打","level":"入门","nickname":"0 4 . 2 2","role":"admin","sex":"male","title":"","user_id":1061917196},"sub_type":"normal","time":1557838968,"user_id":1061917196}
[19-05-14 21:03:29] [PicqBotX] [DEBUG(java.lang.Thread.run:748)] 收到新请求: CQHttp/4.8.0
