[19-05-14 22:00:30] [PicqBotX] [INFO] 
[19-05-14 22:00:30] [PicqBotX] [INFO]     ____  _            ____        __ _  __
[19-05-14 22:00:30] [PicqBotX] [INFO]    / __ \(_)________ _/ __ )____  / /| |/ /
[19-05-14 22:00:30] [PicqBotX] [INFO]   / /_/ / / ___/ __ `/ __  / __ \/ __/   /
[19-05-14 22:00:30] [PicqBotX] [INFO]  / ____/ / /__/ /_/ / /_/ / /_/ / /_/   |
[19-05-14 22:00:30] [PicqBotX] [INFO] /_/   /_/\___/\__, /_____/\____/\__/_/|_|
[19-05-14 22:00:30] [PicqBotX] [INFO]                 /_/         v3.2.2.896
[19-05-14 22:00:30] [PicqBotX] [INFO] 日志管理器     初始化完成 [******] ...(25.34 ms)
[19-05-14 22:00:30] [PicqBotX] [INFO] 缓存管理器     初始化完成 [******] ...(1.94 ms)
[19-05-14 22:00:30] [PicqBotX] [INFO] DEBUG设置     初始化完成 [******] ...(0.01 ms)
[19-05-14 22:00:30] [PicqBotX] [INFO] 事件管理器     初始化完成 [******] ...(31.42 ms)
[19-05-14 22:00:30] [PicqBotX] [INFO] 账号管理器     初始化完成 [******] ...(1.2 ms)
[19-05-14 22:00:30] [PicqBotX] [INFO] HTTP监听服务器 初始化完成 [******] ...(1.69 ms)
[19-05-14 22:00:30] [PicqBotX] [INFO] 指令管理器     初始化完成 [******] ...(1.68 ms)
[19-05-14 22:00:30] [PicqBotX] [WARNING] 账号 Bot01: 版本正确, 不过用酷Q Pro的话效果更好哦!
[19-05-14 22:00:30] [PicqBotX] [INFO] 账号 Bot01:   版本验证完成!
[19-05-14 22:00:30] [PicqBotX] [INFO] 正在启动...
[19-05-14 22:00:31] [PicqBotX] [DEBUG(java.lang.Thread.run:748)] 收到新请求: CQHttp/4.8.0
[19-05-14 22:00:31] [PicqBotX] [DEBUG(java.lang.Thread.run:748)] - 数据: {"anonymous":null,"font":6235936,"group_id":522394334,"message":"。，","message_id":10356,"message_type":"group","post_type":"message","raw_message":"。，","self_id":2997400528,"sender":{"age":8,"area":"广州","card":"谭宇-养生式跟打","level":"入门","nickname":"0 4 . 2 2","role":"admin","sex":"male","title":"","user_id":1061917196},"sub_type":"normal","time":1557842431,"user_id":1061917196}
[19-05-14 22:00:44] [PicqBotX] [DEBUG(java.lang.Thread.run:748)] 收到新请求: CQHttp/4.8.0
[19-05-14 22:00:44] [PicqBotX] [DEBUG(java.lang.Thread.run:748)] - 数据: {"anonymous":null,"font":6235456,"group_id":522394334,"message":"》‘","message_id":10357,"message_type":"group","post_type":"message","raw_message":"》‘","self_id":2997400528,"sender":{"age":8,"area":"广州","card":"谭宇-养生式跟打","level":"入门","nickname":"0 4 . 2 2","role":"admin","sex":"male","title":"","user_id":1061917196},"sub_type":"normal","time":1557842444,"user_id":1061917196}
[19-05-14 22:01:18] [PicqBotX] [DEBUG(java.lang.Thread.run:748)] 收到新请求: CQHttp/4.8.0
[19-05-14 22:01:18] [PicqBotX] [DEBUG(java.lang.Thread.run:748)] - 数据: {"anonymous":null,"font":6235936,"group_id":723795668,"message":"[CQ:face,id=76]恭喜~~","message_id":10358,"message_type":"group","post_type":"message","raw_message":"[CQ:face,id=76]恭喜~~","self_id":2997400528,"sender":{"age":30,"area":"北京","card":"会飞的乌龟.搜鹤","level":"中级","nickname":"李哲嘉","role":"member","sex":"male","title":"","user_id":30595632},"sub_type":"normal","time":1557842478,"user_id":30595632}
[19-05-14 22:01:33] [PicqBotX] [DEBUG(java.lang.Thread.run:748)] 收到新请求: CQHttp/4.8.0
[19-05-14 22:01:33] [PicqBotX] [DEBUG(java.lang.Thread.run:748)] - 数据: {"anonymous":null,"font":6235968,"group_id":723795668,"message":"小鹤音形不错啊","message_id":10359,"message_type":"group","post_type":"message","raw_message":"小鹤音形不错啊","self_id":2997400528,"sender":{"age":0,"area":"","card":"","level":"特级大师","nickname":"大衍八式","role":"member","sex":"unknown","title":"","user_id":278159727},"sub_type":"normal","time":1557842493,"user_id":278159727}
[19-05-14 22:01:51] [PicqBotX] [DEBUG(java.lang.Thread.run:748)] 收到新请求: CQHttp/4.8.0
[19-05-14 22:01:51] [PicqBotX] [DEBUG(java.lang.Thread.run:748)] - 数据: {"anonymous":null,"font":6235424,"group_id":723795668,"message":"真爽啊","message_id":10360,"message_type":"group","post_type":"message","raw_message":"真爽啊","self_id":2997400528,"sender":{"age":0,"area":"","card":"","level":"特级大师","nickname":"大衍八式","role":"member","sex":"unknown","title":"","user_id":278159727},"sub_type":"normal","time":1557842511,"user_id":278159727}
[19-05-14 22:02:08] [PicqBotX] [DEBUG(java.lang.Thread.run:748)] 收到新请求: CQHttp/4.8.0
[19-05-14 22:02:08] [PicqBotX] [DEBUG(java.lang.Thread.run:748)] - 数据: {"anonymous":null,"font":6235936,"group_id":723795668,"message":"工作不允许我一下就电脑上用，我打算先用手机把位置记住","message_id":10361,"message_type":"group","post_type":"message","raw_message":"工作不允许我一下就电脑上用，我打算先用手机把位置记住","self_id":2997400528,"sender":{"age":42,"area":"杭州","card":"","level":"特级大师","nickname":"一花钱就上火","role":"member","sex":"male","title":"","user_id":1494568521},"sub_type":"normal","time":1557842528,"user_id":1494568521}
[19-05-14 22:02:24] [PicqBotX] [DEBUG(java.lang.Thread.run:748)] 收到新请求: CQHttp/4.8.0
[19-05-14 22:02:24] [PicqBotX] [DEBUG(java.lang.Thread.run:748)] - 数据: {"anonymous":null,"font":6235520,"group_id":723795668,"message":"是啊，长得标致，盘亮条顺，前凸后翘，十分有效！！！[CQ:face,id=20]","message_id":10362,"message_type":"group","post_type":"message","raw_message":"是啊，长得标致，盘亮条顺，前凸后翘，十分有效！！！[CQ:face,id=20]","self_id":2997400528,"sender":{"age":30,"area":"北京","card":"会飞的乌龟.搜鹤","level":"中级","nickname":"李哲嘉","role":"member","sex":"male","title":"","user_id":30595632},"sub_type":"normal","time":1557842544,"user_id":30595632}
[19-05-14 22:02:46] [PicqBotX] [DEBUG(java.lang.Thread.run:748)] 收到新请求: CQHttp/4.8.0
[19-05-14 22:02:46] [PicqBotX] [DEBUG(java.lang.Thread.run:748)] - 数据: {"anonymous":null,"font":6234976,"group_id":723795668,"message":"[CQ:at,qq=1494568521] 我记住只用了一个小时","message_id":10363,"message_type":"group","post_type":"message","raw_message":"[CQ:at,qq=1494568521] 我记住只用了一个小时","self_id":2997400528,"sender":{"age":0,"area":"","card":"","level":"特级大师","nickname":"大衍八式","role":"member","sex":"unknown","title":"","user_id":278159727},"sub_type":"normal","time":1557842566,"user_id":278159727}
[19-05-14 22:03:14] [PicqBotX] [DEBUG(java.lang.Thread.run:748)] 收到新请求: CQHttp/4.8.0
[19-05-14 22:03:14] [PicqBotX] [DEBUG(java.lang.Thread.run:748)] - 数据: {"anonymous":null,"font":6235136,"group_id":723795668,"message":"键位不难记","message_id":10364,"message_type":"group","post_type":"message","raw_message":"键位不难记","self_id":2997400528,"sender":{"age":22,"area":"梧州","card":"菜鸟小鹤双拼","level":"高手","nickname":"放空","role":"member","sex":"female","title":"","user_id":1468665177},"sub_type":"normal","time":1557842594,"user_id":1468665177}
[19-05-14 22:03:38] [PicqBotX] [DEBUG(java.lang.Thread.run:748)] 收到新请求: CQHttp/4.8.0
[19-05-14 22:03:38] [PicqBotX] [DEBUG(java.lang.Thread.run:748)] - 数据: {"anonymous":null,"font":6235456,"group_id":522394334,"message":"[CQ:image,file=D4F90B0D59AEB1289BB93A0046E5F09B.jpg,url=https://gchat.qpic.cn/gchatpic_new/847628427/522394334-3207480365-D4F90B0D59AEB1289BB93A0046E5F09B/0?vuin=2997400528&amp;term=2]","message_id":10365,"message_type":"group","post_type":"message","raw_message":"[CQ:image,file=D4F90B0D59AEB1289BB93A0046E5F09B.jpg]","self_id":2997400528,"sender":{"age":33,"area":"","card":"国家一级保护废物苏明智-86五笔","level":"中级","nickname":"苏苏","role":"member","sex":"female","title":"","user_id":847628427},"sub_type":"normal","time":1557842618,"user_id":847628427}
[19-05-14 22:03:44] [PicqBotX] [DEBUG(java.lang.Thread.run:748)] 收到新请求: CQHttp/4.8.0
[19-05-14 22:03:44] [PicqBotX] [DEBUG(java.lang.Thread.run:748)] - 数据: {"anonymous":null,"font":6235520,"group_id":522394334,"message":"是这个东西……","message_id":10366,"message_type":"group","post_type":"message","raw_message":"是这个东西……","self_id":2997400528,"sender":{"age":33,"area":"","card":"国家一级保护废物苏明智-86五笔","level":"中级","nickname":"苏苏","role":"member","sex":"female","title":"","user_id":847628427},"sub_type":"normal","time":1557842624,"user_id":847628427}
[19-05-14 22:03:59] [PicqBotX] [DEBUG(java.lang.Thread.run:748)] 收到新请求: CQHttp/4.8.0
[19-05-14 22:03:59] [PicqBotX] [DEBUG(java.lang.Thread.run:748)] - 数据: {"anonymous":null,"font":6235936,"group_id":522394334,"message":"讲究","message_id":10367,"message_type":"group","post_type":"message","raw_message":"讲究","self_id":2997400528,"sender":{"age":33,"area":"","card":"国家一级保护废物苏明智-86五笔","level":"中级","nickname":"苏苏","role":"member","sex":"female","title":"","user_id":847628427},"sub_type":"normal","time":1557842639,"user_id":847628427}
[19-05-14 22:04:49] [PicqBotX] [DEBUG(java.lang.Thread.run:748)] 收到新请求: CQHttp/4.8.0
[19-05-14 22:04:49] [PicqBotX] [DEBUG(java.lang.Thread.run:748)] - 数据: {"font":6235776,"message":"查 谭宇","message_id":10368,"message_type":"private","post_type":"message","raw_message":"查 谭宇","self_id":2997400528,"sender":{"age":8,"nickname":"0 4 . 2 2","sex":"male","user_id":1061917196},"sub_type":"friend","time":1557842689,"user_id":1061917196}
[19-05-14 22:05:03] [PicqBotX] [DEBUG(java.lang.Thread.run:748)] 收到新请求: CQHttp/4.8.0
[19-05-14 22:05:03] [PicqBotX] [DEBUG(java.lang.Thread.run:748)] - 数据: {"anonymous":null,"font":6235456,"group_id":723795668,"message":"我模糊音搞不清楚，所以要先关闭模糊音把拼音学会","message_id":10371,"message_type":"group","post_type":"message","raw_message":"我模糊音搞不清楚，所以要先关闭模糊音把拼音学会","self_id":2997400528,"sender":{"age":42,"area":"杭州","card":"","level":"特级大师","nickname":"一花钱就上火","role":"member","sex":"male","title":"","user_id":1494568521},"sub_type":"normal","time":1557842703,"user_id":1494568521}
[19-05-14 22:05:06] [PicqBotX] [DEBUG(java.lang.Thread.run:748)] 收到新请求: CQHttp/4.8.0
[19-05-14 22:05:06] [PicqBotX] [DEBUG(java.lang.Thread.run:748)] - 数据: {"anonymous":null,"font":6235840,"group_id":723795668,"message":"需要我表示一下我的惊叹吗？\r\n\r\n例如：我C，这不可能，这人怎么可能在这么短的时间内记住，他不是人？\r\n这一刻，他不是一个人，在这一瞬间，鹤大附体，二群全体成员都站在他的背后，默默地给予他鼓励和帮助，但是，他没有用，他相信自己，完全可以记住。\r\n\r\n请记住，他只用了一个小时啊，短短的60分钟，不过3600秒，简直是创造了一个新的世界记录！让我们以他为荣！\r\n\r\n对了，怎么称呼你？？[CQ:face,id=182]","message_id":10372,"message_type":"group","post_type":"message","raw_message":"需要我表示一下我的惊叹吗？\r\n\r\n例如：我C，这不可能，这人怎么可能在这么短的时间内记住，他不是人？\r\n这一刻，他不是一个人，在这一瞬间，鹤大附体，二群全体成员都站在他的背后，默默地给予他鼓励和帮助，但是，他没有用，他相信自己，完全可以记住。\r\n\r\n请记住，他只用了一个小时啊，短短的60分钟，不过3600秒，简直是创造了一个新的世界记录！让我们以他为荣！\r\n\r\n对了，怎么称呼你？？[CQ:face,id=182]","self_id":2997400528,"sender":{"age":30,"area":"北京","card":"会飞的乌龟.搜鹤","level":"中级","nickname":"李哲嘉","role":"member","sex":"male","title":"","user_id":30595632},"sub_type":"normal","time":1557842706,"user_id":30595632}
[19-05-14 22:05:15] [PicqBotX] [DEBUG(java.lang.Thread.run:748)] 收到新请求: CQHttp/4.8.0
[19-05-14 22:05:15] [PicqBotX] [DEBUG(java.lang.Thread.run:748)] - 数据: {"anonymous":null,"font":6235040,"group_id":723795668,"message":"然后再上","message_id":10373,"message_type":"group","post_type":"message","raw_message":"然后再上","self_id":2997400528,"sender":{"age":42,"area":"杭州","card":"","level":"特级大师","nickname":"一花钱就上火","role":"member","sex":"male","title":"","user_id":1494568521},"sub_type":"normal","time":1557842715,"user_id":1494568521}
[19-05-14 22:06:10] [PicqBotX] [DEBUG(java.lang.Thread.run:748)] 收到新请求: CQHttp/4.8.0
[19-05-14 22:06:10] [PicqBotX] [DEBUG(java.lang.Thread.run:748)] - 数据: {"anonymous":null,"font":6235296,"group_id":723795668,"message":"#赛文","message_id":10374,"message_type":"group","post_type":"message","raw_message":"#赛文","self_id":2997400528,"sender":{"age":0,"area":"","card":"萌新","level":"中级","nickname":"pigㄆ","role":"member","sex":"male","title":"","user_id":572897438},"sub_type":"normal","time":1557842770,"user_id":572897438}
[19-05-14 22:06:11] [PicqBotX] [DEBUG(java.lang.Thread.run:748)] 收到新请求: CQHttp/4.8.0
[19-05-14 22:06:11] [PicqBotX] [DEBUG(java.lang.Thread.run:748)] - 数据: {"anonymous":null,"font":6235136,"group_id":723795668,"message":"常用字前五百乱序日赛第309期-二花制作\r\n志存众准得曾想世图华似电应城根落照分风乎复决用你些怎场八强元只五英气量年服条结特加行德影见万回办轻新爱待也张发情保与话各那难指写父几阳会物重识的可干失交站部个美山微小言装系候白越算才工着及文长国官找视\r\n-----第999段-1200S-100Z-4L-e870b28cV--c.sw.1.1\r\n本文由 常用字 组成","message_id":10375,"message_type":"group","post_type":"message","raw_message":"常用字前五百乱序日赛第309期-二花制作\r\n志存众准得曾想世图华似电应城根落照分风乎复决用你些怎场八强元只五英气量年服条结特加行德影见万回办轻新爱待也张发情保与话各那难指写父几阳会物重识的可干失交站部个美山微小言装系候白越算才工着及文长国官找视\r\n-----第999段-1200S-100Z-4L-e870b28cV--c.sw.1.1\r\n本文由 常用字 组成","self_id":2997400528,"sender":{"age":6,"area":"北京","card":"","level":"小白","nickname":"小拆","role":"member","sex":"female","title":"","user_id":207938707},"sub_type":"normal","time":1557842771,"user_id":207938707}
[19-05-14 22:07:00] [PicqBotX] [DEBUG(java.lang.Thread.run:748)] 收到新请求: CQHttp/4.8.0
[19-05-14 22:07:00] [PicqBotX] [DEBUG(java.lang.Thread.run:748)] - 数据: {"anonymous":null,"font":6235872,"group_id":556981260,"message":"第999段 速度80.64 击键4.10 码长3.05 回改61 错字0 键数1511 退格58 键准91.53% 字数495 &#91;然而&#93;17.05s 打词152(70.51%/3.91) &#91;扬&#93;2次 起步142.45/6.23/2.63 波动4.72 键法41.37%(左578:819) 评分：[CQ:image,file=5816CC3228C1635DC8F5711227A81272.png,url=https://gchat.qpic.cn/gchatpic_new/1468665177/723795668-2456662270-5816CC3228C1635DC8F5711227A81272/0?vuin=2997400528&amp;term=2]  输入法：手心 起打于22:00:53 y16","message_id":10376,"message_type":"group","post_type":"message","raw_message":"第999段 速度80.64 击键4.10 码长3.05 回改61 错字0 键数1511 退格58 键准91.53% 字数495 &#91;然而&#93;17.05s 打词152(70.51%/3.91) &#91;扬&#93;2次 起步142.45/6.23/2.63 波动4.72 键法41.37%(左578:819) 评分：[CQ:image,file=5816CC3228C1635DC8F5711227A81272.png]  输入法：手心 起打于22:00:53 y16","self_id":2997400528,"sender":{"age":0,"area":"","card":"行云-手心输入法双拼","level":"死飞单车","nickname":" 行云","role":"member","sex":"unknown","title":"","user_id":12149065},"sub_type":"normal","time":1557842820,"user_id":12149065}
[19-05-14 22:07:06] [PicqBotX] [DEBUG(java.lang.Thread.run:748)] 收到新请求: CQHttp/4.8.0
