[19-05-12 21:50:54] [PicqBotX] [INFO] 
[19-05-12 21:50:54] [PicqBotX] [INFO]     ____  _            ____        __ _  __
[19-05-12 21:50:54] [PicqBotX] [INFO]    / __ \(_)________ _/ __ )____  / /| |/ /
[19-05-12 21:50:54] [PicqBotX] [INFO]   / /_/ / / ___/ __ `/ __  / __ \/ __/   /
[19-05-12 21:50:54] [PicqBotX] [INFO]  / ____/ / /__/ /_/ / /_/ / /_/ / /_/   |
[19-05-12 21:50:54] [PicqBotX] [INFO] /_/   /_/\___/\__, /_____/\____/\__/_/|_|
[19-05-12 21:50:54] [PicqBotX] [INFO]                 /_/         v3.2.2.896
[19-05-12 21:50:54] [PicqBotX] [INFO] 日志管理器     初始化完成 [******] ...(37.4 ms)
[19-05-12 21:50:54] [PicqBotX] [INFO] 缓存管理器     初始化完成 [******] ...(3.33 ms)
[19-05-12 21:50:54] [PicqBotX] [INFO] DEBUG设置     初始化完成 [******] ...(0.01 ms)
[19-05-12 21:50:54] [PicqBotX] [INFO] 事件管理器     初始化完成 [******] ...(31.78 ms)
[19-05-12 21:50:54] [PicqBotX] [INFO] 账号管理器     初始化完成 [******] ...(0.8 ms)
[19-05-12 21:50:54] [PicqBotX] [INFO] HTTP监听服务器 初始化完成 [******] ...(1.55 ms)
[19-05-12 21:50:54] [PicqBotX] [INFO] 指令管理器     初始化完成 [******] ...(3.04 ms)
[19-05-12 21:50:54] [PicqBotX] [WARNING] 账号 Bot01: 版本正确, 不过用酷Q Pro的话效果更好哦!
[19-05-12 21:50:54] [PicqBotX] [INFO] 账号 Bot01:   版本验证完成!
[19-05-12 21:50:54] [PicqBotX] [INFO] 正在启动...
[19-05-12 21:51:16] [PicqBotX] [DEBUG(java.lang.Thread.run:748)] 收到新请求: CQHttp/4.8.0
[19-05-12 21:51:16] [PicqBotX] [DEBUG(java.lang.Thread.run:748)] - 数据: {"font":10144408,"message":"查 谭宇","message_id":7535,"message_type":"private","post_type":"message","raw_message":"查 谭宇","self_id":2997400528,"sender":{"age":8,"nickname":"0 4 . 2 2","sex":"male","user_id":1061917196},"sub_type":"friend","time":1557669076,"user_id":1061917196}
[19-05-12 21:52:30] [PicqBotX] [DEBUG(java.lang.Thread.run:748)] 收到新请求: CQHttp/4.8.0
[19-05-12 21:52:30] [PicqBotX] [DEBUG(java.lang.Thread.run:748)] - 数据: {"anonymous":null,"font":10144568,"group_id":556981260,"message":"又来了个萌新吗","message_id":7538,"message_type":"group","post_type":"message","raw_message":"又来了个萌新吗","self_id":2997400528,"sender":{"age":27,"area":"武汉","card":"随心-小鹤拼音","level":"死飞单车","nickname":"№默☆伤♂","role":"member","sex":"male","title":"","user_id":1101721752},"sub_type":"normal","time":1557669150,"user_id":1101721752}
[19-05-12 21:53:11] [PicqBotX] [DEBUG(java.lang.Thread.run:748)] 收到新请求: CQHttp/4.8.0
