[19-05-12 14:04:01] [PicqBotX] [INFO] 
[19-05-12 14:04:01] [PicqBotX] [INFO]     ____  _            ____        __ _  __
[19-05-12 14:04:01] [PicqBotX] [INFO]    / __ \(_)________ _/ __ )____  / /| |/ /
[19-05-12 14:04:01] [PicqBotX] [INFO]   / /_/ / / ___/ __ `/ __  / __ \/ __/   /
[19-05-12 14:04:01] [PicqBotX] [INFO]  / ____/ / /__/ /_/ / /_/ / /_/ / /_/   |
[19-05-12 14:04:01] [PicqBotX] [INFO] /_/   /_/\___/\__, /_____/\____/\__/_/|_|
[19-05-12 14:04:01] [PicqBotX] [INFO]                 /_/         v3.2.2.896
[19-05-12 14:04:01] [PicqBotX] [INFO] 日志管理器     初始化完成 [******] ...(29.35 ms)
[19-05-12 14:04:01] [PicqBotX] [INFO] 缓存管理器     初始化完成 [******] ...(1.75 ms)
[19-05-12 14:04:01] [PicqBotX] [INFO] DEBUG设置     初始化完成 [******] ...(0.01 ms)
[19-05-12 14:04:01] [PicqBotX] [INFO] 事件管理器     初始化完成 [******] ...(31.92 ms)
[19-05-12 14:04:01] [PicqBotX] [INFO] 账号管理器     初始化完成 [******] ...(1.08 ms)
[19-05-12 14:04:01] [PicqBotX] [INFO] HTTP监听服务器 初始化完成 [******] ...(1.31 ms)
[19-05-12 14:04:01] [PicqBotX] [INFO] 指令管理器     初始化完成 [******] ...(1.9 ms)
[19-05-12 14:04:01] [PicqBotX] [WARNING] 账号 Bot01: 版本正确, 不过用酷Q Pro的话效果更好哦!
[19-05-12 14:04:01] [PicqBotX] [INFO] 账号 Bot01:   版本验证完成!
[19-05-12 14:04:01] [PicqBotX] [INFO] 正在启动...
[19-05-12 14:04:03] [PicqBotX] [DEBUG(java.lang.Thread.run:748)] 收到新请求: CQHttp/4.8.0
[19-05-12 14:04:03] [PicqBotX] [DEBUG(java.lang.Thread.run:748)] - 数据: {"anonymous":null,"font":6252000,"group_id":556981260,"message":"#a 1 4","message_id":4904,"message_type":"group","post_type":"message","raw_message":"#a 1 4","self_id":2997400528,"sender":{"age":0,"area":"广州","card":"无聊-小鹤","level":"新日电动车","nickname":"无聊","role":"member","sex":"male","title":"","user_id":779855010},"sub_type":"normal","time":1557641043,"user_id":779855010}
[19-05-12 14:04:04] [PicqBotX] [DEBUG(java.lang.Thread.run:748)] 收到新请求: CQHttp/4.8.0
[19-05-12 14:04:04] [PicqBotX] [DEBUG(java.lang.Thread.run:748)] - 数据: {"font":6251456,"message":"!u","message_id":4905,"message_type":"private","post_type":"message","raw_message":"!u","self_id":2997400528,"sender":{"age":8,"nickname":"0 4 . 2 2","sex":"male","user_id":1061917196},"sub_type":"friend","time":1557641044,"user_id":1061917196}
[19-05-12 14:04:04] [PicqBotX] [DEBUG(java.lang.Thread.run:748)] 收到新请求: CQHttp/4.8.0
[19-05-12 14:04:04] [PicqBotX] [DEBUG(java.lang.Thread.run:748)] - 数据: {"anonymous":null,"font":6250944,"group_id":556981260,"message":"常用单字后五百\r\n猛拾琴瓦启裁赵抢瞧鬼凝截宇逼泪协测博幕抽圈塞敬灭臂莲铺遗腰奋陶宜凭烦伦闭厂荒央析额岸忠兼乘倾献帝慰悉逃杯薄摩召墨忆闲跨乔奔申横贯滑赞戴混胸抬询掩亏醉绪碰搭评肃贝疾构签恨库纷悄锁骗壮偏颇丹郎皇敌颗贫乃烧\r\n-----第61803段-乱序--c.fw.1.5","message_id":4907,"message_type":"group","post_type":"message","raw_message":"常用单字后五百\r\n猛拾琴瓦启裁赵抢瞧鬼凝截宇逼泪协测博幕抽圈塞敬灭臂莲铺遗腰奋陶宜凭烦伦闭厂荒央析额岸忠兼乘倾献帝慰悉逃杯薄摩召墨忆闲跨乔奔申横贯滑赞戴混胸抬询掩亏醉绪碰搭评肃贝疾构签恨库纷悄锁骗壮偏颇丹郎皇敌颗贫乃烧\r\n-----第61803段-乱序--c.fw.1.5","self_id":2997400528,"sender":{"age":6,"area":"北京","card":"","level":"波音747","nickname":"小拆","role":"admin","sex":"female","title":"","user_id":207938707},"sub_type":"normal","time":1557641044,"user_id":207938707}
[19-05-12 14:04:11] [PicqBotX] [DEBUG(java.lang.Thread.run:748)] 收到新请求: CQHttp/4.8.0
[19-05-12 14:04:11] [PicqBotX] [DEBUG(java.lang.Thread.run:748)] - 数据: {"anonymous":null,"font":6251488,"group_id":556981260,"message":"#配置字数 10","message_id":4909,"message_type":"group","post_type":"message","raw_message":"#配置字数 10","self_id":2997400528,"sender":{"age":0,"area":"广州","card":"无聊-小鹤","level":"新日电动车","nickname":"无聊","role":"member","sex":"male","title":"","user_id":779855010},"sub_type":"normal","time":1557641051,"user_id":779855010}
[19-05-12 14:04:18] [PicqBotX] [DEBUG(java.lang.Thread.run:748)] 收到新请求: CQHttp/4.8.0
[19-05-12 14:04:18] [PicqBotX] [DEBUG(java.lang.Thread.run:748)] - 数据: {"anonymous":null,"font":6251616,"group_id":556981260,"message":"#配置 字数 10","message_id":4910,"message_type":"group","post_type":"message","raw_message":"#配置 字数 10","self_id":2997400528,"sender":{"age":0,"area":"广州","card":"无聊-小鹤","level":"新日电动车","nickname":"无聊","role":"member","sex":"male","title":"","user_id":779855010},"sub_type":"normal","time":1557641058,"user_id":779855010}
[19-05-12 14:04:19] [PicqBotX] [DEBUG(java.lang.Thread.run:748)] 收到新请求: CQHttp/4.8.0
[19-05-12 14:04:19] [PicqBotX] [DEBUG(java.lang.Thread.run:748)] - 数据: {"anonymous":null,"font":6252000,"group_id":556981260,"message":"配置“字数”修改成功，当前默认发送10字！","message_id":4911,"message_type":"group","post_type":"message","raw_message":"配置“字数”修改成功，当前默认发送10字！","self_id":2997400528,"sender":{"age":6,"area":"北京","card":"","level":"波音747","nickname":"小拆","role":"admin","sex":"female","title":"","user_id":207938707},"sub_type":"normal","time":1557641059,"user_id":207938707}
[19-05-12 14:04:22] [PicqBotX] [DEBUG(java.lang.Thread.run:748)] 收到新请求: CQHttp/4.8.0
[19-05-12 14:04:22] [PicqBotX] [DEBUG(java.lang.Thread.run:748)] - 数据: {"anonymous":null,"font":6252064,"group_id":556981260,"message":"#发","message_id":4912,"message_type":"group","post_type":"message","raw_message":"#发","self_id":2997400528,"sender":{"age":0,"area":"广州","card":"无聊-小鹤","level":"新日电动车","nickname":"无聊","role":"member","sex":"male","title":"","user_id":779855010},"sub_type":"normal","time":1557641062,"user_id":779855010}
[19-05-12 14:04:24] [PicqBotX] [DEBUG(java.lang.Thread.run:748)] 收到新请求: CQHttp/4.8.0
[19-05-12 14:04:24] [PicqBotX] [DEBUG(java.lang.Thread.run:748)] - 数据: {"anonymous":null,"font":6251488,"group_id":556981260,"message":"常用单字后五百\r\n莲箱拾抢旦启宾柳锦域\r\n-----第61804段-乱序--c.fw.1.5","message_id":4913,"message_type":"group","post_type":"message","raw_message":"常用单字后五百\r\n莲箱拾抢旦启宾柳锦域\r\n-----第61804段-乱序--c.fw.1.5","self_id":2997400528,"sender":{"age":6,"area":"北京","card":"","level":"波音747","nickname":"小拆","role":"admin","sex":"female","title":"","user_id":207938707},"sub_type":"normal","time":1557641064,"user_id":207938707}
[19-05-12 14:04:43] [PicqBotX] [DEBUG(java.lang.Thread.run:748)] 收到新请求: CQHttp/4.8.0
[19-05-12 14:04:43] [PicqBotX] [DEBUG(java.lang.Thread.run:748)] - 数据: {"comment":"","flag":"4914","group_id":974172771,"post_type":"request","request_type":"group","self_id":2997400528,"sub_type":"invite","time":1557641086,"user_id":1061917196}
[19-05-12 14:04:44] [PicqBotX] [DEBUG(java.lang.Thread.run:748)] 收到新请求: CQHttp/4.8.0
[19-05-12 14:04:44] [PicqBotX] [DEBUG(java.lang.Thread.run:748)] - 数据: {"anonymous":null,"font":6252032,"group_id":556981260,"message":"[CQ:image,file=E2A28B76B8E9E9796CA968727C1A20FE.jpg,url=https://gchat.qpic.cn/gchatpic_new/1369797536/556981260-2560644705-E2A28B76B8E9E9796CA968727C1A20FE/0?vuin=2997400528&amp;term=2]","message_id":4915,"message_type":"group","post_type":"message","raw_message":"[CQ:image,file=E2A28B76B8E9E9796CA968727C1A20FE.jpg]","self_id":2997400528,"sender":{"age":119,"area":"广东","card":"夜焰白—小鹤双拼","level":"小蹦哒","nickname":"柠檬の草","role":"member","sex":"male","title":"","user_id":1369797536},"sub_type":"normal","time":1557641084,"user_id":1369797536}
[19-05-12 14:04:51] [PicqBotX] [DEBUG(java.lang.Thread.run:748)] 收到新请求: CQHttp/4.8.0
[19-05-12 14:04:51] [PicqBotX] [DEBUG(java.lang.Thread.run:748)] - 数据: {"anonymous":null,"font":6251872,"group_id":556981260,"message":"为什么我按F4","message_id":4916,"message_type":"group","post_type":"message","raw_message":"为什么我按F4","self_id":2997400528,"sender":{"age":119,"area":"广东","card":"夜焰白—小鹤双拼","level":"小蹦哒","nickname":"柠檬の草","role":"member","sex":"male","title":"","user_id":1369797536},"sub_type":"normal","time":1557641091,"user_id":1369797536}
[19-05-12 14:04:57] [PicqBotX] [DEBUG(java.lang.Thread.run:748)] 收到新请求: CQHttp/4.8.0
[19-05-12 14:04:57] [PicqBotX] [DEBUG(java.lang.Thread.run:748)] - 数据: {"anonymous":null,"font":6252160,"group_id":556981260,"message":"导入的就是上面发的那些啊","message_id":4917,"message_type":"group","post_type":"message","raw_message":"导入的就是上面发的那些啊","self_id":2997400528,"sender":{"age":119,"area":"广东","card":"夜焰白—小鹤双拼","level":"小蹦哒","nickname":"柠檬の草","role":"member","sex":"male","title":"","user_id":1369797536},"sub_type":"normal","time":1557641097,"user_id":1369797536}
[19-05-12 14:05:02] [PicqBotX] [DEBUG(java.lang.Thread.run:748)] 收到新请求: CQHttp/4.8.0
[19-05-12 14:05:02] [PicqBotX] [DEBUG(java.lang.Thread.run:748)] - 数据: {"anonymous":null,"font":6252224,"group_id":556981260,"message":"[CQ:image,file=A3EE217FF9B8C1463111305BCF057A6D.png,url=https://gchat.qpic.cn/gchatpic_new/1369797536/556981260-3211891088-A3EE217FF9B8C1463111305BCF057A6D/0?vuin=2997400528&amp;term=2]","message_id":4918,"message_type":"group","post_type":"message","raw_message":"[CQ:image,file=A3EE217FF9B8C1463111305BCF057A6D.png]","self_id":2997400528,"sender":{"age":119,"area":"广东","card":"夜焰白—小鹤双拼","level":"小蹦哒","nickname":"柠檬の草","role":"member","sex":"male","title":"","user_id":1369797536},"sub_type":"normal","time":1557641102,"user_id":1369797536}
[19-05-12 14:05:19] [PicqBotX] [DEBUG(java.lang.Thread.run:748)] 收到新请求: CQHttp/4.8.0
[19-05-12 14:05:19] [PicqBotX] [DEBUG(java.lang.Thread.run:748)] - 数据: {"group_id":974172771,"notice_type":"group_increase","operator_id":0,"post_type":"notice","self_id":2997400528,"sub_type":"invite","time":1557641122,"user_id":2997400528}
[19-05-12 14:05:27] [PicqBotX] [DEBUG(java.lang.Thread.run:748)] 收到新请求: CQHttp/4.8.0
[19-05-12 14:05:27] [PicqBotX] [DEBUG(java.lang.Thread.run:748)] - 数据: {"anonymous":null,"font":6252064,"group_id":974172771,"message":"!u","message_id":4920,"message_type":"group","post_type":"message","raw_message":"!u","self_id":2997400528,"sender":{"age":8,"area":"广州","card":"谭宇","level":"传说","nickname":"0 4 . 2 2","role":"owner","sex":"male","title":"","user_id":1061917196},"sub_type":"normal","time":1557641127,"user_id":1061917196}
[19-05-12 14:05:47] [PicqBotX] [DEBUG(java.lang.Thread.run:748)] 收到新请求: CQHttp/4.8.0
[19-05-12 14:05:47] [PicqBotX] [DEBUG(java.lang.Thread.run:748)] - 数据: {"anonymous":null,"font":6252192,"group_id":556981260,"message":"[CQ:at,qq=1369797536] 只会导入最近的文段","message_id":4921,"message_type":"group","post_type":"message","raw_message":"[CQ:at,qq=1369797536] 只会导入最近的文段","self_id":2997400528,"sender":{"age":0,"area":"","card":"让心如风-蓝宝石","level":"五菱宏光","nickname":"让心如水","role":"admin","sex":"unknown","title":"","user_id":2329377621},"sub_type":"normal","time":1557641147,"user_id":2329377621}
[19-05-12 14:05:56] [PicqBotX] [DEBUG(java.lang.Thread.run:748)] 收到新请求: CQHttp/4.8.0
[19-05-12 14:05:56] [PicqBotX] [DEBUG(java.lang.Thread.run:748)] - 数据: {"meta_event_type":"lifecycle","post_type":"meta_event","self_id":2997400528,"sub_type":"enable","time":1557641156}
[19-05-12 14:05:58] [PicqBotX] [DEBUG(java.lang.Thread.run:748)] 收到新请求: CQHttp/4.8.0
[19-05-12 14:05:58] [PicqBotX] [DEBUG(java.lang.Thread.run:748)] - 数据: {"anonymous":null,"font":7377504,"group_id":974172771,"message":"!u","message_id":4922,"message_type":"group","post_type":"message","raw_message":"!u","self_id":2997400528,"sender":{"age":8,"area":"广州","card":"谭宇","level":"传说","nickname":"0 4 . 2 2","role":"owner","sex":"male","title":"","user_id":1061917196},"sub_type":"normal","time":1557641158,"user_id":1061917196}
[19-05-12 14:06:01] [PicqBotX] [DEBUG(java.lang.Thread.run:748)] 收到新请求: CQHttp/4.8.0
[19-05-12 14:06:01] [PicqBotX] [DEBUG(java.lang.Thread.run:748)] - 数据: {"anonymous":null,"font":7376800,"group_id":556981260,"message":"你要打什么?","message_id":4923,"message_type":"group","post_type":"message","raw_message":"你要打什么?","self_id":2997400528,"sender":{"age":0,"area":"","card":"让心如风-蓝宝石","level":"五菱宏光","nickname":"让心如水","role":"admin","sex":"unknown","title":"","user_id":2329377621},"sub_type":"normal","time":1557641161,"user_id":2329377621}
[19-05-12 14:06:03] [PicqBotX] [DEBUG(java.lang.Thread.run:748)] 收到新请求: CQHttp/4.8.0
[19-05-12 14:06:03] [PicqBotX] [DEBUG(java.lang.Thread.run:748)] - 数据: {"anonymous":null,"font":7377312,"group_id":556981260,"message":"大佬坑萌新啊","message_id":4924,"message_type":"group","post_type":"message","raw_message":"大佬坑萌新啊","self_id":2997400528,"sender":{"age":27,"area":"武汉","card":"随心-小鹤拼音","level":"死飞单车","nickname":"№默☆伤♂","role":"member","sex":"male","title":"","user_id":1101721752},"sub_type":"normal","time":1557641163,"user_id":1101721752}
[19-05-12 14:06:09] [PicqBotX] [DEBUG(java.lang.Thread.run:748)] 收到新请求: CQHttp/4.8.0
[19-05-12 14:06:09] [PicqBotX] [DEBUG(java.lang.Thread.run:748)] - 数据: {"anonymous":null,"font":7377280,"group_id":556981260,"message":"999","message_id":4925,"message_type":"group","post_type":"message","raw_message":"999","self_id":2997400528,"sender":{"age":27,"area":"武汉","card":"随心-小鹤拼音","level":"死飞单车","nickname":"№默☆伤♂","role":"member","sex":"male","title":"","user_id":1101721752},"sub_type":"normal","time":1557641169,"user_id":1101721752}
[19-05-12 14:06:15] [PicqBotX] [DEBUG(java.lang.Thread.run:748)] 收到新请求: CQHttp/4.8.0
[19-05-12 14:06:15] [PicqBotX] [DEBUG(java.lang.Thread.run:748)] - 数据: {"anonymous":null,"font":7377280,"group_id":974172771,"message":"!u","message_id":4926,"message_type":"group","post_type":"message","raw_message":"!u","self_id":2997400528,"sender":{"age":8,"area":"广州","card":"谭宇","level":"传说","nickname":"0 4 . 2 2","role":"owner","sex":"male","title":"","user_id":1061917196},"sub_type":"normal","time":1557641175,"user_id":1061917196}
[19-05-12 14:06:16] [PicqBotX] [DEBUG(java.lang.Thread.run:748)] 收到新请求: CQHttp/4.8.0
[19-05-12 14:06:16] [PicqBotX] [DEBUG(java.lang.Thread.run:748)] - 数据: {"anonymous":null,"font":7376800,"group_id":556981260,"message":"文章啥的","message_id":4927,"message_type":"group","post_type":"message","raw_message":"文章啥的","self_id":2997400528,"sender":{"age":119,"area":"广东","card":"夜焰白—小鹤双拼","level":"小蹦哒","nickname":"柠檬の草","role":"member","sex":"male","title":"","user_id":1369797536},"sub_type":"normal","time":1557641176,"user_id":1369797536}
[19-05-12 14:06:17] [PicqBotX] [DEBUG(java.lang.Thread.run:748)] 收到新请求: CQHttp/4.8.0
[19-05-12 14:06:17] [PicqBotX] [DEBUG(java.lang.Thread.run:748)] - 数据: {"anonymous":null,"font":7377504,"group_id":556981260,"message":"都行","message_id":4928,"message_type":"group","post_type":"message","raw_message":"都行","self_id":2997400528,"sender":{"age":119,"area":"广东","card":"夜焰白—小鹤双拼","level":"小蹦哒","nickname":"柠檬の草","role":"member","sex":"male","title":"","user_id":1369797536},"sub_type":"normal","time":1557641177,"user_id":1369797536}
[19-05-12 14:06:26] [PicqBotX] [DEBUG(java.lang.Thread.run:748)] 收到新请求: CQHttp/4.8.0
[19-05-12 14:06:26] [PicqBotX] [DEBUG(java.lang.Thread.run:748)] - 数据: {"font":7376096,"message":"!u","message_id":4929,"message_type":"private","post_type":"message","raw_message":"!u","self_id":2997400528,"sender":{"age":8,"nickname":"0 4 . 2 2","sex":"male","user_id":1061917196},"sub_type":"friend","time":1557641186,"user_id":1061917196}
[19-05-12 14:06:30] [PicqBotX] [DEBUG(java.lang.Thread.run:748)] 收到新请求: CQHttp/4.8.0
[19-05-12 14:06:30] [PicqBotX] [DEBUG(java.lang.Thread.run:748)] - 数据: {"anonymous":null,"font":7133536,"group_id":974172771,"message":"!u","message_id":4932,"message_type":"group","post_type":"message","raw_message":"!u","self_id":2997400528,"sender":{"age":8,"area":"广州","card":"谭宇","level":"传说","nickname":"0 4 . 2 2","role":"owner","sex":"male","title":"","user_id":1061917196},"sub_type":"normal","time":1557641190,"user_id":1061917196}
[19-05-12 14:06:35] [PicqBotX] [DEBUG(java.lang.Thread.run:748)] 收到新请求: CQHttp/4.8.0
[19-05-12 14:06:35] [PicqBotX] [DEBUG(java.lang.Thread.run:748)] - 数据: {"anonymous":null,"font":7133056,"group_id":556981260,"message":"#赛文","message_id":4933,"message_type":"group","post_type":"message","raw_message":"#赛文","self_id":2997400528,"sender":{"age":0,"area":"","card":"让心如风-蓝宝石","level":"五菱宏光","nickname":"让心如水","role":"admin","sex":"unknown","title":"","user_id":2329377621},"sub_type":"normal","time":1557641195,"user_id":2329377621}
[19-05-12 14:06:36] [PicqBotX] [DEBUG(java.lang.Thread.run:748)] 收到新请求: CQHttp/4.8.0
[19-05-12 14:06:36] [PicqBotX] [DEBUG(java.lang.Thread.run:748)] - 数据: {"anonymous":null,"font":7133728,"group_id":556981260,"message":"我的世界树5第1128期-灰制作\r\n我很高兴，许多年前人们都说看正版的是**，毋庸置疑，不久前他们心安理得看所有人的盗贴，但在这件事之后，他们终究无法反驳“盗贴是错的”这么一个简单的概念，他们为什么要开始看正版，因为不想被非议，有一天他们会成为正版的土壤，反哺我所生活的这个圈子，不管那个时候我还在不在这个圈子混，这一次，我小范围地改变了一个趋势，将坏的变成了好的。但我仍旧对前面的那些言论耿耿于怀，我是为了一件我认为对的事情，无比清醒地站在那里，说出我的立场的，他们老以为我被人蒙蔽、煽动，老以为我为了利益，做出了错误的选择，老以为我会后悔，在我已经清晰地表达了一切之后，让我觉得……真是无奈。这是一个十三亿人的国家，文人改变不了什么，鲁迅也不行，我作为一个网络写手，说文人的事情，就更加可笑了。最近几年我渐渐看到一种观念，就是“你能做到什么？”例如你不能彻底弄倒所有的盗版，你凭什么反对其中一个，你反对这个有什么意义？但人的力量并不是这样的，并不是一个人就能彻底解决什么事，十三亿人的事情，首先是舆论和趋势要往好的地方走，社会上的大趋势变动之后，政府才会往好的方向走，它们才会感受到压力。\r\n-----第999段-1200S-478Z-3L-237a1e44V--c.sw.1.1","message_id":4934,"message_type":"group","post_type":"message","raw_message":"我的世界树5第1128期-灰制作\r\n我很高兴，许多年前人们都说看正版的是**，毋庸置疑，不久前他们心安理得看所有人的盗贴，但在这件事之后，他们终究无法反驳“盗贴是错的”这么一个简单的概念，他们为什么要开始看正版，因为不想被非议，有一天他们会成为正版的土壤，反哺我所生活的这个圈子，不管那个时候我还在不在这个圈子混，这一次，我小范围地改变了一个趋势，将坏的变成了好的。但我仍旧对前面的那些言论耿耿于怀，我是为了一件我认为对的事情，无比清醒地站在那里，说出我的立场的，他们老以为我被人蒙蔽、煽动，老以为我为了利益，做出了错误的选择，老以为我会后悔，在我已经清晰地表达了一切之后，让我觉得……真是无奈。这是一个十三亿人的国家，文人改变不了什么，鲁迅也不行，我作为一个网络写手，说文人的事情，就更加可笑了。最近几年我渐渐看到一种观念，就是“你能做到什么？”例如你不能彻底弄倒所有的盗版，你凭什么反对其中一个，你反对这个有什么意义？但人的力量并不是这样的，并不是一个人就能彻底解决什么事，十三亿人的事情，首先是舆论和趋势要往好的地方走，社会上的大趋势变动之后，政府才会往好的方向走，它们才会感受到压力。\r\n-----第999段-1200S-478Z-3L-237a1e44V--c.sw.1.1","self_id":2997400528,"sender":{"age":6,"area":"北京","card":"","level":"波音747","nickname":"小拆","role":"admin","sex":"female","title":"","user_id":207938707},"sub_type":"normal","time":1557641196,"user_id":207938707}
[19-05-12 14:06:43] [PicqBotX] [DEBUG(java.lang.Thread.run:748)] 收到新请求: CQHttp/4.8.0
[19-05-12 14:06:43] [PicqBotX] [DEBUG(java.lang.Thread.run:748)] - 数据: {"anonymous":null,"font":7133152,"group_id":556981260,"message":"[CQ:at,qq=1369797536] 给","message_id":4935,"message_type":"group","post_type":"message","raw_message":"[CQ:at,qq=1369797536] 给","self_id":2997400528,"sender":{"age":0,"area":"","card":"让心如风-蓝宝石","level":"五菱宏光","nickname":"让心如水","role":"admin","sex":"unknown","title":"","user_id":2329377621},"sub_type":"normal","time":1557641203,"user_id":2329377621}
[19-05-12 14:06:44] [PicqBotX] [DEBUG(java.lang.Thread.run:748)] 收到新请求: CQHttp/4.8.0
[19-05-12 14:06:44] [PicqBotX] [DEBUG(java.lang.Thread.run:748)] - 数据: {"anonymous":null,"font":7133728,"group_id":556981260,"message":"这个","message_id":4936,"message_type":"group","post_type":"message","raw_message":"这个","self_id":2997400528,"sender":{"age":0,"area":"","card":"让心如风-蓝宝石","level":"五菱宏光","nickname":"让心如水","role":"admin","sex":"unknown","title":"","user_id":2329377621},"sub_type":"normal","time":1557641204,"user_id":2329377621}
[19-05-12 14:06:45] [PicqBotX] [DEBUG(java.lang.Thread.run:748)] 收到新请求: CQHttp/4.8.0
[19-05-12 14:06:45] [PicqBotX] [DEBUG(java.lang.Thread.run:748)] - 数据: {"anonymous":null,"font":7133120,"group_id":556981260,"message":"[CQ:image,file=9829C6AA6A4CF33593C6590137097510.jpg,url=https://gchat.qpic.cn/gchatpic_new/1369797536/556981260-3176382217-9829C6AA6A4CF33593C6590137097510/0?vuin=2997400528&amp;term=2]我还以为在哪里设置","message_id":4937,"message_type":"group","post_type":"message","raw_message":"[CQ:image,file=9829C6AA6A4CF33593C6590137097510.jpg]我还以为在哪里设置","self_id":2997400528,"sender":{"age":119,"area":"广东","card":"夜焰白—小鹤双拼","level":"小蹦哒","nickname":"柠檬の草","role":"member","sex":"male","title":"","user_id":1369797536},"sub_type":"normal","time":1557641205,"user_id":1369797536}
[19-05-12 14:06:47] [PicqBotX] [DEBUG(java.lang.Thread.run:748)] 收到新请求: CQHttp/4.8.0
[19-05-12 14:06:47] [PicqBotX] [DEBUG(java.lang.Thread.run:748)] - 数据: {"anonymous":null,"font":7133760,"group_id":556981260,"message":"谢谢","message_id":4938,"message_type":"group","post_type":"message","raw_message":"谢谢","self_id":2997400528,"sender":{"age":119,"area":"广东","card":"夜焰白—小鹤双拼","level":"小蹦哒","nickname":"柠檬の草","role":"member","sex":"male","title":"","user_id":1369797536},"sub_type":"normal","time":1557641207,"user_id":1369797536}
[19-05-12 14:06:54] [PicqBotX] [DEBUG(java.lang.Thread.run:748)] 收到新请求: CQHttp/4.8.0
[19-05-12 14:06:54] [PicqBotX] [DEBUG(java.lang.Thread.run:748)] - 数据: {"anonymous":null,"font":7132896,"group_id":556981260,"message":"第61804段 速度103.79 击键6.92 码长4.00 标顶理论4.00 文章难度90.00 字数10 回改0 退格0 错字0 键数40 选重0 键准100.00% 键法88.24%(左15:右17:空格8) 打词率0.00% 选重率0.00% 拖拉机跟打器 版本1.700 Windows 10版  校验VTZJVV","message_id":4939,"message_type":"group","post_type":"message","raw_message":"第61804段 速度103.79 击键6.92 码长4.00 标顶理论4.00 文章难度90.00 字数10 回改0 退格0 错字0 键数40 选重0 键准100.00% 键法88.24%(左15:右17:空格8) 打词率0.00% 选重率0.00% 拖拉机跟打器 版本1.700 Windows 10版  校验VTZJVV","self_id":2997400528,"sender":{"age":0,"area":"广州","card":"无聊-小鹤","level":"新日电动车","nickname":"无聊","role":"member","sex":"male","title":"","user_id":779855010},"sub_type":"normal","time":1557641214,"user_id":779855010}
[19-05-12 14:06:57] [PicqBotX] [DEBUG(java.lang.Thread.run:748)] 收到新请求: CQHttp/4.8.0
[19-05-12 14:06:57] [PicqBotX] [DEBUG(java.lang.Thread.run:748)] - 数据: {"anonymous":null,"font":7133056,"group_id":974172771,"message":"...","message_id":4940,"message_type":"group","post_type":"message","raw_message":"...","self_id":2997400528,"sender":{"age":8,"area":"广州","card":"谭宇","level":"传说","nickname":"0 4 . 2 2","role":"owner","sex":"male","title":"","user_id":1061917196},"sub_type":"normal","time":1557641217,"user_id":1061917196}
[19-05-12 14:06:58] [PicqBotX] [DEBUG(java.lang.Thread.run:748)] 收到新请求: CQHttp/4.8.0
[19-05-12 14:06:58] [PicqBotX] [DEBUG(java.lang.Thread.run:748)] - 数据: {"anonymous":null,"font":7132928,"group_id":556981260,"message":"常用单字后五百\r\n孤恢赛洲仰妙瑞豪袋吐\r\n-----第61805段-乱序--c.fw.1.5","message_id":4941,"message_type":"group","post_type":"message","raw_message":"常用单字后五百\r\n孤恢赛洲仰妙瑞豪袋吐\r\n-----第61805段-乱序--c.fw.1.5","self_id":2997400528,"sender":{"age":6,"area":"北京","card":"","level":"波音747","nickname":"小拆","role":"admin","sex":"female","title":"","user_id":207938707},"sub_type":"normal","time":1557641218,"user_id":207938707}
[19-05-12 14:07:12] [PicqBotX] [DEBUG(java.lang.Thread.run:748)] 收到新请求: CQHttp/4.8.0
[19-05-12 14:07:12] [PicqBotX] [DEBUG(java.lang.Thread.run:748)] - 数据: {"anonymous":null,"font":7133536,"group_id":974172771,"message":"!v","message_id":4942,"message_type":"group","post_type":"message","raw_message":"!v","self_id":2997400528,"sender":{"age":8,"area":"广州","card":"谭宇","level":"传说","nickname":"0 4 . 2 2","role":"owner","sex":"male","title":"","user_id":1061917196},"sub_type":"normal","time":1557641232,"user_id":1061917196}
[19-05-12 14:07:25] [PicqBotX] [DEBUG(java.lang.Thread.run:748)] 收到新请求: CQHttp/4.8.0
[19-05-12 14:07:25] [PicqBotX] [DEBUG(java.lang.Thread.run:748)] - 数据: {"anonymous":null,"font":7133472,"group_id":522394334,"message":"!v","message_id":4943,"message_type":"group","post_type":"message","raw_message":"!v","self_id":2997400528,"sender":{"age":8,"area":"广州","card":"谭宇-养生式跟打","level":"入门","nickname":"0 4 . 2 2","role":"admin","sex":"male","title":"","user_id":1061917196},"sub_type":"normal","time":1557641245,"user_id":1061917196}
[19-05-12 14:07:27] [PicqBotX] [DEBUG(java.lang.Thread.run:748)] 收到新请求: CQHttp/4.8.0
[19-05-12 14:07:27] [PicqBotX] [DEBUG(java.lang.Thread.run:748)] - 数据: {"anonymous":null,"font":7132832,"group_id":522394334,"message":"!u","message_id":4945,"message_type":"group","post_type":"message","raw_message":"!u","self_id":2997400528,"sender":{"age":8,"area":"广州","card":"谭宇-养生式跟打","level":"入门","nickname":"0 4 . 2 2","role":"admin","sex":"male","title":"","user_id":1061917196},"sub_type":"normal","time":1557641247,"user_id":1061917196}
[19-05-12 14:07:31] [PicqBotX] [DEBUG(java.lang.Thread.run:748)] 收到新请求: CQHttp/4.8.0
[19-05-12 14:07:31] [PicqBotX] [DEBUG(java.lang.Thread.run:748)] - 数据: {"anonymous":null,"font":7133472,"group_id":556981260,"message":"又变了","message_id":4947,"message_type":"group","post_type":"message","raw_message":"又变了","self_id":2997400528,"sender":{"age":119,"area":"广东","card":"夜焰白—小鹤双拼","level":"小蹦哒","nickname":"柠檬の草","role":"member","sex":"male","title":"","user_id":1369797536},"sub_type":"normal","time":1557641251,"user_id":1369797536}
[19-05-12 14:07:34] [PicqBotX] [DEBUG(java.lang.Thread.run:748)] 收到新请求: CQHttp/4.8.0
[19-05-12 14:07:34] [PicqBotX] [DEBUG(java.lang.Thread.run:748)] - 数据: {"anonymous":null,"font":7132832,"group_id":556981260,"message":"你可以，右键复制文章，然后跟打器里F4载入","message_id":4948,"message_type":"group","post_type":"message","raw_message":"你可以，右键复制文章，然后跟打器里F4载入","self_id":2997400528,"sender":{"age":0,"area":"广州","card":"无聊-小鹤","level":"新日电动车","nickname":"无聊","role":"member","sex":"male","title":"","user_id":779855010},"sub_type":"normal","time":1557641254,"user_id":779855010}
[19-05-12 14:07:37] [PicqBotX] [DEBUG(java.lang.Thread.run:748)] 收到新请求: CQHttp/4.8.0
[19-05-12 14:07:37] [PicqBotX] [DEBUG(java.lang.Thread.run:748)] - 数据: {"anonymous":null,"font":7132896,"group_id":556981260,"message":"是不是群里发的什么导入的就是什么","message_id":4949,"message_type":"group","post_type":"message","raw_message":"是不是群里发的什么导入的就是什么","self_id":2997400528,"sender":{"age":119,"area":"广东","card":"夜焰白—小鹤双拼","level":"小蹦哒","nickname":"柠檬の草","role":"member","sex":"male","title":"","user_id":1369797536},"sub_type":"normal","time":1557641257,"user_id":1369797536}
[19-05-12 14:07:41] [PicqBotX] [DEBUG(java.lang.Thread.run:748)] 收到新请求: CQHttp/4.8.0
[19-05-12 14:07:41] [PicqBotX] [DEBUG(java.lang.Thread.run:748)] - 数据: {"anonymous":null,"font":7133024,"group_id":556981260,"message":"孤恢赛洲仰妙瑞豪袋吐","message_id":4950,"message_type":"group","post_type":"message","raw_message":"孤恢赛洲仰妙瑞豪袋吐","self_id":2997400528,"sender":{"age":37,"area":"西安","card":"李诗歌-〇九二","level":"新日电动车","nickname":"辉舞","role":"member","sex":"male","title":"","user_id":6488698},"sub_type":"normal","time":1557641260,"user_id":6488698}
[19-05-12 14:07:42] [PicqBotX] [DEBUG(java.lang.Thread.run:748)] 收到新请求: CQHttp/4.8.0
[19-05-12 14:07:42] [PicqBotX] [DEBUG(java.lang.Thread.run:748)] - 数据: {"anonymous":null,"font":7133120,"group_id":556981260,"message":"ooo","message_id":4951,"message_type":"group","post_type":"message","raw_message":"ooo","self_id":2997400528,"sender":{"age":119,"area":"广东","card":"夜焰白—小鹤双拼","level":"小蹦哒","nickname":"柠檬の草","role":"member","sex":"male","title":"","user_id":1369797536},"sub_type":"normal","time":1557641262,"user_id":1369797536}
[19-05-12 14:07:43] [PicqBotX] [DEBUG(java.lang.Thread.run:748)] 收到新请求: CQHttp/4.8.0
[19-05-12 14:07:43] [PicqBotX] [DEBUG(java.lang.Thread.run:748)] - 数据: {"anonymous":null,"font":7133760,"group_id":556981260,"message":"对","message_id":4952,"message_type":"group","post_type":"message","raw_message":"对","self_id":2997400528,"sender":{"age":0,"area":"","card":"让心如风-蓝宝石","level":"五菱宏光","nickname":"让心如水","role":"admin","sex":"unknown","title":"","user_id":2329377621},"sub_type":"normal","time":1557641263,"user_id":2329377621}
[19-05-12 14:07:56] [PicqBotX] [DEBUG(java.lang.Thread.run:748)] 收到新请求: CQHttp/4.8.0
[19-05-12 14:07:56] [PicqBotX] [DEBUG(java.lang.Thread.run:748)] - 数据: {"anonymous":null,"font":7133760,"group_id":556981260,"message":"我的世界树5第1128期-灰制作:\r\n我很高兴，许多年前人们都说看正版的是**，毋庸置疑，不久前他们心安理得看所有人的盗贴，但在这件事之后，他们终究无法反驳“盗贴是错的”这么一个简单的概念，他们为什么要开始看正版，因为不想被非议，有一天他们会成为正版的土壤，反哺我所生活的这个圈子，不管那个时候我还在不在这个圈子混，这一次，我小范围地改变了一个趋势，将坏的变成了好的。但我仍旧对前面的那些言论耿耿于怀，我是为了一件我认为对的事情，无比清醒地站在那里，说出我的立场的，他们老以为我被人蒙蔽、煽动，老以为我为了利益，做出了错误的选择，老以为我会后悔，在我已经清晰地表达了一切之后，让我觉得……真是无奈。这是一个十三亿人的国家，文人改变不了什么，鲁迅也不行，我作为一个网络写手，说文人的事情，就更加可笑了。最近几年我渐渐看到一种观念，就是“你能做到什么？”例如你不能彻底弄倒所有的盗版，你凭什么反对其中一个，你反对这个有什么意义？但人的力量并不是这样的，并不是一个人就能彻底解决什么事，十三亿人的事情，首先是舆论和趋势要往好的地方走，社会上的大趋势变动之后，政府才会往好的方向走，它们才会感受到压力。\r\n-----第999段-478Z-237a1e44V--y16","message_id":4953,"message_type":"group","post_type":"message","raw_message":"我的世界树5第1128期-灰制作:\r\n我很高兴，许多年前人们都说看正版的是**，毋庸置疑，不久前他们心安理得看所有人的盗贴，但在这件事之后，他们终究无法反驳“盗贴是错的”这么一个简单的概念，他们为什么要开始看正版，因为不想被非议，有一天他们会成为正版的土壤，反哺我所生活的这个圈子，不管那个时候我还在不在这个圈子混，这一次，我小范围地改变了一个趋势，将坏的变成了好的。但我仍旧对前面的那些言论耿耿于怀，我是为了一件我认为对的事情，无比清醒地站在那里，说出我的立场的，他们老以为我被人蒙蔽、煽动，老以为我为了利益，做出了错误的选择，老以为我会后悔，在我已经清晰地表达了一切之后，让我觉得……真是无奈。这是一个十三亿人的国家，文人改变不了什么，鲁迅也不行，我作为一个网络写手，说文人的事情，就更加可笑了。最近几年我渐渐看到一种观念，就是“你能做到什么？”例如你不能彻底弄倒所有的盗版，你凭什么反对其中一个，你反对这个有什么意义？但人的力量并不是这样的，并不是一个人就能彻底解决什么事，十三亿人的事情，首先是舆论和趋势要往好的地方走，社会上的大趋势变动之后，政府才会往好的方向走，它们才会感受到压力。\r\n-----第999段-478Z-237a1e44V--y16","self_id":2997400528,"sender":{"age":0,"area":"阿拉伯联合酋长国","card":"清风-小鹤音形","level":"死飞单车","nickname":"Cry  不回头","role":"member","sex":"unknown","title":"","user_id":1150646815},"sub_type":"normal","time":1557641276,"user_id":1150646815}
[19-05-12 14:07:57] [PicqBotX] [DEBUG(java.lang.Thread.run:748)] 收到新请求: CQHttp/4.8.0
[19-05-12 14:07:57] [PicqBotX] [DEBUG(java.lang.Thread.run:748)] - 数据: {"anonymous":null,"font":7133504,"group_id":556981260,"message":"然后F3是重打","message_id":4954,"message_type":"group","post_type":"message","raw_message":"然后F3是重打","self_id":2997400528,"sender":{"age":0,"area":"广州","card":"无聊-小鹤","level":"新日电动车","nickname":"无聊","role":"member","sex":"male","title":"","user_id":779855010},"sub_type":"normal","time":1557641277,"user_id":779855010}
[19-05-12 14:08:06] [PicqBotX] [DEBUG(java.lang.Thread.run:748)] 收到新请求: CQHttp/4.8.0
[19-05-12 14:08:06] [PicqBotX] [DEBUG(java.lang.Thread.run:748)] - 数据: {"anonymous":null,"font":7133600,"group_id":556981260,"message":"好的","message_id":4955,"message_type":"group","post_type":"message","raw_message":"好的","self_id":2997400528,"sender":{"age":0,"area":"广州","card":"无聊-小鹤","level":"新日电动车","nickname":"无聊","role":"member","sex":"male","title":"","user_id":779855010},"sub_type":"normal","time":1557641286,"user_id":779855010}
[19-05-12 14:08:06] [PicqBotX] [DEBUG(java.lang.Thread.run:748)] 收到新请求: CQHttp/4.8.0
[19-05-12 14:08:06] [PicqBotX] [DEBUG(java.lang.Thread.run:748)] - 数据: {"anonymous":null,"font":7133152,"group_id":556981260,"message":"第999段 速度63.97 击键3.18 码长2.98 回改57 错字0 键数1426 退格139 键准80.15% 回车1 字数478 &#91;最近几年&#93;27.87s 打词134(59.00%/3.14) &#91;得&#93;2次 起步102.49/3.66/2.14 重打1次(478字) 波动5.92 键法42.62%(左537:723) 评分：[CQ:image,file=C0BFFE8685A2A55B05A71C4B8924699F.png,url=https://gchat.qpic.cn/gchatpic_new/1150646815/556981260-2700797508-C0BFFE8685A2A55B05A71C4B8924699F/0?vuin=2997400528&amp;term=2]  输入法：小鹤音形 起打于13:57:16 个签：享受生活、享受跟打 y16","message_id":4956,"message_type":"group","post_type":"message","raw_message":"第999段 速度63.97 击键3.18 码长2.98 回改57 错字0 键数1426 退格139 键准80.15% 回车1 字数478 &#91;最近几年&#93;27.87s 打词134(59.00%/3.14) &#91;得&#93;2次 起步102.49/3.66/2.14 重打1次(478字) 波动5.92 键法42.62%(左537:723) 评分：[CQ:image,file=C0BFFE8685A2A55B05A71C4B8924699F.png]  输入法：小鹤音形 起打于13:57:16 个签：享受生活、享受跟打 y16","self_id":2997400528,"sender":{"age":0,"area":"阿拉伯联合酋长国","card":"清风-小鹤音形","level":"死飞单车","nickname":"Cry  不回头","role":"member","sex":"unknown","title":"","user_id":1150646815},"sub_type":"normal","time":1557641286,"user_id":1150646815}
[19-05-12 14:08:09] [PicqBotX] [DEBUG(java.lang.Thread.run:748)] 收到新请求: CQHttp/4.8.0
[19-05-12 14:08:09] [PicqBotX] [DEBUG(java.lang.Thread.run:748)] - 数据: {"anonymous":null,"font":7133472,"group_id":556981260,"message":"[CQ:at,qq=1150646815] 的段位从【四级】升级为【五级】，恭喜恭喜[CQ:face,id=99]","message_id":4957,"message_type":"group","post_type":"message","raw_message":"[CQ:at,qq=1150646815] 的段位从【四级】升级为【五级】，恭喜恭喜[CQ:face,id=99]","self_id":2997400528,"sender":{"age":6,"area":"北京","card":"","level":"波音747","nickname":"小拆","role":"admin","sex":"female","title":"","user_id":207938707},"sub_type":"normal","time":1557641289,"user_id":207938707}
[19-05-12 14:08:16] [PicqBotX] [DEBUG(java.lang.Thread.run:748)] 收到新请求: CQHttp/4.8.0
[19-05-12 14:08:16] [PicqBotX] [DEBUG(java.lang.Thread.run:748)] - 数据: {"anonymous":null,"font":7133152,"group_id":556981260,"message":"#赛文","message_id":4958,"message_type":"group","post_type":"message","raw_message":"#赛文","self_id":2997400528,"sender":{"age":0,"area":"","card":"让心如风-蓝宝石","level":"五菱宏光","nickname":"让心如水","role":"admin","sex":"unknown","title":"","user_id":2329377621},"sub_type":"normal","time":1557641296,"user_id":2329377621}
[19-05-12 14:08:17] [PicqBotX] [DEBUG(java.lang.Thread.run:748)] 收到新请求: CQHttp/4.8.0
[19-05-12 14:08:17] [PicqBotX] [DEBUG(java.lang.Thread.run:748)] - 数据: {"anonymous":null,"font":7133504,"group_id":974172771,"message":"!v","message_id":4959,"message_type":"group","post_type":"message","raw_message":"!v","self_id":2997400528,"sender":{"age":8,"area":"广州","card":"谭宇","level":"传说","nickname":"0 4 . 2 2","role":"owner","sex":"male","title":"","user_id":1061917196},"sub_type":"normal","time":1557641297,"user_id":1061917196}
[19-05-12 14:08:17] [PicqBotX] [DEBUG(java.lang.Thread.run:748)] 收到新请求: CQHttp/4.8.0
[19-05-12 14:08:17] [PicqBotX] [DEBUG(java.lang.Thread.run:748)] - 数据: {"anonymous":null,"font":7133216,"group_id":556981260,"message":"我的世界树5第1128期-灰制作\r\n我很高兴，许多年前人们都说看正版的是**，毋庸置疑，不久前他们心安理得看所有人的盗贴，但在这件事之后，他们终究无法反驳“盗贴是错的”这么一个简单的概念，他们为什么要开始看正版，因为不想被非议，有一天他们会成为正版的土壤，反哺我所生活的这个圈子，不管那个时候我还在不在这个圈子混，这一次，我小范围地改变了一个趋势，将坏的变成了好的。但我仍旧对前面的那些言论耿耿于怀，我是为了一件我认为对的事情，无比清醒地站在那里，说出我的立场的，他们老以为我被人蒙蔽、煽动，老以为我为了利益，做出了错误的选择，老以为我会后悔，在我已经清晰地表达了一切之后，让我觉得……真是无奈。这是一个十三亿人的国家，文人改变不了什么，鲁迅也不行，我作为一个网络写手，说文人的事情，就更加可笑了。最近几年我渐渐看到一种观念，就是“你能做到什么？”例如你不能彻底弄倒所有的盗版，你凭什么反对其中一个，你反对这个有什么意义？但人的力量并不是这样的，并不是一个人就能彻底解决什么事，十三亿人的事情，首先是舆论和趋势要往好的地方走，社会上的大趋势变动之后，政府才会往好的方向走，它们才会感受到压力。\r\n-----第999段-1200S-478Z-3L-237a1e44V--c.sw.1.1","message_id":4960,"message_type":"group","post_type":"message","raw_message":"我的世界树5第1128期-灰制作\r\n我很高兴，许多年前人们都说看正版的是**，毋庸置疑，不久前他们心安理得看所有人的盗贴，但在这件事之后，他们终究无法反驳“盗贴是错的”这么一个简单的概念，他们为什么要开始看正版，因为不想被非议，有一天他们会成为正版的土壤，反哺我所生活的这个圈子，不管那个时候我还在不在这个圈子混，这一次，我小范围地改变了一个趋势，将坏的变成了好的。但我仍旧对前面的那些言论耿耿于怀，我是为了一件我认为对的事情，无比清醒地站在那里，说出我的立场的，他们老以为我被人蒙蔽、煽动，老以为我为了利益，做出了错误的选择，老以为我会后悔，在我已经清晰地表达了一切之后，让我觉得……真是无奈。这是一个十三亿人的国家，文人改变不了什么，鲁迅也不行，我作为一个网络写手，说文人的事情，就更加可笑了。最近几年我渐渐看到一种观念，就是“你能做到什么？”例如你不能彻底弄倒所有的盗版，你凭什么反对其中一个，你反对这个有什么意义？但人的力量并不是这样的，并不是一个人就能彻底解决什么事，十三亿人的事情，首先是舆论和趋势要往好的地方走，社会上的大趋势变动之后，政府才会往好的方向走，它们才会感受到压力。\r\n-----第999段-1200S-478Z-3L-237a1e44V--c.sw.1.1","self_id":2997400528,"sender":{"age":6,"area":"北京","card":"","level":"波音747","nickname":"小拆","role":"admin","sex":"female","title":"","user_id":207938707},"sub_type":"normal","time":1557641297,"user_id":207938707}
[19-05-12 14:08:21] [PicqBotX] [DEBUG(java.lang.Thread.run:748)] 收到新请求: CQHttp/4.8.0
[19-05-12 14:08:21] [PicqBotX] [DEBUG(java.lang.Thread.run:748)] - 数据: {"anonymous":null,"font":7133760,"group_id":974172771,"message":"!v","message_id":4961,"message_type":"group","post_type":"message","raw_message":"!v","self_id":2997400528,"sender":{"age":8,"area":"广州","card":"谭宇","level":"传说","nickname":"0 4 . 2 2","role":"owner","sex":"male","title":"","user_id":1061917196},"sub_type":"normal","time":1557641301,"user_id":1061917196}
[19-05-12 14:08:44] [PicqBotX] [DEBUG(java.lang.Thread.run:748)] 收到新请求: CQHttp/4.8.0
[19-05-12 14:08:44] [PicqBotX] [DEBUG(java.lang.Thread.run:748)] - 数据: {"meta_event_type":"lifecycle","post_type":"meta_event","self_id":2997400528,"sub_type":"enable","time":1557641324}
[19-05-12 14:08:45] [PicqBotX] [DEBUG(java.lang.Thread.run:748)] 收到新请求: CQHttp/4.8.0
[19-05-12 14:08:45] [PicqBotX] [DEBUG(java.lang.Thread.run:748)] - 数据: {"anonymous":null,"font":7916992,"group_id":974172771,"message":"!v","message_id":4963,"message_type":"group","post_type":"message","raw_message":"!v","self_id":2997400528,"sender":{"age":8,"area":"广州","card":"谭宇","level":"传说","nickname":"0 4 . 2 2","role":"owner","sex":"male","title":"","user_id":1061917196},"sub_type":"normal","time":1557641325,"user_id":1061917196}
[19-05-12 14:08:47] [PicqBotX] [DEBUG(java.lang.Thread.run:748)] 收到新请求: CQHttp/4.8.0
[19-05-12 14:08:47] [PicqBotX] [DEBUG(java.lang.Thread.run:748)] - 数据: {"anonymous":null,"font":7917088,"group_id":556981260,"message":"说就打这段","message_id":4964,"message_type":"group","post_type":"message","raw_message":"说就打这段","self_id":2997400528,"sender":{"age":0,"area":"","card":"让心如风-蓝宝石","level":"五菱宏光","nickname":"让心如水","role":"admin","sex":"unknown","title":"","user_id":2329377621},"sub_type":"normal","time":1557641327,"user_id":2329377621}
[19-05-12 14:08:55] [PicqBotX] [DEBUG(java.lang.Thread.run:748)] 收到新请求: CQHttp/4.8.0
[19-05-12 14:08:55] [PicqBotX] [DEBUG(java.lang.Thread.run:748)] - 数据: {"anonymous":null,"font":7917408,"group_id":974172771,"message":"!v","message_id":4965,"message_type":"group","post_type":"message","raw_message":"!v","self_id":2997400528,"sender":{"age":8,"area":"广州","card":"谭宇","level":"传说","nickname":"0 4 . 2 2","role":"owner","sex":"male","title":"","user_id":1061917196},"sub_type":"normal","time":1557641335,"user_id":1061917196}
[19-05-12 14:08:58] [PicqBotX] [DEBUG(java.lang.Thread.run:748)] 收到新请求: CQHttp/4.8.0
[19-05-12 14:08:58] [PicqBotX] [DEBUG(java.lang.Thread.run:748)] - 数据: {"font":7917696,"message":"!v","message_id":4966,"message_type":"private","post_type":"message","raw_message":"!v","self_id":2997400528,"sender":{"age":8,"nickname":"0 4 . 2 2","sex":"male","user_id":1061917196},"sub_type":"friend","time":1557641338,"user_id":1061917196}
[19-05-12 14:09:00] [PicqBotX] [DEBUG(java.lang.Thread.run:748)] 收到新请求: CQHttp/4.8.0
[19-05-12 14:09:00] [PicqBotX] [DEBUG(java.lang.Thread.run:748)] - 数据: {"anonymous":null,"font":7917408,"group_id":556981260,"message":"那就打这段","message_id":4969,"message_type":"group","post_type":"message","raw_message":"那就打这段","self_id":2997400528,"sender":{"age":0,"area":"","card":"让心如风-蓝宝石","level":"五菱宏光","nickname":"让心如水","role":"admin","sex":"unknown","title":"","user_id":2329377621},"sub_type":"normal","time":1557641340,"user_id":2329377621}
[19-05-12 14:09:02] [PicqBotX] [DEBUG(java.lang.Thread.run:748)] 收到新请求: CQHttp/4.8.0
[19-05-12 14:09:02] [PicqBotX] [DEBUG(java.lang.Thread.run:748)] - 数据: {"anonymous":null,"font":7916992,"group_id":974172771,"message":"搞蛇","message_id":4970,"message_type":"group","post_type":"message","raw_message":"搞蛇","self_id":2997400528,"sender":{"age":8,"area":"广州","card":"谭宇","level":"传说","nickname":"0 4 . 2 2","role":"owner","sex":"male","title":"","user_id":1061917196},"sub_type":"normal","time":1557641342,"user_id":1061917196}
[19-05-12 14:09:04] [PicqBotX] [DEBUG(java.lang.Thread.run:748)] 收到新请求: CQHttp/4.8.0
[19-05-12 14:09:04] [PicqBotX] [DEBUG(java.lang.Thread.run:748)] - 数据: {"anonymous":null,"font":7917408,"group_id":556981260,"message":"就打这段","message_id":4971,"message_type":"group","post_type":"message","raw_message":"就打这段","self_id":2997400528,"sender":{"age":0,"area":"阿拉伯联合酋长国","card":"清风-小鹤音形","level":"死飞单车","nickname":"Cry  不回头","role":"member","sex":"unknown","title":"","user_id":1150646815},"sub_type":"normal","time":1557641344,"user_id":1150646815}
[19-05-12 14:09:11] [PicqBotX] [DEBUG(java.lang.Thread.run:748)] 收到新请求: CQHttp/4.8.0
