[19-05-16 20:15:43] [PicqBotX] [INFO] 
[19-05-16 20:15:43] [PicqBotX] [INFO]     ____  _            ____        __ _  __
[19-05-16 20:15:43] [PicqBotX] [INFO]    / __ \(_)________ _/ __ )____  / /| |/ /
[19-05-16 20:15:43] [PicqBotX] [INFO]   / /_/ / / ___/ __ `/ __  / __ \/ __/   /
[19-05-16 20:15:43] [PicqBotX] [INFO]  / ____/ / /__/ /_/ / /_/ / /_/ / /_/   |
[19-05-16 20:15:43] [PicqBotX] [INFO] /_/   /_/\___/\__, /_____/\____/\__/_/|_|
[19-05-16 20:15:43] [PicqBotX] [INFO]                 /_/         v3.2.2.896
[19-05-16 20:15:43] [PicqBotX] [INFO] 日志管理器     初始化完成 [******] ...(29.87 ms)
[19-05-16 20:15:43] [PicqBotX] [INFO] 缓存管理器     初始化完成 [******] ...(1.87 ms)
[19-05-16 20:15:43] [PicqBotX] [INFO] DEBUG设置     初始化完成 [******] ...(0.01 ms)
[19-05-16 20:15:43] [PicqBotX] [INFO] 事件管理器     初始化完成 [******] ...(31.05 ms)
[19-05-16 20:15:43] [PicqBotX] [INFO] 账号管理器     初始化完成 [******] ...(1.0 ms)
[19-05-16 20:15:43] [PicqBotX] [INFO] HTTP监听服务器 初始化完成 [******] ...(1.75 ms)
[19-05-16 20:15:43] [PicqBotX] [INFO] 指令管理器     初始化完成 [******] ...(2.28 ms)
[19-05-16 20:15:43] [PicqBotX] [WARNING] 账号 Bot01: 版本正确, 不过用酷Q Pro的话效果更好哦!
[19-05-16 20:15:43] [PicqBotX] [INFO] 账号 Bot01:   版本验证完成!
[19-05-16 20:15:43] [PicqBotX] [INFO] 正在启动...
[19-05-16 20:15:44] [PicqBotX] [DEBUG(java.lang.Thread.run:748)] 收到新请求: CQHttp/4.8.0
[19-05-16 20:15:44] [PicqBotX] [DEBUG(java.lang.Thread.run:748)] - 数据: {"anonymous":null,"font":43738536,"group_id":723795668,"message":"无聊，不用这么八卦了，我代他告诉你，绝对练了。。。肯定练了。","message_id":13062,"message_type":"group","post_type":"message","raw_message":"无聊，不用这么八卦了，我代他告诉你，绝对练了。。。肯定练了。","self_id":2997400528,"sender":{"age":30,"area":"北京","card":"会飞的乌龟.搜鹤","level":"中级","nickname":"李哲嘉","role":"member","sex":"male","title":"","user_id":30595632},"sub_type":"normal","time":1558008943,"user_id":30595632}
[19-05-16 20:15:49] [PicqBotX] [DEBUG(java.lang.Thread.run:748)] 收到新请求: CQHttp/4.8.0
