[19-05-12 21:53:22] [PicqBotX] [INFO] 
[19-05-12 21:53:22] [PicqBotX] [INFO]     ____  _            ____        __ _  __
[19-05-12 21:53:22] [PicqBotX] [INFO]    / __ \(_)________ _/ __ )____  / /| |/ /
[19-05-12 21:53:22] [PicqBotX] [INFO]   / /_/ / / ___/ __ `/ __  / __ \/ __/   /
[19-05-12 21:53:22] [PicqBotX] [INFO]  / ____/ / /__/ /_/ / /_/ / /_/ / /_/   |
[19-05-12 21:53:22] [PicqBotX] [INFO] /_/   /_/\___/\__, /_____/\____/\__/_/|_|
[19-05-12 21:53:22] [PicqBotX] [INFO]                 /_/         v3.2.2.896
[19-05-12 21:53:22] [PicqBotX] [INFO] 日志管理器     初始化完成 [******] ...(29.65 ms)
[19-05-12 21:53:22] [PicqBotX] [INFO] 缓存管理器     初始化完成 [******] ...(1.93 ms)
[19-05-12 21:53:22] [PicqBotX] [INFO] DEBUG设置     初始化完成 [******] ...(0.01 ms)
[19-05-12 21:53:22] [PicqBotX] [INFO] 事件管理器     初始化完成 [******] ...(26.48 ms)
[19-05-12 21:53:22] [PicqBotX] [INFO] 账号管理器     初始化完成 [******] ...(0.78 ms)
[19-05-12 21:53:22] [PicqBotX] [INFO] HTTP监听服务器 初始化完成 [******] ...(1.43 ms)
[19-05-12 21:53:23] [PicqBotX] [INFO] 指令管理器     初始化完成 [******] ...(1.66 ms)
[19-05-12 21:53:23] [PicqBotX] [WARNING] 账号 Bot01: 版本正确, 不过用酷Q Pro的话效果更好哦!
[19-05-12 21:53:23] [PicqBotX] [INFO] 账号 Bot01:   版本验证完成!
[19-05-12 21:53:23] [PicqBotX] [INFO] 正在启动...
[19-05-12 21:53:25] [PicqBotX] [DEBUG(java.lang.Thread.run:748)] 收到新请求: CQHttp/4.8.0
[19-05-12 21:53:25] [PicqBotX] [DEBUG(java.lang.Thread.run:748)] - 数据: {"font":10144408,"message":"查 谭宇","message_id":7543,"message_type":"private","post_type":"message","raw_message":"查 谭宇","self_id":2997400528,"sender":{"age":8,"nickname":"0 4 . 2 2","sex":"male","user_id":1061917196},"sub_type":"friend","time":1557669205,"user_id":1061917196}
[19-05-12 21:53:26] [PicqBotX] [DEBUG(java.lang.Thread.run:748)] 收到新请求: CQHttp/4.8.0
[19-05-12 21:53:26] [PicqBotX] [DEBUG(java.lang.Thread.run:748)] - 数据: {"anonymous":null,"font":10144920,"group_id":556981260,"message":"？","message_id":7546,"message_type":"group","post_type":"message","raw_message":"？","self_id":2997400528,"sender":{"age":20,"area":"榆林","card":"弈-小鹤双拼/091","level":"新日电动车","nickname":"弈","role":"member","sex":"male","title":"","user_id":1440667228},"sub_type":"normal","time":1557669206,"user_id":1440667228}
[19-05-12 21:53:31] [PicqBotX] [DEBUG(java.lang.Thread.run:748)] 收到新请求: CQHttp/4.8.0
[19-05-12 21:53:31] [PicqBotX] [DEBUG(java.lang.Thread.run:748)] - 数据: {"anonymous":null,"font":10144760,"group_id":556981260,"message":"发生了什么？","message_id":7547,"message_type":"group","post_type":"message","raw_message":"发生了什么？","self_id":2997400528,"sender":{"age":20,"area":"榆林","card":"弈-小鹤双拼/091","level":"新日电动车","nickname":"弈","role":"member","sex":"male","title":"","user_id":1440667228},"sub_type":"normal","time":1557669211,"user_id":1440667228}
[19-05-12 21:53:39] [PicqBotX] [DEBUG(java.lang.Thread.run:748)] 收到新请求: CQHttp/4.8.0
[19-05-12 21:53:39] [PicqBotX] [DEBUG(java.lang.Thread.run:748)] - 数据: {"anonymous":null,"font":10144600,"group_id":556981260,"message":"呦，我兄弟","message_id":7548,"message_type":"group","post_type":"message","raw_message":"呦，我兄弟","self_id":2997400528,"sender":{"age":23,"area":"北京","card":"小宇-小鹤音形","level":"五菱宏光","nickname":"___。丹顶货.、","role":"member","sex":"male","title":"","user_id":363930610},"sub_type":"normal","time":1557669219,"user_id":363930610}
[19-05-12 21:53:49] [PicqBotX] [DEBUG(java.lang.Thread.run:748)] 收到新请求: CQHttp/4.8.0
[19-05-12 21:53:49] [PicqBotX] [DEBUG(java.lang.Thread.run:748)] - 数据: {"anonymous":null,"font":10145144,"group_id":522394334,"message":"码表？","message_id":7549,"message_type":"group","post_type":"message","raw_message":"码表？","self_id":2997400528,"sender":{"age":3,"area":"铁岭","card":"et家的ufo-小鹤音形","level":"中级","nickname":"et家的ufo","role":"member","sex":"male","title":"","user_id":2075556263},"sub_type":"normal","time":1557669228,"user_id":2075556263}
[19-05-12 21:53:54] [PicqBotX] [DEBUG(java.lang.Thread.run:748)] 收到新请求: CQHttp/4.8.0
[19-05-12 21:53:54] [PicqBotX] [DEBUG(java.lang.Thread.run:748)] - 数据: {"anonymous":null,"font":10144664,"group_id":522394334,"message":"[CQ:face,id=3]","message_id":7550,"message_type":"group","post_type":"message","raw_message":"[CQ:face,id=3]","self_id":2997400528,"sender":{"age":3,"area":"铁岭","card":"et家的ufo-小鹤音形","level":"中级","nickname":"et家的ufo","role":"member","sex":"male","title":"","user_id":2075556263},"sub_type":"normal","time":1557669234,"user_id":2075556263}
[19-05-12 21:53:56] [PicqBotX] [DEBUG(java.lang.Thread.run:748)] 收到新请求: CQHttp/4.8.0
[19-05-12 21:53:56] [PicqBotX] [DEBUG(java.lang.Thread.run:748)] - 数据: {"anonymous":null,"font":10145336,"group_id":522394334,"message":"当然有","message_id":7551,"message_type":"group","post_type":"message","raw_message":"当然有","self_id":2997400528,"sender":{"age":0,"area":"阿拉伯联合酋长国","card":"花开花落_小鹤双拼","level":"了解群图书馆","nickname":"Pro@S","role":"member","sex":"male","title":"","user_id":123362273},"sub_type":"normal","time":1557669236,"user_id":123362273}
[19-05-12 21:53:57] [PicqBotX] [DEBUG(java.lang.Thread.run:748)] 收到新请求: CQHttp/4.8.0
[19-05-12 21:53:57] [PicqBotX] [DEBUG(java.lang.Thread.run:748)] - 数据: {"anonymous":null,"font":10144792,"group_id":522394334,"message":"对","message_id":7552,"message_type":"group","post_type":"message","raw_message":"对","self_id":2997400528,"sender":{"age":0,"area":"成都","card":"","level":"中级","nickname":"Μέγας Ἀλέξανδρος","role":"member","sex":"male","title":"","user_id":191659732},"sub_type":"normal","time":1557669237,"user_id":191659732}
[19-05-12 21:54:13] [PicqBotX] [DEBUG(java.lang.Thread.run:748)] 收到新请求: CQHttp/4.8.0
[19-05-12 21:54:13] [PicqBotX] [DEBUG(java.lang.Thread.run:748)] - 数据: {"anonymous":null,"font":10145304,"group_id":522394334,"message":"纯小鹤双拼的码表","message_id":7553,"message_type":"group","post_type":"message","raw_message":"纯小鹤双拼的码表","self_id":2997400528,"sender":{"age":0,"area":"成都","card":"","level":"中级","nickname":"Μέγας Ἀλέξανδρος","role":"member","sex":"male","title":"","user_id":191659732},"sub_type":"normal","time":1557669253,"user_id":191659732}
[19-05-12 21:54:21] [PicqBotX] [DEBUG(java.lang.Thread.run:748)] 收到新请求: CQHttp/4.8.0
[19-05-12 21:54:21] [PicqBotX] [DEBUG(java.lang.Thread.run:748)] - 数据: {"anonymous":null,"font":10144792,"group_id":522394334,"message":"我咋没明白……什么是没有音形的码表[CQ:face,id=173]","message_id":7554,"message_type":"group","post_type":"message","raw_message":"我咋没明白……什么是没有音形的码表[CQ:face,id=173]","self_id":2997400528,"sender":{"age":3,"area":"铁岭","card":"et家的ufo-小鹤音形","level":"中级","nickname":"et家的ufo","role":"member","sex":"male","title":"","user_id":2075556263},"sub_type":"normal","time":1557669261,"user_id":2075556263}
[19-05-12 21:54:28] [PicqBotX] [DEBUG(java.lang.Thread.run:748)] 收到新请求: CQHttp/4.8.0
[19-05-12 21:54:28] [PicqBotX] [DEBUG(java.lang.Thread.run:748)] - 数据: {"anonymous":null,"font":10144664,"group_id":522394334,"message":"你在百度手机输入法选双拼方案是小鹤就行","message_id":7555,"message_type":"group","post_type":"message","raw_message":"你在百度手机输入法选双拼方案是小鹤就行","self_id":2997400528,"sender":{"age":0,"area":"阿拉伯联合酋长国","card":"花开花落_小鹤双拼","level":"了解群图书馆","nickname":"Pro@S","role":"member","sex":"male","title":"","user_id":123362273},"sub_type":"normal","time":1557669268,"user_id":123362273}
[19-05-12 21:54:37] [PicqBotX] [DEBUG(java.lang.Thread.run:748)] 收到新请求: CQHttp/4.8.0
[19-05-12 21:54:37] [PicqBotX] [DEBUG(java.lang.Thread.run:748)] - 数据: {"anonymous":null,"font":10144728,"group_id":522394334,"message":"绝对纯双拼","message_id":7556,"message_type":"group","post_type":"message","raw_message":"绝对纯双拼","self_id":2997400528,"sender":{"age":0,"area":"阿拉伯联合酋长国","card":"花开花落_小鹤双拼","level":"了解群图书馆","nickname":"Pro@S","role":"member","sex":"male","title":"","user_id":123362273},"sub_type":"normal","time":1557669277,"user_id":123362273}
[19-05-12 21:54:38] [PicqBotX] [DEBUG(java.lang.Thread.run:748)] 收到新请求: CQHttp/4.8.0
[19-05-12 21:54:38] [PicqBotX] [DEBUG(java.lang.Thread.run:748)] - 数据: {"anonymous":null,"font":10145080,"group_id":522394334,"message":"不是这个意思","message_id":7557,"message_type":"group","post_type":"message","raw_message":"不是这个意思","self_id":2997400528,"sender":{"age":0,"area":"成都","card":"","level":"中级","nickname":"Μέγας Ἀλέξανδρος","role":"member","sex":"male","title":"","user_id":191659732},"sub_type":"normal","time":1557669278,"user_id":191659732}
[19-05-12 21:54:54] [PicqBotX] [DEBUG(java.lang.Thread.run:748)] 收到新请求: CQHttp/4.8.0
[19-05-12 21:54:54] [PicqBotX] [DEBUG(java.lang.Thread.run:748)] - 数据: {"anonymous":null,"font":10144408,"group_id":522394334,"message":"那些应该是改变键位的","message_id":7558,"message_type":"group","post_type":"message","raw_message":"那些应该是改变键位的","self_id":2997400528,"sender":{"age":0,"area":"成都","card":"","level":"中级","nickname":"Μέγας Ἀλέξανδρος","role":"member","sex":"male","title":"","user_id":191659732},"sub_type":"normal","time":1557669294,"user_id":191659732}
[19-05-12 21:55:04] [PicqBotX] [DEBUG(java.lang.Thread.run:748)] 收到新请求: CQHttp/4.8.0
[19-05-12 21:55:04] [PicqBotX] [DEBUG(java.lang.Thread.run:748)] - 数据: {"anonymous":null,"font":10144760,"group_id":522394334,"message":"实际上还是全拼","message_id":7559,"message_type":"group","post_type":"message","raw_message":"实际上还是全拼","self_id":2997400528,"sender":{"age":0,"area":"成都","card":"","level":"中级","nickname":"Μέγας Ἀλέξανδρος","role":"member","sex":"male","title":"","user_id":191659732},"sub_type":"normal","time":1557669304,"user_id":191659732}
[19-05-12 21:55:11] [PicqBotX] [DEBUG(java.lang.Thread.run:748)] 收到新请求: CQHttp/4.8.0
[19-05-12 21:55:11] [PicqBotX] [DEBUG(java.lang.Thread.run:748)] - 数据: {"anonymous":null,"font":10144856,"group_id":522394334,"message":"我要的是一个码表","message_id":7560,"message_type":"group","post_type":"message","raw_message":"我要的是一个码表","self_id":2997400528,"sender":{"age":0,"area":"成都","card":"","level":"中级","nickname":"Μέγας Ἀλέξανδρος","role":"member","sex":"male","title":"","user_id":191659732},"sub_type":"normal","time":1557669311,"user_id":191659732}
[19-05-12 21:55:24] [PicqBotX] [DEBUG(java.lang.Thread.run:748)] 收到新请求: CQHttp/4.8.0
[19-05-12 21:55:24] [PicqBotX] [DEBUG(java.lang.Thread.run:748)] - 数据: {"anonymous":null,"font":10144728,"group_id":522394334,"message":"但只有音，不要形","message_id":7561,"message_type":"group","post_type":"message","raw_message":"但只有音，不要形","self_id":2997400528,"sender":{"age":0,"area":"成都","card":"","level":"中级","nickname":"Μέγας Ἀλέξανδρος","role":"member","sex":"male","title":"","user_id":191659732},"sub_type":"normal","time":1557669324,"user_id":191659732}
[19-05-12 21:55:52] [PicqBotX] [DEBUG(java.lang.Thread.run:748)] 收到新请求: CQHttp/4.8.0
[19-05-12 21:55:52] [PicqBotX] [DEBUG(java.lang.Thread.run:748)] - 数据: {"anonymous":null,"font":10144824,"group_id":522394334,"message":"[CQ:image,file=0B71187488E1B0B091AE713E5CA65EF0.png,url=https://gchat.qpic.cn/gchatpic_new/363930610/522394334-2819485958-0B71187488E1B0B091AE713E5CA65EF0/0?vuin=2997400528&amp;term=2]","message_id":7562,"message_type":"group","post_type":"message","raw_message":"[CQ:image,file=0B71187488E1B0B091AE713E5CA65EF0.png]","self_id":2997400528,"sender":{"age":23,"area":"北京","card":"小宇-小鹤音形","level":"中级","nickname":"___。丹顶货.、","role":"member","sex":"male","title":"","user_id":363930610},"sub_type":"normal","time":1557669352,"user_id":363930610}
[19-05-12 21:55:57] [PicqBotX] [DEBUG(java.lang.Thread.run:748)] 收到新请求: CQHttp/4.8.0
[19-05-12 21:55:57] [PicqBotX] [DEBUG(java.lang.Thread.run:748)] - 数据: {"anonymous":null,"font":10144664,"group_id":522394334,"message":"你说的这个吗","message_id":7563,"message_type":"group","post_type":"message","raw_message":"你说的这个吗","self_id":2997400528,"sender":{"age":23,"area":"北京","card":"小宇-小鹤音形","level":"中级","nickname":"___。丹顶货.、","role":"member","sex":"male","title":"","user_id":363930610},"sub_type":"normal","time":1557669357,"user_id":363930610}
[19-05-12 21:56:01] [PicqBotX] [DEBUG(java.lang.Thread.run:748)] 收到新请求: CQHttp/4.8.0
[19-05-12 21:56:01] [PicqBotX] [DEBUG(java.lang.Thread.run:748)] - 数据: {"anonymous":null,"font":10145336,"group_id":522394334,"message":"群里下，","message_id":7564,"message_type":"group","post_type":"message","raw_message":"群里下，","self_id":2997400528,"sender":{"age":0,"area":"阿拉伯联合酋长国","card":"花开花落_小鹤双拼","level":"了解群图书馆","nickname":"Pro@S","role":"member","sex":"male","title":"","user_id":123362273},"sub_type":"normal","time":1557669361,"user_id":123362273}
[19-05-12 21:56:04] [PicqBotX] [DEBUG(java.lang.Thread.run:748)] 收到新请求: CQHttp/4.8.0
[19-05-12 21:56:04] [PicqBotX] [DEBUG(java.lang.Thread.run:748)] - 数据: {"anonymous":null,"font":10144792,"group_id":522394334,"message":"对","message_id":7565,"message_type":"group","post_type":"message","raw_message":"对","self_id":2997400528,"sender":{"age":0,"area":"成都","card":"","level":"中级","nickname":"Μέγας Ἀλέξανδρος","role":"member","sex":"male","title":"","user_id":191659732},"sub_type":"normal","time":1557669364,"user_id":191659732}
[19-05-12 21:56:10] [PicqBotX] [DEBUG(java.lang.Thread.run:748)] 收到新请求: CQHttp/4.8.0
[19-05-12 21:56:10] [PicqBotX] [DEBUG(java.lang.Thread.run:748)] - 数据: {"anonymous":null,"font":10145240,"group_id":522394334,"message":"但这只是个图","message_id":7566,"message_type":"group","post_type":"message","raw_message":"但这只是个图","self_id":2997400528,"sender":{"age":0,"area":"成都","card":"","level":"中级","nickname":"Μέγας Ἀλέξανδρος","role":"member","sex":"male","title":"","user_id":191659732},"sub_type":"normal","time":1557669370,"user_id":191659732}
[19-05-12 21:56:12] [PicqBotX] [DEBUG(java.lang.Thread.run:748)] 收到新请求: CQHttp/4.8.0
[19-05-12 21:56:12] [PicqBotX] [DEBUG(java.lang.Thread.run:748)] - 数据: {"anonymous":null,"font":10144824,"group_id":522394334,"message":"[CQ:image,file=47B6305D576DFFBBB9B057A821E78664.jpg,url=https://gchat.qpic.cn/gchatpic_new/2075556263/522394334-3013004286-47B6305D576DFFBBB9B057A821E78664/0?vuin=2997400528&amp;term=2]","message_id":7567,"message_type":"group","post_type":"message","raw_message":"[CQ:image,file=47B6305D576DFFBBB9B057A821E78664.jpg]","self_id":2997400528,"sender":{"age":3,"area":"铁岭","card":"et家的ufo-小鹤音形","level":"中级","nickname":"et家的ufo","role":"member","sex":"male","title":"","user_id":2075556263},"sub_type":"normal","time":1557669372,"user_id":2075556263}
[19-05-12 21:56:13] [PicqBotX] [DEBUG(java.lang.Thread.run:748)] 收到新请求: CQHttp/4.8.0
[19-05-12 21:56:13] [PicqBotX] [DEBUG(java.lang.Thread.run:748)] - 数据: {"anonymous":null,"font":10144792,"group_id":522394334,"message":"不是码表","message_id":7568,"message_type":"group","post_type":"message","raw_message":"不是码表","self_id":2997400528,"sender":{"age":0,"area":"成都","card":"","level":"中级","nickname":"Μέγας Ἀλέξανδρος","role":"member","sex":"male","title":"","user_id":191659732},"sub_type":"normal","time":1557669373,"user_id":191659732}
[19-05-12 21:56:16] [PicqBotX] [DEBUG(java.lang.Thread.run:748)] 收到新请求: CQHttp/4.8.0
[19-05-12 21:56:16] [PicqBotX] [DEBUG(java.lang.Thread.run:748)] - 数据: {"anonymous":null,"font":10144792,"group_id":522394334,"message":"[CQ:face,id=187]","message_id":7569,"message_type":"group","post_type":"message","raw_message":"[CQ:face,id=187]","self_id":2997400528,"sender":{"age":3,"area":"铁岭","card":"et家的ufo-小鹤音形","level":"中级","nickname":"et家的ufo","role":"member","sex":"male","title":"","user_id":2075556263},"sub_type":"normal","time":1557669376,"user_id":2075556263}
[19-05-12 21:56:19] [PicqBotX] [DEBUG(java.lang.Thread.run:748)] 收到新请求: CQHttp/4.8.0
[19-05-12 21:56:19] [PicqBotX] [DEBUG(java.lang.Thread.run:748)] - 数据: {"anonymous":null,"font":10145144,"group_id":522394334,"message":"多多提取","message_id":7570,"message_type":"group","post_type":"message","raw_message":"多多提取","self_id":2997400528,"sender":{"age":0,"area":"阿拉伯联合酋长国","card":"花开花落_小鹤双拼","level":"了解群图书馆","nickname":"Pro@S","role":"member","sex":"male","title":"","user_id":123362273},"sub_type":"normal","time":1557669379,"user_id":123362273}
[19-05-12 21:57:13] [PicqBotX] [DEBUG(java.lang.Thread.run:748)] 收到新请求: CQHttp/4.8.0
[19-05-12 21:57:13] [PicqBotX] [DEBUG(java.lang.Thread.run:748)] - 数据: {"anonymous":null,"font":10144728,"group_id":522394334,"message":"不知是不是码表","message_id":7571,"message_type":"group","post_type":"message","raw_message":"不知是不是码表","self_id":2997400528,"sender":{"age":0,"area":"成都","card":"","level":"中级","nickname":"Μέγας Ἀλέξανδρος","role":"member","sex":"male","title":"","user_id":191659732},"sub_type":"normal","time":1557669433,"user_id":191659732}
[19-05-12 21:57:30] [PicqBotX] [DEBUG(java.lang.Thread.run:748)] 收到新请求: CQHttp/4.8.0
[19-05-12 21:57:30] [PicqBotX] [DEBUG(java.lang.Thread.run:748)] - 数据: {"anonymous":null,"font":10144728,"group_id":522394334,"message":"就怕是改变了键位","message_id":7572,"message_type":"group","post_type":"message","raw_message":"就怕是改变了键位","self_id":2997400528,"sender":{"age":0,"area":"成都","card":"","level":"中级","nickname":"Μέγας Ἀλέξανδρος","role":"member","sex":"male","title":"","user_id":191659732},"sub_type":"normal","time":1557669450,"user_id":191659732}
[19-05-12 21:57:55] [PicqBotX] [DEBUG(java.lang.Thread.run:748)] 收到新请求: CQHttp/4.8.0
[19-05-12 21:57:55] [PicqBotX] [DEBUG(java.lang.Thread.run:748)] - 数据: {"anonymous":null,"font":10144760,"group_id":522394334,"message":"没听懂您啥意思呢亲","message_id":7573,"message_type":"group","post_type":"message","raw_message":"没听懂您啥意思呢亲","self_id":2997400528,"sender":{"age":23,"area":"北京","card":"小宇-小鹤音形","level":"中级","nickname":"___。丹顶货.、","role":"member","sex":"male","title":"","user_id":363930610},"sub_type":"normal","time":1557669475,"user_id":363930610}
[19-05-12 21:58:30] [PicqBotX] [DEBUG(java.lang.Thread.run:748)] 收到新请求: CQHttp/4.8.0
[19-05-12 21:58:30] [PicqBotX] [DEBUG(java.lang.Thread.run:748)] - 数据: {"anonymous":null,"font":10144536,"group_id":556981260,"message":"大家好","message_id":7574,"message_type":"group","post_type":"message","raw_message":"大家好","self_id":2997400528,"sender":{"age":0,"area":"","card":"丹顶鹤-手机搜狗全拼","level":"小蜗牛","nickname":"-","role":"member","sex":"unknown","title":"","user_id":27495355},"sub_type":"normal","time":1557669510,"user_id":27495355}
[19-05-12 21:58:37] [PicqBotX] [DEBUG(java.lang.Thread.run:748)] 收到新请求: CQHttp/4.8.0
[19-05-12 21:58:37] [PicqBotX] [DEBUG(java.lang.Thread.run:748)] - 数据: {"anonymous":null,"font":10145144,"group_id":522394334,"message":"[CQ:face,id=179]纯双不需要码表吧，智能拼音的词库会自己转的","message_id":7575,"message_type":"group","post_type":"message","raw_message":"[CQ:face,id=179]纯双不需要码表吧，智能拼音的词库会自己转的","self_id":2997400528,"sender":{"age":24,"area":"泉州","card":"地瓜-小鹤音形","level":"了解群图书馆","nickname":"地瓜","role":"member","sex":"male","title":"","user_id":1515617671},"sub_type":"normal","time":1557669517,"user_id":1515617671}
[19-05-12 21:58:46] [PicqBotX] [DEBUG(java.lang.Thread.run:748)] 收到新请求: CQHttp/4.8.0
[19-05-12 21:58:46] [PicqBotX] [DEBUG(java.lang.Thread.run:748)] - 数据: {"anonymous":null,"font":10145240,"group_id":522394334,"message":"和全拼的一样的码表就好了","message_id":7576,"message_type":"group","post_type":"message","raw_message":"和全拼的一样的码表就好了","self_id":2997400528,"sender":{"age":24,"area":"泉州","card":"地瓜-小鹤音形","level":"了解群图书馆","nickname":"地瓜","role":"member","sex":"male","title":"","user_id":1515617671},"sub_type":"normal","time":1557669526,"user_id":1515617671}
[19-05-12 21:59:04] [PicqBotX] [DEBUG(java.lang.Thread.run:748)] 收到新请求: CQHttp/4.8.0
[19-05-12 21:59:04] [PicqBotX] [DEBUG(java.lang.Thread.run:748)] - 数据: {"anonymous":null,"font":10144760,"group_id":522394334,"message":"对，然而我就是需要用码表的形式来使用","message_id":7577,"message_type":"group","post_type":"message","raw_message":"对，然而我就是需要用码表的形式来使用","self_id":2997400528,"sender":{"age":0,"area":"成都","card":"","level":"中级","nickname":"Μέγας Ἀλέξανδρος","role":"member","sex":"male","title":"","user_id":191659732},"sub_type":"normal","time":1557669544,"user_id":191659732}
[19-05-12 21:59:08] [PicqBotX] [DEBUG(java.lang.Thread.run:748)] 收到新请求: CQHttp/4.8.0
[19-05-12 21:59:08] [PicqBotX] [DEBUG(java.lang.Thread.run:748)] - 数据: {"anonymous":null,"font":10145144,"group_id":522394334,"message":"自己用多多工具提取，单字提取前两码","message_id":7578,"message_type":"group","post_type":"message","raw_message":"自己用多多工具提取，单字提取前两码","self_id":2997400528,"sender":{"age":0,"area":"阿拉伯联合酋长国","card":"花开花落_小鹤双拼","level":"了解群图书馆","nickname":"Pro@S","role":"member","sex":"male","title":"","user_id":123362273},"sub_type":"normal","time":1557669548,"user_id":123362273}
[19-05-12 21:59:16] [PicqBotX] [DEBUG(java.lang.Thread.run:748)] 收到新请求: CQHttp/4.8.0
[19-05-12 21:59:16] [PicqBotX] [DEBUG(java.lang.Thread.run:748)] - 数据: {"anonymous":null,"font":10144408,"group_id":522394334,"message":"但只使用纯双","message_id":7579,"message_type":"group","post_type":"message","raw_message":"但只使用纯双","self_id":2997400528,"sender":{"age":0,"area":"成都","card":"","level":"中级","nickname":"Μέγας Ἀλέξανδρος","role":"member","sex":"male","title":"","user_id":191659732},"sub_type":"normal","time":1557669556,"user_id":191659732}
[19-05-12 21:59:25] [PicqBotX] [DEBUG(java.lang.Thread.run:748)] 收到新请求: CQHttp/4.8.0
[19-05-12 21:59:25] [PicqBotX] [DEBUG(java.lang.Thread.run:748)] - 数据: {"anonymous":null,"font":10144600,"group_id":556981260,"message":"#赛文","message_id":7580,"message_type":"group","post_type":"message","raw_message":"#赛文","self_id":2997400528,"sender":{"age":0,"area":"","card":"丹顶鹤-手机搜狗全拼","level":"小蜗牛","nickname":"-","role":"member","sex":"unknown","title":"","user_id":27495355},"sub_type":"normal","time":1557669565,"user_id":27495355}
[19-05-12 21:59:26] [PicqBotX] [DEBUG(java.lang.Thread.run:748)] 收到新请求: CQHttp/4.8.0
[19-05-12 21:59:26] [PicqBotX] [DEBUG(java.lang.Thread.run:748)] - 数据: {"anonymous":null,"font":10144888,"group_id":556981260,"message":"我的世界树5第1128期-灰制作\r\n我很高兴，许多年前人们都说看正版的是**，毋庸置疑，不久前他们心安理得看所有人的盗贴，但在这件事之后，他们终究无法反驳“盗贴是错的”这么一个简单的概念，他们为什么要开始看正版，因为不想被非议，有一天他们会成为正版的土壤，反哺我所生活的这个圈子，不管那个时候我还在不在这个圈子混，这一次，我小范围地改变了一个趋势，将坏的变成了好的。但我仍旧对前面的那些言论耿耿于怀，我是为了一件我认为对的事情，无比清醒地站在那里，说出我的立场的，他们老以为我被人蒙蔽、煽动，老以为我为了利益，做出了错误的选择，老以为我会后悔，在我已经清晰地表达了一切之后，让我觉得……真是无奈。这是一个十三亿人的国家，文人改变不了什么，鲁迅也不行，我作为一个网络写手，说文人的事情，就更加可笑了。最近几年我渐渐看到一种观念，就是“你能做到什么？”例如你不能彻底弄倒所有的盗版，你凭什么反对其中一个，你反对这个有什么意义？但人的力量并不是这样的，并不是一个人就能彻底解决什么事，十三亿人的事情，首先是舆论和趋势要往好的地方走，社会上的大趋势变动之后，政府才会往好的方向走，它们才会感受到压力。\r\n-----第999段-1200S-478Z-3L-237a1e44V--c.sw.1.1","message_id":7581,"message_type":"group","post_type":"message","raw_message":"我的世界树5第1128期-灰制作\r\n我很高兴，许多年前人们都说看正版的是**，毋庸置疑，不久前他们心安理得看所有人的盗贴，但在这件事之后，他们终究无法反驳“盗贴是错的”这么一个简单的概念，他们为什么要开始看正版，因为不想被非议，有一天他们会成为正版的土壤，反哺我所生活的这个圈子，不管那个时候我还在不在这个圈子混，这一次，我小范围地改变了一个趋势，将坏的变成了好的。但我仍旧对前面的那些言论耿耿于怀，我是为了一件我认为对的事情，无比清醒地站在那里，说出我的立场的，他们老以为我被人蒙蔽、煽动，老以为我为了利益，做出了错误的选择，老以为我会后悔，在我已经清晰地表达了一切之后，让我觉得……真是无奈。这是一个十三亿人的国家，文人改变不了什么，鲁迅也不行，我作为一个网络写手，说文人的事情，就更加可笑了。最近几年我渐渐看到一种观念，就是“你能做到什么？”例如你不能彻底弄倒所有的盗版，你凭什么反对其中一个，你反对这个有什么意义？但人的力量并不是这样的，并不是一个人就能彻底解决什么事，十三亿人的事情，首先是舆论和趋势要往好的地方走，社会上的大趋势变动之后，政府才会往好的方向走，它们才会感受到压力。\r\n-----第999段-1200S-478Z-3L-237a1e44V--c.sw.1.1","self_id":2997400528,"sender":{"age":6,"area":"北京","card":"","level":"波音747","nickname":"小拆","role":"admin","sex":"female","title":"","user_id":207938707},"sub_type":"normal","time":1557669566,"user_id":207938707}
[19-05-12 21:59:38] [PicqBotX] [DEBUG(java.lang.Thread.run:748)] 收到新请求: CQHttp/4.8.0
[19-05-12 21:59:38] [PicqBotX] [DEBUG(java.lang.Thread.run:748)] - 数据: {"anonymous":null,"font":10145016,"group_id":556981260,"message":"#成绩","message_id":7582,"message_type":"group","post_type":"message","raw_message":"#成绩","self_id":2997400528,"sender":{"age":0,"area":"","card":"丹顶鹤-手机搜狗全拼","level":"小蜗牛","nickname":"-","role":"member","sex":"unknown","title":"","user_id":27495355},"sub_type":"normal","time":1557669578,"user_id":27495355}
[19-05-12 21:59:42] [PicqBotX] [DEBUG(java.lang.Thread.run:748)] 收到新请求: CQHttp/4.8.0
[19-05-12 21:59:42] [PicqBotX] [DEBUG(java.lang.Thread.run:748)] - 数据: {"anonymous":null,"font":10145336,"group_id":556981260,"message":"[CQ:image,file=9B4AF074B586F6FAEAD844E50D812DDA.png,url=https://gchat.qpic.cn/gchatpic_new/207938707/556981260-2428364595-9B4AF074B586F6FAEAD844E50D812DDA/0?vuin=2997400528&amp;term=2]","message_id":7583,"message_type":"group","post_type":"message","raw_message":"[CQ:image,file=9B4AF074B586F6FAEAD844E50D812DDA.png]","self_id":2997400528,"sender":{"age":6,"area":"北京","card":"","level":"波音747","nickname":"小拆","role":"admin","sex":"female","title":"","user_id":207938707},"sub_type":"normal","time":1557669582,"user_id":207938707}
[19-05-12 21:59:45] [PicqBotX] [DEBUG(java.lang.Thread.run:748)] 收到新请求: CQHttp/4.8.0
[19-05-12 21:59:45] [PicqBotX] [DEBUG(java.lang.Thread.run:748)] - 数据: {"anonymous":null,"font":10145208,"group_id":522394334,"message":"[CQ:face,id=179]那你网上随便找个码表不就好了","message_id":7584,"message_type":"group","post_type":"message","raw_message":"[CQ:face,id=179]那你网上随便找个码表不就好了","self_id":2997400528,"sender":{"age":24,"area":"泉州","card":"地瓜-小鹤音形","level":"了解群图书馆","nickname":"地瓜","role":"member","sex":"male","title":"","user_id":1515617671},"sub_type":"normal","time":1557669585,"user_id":1515617671}
[19-05-12 22:00:09] [PicqBotX] [DEBUG(java.lang.Thread.run:748)] 收到新请求: CQHttp/4.8.0
[19-05-12 22:00:09] [PicqBotX] [DEBUG(java.lang.Thread.run:748)] - 数据: {"anonymous":null,"font":10145240,"group_id":522394334,"message":"好吧，我找找","message_id":7585,"message_type":"group","post_type":"message","raw_message":"好吧，我找找","self_id":2997400528,"sender":{"age":0,"area":"成都","card":"","level":"中级","nickname":"Μέγας Ἀλέξανδρος","role":"member","sex":"male","title":"","user_id":191659732},"sub_type":"normal","time":1557669609,"user_id":191659732}
[19-05-12 22:00:10] [PicqBotX] [DEBUG(java.lang.Thread.run:748)] 收到新请求: CQHttp/4.8.0
[19-05-12 22:00:10] [PicqBotX] [DEBUG(java.lang.Thread.run:748)] - 数据: {"anonymous":null,"font":10144792,"group_id":522394334,"message":"还是别折腾了，估计你没neng到一半就放弃了","message_id":7586,"message_type":"group","post_type":"message","raw_message":"还是别折腾了，估计你没neng到一半就放弃了","self_id":2997400528,"sender":{"age":23,"area":"北京","card":"小宇-小鹤音形","level":"中级","nickname":"___。丹顶货.、","role":"member","sex":"male","title":"","user_id":363930610},"sub_type":"normal","time":1557669610,"user_id":363930610}
[19-05-12 22:00:12] [PicqBotX] [DEBUG(java.lang.Thread.run:748)] 收到新请求: CQHttp/4.8.0
[19-05-12 22:00:12] [PicqBotX] [DEBUG(java.lang.Thread.run:748)] - 数据: {"anonymous":null,"font":10145080,"group_id":522394334,"message":"你这个要求有点低啊","message_id":7587,"message_type":"group","post_type":"message","raw_message":"你这个要求有点低啊","self_id":2997400528,"sender":{"age":0,"area":"阿拉伯联合酋长国","card":"花开花落_小鹤双拼","level":"了解群图书馆","nickname":"Pro@S","role":"member","sex":"male","title":"","user_id":123362273},"sub_type":"normal","time":1557669612,"user_id":123362273}
[19-05-12 22:00:17] [PicqBotX] [DEBUG(java.lang.Thread.run:748)] 收到新请求: CQHttp/4.8.0
[19-05-12 22:00:17] [PicqBotX] [DEBUG(java.lang.Thread.run:748)] - 数据: {"anonymous":null,"font":10144856,"group_id":556981260,"message":"味道大佬依然独领风骚","message_id":7588,"message_type":"group","post_type":"message","raw_message":"味道大佬依然独领风骚","self_id":2997400528,"sender":{"age":0,"area":"","card":"丹顶鹤-手机搜狗全拼","level":"小蜗牛","nickname":"-","role":"member","sex":"unknown","title":"","user_id":27495355},"sub_type":"normal","time":1557669617,"user_id":27495355}
[19-05-12 22:00:19] [PicqBotX] [DEBUG(java.lang.Thread.run:748)] 收到新请求: CQHttp/4.8.0
[19-05-12 22:00:19] [PicqBotX] [DEBUG(java.lang.Thread.run:748)] - 数据: {"anonymous":null,"font":10144472,"group_id":556981260,"message":"[CQ:face,id=13][CQ:face,id=13]","message_id":7589,"message_type":"group","post_type":"message","raw_message":"[CQ:face,id=13][CQ:face,id=13]","self_id":2997400528,"sender":{"age":0,"area":"","card":"丹顶鹤-手机搜狗全拼","level":"小蜗牛","nickname":"-","role":"member","sex":"unknown","title":"","user_id":27495355},"sub_type":"normal","time":1557669619,"user_id":27495355}
[19-05-12 22:00:25] [PicqBotX] [DEBUG(java.lang.Thread.run:748)] 收到新请求: CQHttp/4.8.0
[19-05-12 22:00:25] [PicqBotX] [DEBUG(java.lang.Thread.run:748)] - 数据: {"anonymous":null,"font":10145240,"group_id":522394334,"message":"英超 开始","message_id":7590,"message_type":"group","post_type":"message","raw_message":"英超 开始","self_id":2997400528,"sender":{"age":28,"area":"吴忠","card":"垫底的蜗牛-小鹤音形","level":"中级","nickname":"大学渣","role":"member","sex":"male","title":"","user_id":307469495},"sub_type":"normal","time":1557669625,"user_id":307469495}
[19-05-12 22:00:40] [PicqBotX] [DEBUG(java.lang.Thread.run:748)] 收到新请求: CQHttp/4.8.0
[19-05-12 22:00:40] [PicqBotX] [DEBUG(java.lang.Thread.run:748)] - 数据: {"anonymous":null,"font":10144824,"group_id":522394334,"message":"自己有几斤几两，还是知道的","message_id":7591,"message_type":"group","post_type":"message","raw_message":"自己有几斤几两，还是知道的","self_id":2997400528,"sender":{"age":0,"area":"成都","card":"","level":"中级","nickname":"Μέγας Ἀλέξανδρος","role":"member","sex":"male","title":"","user_id":191659732},"sub_type":"normal","time":1557669640,"user_id":191659732}
[19-05-12 22:00:47] [PicqBotX] [DEBUG(java.lang.Thread.run:748)] 收到新请求: CQHttp/4.8.0
[19-05-12 22:00:47] [PicqBotX] [DEBUG(java.lang.Thread.run:748)] - 数据: {"anonymous":null,"font":10145016,"group_id":522394334,"message":"不能好高骛远","message_id":7592,"message_type":"group","post_type":"message","raw_message":"不能好高骛远","self_id":2997400528,"sender":{"age":0,"area":"成都","card":"","level":"中级","nickname":"Μέγας Ἀλέξανδρος","role":"member","sex":"male","title":"","user_id":191659732},"sub_type":"normal","time":1557669647,"user_id":191659732}
[19-05-12 22:01:58] [PicqBotX] [DEBUG(java.lang.Thread.run:748)] 收到新请求: CQHttp/4.8.0
[19-05-12 22:01:58] [PicqBotX] [DEBUG(java.lang.Thread.run:748)] - 数据: {"anonymous":null,"font":10144856,"group_id":522394334,"message":"其实还是不懂你的意思","message_id":7593,"message_type":"group","post_type":"message","raw_message":"其实还是不懂你的意思","self_id":2997400528,"sender":{"age":24,"area":"泉州","card":"地瓜-小鹤音形","level":"了解群图书馆","nickname":"地瓜","role":"member","sex":"male","title":"","user_id":1515617671},"sub_type":"normal","time":1557669718,"user_id":1515617671}
[19-05-12 22:02:54] [PicqBotX] [DEBUG(java.lang.Thread.run:748)] 收到新请求: CQHttp/4.8.0
[19-05-12 22:02:54] [PicqBotX] [DEBUG(java.lang.Thread.run:748)] - 数据: {"anonymous":null,"font":10145144,"group_id":522394334,"message":"这个东西要是找不到就试试看自己做一个吧","message_id":7594,"message_type":"group","post_type":"message","raw_message":"这个东西要是找不到就试试看自己做一个吧","self_id":2997400528,"sender":{"age":3,"area":"铁岭","card":"et家的ufo-小鹤音形","level":"中级","nickname":"et家的ufo","role":"member","sex":"male","title":"","user_id":2075556263},"sub_type":"normal","time":1557669774,"user_id":2075556263}
[19-05-12 22:03:01] [PicqBotX] [DEBUG(java.lang.Thread.run:748)] 收到新请求: CQHttp/4.8.0
[19-05-12 22:03:01] [PicqBotX] [DEBUG(java.lang.Thread.run:748)] - 数据: {"anonymous":null,"font":10144536,"group_id":522394334,"message":"我也没太听懂，可能是想像幻月那样，自己搞一个","message_id":7595,"message_type":"group","post_type":"message","raw_message":"我也没太听懂，可能是想像幻月那样，自己搞一个","self_id":2997400528,"sender":{"age":23,"area":"北京","card":"小宇-小鹤音形","level":"中级","nickname":"___。丹顶货.、","role":"member","sex":"male","title":"","user_id":363930610},"sub_type":"normal","time":1557669781,"user_id":363930610}
[19-05-12 22:03:07] [PicqBotX] [DEBUG(java.lang.Thread.run:748)] 收到新请求: CQHttp/4.8.0
[19-05-12 22:03:07] [PicqBotX] [DEBUG(java.lang.Thread.run:748)] - 数据: {"anonymous":null,"font":10144472,"group_id":522394334,"message":"因为所有的拼音加起来也就那么多","message_id":7596,"message_type":"group","post_type":"message","raw_message":"因为所有的拼音加起来也就那么多","self_id":2997400528,"sender":{"age":3,"area":"铁岭","card":"et家的ufo-小鹤音形","level":"中级","nickname":"et家的ufo","role":"member","sex":"male","title":"","user_id":2075556263},"sub_type":"normal","time":1557669787,"user_id":2075556263}
[19-05-12 22:03:09] [PicqBotX] [DEBUG(java.lang.Thread.run:748)] 收到新请求: CQHttp/4.8.0
[19-05-12 22:03:09] [PicqBotX] [DEBUG(java.lang.Thread.run:748)] - 数据: {"anonymous":null,"font":10144536,"group_id":522394334,"message":"[CQ:bface,id=DBAF644A5D17DF110AB974EDAEEF991E,p=10046]","message_id":7597,"message_type":"group","post_type":"message","raw_message":"[CQ:bface,p=10046,id=DBAF644A5D17DF110AB974EDAEEF991E]","self_id":2997400528,"sender":{"age":3,"area":"铁岭","card":"et家的ufo-小鹤音形","level":"中级","nickname":"et家的ufo","role":"member","sex":"male","title":"","user_id":2075556263},"sub_type":"normal","time":1557669789,"user_id":2075556263}
[19-05-12 22:03:18] [PicqBotX] [DEBUG(java.lang.Thread.run:748)] 收到新请求: CQHttp/4.8.0
[19-05-12 22:03:18] [PicqBotX] [DEBUG(java.lang.Thread.run:748)] - 数据: {"anonymous":null,"font":10144472,"group_id":522394334,"message":"好吧，自己做，就是麻烦点","message_id":7598,"message_type":"group","post_type":"message","raw_message":"好吧，自己做，就是麻烦点","self_id":2997400528,"sender":{"age":0,"area":"成都","card":"","level":"中级","nickname":"Μέγας Ἀλέξανδρος","role":"member","sex":"male","title":"","user_id":191659732},"sub_type":"normal","time":1557669798,"user_id":191659732}
[19-05-12 22:03:18] [PicqBotX] [DEBUG(java.lang.Thread.run:748)] 收到新请求: CQHttp/4.8.0
[19-05-12 22:03:18] [PicqBotX] [DEBUG(java.lang.Thread.run:748)] - 数据: {"anonymous":null,"font":10144568,"group_id":522394334,"message":"有一会应该就能整完了","message_id":7599,"message_type":"group","post_type":"message","raw_message":"有一会应该就能整完了","self_id":2997400528,"sender":{"age":3,"area":"铁岭","card":"et家的ufo-小鹤音形","level":"中级","nickname":"et家的ufo","role":"member","sex":"male","title":"","user_id":2075556263},"sub_type":"normal","time":1557669798,"user_id":2075556263}
[19-05-12 22:03:41] [PicqBotX] [DEBUG(java.lang.Thread.run:748)] 收到新请求: CQHttp/4.8.0
[19-05-12 22:03:41] [PicqBotX] [DEBUG(java.lang.Thread.run:748)] - 数据: {"anonymous":null,"font":10145240,"group_id":522394334,"message":"&#91;闪照&#93;请使用新版手机QQ查看闪照。","message_id":7600,"message_type":"group","post_type":"message","raw_message":"&#91;闪照&#93;请使用新版手机QQ查看闪照。","self_id":2997400528,"sender":{"age":33,"area":"","card":"国家一级保护废物苏明智-86五笔","level":"中级","nickname":"苏苏","role":"member","sex":"female","title":"","user_id":847628427},"sub_type":"normal","time":1557669820,"user_id":847628427}
[19-05-12 22:03:50] [PicqBotX] [DEBUG(java.lang.Thread.run:748)] 收到新请求: CQHttp/4.8.0
[19-05-12 22:03:50] [PicqBotX] [DEBUG(java.lang.Thread.run:748)] - 数据: {"anonymous":null,"font":10145304,"group_id":522394334,"message":"你们小时候吃这样的零售嘛？","message_id":7601,"message_type":"group","post_type":"message","raw_message":"你们小时候吃这样的零售嘛？","self_id":2997400528,"sender":{"age":33,"area":"","card":"国家一级保护废物苏明智-86五笔","level":"中级","nickname":"苏苏","role":"member","sex":"female","title":"","user_id":847628427},"sub_type":"normal","time":1557669830,"user_id":847628427}
[19-05-12 22:03:59] [PicqBotX] [DEBUG(java.lang.Thread.run:748)] 收到新请求: CQHttp/4.8.0
[19-05-12 22:03:59] [PicqBotX] [DEBUG(java.lang.Thread.run:748)] - 数据: {"anonymous":null,"font":10145176,"group_id":522394334,"message":"星球被","message_id":7602,"message_type":"group","post_type":"message","raw_message":"星球被","self_id":2997400528,"sender":{"age":3,"area":"铁岭","card":"et家的ufo-小鹤音形","level":"中级","nickname":"et家的ufo","role":"member","sex":"male","title":"","user_id":2075556263},"sub_type":"normal","time":1557669839,"user_id":2075556263}
[19-05-12 22:04:02] [PicqBotX] [DEBUG(java.lang.Thread.run:748)] 收到新请求: CQHttp/4.8.0
[19-05-12 22:04:02] [PicqBotX] [DEBUG(java.lang.Thread.run:748)] - 数据: {"anonymous":null,"font":10144632,"group_id":522394334,"message":"星球杯","message_id":7603,"message_type":"group","post_type":"message","raw_message":"星球杯","self_id":2997400528,"sender":{"age":3,"area":"铁岭","card":"et家的ufo-小鹤音形","level":"中级","nickname":"et家的ufo","role":"member","sex":"male","title":"","user_id":2075556263},"sub_type":"normal","time":1557669842,"user_id":2075556263}
[19-05-12 22:04:40] [PicqBotX] [DEBUG(java.lang.Thread.run:748)] 收到新请求: CQHttp/4.8.0
[19-05-12 22:04:40] [PicqBotX] [DEBUG(java.lang.Thread.run:748)] - 数据: {"anonymous":null,"font":10144824,"group_id":522394334,"message":"我家闪照看不了了","message_id":7604,"message_type":"group","post_type":"message","raw_message":"我家闪照看不了了","self_id":2997400528,"sender":{"age":0,"area":"成都","card":"","level":"中级","nickname":"Μέγας Ἀλέξανδρος","role":"member","sex":"male","title":"","user_id":191659732},"sub_type":"normal","time":1557669880,"user_id":191659732}
[19-05-12 22:04:46] [PicqBotX] [DEBUG(java.lang.Thread.run:748)] 收到新请求: CQHttp/4.8.0
[19-05-12 22:04:46] [PicqBotX] [DEBUG(java.lang.Thread.run:748)] - 数据: {"anonymous":null,"font":10144760,"group_id":522394334,"message":"零食","message_id":7605,"message_type":"group","post_type":"message","raw_message":"零食","self_id":2997400528,"sender":{"age":33,"area":"","card":"国家一级保护废物苏明智-86五笔","level":"中级","nickname":"苏苏","role":"member","sex":"female","title":"","user_id":847628427},"sub_type":"normal","time":1557669886,"user_id":847628427}
[19-05-12 22:04:46] [PicqBotX] [DEBUG(java.lang.Thread.run:748)] 收到新请求: CQHttp/4.8.0
[19-05-12 22:04:46] [PicqBotX] [DEBUG(java.lang.Thread.run:748)] - 数据: {"anonymous":null,"font":10144792,"group_id":522394334,"message":"因为我之前截屏","message_id":7606,"message_type":"group","post_type":"message","raw_message":"因为我之前截屏","self_id":2997400528,"sender":{"age":0,"area":"成都","card":"","level":"中级","nickname":"Μέγας Ἀλέξανδρος","role":"member","sex":"male","title":"","user_id":191659732},"sub_type":"normal","time":1557669886,"user_id":191659732}
[19-05-12 22:05:10] [PicqBotX] [DEBUG(java.lang.Thread.run:748)] 收到新请求: CQHttp/4.8.0
[19-05-12 22:05:10] [PicqBotX] [DEBUG(java.lang.Thread.run:748)] - 数据: {"anonymous":null,"font":10145176,"group_id":522394334,"message":"为啥截屏","message_id":7607,"message_type":"group","post_type":"message","raw_message":"为啥截屏","self_id":2997400528,"sender":{"age":33,"area":"","card":"国家一级保护废物苏明智-86五笔","level":"中级","nickname":"苏苏","role":"member","sex":"female","title":"","user_id":847628427},"sub_type":"normal","time":1557669910,"user_id":847628427}
[19-05-12 22:05:36] [PicqBotX] [DEBUG(java.lang.Thread.run:748)] 收到新请求: CQHttp/4.8.0
[19-05-12 22:05:36] [PicqBotX] [DEBUG(java.lang.Thread.run:748)] - 数据: {"anonymous":null,"font":10145336,"group_id":522394334,"message":"怕错过精彩的一瞬间","message_id":7608,"message_type":"group","post_type":"message","raw_message":"怕错过精彩的一瞬间","self_id":2997400528,"sender":{"age":0,"area":"成都","card":"","level":"中级","nickname":"Μέγας Ἀλέξανδρος","role":"member","sex":"male","title":"","user_id":191659732},"sub_type":"normal","time":1557669936,"user_id":191659732}
[19-05-12 22:05:45] [PicqBotX] [DEBUG(java.lang.Thread.run:748)] 收到新请求: CQHttp/4.8.0
[19-05-12 22:05:45] [PicqBotX] [DEBUG(java.lang.Thread.run:748)] - 数据: {"anonymous":null,"font":10144824,"group_id":522394334,"message":"[CQ:face,id=178]","message_id":7609,"message_type":"group","post_type":"message","raw_message":"[CQ:face,id=178]","self_id":2997400528,"sender":{"age":33,"area":"","card":"国家一级保护废物苏明智-86五笔","level":"中级","nickname":"苏苏","role":"member","sex":"female","title":"","user_id":847628427},"sub_type":"normal","time":1557669945,"user_id":847628427}
[19-05-12 22:06:18] [PicqBotX] [DEBUG(java.lang.Thread.run:748)] 收到新请求: CQHttp/4.8.0
[19-05-12 22:06:18] [PicqBotX] [DEBUG(java.lang.Thread.run:748)] - 数据: {"anonymous":null,"font":10144536,"group_id":522394334,"message":"为啥发闪照","message_id":7610,"message_type":"group","post_type":"message","raw_message":"为啥发闪照","self_id":2997400528,"sender":{"age":0,"area":"","card":"形音鹤小-垫底的星光","level":"中级","nickname":"ㄨ","role":"member","sex":"unknown","title":"","user_id":2195903763},"sub_type":"normal","time":1557669978,"user_id":2195903763}
[19-05-12 22:06:21] [PicqBotX] [DEBUG(java.lang.Thread.run:748)] 收到新请求: CQHttp/4.8.0
[19-05-12 22:06:21] [PicqBotX] [DEBUG(java.lang.Thread.run:748)] - 数据: {"anonymous":null,"font":10145304,"group_id":522394334,"message":"[CQ:image,file=F08B92F896352BB0053783E3A6016B01.jpg,url=https://gchat.qpic.cn/gchatpic_new/2195903763/522394334-3137192668-F08B92F896352BB0053783E3A6016B01/0?vuin=2997400528&amp;term=2]","message_id":7611,"message_type":"group","post_type":"message","raw_message":"[CQ:image,file=F08B92F896352BB0053783E3A6016B01.jpg]","self_id":2997400528,"sender":{"age":0,"area":"","card":"形音鹤小-垫底的星光","level":"中级","nickname":"ㄨ","role":"member","sex":"unknown","title":"","user_id":2195903763},"sub_type":"normal","time":1557669981,"user_id":2195903763}
[19-05-12 22:06:24] [PicqBotX] [DEBUG(java.lang.Thread.run:748)] 收到新请求: CQHttp/4.8.0
[19-05-12 22:06:24] [PicqBotX] [DEBUG(java.lang.Thread.run:748)] - 数据: {"anonymous":null,"font":10145336,"group_id":522394334,"message":"[CQ:image,file=7914BF26AA197333DE69913EF26464DA.gif,url=https://gchat.qpic.cn/gchatpic_new/1515617671/522394334-2823879363-7914BF26AA197333DE69913EF26464DA/0?vuin=2997400528&amp;term=2]","message_id":7612,"message_type":"group","post_type":"message","raw_message":"[CQ:image,file=7914BF26AA197333DE69913EF26464DA.gif]","self_id":2997400528,"sender":{"age":24,"area":"泉州","card":"地瓜-小鹤音形","level":"了解群图书馆","nickname":"地瓜","role":"member","sex":"male","title":"","user_id":1515617671},"sub_type":"normal","time":1557669984,"user_id":1515617671}
[19-05-12 22:06:27] [PicqBotX] [DEBUG(java.lang.Thread.run:748)] 收到新请求: CQHttp/4.8.0
[19-05-12 22:06:27] [PicqBotX] [DEBUG(java.lang.Thread.run:748)] - 数据: {"anonymous":null,"font":10145176,"group_id":522394334,"message":"点歌瞬间","message_id":7613,"message_type":"group","post_type":"message","raw_message":"点歌瞬间","self_id":2997400528,"sender":{"age":0,"area":"成都","card":"","level":"中级","nickname":"Μέγας Ἀλέξανδρος","role":"member","sex":"male","title":"","user_id":191659732},"sub_type":"normal","time":1557669987,"user_id":191659732}
[19-05-12 22:06:27] [PicqBotX] [DEBUG(java.lang.Thread.run:748)] 收到新请求: CQHttp/4.8.0
[19-05-12 22:06:27] [PicqBotX] [DEBUG(java.lang.Thread.run:748)] - 数据: {"anonymous":null,"font":10144760,"group_id":522394334,"message":"[CQ:music,id=104235813,type=qq]","message_id":7614,"message_type":"group","post_type":"message","raw_message":"[CQ:music,type=qq,id=104235813]","self_id":2997400528,"sender":{"age":22,"area":"广州","card":"拖拉机人工智障","level":"了解群图文件","nickname":"鹤","role":"member","sex":"female","title":"","user_id":1061917110},"sub_type":"normal","time":1557669987,"user_id":1061917110}
[19-05-12 22:06:28] [PicqBotX] [DEBUG(java.lang.Thread.run:748)] 收到新请求: CQHttp/4.8.0
[19-05-12 22:06:28] [PicqBotX] [DEBUG(java.lang.Thread.run:748)] - 数据: {"anonymous":null,"font":10144408,"group_id":522394334,"message":"[CQ:music,id=104235813,style=1,type=qq]","message_id":7615,"message_type":"group","post_type":"message","raw_message":"[CQ:music,type=qq,id=104235813,style=1]","self_id":2997400528,"sender":{"age":6,"area":"北京","card":"","level":"小白","nickname":"小拆","role":"member","sex":"female","title":"","user_id":207938707},"sub_type":"normal","time":1557669988,"user_id":207938707}
[19-05-12 22:06:58] [PicqBotX] [DEBUG(java.lang.Thread.run:748)] 收到新请求: CQHttp/4.8.0
[19-05-12 22:06:58] [PicqBotX] [DEBUG(java.lang.Thread.run:748)] - 数据: {"anonymous":null,"font":10144536,"group_id":522394334,"message":"发闪照的话，想看的可以去不看","message_id":7616,"message_type":"group","post_type":"message","raw_message":"发闪照的话，想看的可以去不看","self_id":2997400528,"sender":{"age":33,"area":"","card":"国家一级保护废物苏明智-86五笔","level":"中级","nickname":"苏苏","role":"member","sex":"female","title":"","user_id":847628427},"sub_type":"normal","time":1557670018,"user_id":847628427}
[19-05-12 22:07:12] [PicqBotX] [DEBUG(java.lang.Thread.run:748)] 收到新请求: CQHttp/4.8.0
[19-05-12 22:07:12] [PicqBotX] [DEBUG(java.lang.Thread.run:748)] - 数据: {"anonymous":null,"font":10144376,"group_id":522394334,"message":"不想看的，也不用加载出来闪别人眼","message_id":7617,"message_type":"group","post_type":"message","raw_message":"不想看的，也不用加载出来闪别人眼","self_id":2997400528,"sender":{"age":33,"area":"","card":"国家一级保护废物苏明智-86五笔","level":"中级","nickname":"苏苏","role":"member","sex":"female","title":"","user_id":847628427},"sub_type":"normal","time":1557670032,"user_id":847628427}
[19-05-12 22:07:19] [PicqBotX] [DEBUG(java.lang.Thread.run:748)] 收到新请求: CQHttp/4.8.0
[19-05-12 22:07:19] [PicqBotX] [DEBUG(java.lang.Thread.run:748)] - 数据: {"anonymous":null,"font":10145304,"group_id":522394334,"message":"[CQ:image,file=CBC8BE23048100BA8197C0C9C8F097B4.gif,url=https://gchat.qpic.cn/gchatpic_new/1515617671/522394334-2401276362-CBC8BE23048100BA8197C0C9C8F097B4/0?vuin=2997400528&amp;term=2]","message_id":7618,"message_type":"group","post_type":"message","raw_message":"[CQ:image,file=CBC8BE23048100BA8197C0C9C8F097B4.gif]","self_id":2997400528,"sender":{"age":24,"area":"泉州","card":"地瓜-小鹤音形","level":"了解群图书馆","nickname":"地瓜","role":"member","sex":"male","title":"","user_id":1515617671},"sub_type":"normal","time":1557670039,"user_id":1515617671}
[19-05-12 22:07:22] [PicqBotX] [DEBUG(java.lang.Thread.run:748)] 收到新请求: CQHttp/4.8.0
[19-05-12 22:07:22] [PicqBotX] [DEBUG(java.lang.Thread.run:748)] - 数据: {"anonymous":null,"font":10145304,"group_id":522394334,"message":"[CQ:face,id=179]感觉自己很聪明","message_id":7619,"message_type":"group","post_type":"message","raw_message":"[CQ:face,id=179]感觉自己很聪明","self_id":2997400528,"sender":{"age":33,"area":"","card":"国家一级保护废物苏明智-86五笔","level":"中级","nickname":"苏苏","role":"member","sex":"female","title":"","user_id":847628427},"sub_type":"normal","time":1557670042,"user_id":847628427}
[19-05-12 22:07:36] [PicqBotX] [DEBUG(java.lang.Thread.run:748)] 收到新请求: CQHttp/4.8.0
[19-05-12 22:07:36] [PicqBotX] [DEBUG(java.lang.Thread.run:748)] - 数据: {"anonymous":null,"font":10144536,"group_id":522394334,"message":"[CQ:image,file=B0E0909819CF07D3912666C9ECCD51ED.jpg,url=https://gchat.qpic.cn/gchatpic_new/2195903763/522394334-2549247698-B0E0909819CF07D3912666C9ECCD51ED/0?vuin=2997400528&amp;term=2]","message_id":7620,"message_type":"group","post_type":"message","raw_message":"[CQ:image,file=B0E0909819CF07D3912666C9ECCD51ED.jpg]","self_id":2997400528,"sender":{"age":0,"area":"","card":"形音鹤小-垫底的星光","level":"中级","nickname":"ㄨ","role":"member","sex":"unknown","title":"","user_id":2195903763},"sub_type":"normal","time":1557670056,"user_id":2195903763}
[19-05-12 22:07:37] [PicqBotX] [DEBUG(java.lang.Thread.run:748)] 收到新请求: CQHttp/4.8.0
[19-05-12 22:07:37] [PicqBotX] [DEBUG(java.lang.Thread.run:748)] - 数据: {"anonymous":null,"font":10145176,"group_id":522394334,"message":"对不想看的来说，还是占位置","message_id":7621,"message_type":"group","post_type":"message","raw_message":"对不想看的来说，还是占位置","self_id":2997400528,"sender":{"age":24,"area":"泉州","card":"地瓜-小鹤音形","level":"了解群图书馆","nickname":"地瓜","role":"member","sex":"male","title":"","user_id":1515617671},"sub_type":"normal","time":1557670057,"user_id":1515617671}
[19-05-12 22:07:50] [PicqBotX] [DEBUG(java.lang.Thread.run:748)] 收到新请求: CQHttp/4.8.0
[19-05-12 22:07:50] [PicqBotX] [DEBUG(java.lang.Thread.run:748)] - 数据: {"anonymous":null,"font":10144600,"group_id":522394334,"message":"对想看的，说不定还想保存","message_id":7622,"message_type":"group","post_type":"message","raw_message":"对想看的，说不定还想保存","self_id":2997400528,"sender":{"age":24,"area":"泉州","card":"地瓜-小鹤音形","level":"了解群图书馆","nickname":"地瓜","role":"member","sex":"male","title":"","user_id":1515617671},"sub_type":"normal","time":1557670070,"user_id":1515617671}
[19-05-12 22:07:54] [PicqBotX] [DEBUG(java.lang.Thread.run:748)] 收到新请求: CQHttp/4.8.0
[19-05-12 22:07:54] [PicqBotX] [DEBUG(java.lang.Thread.run:748)] - 数据: {"anonymous":null,"font":10145336,"group_id":522394334,"message":"[CQ:image,file=7914BF26AA197333DE69913EF26464DA.gif,url=https://gchat.qpic.cn/gchatpic_new/1515617671/522394334-2823879363-7914BF26AA197333DE69913EF26464DA/0?vuin=2997400528&amp;term=2]","message_id":7623,"message_type":"group","post_type":"message","raw_message":"[CQ:image,file=7914BF26AA197333DE69913EF26464DA.gif]","self_id":2997400528,"sender":{"age":24,"area":"泉州","card":"地瓜-小鹤音形","level":"了解群图书馆","nickname":"地瓜","role":"member","sex":"male","title":"","user_id":1515617671},"sub_type":"normal","time":1557670074,"user_id":1515617671}
[19-05-12 22:08:04] [PicqBotX] [DEBUG(java.lang.Thread.run:748)] 收到新请求: CQHttp/4.8.0
[19-05-12 22:08:04] [PicqBotX] [DEBUG(java.lang.Thread.run:748)] - 数据: {"anonymous":null,"font":10144536,"group_id":522394334,"message":"[CQ:face,id=39]做人好难","message_id":7624,"message_type":"group","post_type":"message","raw_message":"[CQ:face,id=39]做人好难","self_id":2997400528,"sender":{"age":33,"area":"","card":"国家一级保护废物苏明智-86五笔","level":"中级","nickname":"苏苏","role":"member","sex":"female","title":"","user_id":847628427},"sub_type":"normal","time":1557670084,"user_id":847628427}
[19-05-12 22:08:08] [PicqBotX] [DEBUG(java.lang.Thread.run:748)] 收到新请求: CQHttp/4.8.0
[19-05-12 22:08:08] [PicqBotX] [DEBUG(java.lang.Thread.run:748)] - 数据: {"anonymous":null,"font":10145144,"group_id":522394334,"message":"哈哈","message_id":7625,"message_type":"group","post_type":"message","raw_message":"哈哈","self_id":2997400528,"sender":{"age":33,"area":"","card":"国家一级保护废物苏明智-86五笔","level":"中级","nickname":"苏苏","role":"member","sex":"female","title":"","user_id":847628427},"sub_type":"normal","time":1557670088,"user_id":847628427}
[19-05-12 22:08:10] [PicqBotX] [DEBUG(java.lang.Thread.run:748)] 收到新请求: CQHttp/4.8.0
[19-05-12 22:08:10] [PicqBotX] [DEBUG(java.lang.Thread.run:748)] - 数据: {"anonymous":null,"font":10144600,"group_id":522394334,"message":"[CQ:image,file=5D12429A4A9C7B919FC70EEE60E07730.jpg,url=https://gchat.qpic.cn/gchatpic_new/191659732/522394334-2366492463-5D12429A4A9C7B919FC70EEE60E07730/0?vuin=2997400528&amp;term=2]","message_id":7626,"message_type":"group","post_type":"message","raw_message":"[CQ:image,file=5D12429A4A9C7B919FC70EEE60E07730.jpg]","self_id":2997400528,"sender":{"age":0,"area":"成都","card":"","level":"中级","nickname":"Μέγας Ἀλέξανδρος","role":"member","sex":"male","title":"","user_id":191659732},"sub_type":"normal","time":1557670090,"user_id":191659732}
[19-05-12 22:08:12] [PicqBotX] [DEBUG(java.lang.Thread.run:748)] 收到新请求: CQHttp/4.8.0
[19-05-12 22:08:12] [PicqBotX] [DEBUG(java.lang.Thread.run:748)] - 数据: {"anonymous":null,"font":10145304,"group_id":522394334,"message":"还是地瓜深得我心","message_id":7627,"message_type":"group","post_type":"message","raw_message":"还是地瓜深得我心","self_id":2997400528,"sender":{"age":0,"area":"","card":"形音鹤小-垫底的星光","level":"中级","nickname":"ㄨ","role":"member","sex":"unknown","title":"","user_id":2195903763},"sub_type":"normal","time":1557670092,"user_id":2195903763}
[19-05-12 22:08:16] [PicqBotX] [DEBUG(java.lang.Thread.run:748)] 收到新请求: CQHttp/4.8.0
[19-05-12 22:08:16] [PicqBotX] [DEBUG(java.lang.Thread.run:748)] - 数据: {"group_id":723795668,"notice_type":"group_decrease","operator_id":924369881,"post_type":"notice","self_id":2997400528,"sub_type":"leave","time":1557670099,"user_id":924369881}
[19-05-12 22:08:51] [PicqBotX] [DEBUG(java.lang.Thread.run:748)] 收到新请求: CQHttp/4.8.0
[19-05-12 22:08:51] [PicqBotX] [DEBUG(java.lang.Thread.run:748)] - 数据: {"anonymous":null,"font":10145304,"group_id":522394334,"message":"[CQ:image,file=CC24F91D5ABA8A1E41FCF112A6114E98.jpg,url=https://gchat.qpic.cn/gchatpic_new/1515617671/522394334-3064976274-CC24F91D5ABA8A1E41FCF112A6114E98/0?vuin=2997400528&amp;term=2]","message_id":7629,"message_type":"group","post_type":"message","raw_message":"[CQ:image,file=CC24F91D5ABA8A1E41FCF112A6114E98.jpg]","self_id":2997400528,"sender":{"age":24,"area":"泉州","card":"地瓜-小鹤音形","level":"了解群图书馆","nickname":"地瓜","role":"member","sex":"male","title":"","user_id":1515617671},"sub_type":"normal","time":1557670131,"user_id":1515617671}
[19-05-12 22:09:07] [PicqBotX] [DEBUG(java.lang.Thread.run:748)] 收到新请求: CQHttp/4.8.0
[19-05-12 22:09:07] [PicqBotX] [DEBUG(java.lang.Thread.run:748)] - 数据: {"anonymous":null,"font":10145144,"group_id":522394334,"message":"玛的这瞬间不是我要的","message_id":7630,"message_type":"group","post_type":"message","raw_message":"玛的这瞬间不是我要的","self_id":2997400528,"sender":{"age":0,"area":"成都","card":"","level":"中级","nickname":"Μέγας Ἀλέξανδρος","role":"member","sex":"male","title":"","user_id":191659732},"sub_type":"normal","time":1557670147,"user_id":191659732}
[19-05-12 22:12:48] [PicqBotX] [DEBUG(java.lang.Thread.run:748)] 收到新请求: CQHttp/4.8.0
[19-05-12 22:12:48] [PicqBotX] [DEBUG(java.lang.Thread.run:748)] - 数据: {"font":10145208,"message":"SELECT a.id,a.realname,(SELECT COUNT(DISTINCT total) FROM wfx_tp AS b WHERE a.total < b.total) + 1 as rank FROM wfx_tp as a;","message_id":7631,"message_type":"private","post_type":"message","raw_message":"SELECT a.id,a.realname,(SELECT COUNT(DISTINCT total) FROM wfx_tp AS b WHERE a.total < b.total) + 1 as rank FROM wfx_tp as a;","self_id":2997400528,"sender":{"age":8,"nickname":"0 4 . 2 2","sex":"male","user_id":1061917196},"sub_type":"friend","time":1557670368,"user_id":1061917196}
[19-05-12 22:12:50] [PicqBotX] [DEBUG(java.lang.Thread.run:748)] 收到新请求: CQHttp/4.8.0
[19-05-12 22:12:50] [PicqBotX] [DEBUG(java.lang.Thread.run:748)] - 数据: {"anonymous":null,"font":10145240,"group_id":522394334,"message":"[CQ:image,file=CB42C535F9FCF33E63EA1823DF550A93.jpg,url=https://gchat.qpic.cn/gchatpic_new/847628427/522394334-2945595586-CB42C535F9FCF33E63EA1823DF550A93/0?vuin=2997400528&amp;term=2]","message_id":7633,"message_type":"group","post_type":"message","raw_message":"[CQ:image,file=CB42C535F9FCF33E63EA1823DF550A93.jpg]","self_id":2997400528,"sender":{"age":33,"area":"","card":"国家一级保护废物苏明智-86五笔","level":"中级","nickname":"苏苏","role":"member","sex":"female","title":"","user_id":847628427},"sub_type":"normal","time":1557670370,"user_id":847628427}
[19-05-12 22:12:59] [PicqBotX] [DEBUG(java.lang.Thread.run:748)] 收到新请求: CQHttp/4.8.0
[19-05-12 22:12:59] [PicqBotX] [DEBUG(java.lang.Thread.run:748)] - 数据: {"anonymous":null,"font":10145208,"group_id":522394334,"message":"你们吃生的，泥土的花生吗……","message_id":7634,"message_type":"group","post_type":"message","raw_message":"你们吃生的，泥土的花生吗……","self_id":2997400528,"sender":{"age":33,"area":"","card":"国家一级保护废物苏明智-86五笔","level":"中级","nickname":"苏苏","role":"member","sex":"female","title":"","user_id":847628427},"sub_type":"normal","time":1557670379,"user_id":847628427}
[19-05-12 22:13:22] [PicqBotX] [DEBUG(java.lang.Thread.run:748)] 收到新请求: CQHttp/4.8.0
[19-05-12 22:13:22] [PicqBotX] [DEBUG(java.lang.Thread.run:748)] - 数据: {"anonymous":null,"font":10144760,"group_id":522394334,"message":"[CQ:face,id=39]洗了之后，发现并没有买的时候那么颗粒饱满","message_id":7635,"message_type":"group","post_type":"message","raw_message":"[CQ:face,id=39]洗了之后，发现并没有买的时候那么颗粒饱满","self_id":2997400528,"sender":{"age":33,"area":"","card":"国家一级保护废物苏明智-86五笔","level":"中级","nickname":"苏苏","role":"member","sex":"female","title":"","user_id":847628427},"sub_type":"normal","time":1557670402,"user_id":847628427}
[19-05-12 22:14:22] [PicqBotX] [DEBUG(java.lang.Thread.run:748)] 收到新请求: CQHttp/4.8.0
[19-05-12 22:14:22] [PicqBotX] [DEBUG(java.lang.Thread.run:748)] - 数据: {"anonymous":null,"font":10144856,"group_id":522394334,"message":"想吃","message_id":7636,"message_type":"group","post_type":"message","raw_message":"想吃","self_id":2997400528,"sender":{"age":0,"area":"","card":"新人 小鹤双拼","level":"了解群图文件","nickname":"筱逸","role":"member","sex":"unknown","title":"","user_id":3231322163},"sub_type":"normal","time":1557670462,"user_id":3231322163}
[19-05-12 22:15:52] [PicqBotX] [DEBUG(java.lang.Thread.run:748)] 收到新请求: CQHttp/4.8.0
[19-05-12 22:15:52] [PicqBotX] [DEBUG(java.lang.Thread.run:748)] - 数据: {"anonymous":null,"font":10144632,"group_id":522394334,"message":"我觉得刚出土的花生最好吃了","message_id":7637,"message_type":"group","post_type":"message","raw_message":"我觉得刚出土的花生最好吃了","self_id":2997400528,"sender":{"age":33,"area":"","card":"国家一级保护废物苏明智-86五笔","level":"中级","nickname":"苏苏","role":"member","sex":"female","title":"","user_id":847628427},"sub_type":"normal","time":1557670552,"user_id":847628427}
[19-05-12 22:15:56] [PicqBotX] [DEBUG(java.lang.Thread.run:748)] 收到新请求: CQHttp/4.8.0
[19-05-12 22:15:56] [PicqBotX] [DEBUG(java.lang.Thread.run:748)] - 数据: {"anonymous":null,"font":10145144,"group_id":522394334,"message":"我们村就是种花生的[CQ:face,id=178]","message_id":7638,"message_type":"group","post_type":"message","raw_message":"我们村就是种花生的[CQ:face,id=178]","self_id":2997400528,"sender":{"age":24,"area":"泉州","card":"地瓜-小鹤音形","level":"了解群图书馆","nickname":"地瓜","role":"member","sex":"male","title":"","user_id":1515617671},"sub_type":"normal","time":1557670556,"user_id":1515617671}
[19-05-12 22:16:10] [PicqBotX] [DEBUG(java.lang.Thread.run:748)] 收到新请求: CQHttp/4.8.0
[19-05-12 22:16:10] [PicqBotX] [DEBUG(java.lang.Thread.run:748)] - 数据: {"anonymous":null,"font":10144856,"group_id":522394334,"message":"你们村种不种地瓜","message_id":7639,"message_type":"group","post_type":"message","raw_message":"你们村种不种地瓜","self_id":2997400528,"sender":{"age":0,"area":"","card":"形音鹤小-垫底的星光","level":"中级","nickname":"ㄨ","role":"member","sex":"unknown","title":"","user_id":2195903763},"sub_type":"normal","time":1557670570,"user_id":2195903763}
[19-05-12 22:16:16] [PicqBotX] [DEBUG(java.lang.Thread.run:748)] 收到新请求: CQHttp/4.8.0
[19-05-12 22:16:16] [PicqBotX] [DEBUG(java.lang.Thread.run:748)] - 数据: {"anonymous":null,"font":10145336,"group_id":522394334,"message":"种","message_id":7640,"message_type":"group","post_type":"message","raw_message":"种","self_id":2997400528,"sender":{"age":24,"area":"泉州","card":"地瓜-小鹤音形","level":"了解群图书馆","nickname":"地瓜","role":"member","sex":"male","title":"","user_id":1515617671},"sub_type":"normal","time":1557670576,"user_id":1515617671}
[19-05-12 22:16:25] [PicqBotX] [DEBUG(java.lang.Thread.run:748)] 收到新请求: CQHttp/4.8.0
[19-05-12 22:16:25] [PicqBotX] [DEBUG(java.lang.Thread.run:748)] - 数据: {"anonymous":null,"font":10144888,"group_id":522394334,"message":"[CQ:image,file=5D0AE6CEF4EAF65EEEF5EFEB935F1E43.jpg,url=https://gchat.qpic.cn/gchatpic_new/1515617671/522394334-3011222154-5D0AE6CEF4EAF65EEEF5EFEB935F1E43/0?vuin=2997400528&amp;term=2]","message_id":7641,"message_type":"group","post_type":"message","raw_message":"[CQ:image,file=5D0AE6CEF4EAF65EEEF5EFEB935F1E43.jpg]","self_id":2997400528,"sender":{"age":24,"area":"泉州","card":"地瓜-小鹤音形","level":"了解群图书馆","nickname":"地瓜","role":"member","sex":"male","title":"","user_id":1515617671},"sub_type":"normal","time":1557670585,"user_id":1515617671}
[19-05-12 22:16:27] [PicqBotX] [DEBUG(java.lang.Thread.run:748)] 收到新请求: CQHttp/4.8.0
[19-05-12 22:16:27] [PicqBotX] [DEBUG(java.lang.Thread.run:748)] - 数据: {"anonymous":null,"font":10145240,"group_id":522394334,"message":"吃不吃地瓜[CQ:face,id=178]","message_id":7642,"message_type":"group","post_type":"message","raw_message":"吃不吃地瓜[CQ:face,id=178]","self_id":2997400528,"sender":{"age":0,"area":"","card":"形音鹤小-垫底的星光","level":"中级","nickname":"ㄨ","role":"member","sex":"unknown","title":"","user_id":2195903763},"sub_type":"normal","time":1557670587,"user_id":2195903763}
[19-05-12 22:16:28] [PicqBotX] [DEBUG(java.lang.Thread.run:748)] 收到新请求: CQHttp/4.8.0
[19-05-12 22:16:28] [PicqBotX] [DEBUG(java.lang.Thread.run:748)] - 数据: {"anonymous":null,"font":10144856,"group_id":556981260,"message":"[CQ:at,qq=27495355] 这是哪位大佬啊？","message_id":7643,"message_type":"group","post_type":"message","raw_message":"[CQ:at,qq=27495355] 这是哪位大佬啊？","self_id":2997400528,"sender":{"age":0,"area":"","card":"让心如风-蓝宝石","level":"五菱宏光","nickname":"让心如水","role":"admin","sex":"unknown","title":"","user_id":2329377621},"sub_type":"normal","time":1557670588,"user_id":2329377621}
[19-05-12 22:16:45] [PicqBotX] [DEBUG(java.lang.Thread.run:748)] 收到新请求: CQHttp/4.8.0
[19-05-12 22:16:45] [PicqBotX] [DEBUG(java.lang.Thread.run:748)] - 数据: {"anonymous":null,"font":10144408,"group_id":522394334,"message":"甜薯？","message_id":7644,"message_type":"group","post_type":"message","raw_message":"甜薯？","self_id":2997400528,"sender":{"age":0,"area":"","card":"新人 小鹤双拼","level":"了解群图文件","nickname":"筱逸","role":"member","sex":"unknown","title":"","user_id":3231322163},"sub_type":"normal","time":1557670605,"user_id":3231322163}
[19-05-12 22:16:59] [PicqBotX] [DEBUG(java.lang.Thread.run:748)] 收到新请求: CQHttp/4.8.0
[19-05-12 22:16:59] [PicqBotX] [DEBUG(java.lang.Thread.run:748)] - 数据: {"anonymous":null,"font":10145304,"group_id":522394334,"message":"哦不对  番薯","message_id":7645,"message_type":"group","post_type":"message","raw_message":"哦不对  番薯","self_id":2997400528,"sender":{"age":0,"area":"","card":"新人 小鹤双拼","level":"了解群图文件","nickname":"筱逸","role":"member","sex":"unknown","title":"","user_id":3231322163},"sub_type":"normal","time":1557670619,"user_id":3231322163}
[19-05-12 22:17:02] [PicqBotX] [DEBUG(java.lang.Thread.run:748)] 收到新请求: CQHttp/4.8.0
[19-05-12 22:17:02] [PicqBotX] [DEBUG(java.lang.Thread.run:748)] - 数据: {"anonymous":null,"font":10144600,"group_id":522394334,"message":"[CQ:face,id=182][CQ:face,id=182]","message_id":7646,"message_type":"group","post_type":"message","raw_message":"[CQ:face,id=182][CQ:face,id=182]","self_id":2997400528,"sender":{"age":0,"area":"","card":"新人 小鹤双拼","level":"了解群图文件","nickname":"筱逸","role":"member","sex":"unknown","title":"","user_id":3231322163},"sub_type":"normal","time":1557670622,"user_id":3231322163}
[19-05-12 22:17:04] [PicqBotX] [DEBUG(java.lang.Thread.run:748)] 收到新请求: CQHttp/4.8.0
[19-05-12 22:17:04] [PicqBotX] [DEBUG(java.lang.Thread.run:748)] - 数据: {"anonymous":null,"font":10145304,"group_id":522394334,"message":"地瓜在各地指的东西可能不是同一个","message_id":7647,"message_type":"group","post_type":"message","raw_message":"地瓜在各地指的东西可能不是同一个","self_id":2997400528,"sender":{"age":33,"area":"","card":"国家一级保护废物苏明智-86五笔","level":"中级","nickname":"苏苏","role":"member","sex":"female","title":"","user_id":847628427},"sub_type":"normal","time":1557670624,"user_id":847628427}
[19-05-12 22:17:06] [PicqBotX] [DEBUG(java.lang.Thread.run:748)] 收到新请求: CQHttp/4.8.0
[19-05-12 22:17:06] [PicqBotX] [DEBUG(java.lang.Thread.run:748)] - 数据: {"anonymous":null,"font":10144472,"group_id":522394334,"message":"[CQ:image,file=C3C90E2A068D25FDFDDBA9D6909BC717.jpg,url=https://gchat.qpic.cn/gchatpic_new/1515617671/522394334-3128094506-C3C90E2A068D25FDFDDBA9D6909BC717/0?vuin=2997400528&amp;term=2]","message_id":7648,"message_type":"group","post_type":"message","raw_message":"[CQ:image,file=C3C90E2A068D25FDFDDBA9D6909BC717.jpg]","self_id":2997400528,"sender":{"age":24,"area":"泉州","card":"地瓜-小鹤音形","level":"了解群图书馆","nickname":"地瓜","role":"member","sex":"male","title":"","user_id":1515617671},"sub_type":"normal","time":1557670626,"user_id":1515617671}
[19-05-12 22:17:16] [PicqBotX] [DEBUG(java.lang.Thread.run:748)] 收到新请求: CQHttp/4.8.0
[19-05-12 22:17:16] [PicqBotX] [DEBUG(java.lang.Thread.run:748)] - 数据: {"anonymous":null,"font":10144760,"group_id":522394334,"message":"我也喜欢地瓜","message_id":7649,"message_type":"group","post_type":"message","raw_message":"我也喜欢地瓜","self_id":2997400528,"sender":{"age":33,"area":"","card":"国家一级保护废物苏明智-86五笔","level":"中级","nickname":"苏苏","role":"member","sex":"female","title":"","user_id":847628427},"sub_type":"normal","time":1557670636,"user_id":847628427}
[19-05-12 22:17:30] [PicqBotX] [DEBUG(java.lang.Thread.run:748)] 收到新请求: CQHttp/4.8.0
[19-05-12 22:17:30] [PicqBotX] [DEBUG(java.lang.Thread.run:748)] - 数据: {"anonymous":null,"font":10145336,"group_id":522394334,"message":"闽南语的花生叫土豆","message_id":7650,"message_type":"group","post_type":"message","raw_message":"闽南语的花生叫土豆","self_id":2997400528,"sender":{"age":24,"area":"泉州","card":"地瓜-小鹤音形","level":"了解群图书馆","nickname":"地瓜","role":"member","sex":"male","title":"","user_id":1515617671},"sub_type":"normal","time":1557670650,"user_id":1515617671}
[19-05-12 22:17:43] [PicqBotX] [DEBUG(java.lang.Thread.run:748)] 收到新请求: CQHttp/4.8.0
[19-05-12 22:17:43] [PicqBotX] [DEBUG(java.lang.Thread.run:748)] - 数据: {"anonymous":null,"font":10145144,"group_id":522394334,"message":"我指的地瓜是撕皮的，里面是白色的","message_id":7651,"message_type":"group","post_type":"message","raw_message":"我指的地瓜是撕皮的，里面是白色的","self_id":2997400528,"sender":{"age":33,"area":"","card":"国家一级保护废物苏明智-86五笔","level":"中级","nickname":"苏苏","role":"member","sex":"female","title":"","user_id":847628427},"sub_type":"normal","time":1557670663,"user_id":847628427}
[19-05-12 22:17:49] [PicqBotX] [DEBUG(java.lang.Thread.run:748)] 收到新请求: CQHttp/4.8.0
[19-05-12 22:17:49] [PicqBotX] [DEBUG(java.lang.Thread.run:748)] - 数据: {"anonymous":null,"font":10144824,"group_id":522394334,"message":"[CQ:at,qq=1515617671] 可以。。","message_id":7652,"message_type":"group","post_type":"message","raw_message":"[CQ:at,qq=1515617671] 可以。。","self_id":2997400528,"sender":{"age":0,"area":"","card":"形音鹤小-垫底的星光","level":"中级","nickname":"ㄨ","role":"member","sex":"unknown","title":"","user_id":2195903763},"sub_type":"normal","time":1557670669,"user_id":2195903763}
[19-05-12 22:17:50] [PicqBotX] [DEBUG(java.lang.Thread.run:748)] 收到新请求: CQHttp/4.8.0
[19-05-12 22:17:50] [PicqBotX] [DEBUG(java.lang.Thread.run:748)] - 数据: {"anonymous":null,"font":10144632,"group_id":522394334,"message":"[CQ:image,file=121C189FCDD08CC14A7798495D67E1A2.jpg,url=https://gchat.qpic.cn/gchatpic_new/2195903763/522394334-3210554126-121C189FCDD08CC14A7798495D67E1A2/0?vuin=2997400528&amp;term=2]","message_id":7653,"message_type":"group","post_type":"message","raw_message":"[CQ:image,file=121C189FCDD08CC14A7798495D67E1A2.jpg]","self_id":2997400528,"sender":{"age":0,"area":"","card":"形音鹤小-垫底的星光","level":"中级","nickname":"ㄨ","role":"member","sex":"unknown","title":"","user_id":2195903763},"sub_type":"normal","time":1557670670,"user_id":2195903763}
[19-05-12 22:18:00] [PicqBotX] [DEBUG(java.lang.Thread.run:748)] 收到新请求: CQHttp/4.8.0
[19-05-12 22:18:00] [PicqBotX] [DEBUG(java.lang.Thread.run:748)] - 数据: {"anonymous":null,"font":10144504,"group_id":522394334,"message":"  马铃薯","message_id":7654,"message_type":"group","post_type":"message","raw_message":"  马铃薯","self_id":2997400528,"sender":{"age":0,"area":"","card":"新人 小鹤双拼","level":"了解群图文件","nickname":"筱逸","role":"member","sex":"unknown","title":"","user_id":3231322163},"sub_type":"normal","time":1557670680,"user_id":3231322163}
[19-05-12 22:18:09] [PicqBotX] [DEBUG(java.lang.Thread.run:748)] 收到新请求: CQHttp/4.8.0
[19-05-12 22:18:09] [PicqBotX] [DEBUG(java.lang.Thread.run:748)] - 数据: {"anonymous":null,"font":10145336,"group_id":522394334,"message":"[CQ:at,qq=1515617671] 真这样？？哈哈","message_id":7655,"message_type":"group","post_type":"message","raw_message":"[CQ:at,qq=1515617671] 真这样？？哈哈","self_id":2997400528,"sender":{"age":33,"area":"","card":"国家一级保护废物苏明智-86五笔","level":"中级","nickname":"苏苏","role":"member","sex":"female","title":"","user_id":847628427},"sub_type":"normal","time":1557670689,"user_id":847628427}
[19-05-12 22:18:25] [PicqBotX] [DEBUG(java.lang.Thread.run:748)] 收到新请求: CQHttp/4.8.0
[19-05-12 22:18:25] [PicqBotX] [DEBUG(java.lang.Thread.run:748)] - 数据: {"anonymous":null,"font":10144856,"group_id":522394334,"message":"嗯","message_id":7656,"message_type":"group","post_type":"message","raw_message":"嗯","self_id":2997400528,"sender":{"age":24,"area":"泉州","card":"地瓜-小鹤音形","level":"了解群图书馆","nickname":"地瓜","role":"member","sex":"male","title":"","user_id":1515617671},"sub_type":"normal","time":1557670705,"user_id":1515617671}
[19-05-12 22:19:41] [PicqBotX] [DEBUG(java.lang.Thread.run:748)] 收到新请求: CQHttp/4.8.0
[19-05-12 22:19:41] [PicqBotX] [DEBUG(java.lang.Thread.run:748)] - 数据: {"anonymous":null,"font":10144824,"group_id":556981260,"message":"李逍遥我大号","message_id":7657,"message_type":"group","post_type":"message","raw_message":"李逍遥我大号","self_id":2997400528,"sender":{"age":0,"area":"","card":"丹顶鹤-手机搜狗全拼","level":"小蜗牛","nickname":"-","role":"member","sex":"unknown","title":"","user_id":27495355},"sub_type":"normal","time":1557670781,"user_id":27495355}
[19-05-12 22:19:47] [PicqBotX] [DEBUG(java.lang.Thread.run:748)] 收到新请求: CQHttp/4.8.0
[19-05-12 22:19:47] [PicqBotX] [DEBUG(java.lang.Thread.run:748)] - 数据: {"anonymous":null,"font":10144824,"group_id":556981260,"message":"信天翁","message_id":7658,"message_type":"group","post_type":"message","raw_message":"信天翁","self_id":2997400528,"sender":{"age":0,"area":"","card":"丹顶鹤-手机搜狗全拼","level":"小蜗牛","nickname":"-","role":"member","sex":"unknown","title":"","user_id":27495355},"sub_type":"normal","time":1557670787,"user_id":27495355}
[19-05-12 22:20:07] [PicqBotX] [DEBUG(java.lang.Thread.run:748)] 收到新请求: CQHttp/4.8.0
[19-05-12 22:20:07] [PicqBotX] [DEBUG(java.lang.Thread.run:748)] - 数据: {"anonymous":null,"font":10144856,"group_id":556981260,"message":"卖了","message_id":7659,"message_type":"group","post_type":"message","raw_message":"卖了","self_id":2997400528,"sender":{"age":0,"area":"","card":"丹顶鹤-手机搜狗全拼","level":"小蜗牛","nickname":"-","role":"member","sex":"unknown","title":"","user_id":27495355},"sub_type":"normal","time":1557670807,"user_id":27495355}
[19-05-12 22:20:12] [PicqBotX] [DEBUG(java.lang.Thread.run:748)] 收到新请求: CQHttp/4.8.0
[19-05-12 22:20:12] [PicqBotX] [DEBUG(java.lang.Thread.run:748)] - 数据: {"anonymous":null,"font":10145016,"group_id":556981260,"message":"这个信号","message_id":7660,"message_type":"group","post_type":"message","raw_message":"这个信号","self_id":2997400528,"sender":{"age":0,"area":"","card":"丹顶鹤-手机搜狗全拼","level":"小蜗牛","nickname":"-","role":"member","sex":"unknown","title":"","user_id":27495355},"sub_type":"normal","time":1557670812,"user_id":27495355}
[19-05-12 22:20:15] [PicqBotX] [DEBUG(java.lang.Thread.run:748)] 收到新请求: CQHttp/4.8.0
[19-05-12 22:20:15] [PicqBotX] [DEBUG(java.lang.Thread.run:748)] - 数据: {"anonymous":null,"font":10145240,"group_id":556981260,"message":"新号","message_id":7661,"message_type":"group","post_type":"message","raw_message":"新号","self_id":2997400528,"sender":{"age":0,"area":"","card":"丹顶鹤-手机搜狗全拼","level":"小蜗牛","nickname":"-","role":"member","sex":"unknown","title":"","user_id":27495355},"sub_type":"normal","time":1557670815,"user_id":27495355}
[19-05-12 22:20:58] [PicqBotX] [DEBUG(java.lang.Thread.run:748)] 收到新请求: CQHttp/4.8.0
[19-05-12 22:20:58] [PicqBotX] [DEBUG(java.lang.Thread.run:748)] - 数据: {"anonymous":null,"font":10145144,"group_id":522394334,"message":"我越来越想回家种地了","message_id":7662,"message_type":"group","post_type":"message","raw_message":"我越来越想回家种地了","self_id":2997400528,"sender":{"age":33,"area":"","card":"国家一级保护废物苏明智-86五笔","level":"中级","nickname":"苏苏","role":"member","sex":"female","title":"","user_id":847628427},"sub_type":"normal","time":1557670858,"user_id":847628427}
[19-05-12 22:21:44] [PicqBotX] [DEBUG(java.lang.Thread.run:748)] 收到新请求: CQHttp/4.8.0
[19-05-12 22:21:44] [PicqBotX] [DEBUG(java.lang.Thread.run:748)] - 数据: {"anonymous":null,"font":10144472,"group_id":556981260,"message":"你那号干什么的，还能卖","message_id":7663,"message_type":"group","post_type":"message","raw_message":"你那号干什么的，还能卖","self_id":2997400528,"sender":{"age":0,"area":"石家庄","card":"瓜牛-二笔","level":"波音747","nickname":"明媚阳光","role":"member","sex":"male","title":"一个小蹦哒","user_id":523856782},"sub_type":"normal","time":1557670904,"user_id":523856782}
[19-05-12 22:22:37] [PicqBotX] [DEBUG(java.lang.Thread.run:748)] 收到新请求: CQHttp/4.8.0
[19-05-12 22:22:37] [PicqBotX] [DEBUG(java.lang.Thread.run:748)] - 数据: {"anonymous":null,"font":10145336,"group_id":556981260,"message":"王者荣耀","message_id":7664,"message_type":"group","post_type":"message","raw_message":"王者荣耀","self_id":2997400528,"sender":{"age":0,"area":"","card":"丹顶鹤-手机搜狗全拼","level":"小蜗牛","nickname":"-","role":"member","sex":"unknown","title":"","user_id":27495355},"sub_type":"normal","time":1557670957,"user_id":27495355}
[19-05-12 22:22:41] [PicqBotX] [DEBUG(java.lang.Thread.run:748)] 收到新请求: CQHttp/4.8.0
[19-05-12 22:22:41] [PicqBotX] [DEBUG(java.lang.Thread.run:748)] - 数据: {"anonymous":null,"font":10144600,"group_id":556981260,"message":"游戏","message_id":7665,"message_type":"group","post_type":"message","raw_message":"游戏","self_id":2997400528,"sender":{"age":0,"area":"","card":"丹顶鹤-手机搜狗全拼","level":"小蜗牛","nickname":"-","role":"member","sex":"unknown","title":"","user_id":27495355},"sub_type":"normal","time":1557670961,"user_id":27495355}
[19-05-12 22:22:50] [PicqBotX] [DEBUG(java.lang.Thread.run:748)] 收到新请求: CQHttp/4.8.0
