[19-05-12 20:32:37] [PicqBotX] [INFO] 
[19-05-12 20:32:37] [PicqBotX] [INFO]     ____  _            ____        __ _  __
[19-05-12 20:32:37] [PicqBotX] [INFO]    / __ \(_)________ _/ __ )____  / /| |/ /
[19-05-12 20:32:37] [PicqBotX] [INFO]   / /_/ / / ___/ __ `/ __  / __ \/ __/   /
[19-05-12 20:32:37] [PicqBotX] [INFO]  / ____/ / /__/ /_/ / /_/ / /_/ / /_/   |
[19-05-12 20:32:37] [PicqBotX] [INFO] /_/   /_/\___/\__, /_____/\____/\__/_/|_|
[19-05-12 20:32:37] [PicqBotX] [INFO]                 /_/         v3.2.2.896
[19-05-12 20:32:37] [PicqBotX] [INFO] 日志管理器     初始化完成 [******] ...(32.32 ms)
[19-05-12 20:32:37] [PicqBotX] [INFO] 缓存管理器     初始化完成 [******] ...(1.79 ms)
[19-05-12 20:32:37] [PicqBotX] [INFO] DEBUG设置     初始化完成 [******] ...(0.01 ms)
[19-05-12 20:32:37] [PicqBotX] [INFO] 事件管理器     初始化完成 [******] ...(35.95 ms)
[19-05-12 20:32:37] [PicqBotX] [INFO] 账号管理器     初始化完成 [******] ...(1.07 ms)
[19-05-12 20:32:37] [PicqBotX] [INFO] HTTP监听服务器 初始化完成 [******] ...(1.63 ms)
[19-05-12 20:32:38] [PicqBotX] [INFO] 指令管理器     初始化完成 [******] ...(2.44 ms)
[19-05-12 20:32:38] [PicqBotX] [WARNING] 账号 Bot01: 版本正确, 不过用酷Q Pro的话效果更好哦!
[19-05-12 20:32:38] [PicqBotX] [INFO] 账号 Bot01:   版本验证完成!
[19-05-12 20:32:38] [PicqBotX] [INFO] 正在启动...
[19-05-12 20:32:49] [PicqBotX] [DEBUG(java.lang.Thread.run:748)] 收到新请求: CQHttp/4.8.0
[19-05-12 20:32:49] [PicqBotX] [DEBUG(java.lang.Thread.run:748)] - 数据: {"font":10145080,"message":"成绩 2019-5-22","message_id":7496,"message_type":"private","post_type":"message","raw_message":"成绩 2019-5-22","self_id":2997400528,"sender":{"age":8,"nickname":"0 4 . 2 2","sex":"male","user_id":1061917196},"sub_type":"friend","time":1557664369,"user_id":1061917196}
[19-05-12 20:32:51] [PicqBotX] [DEBUG(java.lang.Thread.run:748)] 收到新请求: CQHttp/4.8.0
[19-05-12 20:32:51] [PicqBotX] [DEBUG(java.lang.Thread.run:748)] - 数据: {"anonymous":null,"font":10144856,"group_id":723795668,"message":"如果是练的话，可能是圈内人士了","message_id":7497,"message_type":"group","post_type":"message","raw_message":"如果是练的话，可能是圈内人士了","self_id":2997400528,"sender":{"age":0,"area":"广州","card":"重打到死","level":"中级","nickname":"无聊","role":"member","sex":"male","title":"","user_id":779855010},"sub_type":"normal","time":1557664369,"user_id":779855010}
[19-05-12 20:32:55] [PicqBotX] [DEBUG(java.lang.Thread.run:748)] 收到新请求: CQHttp/4.8.0
[19-05-12 20:32:55] [PicqBotX] [DEBUG(java.lang.Thread.run:748)] - 数据: {"anonymous":null,"font":10038064,"group_id":723795668,"message":"说不定就在某个跟打群","message_id":7500,"message_type":"group","post_type":"message","raw_message":"说不定就在某个跟打群","self_id":2997400528,"sender":{"age":0,"area":"广州","card":"重打到死","level":"中级","nickname":"无聊","role":"member","sex":"male","title":"","user_id":779855010},"sub_type":"normal","time":1557664375,"user_id":779855010}
[19-05-12 20:33:00] [PicqBotX] [DEBUG(java.lang.Thread.run:748)] 收到新请求: CQHttp/4.8.0
[19-05-12 20:33:00] [PicqBotX] [DEBUG(java.lang.Thread.run:748)] - 数据: {"font":10145816,"message":"成绩 2019-4-22","message_id":7501,"message_type":"private","post_type":"message","raw_message":"成绩 2019-4-22","self_id":2997400528,"sender":{"age":8,"nickname":"0 4 . 2 2","sex":"male","user_id":1061917196},"sub_type":"friend","time":1557664380,"user_id":1061917196}
[19-05-12 20:33:01] [PicqBotX] [DEBUG(java.lang.Thread.run:748)] 收到新请求: CQHttp/4.8.0
[19-05-12 20:33:01] [PicqBotX] [DEBUG(java.lang.Thread.run:748)] - 数据: {"anonymous":null,"font":10146008,"group_id":723795668,"message":"[CQ:image,file=9A45DA356F65E42862E1C86BAAE729E9.jpg,url=https://gchat.qpic.cn/gchatpic_new/2760787042/723795668-3159346095-9A45DA356F65E42862E1C86BAAE729E9/0?vuin=2997400528&amp;term=2]","message_id":7504,"message_type":"group","post_type":"message","raw_message":"[CQ:image,file=9A45DA356F65E42862E1C86BAAE729E9.jpg]","self_id":2997400528,"sender":{"age":119,"area":"阿拉伯联合酋长国","card":"我要飞","level":"中级","nickname":"我心飞扬","role":"member","sex":"male","title":"","user_id":2760787042},"sub_type":"normal","time":1557664381,"user_id":2760787042}
[19-05-12 20:33:03] [PicqBotX] [DEBUG(java.lang.Thread.run:748)] 收到新请求: CQHttp/4.8.0
[19-05-12 20:33:03] [PicqBotX] [DEBUG(java.lang.Thread.run:748)] - 数据: {"anonymous":null,"font":10145560,"group_id":723795668,"message":"网友见面","message_id":7505,"message_type":"group","post_type":"message","raw_message":"网友见面","self_id":2997400528,"sender":{"age":0,"area":"广州","card":"重打到死","level":"中级","nickname":"无聊","role":"member","sex":"male","title":"","user_id":779855010},"sub_type":"normal","time":1557664383,"user_id":779855010}
[19-05-12 20:33:09] [PicqBotX] [DEBUG(java.lang.Thread.run:748)] 收到新请求: CQHttp/4.8.0
