[19-05-18 17:16:16] [PicqBotX] [INFO] 
[19-05-18 17:16:16] [PicqBotX] [INFO]     ____  _            ____        __ _  __
[19-05-18 17:16:16] [PicqBotX] [INFO]    / __ \(_)________ _/ __ )____  / /| |/ /
[19-05-18 17:16:16] [PicqBotX] [INFO]   / /_/ / / ___/ __ `/ __  / __ \/ __/   /
[19-05-18 17:16:16] [PicqBotX] [INFO]  / ____/ / /__/ /_/ / /_/ / /_/ / /_/   |
[19-05-18 17:16:16] [PicqBotX] [INFO] /_/   /_/\___/\__, /_____/\____/\__/_/|_|
[19-05-18 17:16:16] [PicqBotX] [INFO]                 /_/         v3.2.2.896
[19-05-18 17:16:16] [PicqBotX] [INFO] 日志管理器     初始化完成 [******] ...(37.82 ms)
[19-05-18 17:16:16] [PicqBotX] [INFO] 缓存管理器     初始化完成 [******] ...(3.22 ms)
[19-05-18 17:16:16] [PicqBotX] [INFO] DEBUG设置     初始化完成 [******] ...(0.01 ms)
[19-05-18 17:16:16] [PicqBotX] [INFO] 事件管理器     初始化完成 [******] ...(28.27 ms)
[19-05-18 17:16:16] [PicqBotX] [INFO] 账号管理器     初始化完成 [******] ...(1.03 ms)
[19-05-18 17:16:16] [PicqBotX] [INFO] HTTP监听服务器 初始化完成 [******] ...(1.82 ms)
[19-05-18 17:16:16] [PicqBotX] [INFO] 指令管理器     初始化完成 [******] ...(2.68 ms)
[19-05-18 17:16:16] [PicqBotX] [WARNING] 账号 Bot01: 版本正确, 不过用酷Q Pro的话效果更好哦!
[19-05-18 17:16:16] [PicqBotX] [INFO] 账号 Bot01:   版本验证完成!
[19-05-18 17:16:16] [PicqBotX] [INFO] 正在启动...
[19-05-18 17:16:19] [PicqBotX] [DEBUG(java.lang.Thread.run:748)] 收到新请求: CQHttp/4.8.0
[19-05-18 17:16:19] [PicqBotX] [DEBUG(java.lang.Thread.run:748)] - 数据: {"anonymous":null,"font":8470288,"group_id":522394334,"message":"设置名片 谭宇","message_id":18328,"message_type":"group","post_type":"message","raw_message":"设置名片 谭宇","self_id":2997400528,"sender":{"age":8,"area":"广州","card":"谭宇-养生式跟打","level":"入门","nickname":"0 4 . 2 2","role":"admin","sex":"male","title":"","user_id":1061917196},"sub_type":"normal","time":1558170979,"user_id":1061917196}
[19-05-18 17:16:20] [PicqBotX] [DEBUG(java.lang.Thread.run:748)] 收到新请求: CQHttp/4.8.0
[19-05-18 17:16:20] [PicqBotX] [DEBUG(java.lang.Thread.run:748)] - 数据: {"anonymous":null,"font":8470256,"group_id":522394334,"message":"不算空格我就四码","message_id":18330,"message_type":"group","post_type":"message","raw_message":"不算空格我就四码","self_id":2997400528,"sender":{"age":28,"area":"成都","card":"一枝独秀―谭八风","level":"了解群图书馆","nickname":"云华","role":"member","sex":"male","title":"","user_id":2297714857},"sub_type":"normal","time":1558170980,"user_id":2297714857}
[19-05-18 17:16:29] [PicqBotX] [DEBUG(java.lang.Thread.run:748)] 收到新请求: CQHttp/4.8.0
[19-05-18 17:16:29] [PicqBotX] [DEBUG(java.lang.Thread.run:748)] - 数据: {"anonymous":null,"font":8470864,"group_id":522394334,"message":"那“不敢当”呢","message_id":18331,"message_type":"group","post_type":"message","raw_message":"那“不敢当”呢","self_id":2997400528,"sender":{"age":0,"area":"","card":"白焕-鹤形","level":"中级","nickname":"杂色a","role":"member","sex":"unknown","title":"","user_id":2524098743},"sub_type":"normal","time":1558170989,"user_id":2524098743}
[19-05-18 17:16:30] [PicqBotX] [DEBUG(java.lang.Thread.run:748)] 收到新请求: CQHttp/4.8.0
[19-05-18 17:16:30] [PicqBotX] [DEBUG(java.lang.Thread.run:748)] - 数据: {"anonymous":null,"font":8470064,"group_id":522394334,"message":"[CQ:face,id=178]","message_id":18332,"message_type":"group","post_type":"message","raw_message":"[CQ:face,id=178]","self_id":2997400528,"sender":{"age":0,"area":"","card":"白焕-鹤形","level":"中级","nickname":"杂色a","role":"member","sex":"unknown","title":"","user_id":2524098743},"sub_type":"normal","time":1558170990,"user_id":2524098743}
[19-05-18 17:16:36] [PicqBotX] [DEBUG(java.lang.Thread.run:748)] 收到新请求: CQHttp/4.8.0
[19-05-18 17:16:36] [PicqBotX] [DEBUG(java.lang.Thread.run:748)] - 数据: {"anonymous":null,"font":8470480,"group_id":522394334,"message":"你要多少码","message_id":18333,"message_type":"group","post_type":"message","raw_message":"你要多少码","self_id":2997400528,"sender":{"age":0,"area":"","card":"白焕-鹤形","level":"中级","nickname":"杂色a","role":"member","sex":"unknown","title":"","user_id":2524098743},"sub_type":"normal","time":1558170996,"user_id":2524098743}
[19-05-18 17:16:41] [PicqBotX] [DEBUG(java.lang.Thread.run:748)] 收到新请求: CQHttp/4.8.0
[19-05-18 17:16:41] [PicqBotX] [DEBUG(java.lang.Thread.run:748)] - 数据: {"anonymous":null,"font":8470800,"group_id":522394334,"message":"不敢当我是简拼啊","message_id":18334,"message_type":"group","post_type":"message","raw_message":"不敢当我是简拼啊","self_id":2997400528,"sender":{"age":28,"area":"成都","card":"一枝独秀―谭八风","level":"了解群图书馆","nickname":"云华","role":"member","sex":"male","title":"","user_id":2297714857},"sub_type":"normal","time":1558171001,"user_id":2297714857}
[19-05-18 17:16:46] [PicqBotX] [DEBUG(java.lang.Thread.run:748)] 收到新请求: CQHttp/4.8.0
[19-05-18 17:16:46] [PicqBotX] [DEBUG(java.lang.Thread.run:748)] - 数据: {"anonymous":null,"font":8470640,"group_id":522394334,"message":"四码多个空格","message_id":18335,"message_type":"group","post_type":"message","raw_message":"四码多个空格","self_id":2997400528,"sender":{"age":28,"area":"成都","card":"一枝独秀―谭八风","level":"了解群图书馆","nickname":"云华","role":"member","sex":"male","title":"","user_id":2297714857},"sub_type":"normal","time":1558171006,"user_id":2297714857}
[19-05-18 17:16:47] [PicqBotX] [DEBUG(java.lang.Thread.run:748)] 收到新请求: CQHttp/4.8.0
[19-05-18 17:16:47] [PicqBotX] [DEBUG(java.lang.Thread.run:748)] - 数据: {"anonymous":null,"font":8470064,"group_id":522394334,"message":"[CQ:at,qq=949402006] 这个 没空格，bugj  四码上屏  d次选","message_id":18336,"message_type":"group","post_type":"message","raw_message":"[CQ:at,qq=949402006] 这个 没空格，bugj  四码上屏  d次选","self_id":2997400528,"sender":{"age":0,"area":"","card":"青铜・Qtss","level":"了解群图书馆","nickname":"青 铜","role":"member","sex":"unknown","title":"","user_id":949402006},"sub_type":"normal","time":1558171007,"user_id":949402006}
[19-05-18 17:16:53] [PicqBotX] [DEBUG(java.lang.Thread.run:748)] 收到新请求: CQHttp/4.8.0
[19-05-18 17:16:53] [PicqBotX] [DEBUG(java.lang.Thread.run:748)] - 数据: {"anonymous":null,"font":8470960,"group_id":522394334,"message":"bgd空格","message_id":18337,"message_type":"group","post_type":"message","raw_message":"bgd空格","self_id":2997400528,"sender":{"age":28,"area":"成都","card":"一枝独秀―谭八风","level":"了解群图书馆","nickname":"云华","role":"member","sex":"male","title":"","user_id":2297714857},"sub_type":"normal","time":1558171013,"user_id":2297714857}
[19-05-18 17:17:20] [PicqBotX] [DEBUG(java.lang.Thread.run:748)] 收到新请求: CQHttp/4.8.0
[19-05-18 17:17:20] [PicqBotX] [DEBUG(java.lang.Thread.run:748)] - 数据: {"anonymous":null,"font":8470576,"group_id":522394334,"message":"查询 谭宇","message_id":18338,"message_type":"group","post_type":"message","raw_message":"查询 谭宇","self_id":2997400528,"sender":{"age":8,"area":"广州","card":"谭宇-养生式跟打","level":"入门","nickname":"0 4 . 2 2","role":"admin","sex":"male","title":"","user_id":1061917196},"sub_type":"normal","time":1558171040,"user_id":1061917196}
[19-05-18 17:17:37] [PicqBotX] [DEBUG(java.lang.Thread.run:748)] 收到新请求: CQHttp/4.8.0
[19-05-18 17:17:37] [PicqBotX] [DEBUG(java.lang.Thread.run:748)] - 数据: {"anonymous":null,"font":8470384,"group_id":522394334,"message":"我挂接的是小鹤的形，简拼都是一样的。","message_id":18340,"message_type":"group","post_type":"message","raw_message":"我挂接的是小鹤的形，简拼都是一样的。","self_id":2997400528,"sender":{"age":28,"area":"成都","card":"一枝独秀―谭八风","level":"了解群图书馆","nickname":"云华","role":"member","sex":"male","title":"","user_id":2297714857},"sub_type":"normal","time":1558171057,"user_id":2297714857}
[19-05-18 17:17:38] [PicqBotX] [DEBUG(java.lang.Thread.run:748)] 收到新请求: CQHttp/4.8.0
[19-05-18 17:17:38] [PicqBotX] [DEBUG(java.lang.Thread.run:748)] - 数据: {"anonymous":null,"font":8470288,"group_id":522394334,"message":"所以你需要记忆“bgjd_”","message_id":18341,"message_type":"group","post_type":"message","raw_message":"所以你需要记忆“bgjd_”","self_id":2997400528,"sender":{"age":0,"area":"","card":"白焕-鹤形","level":"中级","nickname":"杂色a","role":"member","sex":"unknown","title":"","user_id":2524098743},"sub_type":"normal","time":1558171058,"user_id":2524098743}
[19-05-18 17:17:47] [PicqBotX] [DEBUG(java.lang.Thread.run:748)] 收到新请求: CQHttp/4.8.0
[19-05-18 17:17:47] [PicqBotX] [DEBUG(java.lang.Thread.run:748)] - 数据: {"anonymous":null,"font":8470864,"group_id":522394334,"message":"不需要记忆啊","message_id":18342,"message_type":"group","post_type":"message","raw_message":"不需要记忆啊","self_id":2997400528,"sender":{"age":28,"area":"成都","card":"一枝独秀―谭八风","level":"了解群图书馆","nickname":"云华","role":"member","sex":"male","title":"","user_id":2297714857},"sub_type":"normal","time":1558171067,"user_id":2297714857}
[19-05-18 17:17:50] [PicqBotX] [DEBUG(java.lang.Thread.run:748)] 收到新请求: CQHttp/4.8.0
[19-05-18 17:17:50] [PicqBotX] [DEBUG(java.lang.Thread.run:748)] - 数据: {"anonymous":null,"font":8470640,"group_id":522394334,"message":"成绩 2019-5-18","message_id":18343,"message_type":"group","post_type":"message","raw_message":"成绩 2019-5-18","self_id":2997400528,"sender":{"age":26,"area":"湖州","card":"飘风-小鹤音形","level":"入门","nickname":"飘风SLG","role":"member","sex":"male","title":"","user_id":869151501},"sub_type":"normal","time":1558171070,"user_id":869151501}
[19-05-18 17:17:52] [PicqBotX] [DEBUG(java.lang.Thread.run:748)] 收到新请求: CQHttp/4.8.0
[19-05-18 17:17:52] [PicqBotX] [DEBUG(java.lang.Thread.run:748)] - 数据: {"anonymous":null,"font":8470160,"group_id":522394334,"message":"b是不是不","message_id":18345,"message_type":"group","post_type":"message","raw_message":"b是不是不","self_id":2997400528,"sender":{"age":28,"area":"成都","card":"一枝独秀―谭八风","level":"了解群图书馆","nickname":"云华","role":"member","sex":"male","title":"","user_id":2297714857},"sub_type":"normal","time":1558171072,"user_id":2297714857}
[19-05-18 17:18:04] [PicqBotX] [DEBUG(java.lang.Thread.run:748)] 收到新请求: CQHttp/4.8.0
[19-05-18 17:18:04] [PicqBotX] [DEBUG(java.lang.Thread.run:748)] - 数据: {"anonymous":null,"font":8470992,"group_id":522394334,"message":"gj是不是敢","message_id":18346,"message_type":"group","post_type":"message","raw_message":"gj是不是敢","self_id":2997400528,"sender":{"age":28,"area":"成都","card":"一枝独秀―谭八风","level":"了解群图书馆","nickname":"云华","role":"member","sex":"male","title":"","user_id":2297714857},"sub_type":"normal","time":1558171084,"user_id":2297714857}
[19-05-18 17:18:10] [PicqBotX] [DEBUG(java.lang.Thread.run:748)] 收到新请求: CQHttp/4.8.0
[19-05-18 17:18:10] [PicqBotX] [DEBUG(java.lang.Thread.run:748)] - 数据: {"anonymous":null,"font":8470704,"group_id":522394334,"message":"[CQ:face,id=182][CQ:face,id=182]","message_id":18347,"message_type":"group","post_type":"message","raw_message":"[CQ:face,id=182][CQ:face,id=182]","self_id":2997400528,"sender":{"age":0,"area":"","card":"白焕-鹤形","level":"中级","nickname":"杂色a","role":"member","sex":"unknown","title":"","user_id":2524098743},"sub_type":"normal","time":1558171090,"user_id":2524098743}
[19-05-18 17:18:13] [PicqBotX] [DEBUG(java.lang.Thread.run:748)] 收到新请求: CQHttp/4.8.0
[19-05-18 17:18:13] [PicqBotX] [DEBUG(java.lang.Thread.run:748)] - 数据: {"anonymous":null,"font":8470384,"group_id":522394334,"message":"d就是打了啊","message_id":18348,"message_type":"group","post_type":"message","raw_message":"d就是打了啊","self_id":2997400528,"sender":{"age":28,"area":"成都","card":"一枝独秀―谭八风","level":"了解群图书馆","nickname":"云华","role":"member","sex":"male","title":"","user_id":2297714857},"sub_type":"normal","time":1558171093,"user_id":2297714857}
[19-05-18 17:18:16] [PicqBotX] [DEBUG(java.lang.Thread.run:748)] 收到新请求: CQHttp/4.8.0
[19-05-18 17:18:16] [PicqBotX] [DEBUG(java.lang.Thread.run:748)] - 数据: {"anonymous":null,"font":8470320,"group_id":556981260,"message":"[CQ:image,file=094A1A1D9794E5C54F84EE29ABBE212B.gif,url=https://gchat.qpic.cn/gchatpic_new/1078179677/556981260-2528073741-094A1A1D9794E5C54F84EE29ABBE212B/0?vuin=2997400528&amp;term=2]","message_id":18349,"message_type":"group","post_type":"message","raw_message":"[CQ:image,file=094A1A1D9794E5C54F84EE29ABBE212B.gif]","self_id":2997400528,"sender":{"age":25,"area":"","card":"利键―自然码双拼","level":"五菱宏光","nickname":"神采飞扬","role":"member","sex":"male","title":"","user_id":1078179677},"sub_type":"normal","time":1558171096,"user_id":1078179677}
[19-05-18 17:18:19] [PicqBotX] [DEBUG(java.lang.Thread.run:748)] 收到新请求: CQHttp/4.8.0
[19-05-18 17:18:19] [PicqBotX] [DEBUG(java.lang.Thread.run:748)] - 数据: {"anonymous":null,"font":8470224,"group_id":522394334,"message":"简拼杂双拼","message_id":18350,"message_type":"group","post_type":"message","raw_message":"简拼杂双拼","self_id":2997400528,"sender":{"age":0,"area":"","card":"白焕-鹤形","level":"中级","nickname":"杂色a","role":"member","sex":"unknown","title":"","user_id":2524098743},"sub_type":"normal","time":1558171099,"user_id":2524098743}
[19-05-18 17:18:23] [PicqBotX] [DEBUG(java.lang.Thread.run:748)] 收到新请求: CQHttp/4.8.0
[19-05-18 17:18:23] [PicqBotX] [DEBUG(java.lang.Thread.run:748)] - 数据: {"anonymous":null,"font":8470288,"group_id":522394334,"message":"你打到d的时候就显示出来了","message_id":18351,"message_type":"group","post_type":"message","raw_message":"你打到d的时候就显示出来了","self_id":2997400528,"sender":{"age":28,"area":"成都","card":"一枝独秀―谭八风","level":"了解群图书馆","nickname":"云华","role":"member","sex":"male","title":"","user_id":2297714857},"sub_type":"normal","time":1558171103,"user_id":2297714857}
[19-05-18 17:18:32] [PicqBotX] [DEBUG(java.lang.Thread.run:748)] 收到新请求: CQHttp/4.8.0
[19-05-18 17:18:32] [PicqBotX] [DEBUG(java.lang.Thread.run:748)] - 数据: {"anonymous":null,"font":8470768,"group_id":522394334,"message":"这个有啥呢","message_id":18352,"message_type":"group","post_type":"message","raw_message":"这个有啥呢","self_id":2997400528,"sender":{"age":28,"area":"成都","card":"一枝独秀―谭八风","level":"了解群图书馆","nickname":"云华","role":"member","sex":"male","title":"","user_id":2297714857},"sub_type":"normal","time":1558171112,"user_id":2297714857}
[19-05-18 17:18:51] [PicqBotX] [DEBUG(java.lang.Thread.run:748)] 收到新请求: CQHttp/4.8.0
[19-05-18 17:18:51] [PicqBotX] [DEBUG(java.lang.Thread.run:748)] - 数据: {"anonymous":null,"font":8470832,"group_id":522394334,"message":"确定性？","message_id":18353,"message_type":"group","post_type":"message","raw_message":"确定性？","self_id":2997400528,"sender":{"age":0,"area":"","card":"白焕-鹤形","level":"中级","nickname":"杂色a","role":"member","sex":"unknown","title":"","user_id":2524098743},"sub_type":"normal","time":1558171131,"user_id":2524098743}
[19-05-18 17:19:24] [PicqBotX] [DEBUG(java.lang.Thread.run:748)] 收到新请求: CQHttp/4.8.0
[19-05-18 17:19:24] [PicqBotX] [DEBUG(java.lang.Thread.run:748)] - 数据: {"anonymous":null,"font":8470384,"group_id":522394334,"message":"……有什么确定性的","message_id":18354,"message_type":"group","post_type":"message","raw_message":"……有什么确定性的","self_id":2997400528,"sender":{"age":28,"area":"成都","card":"一枝独秀―谭八风","level":"了解群图书馆","nickname":"云华","role":"member","sex":"male","title":"","user_id":2297714857},"sub_type":"normal","time":1558171164,"user_id":2297714857}
[19-05-18 17:19:29] [PicqBotX] [DEBUG(java.lang.Thread.run:748)] 收到新请求: CQHttp/4.8.0
[19-05-18 17:19:29] [PicqBotX] [DEBUG(java.lang.Thread.run:748)] - 数据: {"anonymous":null,"font":8470768,"group_id":522394334,"message":"就一选啊","message_id":18355,"message_type":"group","post_type":"message","raw_message":"就一选啊","self_id":2997400528,"sender":{"age":28,"area":"成都","card":"一枝独秀―谭八风","level":"了解群图书馆","nickname":"云华","role":"member","sex":"male","title":"","user_id":2297714857},"sub_type":"normal","time":1558171169,"user_id":2297714857}
[19-05-18 17:19:34] [PicqBotX] [DEBUG(java.lang.Thread.run:748)] 收到新请求: CQHttp/4.8.0
[19-05-18 17:19:34] [PicqBotX] [DEBUG(java.lang.Thread.run:748)] - 数据: {"anonymous":null,"font":8470544,"group_id":522394334,"message":"你还能选错啊","message_id":18356,"message_type":"group","post_type":"message","raw_message":"你还能选错啊","self_id":2997400528,"sender":{"age":28,"area":"成都","card":"一枝独秀―谭八风","level":"了解群图书馆","nickname":"云华","role":"member","sex":"male","title":"","user_id":2297714857},"sub_type":"normal","time":1558171174,"user_id":2297714857}
[19-05-18 17:19:40] [PicqBotX] [DEBUG(java.lang.Thread.run:748)] 收到新请求: CQHttp/4.8.0
[19-05-18 17:19:40] [PicqBotX] [DEBUG(java.lang.Thread.run:748)] - 数据: {"anonymous":null,"font":8470320,"group_id":522394334,"message":"[CQ:face,id=182][CQ:face,id=182][CQ:face,id=182]","message_id":18357,"message_type":"group","post_type":"message","raw_message":"[CQ:face,id=182][CQ:face,id=182][CQ:face,id=182]","self_id":2997400528,"sender":{"age":0,"area":"","card":"白焕-鹤形","level":"中级","nickname":"杂色a","role":"member","sex":"unknown","title":"","user_id":2524098743},"sub_type":"normal","time":1558171180,"user_id":2524098743}
[19-05-18 17:19:52] [PicqBotX] [DEBUG(java.lang.Thread.run:748)] 收到新请求: CQHttp/4.8.0
[19-05-18 17:19:52] [PicqBotX] [DEBUG(java.lang.Thread.run:748)] - 数据: {"anonymous":null,"font":8470704,"group_id":522394334,"message":"查询 谭宇","message_id":18358,"message_type":"group","post_type":"message","raw_message":"查询 谭宇","self_id":2997400528,"sender":{"age":8,"area":"广州","card":"谭宇-养生式跟打","level":"入门","nickname":"0 4 . 2 2","role":"admin","sex":"male","title":"","user_id":1061917196},"sub_type":"normal","time":1558171192,"user_id":1061917196}
[19-05-18 17:19:53] [PicqBotX] [DEBUG(java.lang.Thread.run:748)] 收到新请求: CQHttp/4.8.0
[19-05-18 17:19:53] [PicqBotX] [DEBUG(java.lang.Thread.run:748)] - 数据: {"anonymous":null,"font":8470192,"group_id":556981260,"message":"利键你干脆也去学五笔看看，说不定几个月就超过我了。不要抱着你的自然码死不松手。","message_id":18360,"message_type":"group","post_type":"message","raw_message":"利键你干脆也去学五笔看看，说不定几个月就超过我了。不要抱着你的自然码死不松手。","self_id":2997400528,"sender":{"age":30,"area":"南充","card":"江清炎-搜狗双拼","level":"五菱宏光","nickname":"凯文","role":"member","sex":"male","title":"","user_id":3207857938},"sub_type":"normal","time":1558171193,"user_id":3207857938}
[19-05-18 17:20:08] [PicqBotX] [DEBUG(java.lang.Thread.run:748)] 收到新请求: CQHttp/4.8.0
[19-05-18 17:20:08] [PicqBotX] [DEBUG(java.lang.Thread.run:748)] - 数据: {"anonymous":null,"font":8470576,"group_id":522394334,"message":"成绩 2019-5-18","message_id":18361,"message_type":"group","post_type":"message","raw_message":"成绩 2019-5-18","self_id":2997400528,"sender":{"age":26,"area":"湖州","card":"飘风-小鹤音形","level":"入门","nickname":"飘风SLG","role":"member","sex":"male","title":"","user_id":869151501},"sub_type":"normal","time":1558171208,"user_id":869151501}
[19-05-18 17:20:14] [PicqBotX] [DEBUG(java.lang.Thread.run:748)] 收到新请求: CQHttp/4.8.0
[19-05-18 17:20:14] [PicqBotX] [DEBUG(java.lang.Thread.run:748)] - 数据: {"anonymous":null,"font":8470320,"group_id":522394334,"message":"不敢发，你怎么打","message_id":18363,"message_type":"group","post_type":"message","raw_message":"不敢发，你怎么打","self_id":2997400528,"sender":{"age":0,"area":"","card":"白焕-鹤形","level":"中级","nickname":"杂色a","role":"member","sex":"unknown","title":"","user_id":2524098743},"sub_type":"normal","time":1558171214,"user_id":2524098743}
[19-05-18 17:20:18] [PicqBotX] [DEBUG(java.lang.Thread.run:748)] 收到新请求: CQHttp/4.8.0
[19-05-18 17:20:18] [PicqBotX] [DEBUG(java.lang.Thread.run:748)] - 数据: {"anonymous":null,"font":8470320,"group_id":522394334,"message":"成绩 2019-5-17","message_id":18364,"message_type":"group","post_type":"message","raw_message":"成绩 2019-5-17","self_id":2997400528,"sender":{"age":26,"area":"湖州","card":"飘风-小鹤音形","level":"入门","nickname":"飘风SLG","role":"member","sex":"male","title":"","user_id":869151501},"sub_type":"normal","time":1558171218,"user_id":869151501}
[19-05-18 17:20:21] [PicqBotX] [DEBUG(java.lang.Thread.run:748)] 收到新请求: CQHttp/4.8.0
[19-05-18 17:20:21] [PicqBotX] [DEBUG(java.lang.Thread.run:748)] - 数据: {"anonymous":null,"font":8470224,"group_id":522394334,"message":"成绩 谭宇 无 2019-5-17","message_id":18366,"message_type":"group","post_type":"message","raw_message":"成绩 谭宇 无 2019-5-17","self_id":2997400528,"sender":{"age":8,"area":"广州","card":"谭宇-养生式跟打","level":"入门","nickname":"0 4 . 2 2","role":"admin","sex":"male","title":"","user_id":1061917196},"sub_type":"normal","time":1558171221,"user_id":1061917196}
[19-05-18 17:20:32] [PicqBotX] [DEBUG(java.lang.Thread.run:748)] 收到新请求: CQHttp/4.8.0
[19-05-18 17:20:32] [PicqBotX] [DEBUG(java.lang.Thread.run:748)] - 数据: {"anonymous":null,"font":8470640,"group_id":522394334,"message":"[CQ:image,file=AE0607D2C11AB1CE457D1EA9DEA1FB10.png,url=https://gchat.qpic.cn/gchatpic_new/2297714857/522394334-3059553478-AE0607D2C11AB1CE457D1EA9DEA1FB10/0?vuin=2997400528&amp;term=2]我是因为直接打b出不这个习惯，才弄的这个，不然我直接弄全码了","message_id":18368,"message_type":"group","post_type":"message","raw_message":"[CQ:image,file=AE0607D2C11AB1CE457D1EA9DEA1FB10.png]我是因为直接打b出不这个习惯，才弄的这个，不然我直接弄全码了","self_id":2997400528,"sender":{"age":28,"area":"成都","card":"一枝独秀―谭八风","level":"了解群图书馆","nickname":"云华","role":"member","sex":"male","title":"","user_id":2297714857},"sub_type":"normal","time":1558171232,"user_id":2297714857}
[19-05-18 17:20:46] [PicqBotX] [DEBUG(java.lang.Thread.run:748)] 收到新请求: CQHttp/4.8.0
[19-05-18 17:20:46] [PicqBotX] [DEBUG(java.lang.Thread.run:748)] - 数据: {"anonymous":null,"font":8470160,"group_id":522394334,"message":"bgf","message_id":18369,"message_type":"group","post_type":"message","raw_message":"bgf","self_id":2997400528,"sender":{"age":28,"area":"成都","card":"一枝独秀―谭八风","level":"了解群图书馆","nickname":"云华","role":"member","sex":"male","title":"","user_id":2297714857},"sub_type":"normal","time":1558171246,"user_id":2297714857}
[19-05-18 17:20:53] [PicqBotX] [DEBUG(java.lang.Thread.run:748)] 收到新请求: CQHttp/4.8.0
[19-05-18 17:20:53] [PicqBotX] [DEBUG(java.lang.Thread.run:748)] - 数据: {"anonymous":null,"font":8470832,"group_id":522394334,"message":"bgjf","message_id":18370,"message_type":"group","post_type":"message","raw_message":"bgjf","self_id":2997400528,"sender":{"age":28,"area":"成都","card":"一枝独秀―谭八风","level":"了解群图书馆","nickname":"云华","role":"member","sex":"male","title":"","user_id":2297714857},"sub_type":"normal","time":1558171253,"user_id":2297714857}
[19-05-18 17:20:56] [PicqBotX] [DEBUG(java.lang.Thread.run:748)] 收到新请求: CQHttp/4.8.0
[19-05-18 17:20:56] [PicqBotX] [DEBUG(java.lang.Thread.run:748)] - 数据: {"anonymous":null,"font":8470544,"group_id":556981260,"message":"要换早就换了","message_id":18371,"message_type":"group","post_type":"message","raw_message":"要换早就换了","self_id":2997400528,"sender":{"age":27,"area":"武汉","card":"随心-小鹤拼音","level":"死飞单车","nickname":"№默☆伤♂","role":"member","sex":"male","title":"","user_id":1101721752},"sub_type":"normal","time":1558171256,"user_id":1101721752}
[19-05-18 17:20:56] [PicqBotX] [DEBUG(java.lang.Thread.run:748)] 收到新请求: CQHttp/4.8.0
[19-05-18 17:20:56] [PicqBotX] [DEBUG(java.lang.Thread.run:748)] - 数据: {"anonymous":null,"font":8470512,"group_id":522394334,"message":"两个都有","message_id":18372,"message_type":"group","post_type":"message","raw_message":"两个都有","self_id":2997400528,"sender":{"age":28,"area":"成都","card":"一枝独秀―谭八风","level":"了解群图书馆","nickname":"云华","role":"member","sex":"male","title":"","user_id":2297714857},"sub_type":"normal","time":1558171256,"user_id":2297714857}
[19-05-18 17:21:02] [PicqBotX] [DEBUG(java.lang.Thread.run:748)] 收到新请求: CQHttp/4.8.0
[19-05-18 17:21:02] [PicqBotX] [DEBUG(java.lang.Thread.run:748)] - 数据: {"anonymous":null,"font":8470384,"group_id":522394334,"message":"想起谁打谁","message_id":18373,"message_type":"group","post_type":"message","raw_message":"想起谁打谁","self_id":2997400528,"sender":{"age":28,"area":"成都","card":"一枝独秀―谭八风","level":"了解群图书馆","nickname":"云华","role":"member","sex":"male","title":"","user_id":2297714857},"sub_type":"normal","time":1558171262,"user_id":2297714857}
[19-05-18 17:21:07] [PicqBotX] [DEBUG(java.lang.Thread.run:748)] 收到新请求: CQHttp/4.8.0
[19-05-18 17:21:07] [PicqBotX] [DEBUG(java.lang.Thread.run:748)] - 数据: {"anonymous":null,"font":8470672,"group_id":556981260,"message":"第999段 速度288.14 击键8.38 码长1.75 回改1 错字0 键数885 退格4 键准98.87% 字数507 &#91;程，&#93;1.92s 打词161(81.26%/8.06) 起步358.88/9.97/1.67 重打2次(96字) 波动0.06 键法54.09%(左476:404) 评分：[CQ:image,file=283BD0F4C979F72F1615D7E93587591F.png,url=https://gchat.qpic.cn/gchatpic_new/1072112128/556981260-2859074909-283BD0F4C979F72F1615D7E93587591F/0?vuin=2997400528&amp;term=2]  输入法：星空两笔 起打于17:19:19 y16","message_id":18374,"message_type":"group","post_type":"message","raw_message":"第999段 速度288.14 击键8.38 码长1.75 回改1 错字0 键数885 退格4 键准98.87% 字数507 &#91;程，&#93;1.92s 打词161(81.26%/8.06) 起步358.88/9.97/1.67 重打2次(96字) 波动0.06 键法54.09%(左476:404) 评分：[CQ:image,file=283BD0F4C979F72F1615D7E93587591F.png]  输入法：星空两笔 起打于17:19:19 y16","self_id":2997400528,"sender":{"age":0,"area":"","card":"Adg-星二","level":"死飞单车","nickname":"BeatleJuice","role":"member","sex":"unknown","title":"","user_id":1072112128},"sub_type":"normal","time":1558171267,"user_id":1072112128}
[19-05-18 17:21:19] [PicqBotX] [DEBUG(java.lang.Thread.run:748)] 收到新请求: CQHttp/4.8.0
[19-05-18 17:21:19] [PicqBotX] [DEBUG(java.lang.Thread.run:748)] - 数据: {"anonymous":null,"font":8470096,"group_id":522394334,"message":"无聊","message_id":18375,"message_type":"group","post_type":"message","raw_message":"无聊","self_id":2997400528,"sender":{"age":0,"area":"广州","card":"无聊-小鹤音形","level":"中级","nickname":"无聊","role":"member","sex":"male","title":"","user_id":779855010},"sub_type":"normal","time":1558171279,"user_id":779855010}
[19-05-18 17:21:25] [PicqBotX] [DEBUG(java.lang.Thread.run:748)] 收到新请求: CQHttp/4.8.0
[19-05-18 17:21:25] [PicqBotX] [DEBUG(java.lang.Thread.run:748)] - 数据: {"anonymous":null,"font":8470544,"group_id":522394334,"message":"查询 无聊","message_id":18376,"message_type":"group","post_type":"message","raw_message":"查询 无聊","self_id":2997400528,"sender":{"age":0,"area":"广州","card":"无聊-小鹤音形","level":"中级","nickname":"无聊","role":"member","sex":"male","title":"","user_id":779855010},"sub_type":"normal","time":1558171285,"user_id":779855010}
[19-05-18 17:21:33] [PicqBotX] [DEBUG(java.lang.Thread.run:748)] 收到新请求: CQHttp/4.8.0
[19-05-18 17:21:33] [PicqBotX] [DEBUG(java.lang.Thread.run:748)] - 数据: {"anonymous":null,"font":8470192,"group_id":522394334,"message":"查询 飘风","message_id":18378,"message_type":"group","post_type":"message","raw_message":"查询 飘风","self_id":2997400528,"sender":{"age":26,"area":"湖州","card":"飘风-小鹤音形","level":"入门","nickname":"飘风SLG","role":"member","sex":"male","title":"","user_id":869151501},"sub_type":"normal","time":1558171293,"user_id":869151501}
[19-05-18 17:21:35] [PicqBotX] [DEBUG(java.lang.Thread.run:748)] 收到新请求: CQHttp/4.8.0
[19-05-18 17:21:35] [PicqBotX] [DEBUG(java.lang.Thread.run:748)] - 数据: {"anonymous":null,"font":8470384,"group_id":556981260,"message":"随心最近谈朋友没？","message_id":18380,"message_type":"group","post_type":"message","raw_message":"随心最近谈朋友没？","self_id":2997400528,"sender":{"age":30,"area":"南充","card":"江清炎-搜狗双拼","level":"五菱宏光","nickname":"凯文","role":"member","sex":"male","title":"","user_id":3207857938},"sub_type":"normal","time":1558171295,"user_id":3207857938}
[19-05-18 17:21:36] [PicqBotX] [DEBUG(java.lang.Thread.run:748)] 收到新请求: CQHttp/4.8.0
[19-05-18 17:21:36] [PicqBotX] [DEBUG(java.lang.Thread.run:748)] - 数据: {"anonymous":null,"font":8470096,"group_id":522394334,"message":"干嘛啊。。我测试的时候都来用这个机器人。。","message_id":18381,"message_type":"group","post_type":"message","raw_message":"干嘛啊。。我测试的时候都来用这个机器人。。","self_id":2997400528,"sender":{"age":8,"area":"广州","card":"谭宇-养生式跟打","level":"入门","nickname":"0 4 . 2 2","role":"admin","sex":"male","title":"","user_id":1061917196},"sub_type":"normal","time":1558171296,"user_id":1061917196}
[19-05-18 17:21:42] [PicqBotX] [DEBUG(java.lang.Thread.run:748)] 收到新请求: CQHttp/4.8.0
[19-05-18 17:21:42] [PicqBotX] [DEBUG(java.lang.Thread.run:748)] - 数据: {"anonymous":null,"font":8470288,"group_id":522394334,"message":"这个数据都不准的。。。","message_id":18382,"message_type":"group","post_type":"message","raw_message":"这个数据都不准的。。。","self_id":2997400528,"sender":{"age":8,"area":"广州","card":"谭宇-养生式跟打","level":"入门","nickname":"0 4 . 2 2","role":"admin","sex":"male","title":"","user_id":1061917196},"sub_type":"normal","time":1558171302,"user_id":1061917196}
[19-05-18 17:21:42] [PicqBotX] [DEBUG(java.lang.Thread.run:748)] 收到新请求: CQHttp/4.8.0
[19-05-18 17:21:42] [PicqBotX] [DEBUG(java.lang.Thread.run:748)] - 数据: {"anonymous":null,"font":8470128,"group_id":522394334,"message":"[CQ:face,id=182][CQ:face,id=182]","message_id":18383,"message_type":"group","post_type":"message","raw_message":"[CQ:face,id=182][CQ:face,id=182]","self_id":2997400528,"sender":{"age":0,"area":"","card":"白焕-鹤形","level":"中级","nickname":"杂色a","role":"member","sex":"unknown","title":"","user_id":2524098743},"sub_type":"normal","time":1558171302,"user_id":2524098743}
[19-05-18 17:21:43] [PicqBotX] [DEBUG(java.lang.Thread.run:748)] 收到新请求: CQHttp/4.8.0
[19-05-18 17:21:43] [PicqBotX] [DEBUG(java.lang.Thread.run:748)] - 数据: {"anonymous":null,"font":8470512,"group_id":522394334,"message":"他们  她们 它们  怎么打的","message_id":18384,"message_type":"group","post_type":"message","raw_message":"他们  她们 它们  怎么打的","self_id":2997400528,"sender":{"age":0,"area":"","card":"青铜・Qtss","level":"了解群图书馆","nickname":"青 铜","role":"member","sex":"unknown","title":"","user_id":949402006},"sub_type":"normal","time":1558171303,"user_id":949402006}
[19-05-18 17:21:54] [PicqBotX] [DEBUG(java.lang.Thread.run:748)] 收到新请求: CQHttp/4.8.0
[19-05-18 17:21:54] [PicqBotX] [DEBUG(java.lang.Thread.run:748)] - 数据: {"anonymous":null,"font":8470096,"group_id":522394334,"message":"你测试的时候提醒了我们有这个机器人嘛哈哈","message_id":18385,"message_type":"group","post_type":"message","raw_message":"你测试的时候提醒了我们有这个机器人嘛哈哈","self_id":2997400528,"sender":{"age":0,"area":"广州","card":"无聊-小鹤音形","level":"中级","nickname":"无聊","role":"member","sex":"male","title":"","user_id":779855010},"sub_type":"normal","time":1558171314,"user_id":779855010}
[19-05-18 17:21:57] [PicqBotX] [DEBUG(java.lang.Thread.run:748)] 收到新请求: CQHttp/4.8.0
[19-05-18 17:21:57] [PicqBotX] [DEBUG(java.lang.Thread.run:748)] - 数据: {"anonymous":null,"font":8470096,"group_id":522394334,"message":"额我上回不是说过这个了吗？","message_id":18386,"message_type":"group","post_type":"message","raw_message":"额我上回不是说过这个了吗？","self_id":2997400528,"sender":{"age":28,"area":"成都","card":"一枝独秀―谭八风","level":"了解群图书馆","nickname":"云华","role":"member","sex":"male","title":"","user_id":2297714857},"sub_type":"normal","time":1558171317,"user_id":2297714857}
[19-05-18 17:22:13] [PicqBotX] [DEBUG(java.lang.Thread.run:748)] 收到新请求: CQHttp/4.8.0
[19-05-18 17:22:13] [PicqBotX] [DEBUG(java.lang.Thread.run:748)] - 数据: {"anonymous":null,"font":8470832,"group_id":556981260,"message":"[CQ:at,qq=3207857938] 我爱她","message_id":18387,"message_type":"group","post_type":"message","raw_message":"[CQ:at,qq=3207857938] 我爱她","self_id":2997400528,"sender":{"age":25,"area":"","card":"利键―自然码双拼","level":"五菱宏光","nickname":"神采飞扬","role":"member","sex":"male","title":"","user_id":1078179677},"sub_type":"normal","time":1558171333,"user_id":1078179677}
[19-05-18 17:22:17] [PicqBotX] [DEBUG(java.lang.Thread.run:748)] 收到新请求: CQHttp/4.8.0
[19-05-18 17:22:17] [PicqBotX] [DEBUG(java.lang.Thread.run:748)] - 数据: {"anonymous":null,"font":8470992,"group_id":522394334,"message":"我就是感觉，你的输入有不确定性","message_id":18388,"message_type":"group","post_type":"message","raw_message":"我就是感觉，你的输入有不确定性","self_id":2997400528,"sender":{"age":0,"area":"","card":"白焕-鹤形","level":"中级","nickname":"杂色a","role":"member","sex":"unknown","title":"","user_id":2524098743},"sub_type":"normal","time":1558171337,"user_id":2524098743}
[19-05-18 17:22:24] [PicqBotX] [DEBUG(java.lang.Thread.run:748)] 收到新请求: CQHttp/4.8.0
[19-05-18 17:22:24] [PicqBotX] [DEBUG(java.lang.Thread.run:748)] - 数据: {"anonymous":null,"font":8470320,"group_id":522394334,"message":"tamf ta mf t;mf ","message_id":18389,"message_type":"group","post_type":"message","raw_message":"tamf ta mf t;mf ","self_id":2997400528,"sender":{"age":0,"area":"广州","card":"无聊-小鹤音形","level":"中级","nickname":"无聊","role":"member","sex":"male","title":"","user_id":779855010},"sub_type":"normal","time":1558171344,"user_id":779855010}
[19-05-18 17:22:25] [PicqBotX] [DEBUG(java.lang.Thread.run:748)] 收到新请求: CQHttp/4.8.0
[19-05-18 17:22:25] [PicqBotX] [DEBUG(java.lang.Thread.run:748)] - 数据: {"anonymous":null,"font":8470320,"group_id":522394334,"message":"tamf=他们，tamn=她们，tamb=它们","message_id":18390,"message_type":"group","post_type":"message","raw_message":"tamf=他们，tamn=她们，tamb=它们","self_id":2997400528,"sender":{"age":28,"area":"成都","card":"一枝独秀―谭八风","level":"了解群图书馆","nickname":"云华","role":"member","sex":"male","title":"","user_id":2297714857},"sub_type":"normal","time":1558171345,"user_id":2297714857}
[19-05-18 17:22:26] [PicqBotX] [DEBUG(java.lang.Thread.run:748)] 收到新请求: CQHttp/4.8.0
[19-05-18 17:22:26] [PicqBotX] [DEBUG(java.lang.Thread.run:748)] - 数据: {"anonymous":null,"font":8470384,"group_id":556981260,"message":"[CQ:at,qq=1078179677] 利键你抱着自然码一万年不放","message_id":18391,"message_type":"group","post_type":"message","raw_message":"[CQ:at,qq=1078179677] 利键你抱着自然码一万年不放","self_id":2997400528,"sender":{"age":0,"area":"","card":"让心如风-蓝宝石","level":"五菱宏光","nickname":"让心如水","role":"admin","sex":"unknown","title":"","user_id":2329377621},"sub_type":"normal","time":1558171346,"user_id":2329377621}
[19-05-18 17:22:31] [PicqBotX] [DEBUG(java.lang.Thread.run:748)] 收到新请求: CQHttp/4.8.0
[19-05-18 17:22:31] [PicqBotX] [DEBUG(java.lang.Thread.run:748)] - 数据: {"anonymous":null,"font":8470384,"group_id":522394334,"message":"成绩 谭宇 晴天 2019-5-18","message_id":18392,"message_type":"group","post_type":"message","raw_message":"成绩 谭宇 晴天 2019-5-18","self_id":2997400528,"sender":{"age":8,"area":"广州","card":"谭宇-养生式跟打","level":"入门","nickname":"0 4 . 2 2","role":"admin","sex":"male","title":"","user_id":1061917196},"sub_type":"normal","time":1558171351,"user_id":1061917196}
[19-05-18 17:22:32] [PicqBotX] [DEBUG(java.lang.Thread.run:748)] 收到新请求: CQHttp/4.8.0
[19-05-18 17:22:32] [PicqBotX] [DEBUG(java.lang.Thread.run:748)] - 数据: {"anonymous":null,"font":8470896,"group_id":522394334,"message":"没有不确定性","message_id":18394,"message_type":"group","post_type":"message","raw_message":"没有不确定性","self_id":2997400528,"sender":{"age":28,"area":"成都","card":"一枝独秀―谭八风","level":"了解群图书馆","nickname":"云华","role":"member","sex":"male","title":"","user_id":2297714857},"sub_type":"normal","time":1558171352,"user_id":2297714857}
[19-05-18 17:22:51] [PicqBotX] [DEBUG(java.lang.Thread.run:748)] 收到新请求: CQHttp/4.8.0
[19-05-18 17:22:51] [PicqBotX] [DEBUG(java.lang.Thread.run:748)] - 数据: {"anonymous":null,"font":8470800,"group_id":522394334,"message":"都是一码出一字的，有什么不确定性，有没有重码","message_id":18395,"message_type":"group","post_type":"message","raw_message":"都是一码出一字的，有什么不确定性，有没有重码","self_id":2997400528,"sender":{"age":28,"area":"成都","card":"一枝独秀―谭八风","level":"了解群图书馆","nickname":"云华","role":"member","sex":"male","title":"","user_id":2297714857},"sub_type":"normal","time":1558171371,"user_id":2297714857}
[19-05-18 17:22:56] [PicqBotX] [DEBUG(java.lang.Thread.run:748)] 收到新请求: CQHttp/4.8.0
[19-05-18 17:22:56] [PicqBotX] [DEBUG(java.lang.Thread.run:748)] - 数据: {"anonymous":null,"font":8470480,"group_id":522394334,"message":"群映射列表","message_id":18396,"message_type":"group","post_type":"message","raw_message":"群映射列表","self_id":2997400528,"sender":{"age":8,"area":"广州","card":"谭宇-养生式跟打","level":"入门","nickname":"0 4 . 2 2","role":"admin","sex":"male","title":"","user_id":1061917196},"sub_type":"normal","time":1558171376,"user_id":1061917196}
[19-05-18 17:23:15] [PicqBotX] [DEBUG(java.lang.Thread.run:748)] 收到新请求: CQHttp/4.8.0
[19-05-18 17:23:15] [PicqBotX] [DEBUG(java.lang.Thread.run:748)] - 数据: {"anonymous":null,"font":8470768,"group_id":522394334,"message":"成绩 谭宇 晴天 2019-5-18","message_id":18398,"message_type":"group","post_type":"message","raw_message":"成绩 谭宇 晴天 2019-5-18","self_id":2997400528,"sender":{"age":8,"area":"广州","card":"谭宇-养生式跟打","level":"入门","nickname":"0 4 . 2 2","role":"admin","sex":"male","title":"","user_id":1061917196},"sub_type":"normal","time":1558171395,"user_id":1061917196}
[19-05-18 17:23:29] [PicqBotX] [DEBUG(java.lang.Thread.run:748)] 收到新请求: CQHttp/4.8.0
[19-05-18 17:23:29] [PicqBotX] [DEBUG(java.lang.Thread.run:748)] - 数据: {"anonymous":null,"font":8470608,"group_id":556981260,"message":"没救了","message_id":18400,"message_type":"group","post_type":"message","raw_message":"没救了","self_id":2997400528,"sender":{"age":0,"area":"","card":"让心如风-蓝宝石","level":"五菱宏光","nickname":"让心如水","role":"admin","sex":"unknown","title":"","user_id":2329377621},"sub_type":"normal","time":1558171409,"user_id":2329377621}
[19-05-18 17:23:34] [PicqBotX] [DEBUG(java.lang.Thread.run:748)] 收到新请求: CQHttp/4.8.0
[19-05-18 17:23:34] [PicqBotX] [DEBUG(java.lang.Thread.run:748)] - 数据: {"anonymous":null,"font":8470480,"group_id":522394334,"message":"[CQ:at,qq=2297714857] 我的也差不多是你这样。\r\n\r\ntamf  他们\r\ntmn 她们\r\ntmd 它们","message_id":18401,"message_type":"group","post_type":"message","raw_message":"[CQ:at,qq=2297714857] 我的也差不多是你这样。\r\n\r\ntamf  他们\r\ntmn 她们\r\ntmd 它们","self_id":2997400528,"sender":{"age":0,"area":"","card":"青铜・Qtss","level":"了解群图书馆","nickname":"青 铜","role":"member","sex":"unknown","title":"","user_id":949402006},"sub_type":"normal","time":1558171414,"user_id":949402006}
[19-05-18 17:23:37] [PicqBotX] [DEBUG(java.lang.Thread.run:748)] 收到新请求: CQHttp/4.8.0
[19-05-18 17:23:37] [PicqBotX] [DEBUG(java.lang.Thread.run:748)] - 数据: {"anonymous":null,"font":8470128,"group_id":556981260,"message":"[CQ:at,qq=1078179677] 死硬分子","message_id":18402,"message_type":"group","post_type":"message","raw_message":"[CQ:at,qq=1078179677] 死硬分子","self_id":2997400528,"sender":{"age":0,"area":"","card":"让心如风-蓝宝石","level":"五菱宏光","nickname":"让心如水","role":"admin","sex":"unknown","title":"","user_id":2329377621},"sub_type":"normal","time":1558171417,"user_id":2329377621}
[19-05-18 17:23:43] [PicqBotX] [DEBUG(java.lang.Thread.run:748)] 收到新请求: CQHttp/4.8.0
[19-05-18 17:23:43] [PicqBotX] [DEBUG(java.lang.Thread.run:748)] - 数据: {"anonymous":null,"font":8470768,"group_id":556981260,"message":"为什么呀？","message_id":18403,"message_type":"group","post_type":"message","raw_message":"为什么呀？","self_id":2997400528,"sender":{"age":25,"area":"","card":"利键―自然码双拼","level":"五菱宏光","nickname":"神采飞扬","role":"member","sex":"male","title":"","user_id":1078179677},"sub_type":"normal","time":1558171423,"user_id":1078179677}
[19-05-18 17:23:50] [PicqBotX] [DEBUG(java.lang.Thread.run:748)] 收到新请求: CQHttp/4.8.0
[19-05-18 17:23:50] [PicqBotX] [DEBUG(java.lang.Thread.run:748)] - 数据: {"anonymous":null,"font":8470320,"group_id":556981260,"message":"专情","message_id":18404,"message_type":"group","post_type":"message","raw_message":"专情","self_id":2997400528,"sender":{"age":99,"area":"美国","card":"骆驼―五笔","level":"小蹦哒","nickname":"独孤求败","role":"member","sex":"male","title":"","user_id":1282115181},"sub_type":"normal","time":1558171430,"user_id":1282115181}
[19-05-18 17:23:59] [PicqBotX] [DEBUG(java.lang.Thread.run:748)] 收到新请求: CQHttp/4.8.0
[19-05-18 17:23:59] [PicqBotX] [DEBUG(java.lang.Thread.run:748)] - 数据: {"anonymous":null,"font":8470320,"group_id":522394334,"message":"我这个还错了\r\ntmd 它们……","message_id":18405,"message_type":"group","post_type":"message","raw_message":"我这个还错了\r\ntmd 它们……","self_id":2997400528,"sender":{"age":0,"area":"","card":"青铜・Qtss","level":"了解群图书馆","nickname":"青 铜","role":"member","sex":"unknown","title":"","user_id":949402006},"sub_type":"normal","time":1558171439,"user_id":949402006}
[19-05-18 17:24:02] [PicqBotX] [DEBUG(java.lang.Thread.run:748)] 收到新请求: CQHttp/4.8.0
[19-05-18 17:24:02] [PicqBotX] [DEBUG(java.lang.Thread.run:748)] - 数据: {"anonymous":null,"font":8470864,"group_id":522394334,"message":"tmn。。。这什么原理","message_id":18406,"message_type":"group","post_type":"message","raw_message":"tmn。。。这什么原理","self_id":2997400528,"sender":{"age":0,"area":"","card":"白焕-鹤形","level":"中级","nickname":"杂色a","role":"member","sex":"unknown","title":"","user_id":2524098743},"sub_type":"normal","time":1558171442,"user_id":2524098743}
[19-05-18 17:24:12] [PicqBotX] [DEBUG(java.lang.Thread.run:748)] 收到新请求: CQHttp/4.8.0
