[19-05-12 13:45:33] [PicqBotX] [INFO] 
[19-05-12 13:45:33] [PicqBotX] [INFO]     ____  _            ____        __ _  __
[19-05-12 13:45:33] [PicqBotX] [INFO]    / __ \(_)________ _/ __ )____  / /| |/ /
[19-05-12 13:45:33] [PicqBotX] [INFO]   / /_/ / / ___/ __ `/ __  / __ \/ __/   /
[19-05-12 13:45:33] [PicqBotX] [INFO]  / ____/ / /__/ /_/ / /_/ / /_/ / /_/   |
[19-05-12 13:45:33] [PicqBotX] [INFO] /_/   /_/\___/\__, /_____/\____/\__/_/|_|
[19-05-12 13:45:33] [PicqBotX] [INFO]                 /_/         v3.2.2.896
[19-05-12 13:45:33] [PicqBotX] [INFO] 日志管理器     初始化完成 [******] ...(30.58 ms)
[19-05-12 13:45:33] [PicqBotX] [INFO] 缓存管理器     初始化完成 [******] ...(1.79 ms)
[19-05-12 13:45:33] [PicqBotX] [INFO] DEBUG设置     初始化完成 [******] ...(0.01 ms)
[19-05-12 13:45:33] [PicqBotX] [INFO] 事件管理器     初始化完成 [******] ...(27.18 ms)
[19-05-12 13:45:33] [PicqBotX] [INFO] 账号管理器     初始化完成 [******] ...(1.11 ms)
[19-05-12 13:45:33] [PicqBotX] [INFO] HTTP监听服务器 初始化完成 [******] ...(2.07 ms)
[19-05-12 13:45:33] [PicqBotX] [INFO] 指令管理器     初始化完成 [******] ...(2.31 ms)
[19-05-12 13:45:33] [PicqBotX] [WARNING] 账号 Bot01: 版本正确, 不过用酷Q Pro的话效果更好哦!
[19-05-12 13:45:33] [PicqBotX] [INFO] 账号 Bot01:   版本验证完成!
[19-05-12 13:45:33] [PicqBotX] [INFO] 正在启动...
[19-05-12 13:45:35] [PicqBotX] [DEBUG(java.lang.Thread.run:748)] 收到新请求: CQHttp/4.8.0
[19-05-12 13:45:35] [PicqBotX] [DEBUG(java.lang.Thread.run:748)] - 数据: {"font":6250944,"message":"!u","message_id":4833,"message_type":"private","post_type":"message","raw_message":"!u","self_id":2997400528,"sender":{"age":8,"nickname":"0 4 . 2 2","sex":"male","user_id":1061917196},"sub_type":"friend","time":1557639935,"user_id":1061917196}
[19-05-12 13:45:48] [PicqBotX] [DEBUG(java.lang.Thread.run:748)] 收到新请求: CQHttp/4.8.0
[19-05-12 13:45:48] [PicqBotX] [DEBUG(java.lang.Thread.run:748)] - 数据: {"anonymous":null,"font":6250560,"group_id":556981260,"message":"为什么这个这么小一截[CQ:image,file=AF1028910AFDCB7CB167C609194BC1BF.png,url=https://gchat.qpic.cn/gchatpic_new/1369797536/556981260-3056329397-AF1028910AFDCB7CB167C609194BC1BF/0?vuin=2997400528&amp;term=2]","message_id":4836,"message_type":"group","post_type":"message","raw_message":"为什么这个这么小一截[CQ:image,file=AF1028910AFDCB7CB167C609194BC1BF.png]","self_id":2997400528,"sender":{"age":119,"area":"广东","card":"夜焰白—小鹤双拼","level":"小蹦哒","nickname":"柠檬の草","role":"member","sex":"male","title":"","user_id":1369797536},"sub_type":"normal","time":1557639948,"user_id":1369797536}
[19-05-12 13:46:09] [PicqBotX] [DEBUG(java.lang.Thread.run:748)] 收到新请求: CQHttp/4.8.0
[19-05-12 13:46:09] [PicqBotX] [DEBUG(java.lang.Thread.run:748)] - 数据: {"anonymous":null,"font":6250944,"group_id":556981260,"message":"[CQ:image,file=25FEACC11D82FCC63D972AFAF4374C2C.jpg,url=https://gchat.qpic.cn/gchatpic_new/1369797536/556981260-2894383134-25FEACC11D82FCC63D972AFAF4374C2C/0?vuin=2997400528&amp;term=2]","message_id":4837,"message_type":"group","post_type":"message","raw_message":"[CQ:image,file=25FEACC11D82FCC63D972AFAF4374C2C.jpg]","self_id":2997400528,"sender":{"age":119,"area":"广东","card":"夜焰白—小鹤双拼","level":"小蹦哒","nickname":"柠檬の草","role":"member","sex":"male","title":"","user_id":1369797536},"sub_type":"normal","time":1557639969,"user_id":1369797536}
[19-05-12 13:46:37] [PicqBotX] [DEBUG(java.lang.Thread.run:748)] 收到新请求: CQHttp/4.8.0
