[19-05-15 20:22:09] [PicqBotX] [INFO] 
[19-05-15 20:22:09] [PicqBotX] [INFO]     ____  _            ____        __ _  __
[19-05-15 20:22:09] [PicqBotX] [INFO]    / __ \(_)________ _/ __ )____  / /| |/ /
[19-05-15 20:22:09] [PicqBotX] [INFO]   / /_/ / / ___/ __ `/ __  / __ \/ __/   /
[19-05-15 20:22:09] [PicqBotX] [INFO]  / ____/ / /__/ /_/ / /_/ / /_/ / /_/   |
[19-05-15 20:22:09] [PicqBotX] [INFO] /_/   /_/\___/\__, /_____/\____/\__/_/|_|
[19-05-15 20:22:09] [PicqBotX] [INFO]                 /_/         v3.2.2.896
[19-05-15 20:22:09] [PicqBotX] [INFO] 日志管理器     初始化完成 [******] ...(33.77 ms)
[19-05-15 20:22:09] [PicqBotX] [INFO] 缓存管理器     初始化完成 [******] ...(1.35 ms)
[19-05-15 20:22:09] [PicqBotX] [INFO] DEBUG设置     初始化完成 [******] ...(0.01 ms)
[19-05-15 20:22:09] [PicqBotX] [INFO] 事件管理器     初始化完成 [******] ...(31.2 ms)
[19-05-15 20:22:09] [PicqBotX] [INFO] 账号管理器     初始化完成 [******] ...(0.92 ms)
[19-05-15 20:22:09] [PicqBotX] [INFO] HTTP监听服务器 初始化完成 [******] ...(1.46 ms)
[19-05-15 20:22:10] [PicqBotX] [INFO] 指令管理器     初始化完成 [******] ...(2.59 ms)
[19-05-15 20:22:10] [PicqBotX] [WARNING] 账号 Bot01: 版本正确, 不过用酷Q Pro的话效果更好哦!
[19-05-15 20:22:10] [PicqBotX] [INFO] 账号 Bot01:   版本验证完成!
[19-05-15 20:22:10] [PicqBotX] [INFO] 正在启动...
[19-05-15 20:22:10] [PicqBotX] [DEBUG(java.lang.Thread.run:748)] 收到新请求: CQHttp/4.8.0
[19-05-15 20:22:10] [PicqBotX] [DEBUG(java.lang.Thread.run:748)] - 数据: {"anonymous":null,"font":7378112,"group_id":556981260,"message":"[CQ:image,file=50B5A27239A967D916885210569ACC86.png,url=https://gchat.qpic.cn/gchatpic_new/523856782/556981260-2789529984-50B5A27239A967D916885210569ACC86/0?vuin=2997400528&amp;term=2]","message_id":11926,"message_type":"group","post_type":"message","raw_message":"[CQ:image,file=50B5A27239A967D916885210569ACC86.png]","self_id":2997400528,"sender":{"age":0,"area":"石家庄","card":"瓜牛-二笔","level":"波音747","nickname":"明媚阳光","role":"member","sex":"male","title":"一个小蹦哒","user_id":523856782},"sub_type":"normal","time":1557922930,"user_id":523856782}
[19-05-15 20:22:12] [PicqBotX] [DEBUG(java.lang.Thread.run:748)] 收到新请求: CQHttp/4.8.0
[19-05-15 20:22:12] [PicqBotX] [DEBUG(java.lang.Thread.run:748)] - 数据: {"anonymous":null,"font":7378880,"group_id":522394334,"message":"群映射列表","message_id":11927,"message_type":"group","post_type":"message","raw_message":"群映射列表","self_id":2997400528,"sender":{"age":8,"area":"广州","card":"谭宇-养生式跟打","level":"入门","nickname":"0 4 . 2 2","role":"admin","sex":"male","title":"","user_id":1061917196},"sub_type":"normal","time":1557922932,"user_id":1061917196}
[19-05-15 20:22:14] [PicqBotX] [DEBUG(java.lang.Thread.run:748)] 收到新请求: CQHttp/4.8.0
[19-05-15 20:22:14] [PicqBotX] [DEBUG(java.lang.Thread.run:748)] - 数据: {"anonymous":null,"font":7178320,"group_id":723795668,"message":"有没有人出来聊天，练习打字","message_id":11929,"message_type":"group","post_type":"message","raw_message":"有没有人出来聊天，练习打字","self_id":2997400528,"sender":{"age":29,"area":"深圳","card":"","level":"高手","nickname":"廿七","role":"member","sex":"male","title":"","user_id":469620205},"sub_type":"normal","time":1557922934,"user_id":469620205}
[19-05-15 20:22:15] [PicqBotX] [DEBUG(java.lang.Thread.run:748)] 收到新请求: CQHttp/4.8.0
[19-05-15 20:22:15] [PicqBotX] [DEBUG(java.lang.Thread.run:748)] - 数据: {"anonymous":null,"font":7379872,"group_id":723795668,"message":"[CQ:face,id=13]","message_id":11930,"message_type":"group","post_type":"message","raw_message":"[CQ:face,id=13]","self_id":2997400528,"sender":{"age":29,"area":"深圳","card":"","level":"高手","nickname":"廿七","role":"member","sex":"male","title":"","user_id":469620205},"sub_type":"normal","time":1557922935,"user_id":469620205}
[19-05-15 20:22:28] [PicqBotX] [DEBUG(java.lang.Thread.run:748)] 收到新请求: CQHttp/4.8.0
