[19-05-10 15:56:29] [PicqBotX] [INFO] 
[19-05-10 15:56:29] [PicqBotX] [INFO]     ____  _            ____        __ _  __
[19-05-10 15:56:29] [PicqBotX] [INFO]    / __ \(_)________ _/ __ )____  / /| |/ /
[19-05-10 15:56:29] [PicqBotX] [INFO]   / /_/ / / ___/ __ `/ __  / __ \/ __/   /
[19-05-10 15:56:29] [PicqBotX] [INFO]  / ____/ / /__/ /_/ / /_/ / /_/ / /_/   |
[19-05-10 15:56:29] [PicqBotX] [INFO] /_/   /_/\___/\__, /_____/\____/\__/_/|_|
[19-05-10 15:56:29] [PicqBotX] [INFO]                 /_/         v3.2.2.896
[19-05-10 15:56:29] [PicqBotX] [INFO] 日志管理器     初始化完成 [******] ...(43.33 ms)
[19-05-10 15:56:29] [PicqBotX] [INFO] 缓存管理器     初始化完成 [******] ...(2.95 ms)
[19-05-10 15:56:29] [PicqBotX] [INFO] DEBUG设置     初始化完成 [******] ...(0.01 ms)
[19-05-10 15:56:29] [PicqBotX] [INFO] 事件管理器     初始化完成 [******] ...(77.97 ms)
[19-05-10 15:56:29] [PicqBotX] [INFO] 账号管理器     初始化完成 [******] ...(2.57 ms)
[19-05-10 15:56:29] [PicqBotX] [INFO] HTTP监听服务器 初始化完成 [******] ...(2.09 ms)
[19-05-10 15:56:29] [PicqBotX] [INFO] 指令管理器     初始化完成 [******] ...(1.95 ms)
[19-05-10 15:56:29] [PicqBotX] [WARNING] 账号 Bot01: 版本正确, 不过用酷Q Pro的话效果更好哦!
[19-05-10 15:56:29] [PicqBotX] [INFO] 账号 Bot01:   版本验证完成!
[19-05-10 15:56:29] [PicqBotX] [INFO] 正在启动...
[19-05-10 15:56:31] [PicqBotX] [DEBUG(java.lang.Thread.run:748)] 收到新请求: CQHttp/4.8.0
[19-05-10 15:56:31] [PicqBotX] [DEBUG(java.lang.Thread.run:748)] - 数据: {"anonymous":null,"font":8390560,"group_id":723795668,"message":"？孓","message_id":2159,"message_type":"group","post_type":"message","raw_message":"？孓","self_id":2997400528,"sender":{"age":30,"area":"北京","card":"会飞的乌龟.搜鹤","level":"中级","nickname":"李哲嘉","role":"member","sex":"male","title":"","user_id":30595632},"sub_type":"normal","time":1557474991,"user_id":30595632}
[19-05-10 15:56:31] [PicqBotX] [DEBUG(java.lang.Thread.run:748)] 收到新请求: CQHttp/4.8.0
[19-05-10 15:56:31] [PicqBotX] [DEBUG(java.lang.Thread.run:748)] - 数据: {"anonymous":null,"font":8390496,"group_id":723795668,"message":"孓：　jtv jtvn\r\n  拆分：　フ 丨 ㄟ\r\n  首末：　フ ㄟ\r\n  编码：　v  n\r\n  汉典：http://xhup.club/?gy\r\n\r\n  更多功能，请回复「？帮助」","message_id":2160,"message_type":"group","post_type":"message","raw_message":"孓：　jtv jtvn\r\n  拆分：　フ 丨 ㄟ\r\n  首末：　フ ㄟ\r\n  编码：　v  n\r\n  汉典：http://xhup.club/?gy\r\n\r\n  更多功能，请回复「？帮助」","self_id":2997400528,"sender":{"age":1,"area":"","card":"群帅","level":"小白","nickname":"拆小鹤","role":"member","sex":"female","title":"","user_id":428826691},"sub_type":"normal","time":1557474991,"user_id":428826691}
[19-05-10 15:56:34] [PicqBotX] [DEBUG(java.lang.Thread.run:748)] 收到新请求: CQHttp/4.8.0
[19-05-10 15:56:34] [PicqBotX] [DEBUG(java.lang.Thread.run:748)] - 数据: {"anonymous":null,"font":8390368,"group_id":556981260,"message":"第999段 速度78.50 击键3.22 码长2.46 回改18 错字0 键数1259 退格40 键准94.04% 字数512 打词154(60.74%/3.33) 起步130.05/4.58/2.11 5次(164字) 1次5:22秒 波动3.32 键法50.16%(左618:614) 评分：[CQ:image,file=EDC976C17439E5C6FE029206870E8242.png,url=https://gchat.qpic.cn/gchatpic_new/717658687/556981260-2817252573-EDC976C17439E5C6FE029206870E8242/0?vuin=2997400528&amp;term=2]  输入法：极点五笔 起打于15:49:53 y16","message_id":2161,"message_type":"group","post_type":"message","raw_message":"第999段 速度78.50 击键3.22 码长2.46 回改18 错字0 键数1259 退格40 键准94.04% 字数512 打词154(60.74%/3.33) 起步130.05/4.58/2.11 5次(164字) 1次5:22秒 波动3.32 键法50.16%(左618:614) 评分：[CQ:image,file=EDC976C17439E5C6FE029206870E8242.png]  输入法：极点五笔 起打于15:49:53 y16","self_id":2997400528,"sender":{"age":7,"area":"南京","card":"秋天-极点86","level":"死飞单车","nickname":"一叶知秋","role":"member","sex":"male","title":"","user_id":717658687},"sub_type":"normal","time":1557474994,"user_id":717658687}
[19-05-10 15:56:35] [PicqBotX] [DEBUG(java.lang.Thread.run:748)] 收到新请求: CQHttp/4.8.0
[19-05-10 15:56:35] [PicqBotX] [DEBUG(java.lang.Thread.run:748)] - 数据: {"font":8390048,"message":"!a","message_id":2162,"message_type":"private","post_type":"message","raw_message":"!a","self_id":2997400528,"sender":{"age":8,"nickname":"0 4 . 2 2","sex":"male","user_id":1061917196},"sub_type":"friend","time":1557474995,"user_id":1061917196}
[19-05-10 15:57:13] [PicqBotX] [DEBUG(java.lang.Thread.run:748)] 收到新请求: CQHttp/4.8.0
[19-05-10 15:57:13] [PicqBotX] [DEBUG(java.lang.Thread.run:748)] - 数据: {"anonymous":null,"font":8390592,"group_id":723795668,"message":"随机一文 长度 500","message_id":2164,"message_type":"group","post_type":"message","raw_message":"随机一文 长度 500","self_id":2997400528,"sender":{"age":22,"area":"梧州","card":"菜鸟小鹤双拼","level":"高手","nickname":"放空","role":"member","sex":"female","title":"","user_id":1468665177},"sub_type":"normal","time":1557475033,"user_id":1468665177}
[19-05-10 15:57:14] [PicqBotX] [DEBUG(java.lang.Thread.run:748)] 收到新请求: CQHttp/4.8.0
[19-05-10 15:57:14] [PicqBotX] [DEBUG(java.lang.Thread.run:748)] - 数据: {"anonymous":null,"font":8390528,"group_id":723795668,"message":"《铁圈》散文第1期-作者：索洛杜布\r\n一天清晨，一位妇人带着一个4岁的小男孩在郊区的街道上散步。那孩子天真活泼，面色绯红。那妇人年龄不大，穿着考究。她一边幸福地微笑着，一边细心地照看着自己的儿子。孩子正在滚着一个黄色的大铁圈，他穿着短裤，挥动着棍棒欢快地笑着，跟在铁圈后面跑。他把棒子举得高高的，本来没有那种必要，可他就是那么做的。真开心！方才他还没有铁圈，可是现在有了，真叫人高兴！一个双手粗糙、衣服褴褛的老头，身体紧靠栅栏站在十字路口，好让那女人和小孩走过去。老头用那昏花的两眼凝视着孩子，脸上露出呆痴的笑容。“一个富户人家的公子”，老头心里思忖道，“是个好孩子，你看他多么天真可爱，毕竟是阔人家的孩子！”有些事情他不能理解，有些事情他似乎感到很奇怪。孩子是需要好生管教的，不然就有被惯坏的危险，而这位母亲就没有管束她的儿子。她穿得多好，长得多美，她的日子一定过得安逸、舒适。当他——这个老头儿——还是个孩子的时候，他过的是苦难的日子。即使现在，他虽然不再挨打受饿了，但生活还谈不上美好。在他的孩提时代，他过的是挨打受骂、饥寒交迫的生活。那时，他没有铁圈，也没有其他这类阔少爷的玩具。他整个一生都是在艰辛困苦中度过的。\r\n-----第1段-----","message_id":2165,"message_type":"group","post_type":"message","raw_message":"《铁圈》散文第1期-作者：索洛杜布\r\n一天清晨，一位妇人带着一个4岁的小男孩在郊区的街道上散步。那孩子天真活泼，面色绯红。那妇人年龄不大，穿着考究。她一边幸福地微笑着，一边细心地照看着自己的儿子。孩子正在滚着一个黄色的大铁圈，他穿着短裤，挥动着棍棒欢快地笑着，跟在铁圈后面跑。他把棒子举得高高的，本来没有那种必要，可他就是那么做的。真开心！方才他还没有铁圈，可是现在有了，真叫人高兴！一个双手粗糙、衣服褴褛的老头，身体紧靠栅栏站在十字路口，好让那女人和小孩走过去。老头用那昏花的两眼凝视着孩子，脸上露出呆痴的笑容。“一个富户人家的公子”，老头心里思忖道，“是个好孩子，你看他多么天真可爱，毕竟是阔人家的孩子！”有些事情他不能理解，有些事情他似乎感到很奇怪。孩子是需要好生管教的，不然就有被惯坏的危险，而这位母亲就没有管束她的儿子。她穿得多好，长得多美，她的日子一定过得安逸、舒适。当他——这个老头儿——还是个孩子的时候，他过的是苦难的日子。即使现在，他虽然不再挨打受饿了，但生活还谈不上美好。在他的孩提时代，他过的是挨打受骂、饥寒交迫的生活。那时，他没有铁圈，也没有其他这类阔少爷的玩具。他整个一生都是在艰辛困苦中度过的。\r\n-----第1段-----","self_id":2997400528,"sender":{"age":1,"area":"","card":"群帅","level":"小白","nickname":"拆小鹤","role":"member","sex":"female","title":"","user_id":428826691},"sub_type":"normal","time":1557475034,"user_id":428826691}
[19-05-10 15:57:24] [PicqBotX] [DEBUG(java.lang.Thread.run:748)] 收到新请求: CQHttp/4.8.0
[19-05-10 15:57:24] [PicqBotX] [DEBUG(java.lang.Thread.run:748)] - 数据: {"anonymous":null,"font":8389856,"group_id":723795668,"message":"蚊子的幼虫叫孑孓（jie2 jue2）,苍蝇的幼虫叫蛆（Qu1）","message_id":2166,"message_type":"group","post_type":"message","raw_message":"蚊子的幼虫叫孑孓（jie2 jue2）,苍蝇的幼虫叫蛆（Qu1）","self_id":2997400528,"sender":{"age":30,"area":"北京","card":"会飞的乌龟.搜鹤","level":"中级","nickname":"李哲嘉","role":"member","sex":"male","title":"","user_id":30595632},"sub_type":"normal","time":1557475044,"user_id":30595632}
[19-05-10 15:57:44] [PicqBotX] [DEBUG(java.lang.Thread.run:748)] 收到新请求: CQHttp/4.8.0
[19-05-10 15:57:44] [PicqBotX] [DEBUG(java.lang.Thread.run:748)] - 数据: {"anonymous":null,"font":8390016,"group_id":556981260,"message":"第999段 速度178.66 击键8.27 回改46(11.25s) 连改14 退格17 回车0 键准91.05% 码长2.78 选重9 错字0 字数512 键数1419 用时2:51.614 重打7 峰值234.06/9.30/2.25 打词0 回改率8.28% 停留&#91;逻辑&#93;2.40s 效率104% &#91;左509:404&#93; 输入法:王码 起打于22:17:53 赛文验证:85554 校验:45231 个签:享受打字 t46.15","message_id":2167,"message_type":"group","post_type":"message","raw_message":"第999段 速度178.66 击键8.27 回改46(11.25s) 连改14 退格17 回车0 键准91.05% 码长2.78 选重9 错字0 字数512 键数1419 用时2:51.614 重打7 峰值234.06/9.30/2.25 打词0 回改率8.28% 停留&#91;逻辑&#93;2.40s 效率104% &#91;左509:404&#93; 输入法:王码 起打于22:17:53 赛文验证:85554 校验:45231 个签:享受打字 t46.15","self_id":2997400528,"sender":{"age":0,"area":"","card":"sugar不给糖就捣蛋王码86","level":"新日电动车","nickname":"Sugar","role":"member","sex":"unknown","title":"","user_id":2845530960},"sub_type":"normal","time":1557475064,"user_id":2845530960}
[19-05-10 15:57:48] [PicqBotX] [DEBUG(java.lang.Thread.run:748)] 收到新请求: CQHttp/4.8.0
[19-05-10 15:57:48] [PicqBotX] [DEBUG(java.lang.Thread.run:748)] - 数据: {"anonymous":null,"font":8390240,"group_id":556981260,"message":"第999段 速度98.11 击键4.50 码长2.75 字数512 时间05:12.50 回改52 退格43 键数1407 选重1 键准93.25% 键法59.06% 重打0 打词63.21% 峰值128.11/6.5/2.26 校检:161cc 极速跟打器v1.45 ","message_id":2168,"message_type":"group","post_type":"message","raw_message":"第999段 速度98.11 击键4.50 码长2.75 字数512 时间05:12.50 回改52 退格43 键数1407 选重1 键准93.25% 键法59.06% 重打0 打词63.21% 峰值128.11/6.5/2.26 校检:161cc 极速跟打器v1.45 ","self_id":2997400528,"sender":{"age":0,"area":"","card":"让心如风-蓝宝石","level":"五菱宏光","nickname":"让心如水","role":"admin","sex":"unknown","title":"","user_id":2329377621},"sub_type":"normal","time":1557475068,"user_id":2329377621}
[19-05-10 15:58:02] [PicqBotX] [DEBUG(java.lang.Thread.run:748)] 收到新请求: CQHttp/4.8.0
[19-05-10 15:58:02] [PicqBotX] [DEBUG(java.lang.Thread.run:748)] - 数据: {"anonymous":null,"font":8390272,"group_id":556981260,"message":"佛系，打字我上100我就心满意足了","message_id":2169,"message_type":"group","post_type":"message","raw_message":"佛系，打字我上100我就心满意足了","self_id":2997400528,"sender":{"age":0,"area":"","card":"行云-手心输入法双拼","level":"死飞单车","nickname":" 行云","role":"member","sex":"unknown","title":"","user_id":12149065},"sub_type":"normal","time":1557475082,"user_id":12149065}
[19-05-10 15:58:11] [PicqBotX] [DEBUG(java.lang.Thread.run:748)] 收到新请求: CQHttp/4.8.0
[19-05-10 15:58:11] [PicqBotX] [DEBUG(java.lang.Thread.run:748)] - 数据: {"anonymous":null,"font":8389824,"group_id":556981260,"message":"#成绩","message_id":2170,"message_type":"group","post_type":"message","raw_message":"#成绩","self_id":2997400528,"sender":{"age":0,"area":"","card":"行云-手心输入法双拼","level":"死飞单车","nickname":" 行云","role":"member","sex":"unknown","title":"","user_id":12149065},"sub_type":"normal","time":1557475091,"user_id":12149065}
[19-05-10 15:58:14] [PicqBotX] [DEBUG(java.lang.Thread.run:748)] 收到新请求: CQHttp/4.8.0
[19-05-10 15:58:14] [PicqBotX] [DEBUG(java.lang.Thread.run:748)] - 数据: {"anonymous":null,"font":8390368,"group_id":556981260,"message":"[CQ:image,file=3A534DA5A36731869DAC97D35781CB65.png,url=https://gchat.qpic.cn/gchatpic_new/207938707/556981260-2428760680-3A534DA5A36731869DAC97D35781CB65/0?vuin=2997400528&amp;term=2]","message_id":2171,"message_type":"group","post_type":"message","raw_message":"[CQ:image,file=3A534DA5A36731869DAC97D35781CB65.png]","self_id":2997400528,"sender":{"age":6,"area":"北京","card":"","level":"波音747","nickname":"小拆","role":"admin","sex":"female","title":"","user_id":207938707},"sub_type":"normal","time":1557475094,"user_id":207938707}
[19-05-10 15:58:14] [PicqBotX] [DEBUG(java.lang.Thread.run:748)] 收到新请求: CQHttp/4.8.0
[19-05-10 15:58:14] [PicqBotX] [DEBUG(java.lang.Thread.run:748)] - 数据: {"anonymous":null,"font":8390592,"group_id":556981260,"message":"可是我连一百都打不上","message_id":2172,"message_type":"group","post_type":"message","raw_message":"可是我连一百都打不上","self_id":2997400528,"sender":{"age":0,"area":"","card":"让心如风-蓝宝石","level":"五菱宏光","nickname":"让心如水","role":"admin","sex":"unknown","title":"","user_id":2329377621},"sub_type":"normal","time":1557475094,"user_id":2329377621}
[19-05-10 15:58:31] [PicqBotX] [DEBUG(java.lang.Thread.run:748)] 收到新请求: CQHttp/4.8.0
[19-05-10 15:58:31] [PicqBotX] [DEBUG(java.lang.Thread.run:748)] - 数据: {"anonymous":null,"font":8389856,"group_id":556981260,"message":"#赛文","message_id":2173,"message_type":"group","post_type":"message","raw_message":"#赛文","self_id":2997400528,"sender":{"age":0,"area":"上海","card":"池鱼-亚伟","level":"小蹦哒","nickname":"池鱼","role":"member","sex":"female","title":"","user_id":1957992261},"sub_type":"normal","time":1557475111,"user_id":1957992261}
[19-05-10 15:58:33] [PicqBotX] [DEBUG(java.lang.Thread.run:748)] 收到新请求: CQHttp/4.8.0
[19-05-10 15:58:33] [PicqBotX] [DEBUG(java.lang.Thread.run:748)] - 数据: {"anonymous":null,"font":8390336,"group_id":556981260,"message":"我的世界树3第1126期-灰制作\r\n我想那个也许就像是杂文，我成为不了鲁迅那样的文人了，我至少能有立场。但是渐渐的，在论坛上讲立场的人也少了，我记得曾经有些人就是摆明了“我没有人格”出来表达优越感的，于是到后来每次见到那个人说任何观点我都直接说“你没有人格”，但后来，当论坛进一步进化到你提起“道德”两个字就会被扣上道德帝帽子的时候，我也不再想说了，后来渐觉无趣，又因为其它的事情，便不再去论坛上表达什么观点。后来有一件事我是一直在想的。去年七月或者八月吧，具体时间我忘记了，有一天有个朋友跟我说：“我要去贴吧禁盗贴，你来声援我吧。”我说：“禁不了的，盗贴站很多。”她说：“但不管怎么样，这个不对啊，我打算要做。”当时的那句“这个不对”让我很有感触，于是我答应下来，当时在贴吧浮动的一种言论也让我极其反感，就是有一部分人非常自信地认为他们看盗贴是为了作者好，帮了作者很大的忙，于是将盗贴在道德层面上合理化，我为此连续发了三篇帖子，于是天下大乱，最初我摆正逻辑与一些有代表性的言论做辩论，但后来有一个人出现，说各种言论，但又摆出一副“我说这些不是为辩论，我就是故意来捣乱”的态度，当时倒真的为这个感到了生气，于是我将这件事抛诸脑后，回去写书，不再理会这类的言论。\r\n-----第999段-1200S-512Z-3L-61cbb0e6V--c.sw.1.1","message_id":2174,"message_type":"group","post_type":"message","raw_message":"我的世界树3第1126期-灰制作\r\n我想那个也许就像是杂文，我成为不了鲁迅那样的文人了，我至少能有立场。但是渐渐的，在论坛上讲立场的人也少了，我记得曾经有些人就是摆明了“我没有人格”出来表达优越感的，于是到后来每次见到那个人说任何观点我都直接说“你没有人格”，但后来，当论坛进一步进化到你提起“道德”两个字就会被扣上道德帝帽子的时候，我也不再想说了，后来渐觉无趣，又因为其它的事情，便不再去论坛上表达什么观点。后来有一件事我是一直在想的。去年七月或者八月吧，具体时间我忘记了，有一天有个朋友跟我说：“我要去贴吧禁盗贴，你来声援我吧。”我说：“禁不了的，盗贴站很多。”她说：“但不管怎么样，这个不对啊，我打算要做。”当时的那句“这个不对”让我很有感触，于是我答应下来，当时在贴吧浮动的一种言论也让我极其反感，就是有一部分人非常自信地认为他们看盗贴是为了作者好，帮了作者很大的忙，于是将盗贴在道德层面上合理化，我为此连续发了三篇帖子，于是天下大乱，最初我摆正逻辑与一些有代表性的言论做辩论，但后来有一个人出现，说各种言论，但又摆出一副“我说这些不是为辩论，我就是故意来捣乱”的态度，当时倒真的为这个感到了生气，于是我将这件事抛诸脑后，回去写书，不再理会这类的言论。\r\n-----第999段-1200S-512Z-3L-61cbb0e6V--c.sw.1.1","self_id":2997400528,"sender":{"age":6,"area":"北京","card":"","level":"波音747","nickname":"小拆","role":"admin","sex":"female","title":"","user_id":207938707},"sub_type":"normal","time":1557475113,"user_id":207938707}
[19-05-10 15:59:00] [PicqBotX] [DEBUG(java.lang.Thread.run:748)] 收到新请求: CQHttp/4.8.0
[19-05-10 15:59:00] [PicqBotX] [DEBUG(java.lang.Thread.run:748)] - 数据: {"font":8390176,"message":"!当日消费记录","message_id":2175,"message_type":"private","post_type":"message","raw_message":"!当日消费记录","self_id":2997400528,"sender":{"age":8,"nickname":"0 4 . 2 2","sex":"male","user_id":1061917196},"sub_type":"friend","time":1557475140,"user_id":1061917196}
[19-05-10 16:00:28] [PicqBotX] [DEBUG(java.lang.Thread.run:748)] 收到新请求: CQHttp/4.8.0
[19-05-10 16:00:28] [PicqBotX] [DEBUG(java.lang.Thread.run:748)] - 数据: {"anonymous":null,"font":8390400,"group_id":522394334,"message":"毳叕叒双又","message_id":2177,"message_type":"group","post_type":"message","raw_message":"毳叕叒双又","self_id":2997400528,"sender":{"age":0,"area":"","card":"゛ℳ๓困不成眠奈夜何 小鹤音形₉₋₁₃℡","level":"了解群图书馆","nickname":"゛ℳ๓困不成眠奈夜何","role":"member","sex":"unknown","title":"","user_id":503195288},"sub_type":"normal","time":1557475228,"user_id":503195288}
[19-05-10 16:03:26] [PicqBotX] [DEBUG(java.lang.Thread.run:748)] 收到新请求: CQHttp/4.8.0
[19-05-10 16:03:26] [PicqBotX] [DEBUG(java.lang.Thread.run:748)] - 数据: {"anonymous":null,"font":8389920,"group_id":556981260,"message":"第999段 速度114.08 击键4.81 码长2.53 字数512 时间04:28.76 回改25 退格27 键数1294 选重2 键准95.98% 键法60.98% 重打1 打词57.34% 峰值144.07/6.81/2.04 校检:a3b80 极速跟打器v1.45 ","message_id":2178,"message_type":"group","post_type":"message","raw_message":"第999段 速度114.08 击键4.81 码长2.53 字数512 时间04:28.76 回改25 退格27 键数1294 选重2 键准95.98% 键法60.98% 重打1 打词57.34% 峰值144.07/6.81/2.04 校检:a3b80 极速跟打器v1.45 ","self_id":2997400528,"sender":{"age":0,"area":"","card":"让心如风-蓝宝石","level":"五菱宏光","nickname":"让心如水","role":"admin","sex":"unknown","title":"","user_id":2329377621},"sub_type":"normal","time":1557475406,"user_id":2329377621}
[19-05-10 16:03:41] [PicqBotX] [DEBUG(java.lang.Thread.run:748)] 收到新请求: CQHttp/4.8.0
[19-05-10 16:03:41] [PicqBotX] [DEBUG(java.lang.Thread.run:748)] - 数据: {"font":8390464,"message":"!当日消费记录","message_id":2179,"message_type":"private","post_type":"message","raw_message":"!当日消费记录","self_id":2997400528,"sender":{"age":8,"nickname":"0 4 . 2 2","sex":"male","user_id":1061917196},"sub_type":"friend","time":1557475421,"user_id":1061917196}
[19-05-10 16:03:44] [PicqBotX] [DEBUG(java.lang.Thread.run:748)] 收到新请求: CQHttp/4.8.0
[19-05-10 16:03:44] [PicqBotX] [DEBUG(java.lang.Thread.run:748)] - 数据: {"font":8389888,"message":"!l","message_id":2181,"message_type":"private","post_type":"message","raw_message":"!l","self_id":2997400528,"sender":{"age":8,"nickname":"0 4 . 2 2","sex":"male","user_id":1061917196},"sub_type":"friend","time":1557475424,"user_id":1061917196}
[19-05-10 16:03:46] [PicqBotX] [DEBUG(java.lang.Thread.run:748)] 收到新请求: CQHttp/4.8.0
[19-05-10 16:03:46] [PicqBotX] [DEBUG(java.lang.Thread.run:748)] - 数据: {"anonymous":null,"font":8390624,"group_id":556981260,"message":"咸鱼勉强过一百，哎……","message_id":2183,"message_type":"group","post_type":"message","raw_message":"咸鱼勉强过一百，哎……","self_id":2997400528,"sender":{"age":0,"area":"","card":"让心如风-蓝宝石","level":"五菱宏光","nickname":"让心如水","role":"admin","sex":"unknown","title":"","user_id":2329377621},"sub_type":"normal","time":1557475426,"user_id":2329377621}
[19-05-10 16:03:55] [PicqBotX] [DEBUG(java.lang.Thread.run:748)] 收到新请求: CQHttp/4.8.0
[19-05-10 16:03:55] [PicqBotX] [DEBUG(java.lang.Thread.run:748)] - 数据: {"anonymous":null,"font":8390048,"group_id":723795668,"message":"牛虻","message_id":2184,"message_type":"group","post_type":"message","raw_message":"牛虻","self_id":2997400528,"sender":{"age":0,"area":"","card":"酥梨-小鹤音形","level":"入门","nickname":"酥梨","role":"admin","sex":"male","title":"","user_id":1045865146},"sub_type":"normal","time":1557475435,"user_id":1045865146}
[19-05-10 16:04:20] [PicqBotX] [DEBUG(java.lang.Thread.run:748)] 收到新请求: CQHttp/4.8.0
[19-05-10 16:04:20] [PicqBotX] [DEBUG(java.lang.Thread.run:748)] - 数据: {"anonymous":null,"font":8390176,"group_id":556981260,"message":"第999段 速度94.62<97.50 回改50 错字3 字数512 秒数312.63 键数50 起打于15:59:22 √个有真×各也这·错1罚5 标记关 防伪-6 峰值186.67 QQ09+ 201314","message_id":2185,"message_type":"group","post_type":"message","raw_message":"第999段 速度94.62<97.50 回改50 错字3 字数512 秒数312.63 键数50 起打于15:59:22 √个有真×各也这·错1罚5 标记关 防伪-6 峰值186.67 QQ09+ 201314","self_id":2997400528,"sender":{"age":0,"area":"上海","card":"池鱼-亚伟","level":"小蹦哒","nickname":"池鱼","role":"member","sex":"female","title":"","user_id":1957992261},"sub_type":"normal","time":1557475460,"user_id":1957992261}
[19-05-10 16:04:28] [PicqBotX] [DEBUG(java.lang.Thread.run:748)] 收到新请求: CQHttp/4.8.0
[19-05-10 16:04:28] [PicqBotX] [DEBUG(java.lang.Thread.run:748)] - 数据: {"anonymous":null,"font":8390240,"group_id":556981260,"message":"唉","message_id":2186,"message_type":"group","post_type":"message","raw_message":"唉","self_id":2997400528,"sender":{"age":0,"area":"上海","card":"池鱼-亚伟","level":"小蹦哒","nickname":"池鱼","role":"member","sex":"female","title":"","user_id":1957992261},"sub_type":"normal","time":1557475468,"user_id":1957992261}
[19-05-10 16:04:34] [PicqBotX] [DEBUG(java.lang.Thread.run:748)] 收到新请求: CQHttp/4.8.0
[19-05-10 16:04:34] [PicqBotX] [DEBUG(java.lang.Thread.run:748)] - 数据: {"anonymous":null,"font":8390016,"group_id":556981260,"message":"首打还是90。","message_id":2187,"message_type":"group","post_type":"message","raw_message":"首打还是90。","self_id":2997400528,"sender":{"age":0,"area":"上海","card":"池鱼-亚伟","level":"小蹦哒","nickname":"池鱼","role":"member","sex":"female","title":"","user_id":1957992261},"sub_type":"normal","time":1557475474,"user_id":1957992261}
[19-05-10 16:05:05] [PicqBotX] [DEBUG(java.lang.Thread.run:748)] 收到新请求: CQHttp/4.8.0
[19-05-10 16:05:05] [PicqBotX] [DEBUG(java.lang.Thread.run:748)] - 数据: {"anonymous":null,"font":8390464,"group_id":556981260,"message":"你这键准怎么做到的","message_id":2188,"message_type":"group","post_type":"message","raw_message":"你这键准怎么做到的","self_id":2997400528,"sender":{"age":0,"area":"","card":"行云-手心输入法双拼","level":"死飞单车","nickname":" 行云","role":"member","sex":"unknown","title":"","user_id":12149065},"sub_type":"normal","time":1557475505,"user_id":12149065}
[19-05-10 16:05:10] [PicqBotX] [DEBUG(java.lang.Thread.run:748)] 收到新请求: CQHttp/4.8.0
[19-05-10 16:05:10] [PicqBotX] [DEBUG(java.lang.Thread.run:748)] - 数据: {"anonymous":null,"font":8390592,"group_id":556981260,"message":"90%","message_id":2189,"message_type":"group","post_type":"message","raw_message":"90%","self_id":2997400528,"sender":{"age":0,"area":"","card":"行云-手心输入法双拼","level":"死飞单车","nickname":" 行云","role":"member","sex":"unknown","title":"","user_id":12149065},"sub_type":"normal","time":1557475510,"user_id":12149065}
[19-05-10 16:05:13] [PicqBotX] [DEBUG(java.lang.Thread.run:748)] 收到新请求: CQHttp/4.8.0
[19-05-10 16:05:13] [PicqBotX] [DEBUG(java.lang.Thread.run:748)] - 数据: {"anonymous":null,"font":8390112,"group_id":556981260,"message":"95%……","message_id":2190,"message_type":"group","post_type":"message","raw_message":"95%……","self_id":2997400528,"sender":{"age":0,"area":"","card":"行云-手心输入法双拼","level":"死飞单车","nickname":" 行云","role":"member","sex":"unknown","title":"","user_id":12149065},"sub_type":"normal","time":1557475513,"user_id":12149065}
[19-05-10 16:05:33] [PicqBotX] [DEBUG(java.lang.Thread.run:748)] 收到新请求: CQHttp/4.8.0
[19-05-10 16:05:33] [PicqBotX] [DEBUG(java.lang.Thread.run:748)] - 数据: {"anonymous":null,"font":8389824,"group_id":556981260,"message":"我吗？","message_id":2191,"message_type":"group","post_type":"message","raw_message":"我吗？","self_id":2997400528,"sender":{"age":0,"area":"","card":"让心如风-蓝宝石","level":"五菱宏光","nickname":"让心如水","role":"admin","sex":"unknown","title":"","user_id":2329377621},"sub_type":"normal","time":1557475533,"user_id":2329377621}
[19-05-10 16:05:45] [PicqBotX] [DEBUG(java.lang.Thread.run:748)] 收到新请求: CQHttp/4.8.0
[19-05-10 16:05:45] [PicqBotX] [DEBUG(java.lang.Thread.run:748)] - 数据: {"anonymous":null,"font":8390208,"group_id":556981260,"message":"[CQ:at,qq=695431469] ","message_id":2192,"message_type":"group","post_type":"message","raw_message":"[CQ:at,qq=695431469] ","self_id":2997400528,"sender":{"age":0,"area":"上海","card":"池鱼-亚伟","level":"小蹦哒","nickname":"池鱼","role":"member","sex":"female","title":"","user_id":1957992261},"sub_type":"normal","time":1557475545,"user_id":1957992261}
[19-05-10 16:06:07] [PicqBotX] [DEBUG(java.lang.Thread.run:748)] 收到新请求: CQHttp/4.8.0
[19-05-10 16:06:07] [PicqBotX] [DEBUG(java.lang.Thread.run:748)] - 数据: {"anonymous":null,"font":8390464,"group_id":556981260,"message":"我感觉回改还是好多","message_id":2193,"message_type":"group","post_type":"message","raw_message":"我感觉回改还是好多","self_id":2997400528,"sender":{"age":0,"area":"","card":"让心如风-蓝宝石","level":"五菱宏光","nickname":"让心如水","role":"admin","sex":"unknown","title":"","user_id":2329377621},"sub_type":"normal","time":1557475567,"user_id":2329377621}
[19-05-10 16:06:36] [PicqBotX] [DEBUG(java.lang.Thread.run:748)] 收到新请求: CQHttp/4.8.0
[19-05-10 16:06:36] [PicqBotX] [DEBUG(java.lang.Thread.run:748)] - 数据: {"anonymous":null,"font":8390080,"group_id":556981260,"message":"大佬。","message_id":2194,"message_type":"group","post_type":"message","raw_message":"大佬。","self_id":2997400528,"sender":{"age":0,"area":"上海","card":"池鱼-亚伟","level":"小蹦哒","nickname":"池鱼","role":"member","sex":"female","title":"","user_id":1957992261},"sub_type":"normal","time":1557475596,"user_id":1957992261}
[19-05-10 16:07:27] [PicqBotX] [DEBUG(java.lang.Thread.run:748)] 收到新请求: CQHttp/4.8.0
[19-05-10 16:07:27] [PicqBotX] [DEBUG(java.lang.Thread.run:748)] - 数据: {"anonymous":null,"font":8389824,"group_id":556981260,"message":"我啥时候又垫背了？[CQ:face,id=0]","message_id":2195,"message_type":"group","post_type":"message","raw_message":"我啥时候又垫背了？[CQ:face,id=0]","self_id":2997400528,"sender":{"age":25,"area":"","card":"利键—自然码双拼","level":"五菱宏光","nickname":"神采飞扬","role":"member","sex":"male","title":"","user_id":1078179677},"sub_type":"normal","time":1557475647,"user_id":1078179677}
[19-05-10 16:07:49] [PicqBotX] [DEBUG(java.lang.Thread.run:748)] 收到新请求: CQHttp/4.8.0
[19-05-10 16:07:49] [PicqBotX] [DEBUG(java.lang.Thread.run:748)] - 数据: {"anonymous":null,"font":8389888,"group_id":556981260,"message":"又是秋天，哼[CQ:face,id=173]","message_id":2196,"message_type":"group","post_type":"message","raw_message":"又是秋天，哼[CQ:face,id=173]","self_id":2997400528,"sender":{"age":25,"area":"","card":"利键—自然码双拼","level":"五菱宏光","nickname":"神采飞扬","role":"member","sex":"male","title":"","user_id":1078179677},"sub_type":"normal","time":1557475669,"user_id":1078179677}
[19-05-10 16:08:05] [PicqBotX] [DEBUG(java.lang.Thread.run:748)] 收到新请求: CQHttp/4.8.0
[19-05-10 16:08:05] [PicqBotX] [DEBUG(java.lang.Thread.run:748)] - 数据: {"anonymous":null,"font":8389888,"group_id":556981260,"message":"制裁不了他了","message_id":2197,"message_type":"group","post_type":"message","raw_message":"制裁不了他了","self_id":2997400528,"sender":{"age":25,"area":"","card":"利键—自然码双拼","level":"五菱宏光","nickname":"神采飞扬","role":"member","sex":"male","title":"","user_id":1078179677},"sub_type":"normal","time":1557475685,"user_id":1078179677}
[19-05-10 16:08:26] [PicqBotX] [DEBUG(java.lang.Thread.run:748)] 收到新请求: CQHttp/4.8.0
[19-05-10 16:08:26] [PicqBotX] [DEBUG(java.lang.Thread.run:748)] - 数据: {"anonymous":null,"font":8389856,"group_id":556981260,"message":"重打就高了撒，是不是因为你政论文练得多","message_id":2198,"message_type":"group","post_type":"message","raw_message":"重打就高了撒，是不是因为你政论文练得多","self_id":2997400528,"sender":{"age":104,"area":"西安","card":"天南星-蒼頡","level":"死飞单车","nickname":"天南星","role":"member","sex":"male","title":"","user_id":695431469},"sub_type":"normal","time":1557475706,"user_id":695431469}
[19-05-10 16:09:48] [PicqBotX] [DEBUG(java.lang.Thread.run:748)] 收到新请求: CQHttp/4.8.0
