[19-05-12 15:02:51] [PicqBotX] [INFO] 
[19-05-12 15:02:51] [PicqBotX] [INFO]     ____  _            ____        __ _  __
[19-05-12 15:02:51] [PicqBotX] [INFO]    / __ \(_)________ _/ __ )____  / /| |/ /
[19-05-12 15:02:51] [PicqBotX] [INFO]   / /_/ / / ___/ __ `/ __  / __ \/ __/   /
[19-05-12 15:02:51] [PicqBotX] [INFO]  / ____/ / /__/ /_/ / /_/ / /_/ / /_/   |
[19-05-12 15:02:51] [PicqBotX] [INFO] /_/   /_/\___/\__, /_____/\____/\__/_/|_|
[19-05-12 15:02:51] [PicqBotX] [INFO]                 /_/         v3.2.2.896
[19-05-12 15:02:51] [PicqBotX] [INFO] 日志管理器     初始化完成 [******] ...(26.43 ms)
[19-05-12 15:02:51] [PicqBotX] [INFO] 缓存管理器     初始化完成 [******] ...(2.08 ms)
[19-05-12 15:02:51] [PicqBotX] [INFO] DEBUG设置     初始化完成 [******] ...(0.01 ms)
[19-05-12 15:02:51] [PicqBotX] [INFO] 事件管理器     初始化完成 [******] ...(27.97 ms)
[19-05-12 15:02:51] [PicqBotX] [INFO] 账号管理器     初始化完成 [******] ...(0.93 ms)
[19-05-12 15:02:51] [PicqBotX] [INFO] HTTP监听服务器 初始化完成 [******] ...(1.36 ms)
[19-05-12 15:02:52] [PicqBotX] [INFO] 指令管理器     初始化完成 [******] ...(1.94 ms)
[19-05-12 15:02:52] [PicqBotX] [WARNING] 账号 Bot01: 版本正确, 不过用酷Q Pro的话效果更好哦!
[19-05-12 15:02:52] [PicqBotX] [INFO] 账号 Bot01:   版本验证完成!
[19-05-12 15:02:52] [PicqBotX] [INFO] 正在启动...
[19-05-12 15:02:52] [PicqBotX] [DEBUG(java.lang.Thread.run:748)] 收到新请求: CQHttp/4.8.0
[19-05-12 15:02:52] [PicqBotX] [DEBUG(java.lang.Thread.run:748)] - 数据: {"anonymous":null,"font":7917984,"group_id":974172771,"message":"!v","message_id":5333,"message_type":"group","post_type":"message","raw_message":"!v","self_id":2997400528,"sender":{"age":8,"area":"广州","card":"谭宇","level":"传说","nickname":"0 4 . 2 2","role":"owner","sex":"male","title":"","user_id":1061917196},"sub_type":"normal","time":1557644572,"user_id":1061917196}
[19-05-12 15:04:12] [PicqBotX] [DEBUG(java.lang.Thread.run:748)] 收到新请求: CQHttp/4.8.0
[19-05-12 15:04:12] [PicqBotX] [DEBUG(java.lang.Thread.run:748)] - 数据: {"anonymous":null,"font":7918080,"group_id":556981260,"message":"就是有人发999段成绩的意思","message_id":5335,"message_type":"group","post_type":"message","raw_message":"就是有人发999段成绩的意思","self_id":2997400528,"sender":{"age":0,"area":"广州","card":"无聊-小鹤","level":"新日电动车","nickname":"无聊","role":"member","sex":"male","title":"","user_id":779855010},"sub_type":"normal","time":1557644652,"user_id":779855010}
[19-05-12 15:04:28] [PicqBotX] [DEBUG(java.lang.Thread.run:748)] 收到新请求: CQHttp/4.8.0
[19-05-12 15:04:28] [PicqBotX] [DEBUG(java.lang.Thread.run:748)] - 数据: {"anonymous":null,"font":7918464,"group_id":556981260,"message":"会终止自动发下一段的文","message_id":5336,"message_type":"group","post_type":"message","raw_message":"会终止自动发下一段的文","self_id":2997400528,"sender":{"age":0,"area":"广州","card":"无聊-小鹤","level":"新日电动车","nickname":"无聊","role":"member","sex":"male","title":"","user_id":779855010},"sub_type":"normal","time":1557644668,"user_id":779855010}
[19-05-12 15:05:04] [PicqBotX] [DEBUG(java.lang.Thread.run:748)] 收到新请求: CQHttp/4.8.0
[19-05-12 15:05:04] [PicqBotX] [DEBUG(java.lang.Thread.run:748)] - 数据: {"anonymous":null,"font":7918304,"group_id":974172771,"message":"有点厉害，能用拖拉机器人搜个人的成绩吗，不是群体查的那种","message_id":5337,"message_type":"group","post_type":"message","raw_message":"有点厉害，能用拖拉机器人搜个人的成绩吗，不是群体查的那种","self_id":2997400528,"sender":{"age":0,"area":"广州","card":"","level":"活跃","nickname":"无聊","role":"member","sex":"male","title":"","user_id":779855010},"sub_type":"normal","time":1557644704,"user_id":779855010}
[19-05-12 15:05:35] [PicqBotX] [DEBUG(java.lang.Thread.run:748)] 收到新请求: CQHttp/4.8.0
[19-05-12 15:05:35] [PicqBotX] [DEBUG(java.lang.Thread.run:748)] - 数据: {"anonymous":null,"font":7918368,"group_id":974172771,"message":"可以写","message_id":5338,"message_type":"group","post_type":"message","raw_message":"可以写","self_id":2997400528,"sender":{"age":8,"area":"广州","card":"谭宇","level":"传说","nickname":"0 4 . 2 2","role":"owner","sex":"male","title":"","user_id":1061917196},"sub_type":"normal","time":1557644735,"user_id":1061917196}
[19-05-12 15:05:37] [PicqBotX] [DEBUG(java.lang.Thread.run:748)] 收到新请求: CQHttp/4.8.0
[19-05-12 15:05:37] [PicqBotX] [DEBUG(java.lang.Thread.run:748)] - 数据: {"anonymous":null,"font":7918752,"group_id":974172771,"message":"!v","message_id":5339,"message_type":"group","post_type":"message","raw_message":"!v","self_id":2997400528,"sender":{"age":8,"area":"广州","card":"谭宇","level":"传说","nickname":"0 4 . 2 2","role":"owner","sex":"male","title":"","user_id":1061917196},"sub_type":"normal","time":1557644737,"user_id":1061917196}
[19-05-12 15:05:38] [PicqBotX] [DEBUG(java.lang.Thread.run:748)] 收到新请求: CQHttp/4.8.0
[19-05-12 15:05:38] [PicqBotX] [DEBUG(java.lang.Thread.run:748)] - 数据: {"anonymous":null,"font":7918560,"group_id":974172771,"message":"拖拉机最新版本1.700\r\n可用版本1.50-1.700","message_id":5341,"message_type":"group","post_type":"message","raw_message":"拖拉机最新版本1.700\r\n可用版本1.50-1.700","self_id":2997400528,"sender":{"age":22,"area":"广州","card":"http://jdragon.club/tlj/","level":"冒泡","nickname":"鹤","role":"admin","sex":"female","title":"","user_id":1061917110},"sub_type":"normal","time":1557644737,"user_id":1061917110}
[19-05-12 15:05:57] [PicqBotX] [DEBUG(java.lang.Thread.run:748)] 收到新请求: CQHttp/4.8.0
[19-05-12 15:05:57] [PicqBotX] [DEBUG(java.lang.Thread.run:748)] - 数据: {"anonymous":null,"font":7917984,"group_id":974172771,"message":"[CQ:at,qq=1061917110] ","message_id":5342,"message_type":"group","post_type":"message","raw_message":"[CQ:at,qq=1061917110] ","self_id":2997400528,"sender":{"age":8,"area":"广州","card":"谭宇","level":"传说","nickname":"0 4 . 2 2","role":"owner","sex":"male","title":"","user_id":1061917196},"sub_type":"normal","time":1557644757,"user_id":1061917196}
[19-05-12 15:06:02] [PicqBotX] [DEBUG(java.lang.Thread.run:748)] 收到新请求: CQHttp/4.8.0
[19-05-12 15:06:02] [PicqBotX] [DEBUG(java.lang.Thread.run:748)] - 数据: {"group_id":974172771,"notice_type":"group_decrease","operator_id":1061917196,"post_type":"notice","self_id":2997400528,"sub_type":"kick_me","time":1557644765,"user_id":2997400528}
[19-05-12 15:06:34] [PicqBotX] [DEBUG(java.lang.Thread.run:748)] 收到新请求: CQHttp/4.8.0
[19-05-12 15:06:34] [PicqBotX] [DEBUG(java.lang.Thread.run:748)] - 数据: {"anonymous":null,"font":7918624,"group_id":556981260,"message":"第999段 速度83.10 击键3.20 码长2.31 回改20 错字0 键数1103 退格27 键准96.19% 字数478 &#91;情&#93;6.13s 打词150(65.06%/3.13) &#91;地&#93;2次 起步131.07/4.68/2.14 2次(10字) 波动0.75 键法51.59%(左551:517) 评分：[CQ:image,file=A8E0DE6C46C9972B8368B10B302FB716.png,url=https://gchat.qpic.cn/gchatpic_new/717658687/556981260-3005351111-A8E0DE6C46C9972B8368B10B302FB716/0?vuin=2997400528&amp;term=2]  输入法：极点五笔 起打于15:00:28 y16","message_id":5344,"message_type":"group","post_type":"message","raw_message":"第999段 速度83.10 击键3.20 码长2.31 回改20 错字0 键数1103 退格27 键准96.19% 字数478 &#91;情&#93;6.13s 打词150(65.06%/3.13) &#91;地&#93;2次 起步131.07/4.68/2.14 2次(10字) 波动0.75 键法51.59%(左551:517) 评分：[CQ:image,file=A8E0DE6C46C9972B8368B10B302FB716.png]  输入法：极点五笔 起打于15:00:28 y16","self_id":2997400528,"sender":{"age":7,"area":"南京","card":"秋天-极点86","level":"死飞单车","nickname":"一叶知秋","role":"member","sex":"male","title":"","user_id":717658687},"sub_type":"normal","time":1557644794,"user_id":717658687}
[19-05-12 15:06:57] [PicqBotX] [DEBUG(java.lang.Thread.run:748)] 收到新请求: CQHttp/4.8.0
[19-05-12 15:06:57] [PicqBotX] [DEBUG(java.lang.Thread.run:748)] - 数据: {"anonymous":null,"font":7918880,"group_id":556981260,"message":"[CQ:image,file=9829C6AA6A4CF33593C6590137097510.jpg,url=https://gchat.qpic.cn/gchatpic_new/1369797536/556981260-3176382217-9829C6AA6A4CF33593C6590137097510/0?vuin=2997400528&amp;term=2]","message_id":5345,"message_type":"group","post_type":"message","raw_message":"[CQ:image,file=9829C6AA6A4CF33593C6590137097510.jpg]","self_id":2997400528,"sender":{"age":119,"area":"广东","card":"夜焰白—小鹤双拼","level":"小蹦哒","nickname":"柠檬の草","role":"member","sex":"male","title":"","user_id":1369797536},"sub_type":"normal","time":1557644817,"user_id":1369797536}
[19-05-12 15:07:15] [PicqBotX] [DEBUG(java.lang.Thread.run:748)] 收到新请求: CQHttp/4.8.0
[19-05-12 15:07:15] [PicqBotX] [DEBUG(java.lang.Thread.run:748)] - 数据: {"anonymous":null,"font":7918688,"group_id":556981260,"message":"#c 2","message_id":5346,"message_type":"group","post_type":"message","raw_message":"#c 2","self_id":2997400528,"sender":{"age":119,"area":"广东","card":"夜焰白—小鹤双拼","level":"小蹦哒","nickname":"柠檬の草","role":"member","sex":"male","title":"","user_id":1369797536},"sub_type":"normal","time":1557644835,"user_id":1369797536}
[19-05-12 15:07:16] [PicqBotX] [DEBUG(java.lang.Thread.run:748)] 收到新请求: CQHttp/4.8.0
[19-05-12 15:07:16] [PicqBotX] [DEBUG(java.lang.Thread.run:748)] - 数据: {"anonymous":null,"font":7918016,"group_id":556981260,"message":"※※※ 文章列表 ※※※\r\n#c 2 1（人之所以痛苦，在于追求错误的东西）\r\n#c 2 2（人老了是什么感觉）\r\n#c 2 3（独白）\r\n#c 2 4（读书笔记-Kyle）\r\n#c 2 5（灵动的音乐又轻又美）\r\n#c 2 6（济南的秋冬）\r\n#c 2 7（母亲——老舍）\r\n#c 2 8（上帝遗失的羽毛）\r\n#c 2 9（江南小镇 （余秋雨））\r\n#c 2 10（拈一朵琼花，便过了沧海）\r\n#c 2 11（上海人 （余秋雨））\r\n#c 2 12（西湖梦 （余秋雨））\r\n#c 2 13（阳关雪 （余秋雨））\r\n#c 2 14（拾馒头的父亲）\r\n#c 2 15（多情只有春庭月，犹为离人照落花）\r\n#c 2 16（风雨天一阁 （余秋雨））\r\n#c 2 17（世间最美的坟墓（茨威格））\r\n#c 2 18（桃花江是美人窝）\r\n#c 2 19（庐山 （余秋雨））\r\n#c 2 20（夜航船 （余秋雨））\r\n#c 2 21（莫高窟 （余秋雨））\r\n#c 2 22（沙原隐泉 （余秋雨））\r\n#c 2 23（洞庭一角 （余秋雨））\r\n#c 2 24（天柱山 （余秋雨））\r\n#c 2 25（道士塔（余秋雨））\r\n#c 2 26（柳侯祠 （余秋雨））\r\n#c 2 27（都江堰 （余秋雨））\r\n#c 2 28（老屋窗口 （余秋雨））\r\n※※※ 加载完毕 ※※※","message_id":5347,"message_type":"group","post_type":"message","raw_message":"※※※ 文章列表 ※※※\r\n#c 2 1（人之所以痛苦，在于追求错误的东西）\r\n#c 2 2（人老了是什么感觉）\r\n#c 2 3（独白）\r\n#c 2 4（读书笔记-Kyle）\r\n#c 2 5（灵动的音乐又轻又美）\r\n#c 2 6（济南的秋冬）\r\n#c 2 7（母亲——老舍）\r\n#c 2 8（上帝遗失的羽毛）\r\n#c 2 9（江南小镇 （余秋雨））\r\n#c 2 10（拈一朵琼花，便过了沧海）\r\n#c 2 11（上海人 （余秋雨））\r\n#c 2 12（西湖梦 （余秋雨））\r\n#c 2 13（阳关雪 （余秋雨））\r\n#c 2 14（拾馒头的父亲）\r\n#c 2 15（多情只有春庭月，犹为离人照落花）\r\n#c 2 16（风雨天一阁 （余秋雨））\r\n#c 2 17（世间最美的坟墓（茨威格））\r\n#c 2 18（桃花江是美人窝）\r\n#c 2 19（庐山 （余秋雨））\r\n#c 2 20（夜航船 （余秋雨））\r\n#c 2 21（莫高窟 （余秋雨））\r\n#c 2 22（沙原隐泉 （余秋雨））\r\n#c 2 23（洞庭一角 （余秋雨））\r\n#c 2 24（天柱山 （余秋雨））\r\n#c 2 25（道士塔（余秋雨））\r\n#c 2 26（柳侯祠 （余秋雨））\r\n#c 2 27（都江堰 （余秋雨））\r\n#c 2 28（老屋窗口 （余秋雨））\r\n※※※ 加载完毕 ※※※","self_id":2997400528,"sender":{"age":6,"area":"北京","card":"","level":"波音747","nickname":"小拆","role":"admin","sex":"female","title":"","user_id":207938707},"sub_type":"normal","time":1557644836,"user_id":207938707}
[19-05-12 15:08:07] [PicqBotX] [DEBUG(java.lang.Thread.run:748)] 收到新请求: CQHttp/4.8.0
[19-05-12 15:08:07] [PicqBotX] [DEBUG(java.lang.Thread.run:748)] - 数据: {"anonymous":null,"font":7918240,"group_id":556981260,"message":"#s 4","message_id":5348,"message_type":"group","post_type":"message","raw_message":"#s 4","self_id":2997400528,"sender":{"age":119,"area":"广东","card":"夜焰白—小鹤双拼","level":"小蹦哒","nickname":"柠檬の草","role":"member","sex":"male","title":"","user_id":1369797536},"sub_type":"normal","time":1557644887,"user_id":1369797536}
[19-05-12 15:08:08] [PicqBotX] [DEBUG(java.lang.Thread.run:748)] 收到新请求: CQHttp/4.8.0
[19-05-12 15:08:08] [PicqBotX] [DEBUG(java.lang.Thread.run:748)] - 数据: {"anonymous":null,"font":7918016,"group_id":556981260,"message":"※※※ 文章列表 ※※※\r\n#s 4 1（择天记）\r\n※※※ 加载完毕 ※※※","message_id":5349,"message_type":"group","post_type":"message","raw_message":"※※※ 文章列表 ※※※\r\n#s 4 1（择天记）\r\n※※※ 加载完毕 ※※※","self_id":2997400528,"sender":{"age":6,"area":"北京","card":"","level":"波音747","nickname":"小拆","role":"admin","sex":"female","title":"","user_id":207938707},"sub_type":"normal","time":1557644888,"user_id":207938707}
[19-05-12 15:09:00] [PicqBotX] [DEBUG(java.lang.Thread.run:748)] 收到新请求: CQHttp/4.8.0
[19-05-12 15:09:00] [PicqBotX] [DEBUG(java.lang.Thread.run:748)] - 数据: {"anonymous":null,"font":7918208,"group_id":556981260,"message":"#s 3","message_id":5350,"message_type":"group","post_type":"message","raw_message":"#s 3","self_id":2997400528,"sender":{"age":119,"area":"广东","card":"夜焰白—小鹤双拼","level":"小蹦哒","nickname":"柠檬の草","role":"member","sex":"male","title":"","user_id":1369797536},"sub_type":"normal","time":1557644940,"user_id":1369797536}
[19-05-12 15:09:01] [PicqBotX] [DEBUG(java.lang.Thread.run:748)] 收到新请求: CQHttp/4.8.0
[19-05-12 15:09:01] [PicqBotX] [DEBUG(java.lang.Thread.run:748)] - 数据: {"anonymous":null,"font":7918176,"group_id":556981260,"message":"※※※ 文章列表 ※※※\r\n#s 3 1（女儿总是被穿越－第11章）\r\n※※※ 加载完毕 ※※※","message_id":5351,"message_type":"group","post_type":"message","raw_message":"※※※ 文章列表 ※※※\r\n#s 3 1（女儿总是被穿越－第11章）\r\n※※※ 加载完毕 ※※※","self_id":2997400528,"sender":{"age":6,"area":"北京","card":"","level":"波音747","nickname":"小拆","role":"admin","sex":"female","title":"","user_id":207938707},"sub_type":"normal","time":1557644941,"user_id":207938707}
[19-05-12 15:09:10] [PicqBotX] [DEBUG(java.lang.Thread.run:748)] 收到新请求: CQHttp/4.8.0
[19-05-12 15:09:10] [PicqBotX] [DEBUG(java.lang.Thread.run:748)] - 数据: {"anonymous":null,"font":7918080,"group_id":556981260,"message":"#s 3","message_id":5352,"message_type":"group","post_type":"message","raw_message":"#s 3","self_id":2997400528,"sender":{"age":119,"area":"广东","card":"夜焰白—小鹤双拼","level":"小蹦哒","nickname":"柠檬の草","role":"member","sex":"male","title":"","user_id":1369797536},"sub_type":"normal","time":1557644950,"user_id":1369797536}
[19-05-12 15:09:10] [PicqBotX] [DEBUG(java.lang.Thread.run:748)] 收到新请求: CQHttp/4.8.0
[19-05-12 15:09:10] [PicqBotX] [DEBUG(java.lang.Thread.run:748)] - 数据: {"anonymous":null,"font":7918304,"group_id":556981260,"message":"※※※ 文章列表 ※※※\r\n#s 3 1（女儿总是被穿越－第11章）\r\n※※※ 加载完毕 ※※※","message_id":5353,"message_type":"group","post_type":"message","raw_message":"※※※ 文章列表 ※※※\r\n#s 3 1（女儿总是被穿越－第11章）\r\n※※※ 加载完毕 ※※※","self_id":2997400528,"sender":{"age":6,"area":"北京","card":"","level":"波音747","nickname":"小拆","role":"admin","sex":"female","title":"","user_id":207938707},"sub_type":"normal","time":1557644950,"user_id":207938707}
[19-05-12 15:09:18] [PicqBotX] [DEBUG(java.lang.Thread.run:748)] 收到新请求: CQHttp/4.8.0
[19-05-12 15:09:18] [PicqBotX] [DEBUG(java.lang.Thread.run:748)] - 数据: {"anonymous":null,"font":7918816,"group_id":556981260,"message":"#s 3 1","message_id":5354,"message_type":"group","post_type":"message","raw_message":"#s 3 1","self_id":2997400528,"sender":{"age":119,"area":"广东","card":"夜焰白—小鹤双拼","level":"小蹦哒","nickname":"柠檬の草","role":"member","sex":"male","title":"","user_id":1369797536},"sub_type":"normal","time":1557644958,"user_id":1369797536}
[19-05-12 15:09:20] [PicqBotX] [DEBUG(java.lang.Thread.run:748)] 收到新请求: CQHttp/4.8.0
[19-05-12 15:09:20] [PicqBotX] [DEBUG(java.lang.Thread.run:748)] - 数据: {"anonymous":null,"font":7918496,"group_id":556981260,"message":"女儿总是被穿越－第11章\r\n大街上，两个人彻底的僵持了起来。虽然现在是清晨，路上并没有多少行人，但老头抱着李云飞大腿趴在地上的造型还是引来了几个路人好奇的目光。看着人群开始有聚集起来的趋势，李云飞一脸无奈的看了看手表，又看了看这个死缠着不放的老头，彻底举手投降了。“好吧，大爷，我们直接开门见山的说吧，你到底想怎样？嫌钱不够吗？”“当然不是。”“那你干嘛还拽着我不放？”李云飞一脸郁闷的看着这个耍无赖的老头，说道，“我是真的没钱了，这一千块钱已经是我最后的身家财产了，您能行行好，放过我吗？”老头呵呵笑着站了起来，把钱包还给了李云飞。“谁说我要你的钱了？我又不是碰瓷老人，怎么可能要你的钱呢？小伙子你太多心了。”老头笑得很慈祥，慈祥得简直不安好心的那种，“我只是看你骨骼惊奇身手敏捷，想跟你切磋切磋武学而已……你学的是哪个流派的武艺？八极门？咏春？还是别的？”李云飞狐疑的看了老人一眼，接过了自己的钱包，“大爷你误会了，我并没有学过什么武功，完全就是一个普通人，只是身体比较健康而已。”老人呵呵笑了起来，捋了捋下巴的胡须，说道。“小伙子还想瞒我，你要是没有学过武，怎么可能连续两次都踢飞我？我可是自幼习武的，武学上的造诣虽然不是什么宗师，但也不是寻常小伙子就能打飞我的。依我看来，你小子不但学过武，而且还是非常厉害的武学高手，对不对？”“不对。”“你看你看，小伙子你又否认，不肯跟我说实话……诶，说真的，老头子我真的很伤心啊。我又不是你仇人，你至于这么防我吗？”说着，老头突然捂住胸口痛呼了一声，一脸的痛苦。“哎哟不好了不好了，我胸口突然好痛……肯定是之前被你踢伤了，小伙子，你快扶扶我。”然而老头向后仰倒的瞬间，李云飞却猛地跳到四五米开外，撒丫子狂奔了起来，直接把这个老头抛到了脑后，瞬间就没影了。于是老头的表情一僵，看着李云飞消失的背影怔了三秒，又站直了身子。“这没同情心的臭小子……”郁闷的揉了揉肩膀，老头脸上哪里还有疼痛的表情，只剩下一脸郁闷了。想了想，他掏出了手机拨通了一个电话。“老头子对付不了你没关系，我找能对付你的人来对付你，哼哼……看老头子的援兵出马后，你还怎么跑，你的武功我学定了。”姑且不提老头的郁闷，另一边的李云飞在好不容易摆脱了老头的骚扰后，连停都没有停一步，直接撒丫子狂奔的跑回了出租屋。那一路的高速狂奔，弄得街上的人全都莫名其妙的看着他，不知道这个男人怎么像被怪物追杀一样满头大汗。而等到李云飞冲回\r\n-----第61812段-余1069字--c.fw.1.5","message_id":5355,"message_type":"group","post_type":"message","raw_message":"女儿总是被穿越－第11章\r\n大街上，两个人彻底的僵持了起来。虽然现在是清晨，路上并没有多少行人，但老头抱着李云飞大腿趴在地上的造型还是引来了几个路人好奇的目光。看着人群开始有聚集起来的趋势，李云飞一脸无奈的看了看手表，又看了看这个死缠着不放的老头，彻底举手投降了。“好吧，大爷，我们直接开门见山的说吧，你到底想怎样？嫌钱不够吗？”“当然不是。”“那你干嘛还拽着我不放？”李云飞一脸郁闷的看着这个耍无赖的老头，说道，“我是真的没钱了，这一千块钱已经是我最后的身家财产了，您能行行好，放过我吗？”老头呵呵笑着站了起来，把钱包还给了李云飞。“谁说我要你的钱了？我又不是碰瓷老人，怎么可能要你的钱呢？小伙子你太多心了。”老头笑得很慈祥，慈祥得简直不安好心的那种，“我只是看你骨骼惊奇身手敏捷，想跟你切磋切磋武学而已……你学的是哪个流派的武艺？八极门？咏春？还是别的？”李云飞狐疑的看了老人一眼，接过了自己的钱包，“大爷你误会了，我并没有学过什么武功，完全就是一个普通人，只是身体比较健康而已。”老人呵呵笑了起来，捋了捋下巴的胡须，说道。“小伙子还想瞒我，你要是没有学过武，怎么可能连续两次都踢飞我？我可是自幼习武的，武学上的造诣虽然不是什么宗师，但也不是寻常小伙子就能打飞我的。依我看来，你小子不但学过武，而且还是非常厉害的武学高手，对不对？”“不对。”“你看你看，小伙子你又否认，不肯跟我说实话……诶，说真的，老头子我真的很伤心啊。我又不是你仇人，你至于这么防我吗？”说着，老头突然捂住胸口痛呼了一声，一脸的痛苦。“哎哟不好了不好了，我胸口突然好痛……肯定是之前被你踢伤了，小伙子，你快扶扶我。”然而老头向后仰倒的瞬间，李云飞却猛地跳到四五米开外，撒丫子狂奔了起来，直接把这个老头抛到了脑后，瞬间就没影了。于是老头的表情一僵，看着李云飞消失的背影怔了三秒，又站直了身子。“这没同情心的臭小子……”郁闷的揉了揉肩膀，老头脸上哪里还有疼痛的表情，只剩下一脸郁闷了。想了想，他掏出了手机拨通了一个电话。“老头子对付不了你没关系，我找能对付你的人来对付你，哼哼……看老头子的援兵出马后，你还怎么跑，你的武功我学定了。”姑且不提老头的郁闷，另一边的李云飞在好不容易摆脱了老头的骚扰后，连停都没有停一步，直接撒丫子狂奔的跑回了出租屋。那一路的高速狂奔，弄得街上的人全都莫名其妙的看着他，不知道这个男人怎么像被怪物追杀一样满头大汗。而等到李云飞冲回\r\n-----第61812段-余1069字--c.fw.1.5","self_id":2997400528,"sender":{"age":6,"area":"北京","card":"","level":"波音747","nickname":"小拆","role":"admin","sex":"female","title":"","user_id":207938707},"sub_type":"normal","time":1557644960,"user_id":207938707}
[19-05-12 15:09:46] [PicqBotX] [DEBUG(java.lang.Thread.run:748)] 收到新请求: CQHttp/4.8.0
[19-05-12 15:09:46] [PicqBotX] [DEBUG(java.lang.Thread.run:748)] - 数据: {"anonymous":null,"font":7918560,"group_id":556981260,"message":"[CQ:image,file=3AEF4588829C65B657513C8E21798D11.gif,url=https://gchat.qpic.cn/gchatpic_new/523856782/556981260-3163556245-3AEF4588829C65B657513C8E21798D11/0?vuin=2997400528&amp;term=2]","message_id":5356,"message_type":"group","post_type":"message","raw_message":"[CQ:image,file=3AEF4588829C65B657513C8E21798D11.gif]","self_id":2997400528,"sender":{"age":0,"area":"石家庄","card":"瓜牛-二笔","level":"波音747","nickname":"明媚阳光","role":"member","sex":"male","title":"一个小蹦哒","user_id":523856782},"sub_type":"normal","time":1557644986,"user_id":523856782}
[19-05-12 15:13:39] [PicqBotX] [DEBUG(java.lang.Thread.run:748)] 收到新请求: CQHttp/4.8.0
