[19-05-12 16:12:37] [PicqBotX] [INFO] 
[19-05-12 16:12:37] [PicqBotX] [INFO]     ____  _            ____        __ _  __
[19-05-12 16:12:37] [PicqBotX] [INFO]    / __ \(_)________ _/ __ )____  / /| |/ /
[19-05-12 16:12:37] [PicqBotX] [INFO]   / /_/ / / ___/ __ `/ __  / __ \/ __/   /
[19-05-12 16:12:37] [PicqBotX] [INFO]  / ____/ / /__/ /_/ / /_/ / /_/ / /_/   |
[19-05-12 16:12:37] [PicqBotX] [INFO] /_/   /_/\___/\__, /_____/\____/\__/_/|_|
[19-05-12 16:12:37] [PicqBotX] [INFO]                 /_/         v3.2.2.896
[19-05-12 16:12:37] [PicqBotX] [INFO] 日志管理器     初始化完成 [******] ...(32.46 ms)
[19-05-12 16:12:37] [PicqBotX] [INFO] 缓存管理器     初始化完成 [******] ...(1.62 ms)
[19-05-12 16:12:37] [PicqBotX] [INFO] DEBUG设置     初始化完成 [******] ...(0.01 ms)
[19-05-12 16:12:37] [PicqBotX] [INFO] 事件管理器     初始化完成 [******] ...(27.37 ms)
[19-05-12 16:12:37] [PicqBotX] [INFO] 账号管理器     初始化完成 [******] ...(1.24 ms)
[19-05-12 16:12:37] [PicqBotX] [INFO] HTTP监听服务器 初始化完成 [******] ...(1.85 ms)
[19-05-12 16:12:37] [PicqBotX] [INFO] 指令管理器     初始化完成 [******] ...(2.66 ms)
[19-05-12 16:12:37] [PicqBotX] [WARNING] 账号 Bot01: 版本正确, 不过用酷Q Pro的话效果更好哦!
[19-05-12 16:12:37] [PicqBotX] [INFO] 账号 Bot01:   版本验证完成!
[19-05-12 16:12:37] [PicqBotX] [INFO] 正在启动...
[19-05-12 16:12:47] [PicqBotX] [DEBUG(java.lang.Thread.run:748)] 收到新请求: CQHttp/4.8.0
[19-05-12 16:12:47] [PicqBotX] [DEBUG(java.lang.Thread.run:748)] - 数据: {"font":7918496,"message":"查 谭宇","message_id":5441,"message_type":"private","post_type":"message","raw_message":"查 谭宇","self_id":2997400528,"sender":{"age":8,"nickname":"0 4 . 2 2","sex":"male","user_id":1061917196},"sub_type":"friend","time":1557648767,"user_id":1061917196}
[19-05-12 16:12:53] [PicqBotX] [DEBUG(java.lang.Thread.run:748)] 收到新请求: CQHttp/4.8.0
[19-05-12 16:12:53] [PicqBotX] [DEBUG(java.lang.Thread.run:748)] - 数据: {"anonymous":null,"font":7918784,"group_id":522394334,"message":"查账号","message_id":5444,"message_type":"group","post_type":"message","raw_message":"查账号","self_id":2997400528,"sender":{"age":28,"area":"成都","card":"一枝独秀—谭八风","level":"了解群图书馆","nickname":"云华","role":"member","sex":"male","title":"","user_id":2297714857},"sub_type":"normal","time":1557648773,"user_id":2297714857}
[19-05-12 16:13:01] [PicqBotX] [DEBUG(java.lang.Thread.run:748)] 收到新请求: CQHttp/4.8.0
[19-05-12 16:13:01] [PicqBotX] [DEBUG(java.lang.Thread.run:748)] - 数据: {"font":7918304,"message":"赛文 2019-5-12","message_id":5445,"message_type":"private","post_type":"message","raw_message":"赛文 2019-5-12","self_id":2997400528,"sender":{"age":8,"nickname":"0 4 . 2 2","sex":"male","user_id":1061917196},"sub_type":"friend","time":1557648781,"user_id":1061917196}
[19-05-12 16:13:04] [PicqBotX] [DEBUG(java.lang.Thread.run:748)] 收到新请求: CQHttp/4.8.0
[19-05-12 16:13:04] [PicqBotX] [DEBUG(java.lang.Thread.run:748)] - 数据: {"anonymous":null,"font":7918208,"group_id":522394334,"message":"查 账号","message_id":5448,"message_type":"group","post_type":"message","raw_message":"查 账号","self_id":2997400528,"sender":{"age":28,"area":"成都","card":"一枝独秀—谭八风","level":"了解群图书馆","nickname":"云华","role":"member","sex":"male","title":"","user_id":2297714857},"sub_type":"normal","time":1557648784,"user_id":2297714857}
[19-05-12 16:13:04] [PicqBotX] [DEBUG(java.lang.Thread.run:748)] 收到新请求: CQHttp/4.8.0
[19-05-12 16:13:04] [PicqBotX] [DEBUG(java.lang.Thread.run:748)] - 数据: {"anonymous":null,"font":7918496,"group_id":522394334,"message":"账号 总:159899 对:147449 错:12450 今日:0\r\n平均成绩:57.0 在线状态:不在线","message_id":5450,"message_type":"group","post_type":"message","raw_message":"账号 总:159899 对:147449 错:12450 今日:0\r\n平均成绩:57.0 在线状态:不在线","self_id":2997400528,"sender":{"age":22,"area":"广州","card":"鹤-小鹤单字","level":"了解群图文件","nickname":"鹤","role":"member","sex":"female","title":"","user_id":1061917110},"sub_type":"normal","time":1557648784,"user_id":1061917110}
[19-05-12 16:13:34] [PicqBotX] [DEBUG(java.lang.Thread.run:748)] 收到新请求: CQHttp/4.8.0
[19-05-12 16:13:34] [PicqBotX] [DEBUG(java.lang.Thread.run:748)] - 数据: {"anonymous":null,"font":7918016,"group_id":522394334,"message":"查谭八风","message_id":5451,"message_type":"group","post_type":"message","raw_message":"查谭八风","self_id":2997400528,"sender":{"age":28,"area":"成都","card":"一枝独秀—谭八风","level":"了解群图书馆","nickname":"云华","role":"member","sex":"male","title":"","user_id":2297714857},"sub_type":"normal","time":1557648814,"user_id":2297714857}
[19-05-12 16:13:42] [PicqBotX] [DEBUG(java.lang.Thread.run:748)] 收到新请求: CQHttp/4.8.0
[19-05-12 16:13:42] [PicqBotX] [DEBUG(java.lang.Thread.run:748)] - 数据: {"anonymous":null,"font":7918560,"group_id":522394334,"message":"查 谭八风","message_id":5452,"message_type":"group","post_type":"message","raw_message":"查 谭八风","self_id":2997400528,"sender":{"age":28,"area":"成都","card":"一枝独秀—谭八风","level":"了解群图书馆","nickname":"云华","role":"member","sex":"male","title":"","user_id":2297714857},"sub_type":"normal","time":1557648822,"user_id":2297714857}
[19-05-12 16:13:42] [PicqBotX] [DEBUG(java.lang.Thread.run:748)] 收到新请求: CQHttp/4.8.0
[19-05-12 16:13:42] [PicqBotX] [DEBUG(java.lang.Thread.run:748)] - 数据: {"anonymous":null,"font":7918336,"group_id":522394334,"message":"谭八风 总:133370 对:126257 错:7113 今日:0\r\n平均成绩:83.0 在线状态:在线","message_id":5454,"message_type":"group","post_type":"message","raw_message":"谭八风 总:133370 对:126257 错:7113 今日:0\r\n平均成绩:83.0 在线状态:在线","self_id":2997400528,"sender":{"age":22,"area":"广州","card":"鹤-小鹤单字","level":"了解群图文件","nickname":"鹤","role":"member","sex":"female","title":"","user_id":1061917110},"sub_type":"normal","time":1557648822,"user_id":1061917110}
[19-05-12 16:13:52] [PicqBotX] [DEBUG(java.lang.Thread.run:748)] 收到新请求: CQHttp/4.8.0
[19-05-12 16:13:52] [PicqBotX] [DEBUG(java.lang.Thread.run:748)] - 数据: {"font":7918592,"message":"赛文 2019-05-12","message_id":5455,"message_type":"private","post_type":"message","raw_message":"赛文 2019-05-12","self_id":2997400528,"sender":{"age":8,"nickname":"0 4 . 2 2","sex":"male","user_id":1061917196},"sub_type":"friend","time":1557648832,"user_id":1061917196}
[19-05-12 16:13:58] [PicqBotX] [DEBUG(java.lang.Thread.run:748)] 收到新请求: CQHttp/4.8.0
[19-05-12 16:13:58] [PicqBotX] [DEBUG(java.lang.Thread.run:748)] - 数据: {"anonymous":null,"font":7918688,"group_id":522394334,"message":"查 谭八风","message_id":5458,"message_type":"group","post_type":"message","raw_message":"查 谭八风","self_id":2997400528,"sender":{"age":28,"area":"成都","card":"一枝独秀—谭八风","level":"了解群图书馆","nickname":"云华","role":"member","sex":"male","title":"","user_id":2297714857},"sub_type":"normal","time":1557648838,"user_id":2297714857}
[19-05-12 16:13:58] [PicqBotX] [DEBUG(java.lang.Thread.run:748)] 收到新请求: CQHttp/4.8.0
[19-05-12 16:13:58] [PicqBotX] [DEBUG(java.lang.Thread.run:748)] - 数据: {"anonymous":null,"font":7918560,"group_id":522394334,"message":"谭八风 总:134227 对:127056 错:7171 今日:857\r\n平均成绩:83.0 在线状态:不在线","message_id":5460,"message_type":"group","post_type":"message","raw_message":"谭八风 总:134227 对:127056 错:7171 今日:857\r\n平均成绩:83.0 在线状态:不在线","self_id":2997400528,"sender":{"age":22,"area":"广州","card":"鹤-小鹤单字","level":"了解群图文件","nickname":"鹤","role":"member","sex":"female","title":"","user_id":1061917110},"sub_type":"normal","time":1557648838,"user_id":1061917110}
[19-05-12 16:14:23] [PicqBotX] [DEBUG(java.lang.Thread.run:748)] 收到新请求: CQHttp/4.8.0
