[19-05-12 13:47:18] [PicqBotX] [INFO] 
[19-05-12 13:47:18] [PicqBotX] [INFO]     ____  _            ____        __ _  __
[19-05-12 13:47:18] [PicqBotX] [INFO]    / __ \(_)________ _/ __ )____  / /| |/ /
[19-05-12 13:47:18] [PicqBotX] [INFO]   / /_/ / / ___/ __ `/ __  / __ \/ __/   /
[19-05-12 13:47:18] [PicqBotX] [INFO]  / ____/ / /__/ /_/ / /_/ / /_/ / /_/   |
[19-05-12 13:47:18] [PicqBotX] [INFO] /_/   /_/\___/\__, /_____/\____/\__/_/|_|
[19-05-12 13:47:18] [PicqBotX] [INFO]                 /_/         v3.2.2.896
[19-05-12 13:47:18] [PicqBotX] [INFO] 日志管理器     初始化完成 [******] ...(93.71 ms)
[19-05-12 13:47:18] [PicqBotX] [INFO] 缓存管理器     初始化完成 [******] ...(1.97 ms)
[19-05-12 13:47:18] [PicqBotX] [INFO] DEBUG设置     初始化完成 [******] ...(0.01 ms)
[19-05-12 13:47:18] [PicqBotX] [INFO] 事件管理器     初始化完成 [******] ...(45.2 ms)
[19-05-12 13:47:18] [PicqBotX] [INFO] 账号管理器     初始化完成 [******] ...(1.09 ms)
[19-05-12 13:47:18] [PicqBotX] [INFO] HTTP监听服务器 初始化完成 [******] ...(2.11 ms)
[19-05-12 13:47:18] [PicqBotX] [INFO] 指令管理器     初始化完成 [******] ...(1.95 ms)
[19-05-12 13:47:18] [PicqBotX] [WARNING] 账号 Bot01: 版本正确, 不过用酷Q Pro的话效果更好哦!
[19-05-12 13:47:18] [PicqBotX] [INFO] 账号 Bot01:   版本验证完成!
[19-05-12 13:47:18] [PicqBotX] [INFO] 正在启动...
[19-05-12 13:47:20] [PicqBotX] [DEBUG(java.lang.Thread.run:748)] 收到新请求: CQHttp/4.8.0
[19-05-12 13:47:20] [PicqBotX] [DEBUG(java.lang.Thread.run:748)] - 数据: {"font":6250944,"message":"!u","message_id":4839,"message_type":"private","post_type":"message","raw_message":"!u","self_id":2997400528,"sender":{"age":8,"nickname":"0 4 . 2 2","sex":"male","user_id":1061917196},"sub_type":"friend","time":1557640040,"user_id":1061917196}
[19-05-12 13:47:43] [PicqBotX] [DEBUG(java.lang.Thread.run:748)] 收到新请求: CQHttp/4.8.0
[19-05-12 13:47:43] [PicqBotX] [DEBUG(java.lang.Thread.run:748)] - 数据: {"anonymous":null,"font":6251008,"group_id":522394334,"message":"困得很","message_id":4841,"message_type":"group","post_type":"message","raw_message":"困得很","self_id":2997400528,"sender":{"age":0,"area":"广州","card":"无聊-小鹤音形","level":"中级","nickname":"无聊","role":"member","sex":"male","title":"","user_id":779855010},"sub_type":"normal","time":1557640063,"user_id":779855010}
[19-05-12 13:48:02] [PicqBotX] [DEBUG(java.lang.Thread.run:748)] 收到新请求: CQHttp/4.8.0
[19-05-12 13:48:02] [PicqBotX] [DEBUG(java.lang.Thread.run:748)] - 数据: {"anonymous":null,"font":6252064,"group_id":522394334,"message":"#成绩","message_id":4842,"message_type":"group","post_type":"message","raw_message":"#成绩","self_id":2997400528,"sender":{"age":0,"area":"","card":"゛ℳ๓困不成眠奈夜何 小鹤音形₉₋₁₃℡","level":"了解群图书馆","nickname":"゛ℳ๓困不成眠奈夜何","role":"member","sex":"unknown","title":"","user_id":503195288},"sub_type":"normal","time":1557640082,"user_id":503195288}
[19-05-12 13:48:05] [PicqBotX] [DEBUG(java.lang.Thread.run:748)] 收到新请求: CQHttp/4.8.0
[19-05-12 13:48:05] [PicqBotX] [DEBUG(java.lang.Thread.run:748)] - 数据: {"anonymous":null,"font":6252288,"group_id":522394334,"message":"[CQ:image,file=05D93ED9F396EFFF8226996EBFD7B36F.png,url=https://gchat.qpic.cn/gchatpic_new/207938707/522394334-2222178279-05D93ED9F396EFFF8226996EBFD7B36F/0?vuin=2997400528&amp;term=2]","message_id":4843,"message_type":"group","post_type":"message","raw_message":"[CQ:image,file=05D93ED9F396EFFF8226996EBFD7B36F.png]","self_id":2997400528,"sender":{"age":6,"area":"北京","card":"","level":"小白","nickname":"小拆","role":"member","sex":"female","title":"","user_id":207938707},"sub_type":"normal","time":1557640084,"user_id":207938707}
[19-05-12 13:48:33] [PicqBotX] [DEBUG(java.lang.Thread.run:748)] 收到新请求: CQHttp/4.8.0
[19-05-12 13:48:33] [PicqBotX] [DEBUG(java.lang.Thread.run:748)] - 数据: {"anonymous":null,"font":6251488,"group_id":556981260,"message":"[CQ:image,file=E2A28B76B8E9E9796CA968727C1A20FE.jpg,url=https://gchat.qpic.cn/gchatpic_new/1369797536/556981260-2560644705-E2A28B76B8E9E9796CA968727C1A20FE/0?vuin=2997400528&amp;term=2]","message_id":4844,"message_type":"group","post_type":"message","raw_message":"[CQ:image,file=E2A28B76B8E9E9796CA968727C1A20FE.jpg]","self_id":2997400528,"sender":{"age":119,"area":"广东","card":"夜焰白—小鹤双拼","level":"小蹦哒","nickname":"柠檬の草","role":"member","sex":"male","title":"","user_id":1369797536},"sub_type":"normal","time":1557640113,"user_id":1369797536}
[19-05-12 13:48:36] [PicqBotX] [DEBUG(java.lang.Thread.run:748)] 收到新请求: CQHttp/4.8.0
[19-05-12 13:48:36] [PicqBotX] [DEBUG(java.lang.Thread.run:748)] - 数据: {"anonymous":null,"font":6251584,"group_id":556981260,"message":"这个东西怎么用啊","message_id":4845,"message_type":"group","post_type":"message","raw_message":"这个东西怎么用啊","self_id":2997400528,"sender":{"age":119,"area":"广东","card":"夜焰白—小鹤双拼","level":"小蹦哒","nickname":"柠檬の草","role":"member","sex":"male","title":"","user_id":1369797536},"sub_type":"normal","time":1557640116,"user_id":1369797536}
[19-05-12 13:48:37] [PicqBotX] [DEBUG(java.lang.Thread.run:748)] 收到新请求: CQHttp/4.8.0
[19-05-12 13:48:37] [PicqBotX] [DEBUG(java.lang.Thread.run:748)] - 数据: {"anonymous":null,"font":6251872,"group_id":522394334,"message":"第一稳了[CQ:face,id=178]","message_id":4846,"message_type":"group","post_type":"message","raw_message":"第一稳了[CQ:face,id=178]","self_id":2997400528,"sender":{"age":0,"area":"","card":"゛ℳ๓困不成眠奈夜何 小鹤音形₉₋₁₃℡","level":"了解群图书馆","nickname":"゛ℳ๓困不成眠奈夜何","role":"member","sex":"unknown","title":"","user_id":503195288},"sub_type":"normal","time":1557640117,"user_id":503195288}
[19-05-12 13:48:52] [PicqBotX] [DEBUG(java.lang.Thread.run:748)] 收到新请求: CQHttp/4.8.0
[19-05-12 13:48:52] [PicqBotX] [DEBUG(java.lang.Thread.run:748)] - 数据: {"anonymous":null,"font":6251552,"group_id":556981260,"message":"[CQ:image,file=7E601AE63577B96F6F0ECCF2B4189FDA.png,url=https://gchat.qpic.cn/gchatpic_new/1369797536/556981260-2981887697-7E601AE63577B96F6F0ECCF2B4189FDA/0?vuin=2997400528&amp;term=2]上面其他大佬发的这些","message_id":4847,"message_type":"group","post_type":"message","raw_message":"[CQ:image,file=7E601AE63577B96F6F0ECCF2B4189FDA.png]上面其他大佬发的这些","self_id":2997400528,"sender":{"age":119,"area":"广东","card":"夜焰白—小鹤双拼","level":"小蹦哒","nickname":"柠檬の草","role":"member","sex":"male","title":"","user_id":1369797536},"sub_type":"normal","time":1557640132,"user_id":1369797536}
[19-05-12 13:48:57] [PicqBotX] [DEBUG(java.lang.Thread.run:748)] 收到新请求: CQHttp/4.8.0
[19-05-12 13:48:57] [PicqBotX] [DEBUG(java.lang.Thread.run:748)] - 数据: {"anonymous":null,"font":6251840,"group_id":556981260,"message":"在哪里设置的","message_id":4848,"message_type":"group","post_type":"message","raw_message":"在哪里设置的","self_id":2997400528,"sender":{"age":119,"area":"广东","card":"夜焰白—小鹤双拼","level":"小蹦哒","nickname":"柠檬の草","role":"member","sex":"male","title":"","user_id":1369797536},"sub_type":"normal","time":1557640137,"user_id":1369797536}
[19-05-12 13:49:19] [PicqBotX] [DEBUG(java.lang.Thread.run:748)] 收到新请求: CQHttp/4.8.0
[19-05-12 13:49:19] [PicqBotX] [DEBUG(java.lang.Thread.run:748)] - 数据: {"anonymous":null,"font":6251584,"group_id":556981260,"message":"别用看打版","message_id":4849,"message_type":"group","post_type":"message","raw_message":"别用看打版","self_id":2997400528,"sender":{"age":27,"area":"武汉","card":"随心-小鹤拼音","level":"死飞单车","nickname":"№默☆伤♂","role":"member","sex":"male","title":"","user_id":1101721752},"sub_type":"normal","time":1557640159,"user_id":1101721752}
[19-05-12 13:49:32] [PicqBotX] [DEBUG(java.lang.Thread.run:748)] 收到新请求: CQHttp/4.8.0
[19-05-12 13:49:32] [PicqBotX] [DEBUG(java.lang.Thread.run:748)] - 数据: {"anonymous":null,"font":6252288,"group_id":556981260,"message":"看打版要求很高的","message_id":4850,"message_type":"group","post_type":"message","raw_message":"看打版要求很高的","self_id":2997400528,"sender":{"age":27,"area":"武汉","card":"随心-小鹤拼音","level":"死飞单车","nickname":"№默☆伤♂","role":"member","sex":"male","title":"","user_id":1101721752},"sub_type":"normal","time":1557640172,"user_id":1101721752}
[19-05-12 13:49:45] [PicqBotX] [DEBUG(java.lang.Thread.run:748)] 收到新请求: CQHttp/4.8.0
[19-05-12 13:49:45] [PicqBotX] [DEBUG(java.lang.Thread.run:748)] - 数据: {"anonymous":null,"font":6251936,"group_id":556981260,"message":"[CQ:at,qq=847628427] 苏大佬，你这怎么比辣条还低了，","message_id":4851,"message_type":"group","post_type":"message","raw_message":"[CQ:at,qq=847628427] 苏大佬，你这怎么比辣条还低了，","self_id":2997400528,"sender":{"age":0,"area":"","card":"让心如风-蓝宝石","level":"五菱宏光","nickname":"让心如水","role":"admin","sex":"unknown","title":"","user_id":2329377621},"sub_type":"normal","time":1557640185,"user_id":2329377621}
[19-05-12 13:49:58] [PicqBotX] [DEBUG(java.lang.Thread.run:748)] 收到新请求: CQHttp/4.8.0
[19-05-12 13:49:58] [PicqBotX] [DEBUG(java.lang.Thread.run:748)] - 数据: {"anonymous":null,"font":6251392,"group_id":556981260,"message":"那我重新下一个","message_id":4852,"message_type":"group","post_type":"message","raw_message":"那我重新下一个","self_id":2997400528,"sender":{"age":119,"area":"广东","card":"夜焰白—小鹤双拼","level":"小蹦哒","nickname":"柠檬の草","role":"member","sex":"male","title":"","user_id":1369797536},"sub_type":"normal","time":1557640198,"user_id":1369797536}
[19-05-12 13:50:13] [PicqBotX] [DEBUG(java.lang.Thread.run:748)] 收到新请求: CQHttp/4.8.0
