[19-05-15 19:29:27] [PicqBotX] [INFO] 
[19-05-15 19:29:27] [PicqBotX] [INFO]     ____  _            ____        __ _  __
[19-05-15 19:29:27] [PicqBotX] [INFO]    / __ \(_)________ _/ __ )____  / /| |/ /
[19-05-15 19:29:27] [PicqBotX] [INFO]   / /_/ / / ___/ __ `/ __  / __ \/ __/   /
[19-05-15 19:29:27] [PicqBotX] [INFO]  / ____/ / /__/ /_/ / /_/ / /_/ / /_/   |
[19-05-15 19:29:27] [PicqBotX] [INFO] /_/   /_/\___/\__, /_____/\____/\__/_/|_|
[19-05-15 19:29:27] [PicqBotX] [INFO]                 /_/         v3.2.2.896
[19-05-15 19:29:27] [PicqBotX] [INFO] 日志管理器     初始化完成 [******] ...(29.49 ms)
[19-05-15 19:29:27] [PicqBotX] [INFO] 缓存管理器     初始化完成 [******] ...(1.51 ms)
[19-05-15 19:29:27] [PicqBotX] [INFO] DEBUG设置     初始化完成 [******] ...(0.01 ms)
[19-05-15 19:29:27] [PicqBotX] [INFO] 事件管理器     初始化完成 [******] ...(37.9 ms)
[19-05-15 19:29:27] [PicqBotX] [INFO] 账号管理器     初始化完成 [******] ...(1.24 ms)
[19-05-15 19:29:27] [PicqBotX] [INFO] HTTP监听服务器 初始化完成 [******] ...(2.52 ms)
[19-05-15 19:29:27] [PicqBotX] [INFO] 指令管理器     初始化完成 [******] ...(4.4 ms)
[19-05-15 19:29:27] [PicqBotX] [WARNING] 账号 Bot01: 版本正确, 不过用酷Q Pro的话效果更好哦!
[19-05-15 19:29:27] [PicqBotX] [INFO] 账号 Bot01:   版本验证完成!
[19-05-15 19:29:27] [PicqBotX] [INFO] 正在启动...
[19-05-15 19:29:44] [PicqBotX] [DEBUG(java.lang.Thread.run:748)] 收到新请求: CQHttp/4.8.0
[19-05-15 19:29:44] [PicqBotX] [DEBUG(java.lang.Thread.run:748)] - 数据: {"anonymous":null,"font":8418552,"group_id":522394334,"message":"不对啊","message_id":11764,"message_type":"group","post_type":"message","raw_message":"不对啊","self_id":2997400528,"sender":{"age":8,"area":"广州","card":"谭宇-养生式跟打","level":"入门","nickname":"0 4 . 2 2","role":"admin","sex":"male","title":"","user_id":1061917196},"sub_type":"normal","time":1557919784,"user_id":1061917196}
[19-05-15 19:29:46] [PicqBotX] [DEBUG(java.lang.Thread.run:748)] 收到新请求: CQHttp/4.8.0
[19-05-15 19:29:46] [PicqBotX] [DEBUG(java.lang.Thread.run:748)] - 数据: {"anonymous":null,"font":8418776,"group_id":522394334,"message":"在这个去啊","message_id":11765,"message_type":"group","post_type":"message","raw_message":"在这个去啊","self_id":2997400528,"sender":{"age":8,"area":"广州","card":"谭宇-养生式跟打","level":"入门","nickname":"0 4 . 2 2","role":"admin","sex":"male","title":"","user_id":1061917196},"sub_type":"normal","time":1557919786,"user_id":1061917196}
[19-05-15 19:29:48] [PicqBotX] [DEBUG(java.lang.Thread.run:748)] 收到新请求: CQHttp/4.8.0
[19-05-15 19:29:48] [PicqBotX] [DEBUG(java.lang.Thread.run:748)] - 数据: {"anonymous":null,"font":8418872,"group_id":522394334,"message":"赛文 鹤一 2019-5-15","message_id":11766,"message_type":"group","post_type":"message","raw_message":"赛文 鹤一 2019-5-15","self_id":2997400528,"sender":{"age":8,"area":"广州","card":"谭宇-养生式跟打","level":"入门","nickname":"0 4 . 2 2","role":"admin","sex":"male","title":"","user_id":1061917196},"sub_type":"normal","time":1557919788,"user_id":1061917196}
[19-05-15 19:29:58] [PicqBotX] [DEBUG(java.lang.Thread.run:748)] 收到新请求: CQHttp/4.8.0
