[19-05-06 23:25:04] [PicqBotX] [INFO] 
[19-05-06 23:25:04] [PicqBotX] [INFO]     ____  _            ____        __ _  __
[19-05-06 23:25:04] [PicqBotX] [INFO]    / __ \(_)________ _/ __ )____  / /| |/ /
[19-05-06 23:25:04] [PicqBotX] [INFO]   / /_/ / / ___/ __ `/ __  / __ \/ __/   /
[19-05-06 23:25:04] [PicqBotX] [INFO]  / ____/ / /__/ /_/ / /_/ / /_/ / /_/   |
[19-05-06 23:25:04] [PicqBotX] [INFO] /_/   /_/\___/\__, /_____/\____/\__/_/|_|
[19-05-06 23:25:04] [PicqBotX] [INFO]                 /_/         v3.2.2.896
[19-05-06 23:25:04] [PicqBotX] [INFO] 日志管理器     初始化完成 [******] ...(29.67 ms)
[19-05-06 23:25:04] [PicqBotX] [INFO] 缓存管理器     初始化完成 [******] ...(2.63 ms)
[19-05-06 23:25:04] [PicqBotX] [INFO] DEBUG设置     初始化完成 [******] ...(0.01 ms)
[19-05-06 23:25:04] [PicqBotX] [INFO] 事件管理器     初始化完成 [******] ...(28.16 ms)
[19-05-06 23:25:04] [PicqBotX] [INFO] 账号管理器     初始化完成 [******] ...(1.25 ms)
[19-05-06 23:25:04] [PicqBotX] [INFO] HTTP监听服务器 初始化完成 [******] ...(1.32 ms)
[19-05-06 23:25:04] [PicqBotX] [INFO] 指令管理器     初始化完成 [******] ...(3.48 ms)
[19-05-06 23:25:04] [PicqBotX] [WARNING] 账号 Bot01: 版本正确, 不过用酷Q Pro的话效果更好哦!
[19-05-06 23:25:04] [PicqBotX] [INFO] 账号 Bot01:   版本验证完成!
[19-05-06 23:25:04] [PicqBotX] [INFO] 正在启动...
[19-05-06 23:25:07] [PicqBotX] [DEBUG(java.lang.Thread.run:748)] 收到新请求: CQHttp/4.8.0
[19-05-06 23:25:07] [PicqBotX] [DEBUG(java.lang.Thread.run:748)] - 数据: {"anonymous":null,"font":8664152,"group_id":556981260,"message":"利键攻心","message_id":1361,"message_type":"group","post_type":"message","raw_message":"利键攻心","self_id":2997400528,"sender":{"age":0,"area":"广州","card":"无聊-小鹤音形","level":"新日电动车","nickname":"无聊","role":"member","sex":"male","title":"","user_id":779855010},"sub_type":"normal","time":1557156307,"user_id":779855010}
[19-05-06 23:25:09] [PicqBotX] [DEBUG(java.lang.Thread.run:748)] 收到新请求: CQHttp/4.8.0
[19-05-06 23:25:09] [PicqBotX] [DEBUG(java.lang.Thread.run:748)] - 数据: {"font":8664376,"message":"你是?","message_id":1362,"message_type":"private","post_type":"message","raw_message":"你是?","self_id":2997400528,"sender":{"age":8,"nickname":"0 4 . 2 2","sex":"male","user_id":1061917196},"sub_type":"friend","time":1557156309,"user_id":1061917196}
[19-05-06 23:25:15] [PicqBotX] [DEBUG(java.lang.Thread.run:748)] 收到新请求: CQHttp/4.8.0
