[19-05-15 11:42:10] [PicqBotX] [INFO] 
[19-05-15 11:42:10] [PicqBotX] [INFO]     ____  _            ____        __ _  __
[19-05-15 11:42:10] [PicqBotX] [INFO]    / __ \(_)________ _/ __ )____  / /| |/ /
[19-05-15 11:42:10] [PicqBotX] [INFO]   / /_/ / / ___/ __ `/ __  / __ \/ __/   /
[19-05-15 11:42:10] [PicqBotX] [INFO]  / ____/ / /__/ /_/ / /_/ / /_/ / /_/   |
[19-05-15 11:42:10] [PicqBotX] [INFO] /_/   /_/\___/\__, /_____/\____/\__/_/|_|
[19-05-15 11:42:10] [PicqBotX] [INFO]                 /_/         v3.2.2.896
[19-05-15 11:42:10] [PicqBotX] [INFO] 日志管理器     初始化完成 [******] ...(31.12 ms)
[19-05-15 11:42:10] [PicqBotX] [INFO] 缓存管理器     初始化完成 [******] ...(1.88 ms)
[19-05-15 11:42:10] [PicqBotX] [INFO] DEBUG设置     初始化完成 [******] ...(0.01 ms)
[19-05-15 11:42:10] [PicqBotX] [INFO] 事件管理器     初始化完成 [******] ...(32.33 ms)
[19-05-15 11:42:10] [PicqBotX] [INFO] 账号管理器     初始化完成 [******] ...(0.94 ms)
[19-05-15 11:42:10] [PicqBotX] [INFO] HTTP监听服务器 初始化完成 [******] ...(2.09 ms)
[19-05-15 11:42:10] [PicqBotX] [INFO] 指令管理器     初始化完成 [******] ...(2.36 ms)
[19-05-15 11:42:10] [PicqBotX] [WARNING] 账号 Bot01: 版本正确, 不过用酷Q Pro的话效果更好哦!
[19-05-15 11:42:10] [PicqBotX] [INFO] 账号 Bot01:   版本验证完成!
[19-05-15 11:42:10] [PicqBotX] [INFO] 正在启动...
[19-05-15 11:42:25] [PicqBotX] [DEBUG(java.lang.Thread.run:748)] 收到新请求: CQHttp/4.8.0
[19-05-15 11:42:25] [PicqBotX] [DEBUG(java.lang.Thread.run:748)] - 数据: {"anonymous":null,"font":6235456,"group_id":556981260,"message":"……","message_id":11043,"message_type":"group","post_type":"message","raw_message":"……","self_id":2997400528,"sender":{"age":0,"area":"广州","card":"无聊-小鹤","level":"新日电动车","nickname":"无聊","role":"member","sex":"male","title":"","user_id":779855010},"sub_type":"normal","time":1557891745,"user_id":779855010}
[19-05-15 11:42:27] [PicqBotX] [DEBUG(java.lang.Thread.run:748)] 收到新请求: CQHttp/4.8.0
[19-05-15 11:42:27] [PicqBotX] [DEBUG(java.lang.Thread.run:748)] - 数据: {"anonymous":null,"font":6235680,"group_id":556981260,"message":"#发","message_id":11044,"message_type":"group","post_type":"message","raw_message":"#发","self_id":2997400528,"sender":{"age":0,"area":"广州","card":"无聊-小鹤","level":"新日电动车","nickname":"无聊","role":"member","sex":"male","title":"","user_id":779855010},"sub_type":"normal","time":1557891747,"user_id":779855010}
[19-05-15 11:42:28] [PicqBotX] [DEBUG(java.lang.Thread.run:748)] 收到新请求: CQHttp/4.8.0
[19-05-15 11:42:28] [PicqBotX] [DEBUG(java.lang.Thread.run:748)] - 数据: {"anonymous":null,"font":6235488,"group_id":556981260,"message":"常用单字中五百\r\n朋浪杂套亚初齐亦土忘社避组积既握降号骨晓续忽舞宝层例划投沙波嘴律脸球演斗欢校苏凡勇妻危顺密材章诉朝背富独星兵顾藏恐香托维卷彩兰否艺孙钟秋户仁刀承吧惊护善卖跳块龙阿增导牌率器拿静属右雷园检简激伸府妇谢仍育联标吗讲判介另巴轮委谁雄负堂男诗财跑句项休绿差私板仅怀睡喝犯隐顿适福佛耳值困毛止掌够招访宁班船端急释倒抱君露画概职帮左考围份股选穿京讨致错网练乱胜店射窗尼案科草警含茶银争亮排苦线松饭执参源买局玉追居曲区您楚付词策夏逐雪环史采某痛摇奇秀甚丽占田孩默愿夜刘济暗超卫树较弟阴基厅织封冷脚探游脑质妈软党敢威兄硬汉扬座室醒荣登莫责置希礼怕副宣替害供按叶油杨幸啊农速拍缓攻限停街专普陈席阵克误吉团铁互需素冲预唐娘破创温州束资习虚险药宗怪角欧慢掉古升雨姓楼纪盖归脱宫技春酒岁味状禁著伯景派欲获皮庭吸肉渐忙族牛胡劳迎换架察野毒午担伙笔际突价医智乡旧村圣趣康临梦假哈益烈尚索罪衣疑灵免征短顶丁沉米助食永坚态境晚河朱列击灯纳母批操救哥试守伤毫充历缺监庄修湖哪血异养防营木梅省靠般退竟赶馆研摆冰熟广斯料姑恩遇翻虑配优床纸散烟败读谓细遍移肯效略杀镇模坏丝抓睛玩歌权迷洋屋规祖秘继范验队施寻级余盘压戏挥恶姐菜呼借毕查旁贵良印\r\n-----第61836段-乱序--c.fw.1.5","message_id":11045,"message_type":"group","post_type":"message","raw_message":"常用单字中五百\r\n朋浪杂套亚初齐亦土忘社避组积既握降号骨晓续忽舞宝层例划投沙波嘴律脸球演斗欢校苏凡勇妻危顺密材章诉朝背富独星兵顾藏恐香托维卷彩兰否艺孙钟秋户仁刀承吧惊护善卖跳块龙阿增导牌率器拿静属右雷园检简激伸府妇谢仍育联标吗讲判介另巴轮委谁雄负堂男诗财跑句项休绿差私板仅怀睡喝犯隐顿适福佛耳值困毛止掌够招访宁班船端急释倒抱君露画概职帮左考围份股选穿京讨致错网练乱胜店射窗尼案科草警含茶银争亮排苦线松饭执参源买局玉追居曲区您楚付词策夏逐雪环史采某痛摇奇秀甚丽占田孩默愿夜刘济暗超卫树较弟阴基厅织封冷脚探游脑质妈软党敢威兄硬汉扬座室醒荣登莫责置希礼怕副宣替害供按叶油杨幸啊农速拍缓攻限停街专普陈席阵克误吉团铁互需素冲预唐娘破创温州束资习虚险药宗怪角欧慢掉古升雨姓楼纪盖归脱宫技春酒岁味状禁著伯景派欲获皮庭吸肉渐忙族牛胡劳迎换架察野毒午担伙笔际突价医智乡旧村圣趣康临梦假哈益烈尚索罪衣疑灵免征短顶丁沉米助食永坚态境晚河朱列击灯纳母批操救哥试守伤毫充历缺监庄修湖哪血异养防营木梅省靠般退竟赶馆研摆冰熟广斯料姑恩遇翻虑配优床纸散烟败读谓细遍移肯效略杀镇模坏丝抓睛玩歌权迷洋屋规祖秘继范验队施寻级余盘压戏挥恶姐菜呼借毕查旁贵良印\r\n-----第61836段-乱序--c.fw.1.5","self_id":2997400528,"sender":{"age":6,"area":"北京","card":"","level":"波音747","nickname":"小拆","role":"admin","sex":"female","title":"","user_id":207938707},"sub_type":"normal","time":1557891748,"user_id":207938707}
[19-05-15 11:42:29] [PicqBotX] [DEBUG(java.lang.Thread.run:748)] 收到新请求: CQHttp/4.8.0
[19-05-15 11:42:29] [PicqBotX] [DEBUG(java.lang.Thread.run:748)] - 数据: {"anonymous":null,"font":6235136,"group_id":522394334,"message":"#赛文","message_id":11046,"message_type":"group","post_type":"message","raw_message":"#赛文","self_id":2997400528,"sender":{"age":8,"area":"广州","card":"谭宇-养生式跟打","level":"入门","nickname":"0 4 . 2 2","role":"admin","sex":"male","title":"","user_id":1061917196},"sub_type":"normal","time":1557891749,"user_id":1061917196}
[19-05-15 11:42:30] [PicqBotX] [DEBUG(java.lang.Thread.run:748)] 收到新请求: CQHttp/4.8.0
[19-05-15 11:42:30] [PicqBotX] [DEBUG(java.lang.Thread.run:748)] - 数据: {"anonymous":null,"font":6234976,"group_id":556981260,"message":"#不打了","message_id":11047,"message_type":"group","post_type":"message","raw_message":"#不打了","self_id":2997400528,"sender":{"age":0,"area":"广州","card":"无聊-小鹤","level":"新日电动车","nickname":"无聊","role":"member","sex":"male","title":"","user_id":779855010},"sub_type":"normal","time":1557891750,"user_id":779855010}
[19-05-15 11:42:31] [PicqBotX] [DEBUG(java.lang.Thread.run:748)] 收到新请求: CQHttp/4.8.0
[19-05-15 11:42:31] [PicqBotX] [DEBUG(java.lang.Thread.run:748)] - 数据: {"anonymous":null,"font":6235744,"group_id":522394334,"message":"《卡莫迪太太的小店》日赛第533期-二花制作\r\n卡莫迪太太太在街角的小店，是在东部小镇子上都能找到的那种，由寡妇所开。这儿那儿，你还能发现这种小店，可是卡莫迪太太开她那间，已经是三十四年前的事了。那间小店卖《勇气与运气》杂志、土豆（几乎都是每次不超过半口就吃完了）、劳拉・吉恩・利比的长篇小说、“16-1”巧克力条、能在小孩的手背上印假刺青的贴画、用毛茸茸的绳子捆着的引火柴、克拉克牌丝光线、雪茄和烟草、哥本哈根鼻烟、少量的煤油、巧克力糖、《年轻而荒凉的西部》、《工作及赢取》以及天晓得还有别的什么东西。《勇气与运气》、《年轻而荒凉的西部》和《工作及赢取》都是五分钱一本的杂志，每星期一期。卡莫迪太太那间小店的小小橱窗后面，横着拉了根绳子，这几种杂志就挂在上面，好让颜色鲜艳的封面能吸引街上的行人。卡莫迪太太有两个孩子，约翰和比他安静一点的弟弟威廉。约翰马上要满九岁，他着迷的是《勇气与运气》和别的故事书。他把那些全读了，但是读的时候不能把杂志页裁开，那种杂志上方没有切边。一旦裁开，就成了二手的《勇气与运气》或者《年轻而荒凉的西部》或者别的不管什么杂志，那样就只值两分半。\r\n-----第999段-1200S-463Z-4L-a2ca5c09V--c.sw.1.1\r\n本文由 散文 组成","message_id":11048,"message_type":"group","post_type":"message","raw_message":"《卡莫迪太太的小店》日赛第533期-二花制作\r\n卡莫迪太太太在街角的小店，是在东部小镇子上都能找到的那种，由寡妇所开。这儿那儿，你还能发现这种小店，可是卡莫迪太太开她那间，已经是三十四年前的事了。那间小店卖《勇气与运气》杂志、土豆（几乎都是每次不超过半口就吃完了）、劳拉・吉恩・利比的长篇小说、“16-1”巧克力条、能在小孩的手背上印假刺青的贴画、用毛茸茸的绳子捆着的引火柴、克拉克牌丝光线、雪茄和烟草、哥本哈根鼻烟、少量的煤油、巧克力糖、《年轻而荒凉的西部》、《工作及赢取》以及天晓得还有别的什么东西。《勇气与运气》、《年轻而荒凉的西部》和《工作及赢取》都是五分钱一本的杂志，每星期一期。卡莫迪太太那间小店的小小橱窗后面，横着拉了根绳子，这几种杂志就挂在上面，好让颜色鲜艳的封面能吸引街上的行人。卡莫迪太太有两个孩子，约翰和比他安静一点的弟弟威廉。约翰马上要满九岁，他着迷的是《勇气与运气》和别的故事书。他把那些全读了，但是读的时候不能把杂志页裁开，那种杂志上方没有切边。一旦裁开，就成了二手的《勇气与运气》或者《年轻而荒凉的西部》或者别的不管什么杂志，那样就只值两分半。\r\n-----第999段-1200S-463Z-4L-a2ca5c09V--c.sw.1.1\r\n本文由 散文 组成","self_id":2997400528,"sender":{"age":6,"area":"北京","card":"","level":"小白","nickname":"小拆","role":"member","sex":"female","title":"","user_id":207938707},"sub_type":"normal","time":1557891750,"user_id":207938707}
[19-05-15 11:42:33] [PicqBotX] [DEBUG(java.lang.Thread.run:748)] 收到新请求: CQHttp/4.8.0
[19-05-15 11:42:33] [PicqBotX] [DEBUG(java.lang.Thread.run:748)] - 数据: {"anonymous":null,"font":6235264,"group_id":556981260,"message":"本次跟打共发文 1 次，字数 500 字，跟打 0 次，跟打 0 人。\r\n感谢各位的跟打，本次发文已结束。","message_id":11049,"message_type":"group","post_type":"message","raw_message":"本次跟打共发文 1 次，字数 500 字，跟打 0 次，跟打 0 人。\r\n感谢各位的跟打，本次发文已结束。","self_id":2997400528,"sender":{"age":6,"area":"北京","card":"","level":"波音747","nickname":"小拆","role":"admin","sex":"female","title":"","user_id":207938707},"sub_type":"normal","time":1557891753,"user_id":207938707}
[19-05-15 11:43:48] [PicqBotX] [DEBUG(java.lang.Thread.run:748)] 收到新请求: CQHttp/4.8.0
[19-05-15 11:43:48] [PicqBotX] [DEBUG(java.lang.Thread.run:748)] - 数据: {"anonymous":null,"font":6235968,"group_id":556981260,"message":"第999段 速度246.90 回改2 错字0 击键8.14 码长1.98 单字25% 重打3次610字 标记关 防伪?9 峰值366.67/10.22/1.65 QQ09+ QQ五笔 201314","message_id":11050,"message_type":"group","post_type":"message","raw_message":"第999段 速度246.90 回改2 错字0 击键8.14 码长1.98 单字25% 重打3次610字 标记关 防伪?9 峰值366.67/10.22/1.65 QQ09+ QQ五笔 201314","self_id":2997400528,"sender":{"age":117,"area":"阿富汗","card":"××-五笔","level":"死飞单车","nickname":"丨灬丶Hy龄","role":"member","sex":"unknown","title":"","user_id":595526758},"sub_type":"normal","time":1557891828,"user_id":595526758}
[19-05-15 11:43:51] [PicqBotX] [DEBUG(java.lang.Thread.run:748)] 收到新请求: CQHttp/4.8.0
[19-05-15 11:43:51] [PicqBotX] [DEBUG(java.lang.Thread.run:748)] - 数据: {"anonymous":null,"font":6235744,"group_id":556981260,"message":"#成绩","message_id":11052,"message_type":"group","post_type":"message","raw_message":"#成绩","self_id":2997400528,"sender":{"age":117,"area":"阿富汗","card":"××-五笔","level":"死飞单车","nickname":"丨灬丶Hy龄","role":"member","sex":"unknown","title":"","user_id":595526758},"sub_type":"normal","time":1557891831,"user_id":595526758}
[19-05-15 11:43:54] [PicqBotX] [DEBUG(java.lang.Thread.run:748)] 收到新请求: CQHttp/4.8.0
