[19-05-13 13:45:23] [PicqBotX] [INFO] 
[19-05-13 13:45:23] [PicqBotX] [INFO]     ____  _            ____        __ _  __
[19-05-13 13:45:23] [PicqBotX] [INFO]    / __ \(_)________ _/ __ )____  / /| |/ /
[19-05-13 13:45:23] [PicqBotX] [INFO]   / /_/ / / ___/ __ `/ __  / __ \/ __/   /
[19-05-13 13:45:23] [PicqBotX] [INFO]  / ____/ / /__/ /_/ / /_/ / /_/ / /_/   |
[19-05-13 13:45:23] [PicqBotX] [INFO] /_/   /_/\___/\__, /_____/\____/\__/_/|_|
[19-05-13 13:45:23] [PicqBotX] [INFO]                 /_/         v3.2.2.896
[19-05-13 13:45:23] [PicqBotX] [INFO] 日志管理器     初始化完成 [******] ...(29.34 ms)
[19-05-13 13:45:23] [PicqBotX] [INFO] 缓存管理器     初始化完成 [******] ...(1.75 ms)
[19-05-13 13:45:23] [PicqBotX] [INFO] DEBUG设置     初始化完成 [******] ...(0.01 ms)
[19-05-13 13:45:23] [PicqBotX] [INFO] 事件管理器     初始化完成 [******] ...(29.75 ms)
[19-05-13 13:45:23] [PicqBotX] [INFO] 账号管理器     初始化完成 [******] ...(1.15 ms)
[19-05-13 13:45:23] [PicqBotX] [INFO] HTTP监听服务器 初始化完成 [******] ...(1.29 ms)
[19-05-13 13:45:24] [PicqBotX] [INFO] 指令管理器     初始化完成 [******] ...(2.06 ms)
[19-05-13 13:45:24] [PicqBotX] [WARNING] 账号 Bot01: 版本正确, 不过用酷Q Pro的话效果更好哦!
[19-05-13 13:45:24] [PicqBotX] [INFO] 账号 Bot01:   版本验证完成!
[19-05-13 13:45:24] [PicqBotX] [INFO] 正在启动...
[19-05-13 13:45:41] [PicqBotX] [DEBUG(java.lang.Thread.run:748)] 收到新请求: CQHttp/4.8.0
[19-05-13 13:45:41] [PicqBotX] [DEBUG(java.lang.Thread.run:748)] - 数据: {"anonymous":null,"font":54232552,"group_id":556981260,"message":"#成绩","message_id":8626,"message_type":"group","post_type":"message","raw_message":"#成绩","self_id":2997400528,"sender":{"age":32,"area":"上海","card":"清凉爽口-小鹤音形","level":"新日电动车","nickname":"清凉爽口","role":"member","sex":"male","title":"","user_id":573294473},"sub_type":"normal","time":1557726341,"user_id":573294473}
[19-05-13 13:45:44] [PicqBotX] [DEBUG(java.lang.Thread.run:748)] 收到新请求: CQHttp/4.8.0
[19-05-13 13:45:44] [PicqBotX] [DEBUG(java.lang.Thread.run:748)] - 数据: {"anonymous":null,"font":54232232,"group_id":556981260,"message":"[CQ:image,file=A745CD9432BB0537B136075C51B2DD7B.png,url=https://gchat.qpic.cn/gchatpic_new/207938707/556981260-2748060529-A745CD9432BB0537B136075C51B2DD7B/0?vuin=2997400528&amp;term=2]","message_id":8627,"message_type":"group","post_type":"message","raw_message":"[CQ:image,file=A745CD9432BB0537B136075C51B2DD7B.png]","self_id":2997400528,"sender":{"age":6,"area":"北京","card":"","level":"波音747","nickname":"小拆","role":"admin","sex":"female","title":"","user_id":207938707},"sub_type":"normal","time":1557726344,"user_id":207938707}
[19-05-13 13:45:52] [PicqBotX] [DEBUG(java.lang.Thread.run:748)] 收到新请求: CQHttp/4.8.0
[19-05-13 13:45:52] [PicqBotX] [DEBUG(java.lang.Thread.run:748)] - 数据: {"anonymous":null,"font":54232072,"group_id":556981260,"message":"100键准我也打过，10个字的","message_id":8628,"message_type":"group","post_type":"message","raw_message":"100键准我也打过，10个字的","self_id":2997400528,"sender":{"age":27,"area":"武汉","card":"随心-小鹤拼音","level":"死飞单车","nickname":"№默☆伤♂","role":"member","sex":"male","title":"","user_id":1101721752},"sub_type":"normal","time":1557726352,"user_id":1101721752}
[19-05-13 13:46:12] [PicqBotX] [DEBUG(java.lang.Thread.run:748)] 收到新请求: CQHttp/4.8.0
[19-05-13 13:46:12] [PicqBotX] [DEBUG(java.lang.Thread.run:748)] - 数据: {"anonymous":null,"font":54232648,"group_id":556981260,"message":"这成绩一发我都不敢打了","message_id":8629,"message_type":"group","post_type":"message","raw_message":"这成绩一发我都不敢打了","self_id":2997400528,"sender":{"age":0,"area":"","card":"幻指-全拼弟弟","level":"死飞单车","nickname":"忧","role":"member","sex":"male","title":"究极蛇形走位","user_id":275782915},"sub_type":"normal","time":1557726372,"user_id":275782915}
[19-05-13 13:46:42] [PicqBotX] [DEBUG(java.lang.Thread.run:748)] 收到新请求: CQHttp/4.8.0
[19-05-13 13:46:42] [PicqBotX] [DEBUG(java.lang.Thread.run:748)] - 数据: {"anonymous":null,"font":54232776,"group_id":556981260,"message":"9.36是什么鬼","message_id":8630,"message_type":"group","post_type":"message","raw_message":"9.36是什么鬼","self_id":2997400528,"sender":{"age":27,"area":"武汉","card":"随心-小鹤拼音","level":"死飞单车","nickname":"№默☆伤♂","role":"member","sex":"male","title":"","user_id":1101721752},"sub_type":"normal","time":1557726402,"user_id":1101721752}
[19-05-13 13:46:51] [PicqBotX] [DEBUG(java.lang.Thread.run:748)] 收到新请求: CQHttp/4.8.0
[19-05-13 13:46:51] [PicqBotX] [DEBUG(java.lang.Thread.run:748)] - 数据: {"anonymous":null,"font":54232744,"group_id":556981260,"message":"明显出错了吧","message_id":8631,"message_type":"group","post_type":"message","raw_message":"明显出错了吧","self_id":2997400528,"sender":{"age":27,"area":"武汉","card":"随心-小鹤拼音","level":"死飞单车","nickname":"№默☆伤♂","role":"member","sex":"male","title":"","user_id":1101721752},"sub_type":"normal","time":1557726411,"user_id":1101721752}
[19-05-13 13:47:09] [PicqBotX] [DEBUG(java.lang.Thread.run:748)] 收到新请求: CQHttp/4.8.0
[19-05-13 13:47:09] [PicqBotX] [DEBUG(java.lang.Thread.run:748)] - 数据: {"anonymous":null,"font":54232072,"group_id":556981260,"message":"没问题吧","message_id":8632,"message_type":"group","post_type":"message","raw_message":"没问题吧","self_id":2997400528,"sender":{"age":0,"area":"","card":"喜凉","level":"死飞单车","nickname":"喜凉","role":"member","sex":"unknown","title":"","user_id":8087506},"sub_type":"normal","time":1557726429,"user_id":8087506}
[19-05-13 13:47:18] [PicqBotX] [DEBUG(java.lang.Thread.run:748)] 收到新请求: CQHttp/4.8.0
[19-05-13 13:47:18] [PicqBotX] [DEBUG(java.lang.Thread.run:748)] - 数据: {"anonymous":null,"font":54231944,"group_id":556981260,"message":"码长3.31没问题","message_id":8633,"message_type":"group","post_type":"message","raw_message":"码长3.31没问题","self_id":2997400528,"sender":{"age":0,"area":"","card":"喜凉","level":"死飞单车","nickname":"喜凉","role":"member","sex":"unknown","title":"","user_id":8087506},"sub_type":"normal","time":1557726438,"user_id":8087506}
[19-05-13 13:47:45] [PicqBotX] [DEBUG(java.lang.Thread.run:748)] 收到新请求: CQHttp/4.8.0
[19-05-13 13:47:45] [PicqBotX] [DEBUG(java.lang.Thread.run:748)] - 数据: {"font":54232296,"message":"!l","message_id":8634,"message_type":"private","post_type":"message","raw_message":"!l","self_id":2997400528,"sender":{"age":8,"nickname":"0 4 . 2 2","sex":"male","user_id":1061917196},"sub_type":"friend","time":1557726465,"user_id":1061917196}
[19-05-13 13:47:50] [PicqBotX] [DEBUG(java.lang.Thread.run:748)] 收到新请求: CQHttp/4.8.0
[19-05-13 13:47:50] [PicqBotX] [DEBUG(java.lang.Thread.run:748)] - 数据: {"font":54232424,"message":"!u","message_id":8636,"message_type":"private","post_type":"message","raw_message":"!u","self_id":2997400528,"sender":{"age":8,"nickname":"0 4 . 2 2","sex":"male","user_id":1061917196},"sub_type":"friend","time":1557726470,"user_id":1061917196}
[19-05-13 13:48:11] [PicqBotX] [DEBUG(java.lang.Thread.run:748)] 收到新请求: CQHttp/4.8.0
[19-05-13 13:48:11] [PicqBotX] [DEBUG(java.lang.Thread.run:748)] - 数据: {"font":54232680,"message":"!l","message_id":8639,"message_type":"private","post_type":"message","raw_message":"!l","self_id":2997400528,"sender":{"age":8,"nickname":"0 4 . 2 2","sex":"male","user_id":1061917196},"sub_type":"friend","time":1557726491,"user_id":1061917196}
[19-05-13 13:48:18] [PicqBotX] [DEBUG(java.lang.Thread.run:748)] 收到新请求: CQHttp/4.8.0
[19-05-13 13:48:18] [PicqBotX] [DEBUG(java.lang.Thread.run:748)] - 数据: {"anonymous":null,"font":54232296,"group_id":556981260,"message":"太强了吧","message_id":8641,"message_type":"group","post_type":"message","raw_message":"太强了吧","self_id":2997400528,"sender":{"age":18,"area":"","card":"榆木-小鹤音形","level":"五菱宏光","nickname":"千年回眸","role":"member","sex":"female","title":"","user_id":2963900463},"sub_type":"normal","time":1557726498,"user_id":2963900463}
[19-05-13 13:48:43] [PicqBotX] [DEBUG(java.lang.Thread.run:748)] 收到新请求: CQHttp/4.8.0
[19-05-13 13:48:43] [PicqBotX] [DEBUG(java.lang.Thread.run:748)] - 数据: {"anonymous":null,"font":54232488,"group_id":556981260,"message":"[CQ:image,file=DE10191DC7093A928E107B3A47CC926E.gif,url=https://gchat.qpic.cn/gchatpic_new/2963900463/556981260-2632246516-DE10191DC7093A928E107B3A47CC926E/0?vuin=2997400528&amp;term=2]","message_id":8642,"message_type":"group","post_type":"message","raw_message":"[CQ:image,file=DE10191DC7093A928E107B3A47CC926E.gif]","self_id":2997400528,"sender":{"age":18,"area":"","card":"榆木-小鹤音形","level":"五菱宏光","nickname":"千年回眸","role":"member","sex":"female","title":"","user_id":2963900463},"sub_type":"normal","time":1557726523,"user_id":2963900463}
[19-05-13 13:49:24] [PicqBotX] [DEBUG(java.lang.Thread.run:748)] 收到新请求: CQHttp/4.8.0
[19-05-13 13:49:24] [PicqBotX] [DEBUG(java.lang.Thread.run:748)] - 数据: {"anonymous":null,"font":54232360,"group_id":556981260,"message":"咸鱼","message_id":8643,"message_type":"group","post_type":"message","raw_message":"咸鱼","self_id":2997400528,"sender":{"age":27,"area":"武汉","card":"随心-小鹤拼音","level":"死飞单车","nickname":"№默☆伤♂","role":"member","sex":"male","title":"","user_id":1101721752},"sub_type":"normal","time":1557726564,"user_id":1101721752}
[19-05-13 13:49:24] [PicqBotX] [DEBUG(java.lang.Thread.run:748)] 收到新请求: CQHttp/4.8.0
[19-05-13 13:49:24] [PicqBotX] [DEBUG(java.lang.Thread.run:748)] - 数据: {"anonymous":null,"font":54232296,"group_id":556981260,"message":"[CQ:image,file=DE10191DC7093A928E107B3A47CC926E.gif,url=https://gchat.qpic.cn/gchatpic_new/2963900463/556981260-2632246516-DE10191DC7093A928E107B3A47CC926E/0?vuin=2997400528&amp;term=2]","message_id":8644,"message_type":"group","post_type":"message","raw_message":"[CQ:image,file=DE10191DC7093A928E107B3A47CC926E.gif]","self_id":2997400528,"sender":{"age":27,"area":"武汉","card":"随心-小鹤拼音","level":"死飞单车","nickname":"№默☆伤♂","role":"member","sex":"male","title":"","user_id":1101721752},"sub_type":"normal","time":1557726564,"user_id":1101721752}
[19-05-13 13:50:10] [PicqBotX] [DEBUG(java.lang.Thread.run:748)] 收到新请求: CQHttp/4.8.0
[19-05-13 13:50:10] [PicqBotX] [DEBUG(java.lang.Thread.run:748)] - 数据: {"anonymous":null,"font":54232680,"group_id":556981260,"message":"不可能这么低，一定是出问题了","message_id":8645,"message_type":"group","post_type":"message","raw_message":"不可能这么低，一定是出问题了","self_id":2997400528,"sender":{"age":27,"area":"武汉","card":"随心-小鹤拼音","level":"死飞单车","nickname":"№默☆伤♂","role":"member","sex":"male","title":"","user_id":1101721752},"sub_type":"normal","time":1557726610,"user_id":1101721752}
[19-05-13 13:50:54] [PicqBotX] [DEBUG(java.lang.Thread.run:748)] 收到新请求: CQHttp/4.8.0
[19-05-13 13:50:54] [PicqBotX] [DEBUG(java.lang.Thread.run:748)] - 数据: {"anonymous":null,"font":54232424,"group_id":556981260,"message":"应该是中途拉屎去了","message_id":8646,"message_type":"group","post_type":"message","raw_message":"应该是中途拉屎去了","self_id":2997400528,"sender":{"age":0,"area":"广州","card":"无聊-小鹤","level":"新日电动车","nickname":"无聊","role":"member","sex":"male","title":"","user_id":779855010},"sub_type":"normal","time":1557726654,"user_id":779855010}
[19-05-13 13:51:49] [PicqBotX] [DEBUG(java.lang.Thread.run:748)] 收到新请求: CQHttp/4.8.0
[19-05-13 13:51:49] [PicqBotX] [DEBUG(java.lang.Thread.run:748)] - 数据: {"anonymous":null,"font":54232712,"group_id":556981260,"message":"离开一段时间好像会自动暂停的","message_id":8647,"message_type":"group","post_type":"message","raw_message":"离开一段时间好像会自动暂停的","self_id":2997400528,"sender":{"age":27,"area":"武汉","card":"随心-小鹤拼音","level":"死飞单车","nickname":"№默☆伤♂","role":"member","sex":"male","title":"","user_id":1101721752},"sub_type":"normal","time":1557726709,"user_id":1101721752}
[19-05-13 13:52:08] [PicqBotX] [DEBUG(java.lang.Thread.run:748)] 收到新请求: CQHttp/4.8.0
[19-05-13 13:52:08] [PicqBotX] [DEBUG(java.lang.Thread.run:748)] - 数据: {"anonymous":null,"font":54232840,"group_id":556981260,"message":"第999段 速度105.55 击键6.66 回改51(16.50s) 连改18 退格88 回车0 键准86.49% 码长3.78 选重18 错字0 字数576 键数2176 用时5:26.850 重打6 峰值125.23/7.76/3.65 打词0 回改率6.47% 停留&#91;够稳重&#93;4.81s 效率143% &#91;右926:696&#93; 起打于13:47:03 赛文验证:91106 校验:77269 t46.15","message_id":8648,"message_type":"group","post_type":"message","raw_message":"第999段 速度105.55 击键6.66 回改51(16.50s) 连改18 退格88 回车0 键准86.49% 码长3.78 选重18 错字0 字数576 键数2176 用时5:26.850 重打6 峰值125.23/7.76/3.65 打词0 回改率6.47% 停留&#91;够稳重&#93;4.81s 效率143% &#91;右926:696&#93; 起打于13:47:03 赛文验证:91106 校验:77269 t46.15","self_id":2997400528,"sender":{"age":0,"area":"","card":"幻指-全拼弟弟","level":"死飞单车","nickname":"忧","role":"member","sex":"male","title":"究极蛇形走位","user_id":275782915},"sub_type":"normal","time":1557726728,"user_id":275782915}
[19-05-13 13:52:19] [PicqBotX] [DEBUG(java.lang.Thread.run:748)] 收到新请求: CQHttp/4.8.0
[19-05-13 13:52:19] [PicqBotX] [DEBUG(java.lang.Thread.run:748)] - 数据: {"anonymous":null,"font":54232584,"group_id":556981260,"message":"666","message_id":8649,"message_type":"group","post_type":"message","raw_message":"666","self_id":2997400528,"sender":{"age":27,"area":"武汉","card":"随心-小鹤拼音","level":"死飞单车","nickname":"№默☆伤♂","role":"member","sex":"male","title":"","user_id":1101721752},"sub_type":"normal","time":1557726739,"user_id":1101721752}
[19-05-13 13:52:36] [PicqBotX] [DEBUG(java.lang.Thread.run:748)] 收到新请求: CQHttp/4.8.0
[19-05-13 13:52:36] [PicqBotX] [DEBUG(java.lang.Thread.run:748)] - 数据: {"anonymous":null,"font":54232200,"group_id":556981260,"message":"666","message_id":8650,"message_type":"group","post_type":"message","raw_message":"666","self_id":2997400528,"sender":{"age":0,"area":"广州","card":"无聊-小鹤","level":"新日电动车","nickname":"无聊","role":"member","sex":"male","title":"","user_id":779855010},"sub_type":"normal","time":1557726756,"user_id":779855010}
[19-05-13 13:52:40] [PicqBotX] [DEBUG(java.lang.Thread.run:748)] 收到新请求: CQHttp/4.8.0
[19-05-13 13:52:40] [PicqBotX] [DEBUG(java.lang.Thread.run:748)] - 数据: {"anonymous":null,"font":54232616,"group_id":556981260,"message":"击键666？","message_id":8651,"message_type":"group","post_type":"message","raw_message":"击键666？","self_id":2997400528,"sender":{"age":0,"area":"","card":"幻指-全拼弟弟","level":"死飞单车","nickname":"忧","role":"member","sex":"male","title":"究极蛇形走位","user_id":275782915},"sub_type":"normal","time":1557726760,"user_id":275782915}
[19-05-13 13:52:43] [PicqBotX] [DEBUG(java.lang.Thread.run:748)] 收到新请求: CQHttp/4.8.0
[19-05-13 13:52:43] [PicqBotX] [DEBUG(java.lang.Thread.run:748)] - 数据: {"anonymous":null,"font":54232168,"group_id":556981260,"message":"俺真懵了","message_id":8652,"message_type":"group","post_type":"message","raw_message":"俺真懵了","self_id":2997400528,"sender":{"age":0,"area":"","card":"幻指-全拼弟弟","level":"死飞单车","nickname":"忧","role":"member","sex":"male","title":"究极蛇形走位","user_id":275782915},"sub_type":"normal","time":1557726763,"user_id":275782915}
[19-05-13 13:52:54] [PicqBotX] [DEBUG(java.lang.Thread.run:748)] 收到新请求: CQHttp/4.8.0
[19-05-13 13:52:54] [PicqBotX] [DEBUG(java.lang.Thread.run:748)] - 数据: {"anonymous":null,"font":54232168,"group_id":556981260,"message":"#成绩首打","message_id":8653,"message_type":"group","post_type":"message","raw_message":"#成绩首打","self_id":2997400528,"sender":{"age":0,"area":"","card":"幻指-全拼弟弟","level":"死飞单车","nickname":"忧","role":"member","sex":"male","title":"究极蛇形走位","user_id":275782915},"sub_type":"normal","time":1557726774,"user_id":275782915}
[19-05-13 13:52:57] [PicqBotX] [DEBUG(java.lang.Thread.run:748)] 收到新请求: CQHttp/4.8.0
[19-05-13 13:52:57] [PicqBotX] [DEBUG(java.lang.Thread.run:748)] - 数据: {"anonymous":null,"font":54232136,"group_id":556981260,"message":"[CQ:image,file=00988F384B964986C9D4AE5848BF11E4.png,url=https://gchat.qpic.cn/gchatpic_new/207938707/556981260-2999612348-00988F384B964986C9D4AE5848BF11E4/0?vuin=2997400528&amp;term=2]","message_id":8654,"message_type":"group","post_type":"message","raw_message":"[CQ:image,file=00988F384B964986C9D4AE5848BF11E4.png]","self_id":2997400528,"sender":{"age":6,"area":"北京","card":"","level":"波音747","nickname":"小拆","role":"admin","sex":"female","title":"","user_id":207938707},"sub_type":"normal","time":1557726777,"user_id":207938707}
[19-05-13 13:53:07] [PicqBotX] [DEBUG(java.lang.Thread.run:748)] 收到新请求: CQHttp/4.8.0
[19-05-13 13:53:07] [PicqBotX] [DEBUG(java.lang.Thread.run:748)] - 数据: {"anonymous":null,"font":54232872,"group_id":556981260,"message":"这击键给我就好了","message_id":8655,"message_type":"group","post_type":"message","raw_message":"这击键给我就好了","self_id":2997400528,"sender":{"age":27,"area":"武汉","card":"随心-小鹤拼音","level":"死飞单车","nickname":"№默☆伤♂","role":"member","sex":"male","title":"","user_id":1101721752},"sub_type":"normal","time":1557726787,"user_id":1101721752}
[19-05-13 13:53:22] [PicqBotX] [DEBUG(java.lang.Thread.run:748)] 收到新请求: CQHttp/4.8.0
[19-05-13 13:53:22] [PicqBotX] [DEBUG(java.lang.Thread.run:748)] - 数据: {"anonymous":null,"font":54232424,"group_id":556981260,"message":"凉了","message_id":8656,"message_type":"group","post_type":"message","raw_message":"凉了","self_id":2997400528,"sender":{"age":0,"area":"","card":"幻指-全拼弟弟","level":"死飞单车","nickname":"忧","role":"member","sex":"male","title":"究极蛇形走位","user_id":275782915},"sub_type":"normal","time":1557726802,"user_id":275782915}
[19-05-13 13:53:57] [PicqBotX] [DEBUG(java.lang.Thread.run:748)] 收到新请求: CQHttp/4.8.0
[19-05-13 13:53:57] [PicqBotX] [DEBUG(java.lang.Thread.run:748)] - 数据: {"anonymous":null,"font":54232072,"group_id":556981260,"message":"[CQ:image,file=BBACDEB898A4685BCE2FD1C53C1B5D6C.gif,url=https://gchat.qpic.cn/gchatpic_new/137255795/556981260-3059969301-BBACDEB898A4685BCE2FD1C53C1B5D6C/0?vuin=2997400528&amp;term=2]","message_id":8657,"message_type":"group","post_type":"message","raw_message":"[CQ:image,file=BBACDEB898A4685BCE2FD1C53C1B5D6C.gif]","self_id":2997400528,"sender":{"age":0,"area":"","card":"凌风-极点五笔092","level":"死飞单车","nickname":"Chilly Forest","role":"member","sex":"male","title":"","user_id":137255795},"sub_type":"normal","time":1557726836,"user_id":137255795}
[19-05-13 13:54:38] [PicqBotX] [DEBUG(java.lang.Thread.run:748)] 收到新请求: CQHttp/4.8.0
[19-05-13 13:54:38] [PicqBotX] [DEBUG(java.lang.Thread.run:748)] - 数据: {"anonymous":null,"font":54232648,"group_id":556981260,"message":"#继续","message_id":8658,"message_type":"group","post_type":"message","raw_message":"#继续","self_id":2997400528,"sender":{"age":0,"area":"","card":"凌风-极点五笔092","level":"死飞单车","nickname":"Chilly Forest","role":"member","sex":"male","title":"","user_id":137255795},"sub_type":"normal","time":1557726878,"user_id":137255795}
[19-05-13 13:54:39] [PicqBotX] [DEBUG(java.lang.Thread.run:748)] 收到新请求: CQHttp/4.8.0
[19-05-13 13:54:39] [PicqBotX] [DEBUG(java.lang.Thread.run:748)] - 数据: {"anonymous":null,"font":54232136,"group_id":556981260,"message":"词语\r\n领导管理重要组织合作教育干部美国群众部门生产加强今天活动会议文化没有提高自己公司有关方面今年一些通过\r\n-----第61819段-余3300字--c.fw.1.5","message_id":8659,"message_type":"group","post_type":"message","raw_message":"词语\r\n领导管理重要组织合作教育干部美国群众部门生产加强今天活动会议文化没有提高自己公司有关方面今年一些通过\r\n-----第61819段-余3300字--c.fw.1.5","self_id":2997400528,"sender":{"age":6,"area":"北京","card":"","level":"波音747","nickname":"小拆","role":"admin","sex":"female","title":"","user_id":207938707},"sub_type":"normal","time":1557726879,"user_id":207938707}
[19-05-13 13:57:36] [PicqBotX] [DEBUG(java.lang.Thread.run:748)] 收到新请求: CQHttp/4.8.0
[19-05-13 13:57:36] [PicqBotX] [DEBUG(java.lang.Thread.run:748)] - 数据: {"anonymous":null,"font":54232648,"group_id":556981260,"message":"第61819段 速度227.15 击键5.13 码长1.35 键准100% 回改0 退格0 错字0 选重16 打词0 字数50 停留&#91;公司&#93;0.77s 效率208% &#91;左24:15&#93; 峰值261.77/6.11/1.33 用时0:12.679 校验:64397 t46.15","message_id":8660,"message_type":"group","post_type":"message","raw_message":"第61819段 速度227.15 击键5.13 码长1.35 键准100% 回改0 退格0 错字0 选重16 打词0 字数50 停留&#91;公司&#93;0.77s 效率208% &#91;左24:15&#93; 峰值261.77/6.11/1.33 用时0:12.679 校验:64397 t46.15","self_id":2997400528,"sender":{"age":0,"area":"","card":"凌风-极点五笔092","level":"死飞单车","nickname":"Chilly Forest","role":"member","sex":"male","title":"","user_id":137255795},"sub_type":"normal","time":1557727056,"user_id":137255795}
[19-05-13 13:57:41] [PicqBotX] [DEBUG(java.lang.Thread.run:748)] 收到新请求: CQHttp/4.8.0
[19-05-13 13:57:41] [PicqBotX] [DEBUG(java.lang.Thread.run:748)] - 数据: {"anonymous":null,"font":54232488,"group_id":556981260,"message":"词语\r\n代表同志科技要求地区服务中央第一农民主席思想人员建立解决政治工程研究历史生活举行两国报道情况目前实现\r\n-----第61820段-余3250字--c.fw.1.5","message_id":8661,"message_type":"group","post_type":"message","raw_message":"词语\r\n代表同志科技要求地区服务中央第一农民主席思想人员建立解决政治工程研究历史生活举行两国报道情况目前实现\r\n-----第61820段-余3250字--c.fw.1.5","self_id":2997400528,"sender":{"age":6,"area":"北京","card":"","level":"波音747","nickname":"小拆","role":"admin","sex":"female","title":"","user_id":207938707},"sub_type":"normal","time":1557727061,"user_id":207938707}
[19-05-13 14:01:55] [PicqBotX] [DEBUG(java.lang.Thread.run:748)] 收到新请求: CQHttp/4.8.0
[19-05-13 14:01:55] [PicqBotX] [DEBUG(java.lang.Thread.run:748)] - 数据: {"anonymous":null,"font":54232744,"group_id":522394334,"message":"[CQ:image,file=943A8796F54810AAE9C385834DE95847.jpg,url=https://gchat.qpic.cn/gchatpic_new/307469495/522394334-3109521707-943A8796F54810AAE9C385834DE95847/0?vuin=2997400528&amp;term=2]","message_id":8662,"message_type":"group","post_type":"message","raw_message":"[CQ:image,file=943A8796F54810AAE9C385834DE95847.jpg]","self_id":2997400528,"sender":{"age":28,"area":"吴忠","card":"垫底的蜗牛-小鹤音形","level":"中级","nickname":"大学渣","role":"member","sex":"male","title":"","user_id":307469495},"sub_type":"normal","time":1557727315,"user_id":307469495}
[19-05-13 14:02:09] [PicqBotX] [DEBUG(java.lang.Thread.run:748)] 收到新请求: CQHttp/4.8.0
[19-05-13 14:02:09] [PicqBotX] [DEBUG(java.lang.Thread.run:748)] - 数据: {"anonymous":null,"font":54232232,"group_id":522394334,"message":"记的谁之前用这张当壁纸来着","message_id":8663,"message_type":"group","post_type":"message","raw_message":"记的谁之前用这张当壁纸来着","self_id":2997400528,"sender":{"age":28,"area":"吴忠","card":"垫底的蜗牛-小鹤音形","level":"中级","nickname":"大学渣","role":"member","sex":"male","title":"","user_id":307469495},"sub_type":"normal","time":1557727329,"user_id":307469495}
[19-05-13 14:02:19] [PicqBotX] [DEBUG(java.lang.Thread.run:748)] 收到新请求: CQHttp/4.8.0
[19-05-13 14:02:19] [PicqBotX] [DEBUG(java.lang.Thread.run:748)] - 数据: {"anonymous":null,"font":54232296,"group_id":522394334,"message":"偶然发现了觉得挺不错的 ","message_id":8664,"message_type":"group","post_type":"message","raw_message":"偶然发现了觉得挺不错的 ","self_id":2997400528,"sender":{"age":28,"area":"吴忠","card":"垫底的蜗牛-小鹤音形","level":"中级","nickname":"大学渣","role":"member","sex":"male","title":"","user_id":307469495},"sub_type":"normal","time":1557727339,"user_id":307469495}
[19-05-13 14:02:22] [PicqBotX] [DEBUG(java.lang.Thread.run:748)] 收到新请求: CQHttp/4.8.0
[19-05-13 14:02:22] [PicqBotX] [DEBUG(java.lang.Thread.run:748)] - 数据: {"anonymous":null,"font":54232328,"group_id":522394334,"message":"公司电脑就用了","message_id":8665,"message_type":"group","post_type":"message","raw_message":"公司电脑就用了","self_id":2997400528,"sender":{"age":28,"area":"吴忠","card":"垫底的蜗牛-小鹤音形","level":"中级","nickname":"大学渣","role":"member","sex":"male","title":"","user_id":307469495},"sub_type":"normal","time":1557727342,"user_id":307469495}
[19-05-13 14:05:47] [PicqBotX] [DEBUG(java.lang.Thread.run:748)] 收到新请求: CQHttp/4.8.0
[19-05-13 14:05:47] [PicqBotX] [DEBUG(java.lang.Thread.run:748)] - 数据: {"font":54231912,"message":"查 谭宇","message_id":8666,"message_type":"private","post_type":"message","raw_message":"查 谭宇","self_id":2997400528,"sender":{"age":8,"nickname":"0 4 . 2 2","sex":"male","user_id":1061917196},"sub_type":"friend","time":1557727547,"user_id":1061917196}
[19-05-13 14:09:37] [PicqBotX] [DEBUG(java.lang.Thread.run:748)] 收到新请求: CQHttp/4.8.0
[19-05-13 14:09:37] [PicqBotX] [DEBUG(java.lang.Thread.run:748)] - 数据: {"anonymous":null,"font":54232584,"group_id":556981260,"message":"#赛文","message_id":8668,"message_type":"group","post_type":"message","raw_message":"#赛文","self_id":2997400528,"sender":{"age":22,"area":"济南","card":"阿金-E迅速录","level":"新日电动车","nickname":"E迅阿金","role":"member","sex":"male","title":"","user_id":2623495687},"sub_type":"normal","time":1557727777,"user_id":2623495687}
[19-05-13 14:09:38] [PicqBotX] [DEBUG(java.lang.Thread.run:748)] 收到新请求: CQHttp/4.8.0
[19-05-13 14:09:38] [PicqBotX] [DEBUG(java.lang.Thread.run:748)] - 数据: {"anonymous":null,"font":54231976,"group_id":556981260,"message":"我的世界树6第1129期-灰制作\r\n这些年来，我们看见每况愈下的公信力，看见每况愈下的社会，不是因为我们做了什么，而是因为我们什么都不做了，我们连说都不说了。当有一天你看到某个令人愤慨的新闻，你嘿嘿一笑，非常“成熟”地说这世界就这样子，趋势就已经达成了，很遗憾，这是坏的趋势，那么社会还会更坏的。有人可曾看见自己身边的趋势吗？其实我也并不疑惑他们为什么会那样说我，若他们真的承认我没有为了利益，他们就什么立场都站不住了，他们只能这样认为、认定、笃定我将来会因为利益而后悔。而现在这个环境下的一切也更加贴近利益，公平的道德已经稀薄到一定程度，于是欺骗也不用太费心，利益则成为了最简单的衡量标准。如同韩寒与方舟子的事情，其实相当一部分倒韩的，都是下意识的嫉妒于韩寒获得的巨大影响力，名和利。其实我们以前写文，每个人都力求表现自己的成熟，哪怕没看什么书，也希望别人能觉得自己够成熟够稳重，那时候抄了一句句的名著名言在本子上，作文里偶尔用上一句“巴尔扎克说过”，其实压根没看那书，现在按照那种标准，我无法证明任何一本书是我写的，这是何其悲剧的一件事。方舟子，贼也。我不是文人，我不敢当，我不敢说的话，韩寒那边说出来了，于是在我来说，倒是很认同他……啊，这个倒是写着写着就跑题了……我想我是不够光明正大的，总是想要在夹缝中表达一些自己的立场，虽然到得现在，单纯表达立场这种事情也已经很难被人理解了。\r\n-----第999段-1200S-576Z-3L-f426422eV--c.sw.1.1","message_id":8669,"message_type":"group","post_type":"message","raw_message":"我的世界树6第1129期-灰制作\r\n这些年来，我们看见每况愈下的公信力，看见每况愈下的社会，不是因为我们做了什么，而是因为我们什么都不做了，我们连说都不说了。当有一天你看到某个令人愤慨的新闻，你嘿嘿一笑，非常“成熟”地说这世界就这样子，趋势就已经达成了，很遗憾，这是坏的趋势，那么社会还会更坏的。有人可曾看见自己身边的趋势吗？其实我也并不疑惑他们为什么会那样说我，若他们真的承认我没有为了利益，他们就什么立场都站不住了，他们只能这样认为、认定、笃定我将来会因为利益而后悔。而现在这个环境下的一切也更加贴近利益，公平的道德已经稀薄到一定程度，于是欺骗也不用太费心，利益则成为了最简单的衡量标准。如同韩寒与方舟子的事情，其实相当一部分倒韩的，都是下意识的嫉妒于韩寒获得的巨大影响力，名和利。其实我们以前写文，每个人都力求表现自己的成熟，哪怕没看什么书，也希望别人能觉得自己够成熟够稳重，那时候抄了一句句的名著名言在本子上，作文里偶尔用上一句“巴尔扎克说过”，其实压根没看那书，现在按照那种标准，我无法证明任何一本书是我写的，这是何其悲剧的一件事。方舟子，贼也。我不是文人，我不敢当，我不敢说的话，韩寒那边说出来了，于是在我来说，倒是很认同他……啊，这个倒是写着写着就跑题了……我想我是不够光明正大的，总是想要在夹缝中表达一些自己的立场，虽然到得现在，单纯表达立场这种事情也已经很难被人理解了。\r\n-----第999段-1200S-576Z-3L-f426422eV--c.sw.1.1","self_id":2997400528,"sender":{"age":6,"area":"北京","card":"","level":"波音747","nickname":"小拆","role":"admin","sex":"female","title":"","user_id":207938707},"sub_type":"normal","time":1557727778,"user_id":207938707}
[19-05-13 14:11:38] [PicqBotX] [DEBUG(java.lang.Thread.run:748)] 收到新请求: CQHttp/4.8.0
[19-05-13 14:11:38] [PicqBotX] [DEBUG(java.lang.Thread.run:748)] - 数据: {"anonymous":null,"font":54232648,"group_id":556981260,"message":"第999段 速度323.87 击键5.49 码长1.02 回改5 错字0 键数586 键准96.42% 字数576 &#91;名著&#93;6.57s 打词109(79.34%/5.47) 起步509.07/8.48/1.00 波动0.41 评分：[CQ:image,file=F00535C757042ABDF0133F2A3909FD43.png,url=https://gchat.qpic.cn/gchatpic_new/2623495687/556981260-2852721533-F00535C757042ABDF0133F2A3909FD43/0?vuin=2997400528&amp;term=2]  输入法：搜狗拼音 起打于14:09:57 个签：我想打死在座的各位，或者被各位打死 y16","message_id":8670,"message_type":"group","post_type":"message","raw_message":"第999段 速度323.87 击键5.49 码长1.02 回改5 错字0 键数586 键准96.42% 字数576 &#91;名著&#93;6.57s 打词109(79.34%/5.47) 起步509.07/8.48/1.00 波动0.41 评分：[CQ:image,file=F00535C757042ABDF0133F2A3909FD43.png]  输入法：搜狗拼音 起打于14:09:57 个签：我想打死在座的各位，或者被各位打死 y16","self_id":2997400528,"sender":{"age":22,"area":"济南","card":"阿金-E迅速录","level":"新日电动车","nickname":"E迅阿金","role":"member","sex":"male","title":"","user_id":2623495687},"sub_type":"normal","time":1557727898,"user_id":2623495687}
[19-05-13 14:11:41] [PicqBotX] [DEBUG(java.lang.Thread.run:748)] 收到新请求: CQHttp/4.8.0
[19-05-13 14:11:41] [PicqBotX] [DEBUG(java.lang.Thread.run:748)] - 数据: {"anonymous":null,"font":54232328,"group_id":556981260,"message":"#成绩","message_id":8671,"message_type":"group","post_type":"message","raw_message":"#成绩","self_id":2997400528,"sender":{"age":22,"area":"济南","card":"阿金-E迅速录","level":"新日电动车","nickname":"E迅阿金","role":"member","sex":"male","title":"","user_id":2623495687},"sub_type":"normal","time":1557727901,"user_id":2623495687}
[19-05-13 14:11:41] [PicqBotX] [DEBUG(java.lang.Thread.run:748)] 收到新请求: CQHttp/4.8.0
[19-05-13 14:11:41] [PicqBotX] [DEBUG(java.lang.Thread.run:748)] - 数据: {"anonymous":null,"font":54232808,"group_id":556981260,"message":"检测到有人发比赛认证段，自动关闭机器人的发文功能。","message_id":8672,"message_type":"group","post_type":"message","raw_message":"检测到有人发比赛认证段，自动关闭机器人的发文功能。","self_id":2997400528,"sender":{"age":6,"area":"北京","card":"","level":"波音747","nickname":"小拆","role":"admin","sex":"female","title":"","user_id":207938707},"sub_type":"normal","time":1557727901,"user_id":207938707}
[19-05-13 14:11:44] [PicqBotX] [DEBUG(java.lang.Thread.run:748)] 收到新请求: CQHttp/4.8.0
[19-05-13 14:11:44] [PicqBotX] [DEBUG(java.lang.Thread.run:748)] - 数据: {"anonymous":null,"font":54232104,"group_id":556981260,"message":"[CQ:image,file=57FE43A5D448C4C57938CB28A5E2EFB2.png,url=https://gchat.qpic.cn/gchatpic_new/207938707/556981260-2688277943-57FE43A5D448C4C57938CB28A5E2EFB2/0?vuin=2997400528&amp;term=2]","message_id":8673,"message_type":"group","post_type":"message","raw_message":"[CQ:image,file=57FE43A5D448C4C57938CB28A5E2EFB2.png]","self_id":2997400528,"sender":{"age":6,"area":"北京","card":"","level":"波音747","nickname":"小拆","role":"admin","sex":"female","title":"","user_id":207938707},"sub_type":"normal","time":1557727904,"user_id":207938707}
[19-05-13 14:17:56] [PicqBotX] [DEBUG(java.lang.Thread.run:748)] 收到新请求: CQHttp/4.8.0
[19-05-13 14:17:56] [PicqBotX] [DEBUG(java.lang.Thread.run:748)] - 数据: {"anonymous":null,"font":54231976,"group_id":522394334,"message":"赛文","message_id":8674,"message_type":"group","post_type":"message","raw_message":"赛文","self_id":2997400528,"sender":{"age":22,"area":"济南","card":"阿金-E迅速录","level":"中级","nickname":"E迅阿金","role":"member","sex":"male","title":"","user_id":2623495687},"sub_type":"normal","time":1557728276,"user_id":2623495687}
[19-05-13 14:17:58] [PicqBotX] [DEBUG(java.lang.Thread.run:748)] 收到新请求: CQHttp/4.8.0
[19-05-13 14:17:58] [PicqBotX] [DEBUG(java.lang.Thread.run:748)] - 数据: {"anonymous":null,"font":54231976,"group_id":522394334,"message":"#赛文","message_id":8675,"message_type":"group","post_type":"message","raw_message":"#赛文","self_id":2997400528,"sender":{"age":22,"area":"济南","card":"阿金-E迅速录","level":"中级","nickname":"E迅阿金","role":"member","sex":"male","title":"","user_id":2623495687},"sub_type":"normal","time":1557728278,"user_id":2623495687}
[19-05-13 14:17:59] [PicqBotX] [DEBUG(java.lang.Thread.run:748)] 收到新请求: CQHttp/4.8.0
[19-05-13 14:17:59] [PicqBotX] [DEBUG(java.lang.Thread.run:748)] - 数据: {"anonymous":null,"font":54232520,"group_id":522394334,"message":"《裸泳》日赛第531期-二花制作\r\n在某海滨浴场洗海水浴时，伊佐塔太太遇上了一件麻烦事：当从深海游回岸边的途中，她突然发觉自己的游泳衣不在身上了。她弄不清事情是刚刚发生的，还是发生得有一阵儿了，总之，她穿的那件新比基尼泳装只剩下了胸罩。可能是她臀部扭动时，扣子脱落，那个像布条一般的三角裤衩从另一条大腿滑了下去，也许正在她身下不远处往下沉呢，她试图潜入水中去寻找，但没有成功。这是正午时分，海里四处都是人，有的在赛艇上，有的在小游艇上，还有的在游泳。伊佐塔太太不认识任何人。昨天，她丈夫把她送到此地后立即又回城里去了。她心想，眼下别无他法，只能找一艘救生船，或者找一个可信赖的男子，向他呼喊和求救，并要求他严守秘密。好在没有人怀疑她下身赤裸，因为她游泳时，决不把身子抬到水面，人们只能看见她的头和隐约可见的胳膊和胸部。这样，她就可以放心地去寻求援救了。为了弄清别人的眼睛到底能看清她身体的多少，她时不时停下来，几乎垂直地漂浮着，以便窥视一下自己的躯体。她惊讶地发现，阳光照射在水面，又变成水下清澈的闪光，她躯体上的一切在水中纤毫毕现。\r\n-----第999段-1200S-449Z-4L-c5e8d864V--c.sw.1.1\r\n本文由 散文 组成","message_id":8676,"message_type":"group","post_type":"message","raw_message":"《裸泳》日赛第531期-二花制作\r\n在某海滨浴场洗海水浴时，伊佐塔太太遇上了一件麻烦事：当从深海游回岸边的途中，她突然发觉自己的游泳衣不在身上了。她弄不清事情是刚刚发生的，还是发生得有一阵儿了，总之，她穿的那件新比基尼泳装只剩下了胸罩。可能是她臀部扭动时，扣子脱落，那个像布条一般的三角裤衩从另一条大腿滑了下去，也许正在她身下不远处往下沉呢，她试图潜入水中去寻找，但没有成功。这是正午时分，海里四处都是人，有的在赛艇上，有的在小游艇上，还有的在游泳。伊佐塔太太不认识任何人。昨天，她丈夫把她送到此地后立即又回城里去了。她心想，眼下别无他法，只能找一艘救生船，或者找一个可信赖的男子，向他呼喊和求救，并要求他严守秘密。好在没有人怀疑她下身赤裸，因为她游泳时，决不把身子抬到水面，人们只能看见她的头和隐约可见的胳膊和胸部。这样，她就可以放心地去寻求援救了。为了弄清别人的眼睛到底能看清她身体的多少，她时不时停下来，几乎垂直地漂浮着，以便窥视一下自己的躯体。她惊讶地发现，阳光照射在水面，又变成水下清澈的闪光，她躯体上的一切在水中纤毫毕现。\r\n-----第999段-1200S-449Z-4L-c5e8d864V--c.sw.1.1\r\n本文由 散文 组成","self_id":2997400528,"sender":{"age":6,"area":"北京","card":"","level":"小白","nickname":"小拆","role":"member","sex":"female","title":"","user_id":207938707},"sub_type":"normal","time":1557728279,"user_id":207938707}
[19-05-13 14:20:27] [PicqBotX] [DEBUG(java.lang.Thread.run:748)] 收到新请求: CQHttp/4.8.0
[19-05-13 14:20:27] [PicqBotX] [DEBUG(java.lang.Thread.run:748)] - 数据: {"anonymous":null,"font":54231944,"group_id":522394334,"message":"第999段 速度237.53 击键4.19 码长1.06 回改13 错字0 键数475 键准89.26% 字数449 打词90(77.28%/2.33) 起步285.89/4.76/1.00 暂停2次1:13秒 波动74.51 评分：[CQ:image,file=895B10FAF4B5EAAFD068AFE842541E54.png,url=https://gchat.qpic.cn/gchatpic_new/2623495687/522394334-2797323507-895B10FAF4B5EAAFD068AFE842541E54/0?vuin=2997400528&amp;term=2]  输入法：搜狗拼音 起打于14:18:26 个签：我想打死在座的各位，或者被各位打死 y16","message_id":8677,"message_type":"group","post_type":"message","raw_message":"第999段 速度237.53 击键4.19 码长1.06 回改13 错字0 键数475 键准89.26% 字数449 打词90(77.28%/2.33) 起步285.89/4.76/1.00 暂停2次1:13秒 波动74.51 评分：[CQ:image,file=895B10FAF4B5EAAFD068AFE842541E54.png]  输入法：搜狗拼音 起打于14:18:26 个签：我想打死在座的各位，或者被各位打死 y16","self_id":2997400528,"sender":{"age":22,"area":"济南","card":"阿金-E迅速录","level":"中级","nickname":"E迅阿金","role":"member","sex":"male","title":"","user_id":2623495687},"sub_type":"normal","time":1557728427,"user_id":2623495687}
[19-05-13 14:20:30] [PicqBotX] [DEBUG(java.lang.Thread.run:748)] 收到新请求: CQHttp/4.8.0
[19-05-13 14:20:30] [PicqBotX] [DEBUG(java.lang.Thread.run:748)] - 数据: {"anonymous":null,"font":54232488,"group_id":522394334,"message":"#成绩","message_id":8678,"message_type":"group","post_type":"message","raw_message":"#成绩","self_id":2997400528,"sender":{"age":22,"area":"济南","card":"阿金-E迅速录","level":"中级","nickname":"E迅阿金","role":"member","sex":"male","title":"","user_id":2623495687},"sub_type":"normal","time":1557728430,"user_id":2623495687}
[19-05-13 14:20:32] [PicqBotX] [DEBUG(java.lang.Thread.run:748)] 收到新请求: CQHttp/4.8.0
[19-05-13 14:20:32] [PicqBotX] [DEBUG(java.lang.Thread.run:748)] - 数据: {"anonymous":null,"font":54232328,"group_id":522394334,"message":"[CQ:image,file=3CEDBBD4E3A806B1CF101FB1BC9FAEB4.png,url=https://gchat.qpic.cn/gchatpic_new/207938707/522394334-2339003377-3CEDBBD4E3A806B1CF101FB1BC9FAEB4/0?vuin=2997400528&amp;term=2]","message_id":8679,"message_type":"group","post_type":"message","raw_message":"[CQ:image,file=3CEDBBD4E3A806B1CF101FB1BC9FAEB4.png]","self_id":2997400528,"sender":{"age":6,"area":"北京","card":"","level":"小白","nickname":"小拆","role":"member","sex":"female","title":"","user_id":207938707},"sub_type":"normal","time":1557728432,"user_id":207938707}
[19-05-13 14:20:42] [PicqBotX] [DEBUG(java.lang.Thread.run:748)] 收到新请求: CQHttp/4.8.0
[19-05-13 14:20:42] [PicqBotX] [DEBUG(java.lang.Thread.run:748)] - 数据: {"anonymous":null,"font":54232200,"group_id":723795668,"message":"#赛文","message_id":8680,"message_type":"group","post_type":"message","raw_message":"#赛文","self_id":2997400528,"sender":{"age":22,"area":"济南","card":"E迅速录阿金","level":"入门","nickname":"E迅阿金","role":"member","sex":"male","title":"","user_id":2623495687},"sub_type":"normal","time":1557728442,"user_id":2623495687}
[19-05-13 14:20:43] [PicqBotX] [DEBUG(java.lang.Thread.run:748)] 收到新请求: CQHttp/4.8.0
[19-05-13 14:20:43] [PicqBotX] [DEBUG(java.lang.Thread.run:748)] - 数据: {"anonymous":null,"font":54232584,"group_id":723795668,"message":"常用字前五百乱序日赛第308期-二花制作\r\n当呢久终石告先女设眼后果手半六性去在反运看依周台推样教问义它第是举随家士两子月远亲处且底据被客流片解马总吃别机势证公每住传主却单显全制代开名此往七务李水武坐关无不具给连包数转记位钱房和故声尔喜有点备意\r\n-----第999段-1200S-100Z-4L-aa1f3dabV--c.sw.1.1\r\n本文由 常用字 组成","message_id":8681,"message_type":"group","post_type":"message","raw_message":"常用字前五百乱序日赛第308期-二花制作\r\n当呢久终石告先女设眼后果手半六性去在反运看依周台推样教问义它第是举随家士两子月远亲处且底据被客流片解马总吃别机势证公每住传主却单显全制代开名此往七务李水武坐关无不具给连包数转记位钱房和故声尔喜有点备意\r\n-----第999段-1200S-100Z-4L-aa1f3dabV--c.sw.1.1\r\n本文由 常用字 组成","self_id":2997400528,"sender":{"age":6,"area":"北京","card":"","level":"小白","nickname":"小拆","role":"member","sex":"female","title":"","user_id":207938707},"sub_type":"normal","time":1557728443,"user_id":207938707}
[19-05-13 14:21:14] [PicqBotX] [DEBUG(java.lang.Thread.run:748)] 收到新请求: CQHttp/4.8.0
[19-05-13 14:21:14] [PicqBotX] [DEBUG(java.lang.Thread.run:748)] - 数据: {"anonymous":null,"font":54232808,"group_id":723795668,"message":"第999段 速度230.20 击键3.84 码长1.00 回改0 错字0 键数100 键准100% 字数100 &#91;推样&#93;1.12s 打词6(12.00%/3.23) 起步324.47/5.41/1.00 波动0.02 评分：[CQ:image,file=68F936F058E0D94E54DC5134C886635C.png,url=https://gchat.qpic.cn/gchatpic_new/2623495687/723795668-2763190887-68F936F058E0D94E54DC5134C886635C/0?vuin=2997400528&amp;term=2]  输入法：搜狗拼音 起打于14:20:57 个签：我想打死在座的各位，或者被各位打死 y16","message_id":8682,"message_type":"group","post_type":"message","raw_message":"第999段 速度230.20 击键3.84 码长1.00 回改0 错字0 键数100 键准100% 字数100 &#91;推样&#93;1.12s 打词6(12.00%/3.23) 起步324.47/5.41/1.00 波动0.02 评分：[CQ:image,file=68F936F058E0D94E54DC5134C886635C.png]  输入法：搜狗拼音 起打于14:20:57 个签：我想打死在座的各位，或者被各位打死 y16","self_id":2997400528,"sender":{"age":22,"area":"济南","card":"E迅速录阿金","level":"入门","nickname":"E迅阿金","role":"member","sex":"male","title":"","user_id":2623495687},"sub_type":"normal","time":1557728474,"user_id":2623495687}
[19-05-13 14:21:16] [PicqBotX] [DEBUG(java.lang.Thread.run:748)] 收到新请求: CQHttp/4.8.0
[19-05-13 14:21:16] [PicqBotX] [DEBUG(java.lang.Thread.run:748)] - 数据: {"anonymous":null,"font":54232072,"group_id":723795668,"message":"#成绩","message_id":8683,"message_type":"group","post_type":"message","raw_message":"#成绩","self_id":2997400528,"sender":{"age":22,"area":"济南","card":"E迅速录阿金","level":"入门","nickname":"E迅阿金","role":"member","sex":"male","title":"","user_id":2623495687},"sub_type":"normal","time":1557728476,"user_id":2623495687}
[19-05-13 14:21:18] [PicqBotX] [DEBUG(java.lang.Thread.run:748)] 收到新请求: CQHttp/4.8.0
[19-05-13 14:21:18] [PicqBotX] [DEBUG(java.lang.Thread.run:748)] - 数据: {"anonymous":null,"font":54232456,"group_id":723795668,"message":"[CQ:image,file=39CC5B58F12CBEC0C81A5CB497DE6897.png,url=https://gchat.qpic.cn/gchatpic_new/207938707/723795668-2676363136-39CC5B58F12CBEC0C81A5CB497DE6897/0?vuin=2997400528&amp;term=2]","message_id":8684,"message_type":"group","post_type":"message","raw_message":"[CQ:image,file=39CC5B58F12CBEC0C81A5CB497DE6897.png]","self_id":2997400528,"sender":{"age":6,"area":"北京","card":"","level":"小白","nickname":"小拆","role":"member","sex":"female","title":"","user_id":207938707},"sub_type":"normal","time":1557728478,"user_id":207938707}
[19-05-13 14:26:59] [PicqBotX] [DEBUG(java.lang.Thread.run:748)] 收到新请求: CQHttp/4.8.0
[19-05-13 14:26:59] [PicqBotX] [DEBUG(java.lang.Thread.run:748)] - 数据: {"anonymous":null,"font":54232392,"group_id":723795668,"message":"完了第一没希望了","message_id":8685,"message_type":"group","post_type":"message","raw_message":"完了第一没希望了","self_id":2997400528,"sender":{"age":25,"area":"","card":"五笔少年","level":"入门","nickname":"墨池","role":"member","sex":"male","title":"","user_id":1909713246},"sub_type":"normal","time":1557728819,"user_id":1909713246}
[19-05-13 14:30:19] [PicqBotX] [DEBUG(java.lang.Thread.run:748)] 收到新请求: CQHttp/4.8.0
[19-05-13 14:30:19] [PicqBotX] [DEBUG(java.lang.Thread.run:748)] - 数据: {"anonymous":null,"font":54232264,"group_id":723795668,"message":"完了第一没希望了","message_id":8686,"message_type":"group","post_type":"message","raw_message":"完了第一没希望了","self_id":2997400528,"sender":{"age":29,"area":"黄冈","card":"","level":"特级大师","nickname":"谜?","role":"member","sex":"male","title":"","user_id":332817477},"sub_type":"normal","time":1557729019,"user_id":332817477}
[19-05-13 14:33:14] [PicqBotX] [DEBUG(java.lang.Thread.run:748)] 收到新请求: CQHttp/4.8.0
[19-05-13 14:33:14] [PicqBotX] [DEBUG(java.lang.Thread.run:748)] - 数据: {"anonymous":null,"font":54232104,"group_id":723795668,"message":"[CQ:face,id=96]这么快","message_id":8687,"message_type":"group","post_type":"message","raw_message":"[CQ:face,id=96]这么快","self_id":2997400528,"sender":{"age":29,"area":"深圳","card":"","level":"大师","nickname":"廿七","role":"member","sex":"male","title":"","user_id":469620205},"sub_type":"normal","time":1557729194,"user_id":469620205}
[19-05-13 14:35:07] [PicqBotX] [DEBUG(java.lang.Thread.run:748)] 收到新请求: CQHttp/4.8.0
[19-05-13 14:35:07] [PicqBotX] [DEBUG(java.lang.Thread.run:748)] - 数据: {"anonymous":null,"font":54232200,"group_id":723795668,"message":"这是个异类，他是味道大师，用的【 E迅速录机 】[CQ:face,id=27]\r\n\r\n一直潜伏在前跟打群里。。。。","message_id":8688,"message_type":"group","post_type":"message","raw_message":"这是个异类，他是味道大师，用的【 E迅速录机 】[CQ:face,id=27]\r\n\r\n一直潜伏在前跟打群里。。。。","self_id":2997400528,"sender":{"age":30,"area":"北京","card":"会飞的乌龟.搜鹤","level":"中级","nickname":"李哲嘉","role":"member","sex":"male","title":"","user_id":30595632},"sub_type":"normal","time":1557729307,"user_id":30595632}
[19-05-13 15:00:56] [PicqBotX] [DEBUG(java.lang.Thread.run:748)] 收到新请求: CQHttp/4.8.0
[19-05-13 15:00:56] [PicqBotX] [DEBUG(java.lang.Thread.run:748)] - 数据: {"anonymous":null,"font":54232488,"group_id":723795668,"message":"好吧","message_id":8689,"message_type":"group","post_type":"message","raw_message":"好吧","self_id":2997400528,"sender":{"age":29,"area":"深圳","card":"","level":"大师","nickname":"廿七","role":"member","sex":"male","title":"","user_id":469620205},"sub_type":"normal","time":1557730856,"user_id":469620205}
[19-05-13 15:00:59] [PicqBotX] [DEBUG(java.lang.Thread.run:748)] 收到新请求: CQHttp/4.8.0
[19-05-13 15:00:59] [PicqBotX] [DEBUG(java.lang.Thread.run:748)] - 数据: {"anonymous":null,"font":54232584,"group_id":723795668,"message":"?","message_id":8690,"message_type":"group","post_type":"message","raw_message":"?","self_id":2997400528,"sender":{"age":29,"area":"深圳","card":"","level":"大师","nickname":"廿七","role":"member","sex":"male","title":"","user_id":469620205},"sub_type":"normal","time":1557730859,"user_id":469620205}
[19-05-13 15:05:22] [PicqBotX] [DEBUG(java.lang.Thread.run:748)] 收到新请求: CQHttp/4.8.0
[19-05-13 15:05:22] [PicqBotX] [DEBUG(java.lang.Thread.run:748)] - 数据: {"anonymous":null,"font":54232520,"group_id":522394334,"message":"[CQ:image,file=164DAB07C59E27B1D24CE22917C94E22.png,url=https://gchat.qpic.cn/gchatpic_new/779855010/522394334-2661659747-164DAB07C59E27B1D24CE22917C94E22/0?vuin=2997400528&amp;term=2]变了一下拖拉机的颜色，糟了，是心动的感觉","message_id":8691,"message_type":"group","post_type":"message","raw_message":"[CQ:image,file=164DAB07C59E27B1D24CE22917C94E22.png]变了一下拖拉机的颜色，糟了，是心动的感觉","self_id":2997400528,"sender":{"age":0,"area":"广州","card":"无聊-小鹤音形","level":"中级","nickname":"无聊","role":"member","sex":"male","title":"","user_id":779855010},"sub_type":"normal","time":1557731122,"user_id":779855010}
[19-05-13 15:07:15] [PicqBotX] [DEBUG(java.lang.Thread.run:748)] 收到新请求: CQHttp/4.8.0
[19-05-13 15:07:15] [PicqBotX] [DEBUG(java.lang.Thread.run:748)] - 数据: {"anonymous":null,"font":54232648,"group_id":522394334,"message":"是风动，还是帆动","message_id":8692,"message_type":"group","post_type":"message","raw_message":"是风动，还是帆动","self_id":2997400528,"sender":{"age":54,"area":"阿尔及利亚","card":"超级美男子-小","level":"小白","nickname":"范爷","role":"owner","sex":"male","title":"","user_id":412615370},"sub_type":"normal","time":1557731235,"user_id":412615370}
[19-05-13 15:07:19] [PicqBotX] [DEBUG(java.lang.Thread.run:748)] 收到新请求: CQHttp/4.8.0
[19-05-13 15:07:19] [PicqBotX] [DEBUG(java.lang.Thread.run:748)] - 数据: {"anonymous":null,"font":54232264,"group_id":522394334,"message":"是心动……","message_id":8693,"message_type":"group","post_type":"message","raw_message":"是心动……","self_id":2997400528,"sender":{"age":54,"area":"阿尔及利亚","card":"超级美男子-小","level":"小白","nickname":"范爷","role":"owner","sex":"male","title":"","user_id":412615370},"sub_type":"normal","time":1557731239,"user_id":412615370}
[19-05-13 15:07:29] [PicqBotX] [DEBUG(java.lang.Thread.run:748)] 收到新请求: CQHttp/4.8.0
[19-05-13 15:07:29] [PicqBotX] [DEBUG(java.lang.Thread.run:748)] - 数据: {"anonymous":null,"font":54232328,"group_id":522394334,"message":"点歌 是风动","message_id":8694,"message_type":"group","post_type":"message","raw_message":"点歌 是风动","self_id":2997400528,"sender":{"age":54,"area":"阿尔及利亚","card":"超级美男子-小","level":"小白","nickname":"范爷","role":"owner","sex":"male","title":"","user_id":412615370},"sub_type":"normal","time":1557731249,"user_id":412615370}
[19-05-13 15:07:29] [PicqBotX] [DEBUG(java.lang.Thread.run:748)] 收到新请求: CQHttp/4.8.0
[19-05-13 15:07:29] [PicqBotX] [DEBUG(java.lang.Thread.run:748)] - 数据: {"anonymous":null,"font":54232168,"group_id":522394334,"message":"[CQ:music,id=203827886,type=qq]","message_id":8695,"message_type":"group","post_type":"message","raw_message":"[CQ:music,type=qq,id=203827886]","self_id":2997400528,"sender":{"age":22,"area":"广州","card":"拖拉机人工智障","level":"了解群图文件","nickname":"鹤","role":"member","sex":"female","title":"","user_id":1061917110},"sub_type":"normal","time":1557731249,"user_id":1061917110}
[19-05-13 15:07:30] [PicqBotX] [DEBUG(java.lang.Thread.run:748)] 收到新请求: CQHttp/4.8.0
[19-05-13 15:07:30] [PicqBotX] [DEBUG(java.lang.Thread.run:748)] - 数据: {"anonymous":null,"font":54232808,"group_id":522394334,"message":"[CQ:music,id=203827886,style=1,type=qq]","message_id":8696,"message_type":"group","post_type":"message","raw_message":"[CQ:music,type=qq,id=203827886,style=1]","self_id":2997400528,"sender":{"age":6,"area":"北京","card":"","level":"小白","nickname":"小拆","role":"member","sex":"female","title":"","user_id":207938707},"sub_type":"normal","time":1557731250,"user_id":207938707}
[19-05-13 15:07:35] [PicqBotX] [DEBUG(java.lang.Thread.run:748)] 收到新请求: CQHttp/4.8.0
[19-05-13 15:07:35] [PicqBotX] [DEBUG(java.lang.Thread.run:748)] - 数据: {"anonymous":null,"font":54232840,"group_id":522394334,"message":"……","message_id":8697,"message_type":"group","post_type":"message","raw_message":"……","self_id":2997400528,"sender":{"age":54,"area":"阿尔及利亚","card":"超级美男子-小","level":"小白","nickname":"范爷","role":"owner","sex":"male","title":"","user_id":412615370},"sub_type":"normal","time":1557731255,"user_id":412615370}
[19-05-13 15:07:50] [PicqBotX] [DEBUG(java.lang.Thread.run:748)] 收到新请求: CQHttp/4.8.0
[19-05-13 15:07:50] [PicqBotX] [DEBUG(java.lang.Thread.run:748)] - 数据: {"anonymous":null,"font":54232040,"group_id":522394334,"message":"擦了，这人工智障也能点歌","message_id":8698,"message_type":"group","post_type":"message","raw_message":"擦了，这人工智障也能点歌","self_id":2997400528,"sender":{"age":54,"area":"阿尔及利亚","card":"超级美男子-小","level":"小白","nickname":"范爷","role":"owner","sex":"male","title":"","user_id":412615370},"sub_type":"normal","time":1557731270,"user_id":412615370}
[19-05-13 15:08:08] [PicqBotX] [DEBUG(java.lang.Thread.run:748)] 收到新请求: CQHttp/4.8.0
[19-05-13 15:08:08] [PicqBotX] [DEBUG(java.lang.Thread.run:748)] - 数据: {"anonymous":null,"font":54232264,"group_id":522394334,"message":"……","message_id":8699,"message_type":"group","post_type":"message","raw_message":"……","self_id":2997400528,"sender":{"age":0,"area":"广州","card":"无聊-小鹤音形","level":"中级","nickname":"无聊","role":"member","sex":"male","title":"","user_id":779855010},"sub_type":"normal","time":1557731288,"user_id":779855010}
[19-05-13 15:08:39] [PicqBotX] [DEBUG(java.lang.Thread.run:748)] 收到新请求: CQHttp/4.8.0
[19-05-13 15:08:39] [PicqBotX] [DEBUG(java.lang.Thread.run:748)] - 数据: {"anonymous":null,"font":54232200,"group_id":522394334,"message":"点歌 大辈咒","message_id":8700,"message_type":"group","post_type":"message","raw_message":"点歌 大辈咒","self_id":2997400528,"sender":{"age":36,"area":"济宁","card":"msc-星兮H","level":"了解群图文件","nickname":"msc802","role":"member","sex":"male","title":"","user_id":77100870},"sub_type":"normal","time":1557731319,"user_id":77100870}
[19-05-13 15:08:40] [PicqBotX] [DEBUG(java.lang.Thread.run:748)] 收到新请求: CQHttp/4.8.0
[19-05-13 15:08:40] [PicqBotX] [DEBUG(java.lang.Thread.run:748)] - 数据: {"anonymous":null,"font":54232744,"group_id":522394334,"message":"[CQ:music,id=1864769,type=qq]","message_id":8701,"message_type":"group","post_type":"message","raw_message":"[CQ:music,type=qq,id=1864769]","self_id":2997400528,"sender":{"age":22,"area":"广州","card":"拖拉机人工智障","level":"了解群图文件","nickname":"鹤","role":"member","sex":"female","title":"","user_id":1061917110},"sub_type":"normal","time":1557731320,"user_id":1061917110}
[19-05-13 15:08:40] [PicqBotX] [DEBUG(java.lang.Thread.run:748)] 收到新请求: CQHttp/4.8.0
[19-05-13 15:08:40] [PicqBotX] [DEBUG(java.lang.Thread.run:748)] - 数据: {"anonymous":null,"font":54232808,"group_id":522394334,"message":"[CQ:music,id=1864769,style=1,type=qq]","message_id":8702,"message_type":"group","post_type":"message","raw_message":"[CQ:music,type=qq,id=1864769,style=1]","self_id":2997400528,"sender":{"age":6,"area":"北京","card":"","level":"小白","nickname":"小拆","role":"member","sex":"female","title":"","user_id":207938707},"sub_type":"normal","time":1557731320,"user_id":207938707}
[19-05-13 15:08:49] [PicqBotX] [DEBUG(java.lang.Thread.run:748)] 收到新请求: CQHttp/4.8.0
[19-05-13 15:08:49] [PicqBotX] [DEBUG(java.lang.Thread.run:748)] - 数据: {"anonymous":null,"font":54232648,"group_id":522394334,"message":"连错字都能改？","message_id":8703,"message_type":"group","post_type":"message","raw_message":"连错字都能改？","self_id":2997400528,"sender":{"age":36,"area":"济宁","card":"msc-星兮H","level":"了解群图文件","nickname":"msc802","role":"member","sex":"male","title":"","user_id":77100870},"sub_type":"normal","time":1557731329,"user_id":77100870}
[19-05-13 15:09:06] [PicqBotX] [DEBUG(java.lang.Thread.run:748)] 收到新请求: CQHttp/4.8.0
[19-05-13 15:09:06] [PicqBotX] [DEBUG(java.lang.Thread.run:748)] - 数据: {"anonymous":null,"font":54232296,"group_id":522394334,"message":"点歌 dabeizhou","message_id":8704,"message_type":"group","post_type":"message","raw_message":"点歌 dabeizhou","self_id":2997400528,"sender":{"age":54,"area":"阿尔及利亚","card":"超级美男子-小","level":"小白","nickname":"范爷","role":"owner","sex":"male","title":"","user_id":412615370},"sub_type":"normal","time":1557731346,"user_id":412615370}
[19-05-13 15:09:06] [PicqBotX] [DEBUG(java.lang.Thread.run:748)] 收到新请求: CQHttp/4.8.0
[19-05-13 15:09:06] [PicqBotX] [DEBUG(java.lang.Thread.run:748)] - 数据: {"anonymous":null,"font":54232104,"group_id":522394334,"message":"[CQ:music,id=1864769,type=qq]","message_id":8705,"message_type":"group","post_type":"message","raw_message":"[CQ:music,type=qq,id=1864769]","self_id":2997400528,"sender":{"age":22,"area":"广州","card":"拖拉机人工智障","level":"了解群图文件","nickname":"鹤","role":"member","sex":"female","title":"","user_id":1061917110},"sub_type":"normal","time":1557731346,"user_id":1061917110}
[19-05-13 15:09:06] [PicqBotX] [DEBUG(java.lang.Thread.run:748)] 收到新请求: CQHttp/4.8.0
[19-05-13 15:09:06] [PicqBotX] [DEBUG(java.lang.Thread.run:748)] - 数据: {"anonymous":null,"font":54232104,"group_id":522394334,"message":"[CQ:music,id=1864769,style=1,type=qq]","message_id":8706,"message_type":"group","post_type":"message","raw_message":"[CQ:music,type=qq,id=1864769,style=1]","self_id":2997400528,"sender":{"age":6,"area":"北京","card":"","level":"小白","nickname":"小拆","role":"member","sex":"female","title":"","user_id":207938707},"sub_type":"normal","time":1557731346,"user_id":207938707}
[19-05-13 15:09:13] [PicqBotX] [DEBUG(java.lang.Thread.run:748)] 收到新请求: CQHttp/4.8.0
[19-05-13 15:09:13] [PicqBotX] [DEBUG(java.lang.Thread.run:748)] - 数据: {"anonymous":null,"font":54232840,"group_id":522394334,"message":"这也可以","message_id":8707,"message_type":"group","post_type":"message","raw_message":"这也可以","self_id":2997400528,"sender":{"age":54,"area":"阿尔及利亚","card":"超级美男子-小","level":"小白","nickname":"范爷","role":"owner","sex":"male","title":"","user_id":412615370},"sub_type":"normal","time":1557731353,"user_id":412615370}
[19-05-13 15:10:17] [PicqBotX] [DEBUG(java.lang.Thread.run:748)] 收到新请求: CQHttp/4.8.0
[19-05-13 15:10:17] [PicqBotX] [DEBUG(java.lang.Thread.run:748)] - 数据: {"anonymous":null,"font":54232040,"group_id":522394334,"message":"点歌 天地阴阳交欢大乐赋","message_id":8708,"message_type":"group","post_type":"message","raw_message":"点歌 天地阴阳交欢大乐赋","self_id":2997400528,"sender":{"age":36,"area":"济宁","card":"msc-星兮H","level":"了解群图文件","nickname":"msc802","role":"member","sex":"male","title":"","user_id":77100870},"sub_type":"normal","time":1557731417,"user_id":77100870}
[19-05-13 15:10:18] [PicqBotX] [DEBUG(java.lang.Thread.run:748)] 收到新请求: CQHttp/4.8.0
[19-05-13 15:10:18] [PicqBotX] [DEBUG(java.lang.Thread.run:748)] - 数据: {"anonymous":null,"font":54232616,"group_id":522394334,"message":"[CQ:music,id=213773699,type=qq]","message_id":8709,"message_type":"group","post_type":"message","raw_message":"[CQ:music,type=qq,id=213773699]","self_id":2997400528,"sender":{"age":22,"area":"广州","card":"拖拉机人工智障","level":"了解群图文件","nickname":"鹤","role":"member","sex":"female","title":"","user_id":1061917110},"sub_type":"normal","time":1557731418,"user_id":1061917110}
[19-05-13 15:10:18] [PicqBotX] [DEBUG(java.lang.Thread.run:748)] 收到新请求: CQHttp/4.8.0
[19-05-13 15:10:18] [PicqBotX] [DEBUG(java.lang.Thread.run:748)] - 数据: {"anonymous":null,"font":54232424,"group_id":522394334,"message":"[CQ:music,id=213773699,style=1,type=qq]","message_id":8710,"message_type":"group","post_type":"message","raw_message":"[CQ:music,type=qq,id=213773699,style=1]","self_id":2997400528,"sender":{"age":6,"area":"北京","card":"","level":"小白","nickname":"小拆","role":"member","sex":"female","title":"","user_id":207938707},"sub_type":"normal","time":1557731418,"user_id":207938707}
[19-05-13 15:10:49] [PicqBotX] [DEBUG(java.lang.Thread.run:748)] 收到新请求: CQHttp/4.8.0
[19-05-13 15:10:49] [PicqBotX] [DEBUG(java.lang.Thread.run:748)] - 数据: {"anonymous":null,"font":54232808,"group_id":522394334,"message":"点歌 达背皱","message_id":8711,"message_type":"group","post_type":"message","raw_message":"点歌 达背皱","self_id":2997400528,"sender":{"age":54,"area":"阿尔及利亚","card":"超级美男子-小","level":"小白","nickname":"范爷","role":"owner","sex":"male","title":"","user_id":412615370},"sub_type":"normal","time":1557731449,"user_id":412615370}
[19-05-13 15:10:50] [PicqBotX] [DEBUG(java.lang.Thread.run:748)] 收到新请求: CQHttp/4.8.0
[19-05-13 15:10:50] [PicqBotX] [DEBUG(java.lang.Thread.run:748)] - 数据: {"anonymous":null,"font":54232744,"group_id":522394334,"message":"[CQ:music,id=1864769,style=1,type=qq]","message_id":8712,"message_type":"group","post_type":"message","raw_message":"[CQ:music,type=qq,id=1864769,style=1]","self_id":2997400528,"sender":{"age":6,"area":"北京","card":"","level":"小白","nickname":"小拆","role":"member","sex":"female","title":"","user_id":207938707},"sub_type":"normal","time":1557731450,"user_id":207938707}
[19-05-13 15:10:59] [PicqBotX] [DEBUG(java.lang.Thread.run:748)] 收到新请求: CQHttp/4.8.0
[19-05-13 15:10:59] [PicqBotX] [DEBUG(java.lang.Thread.run:748)] - 数据: {"anonymous":null,"font":54232168,"group_id":522394334,"message":"额，只有小拆了","message_id":8713,"message_type":"group","post_type":"message","raw_message":"额，只有小拆了","self_id":2997400528,"sender":{"age":54,"area":"阿尔及利亚","card":"超级美男子-小","level":"小白","nickname":"范爷","role":"owner","sex":"male","title":"","user_id":412615370},"sub_type":"normal","time":1557731459,"user_id":412615370}
[19-05-13 15:10:59] [PicqBotX] [DEBUG(java.lang.Thread.run:748)] 收到新请求: CQHttp/4.8.0
[19-05-13 15:10:59] [PicqBotX] [DEBUG(java.lang.Thread.run:748)] - 数据: {"anonymous":null,"font":54232808,"group_id":522394334,"message":"Ｏ(RQ)Ｏ在~","message_id":8714,"message_type":"group","post_type":"message","raw_message":"Ｏ(RQ)Ｏ在~","self_id":2997400528,"sender":{"age":6,"area":"北京","card":"","level":"小白","nickname":"小拆","role":"member","sex":"female","title":"","user_id":207938707},"sub_type":"normal","time":1557731459,"user_id":207938707}
[19-05-13 15:11:06] [PicqBotX] [DEBUG(java.lang.Thread.run:748)] 收到新请求: CQHttp/4.8.0
[19-05-13 15:11:06] [PicqBotX] [DEBUG(java.lang.Thread.run:748)] - 数据: {"anonymous":null,"font":54232872,"group_id":522394334,"message":"[CQ:music,id=1864769,type=qq]","message_id":8715,"message_type":"group","post_type":"message","raw_message":"[CQ:music,type=qq,id=1864769]","self_id":2997400528,"sender":{"age":22,"area":"广州","card":"拖拉机人工智障","level":"了解群图文件","nickname":"鹤","role":"member","sex":"female","title":"","user_id":1061917110},"sub_type":"normal","time":1557731466,"user_id":1061917110}
[19-05-13 15:11:12] [PicqBotX] [DEBUG(java.lang.Thread.run:748)] 收到新请求: CQHttp/4.8.0
[19-05-13 15:11:12] [PicqBotX] [DEBUG(java.lang.Thread.run:748)] - 数据: {"anonymous":null,"font":54232488,"group_id":522394334,"message":"……","message_id":8716,"message_type":"group","post_type":"message","raw_message":"……","self_id":2997400528,"sender":{"age":54,"area":"阿尔及利亚","card":"超级美男子-小","level":"小白","nickname":"范爷","role":"owner","sex":"male","title":"","user_id":412615370},"sub_type":"normal","time":1557731472,"user_id":412615370}
[19-05-13 15:11:19] [PicqBotX] [DEBUG(java.lang.Thread.run:748)] 收到新请求: CQHttp/4.8.0
[19-05-13 15:11:19] [PicqBotX] [DEBUG(java.lang.Thread.run:748)] - 数据: {"anonymous":null,"font":54232360,"group_id":522394334,"message":"原来只是慢了……","message_id":8717,"message_type":"group","post_type":"message","raw_message":"原来只是慢了……","self_id":2997400528,"sender":{"age":54,"area":"阿尔及利亚","card":"超级美男子-小","level":"小白","nickname":"范爷","role":"owner","sex":"male","title":"","user_id":412615370},"sub_type":"normal","time":1557731479,"user_id":412615370}
[19-05-13 15:12:33] [PicqBotX] [DEBUG(java.lang.Thread.run:748)] 收到新请求: CQHttp/4.8.0
[19-05-13 15:12:33] [PicqBotX] [DEBUG(java.lang.Thread.run:748)] - 数据: {"anonymous":null,"font":54232040,"group_id":522394334,"message":"点歌 香甜仔解舞败碾","message_id":8718,"message_type":"group","post_type":"message","raw_message":"点歌 香甜仔解舞败碾","self_id":2997400528,"sender":{"age":36,"area":"济宁","card":"msc-星兮H","level":"了解群图文件","nickname":"msc802","role":"member","sex":"male","title":"","user_id":77100870},"sub_type":"normal","time":1557731553,"user_id":77100870}
[19-05-13 15:12:33] [PicqBotX] [DEBUG(java.lang.Thread.run:748)] 收到新请求: CQHttp/4.8.0
[19-05-13 15:12:33] [PicqBotX] [DEBUG(java.lang.Thread.run:748)] - 数据: {"anonymous":null,"font":54232168,"group_id":522394334,"message":"[CQ:music,id=101812311,type=qq]","message_id":8719,"message_type":"group","post_type":"message","raw_message":"[CQ:music,type=qq,id=101812311]","self_id":2997400528,"sender":{"age":22,"area":"广州","card":"拖拉机人工智障","level":"了解群图文件","nickname":"鹤","role":"member","sex":"female","title":"","user_id":1061917110},"sub_type":"normal","time":1557731553,"user_id":1061917110}
[19-05-13 15:12:34] [PicqBotX] [DEBUG(java.lang.Thread.run:748)] 收到新请求: CQHttp/4.8.0
[19-05-13 15:12:34] [PicqBotX] [DEBUG(java.lang.Thread.run:748)] - 数据: {"anonymous":null,"font":54232488,"group_id":522394334,"message":"[CQ:music,id=101812311,style=1,type=qq]","message_id":8720,"message_type":"group","post_type":"message","raw_message":"[CQ:music,type=qq,id=101812311,style=1]","self_id":2997400528,"sender":{"age":6,"area":"北京","card":"","level":"小白","nickname":"小拆","role":"member","sex":"female","title":"","user_id":207938707},"sub_type":"normal","time":1557731554,"user_id":207938707}
[19-05-13 15:12:51] [PicqBotX] [DEBUG(java.lang.Thread.run:748)] 收到新请求: CQHttp/4.8.0
[19-05-13 15:12:51] [PicqBotX] [DEBUG(java.lang.Thread.run:748)] - 数据: {"anonymous":null,"font":54232744,"group_id":522394334,"message":"实锤了，就是转换成拼音再搜的","message_id":8721,"message_type":"group","post_type":"message","raw_message":"实锤了，就是转换成拼音再搜的","self_id":2997400528,"sender":{"age":36,"area":"济宁","card":"msc-星兮H","level":"了解群图文件","nickname":"msc802","role":"member","sex":"male","title":"","user_id":77100870},"sub_type":"normal","time":1557731571,"user_id":77100870}
[19-05-13 15:13:01] [PicqBotX] [DEBUG(java.lang.Thread.run:748)] 收到新请求: CQHttp/4.8.0
[19-05-13 15:13:01] [PicqBotX] [DEBUG(java.lang.Thread.run:748)] - 数据: {"anonymous":null,"font":54232424,"group_id":522394334,"message":"恩","message_id":8722,"message_type":"group","post_type":"message","raw_message":"恩","self_id":2997400528,"sender":{"age":54,"area":"阿尔及利亚","card":"超级美男子-小","level":"小白","nickname":"范爷","role":"owner","sex":"male","title":"","user_id":412615370},"sub_type":"normal","time":1557731581,"user_id":412615370}
[19-05-13 15:13:46] [PicqBotX] [DEBUG(java.lang.Thread.run:748)] 收到新请求: CQHttp/4.8.0
[19-05-13 15:13:46] [PicqBotX] [DEBUG(java.lang.Thread.run:748)] - 数据: {"anonymous":null,"font":54232648,"group_id":522394334,"message":"点歌 dbz","message_id":8723,"message_type":"group","post_type":"message","raw_message":"点歌 dbz","self_id":2997400528,"sender":{"age":54,"area":"阿尔及利亚","card":"超级美男子-小","level":"小白","nickname":"范爷","role":"owner","sex":"male","title":"","user_id":412615370},"sub_type":"normal","time":1557731626,"user_id":412615370}
[19-05-13 15:13:47] [PicqBotX] [DEBUG(java.lang.Thread.run:748)] 收到新请求: CQHttp/4.8.0
[19-05-13 15:13:47] [PicqBotX] [DEBUG(java.lang.Thread.run:748)] - 数据: {"anonymous":null,"font":54232872,"group_id":522394334,"message":"[CQ:music,id=105127200,type=qq]","message_id":8724,"message_type":"group","post_type":"message","raw_message":"[CQ:music,type=qq,id=105127200]","self_id":2997400528,"sender":{"age":22,"area":"广州","card":"拖拉机人工智障","level":"了解群图文件","nickname":"鹤","role":"member","sex":"female","title":"","user_id":1061917110},"sub_type":"normal","time":1557731627,"user_id":1061917110}
[19-05-13 15:13:47] [PicqBotX] [DEBUG(java.lang.Thread.run:748)] 收到新请求: CQHttp/4.8.0
[19-05-13 15:13:47] [PicqBotX] [DEBUG(java.lang.Thread.run:748)] - 数据: {"anonymous":null,"font":54231880,"group_id":522394334,"message":"[CQ:music,id=105127200,style=1,type=qq]","message_id":8725,"message_type":"group","post_type":"message","raw_message":"[CQ:music,type=qq,id=105127200,style=1]","self_id":2997400528,"sender":{"age":6,"area":"北京","card":"","level":"小白","nickname":"小拆","role":"member","sex":"female","title":"","user_id":207938707},"sub_type":"normal","time":1557731627,"user_id":207938707}
[19-05-13 15:13:50] [PicqBotX] [DEBUG(java.lang.Thread.run:748)] 收到新请求: CQHttp/4.8.0
[19-05-13 15:13:50] [PicqBotX] [DEBUG(java.lang.Thread.run:748)] - 数据: {"anonymous":null,"font":54232424,"group_id":522394334,"message":"……","message_id":8726,"message_type":"group","post_type":"message","raw_message":"……","self_id":2997400528,"sender":{"age":54,"area":"阿尔及利亚","card":"超级美男子-小","level":"小白","nickname":"范爷","role":"owner","sex":"male","title":"","user_id":412615370},"sub_type":"normal","time":1557731630,"user_id":412615370}
[19-05-13 15:14:12] [PicqBotX] [DEBUG(java.lang.Thread.run:748)] 收到新请求: CQHttp/4.8.0
[19-05-13 15:14:12] [PicqBotX] [DEBUG(java.lang.Thread.run:748)] - 数据: {"anonymous":null,"font":54232424,"group_id":522394334,"message":"点歌 点歌","message_id":8727,"message_type":"group","post_type":"message","raw_message":"点歌 点歌","self_id":2997400528,"sender":{"age":54,"area":"阿尔及利亚","card":"超级美男子-小","level":"小白","nickname":"范爷","role":"owner","sex":"male","title":"","user_id":412615370},"sub_type":"normal","time":1557731652,"user_id":412615370}
[19-05-13 15:14:12] [PicqBotX] [DEBUG(java.lang.Thread.run:748)] 收到新请求: CQHttp/4.8.0
[19-05-13 15:14:12] [PicqBotX] [DEBUG(java.lang.Thread.run:748)] - 数据: {"anonymous":null,"font":54231976,"group_id":522394334,"message":"[CQ:music,id=4905018,type=qq]","message_id":8728,"message_type":"group","post_type":"message","raw_message":"[CQ:music,type=qq,id=4905018]","self_id":2997400528,"sender":{"age":22,"area":"广州","card":"拖拉机人工智障","level":"了解群图文件","nickname":"鹤","role":"member","sex":"female","title":"","user_id":1061917110},"sub_type":"normal","time":1557731652,"user_id":1061917110}
[19-05-13 15:14:13] [PicqBotX] [DEBUG(java.lang.Thread.run:748)] 收到新请求: CQHttp/4.8.0
[19-05-13 15:14:13] [PicqBotX] [DEBUG(java.lang.Thread.run:748)] - 数据: {"anonymous":null,"font":54232360,"group_id":522394334,"message":"[CQ:music,id=4905018,style=1,type=qq]","message_id":8729,"message_type":"group","post_type":"message","raw_message":"[CQ:music,type=qq,id=4905018,style=1]","self_id":2997400528,"sender":{"age":6,"area":"北京","card":"","level":"小白","nickname":"小拆","role":"member","sex":"female","title":"","user_id":207938707},"sub_type":"normal","time":1557731653,"user_id":207938707}
[19-05-13 15:15:34] [PicqBotX] [DEBUG(java.lang.Thread.run:748)] 收到新请求: CQHttp/4.8.0
[19-05-13 15:15:34] [PicqBotX] [DEBUG(java.lang.Thread.run:748)] - 数据: {"anonymous":null,"font":54232520,"group_id":522394334,"message":"#赛文","message_id":8730,"message_type":"group","post_type":"message","raw_message":"#赛文","self_id":2997400528,"sender":{"age":39,"area":"兰州市","card":"百花深处-――小鹤音形","level":"了解群图书馆","nickname":"百花深处","role":"member","sex":"female","title":"","user_id":58002514},"sub_type":"normal","time":1557731734,"user_id":58002514}
[19-05-13 15:15:35] [PicqBotX] [DEBUG(java.lang.Thread.run:748)] 收到新请求: CQHttp/4.8.0
[19-05-13 15:15:35] [PicqBotX] [DEBUG(java.lang.Thread.run:748)] - 数据: {"anonymous":null,"font":54232808,"group_id":522394334,"message":"《裸泳》日赛第531期-二花制作\r\n在某海滨浴场洗海水浴时，伊佐塔太太遇上了一件麻烦事：当从深海游回岸边的途中，她突然发觉自己的游泳衣不在身上了。她弄不清事情是刚刚发生的，还是发生得有一阵儿了，总之，她穿的那件新比基尼泳装只剩下了胸罩。可能是她臀部扭动时，扣子脱落，那个像布条一般的三角裤衩从另一条大腿滑了下去，也许正在她身下不远处往下沉呢，她试图潜入水中去寻找，但没有成功。这是正午时分，海里四处都是人，有的在赛艇上，有的在小游艇上，还有的在游泳。伊佐塔太太不认识任何人。昨天，她丈夫把她送到此地后立即又回城里去了。她心想，眼下别无他法，只能找一艘救生船，或者找一个可信赖的男子，向他呼喊和求救，并要求他严守秘密。好在没有人怀疑她下身赤裸，因为她游泳时，决不把身子抬到水面，人们只能看见她的头和隐约可见的胳膊和胸部。这样，她就可以放心地去寻求援救了。为了弄清别人的眼睛到底能看清她身体的多少，她时不时停下来，几乎垂直地漂浮着，以便窥视一下自己的躯体。她惊讶地发现，阳光照射在水面，又变成水下清澈的闪光，她躯体上的一切在水中纤毫毕现。\r\n-----第999段-1200S-449Z-4L-c5e8d864V--c.sw.1.1\r\n本文由 散文 组成","message_id":8731,"message_type":"group","post_type":"message","raw_message":"《裸泳》日赛第531期-二花制作\r\n在某海滨浴场洗海水浴时，伊佐塔太太遇上了一件麻烦事：当从深海游回岸边的途中，她突然发觉自己的游泳衣不在身上了。她弄不清事情是刚刚发生的，还是发生得有一阵儿了，总之，她穿的那件新比基尼泳装只剩下了胸罩。可能是她臀部扭动时，扣子脱落，那个像布条一般的三角裤衩从另一条大腿滑了下去，也许正在她身下不远处往下沉呢，她试图潜入水中去寻找，但没有成功。这是正午时分，海里四处都是人，有的在赛艇上，有的在小游艇上，还有的在游泳。伊佐塔太太不认识任何人。昨天，她丈夫把她送到此地后立即又回城里去了。她心想，眼下别无他法，只能找一艘救生船，或者找一个可信赖的男子，向他呼喊和求救，并要求他严守秘密。好在没有人怀疑她下身赤裸，因为她游泳时，决不把身子抬到水面，人们只能看见她的头和隐约可见的胳膊和胸部。这样，她就可以放心地去寻求援救了。为了弄清别人的眼睛到底能看清她身体的多少，她时不时停下来，几乎垂直地漂浮着，以便窥视一下自己的躯体。她惊讶地发现，阳光照射在水面，又变成水下清澈的闪光，她躯体上的一切在水中纤毫毕现。\r\n-----第999段-1200S-449Z-4L-c5e8d864V--c.sw.1.1\r\n本文由 散文 组成","self_id":2997400528,"sender":{"age":6,"area":"北京","card":"","level":"小白","nickname":"小拆","role":"member","sex":"female","title":"","user_id":207938707},"sub_type":"normal","time":1557731735,"user_id":207938707}
[19-05-13 15:36:27] [PicqBotX] [DEBUG(java.lang.Thread.run:748)] 收到新请求: CQHttp/4.8.0
[19-05-13 15:36:27] [PicqBotX] [DEBUG(java.lang.Thread.run:748)] - 数据: {"anonymous":null,"font":54232520,"group_id":522394334,"message":"第999段 速度24.29 击键1.39 码长3.35 标顶理论2.06 文章难度68.35 字数450 回改58 退格112 错字2 键数1507 选重12 键准76.99% 键法106.27%(左559:右526:空格249) 打词率41.14% 选重率2.67% 拖拉机跟打器v1.50 Windows版","message_id":8732,"message_type":"group","post_type":"message","raw_message":"第999段 速度24.29 击键1.39 码长3.35 标顶理论2.06 文章难度68.35 字数450 回改58 退格112 错字2 键数1507 选重12 键准76.99% 键法106.27%(左559:右526:空格249) 打词率41.14% 选重率2.67% 拖拉机跟打器v1.50 Windows版","self_id":2997400528,"sender":{"age":39,"area":"兰州市","card":"百花深处-――小鹤音形","level":"了解群图书馆","nickname":"百花深处","role":"member","sex":"female","title":"","user_id":58002514},"sub_type":"normal","time":1557732987,"user_id":58002514}
[19-05-13 15:38:17] [PicqBotX] [DEBUG(java.lang.Thread.run:748)] 收到新请求: CQHttp/4.8.0
[19-05-13 15:38:17] [PicqBotX] [DEBUG(java.lang.Thread.run:748)] - 数据: {"anonymous":null,"font":54232744,"group_id":556981260,"message":"第999段 速度200.19 击键7.13 码长2.14 字数576 回改21 峰值230.18/9.09/1.71 校检:71fc6 极速跟打器v1.45","message_id":8733,"message_type":"group","post_type":"message","raw_message":"第999段 速度200.19 击键7.13 码长2.14 字数576 回改21 峰值230.18/9.09/1.71 校检:71fc6 极速跟打器v1.45","self_id":2997400528,"sender":{"age":0,"area":"南宁","card":"无影-863","level":"新日电动车","nickname":"无影","role":"admin","sex":"unknown","title":"","user_id":67195227},"sub_type":"normal","time":1557733097,"user_id":67195227}
[19-05-13 15:38:43] [PicqBotX] [DEBUG(java.lang.Thread.run:748)] 收到新请求: CQHttp/4.8.0
[19-05-13 15:38:43] [PicqBotX] [DEBUG(java.lang.Thread.run:748)] - 数据: {"anonymous":null,"font":54232744,"group_id":556981260,"message":"点水了","message_id":8734,"message_type":"group","post_type":"message","raw_message":"点水了","self_id":2997400528,"sender":{"age":7,"area":"阿鲁巴","card":"迈克赵丹-86","level":"死飞单车","nickname":"Tremendousmaking","role":"member","sex":"male","title":"","user_id":1823418845},"sub_type":"normal","time":1557733123,"user_id":1823418845}
[19-05-13 15:40:23] [PicqBotX] [DEBUG(java.lang.Thread.run:748)] 收到新请求: CQHttp/4.8.0
[19-05-13 15:40:23] [PicqBotX] [DEBUG(java.lang.Thread.run:748)] - 数据: {"anonymous":null,"font":54231944,"group_id":556981260,"message":"无影大佬不上个230都不是正常水准吧","message_id":8735,"message_type":"group","post_type":"message","raw_message":"无影大佬不上个230都不是正常水准吧","self_id":2997400528,"sender":{"age":0,"area":"广州","card":"无聊-小鹤","level":"新日电动车","nickname":"无聊","role":"member","sex":"male","title":"","user_id":779855010},"sub_type":"normal","time":1557733223,"user_id":779855010}
[19-05-13 15:42:54] [PicqBotX] [DEBUG(java.lang.Thread.run:748)] 收到新请求: CQHttp/4.8.0
[19-05-13 15:42:54] [PicqBotX] [DEBUG(java.lang.Thread.run:748)] - 数据: {"anonymous":null,"font":54232488,"group_id":556981260,"message":"第999段 速度227.75 击键7.70 码长2.03 字数576 回改7 峰值257.74/9.68/1.71 校检:992f5 极速跟打器v1.45","message_id":8736,"message_type":"group","post_type":"message","raw_message":"第999段 速度227.75 击键7.70 码长2.03 字数576 回改7 峰值257.74/9.68/1.71 校检:992f5 极速跟打器v1.45","self_id":2997400528,"sender":{"age":0,"area":"南宁","card":"无影-863","level":"新日电动车","nickname":"无影","role":"admin","sex":"unknown","title":"","user_id":67195227},"sub_type":"normal","time":1557733374,"user_id":67195227}
[19-05-13 15:43:04] [PicqBotX] [DEBUG(java.lang.Thread.run:748)] 收到新请求: CQHttp/4.8.0
[19-05-13 15:43:04] [PicqBotX] [DEBUG(java.lang.Thread.run:748)] - 数据: {"anonymous":null,"font":54231944,"group_id":556981260,"message":"#成绩","message_id":8737,"message_type":"group","post_type":"message","raw_message":"#成绩","self_id":2997400528,"sender":{"age":0,"area":"南宁","card":"无影-863","level":"新日电动车","nickname":"无影","role":"admin","sex":"unknown","title":"","user_id":67195227},"sub_type":"normal","time":1557733384,"user_id":67195227}
[19-05-13 15:43:07] [PicqBotX] [DEBUG(java.lang.Thread.run:748)] 收到新请求: CQHttp/4.8.0
[19-05-13 15:43:07] [PicqBotX] [DEBUG(java.lang.Thread.run:748)] - 数据: {"anonymous":null,"font":54232872,"group_id":556981260,"message":"[CQ:image,file=AE02C0A28243DD858AF33C380EE9BB44.png,url=https://gchat.qpic.cn/gchatpic_new/207938707/556981260-2908352104-AE02C0A28243DD858AF33C380EE9BB44/0?vuin=2997400528&amp;term=2]","message_id":8738,"message_type":"group","post_type":"message","raw_message":"[CQ:image,file=AE02C0A28243DD858AF33C380EE9BB44.png]","self_id":2997400528,"sender":{"age":6,"area":"北京","card":"","level":"波音747","nickname":"小拆","role":"admin","sex":"female","title":"","user_id":207938707},"sub_type":"normal","time":1557733387,"user_id":207938707}
[19-05-13 15:43:13] [PicqBotX] [DEBUG(java.lang.Thread.run:748)] 收到新请求: CQHttp/4.8.0
[19-05-13 15:43:13] [PicqBotX] [DEBUG(java.lang.Thread.run:748)] - 数据: {"anonymous":null,"font":54232360,"group_id":556981260,"message":"[CQ:image,file=8D6D56CF90A30DACA7D7337A69522720.jpg,url=https://gchat.qpic.cn/gchatpic_new/67195227/556981260-2568618737-8D6D56CF90A30DACA7D7337A69522720/0?vuin=2997400528&amp;term=2]","message_id":8739,"message_type":"group","post_type":"message","raw_message":"[CQ:image,file=8D6D56CF90A30DACA7D7337A69522720.jpg]","self_id":2997400528,"sender":{"age":0,"area":"南宁","card":"无影-863","level":"新日电动车","nickname":"无影","role":"admin","sex":"unknown","title":"","user_id":67195227},"sub_type":"normal","time":1557733393,"user_id":67195227}
[19-05-13 15:43:41] [PicqBotX] [DEBUG(java.lang.Thread.run:748)] 收到新请求: CQHttp/4.8.0
[19-05-13 15:43:41] [PicqBotX] [DEBUG(java.lang.Thread.run:748)] - 数据: {"anonymous":null,"font":54232584,"group_id":556981260,"message":"[CQ:image,file=52DE6AC18491F0409BC2FFC5F70FC4CD.jpg,url=https://gchat.qpic.cn/gchatpic_new/523856782/556981260-2628200483-52DE6AC18491F0409BC2FFC5F70FC4CD/0?vuin=2997400528&amp;term=2]","message_id":8740,"message_type":"group","post_type":"message","raw_message":"[CQ:image,file=52DE6AC18491F0409BC2FFC5F70FC4CD.jpg]","self_id":2997400528,"sender":{"age":0,"area":"石家庄","card":"瓜牛-二笔","level":"波音747","nickname":"明媚阳光","role":"member","sex":"male","title":"一个小蹦哒","user_id":523856782},"sub_type":"normal","time":1557733421,"user_id":523856782}
[19-05-13 15:45:24] [PicqBotX] [DEBUG(java.lang.Thread.run:748)] 收到新请求: CQHttp/4.8.0
[19-05-13 15:45:24] [PicqBotX] [DEBUG(java.lang.Thread.run:748)] - 数据: {"anonymous":null,"font":54231944,"group_id":522394334,"message":"[CQ:image,file=D8D1CEA596CE9A95E7202153FC67E240.jpg,url=https://gchat.qpic.cn/gchatpic_new/718691870/522394334-2474947967-D8D1CEA596CE9A95E7202153FC67E240/0?vuin=2997400528&amp;term=2]","message_id":8741,"message_type":"group","post_type":"message","raw_message":"[CQ:image,file=D8D1CEA596CE9A95E7202153FC67E240.jpg]","self_id":2997400528,"sender":{"age":0,"area":"","card":"珂朵莉-小鹤音形","level":"入门","nickname":"这是QQ昵称","role":"member","sex":"unknown","title":"","user_id":718691870},"sub_type":"normal","time":1557733524,"user_id":718691870}
[19-05-13 15:45:26] [PicqBotX] [DEBUG(java.lang.Thread.run:748)] 收到新请求: CQHttp/4.8.0
[19-05-13 15:45:26] [PicqBotX] [DEBUG(java.lang.Thread.run:748)] - 数据: {"anonymous":null,"font":54232264,"group_id":522394334,"message":"[CQ:image,file=6711D415F0FCAB633361E8DC72148BDD.jpg,url=https://gchat.qpic.cn/gchatpic_new/718691870/522394334-2810718581-6711D415F0FCAB633361E8DC72148BDD/0?vuin=2997400528&amp;term=2]","message_id":8742,"message_type":"group","post_type":"message","raw_message":"[CQ:image,file=6711D415F0FCAB633361E8DC72148BDD.jpg]","self_id":2997400528,"sender":{"age":0,"area":"","card":"珂朵莉-小鹤音形","level":"入门","nickname":"这是QQ昵称","role":"member","sex":"unknown","title":"","user_id":718691870},"sub_type":"normal","time":1557733526,"user_id":718691870}
[19-05-13 15:46:21] [PicqBotX] [DEBUG(java.lang.Thread.run:748)] 收到新请求: CQHttp/4.8.0
[19-05-13 15:46:21] [PicqBotX] [DEBUG(java.lang.Thread.run:748)] - 数据: {"anonymous":null,"font":54232072,"group_id":556981260,"message":"第999段 速度239.37 击键8.06 码长2.02 字数576 回改4 峰值269.34/9.68/1.71 校检:2df3c 极速跟打器v1.45","message_id":8743,"message_type":"group","post_type":"message","raw_message":"第999段 速度239.37 击键8.06 码长2.02 字数576 回改4 峰值269.34/9.68/1.71 校检:2df3c 极速跟打器v1.45","self_id":2997400528,"sender":{"age":0,"area":"南宁","card":"无影-863","level":"新日电动车","nickname":"无影","role":"admin","sex":"unknown","title":"","user_id":67195227},"sub_type":"normal","time":1557733581,"user_id":67195227}
[19-05-13 15:46:33] [PicqBotX] [DEBUG(java.lang.Thread.run:748)] 收到新请求: CQHttp/4.8.0
[19-05-13 15:46:33] [PicqBotX] [DEBUG(java.lang.Thread.run:748)] - 数据: {"anonymous":null,"font":54232712,"group_id":556981260,"message":"#成绩","message_id":8744,"message_type":"group","post_type":"message","raw_message":"#成绩","self_id":2997400528,"sender":{"age":0,"area":"南宁","card":"无影-863","level":"新日电动车","nickname":"无影","role":"admin","sex":"unknown","title":"","user_id":67195227},"sub_type":"normal","time":1557733593,"user_id":67195227}
[19-05-13 15:46:36] [PicqBotX] [DEBUG(java.lang.Thread.run:748)] 收到新请求: CQHttp/4.8.0
[19-05-13 15:46:36] [PicqBotX] [DEBUG(java.lang.Thread.run:748)] - 数据: {"anonymous":null,"font":54232808,"group_id":556981260,"message":"[CQ:image,file=9113381F443FFA5C277D8463D8B7224F.png,url=https://gchat.qpic.cn/gchatpic_new/207938707/556981260-2360004060-9113381F443FFA5C277D8463D8B7224F/0?vuin=2997400528&amp;term=2]","message_id":8745,"message_type":"group","post_type":"message","raw_message":"[CQ:image,file=9113381F443FFA5C277D8463D8B7224F.png]","self_id":2997400528,"sender":{"age":6,"area":"北京","card":"","level":"波音747","nickname":"小拆","role":"admin","sex":"female","title":"","user_id":207938707},"sub_type":"normal","time":1557733596,"user_id":207938707}
[19-05-13 15:46:36] [PicqBotX] [DEBUG(java.lang.Thread.run:748)] 收到新请求: CQHttp/4.8.0
[19-05-13 15:46:36] [PicqBotX] [DEBUG(java.lang.Thread.run:748)] - 数据: {"anonymous":null,"font":54232616,"group_id":556981260,"message":"差点点水了","message_id":8746,"message_type":"group","post_type":"message","raw_message":"差点点水了","self_id":2997400528,"sender":{"age":0,"area":"南宁","card":"无影-863","level":"新日电动车","nickname":"无影","role":"admin","sex":"unknown","title":"","user_id":67195227},"sub_type":"normal","time":1557733596,"user_id":67195227}
[19-05-13 15:46:38] [PicqBotX] [DEBUG(java.lang.Thread.run:748)] 收到新请求: CQHttp/4.8.0
[19-05-13 15:46:38] [PicqBotX] [DEBUG(java.lang.Thread.run:748)] - 数据: {"anonymous":null,"font":54232072,"group_id":556981260,"message":"还是错了几个","message_id":8747,"message_type":"group","post_type":"message","raw_message":"还是错了几个","self_id":2997400528,"sender":{"age":0,"area":"南宁","card":"无影-863","level":"新日电动车","nickname":"无影","role":"admin","sex":"unknown","title":"","user_id":67195227},"sub_type":"normal","time":1557733598,"user_id":67195227}
[19-05-13 15:49:55] [PicqBotX] [DEBUG(java.lang.Thread.run:748)] 收到新请求: CQHttp/4.8.0
[19-05-13 15:49:55] [PicqBotX] [DEBUG(java.lang.Thread.run:748)] - 数据: {"anonymous":null,"font":54232584,"group_id":556981260,"message":"厉害的风雨，结丹了","message_id":8748,"message_type":"group","post_type":"message","raw_message":"厉害的风雨，结丹了","self_id":2997400528,"sender":{"age":37,"area":"西安","card":"李诗歌-九二","level":"新日电动车","nickname":"辉舞","role":"member","sex":"male","title":"","user_id":6488698},"sub_type":"normal","time":1557733795,"user_id":6488698}
[19-05-13 15:52:00] [PicqBotX] [DEBUG(java.lang.Thread.run:748)] 收到新请求: CQHttp/4.8.0
[19-05-13 15:52:00] [PicqBotX] [DEBUG(java.lang.Thread.run:748)] - 数据: {"anonymous":null,"font":54232424,"group_id":556981260,"message":"/扔狗","message_id":8749,"message_type":"group","post_type":"message","raw_message":"/扔狗","self_id":2997400528,"sender":{"age":0,"area":"石家庄","card":"瓜牛-二笔","level":"波音747","nickname":"明媚阳光","role":"member","sex":"male","title":"一个小蹦哒","user_id":523856782},"sub_type":"normal","time":1557733920,"user_id":523856782}
[19-05-13 15:53:18] [PicqBotX] [DEBUG(java.lang.Thread.run:748)] 收到新请求: CQHttp/4.8.0
[19-05-13 15:53:18] [PicqBotX] [DEBUG(java.lang.Thread.run:748)] - 数据: {"anonymous":null,"font":54232520,"group_id":556981260,"message":"辣条不去证明一下你的偶然吗","message_id":8750,"message_type":"group","post_type":"message","raw_message":"辣条不去证明一下你的偶然吗","self_id":2997400528,"sender":{"age":0,"area":"广州","card":"无聊-小鹤","level":"新日电动车","nickname":"无聊","role":"member","sex":"male","title":"","user_id":779855010},"sub_type":"normal","time":1557733998,"user_id":779855010}
[19-05-13 15:57:19] [PicqBotX] [DEBUG(java.lang.Thread.run:748)] 收到新请求: CQHttp/4.8.0
[19-05-13 15:57:19] [PicqBotX] [DEBUG(java.lang.Thread.run:748)] - 数据: {"anonymous":null,"font":54232424,"group_id":522394334,"message":"#成绩","message_id":8751,"message_type":"group","post_type":"message","raw_message":"#成绩","self_id":2997400528,"sender":{"age":0,"area":"南宁","card":"小八的小弟-86五笔","level":"中级","nickname":"无影","role":"member","sex":"unknown","title":"","user_id":67195227},"sub_type":"normal","time":1557734239,"user_id":67195227}
[19-05-13 15:57:22] [PicqBotX] [DEBUG(java.lang.Thread.run:748)] 收到新请求: CQHttp/4.8.0
[19-05-13 15:57:22] [PicqBotX] [DEBUG(java.lang.Thread.run:748)] - 数据: {"anonymous":null,"font":54232200,"group_id":522394334,"message":"[CQ:image,file=A4FC45082128CC8D66410D20226EA80F.png,url=https://gchat.qpic.cn/gchatpic_new/207938707/522394334-2653661353-A4FC45082128CC8D66410D20226EA80F/0?vuin=2997400528&amp;term=2]","message_id":8752,"message_type":"group","post_type":"message","raw_message":"[CQ:image,file=A4FC45082128CC8D66410D20226EA80F.png]","self_id":2997400528,"sender":{"age":6,"area":"北京","card":"","level":"小白","nickname":"小拆","role":"member","sex":"female","title":"","user_id":207938707},"sub_type":"normal","time":1557734242,"user_id":207938707}
[19-05-13 15:58:37] [PicqBotX] [DEBUG(java.lang.Thread.run:748)] 收到新请求: CQHttp/4.8.0
[19-05-13 15:58:37] [PicqBotX] [DEBUG(java.lang.Thread.run:748)] - 数据: {"anonymous":null,"font":54232712,"group_id":556981260,"message":"这是偶然的","message_id":8753,"message_type":"group","post_type":"message","raw_message":"这是偶然的","self_id":2997400528,"sender":{"age":0,"area":"石家庄","card":"瓜牛-二笔","level":"波音747","nickname":"明媚阳光","role":"member","sex":"male","title":"一个小蹦哒","user_id":523856782},"sub_type":"normal","time":1557734317,"user_id":523856782}
[19-05-13 15:59:57] [PicqBotX] [DEBUG(java.lang.Thread.run:748)] 收到新请求: CQHttp/4.8.0
[19-05-13 15:59:57] [PicqBotX] [DEBUG(java.lang.Thread.run:748)] - 数据: {"anonymous":null,"font":54231944,"group_id":522394334,"message":"第999段 速度175.49 击键6.94 码长2.37 字数449 回改10 峰值200/8.82/2.33 校检:1595f 极速跟打器v1.45","message_id":8754,"message_type":"group","post_type":"message","raw_message":"第999段 速度175.49 击键6.94 码长2.37 字数449 回改10 峰值200/8.82/2.33 校检:1595f 极速跟打器v1.45","self_id":2997400528,"sender":{"age":0,"area":"南宁","card":"小八的小弟-86五笔","level":"中级","nickname":"无影","role":"member","sex":"unknown","title":"","user_id":67195227},"sub_type":"normal","time":1557734397,"user_id":67195227}
[19-05-13 16:00:03] [PicqBotX] [DEBUG(java.lang.Thread.run:748)] 收到新请求: CQHttp/4.8.0
[19-05-13 16:00:03] [PicqBotX] [DEBUG(java.lang.Thread.run:748)] - 数据: {"anonymous":null,"font":54231944,"group_id":522394334,"message":"#成绩","message_id":8755,"message_type":"group","post_type":"message","raw_message":"#成绩","self_id":2997400528,"sender":{"age":0,"area":"南宁","card":"小八的小弟-86五笔","level":"中级","nickname":"无影","role":"member","sex":"unknown","title":"","user_id":67195227},"sub_type":"normal","time":1557734403,"user_id":67195227}
[19-05-13 16:00:06] [PicqBotX] [DEBUG(java.lang.Thread.run:748)] 收到新请求: CQHttp/4.8.0
[19-05-13 16:00:06] [PicqBotX] [DEBUG(java.lang.Thread.run:748)] - 数据: {"anonymous":null,"font":54232424,"group_id":522394334,"message":"[CQ:image,file=3C242FA0127EEC088EE23F52800AFE7A.png,url=https://gchat.qpic.cn/gchatpic_new/207938707/522394334-2668359152-3C242FA0127EEC088EE23F52800AFE7A/0?vuin=2997400528&amp;term=2]","message_id":8756,"message_type":"group","post_type":"message","raw_message":"[CQ:image,file=3C242FA0127EEC088EE23F52800AFE7A.png]","self_id":2997400528,"sender":{"age":6,"area":"北京","card":"","level":"小白","nickname":"小拆","role":"member","sex":"female","title":"","user_id":207938707},"sub_type":"normal","time":1557734406,"user_id":207938707}
[19-05-13 16:06:21] [PicqBotX] [DEBUG(java.lang.Thread.run:748)] 收到新请求: CQHttp/4.8.0
