[19-05-14 20:08:29] [PicqBotX] [INFO] 
[19-05-14 20:08:29] [PicqBotX] [INFO]     ____  _            ____        __ _  __
[19-05-14 20:08:29] [PicqBotX] [INFO]    / __ \(_)________ _/ __ )____  / /| |/ /
[19-05-14 20:08:29] [PicqBotX] [INFO]   / /_/ / / ___/ __ `/ __  / __ \/ __/   /
[19-05-14 20:08:29] [PicqBotX] [INFO]  / ____/ / /__/ /_/ / /_/ / /_/ / /_/   |
[19-05-14 20:08:29] [PicqBotX] [INFO] /_/   /_/\___/\__, /_____/\____/\__/_/|_|
[19-05-14 20:08:29] [PicqBotX] [INFO]                 /_/         v3.2.2.896
[19-05-14 20:08:29] [PicqBotX] [INFO] 日志管理器     初始化完成 [******] ...(67.33 ms)
[19-05-14 20:08:29] [PicqBotX] [INFO] 缓存管理器     初始化完成 [******] ...(2.48 ms)
[19-05-14 20:08:29] [PicqBotX] [INFO] DEBUG设置     初始化完成 [******] ...(0.01 ms)
[19-05-14 20:08:29] [PicqBotX] [INFO] 事件管理器     初始化完成 [******] ...(40.86 ms)
[19-05-14 20:08:29] [PicqBotX] [INFO] 账号管理器     初始化完成 [******] ...(1.12 ms)
[19-05-14 20:08:29] [PicqBotX] [INFO] HTTP监听服务器 初始化完成 [******] ...(3.02 ms)
[19-05-14 20:08:30] [PicqBotX] [INFO] 指令管理器     初始化完成 [******] ...(3.57 ms)
[19-05-14 20:08:30] [PicqBotX] [WARNING] 账号 Bot01: 版本正确, 不过用酷Q Pro的话效果更好哦!
[19-05-14 20:08:30] [PicqBotX] [INFO] 账号 Bot01:   版本验证完成!
[19-05-14 20:08:30] [PicqBotX] [INFO] 正在启动...
[19-05-14 20:08:30] [PicqBotX] [DEBUG(java.lang.Thread.run:748)] 收到新请求: CQHttp/4.8.0
[19-05-14 20:08:30] [PicqBotX] [DEBUG(java.lang.Thread.run:748)] - 数据: {"anonymous":null,"font":6235200,"group_id":522394334,"message":"[CQ:image,file=8D51D1B59ADFBA17961BCAB926715DC2.gif,url=https://gchat.qpic.cn/gchatpic_new/2297714857/522394334-2446971631-8D51D1B59ADFBA17961BCAB926715DC2/0?vuin=2997400528&amp;term=2]","message_id":9935,"message_type":"group","post_type":"message","raw_message":"[CQ:image,file=8D51D1B59ADFBA17961BCAB926715DC2.gif]","self_id":2997400528,"sender":{"age":28,"area":"成都","card":"一枝独秀―谭八风","level":"了解群图书馆","nickname":"云华","role":"member","sex":"male","title":"","user_id":2297714857},"sub_type":"normal","time":1557835710,"user_id":2297714857}
[19-05-14 20:08:32] [PicqBotX] [DEBUG(java.lang.Thread.run:748)] 收到新请求: CQHttp/4.8.0
[19-05-14 20:08:32] [PicqBotX] [DEBUG(java.lang.Thread.run:748)] - 数据: {"anonymous":null,"font":6235200,"group_id":522394334,"message":"#赛文","message_id":9936,"message_type":"group","post_type":"message","raw_message":"#赛文","self_id":2997400528,"sender":{"age":8,"area":"广州","card":"谭宇-养生式跟打","level":"入门","nickname":"0 4 . 2 2","role":"admin","sex":"male","title":"","user_id":1061917196},"sub_type":"normal","time":1557835712,"user_id":1061917196}
[19-05-14 20:08:33] [PicqBotX] [DEBUG(java.lang.Thread.run:748)] 收到新请求: CQHttp/4.8.0
[19-05-14 20:08:33] [PicqBotX] [DEBUG(java.lang.Thread.run:748)] - 数据: {"anonymous":null,"font":6235296,"group_id":522394334,"message":"《始于眉毛》日赛第532期-二花制作\r\n因为是女人，而且要就业，她就想选择一个以女性美吸引人的职业。可是，谁也没有说过她美。她找到的，却是禁止化妆的职业。一天，上司把她叫到跟前说：“你描眉了吧？”“没有啊！”她怯生生地用手指沾了点唾沫，把眉毛擦了擦。“那么，你是修剪过喽？”“没有啊！生来就是这样。”她几乎哭出来了。“唔，你好歹有双漂亮的眉毛，就是不在这里工作，你也能活下去吧。”从她的眉毛，上司找到了裁减她的借口。她才第一次明确地了解到了自己的眉毛之美。她满心喜悦，连失业的悲哀也忘却了。自己也有美的地方，对结婚也就有信心了。丈夫没有说她的眉毛长的美。他说她的乳房美，脊背、双膝也很美。然后，然后……别人告诉她，她身上有许多美，她沉湎在幸福之中。但是，一想到丈夫搜遍了她身上的美之后又将会怎样，她也就禁不住怀念起当初以为自己身上没有一点美而认命了的时候那种无忧无虑来了。\r\n-----第999段-1200S-366Z-4L-78eed272V--c.sw.1.1\r\n本文由 散文 组成","message_id":9937,"message_type":"group","post_type":"message","raw_message":"《始于眉毛》日赛第532期-二花制作\r\n因为是女人，而且要就业，她就想选择一个以女性美吸引人的职业。可是，谁也没有说过她美。她找到的，却是禁止化妆的职业。一天，上司把她叫到跟前说：“你描眉了吧？”“没有啊！”她怯生生地用手指沾了点唾沫，把眉毛擦了擦。“那么，你是修剪过喽？”“没有啊！生来就是这样。”她几乎哭出来了。“唔，你好歹有双漂亮的眉毛，就是不在这里工作，你也能活下去吧。”从她的眉毛，上司找到了裁减她的借口。她才第一次明确地了解到了自己的眉毛之美。她满心喜悦，连失业的悲哀也忘却了。自己也有美的地方，对结婚也就有信心了。丈夫没有说她的眉毛长的美。他说她的乳房美，脊背、双膝也很美。然后，然后……别人告诉她，她身上有许多美，她沉湎在幸福之中。但是，一想到丈夫搜遍了她身上的美之后又将会怎样，她也就禁不住怀念起当初以为自己身上没有一点美而认命了的时候那种无忧无虑来了。\r\n-----第999段-1200S-366Z-4L-78eed272V--c.sw.1.1\r\n本文由 散文 组成","self_id":2997400528,"sender":{"age":6,"area":"北京","card":"","level":"小白","nickname":"小拆","role":"member","sex":"female","title":"","user_id":207938707},"sub_type":"normal","time":1557835713,"user_id":207938707}
[19-05-14 20:08:45] [PicqBotX] [DEBUG(java.lang.Thread.run:748)] 收到新请求: CQHttp/4.8.0
