[19-05-15 12:36:40] [PicqBotX] [INFO] 
[19-05-15 12:36:40] [PicqBotX] [INFO]     ____  _            ____        __ _  __
[19-05-15 12:36:40] [PicqBotX] [INFO]    / __ \(_)________ _/ __ )____  / /| |/ /
[19-05-15 12:36:40] [PicqBotX] [INFO]   / /_/ / / ___/ __ `/ __  / __ \/ __/   /
[19-05-15 12:36:40] [PicqBotX] [INFO]  / ____/ / /__/ /_/ / /_/ / /_/ / /_/   |
[19-05-15 12:36:40] [PicqBotX] [INFO] /_/   /_/\___/\__, /_____/\____/\__/_/|_|
[19-05-15 12:36:40] [PicqBotX] [INFO]                 /_/         v3.2.2.896
[19-05-15 12:36:40] [PicqBotX] [INFO] 日志管理器     初始化完成 [******] ...(30.56 ms)
[19-05-15 12:36:40] [PicqBotX] [INFO] 缓存管理器     初始化完成 [******] ...(2.34 ms)
[19-05-15 12:36:40] [PicqBotX] [INFO] DEBUG设置     初始化完成 [******] ...(0.01 ms)
[19-05-15 12:36:40] [PicqBotX] [INFO] 事件管理器     初始化完成 [******] ...(31.51 ms)
[19-05-15 12:36:40] [PicqBotX] [INFO] 账号管理器     初始化完成 [******] ...(0.78 ms)
[19-05-15 12:36:40] [PicqBotX] [INFO] HTTP监听服务器 初始化完成 [******] ...(1.8 ms)
[19-05-15 12:36:40] [PicqBotX] [INFO] 指令管理器     初始化完成 [******] ...(2.03 ms)
[19-05-15 12:36:40] [PicqBotX] [WARNING] 账号 Bot01: 版本正确, 不过用酷Q Pro的话效果更好哦!
[19-05-15 12:36:40] [PicqBotX] [INFO] 账号 Bot01:   版本验证完成!
[19-05-15 12:36:40] [PicqBotX] [INFO] 正在启动...
[19-05-15 12:36:41] [PicqBotX] [DEBUG(java.lang.Thread.run:748)] 收到新请求: CQHttp/4.8.0
[19-05-15 12:36:41] [PicqBotX] [DEBUG(java.lang.Thread.run:748)] - 数据: {"anonymous":null,"font":6235712,"group_id":522394334,"message":"[CQ:image,file=20C08BB438E9B5499C4406CADBE02413.jpg,url=https://gchat.qpic.cn/gchatpic_new/2297714857/522394334-3074117977-20C08BB438E9B5499C4406CADBE02413/0?vuin=2997400528&amp;term=2]","message_id":11146,"message_type":"group","post_type":"message","raw_message":"[CQ:image,file=20C08BB438E9B5499C4406CADBE02413.jpg]","self_id":2997400528,"sender":{"age":28,"area":"成都","card":"一枝独秀―谭八风","level":"了解群图书馆","nickname":"云华","role":"member","sex":"male","title":"","user_id":2297714857},"sub_type":"normal","time":1557895001,"user_id":2297714857}
[19-05-15 12:36:46] [PicqBotX] [DEBUG(java.lang.Thread.run:748)] 收到新请求: CQHttp/4.8.0
[19-05-15 12:36:46] [PicqBotX] [DEBUG(java.lang.Thread.run:748)] - 数据: {"anonymous":null,"font":6235488,"group_id":522394334,"message":"我觉得不行","message_id":11147,"message_type":"group","post_type":"message","raw_message":"我觉得不行","self_id":2997400528,"sender":{"age":0,"area":"","card":"空白―星二","level":"了解群图书馆","nickname":"","role":"member","sex":"unknown","title":"","user_id":29141847},"sub_type":"normal","time":1557895006,"user_id":29141847}
[19-05-15 12:36:50] [PicqBotX] [DEBUG(java.lang.Thread.run:748)] 收到新请求: CQHttp/4.8.0
[19-05-15 12:36:50] [PicqBotX] [DEBUG(java.lang.Thread.run:748)] - 数据: {"anonymous":null,"font":6235520,"group_id":522394334,"message":"你们上屏的成绩。","message_id":11148,"message_type":"group","post_type":"message","raw_message":"你们上屏的成绩。","self_id":2997400528,"sender":{"age":8,"area":"广州","card":"谭宇-养生式跟打","level":"入门","nickname":"0 4 . 2 2","role":"admin","sex":"male","title":"","user_id":1061917196},"sub_type":"normal","time":1557895010,"user_id":1061917196}
[19-05-15 12:36:54] [PicqBotX] [DEBUG(java.lang.Thread.run:748)] 收到新请求: CQHttp/4.8.0
[19-05-15 12:36:54] [PicqBotX] [DEBUG(java.lang.Thread.run:748)] - 数据: {"anonymous":null,"font":6235744,"group_id":522394334,"message":"我都会抓取","message_id":11149,"message_type":"group","post_type":"message","raw_message":"我都会抓取","self_id":2997400528,"sender":{"age":8,"area":"广州","card":"谭宇-养生式跟打","level":"入门","nickname":"0 4 . 2 2","role":"admin","sex":"male","title":"","user_id":1061917196},"sub_type":"normal","time":1557895014,"user_id":1061917196}
[19-05-15 12:37:01] [PicqBotX] [DEBUG(java.lang.Thread.run:748)] 收到新请求: CQHttp/4.8.0
[19-05-15 12:37:01] [PicqBotX] [DEBUG(java.lang.Thread.run:748)] - 数据: {"anonymous":null,"font":6235456,"group_id":522394334,"message":"机器人是不是关了","message_id":11150,"message_type":"group","post_type":"message","raw_message":"机器人是不是关了","self_id":2997400528,"sender":{"age":0,"area":"","card":"空白―星二","level":"了解群图书馆","nickname":"","role":"member","sex":"unknown","title":"","user_id":29141847},"sub_type":"normal","time":1557895021,"user_id":29141847}
[19-05-15 12:37:03] [PicqBotX] [DEBUG(java.lang.Thread.run:748)] 收到新请求: CQHttp/4.8.0
[19-05-15 12:37:03] [PicqBotX] [DEBUG(java.lang.Thread.run:748)] - 数据: {"anonymous":null,"font":6235872,"group_id":522394334,"message":"然后 计算一个不仅仅限制拖拉机跟打器的成绩汇总","message_id":11151,"message_type":"group","post_type":"message","raw_message":"然后 计算一个不仅仅限制拖拉机跟打器的成绩汇总","self_id":2997400528,"sender":{"age":8,"area":"广州","card":"谭宇-养生式跟打","level":"入门","nickname":"0 4 . 2 2","role":"admin","sex":"male","title":"","user_id":1061917196},"sub_type":"normal","time":1557895023,"user_id":1061917196}
[19-05-15 12:37:05] [PicqBotX] [DEBUG(java.lang.Thread.run:748)] 收到新请求: CQHttp/4.8.0
[19-05-15 12:37:05] [PicqBotX] [DEBUG(java.lang.Thread.run:748)] - 数据: {"anonymous":null,"font":6235872,"group_id":522394334,"message":"关了","message_id":11152,"message_type":"group","post_type":"message","raw_message":"关了","self_id":2997400528,"sender":{"age":8,"area":"广州","card":"谭宇-养生式跟打","level":"入门","nickname":"0 4 . 2 2","role":"admin","sex":"male","title":"","user_id":1061917196},"sub_type":"normal","time":1557895025,"user_id":1061917196}
[19-05-15 12:37:07] [PicqBotX] [DEBUG(java.lang.Thread.run:748)] 收到新请求: CQHttp/4.8.0
[19-05-15 12:37:07] [PicqBotX] [DEBUG(java.lang.Thread.run:748)] - 数据: {"anonymous":null,"font":6234976,"group_id":522394334,"message":"刚刚测试一下而已。","message_id":11153,"message_type":"group","post_type":"message","raw_message":"刚刚测试一下而已。","self_id":2997400528,"sender":{"age":8,"area":"广州","card":"谭宇-养生式跟打","level":"入门","nickname":"0 4 . 2 2","role":"admin","sex":"male","title":"","user_id":1061917196},"sub_type":"normal","time":1557895027,"user_id":1061917196}
[19-05-15 12:37:08] [PicqBotX] [DEBUG(java.lang.Thread.run:748)] 收到新请求: CQHttp/4.8.0
[19-05-15 12:37:08] [PicqBotX] [DEBUG(java.lang.Thread.run:748)] - 数据: {"anonymous":null,"font":6234976,"group_id":522394334,"message":"。","message_id":11154,"message_type":"group","post_type":"message","raw_message":"。","self_id":2997400528,"sender":{"age":0,"area":"","card":"空白―星二","level":"了解群图书馆","nickname":"","role":"member","sex":"unknown","title":"","user_id":29141847},"sub_type":"normal","time":1557895028,"user_id":29141847}
[19-05-15 12:37:12] [PicqBotX] [DEBUG(java.lang.Thread.run:748)] 收到新请求: CQHttp/4.8.0
[19-05-15 12:37:12] [PicqBotX] [DEBUG(java.lang.Thread.run:748)] - 数据: {"anonymous":null,"font":6235840,"group_id":522394334,"message":"#赛文","message_id":11155,"message_type":"group","post_type":"message","raw_message":"#赛文","self_id":2997400528,"sender":{"age":0,"area":"","card":"空白―星二","level":"了解群图书馆","nickname":"","role":"member","sex":"unknown","title":"","user_id":29141847},"sub_type":"normal","time":1557895032,"user_id":29141847}
[19-05-15 12:37:14] [PicqBotX] [DEBUG(java.lang.Thread.run:748)] 收到新请求: CQHttp/4.8.0
[19-05-15 12:37:14] [PicqBotX] [DEBUG(java.lang.Thread.run:748)] - 数据: {"anonymous":null,"font":6235712,"group_id":522394334,"message":"《卡莫迪太太的小店》日赛第533期-二花制作\r\n卡莫迪太太太在街角的小店，是在东部小镇子上都能找到的那种，由寡妇所开。这儿那儿，你还能发现这种小店，可是卡莫迪太太开她那间，已经是三十四年前的事了。那间小店卖《勇气与运气》杂志、土豆（几乎都是每次不超过半口就吃完了）、劳拉・吉恩・利比的长篇小说、“16-1”巧克力条、能在小孩的手背上印假刺青的贴画、用毛茸茸的绳子捆着的引火柴、克拉克牌丝光线、雪茄和烟草、哥本哈根鼻烟、少量的煤油、巧克力糖、《年轻而荒凉的西部》、《工作及赢取》以及天晓得还有别的什么东西。《勇气与运气》、《年轻而荒凉的西部》和《工作及赢取》都是五分钱一本的杂志，每星期一期。卡莫迪太太那间小店的小小橱窗后面，横着拉了根绳子，这几种杂志就挂在上面，好让颜色鲜艳的封面能吸引街上的行人。卡莫迪太太有两个孩子，约翰和比他安静一点的弟弟威廉。约翰马上要满九岁，他着迷的是《勇气与运气》和别的故事书。他把那些全读了，但是读的时候不能把杂志页裁开，那种杂志上方没有切边。一旦裁开，就成了二手的《勇气与运气》或者《年轻而荒凉的西部》或者别的不管什么杂志，那样就只值两分半。\r\n-----第999段-1200S-463Z-4L-a2ca5c09V--c.sw.1.1\r\n本文由 散文 组成","message_id":11156,"message_type":"group","post_type":"message","raw_message":"《卡莫迪太太的小店》日赛第533期-二花制作\r\n卡莫迪太太太在街角的小店，是在东部小镇子上都能找到的那种，由寡妇所开。这儿那儿，你还能发现这种小店，可是卡莫迪太太开她那间，已经是三十四年前的事了。那间小店卖《勇气与运气》杂志、土豆（几乎都是每次不超过半口就吃完了）、劳拉・吉恩・利比的长篇小说、“16-1”巧克力条、能在小孩的手背上印假刺青的贴画、用毛茸茸的绳子捆着的引火柴、克拉克牌丝光线、雪茄和烟草、哥本哈根鼻烟、少量的煤油、巧克力糖、《年轻而荒凉的西部》、《工作及赢取》以及天晓得还有别的什么东西。《勇气与运气》、《年轻而荒凉的西部》和《工作及赢取》都是五分钱一本的杂志，每星期一期。卡莫迪太太那间小店的小小橱窗后面，横着拉了根绳子，这几种杂志就挂在上面，好让颜色鲜艳的封面能吸引街上的行人。卡莫迪太太有两个孩子，约翰和比他安静一点的弟弟威廉。约翰马上要满九岁，他着迷的是《勇气与运气》和别的故事书。他把那些全读了，但是读的时候不能把杂志页裁开，那种杂志上方没有切边。一旦裁开，就成了二手的《勇气与运气》或者《年轻而荒凉的西部》或者别的不管什么杂志，那样就只值两分半。\r\n-----第999段-1200S-463Z-4L-a2ca5c09V--c.sw.1.1\r\n本文由 散文 组成","self_id":2997400528,"sender":{"age":6,"area":"北京","card":"","level":"小白","nickname":"小拆","role":"member","sex":"female","title":"","user_id":207938707},"sub_type":"normal","time":1557895034,"user_id":207938707}
[19-05-15 12:37:16] [PicqBotX] [DEBUG(java.lang.Thread.run:748)] 收到新请求: CQHttp/4.8.0
[19-05-15 12:37:16] [PicqBotX] [DEBUG(java.lang.Thread.run:748)] - 数据: {"anonymous":null,"font":6235712,"group_id":522394334,"message":"当然只限上屏的成绩。","message_id":11157,"message_type":"group","post_type":"message","raw_message":"当然只限上屏的成绩。","self_id":2997400528,"sender":{"age":8,"area":"广州","card":"谭宇-养生式跟打","level":"入门","nickname":"0 4 . 2 2","role":"admin","sex":"male","title":"","user_id":1061917196},"sub_type":"normal","time":1557895036,"user_id":1061917196}
[19-05-15 12:37:29] [PicqBotX] [DEBUG(java.lang.Thread.run:748)] 收到新请求: CQHttp/4.8.0
[19-05-15 12:37:29] [PicqBotX] [DEBUG(java.lang.Thread.run:748)] - 数据: {"anonymous":null,"font":6235616,"group_id":522394334,"message":"对了，重复上屏是怎么弄的","message_id":11158,"message_type":"group","post_type":"message","raw_message":"对了，重复上屏是怎么弄的","self_id":2997400528,"sender":{"age":0,"area":"","card":"空白―星二","level":"了解群图书馆","nickname":"","role":"member","sex":"unknown","title":"","user_id":29141847},"sub_type":"normal","time":1557895049,"user_id":29141847}
[19-05-15 12:37:38] [PicqBotX] [DEBUG(java.lang.Thread.run:748)] 收到新请求: CQHttp/4.8.0
[19-05-15 12:37:38] [PicqBotX] [DEBUG(java.lang.Thread.run:748)] - 数据: {"anonymous":null,"font":6235744,"group_id":522394334,"message":"就是小鹤的;f","message_id":11160,"message_type":"group","post_type":"message","raw_message":"就是小鹤的;f","self_id":2997400528,"sender":{"age":0,"area":"","card":"空白―星二","level":"了解群图书馆","nickname":"","role":"member","sex":"unknown","title":"","user_id":29141847},"sub_type":"normal","time":1557895058,"user_id":29141847}
[19-05-15 12:37:38] [PicqBotX] [DEBUG(java.lang.Thread.run:748)] 收到新请求: CQHttp/4.8.0
[19-05-15 12:37:38] [PicqBotX] [DEBUG(java.lang.Thread.run:748)] - 数据: {"anonymous":null,"font":6235360,"group_id":522394334,"message":"[CQ:image,file=4425426F99EDA8C807D0F728BE24CC90.png,url=https://gchat.qpic.cn/gchatpic_new/779855010/522394334-2863826619-4425426F99EDA8C807D0F728BE24CC90/0?vuin=2997400528&amp;term=2]","message_id":11159,"message_type":"group","post_type":"message","raw_message":"[CQ:image,file=4425426F99EDA8C807D0F728BE24CC90.png]","self_id":2997400528,"sender":{"age":0,"area":"广州","card":"无聊-小鹤音形","level":"中级","nickname":"无聊","role":"member","sex":"male","title":"","user_id":779855010},"sub_type":"normal","time":1557895058,"user_id":779855010}
[19-05-15 12:37:39] [PicqBotX] [DEBUG(java.lang.Thread.run:748)] 收到新请求: CQHttp/4.8.0
[19-05-15 12:37:39] [PicqBotX] [DEBUG(java.lang.Thread.run:748)] - 数据: {"anonymous":null,"font":6235104,"group_id":522394334,"message":"什么重复上屏","message_id":11161,"message_type":"group","post_type":"message","raw_message":"什么重复上屏","self_id":2997400528,"sender":{"age":8,"area":"广州","card":"谭宇-养生式跟打","level":"入门","nickname":"0 4 . 2 2","role":"admin","sex":"male","title":"","user_id":1061917196},"sub_type":"normal","time":1557895059,"user_id":1061917196}
[19-05-15 12:37:43] [PicqBotX] [DEBUG(java.lang.Thread.run:748)] 收到新请求: CQHttp/4.8.0
[19-05-15 12:37:43] [PicqBotX] [DEBUG(java.lang.Thread.run:748)] - 数据: {"anonymous":null,"font":6235840,"group_id":522394334,"message":";f","message_id":11162,"message_type":"group","post_type":"message","raw_message":";f","self_id":2997400528,"sender":{"age":0,"area":"","card":"空白―星二","level":"了解群图书馆","nickname":"","role":"member","sex":"unknown","title":"","user_id":29141847},"sub_type":"normal","time":1557895063,"user_id":29141847}
[19-05-15 12:37:44] [PicqBotX] [DEBUG(java.lang.Thread.run:748)] 收到新请求: CQHttp/4.8.0
[19-05-15 12:37:44] [PicqBotX] [DEBUG(java.lang.Thread.run:748)] - 数据: {"anonymous":null,"font":6235200,"group_id":522394334,"message":"我不知道 我从来不用","message_id":11163,"message_type":"group","post_type":"message","raw_message":"我不知道 我从来不用","self_id":2997400528,"sender":{"age":8,"area":"广州","card":"谭宇-养生式跟打","level":"入门","nickname":"0 4 . 2 2","role":"admin","sex":"male","title":"","user_id":1061917196},"sub_type":"normal","time":1557895064,"user_id":1061917196}
[19-05-15 12:37:53] [PicqBotX] [DEBUG(java.lang.Thread.run:748)] 收到新请求: CQHttp/4.8.0
[19-05-15 12:37:53] [PicqBotX] [DEBUG(java.lang.Thread.run:748)] - 数据: {"anonymous":null,"font":6235392,"group_id":522394334,"message":"有什么用吗","message_id":11164,"message_type":"group","post_type":"message","raw_message":"有什么用吗","self_id":2997400528,"sender":{"age":0,"area":"广州","card":"无聊-小鹤音形","level":"中级","nickname":"无聊","role":"member","sex":"male","title":"","user_id":779855010},"sub_type":"normal","time":1557895073,"user_id":779855010}
[19-05-15 12:37:54] [PicqBotX] [DEBUG(java.lang.Thread.run:748)] 收到新请求: CQHttp/4.8.0
[19-05-15 12:37:54] [PicqBotX] [DEBUG(java.lang.Thread.run:748)] - 数据: {"anonymous":null,"font":6235008,"group_id":522394334,"message":"[CQ:face,id=177]我去问问再打","message_id":11165,"message_type":"group","post_type":"message","raw_message":"[CQ:face,id=177]我去问问再打","self_id":2997400528,"sender":{"age":0,"area":"","card":"空白―星二","level":"了解群图书馆","nickname":"","role":"member","sex":"unknown","title":"","user_id":29141847},"sub_type":"normal","time":1557895074,"user_id":29141847}
[19-05-15 12:37:56] [PicqBotX] [DEBUG(java.lang.Thread.run:748)] 收到新请求: CQHttp/4.8.0
[19-05-15 12:37:56] [PicqBotX] [DEBUG(java.lang.Thread.run:748)] - 数据: {"anonymous":null,"font":6235552,"group_id":522394334,"message":"查询 谭宇","message_id":11166,"message_type":"group","post_type":"message","raw_message":"查询 谭宇","self_id":2997400528,"sender":{"age":8,"area":"广州","card":"谭宇-养生式跟打","level":"入门","nickname":"0 4 . 2 2","role":"admin","sex":"male","title":"","user_id":1061917196},"sub_type":"normal","time":1557895076,"user_id":1061917196}
[19-05-15 12:37:58] [PicqBotX] [DEBUG(java.lang.Thread.run:748)] 收到新请求: CQHttp/4.8.0
[19-05-15 12:37:58] [PicqBotX] [DEBUG(java.lang.Thread.run:748)] - 数据: {"anonymous":null,"font":6235648,"group_id":522394334,"message":"感觉用处不大","message_id":11168,"message_type":"group","post_type":"message","raw_message":"感觉用处不大","self_id":2997400528,"sender":{"age":0,"area":"广州","card":"无聊-小鹤音形","level":"中级","nickname":"无聊","role":"member","sex":"male","title":"","user_id":779855010},"sub_type":"normal","time":1557895078,"user_id":779855010}
[19-05-15 12:38:05] [PicqBotX] [DEBUG(java.lang.Thread.run:748)] 收到新请求: CQHttp/4.8.0
[19-05-15 12:38:05] [PicqBotX] [DEBUG(java.lang.Thread.run:748)] - 数据: {"anonymous":null,"font":6235968,"group_id":522394334,"message":"查询 无聊","message_id":11169,"message_type":"group","post_type":"message","raw_message":"查询 无聊","self_id":2997400528,"sender":{"age":0,"area":"广州","card":"无聊-小鹤音形","level":"中级","nickname":"无聊","role":"member","sex":"male","title":"","user_id":779855010},"sub_type":"normal","time":1557895085,"user_id":779855010}
[19-05-15 12:38:19] [PicqBotX] [DEBUG(java.lang.Thread.run:748)] 收到新请求: CQHttp/4.8.0
[19-05-15 12:38:19] [PicqBotX] [DEBUG(java.lang.Thread.run:748)] - 数据: {"anonymous":null,"font":6235872,"group_id":522394334,"message":"#赛文","message_id":11171,"message_type":"group","post_type":"message","raw_message":"#赛文","self_id":2997400528,"sender":{"age":0,"area":"广州","card":"无聊-小鹤音形","level":"中级","nickname":"无聊","role":"member","sex":"male","title":"","user_id":779855010},"sub_type":"normal","time":1557895099,"user_id":779855010}
[19-05-15 12:38:20] [PicqBotX] [DEBUG(java.lang.Thread.run:748)] 收到新请求: CQHttp/4.8.0
[19-05-15 12:38:20] [PicqBotX] [DEBUG(java.lang.Thread.run:748)] - 数据: {"anonymous":null,"font":6235968,"group_id":522394334,"message":"查询 谭宇","message_id":11172,"message_type":"group","post_type":"message","raw_message":"查询 谭宇","self_id":2997400528,"sender":{"age":8,"area":"广州","card":"谭宇-养生式跟打","level":"入门","nickname":"0 4 . 2 2","role":"admin","sex":"male","title":"","user_id":1061917196},"sub_type":"normal","time":1557895100,"user_id":1061917196}
[19-05-15 12:38:20] [PicqBotX] [DEBUG(java.lang.Thread.run:748)] 收到新请求: CQHttp/4.8.0
[19-05-15 12:38:20] [PicqBotX] [DEBUG(java.lang.Thread.run:748)] - 数据: {"anonymous":null,"font":6235808,"group_id":522394334,"message":"《卡莫迪太太的小店》日赛第533期-二花制作\r\n卡莫迪太太太在街角的小店，是在东部小镇子上都能找到的那种，由寡妇所开。这儿那儿，你还能发现这种小店，可是卡莫迪太太开她那间，已经是三十四年前的事了。那间小店卖《勇气与运气》杂志、土豆（几乎都是每次不超过半口就吃完了）、劳拉・吉恩・利比的长篇小说、“16-1”巧克力条、能在小孩的手背上印假刺青的贴画、用毛茸茸的绳子捆着的引火柴、克拉克牌丝光线、雪茄和烟草、哥本哈根鼻烟、少量的煤油、巧克力糖、《年轻而荒凉的西部》、《工作及赢取》以及天晓得还有别的什么东西。《勇气与运气》、《年轻而荒凉的西部》和《工作及赢取》都是五分钱一本的杂志，每星期一期。卡莫迪太太那间小店的小小橱窗后面，横着拉了根绳子，这几种杂志就挂在上面，好让颜色鲜艳的封面能吸引街上的行人。卡莫迪太太有两个孩子，约翰和比他安静一点的弟弟威廉。约翰马上要满九岁，他着迷的是《勇气与运气》和别的故事书。他把那些全读了，但是读的时候不能把杂志页裁开，那种杂志上方没有切边。一旦裁开，就成了二手的《勇气与运气》或者《年轻而荒凉的西部》或者别的不管什么杂志，那样就只值两分半。\r\n-----第999段-1200S-463Z-4L-a2ca5c09V--c.sw.1.1\r\n本文由 散文 组成","message_id":11174,"message_type":"group","post_type":"message","raw_message":"《卡莫迪太太的小店》日赛第533期-二花制作\r\n卡莫迪太太太在街角的小店，是在东部小镇子上都能找到的那种，由寡妇所开。这儿那儿，你还能发现这种小店，可是卡莫迪太太开她那间，已经是三十四年前的事了。那间小店卖《勇气与运气》杂志、土豆（几乎都是每次不超过半口就吃完了）、劳拉・吉恩・利比的长篇小说、“16-1”巧克力条、能在小孩的手背上印假刺青的贴画、用毛茸茸的绳子捆着的引火柴、克拉克牌丝光线、雪茄和烟草、哥本哈根鼻烟、少量的煤油、巧克力糖、《年轻而荒凉的西部》、《工作及赢取》以及天晓得还有别的什么东西。《勇气与运气》、《年轻而荒凉的西部》和《工作及赢取》都是五分钱一本的杂志，每星期一期。卡莫迪太太那间小店的小小橱窗后面，横着拉了根绳子，这几种杂志就挂在上面，好让颜色鲜艳的封面能吸引街上的行人。卡莫迪太太有两个孩子，约翰和比他安静一点的弟弟威廉。约翰马上要满九岁，他着迷的是《勇气与运气》和别的故事书。他把那些全读了，但是读的时候不能把杂志页裁开，那种杂志上方没有切边。一旦裁开，就成了二手的《勇气与运气》或者《年轻而荒凉的西部》或者别的不管什么杂志，那样就只值两分半。\r\n-----第999段-1200S-463Z-4L-a2ca5c09V--c.sw.1.1\r\n本文由 散文 组成","self_id":2997400528,"sender":{"age":6,"area":"北京","card":"","level":"小白","nickname":"小拆","role":"member","sex":"female","title":"","user_id":207938707},"sub_type":"normal","time":1557895100,"user_id":207938707}
[19-05-15 12:38:24] [PicqBotX] [DEBUG(java.lang.Thread.run:748)] 收到新请求: CQHttp/4.8.0
[19-05-15 12:38:24] [PicqBotX] [DEBUG(java.lang.Thread.run:748)] - 数据: {"anonymous":null,"font":6235456,"group_id":522394334,"message":"今天的赛文开头不是有个卡莫迪太太太吗。。。","message_id":11175,"message_type":"group","post_type":"message","raw_message":"今天的赛文开头不是有个卡莫迪太太太吗。。。","self_id":2997400528,"sender":{"age":0,"area":"","card":"空白―星二","level":"了解群图书馆","nickname":"","role":"member","sex":"unknown","title":"","user_id":29141847},"sub_type":"normal","time":1557895104,"user_id":29141847}
[19-05-15 12:39:11] [PicqBotX] [DEBUG(java.lang.Thread.run:748)] 收到新请求: CQHttp/4.8.0
[19-05-15 12:39:11] [PicqBotX] [DEBUG(java.lang.Thread.run:748)] - 数据: {"anonymous":null,"font":6235456,"group_id":522394334,"message":"我把你们打字数据收集起来。后来有没有用再说","message_id":11176,"message_type":"group","post_type":"message","raw_message":"我把你们打字数据收集起来。后来有没有用再说","self_id":2997400528,"sender":{"age":8,"area":"广州","card":"谭宇-养生式跟打","level":"入门","nickname":"0 4 . 2 2","role":"admin","sex":"male","title":"","user_id":1061917196},"sub_type":"normal","time":1557895151,"user_id":1061917196}
[19-05-15 12:39:19] [PicqBotX] [DEBUG(java.lang.Thread.run:748)] 收到新请求: CQHttp/4.8.0
[19-05-15 12:39:19] [PicqBotX] [DEBUG(java.lang.Thread.run:748)] - 数据: {"anonymous":null,"font":6235904,"group_id":522394334,"message":"[CQ:face,id=172]","message_id":11177,"message_type":"group","post_type":"message","raw_message":"[CQ:face,id=172]","self_id":2997400528,"sender":{"age":8,"area":"广州","card":"谭宇-养生式跟打","level":"入门","nickname":"0 4 . 2 2","role":"admin","sex":"male","title":"","user_id":1061917196},"sub_type":"normal","time":1557895159,"user_id":1061917196}
[19-05-15 12:39:35] [PicqBotX] [DEBUG(java.lang.Thread.run:748)] 收到新请求: CQHttp/4.8.0
[19-05-15 12:39:35] [PicqBotX] [DEBUG(java.lang.Thread.run:748)] - 数据: {"anonymous":null,"font":6235296,"group_id":522394334,"message":"至少我觉得比小拆的准就行了。有准确的数据平均成绩","message_id":11178,"message_type":"group","post_type":"message","raw_message":"至少我觉得比小拆的准就行了。有准确的数据平均成绩","self_id":2997400528,"sender":{"age":8,"area":"广州","card":"谭宇-养生式跟打","level":"入门","nickname":"0 4 . 2 2","role":"admin","sex":"male","title":"","user_id":1061917196},"sub_type":"normal","time":1557895175,"user_id":1061917196}
[19-05-15 12:39:36] [PicqBotX] [DEBUG(java.lang.Thread.run:748)] 收到新请求: CQHttp/4.8.0
[19-05-15 12:39:36] [PicqBotX] [DEBUG(java.lang.Thread.run:748)] - 数据: {"anonymous":null,"font":6235104,"group_id":522394334,"message":"Ｏ(RQ)Ｏ在~","message_id":11179,"message_type":"group","post_type":"message","raw_message":"Ｏ(RQ)Ｏ在~","self_id":2997400528,"sender":{"age":6,"area":"北京","card":"","level":"小白","nickname":"小拆","role":"member","sex":"female","title":"","user_id":207938707},"sub_type":"normal","time":1557895176,"user_id":207938707}
[19-05-15 12:40:16] [PicqBotX] [DEBUG(java.lang.Thread.run:748)] 收到新请求: CQHttp/4.8.0
