[19-05-15 20:06:05] [PicqBotX] [INFO] 
[19-05-15 20:06:05] [PicqBotX] [INFO]     ____  _            ____        __ _  __
[19-05-15 20:06:05] [PicqBotX] [INFO]    / __ \(_)________ _/ __ )____  / /| |/ /
[19-05-15 20:06:05] [PicqBotX] [INFO]   / /_/ / / ___/ __ `/ __  / __ \/ __/   /
[19-05-15 20:06:05] [PicqBotX] [INFO]  / ____/ / /__/ /_/ / /_/ / /_/ / /_/   |
[19-05-15 20:06:05] [PicqBotX] [INFO] /_/   /_/\___/\__, /_____/\____/\__/_/|_|
[19-05-15 20:06:05] [PicqBotX] [INFO]                 /_/         v3.2.2.896
[19-05-15 20:06:05] [PicqBotX] [INFO] 日志管理器     初始化完成 [******] ...(31.48 ms)
[19-05-15 20:06:05] [PicqBotX] [INFO] 缓存管理器     初始化完成 [******] ...(1.82 ms)
[19-05-15 20:06:05] [PicqBotX] [INFO] DEBUG设置     初始化完成 [******] ...(0.01 ms)
[19-05-15 20:06:05] [PicqBotX] [INFO] 事件管理器     初始化完成 [******] ...(26.76 ms)
[19-05-15 20:06:05] [PicqBotX] [INFO] 账号管理器     初始化完成 [******] ...(1.75 ms)
[19-05-15 20:06:05] [PicqBotX] [INFO] HTTP监听服务器 初始化完成 [******] ...(1.33 ms)
[19-05-15 20:06:05] [PicqBotX] [INFO] 指令管理器     初始化完成 [******] ...(2.88 ms)
[19-05-15 20:06:05] [PicqBotX] [WARNING] 账号 Bot01: 版本正确, 不过用酷Q Pro的话效果更好哦!
[19-05-15 20:06:05] [PicqBotX] [INFO] 账号 Bot01:   版本验证完成!
[19-05-15 20:06:05] [PicqBotX] [INFO] 正在启动...
[19-05-15 20:06:11] [PicqBotX] [DEBUG(java.lang.Thread.run:748)] 收到新请求: CQHttp/4.8.0
[19-05-15 20:06:11] [PicqBotX] [DEBUG(java.lang.Thread.run:748)] - 数据: {"anonymous":null,"font":7378912,"group_id":522394334,"message":"成绩 晴天 谭宇 2019-5-15","message_id":11825,"message_type":"group","post_type":"message","raw_message":"成绩 晴天 谭宇 2019-5-15","self_id":2997400528,"sender":{"age":8,"area":"广州","card":"谭宇-养生式跟打","level":"入门","nickname":"0 4 . 2 2","role":"admin","sex":"male","title":"","user_id":1061917196},"sub_type":"normal","time":1557921971,"user_id":1061917196}
[19-05-15 20:06:30] [PicqBotX] [DEBUG(java.lang.Thread.run:748)] 收到新请求: CQHttp/4.8.0
[19-05-15 20:06:30] [PicqBotX] [DEBUG(java.lang.Thread.run:748)] - 数据: {"anonymous":null,"font":7378528,"group_id":556981260,"message":"完了，刚测试反应平均将近300ms","message_id":11826,"message_type":"group","post_type":"message","raw_message":"完了，刚测试反应平均将近300ms","self_id":2997400528,"sender":{"age":27,"area":"武汉","card":"随心-小鹤拼音","level":"死飞单车","nickname":"№默☆伤♂","role":"member","sex":"male","title":"","user_id":1101721752},"sub_type":"normal","time":1557921990,"user_id":1101721752}
[19-05-15 20:06:36] [PicqBotX] [DEBUG(java.lang.Thread.run:748)] 收到新请求: CQHttp/4.8.0
[19-05-15 20:06:36] [PicqBotX] [DEBUG(java.lang.Thread.run:748)] - 数据: {"anonymous":null,"font":7378624,"group_id":556981260,"message":"老年人的反应啊","message_id":11827,"message_type":"group","post_type":"message","raw_message":"老年人的反应啊","self_id":2997400528,"sender":{"age":27,"area":"武汉","card":"随心-小鹤拼音","level":"死飞单车","nickname":"№默☆伤♂","role":"member","sex":"male","title":"","user_id":1101721752},"sub_type":"normal","time":1557921996,"user_id":1101721752}
[19-05-15 20:07:00] [PicqBotX] [DEBUG(java.lang.Thread.run:748)] 收到新请求: CQHttp/4.8.0
[19-05-15 20:07:00] [PicqBotX] [DEBUG(java.lang.Thread.run:748)] - 数据: {"anonymous":null,"font":7378368,"group_id":556981260,"message":"怪不得玩lol不会躲技能的","message_id":11828,"message_type":"group","post_type":"message","raw_message":"怪不得玩lol不会躲技能的","self_id":2997400528,"sender":{"age":27,"area":"武汉","card":"随心-小鹤拼音","level":"死飞单车","nickname":"№默☆伤♂","role":"member","sex":"male","title":"","user_id":1101721752},"sub_type":"normal","time":1557922020,"user_id":1101721752}
[19-05-15 20:07:23] [PicqBotX] [DEBUG(java.lang.Thread.run:748)] 收到新请求: CQHttp/4.8.0
[19-05-15 20:07:23] [PicqBotX] [DEBUG(java.lang.Thread.run:748)] - 数据: {"anonymous":null,"font":7378496,"group_id":556981260,"message":"哦原来这样啊","message_id":11829,"message_type":"group","post_type":"message","raw_message":"哦原来这样啊","self_id":2997400528,"sender":{"age":0,"area":"石家庄","card":"瓜牛-二笔","level":"波音747","nickname":"明媚阳光","role":"member","sex":"male","title":"一个小蹦哒","user_id":523856782},"sub_type":"normal","time":1557922043,"user_id":523856782}
[19-05-15 20:07:45] [PicqBotX] [DEBUG(java.lang.Thread.run:748)] 收到新请求: CQHttp/4.8.0
[19-05-15 20:07:45] [PicqBotX] [DEBUG(java.lang.Thread.run:748)] - 数据: {"anonymous":null,"font":7378464,"group_id":556981260,"message":"[CQ:share,content=反应速度测试器：通过一个小游戏测试人类大脑反应速度！欧洲大脑科,image=http://www.iqeq.com.cn/img/MIQ.gif,title=正常人的反应速度范围,url=http://www.iqeq.com.cn/2012-2.html]","message_id":11830,"message_type":"group","post_type":"message","raw_message":"[CQ:share,url=http://www.iqeq.com.cn/2012-2.html,title=正常人的反应速度范围,content=反应速度测试器：通过一个小游戏测试人类大脑反应速度！欧洲大脑科,image=http://www.iqeq.com.cn/img/MIQ.gif]","self_id":2997400528,"sender":{"age":27,"area":"武汉","card":"随心-小鹤拼音","level":"死飞单车","nickname":"№默☆伤♂","role":"member","sex":"male","title":"","user_id":1101721752},"sub_type":"normal","time":1557922065,"user_id":1101721752}
[19-05-15 20:07:52] [PicqBotX] [DEBUG(java.lang.Thread.run:748)] 收到新请求: CQHttp/4.8.0
[19-05-15 20:07:52] [PicqBotX] [DEBUG(java.lang.Thread.run:748)] - 数据: {"anonymous":null,"font":7378560,"group_id":556981260,"message":"辣条测试下呗","message_id":11831,"message_type":"group","post_type":"message","raw_message":"辣条测试下呗","self_id":2997400528,"sender":{"age":27,"area":"武汉","card":"随心-小鹤拼音","level":"死飞单车","nickname":"№默☆伤♂","role":"member","sex":"male","title":"","user_id":1101721752},"sub_type":"normal","time":1557922072,"user_id":1101721752}
[19-05-15 20:07:55] [PicqBotX] [DEBUG(java.lang.Thread.run:748)] 收到新请求: CQHttp/4.8.0
[19-05-15 20:07:55] [PicqBotX] [DEBUG(java.lang.Thread.run:748)] - 数据: {"anonymous":null,"font":7378496,"group_id":556981260,"message":"直接说1秒3.3个字，198的速度就行了","message_id":11832,"message_type":"group","post_type":"message","raw_message":"直接说1秒3.3个字，198的速度就行了","self_id":2997400528,"sender":{"age":24,"area":"广州","card":"淡 淡-QQ五笔","level":"波音747","nickname":"蓝莓","role":"member","sex":"male","title":"","user_id":1115351882},"sub_type":"normal","time":1557922075,"user_id":1115351882}
[19-05-15 20:07:58] [PicqBotX] [DEBUG(java.lang.Thread.run:748)] 收到新请求: CQHttp/4.8.0
[19-05-15 20:07:58] [PicqBotX] [DEBUG(java.lang.Thread.run:748)] - 数据: {"anonymous":null,"font":7378912,"group_id":556981260,"message":"看下谁最老年人","message_id":11833,"message_type":"group","post_type":"message","raw_message":"看下谁最老年人","self_id":2997400528,"sender":{"age":27,"area":"武汉","card":"随心-小鹤拼音","level":"死飞单车","nickname":"№默☆伤♂","role":"member","sex":"male","title":"","user_id":1101721752},"sub_type":"normal","time":1557922078,"user_id":1101721752}
[19-05-15 20:08:16] [PicqBotX] [DEBUG(java.lang.Thread.run:748)] 收到新请求: CQHttp/4.8.0
[19-05-15 20:08:16] [PicqBotX] [DEBUG(java.lang.Thread.run:748)] - 数据: {"anonymous":null,"font":7378720,"group_id":556981260,"message":"直接网页测试你也信啊","message_id":11834,"message_type":"group","post_type":"message","raw_message":"直接网页测试你也信啊","self_id":2997400528,"sender":{"age":0,"area":"石家庄","card":"瓜牛-二笔","level":"波音747","nickname":"明媚阳光","role":"member","sex":"male","title":"一个小蹦哒","user_id":523856782},"sub_type":"normal","time":1557922096,"user_id":523856782}
[19-05-15 20:08:22] [PicqBotX] [DEBUG(java.lang.Thread.run:748)] 收到新请求: CQHttp/4.8.0
[19-05-15 20:08:22] [PicqBotX] [DEBUG(java.lang.Thread.run:748)] - 数据: {"anonymous":null,"font":7378080,"group_id":556981260,"message":"网速都比你反应慢","message_id":11835,"message_type":"group","post_type":"message","raw_message":"网速都比你反应慢","self_id":2997400528,"sender":{"age":0,"area":"石家庄","card":"瓜牛-二笔","level":"波音747","nickname":"明媚阳光","role":"member","sex":"male","title":"一个小蹦哒","user_id":523856782},"sub_type":"normal","time":1557922102,"user_id":523856782}
[19-05-15 20:08:43] [PicqBotX] [DEBUG(java.lang.Thread.run:748)] 收到新请求: CQHttp/4.8.0
[19-05-15 20:08:43] [PicqBotX] [DEBUG(java.lang.Thread.run:748)] - 数据: {"anonymous":null,"font":7378304,"group_id":556981260,"message":"网络延迟再高也就几十ms吧","message_id":11836,"message_type":"group","post_type":"message","raw_message":"网络延迟再高也就几十ms吧","self_id":2997400528,"sender":{"age":27,"area":"武汉","card":"随心-小鹤拼音","level":"死飞单车","nickname":"№默☆伤♂","role":"member","sex":"male","title":"","user_id":1101721752},"sub_type":"normal","time":1557922123,"user_id":1101721752}
[19-05-15 20:08:48] [PicqBotX] [DEBUG(java.lang.Thread.run:748)] 收到新请求: CQHttp/4.8.0
[19-05-15 20:08:48] [PicqBotX] [DEBUG(java.lang.Thread.run:748)] - 数据: {"anonymous":null,"font":7378304,"group_id":556981260,"message":"[CQ:image,file=7FE9CCDE8C9462B4778F13AC816C7492.jpg,url=https://gchat.qpic.cn/gchatpic_new/2329377621/556981260-2191803122-7FE9CCDE8C9462B4778F13AC816C7492/0?vuin=2997400528&amp;term=2]","message_id":11837,"message_type":"group","post_type":"message","raw_message":"[CQ:image,file=7FE9CCDE8C9462B4778F13AC816C7492.jpg]","self_id":2997400528,"sender":{"age":0,"area":"","card":"让心如风-蓝宝石","level":"五菱宏光","nickname":"让心如水","role":"admin","sex":"unknown","title":"","user_id":2329377621},"sub_type":"normal","time":1557922127,"user_id":2329377621}
[19-05-15 20:09:09] [PicqBotX] [DEBUG(java.lang.Thread.run:748)] 收到新请求: CQHttp/4.8.0
