[19-05-16 22:06:12] [PicqBotX] [INFO] 
[19-05-16 22:06:12] [PicqBotX] [INFO]     ____  _            ____        __ _  __
[19-05-16 22:06:12] [PicqBotX] [INFO]    / __ \(_)________ _/ __ )____  / /| |/ /
[19-05-16 22:06:12] [PicqBotX] [INFO]   / /_/ / / ___/ __ `/ __  / __ \/ __/   /
[19-05-16 22:06:12] [PicqBotX] [INFO]  / ____/ / /__/ /_/ / /_/ / /_/ / /_/   |
[19-05-16 22:06:12] [PicqBotX] [INFO] /_/   /_/\___/\__, /_____/\____/\__/_/|_|
[19-05-16 22:06:12] [PicqBotX] [INFO]                 /_/         v3.2.2.896
[19-05-16 22:06:12] [PicqBotX] [INFO] 日志管理器     初始化完成 [******] ...(84.72 ms)
[19-05-16 22:06:12] [PicqBotX] [INFO] 缓存管理器     初始化完成 [******] ...(5.26 ms)
[19-05-16 22:06:12] [PicqBotX] [INFO] DEBUG设置     初始化完成 [******] ...(0.01 ms)
[19-05-16 22:06:12] [PicqBotX] [INFO] 事件管理器     初始化完成 [******] ...(61.84 ms)
[19-05-16 22:06:12] [PicqBotX] [INFO] 账号管理器     初始化完成 [******] ...(1.18 ms)
[19-05-16 22:06:12] [PicqBotX] [INFO] HTTP监听服务器 初始化完成 [******] ...(2.38 ms)
[19-05-16 22:06:13] [PicqBotX] [INFO] 指令管理器     初始化完成 [******] ...(2.9 ms)
[19-05-16 22:06:13] [PicqBotX] [WARNING] 账号 Bot01: 版本正确, 不过用酷Q Pro的话效果更好哦!
[19-05-16 22:06:13] [PicqBotX] [INFO] 账号 Bot01:   版本验证完成!
[19-05-16 22:06:13] [PicqBotX] [INFO] 正在启动...
[19-05-16 22:06:17] [PicqBotX] [DEBUG(java.lang.Thread.run:748)] 收到新请求: CQHttp/4.8.0
[19-05-16 22:06:17] [PicqBotX] [DEBUG(java.lang.Thread.run:748)] - 数据: {"anonymous":null,"font":43738152,"group_id":723795668,"message":"第999段 速度155.86 击键8.03 码长3.09 标顶理论1.00 文章难度100.00 字数100 回改3 退格4 错字0 键数309 选重22 键准96.44% 键法80.49%(左99:右123:空格68) 打词率0.00% 选重率22.00% 拖拉机跟打器 版本1.601 Windows 10版  校验VSXJX_","message_id":13673,"message_type":"group","post_type":"message","raw_message":"第999段 速度155.86 击键8.03 码长3.09 标顶理论1.00 文章难度100.00 字数100 回改3 退格4 错字0 键数309 选重22 键准96.44% 键法80.49%(左99:右123:空格68) 打词率0.00% 选重率22.00% 拖拉机跟打器 版本1.601 Windows 10版  校验VSXJX_","self_id":2997400528,"sender":{"age":22,"area":"","card":"哀","level":"中级","nickname":"哀","role":"member","sex":"male","title":"","user_id":1452940959},"sub_type":"normal","time":1558015577,"user_id":1452940959}
[19-05-16 22:06:26] [PicqBotX] [DEBUG(java.lang.Thread.run:748)] 收到新请求: CQHttp/4.8.0
[19-05-16 22:06:26] [PicqBotX] [DEBUG(java.lang.Thread.run:748)] - 数据: {"anonymous":null,"font":43738600,"group_id":522394334,"message":"#随机战场 10 3 3","message_id":13675,"message_type":"group","post_type":"message","raw_message":"#随机战场 10 3 3","self_id":2997400528,"sender":{"age":8,"area":"广州","card":"谭宇-养生式跟打","level":"入门","nickname":"0 4 . 2 2","role":"admin","sex":"male","title":"","user_id":1061917196},"sub_type":"normal","time":1558015586,"user_id":1061917196}
[19-05-16 22:06:28] [PicqBotX] [DEBUG(java.lang.Thread.run:748)] 收到新请求: CQHttp/4.8.0
[19-05-16 22:06:28] [PicqBotX] [DEBUG(java.lang.Thread.run:748)] - 数据: {"anonymous":null,"font":43738856,"group_id":522394334,"message":"#加入战场","message_id":13677,"message_type":"group","post_type":"message","raw_message":"#加入战场","self_id":2997400528,"sender":{"age":8,"area":"广州","card":"谭宇-养生式跟打","level":"入门","nickname":"0 4 . 2 2","role":"admin","sex":"male","title":"","user_id":1061917196},"sub_type":"normal","time":1558015588,"user_id":1061917196}
[19-05-16 22:06:30] [PicqBotX] [DEBUG(java.lang.Thread.run:748)] 收到新请求: CQHttp/4.8.0
[19-05-16 22:06:30] [PicqBotX] [DEBUG(java.lang.Thread.run:748)] - 数据: {"anonymous":null,"font":43738376,"group_id":522394334,"message":"#战场成员","message_id":13679,"message_type":"group","post_type":"message","raw_message":"#战场成员","self_id":2997400528,"sender":{"age":8,"area":"广州","card":"谭宇-养生式跟打","level":"入门","nickname":"0 4 . 2 2","role":"admin","sex":"male","title":"","user_id":1061917196},"sub_type":"normal","time":1558015590,"user_id":1061917196}
[19-05-16 22:06:33] [PicqBotX] [DEBUG(java.lang.Thread.run:748)] 收到新请求: CQHttp/4.8.0
[19-05-16 22:06:33] [PicqBotX] [DEBUG(java.lang.Thread.run:748)] - 数据: {"anonymous":null,"font":43738856,"group_id":522394334,"message":"#战场启动","message_id":13681,"message_type":"group","post_type":"message","raw_message":"#战场启动","self_id":2997400528,"sender":{"age":8,"area":"广州","card":"谭宇-养生式跟打","level":"入门","nickname":"0 4 . 2 2","role":"admin","sex":"male","title":"","user_id":1061917196},"sub_type":"normal","time":1558015593,"user_id":1061917196}
[19-05-16 22:06:36] [PicqBotX] [DEBUG(java.lang.Thread.run:748)] 收到新请求: CQHttp/4.8.0
[19-05-16 22:06:36] [PicqBotX] [DEBUG(java.lang.Thread.run:748)] - 数据: {"anonymous":null,"font":43648664,"group_id":522394334,"message":"我仅仅","message_id":13684,"message_type":"group","post_type":"message","raw_message":"我仅仅","self_id":2997400528,"sender":{"age":8,"area":"广州","card":"谭宇-养生式跟打","level":"入门","nickname":"0 4 . 2 2","role":"admin","sex":"male","title":"","user_id":1061917196},"sub_type":"normal","time":1558015596,"user_id":1061917196}
[19-05-16 22:06:38] [PicqBotX] [DEBUG(java.lang.Thread.run:748)] 收到新请求: CQHttp/4.8.0
[19-05-16 22:06:38] [PicqBotX] [DEBUG(java.lang.Thread.run:748)] - 数据: {"anonymous":null,"font":43737608,"group_id":522394334,"message":"是为了","message_id":13686,"message_type":"group","post_type":"message","raw_message":"是为了","self_id":2997400528,"sender":{"age":8,"area":"广州","card":"谭宇-养生式跟打","level":"入门","nickname":"0 4 . 2 2","role":"admin","sex":"male","title":"","user_id":1061917196},"sub_type":"normal","time":1558015598,"user_id":1061917196}
[19-05-16 22:06:41] [PicqBotX] [DEBUG(java.lang.Thread.run:748)] 收到新请求: CQHttp/4.8.0
[19-05-16 22:06:41] [PicqBotX] [DEBUG(java.lang.Thread.run:748)] - 数据: {"anonymous":null,"font":43738696,"group_id":723795668,"message":"……","message_id":13688,"message_type":"group","post_type":"message","raw_message":"……","self_id":2997400528,"sender":{"age":0,"area":"广州","card":"重打到死","level":"中级","nickname":"无聊","role":"member","sex":"male","title":"","user_id":779855010},"sub_type":"normal","time":1558015600,"user_id":779855010}
[19-05-16 22:06:41] [PicqBotX] [DEBUG(java.lang.Thread.run:748)] 收到新请求: CQHttp/4.8.0
[19-05-16 22:06:41] [PicqBotX] [DEBUG(java.lang.Thread.run:748)] - 数据: {"anonymous":null,"font":43738536,"group_id":522394334,"message":"短跑而","message_id":13689,"message_type":"group","post_type":"message","raw_message":"短跑而","self_id":2997400528,"sender":{"age":8,"area":"广州","card":"谭宇-养生式跟打","level":"入门","nickname":"0 4 . 2 2","role":"admin","sex":"male","title":"","user_id":1061917196},"sub_type":"normal","time":1558015601,"user_id":1061917196}
[19-05-16 22:06:44] [PicqBotX] [DEBUG(java.lang.Thread.run:748)] 收到新请求: CQHttp/4.8.0
[19-05-16 22:06:44] [PicqBotX] [DEBUG(java.lang.Thread.run:748)] - 数据: {"anonymous":null,"font":43738632,"group_id":522394334,"message":"诞","message_id":13692,"message_type":"group","post_type":"message","raw_message":"诞","self_id":2997400528,"sender":{"age":8,"area":"广州","card":"谭宇-养生式跟打","level":"入门","nickname":"0 4 . 2 2","role":"admin","sex":"male","title":"","user_id":1061917196},"sub_type":"normal","time":1558015604,"user_id":1061917196}
[19-05-16 22:06:44] [PicqBotX] [DEBUG(java.lang.Thread.run:748)] 收到新请求: CQHttp/4.8.0
[19-05-16 22:06:44] [PicqBotX] [DEBUG(java.lang.Thread.run:748)] - 数据: {"anonymous":null,"font":43738888,"group_id":556981260,"message":"第999段 速度64.75/69.82 击键3.45 码长2.96 字数552 时间07:53.50 回改43 退格81 回车2 键数1633 选重12 键准92.41% 键法43.81% 重打0 打词85.12% 峰值99.79/3.85/2.5 错字8 错情&#91;上始旧上同迟整上√ 长是就生统室挣生×&#93;&#91;错一罚五&#93; 校检:79b5c 极速跟打器v1.46","message_id":13691,"message_type":"group","post_type":"message","raw_message":"第999段 速度64.75/69.82 击键3.45 码长2.96 字数552 时间07:53.50 回改43 退格81 回车2 键数1633 选重12 键准92.41% 键法43.81% 重打0 打词85.12% 峰值99.79/3.85/2.5 错字8 错情&#91;上始旧上同迟整上√ 长是就生统室挣生×&#93;&#91;错一罚五&#93; 校检:79b5c 极速跟打器v1.46","self_id":2997400528,"sender":{"age":78,"area":"沧州","card":"大猫-自然码双拼","level":"小蹦哒","nickname":"日月","role":"member","sex":"male","title":"","user_id":313471315},"sub_type":"normal","time":1558015604,"user_id":313471315}
[19-05-16 22:06:56] [PicqBotX] [DEBUG(java.lang.Thread.run:748)] 收到新请求: CQHttp/4.8.0
[19-05-16 22:06:56] [PicqBotX] [DEBUG(java.lang.Thread.run:748)] - 数据: {"anonymous":null,"font":43738248,"group_id":723795668,"message":"吓死，还好这是单字群","message_id":13694,"message_type":"group","post_type":"message","raw_message":"吓死，还好这是单字群","self_id":2997400528,"sender":{"age":0,"area":"广州","card":"重打到死","level":"中级","nickname":"无聊","role":"member","sex":"male","title":"","user_id":779855010},"sub_type":"normal","time":1558015616,"user_id":779855010}
[19-05-16 22:06:58] [PicqBotX] [DEBUG(java.lang.Thread.run:748)] 收到新请求: CQHttp/4.8.0
[19-05-16 22:06:58] [PicqBotX] [DEBUG(java.lang.Thread.run:748)] - 数据: {"anonymous":null,"font":43738344,"group_id":556981260,"message":"#成绩","message_id":13695,"message_type":"group","post_type":"message","raw_message":"#成绩","self_id":2997400528,"sender":{"age":78,"area":"沧州","card":"大猫-自然码双拼","level":"小蹦哒","nickname":"日月","role":"member","sex":"male","title":"","user_id":313471315},"sub_type":"normal","time":1558015618,"user_id":313471315}
[19-05-16 22:07:01] [PicqBotX] [DEBUG(java.lang.Thread.run:748)] 收到新请求: CQHttp/4.8.0
[19-05-16 22:07:01] [PicqBotX] [DEBUG(java.lang.Thread.run:748)] - 数据: {"anonymous":null,"font":43738344,"group_id":556981260,"message":"[CQ:image,file=6F2734BFE802059051D938F15FB728FF.png,url=https://gchat.qpic.cn/gchatpic_new/207938707/556981260-2393424465-6F2734BFE802059051D938F15FB728FF/0?vuin=2997400528&amp;term=2]","message_id":13696,"message_type":"group","post_type":"message","raw_message":"[CQ:image,file=6F2734BFE802059051D938F15FB728FF.png]","self_id":2997400528,"sender":{"age":6,"area":"北京","card":"","level":"波音747","nickname":"小拆","role":"admin","sex":"female","title":"","user_id":207938707},"sub_type":"normal","time":1558015621,"user_id":207938707}
[19-05-16 22:07:20] [PicqBotX] [DEBUG(java.lang.Thread.run:748)] 收到新请求: CQHttp/4.8.0
[19-05-16 22:07:20] [PicqBotX] [DEBUG(java.lang.Thread.run:748)] - 数据: {"anonymous":null,"font":43738440,"group_id":556981260,"message":"第999段 速度81.74 击键0.93 码长0.68 字数552 时间06:43 回改34 回车0 重打0 打词73.04% 峰值130.91 输入法:星二 校检:a4c1e 极速云跟打手机版v0.11","message_id":13697,"message_type":"group","post_type":"message","raw_message":"第999段 速度81.74 击键0.93 码长0.68 字数552 时间06:43 回改34 回车0 重打0 打词73.04% 峰值130.91 输入法:星二 校检:a4c1e 极速云跟打手机版v0.11","self_id":2997400528,"sender":{"age":0,"area":"","card":"空白―星二","level":"死飞单车","nickname":"","role":"member","sex":"unknown","title":"","user_id":29141847},"sub_type":"normal","time":1558015640,"user_id":29141847}
[19-05-16 22:07:23] [PicqBotX] [DEBUG(java.lang.Thread.run:748)] 收到新请求: CQHttp/4.8.0
[19-05-16 22:07:23] [PicqBotX] [DEBUG(java.lang.Thread.run:748)] - 数据: {"anonymous":null,"font":43738792,"group_id":723795668,"message":"皮酱","message_id":13699,"message_type":"group","post_type":"message","raw_message":"皮酱","self_id":2997400528,"sender":{"age":18,"area":"","card":"木樨","level":"入门","nickname":"千年回眸","role":"admin","sex":"female","title":"","user_id":2963900463},"sub_type":"normal","time":1558015643,"user_id":2963900463}
[19-05-16 22:07:24] [PicqBotX] [DEBUG(java.lang.Thread.run:748)] 收到新请求: CQHttp/4.8.0
[19-05-16 22:07:24] [PicqBotX] [DEBUG(java.lang.Thread.run:748)] - 数据: {"anonymous":null,"font":43738632,"group_id":556981260,"message":"我现在快的一批","message_id":13700,"message_type":"group","post_type":"message","raw_message":"我现在快的一批","self_id":2997400528,"sender":{"age":0,"area":"","card":"空白―星二","level":"死飞单车","nickname":"","role":"member","sex":"unknown","title":"","user_id":29141847},"sub_type":"normal","time":1558015644,"user_id":29141847}
[19-05-16 22:07:25] [PicqBotX] [DEBUG(java.lang.Thread.run:748)] 收到新请求: CQHttp/4.8.0
[19-05-16 22:07:25] [PicqBotX] [DEBUG(java.lang.Thread.run:748)] - 数据: {"anonymous":null,"font":43738440,"group_id":723795668,"message":"还在打","message_id":13701,"message_type":"group","post_type":"message","raw_message":"还在打","self_id":2997400528,"sender":{"age":18,"area":"","card":"木樨","level":"入门","nickname":"千年回眸","role":"admin","sex":"female","title":"","user_id":2963900463},"sub_type":"normal","time":1558015645,"user_id":2963900463}
[19-05-16 22:07:55] [PicqBotX] [DEBUG(java.lang.Thread.run:748)] 收到新请求: CQHttp/4.8.0
[19-05-16 22:07:55] [PicqBotX] [DEBUG(java.lang.Thread.run:748)] - 数据: {"anonymous":null,"font":43738280,"group_id":723795668,"message":"刚刚开始打。","message_id":13702,"message_type":"group","post_type":"message","raw_message":"刚刚开始打。","self_id":2997400528,"sender":{"age":22,"area":"","card":"哀","level":"中级","nickname":"哀","role":"member","sex":"male","title":"","user_id":1452940959},"sub_type":"normal","time":1558015675,"user_id":1452940959}
[19-05-16 22:08:00] [PicqBotX] [DEBUG(java.lang.Thread.run:748)] 收到新请求: CQHttp/4.8.0
[19-05-16 22:08:00] [PicqBotX] [DEBUG(java.lang.Thread.run:748)] - 数据: {"anonymous":null,"font":43738344,"group_id":723795668,"message":"练一下。","message_id":13703,"message_type":"group","post_type":"message","raw_message":"练一下。","self_id":2997400528,"sender":{"age":22,"area":"","card":"哀","level":"中级","nickname":"哀","role":"member","sex":"male","title":"","user_id":1452940959},"sub_type":"normal","time":1558015680,"user_id":1452940959}
[19-05-16 22:08:01] [PicqBotX] [DEBUG(java.lang.Thread.run:748)] 收到新请求: CQHttp/4.8.0
[19-05-16 22:08:01] [PicqBotX] [DEBUG(java.lang.Thread.run:748)] - 数据: {"anonymous":null,"font":43738600,"group_id":723795668,"message":"小鹤音形打「你好」怎么打","message_id":13704,"message_type":"group","post_type":"message","raw_message":"小鹤音形打「你好」怎么打","self_id":2997400528,"sender":{"age":119,"area":"","card":"","level":"大师","nickname":"雨","role":"member","sex":"male","title":"","user_id":1121884886},"sub_type":"normal","time":1558015681,"user_id":1121884886}
[19-05-16 22:08:07] [PicqBotX] [DEBUG(java.lang.Thread.run:748)] 收到新请求: CQHttp/4.8.0
[19-05-16 22:08:07] [PicqBotX] [DEBUG(java.lang.Thread.run:748)] - 数据: {"anonymous":null,"font":43738952,"group_id":723795668,"message":"nih","message_id":13705,"message_type":"group","post_type":"message","raw_message":"nih","self_id":2997400528,"sender":{"age":18,"area":"","card":"木樨","level":"入门","nickname":"千年回眸","role":"admin","sex":"female","title":"","user_id":2963900463},"sub_type":"normal","time":1558015687,"user_id":2963900463}
[19-05-16 22:08:42] [PicqBotX] [DEBUG(java.lang.Thread.run:748)] 收到新请求: CQHttp/4.8.0
[19-05-16 22:08:42] [PicqBotX] [DEBUG(java.lang.Thread.run:748)] - 数据: {"anonymous":null,"font":43738120,"group_id":723795668,"message":"小鹤的音形打词组要加形吗","message_id":13706,"message_type":"group","post_type":"message","raw_message":"小鹤的音形打词组要加形吗","self_id":2997400528,"sender":{"age":119,"area":"","card":"","level":"大师","nickname":"雨","role":"member","sex":"male","title":"","user_id":1121884886},"sub_type":"normal","time":1558015722,"user_id":1121884886}
[19-05-16 22:08:49] [PicqBotX] [DEBUG(java.lang.Thread.run:748)] 收到新请求: CQHttp/4.8.0
[19-05-16 22:08:49] [PicqBotX] [DEBUG(java.lang.Thread.run:748)] - 数据: {"anonymous":null,"font":43738152,"group_id":522394334,"message":"手机打歌词 ","message_id":13707,"message_type":"group","post_type":"message","raw_message":"手机打歌词 ","self_id":2997400528,"sender":{"age":28,"area":"吴忠","card":"垫底的蜗牛-小鹤音形","level":"中级","nickname":"大学渣","role":"member","sex":"male","title":"","user_id":307469495},"sub_type":"normal","time":1558015729,"user_id":307469495}
[19-05-16 22:08:53] [PicqBotX] [DEBUG(java.lang.Thread.run:748)] 收到新请求: CQHttp/4.8.0
[19-05-16 22:08:53] [PicqBotX] [DEBUG(java.lang.Thread.run:748)] - 数据: {"anonymous":null,"font":43738632,"group_id":556981260,"message":"[CQ:image,file=40D2BA472E133C2D18C6904091980715.png,url=https://gchat.qpic.cn/gchatpic_new/523856782/556981260-2650671406-40D2BA472E133C2D18C6904091980715/0?vuin=2997400528&amp;term=2]","message_id":13708,"message_type":"group","post_type":"message","raw_message":"[CQ:image,file=40D2BA472E133C2D18C6904091980715.png]","self_id":2997400528,"sender":{"age":0,"area":"石家庄","card":"瓜牛-二笔","level":"波音747","nickname":"明媚阳光","role":"member","sex":"male","title":"一个小蹦哒","user_id":523856782},"sub_type":"normal","time":1558015733,"user_id":523856782}
[19-05-16 22:08:55] [PicqBotX] [DEBUG(java.lang.Thread.run:748)] 收到新请求: CQHttp/4.8.0
[19-05-16 22:08:55] [PicqBotX] [DEBUG(java.lang.Thread.run:748)] - 数据: {"anonymous":null,"font":43738344,"group_id":522394334,"message":"不过寂寞更强烈 ","message_id":13709,"message_type":"group","post_type":"message","raw_message":"不过寂寞更强烈 ","self_id":2997400528,"sender":{"age":28,"area":"吴忠","card":"垫底的蜗牛-小鹤音形","level":"中级","nickname":"大学渣","role":"member","sex":"male","title":"","user_id":307469495},"sub_type":"normal","time":1558015735,"user_id":307469495}
[19-05-16 22:09:02] [PicqBotX] [DEBUG(java.lang.Thread.run:748)] 收到新请求: CQHttp/4.8.0
[19-05-16 22:09:02] [PicqBotX] [DEBUG(java.lang.Thread.run:748)] - 数据: {"anonymous":null,"font":43738376,"group_id":522394334,"message":"难过时候不流泪\r\n\r\n","message_id":13710,"message_type":"group","post_type":"message","raw_message":"难过时候不流泪\r\n\r\n","self_id":2997400528,"sender":{"age":28,"area":"吴忠","card":"垫底的蜗牛-小鹤音形","level":"中级","nickname":"大学渣","role":"member","sex":"male","title":"","user_id":307469495},"sub_type":"normal","time":1558015742,"user_id":307469495}
[19-05-16 22:09:08] [PicqBotX] [DEBUG(java.lang.Thread.run:748)] 收到新请求: CQHttp/4.8.0
[19-05-16 22:09:08] [PicqBotX] [DEBUG(java.lang.Thread.run:748)] - 数据: {"anonymous":null,"font":43738664,"group_id":522394334,"message":"流泪设不算场内 ","message_id":13711,"message_type":"group","post_type":"message","raw_message":"流泪设不算场内 ","self_id":2997400528,"sender":{"age":28,"area":"吴忠","card":"垫底的蜗牛-小鹤音形","level":"中级","nickname":"大学渣","role":"member","sex":"male","title":"","user_id":307469495},"sub_type":"normal","time":1558015748,"user_id":307469495}
[19-05-16 22:09:46] [PicqBotX] [DEBUG(java.lang.Thread.run:748)] 收到新请求: CQHttp/4.8.0
[19-05-16 22:09:46] [PicqBotX] [DEBUG(java.lang.Thread.run:748)] - 数据: {"anonymous":null,"font":43738536,"group_id":723795668,"message":"99.999％不用","message_id":13712,"message_type":"group","post_type":"message","raw_message":"99.999％不用","self_id":2997400528,"sender":{"age":0,"area":"广州","card":"重打到死","level":"中级","nickname":"无聊","role":"member","sex":"male","title":"","user_id":779855010},"sub_type":"normal","time":1558015786,"user_id":779855010}
[19-05-16 22:10:02] [PicqBotX] [DEBUG(java.lang.Thread.run:748)] 收到新请求: CQHttp/4.8.0
[19-05-16 22:10:02] [PicqBotX] [DEBUG(java.lang.Thread.run:748)] - 数据: {"anonymous":null,"font":43738152,"group_id":723795668,"message":"#成绩","message_id":13713,"message_type":"group","post_type":"message","raw_message":"#成绩","self_id":2997400528,"sender":{"age":22,"area":"","card":"哀","level":"中级","nickname":"哀","role":"member","sex":"male","title":"","user_id":1452940959},"sub_type":"normal","time":1558015802,"user_id":1452940959}
[19-05-16 22:10:04] [PicqBotX] [DEBUG(java.lang.Thread.run:748)] 收到新请求: CQHttp/4.8.0
[19-05-16 22:10:04] [PicqBotX] [DEBUG(java.lang.Thread.run:748)] - 数据: {"anonymous":null,"font":43738120,"group_id":723795668,"message":"不行了。 ","message_id":13714,"message_type":"group","post_type":"message","raw_message":"不行了。 ","self_id":2997400528,"sender":{"age":22,"area":"","card":"哀","level":"中级","nickname":"哀","role":"member","sex":"male","title":"","user_id":1452940959},"sub_type":"normal","time":1558015804,"user_id":1452940959}
[19-05-16 22:10:04] [PicqBotX] [DEBUG(java.lang.Thread.run:748)] 收到新请求: CQHttp/4.8.0
[19-05-16 22:10:04] [PicqBotX] [DEBUG(java.lang.Thread.run:748)] - 数据: {"anonymous":null,"font":43738216,"group_id":723795668,"message":"[CQ:image,file=1DF2C5C4D3E21AF39B31FE8726ED3DF4.png,url=https://gchat.qpic.cn/gchatpic_new/207938707/723795668-2760190317-1DF2C5C4D3E21AF39B31FE8726ED3DF4/0?vuin=2997400528&amp;term=2]","message_id":13715,"message_type":"group","post_type":"message","raw_message":"[CQ:image,file=1DF2C5C4D3E21AF39B31FE8726ED3DF4.png]","self_id":2997400528,"sender":{"age":6,"area":"北京","card":"","level":"小白","nickname":"小拆","role":"member","sex":"female","title":"","user_id":207938707},"sub_type":"normal","time":1558015804,"user_id":207938707}
[19-05-16 22:10:52] [PicqBotX] [DEBUG(java.lang.Thread.run:748)] 收到新请求: CQHttp/4.8.0
[19-05-16 22:10:52] [PicqBotX] [DEBUG(java.lang.Thread.run:748)] - 数据: {"anonymous":null,"font":43738728,"group_id":522394334,"message":"不过寂寞更强烈","message_id":13716,"message_type":"group","post_type":"message","raw_message":"不过寂寞更强烈","self_id":2997400528,"sender":{"age":28,"area":"吴忠","card":"垫底的蜗牛-小鹤音形","level":"中级","nickname":"大学渣","role":"member","sex":"male","title":"","user_id":307469495},"sub_type":"normal","time":1558015852,"user_id":307469495}
[19-05-16 22:10:58] [PicqBotX] [DEBUG(java.lang.Thread.run:748)] 收到新请求: CQHttp/4.8.0
[19-05-16 22:10:58] [PicqBotX] [DEBUG(java.lang.Thread.run:748)] - 数据: {"anonymous":null,"font":43738376,"group_id":522394334,"message":"难过时候不流泪 ","message_id":13717,"message_type":"group","post_type":"message","raw_message":"难过时候不流泪 ","self_id":2997400528,"sender":{"age":28,"area":"吴忠","card":"垫底的蜗牛-小鹤音形","level":"中级","nickname":"大学渣","role":"member","sex":"male","title":"","user_id":307469495},"sub_type":"normal","time":1558015858,"user_id":307469495}
[19-05-16 22:11:04] [PicqBotX] [DEBUG(java.lang.Thread.run:748)] 收到新请求: CQHttp/4.8.0
[19-05-16 22:11:04] [PicqBotX] [DEBUG(java.lang.Thread.run:748)] - 数据: {"anonymous":null,"font":43738728,"group_id":522394334,"message":"流泪也不算伤悲 ","message_id":13718,"message_type":"group","post_type":"message","raw_message":"流泪也不算伤悲 ","self_id":2997400528,"sender":{"age":28,"area":"吴忠","card":"垫底的蜗牛-小鹤音形","level":"中级","nickname":"大学渣","role":"member","sex":"male","title":"","user_id":307469495},"sub_type":"normal","time":1558015864,"user_id":307469495}
[19-05-16 22:11:11] [PicqBotX] [DEBUG(java.lang.Thread.run:748)] 收到新请求: CQHttp/4.8.0
