[19-05-13 13:04:07] [PicqBotX] [INFO] 
[19-05-13 13:04:07] [PicqBotX] [INFO]     ____  _            ____        __ _  __
[19-05-13 13:04:07] [PicqBotX] [INFO]    / __ \(_)________ _/ __ )____  / /| |/ /
[19-05-13 13:04:07] [PicqBotX] [INFO]   / /_/ / / ___/ __ `/ __  / __ \/ __/   /
[19-05-13 13:04:07] [PicqBotX] [INFO]  / ____/ / /__/ /_/ / /_/ / /_/ / /_/   |
[19-05-13 13:04:07] [PicqBotX] [INFO] /_/   /_/\___/\__, /_____/\____/\__/_/|_|
[19-05-13 13:04:07] [PicqBotX] [INFO]                 /_/         v3.2.2.896
[19-05-13 13:04:07] [PicqBotX] [INFO] 日志管理器     初始化完成 [******] ...(89.99 ms)
[19-05-13 13:04:07] [PicqBotX] [INFO] 缓存管理器     初始化完成 [******] ...(6.82 ms)
[19-05-13 13:04:07] [PicqBotX] [INFO] DEBUG设置     初始化完成 [******] ...(0.01 ms)
[19-05-13 13:04:08] [PicqBotX] [INFO] 事件管理器     初始化完成 [******] ...(42.55 ms)
[19-05-13 13:04:08] [PicqBotX] [INFO] 账号管理器     初始化完成 [******] ...(1.04 ms)
[19-05-13 13:04:08] [PicqBotX] [INFO] HTTP监听服务器 初始化完成 [******] ...(1.64 ms)
[19-05-13 13:04:08] [PicqBotX] [INFO] 指令管理器     初始化完成 [******] ...(1.73 ms)
[19-05-13 13:04:08] [PicqBotX] [WARNING] 账号 Bot01: 版本正确, 不过用酷Q Pro的话效果更好哦!
[19-05-13 13:04:08] [PicqBotX] [INFO] 账号 Bot01:   版本验证完成!
[19-05-13 13:04:08] [PicqBotX] [INFO] 正在启动...
[19-05-13 13:04:13] [PicqBotX] [DEBUG(java.lang.Thread.run:748)] 收到新请求: CQHttp/4.8.0
[19-05-13 13:04:13] [PicqBotX] [DEBUG(java.lang.Thread.run:748)] - 数据: {"anonymous":null,"font":7569912,"group_id":556981260,"message":"我还是不熟悉词库","message_id":8504,"message_type":"group","post_type":"message","raw_message":"我还是不熟悉词库","self_id":2997400528,"sender":{"age":0,"area":"广州","card":"无聊-小鹤","level":"新日电动车","nickname":"无聊","role":"member","sex":"male","title":"","user_id":779855010},"sub_type":"normal","time":1557723853,"user_id":779855010}
[19-05-13 13:04:31] [PicqBotX] [DEBUG(java.lang.Thread.run:748)] 收到新请求: CQHttp/4.8.0
[19-05-13 13:04:31] [PicqBotX] [DEBUG(java.lang.Thread.run:748)] - 数据: {"anonymous":null,"font":7569368,"group_id":556981260,"message":"不熟悉词库都能打到200","message_id":8505,"message_type":"group","post_type":"message","raw_message":"不熟悉词库都能打到200","self_id":2997400528,"sender":{"age":25,"area":"","card":"利键―自然码双拼","level":"五菱宏光","nickname":"神采飞扬","role":"member","sex":"male","title":"","user_id":1078179677},"sub_type":"normal","time":1557723871,"user_id":1078179677}
[19-05-13 13:04:40] [PicqBotX] [DEBUG(java.lang.Thread.run:748)] 收到新请求: CQHttp/4.8.0
[19-05-13 13:04:40] [PicqBotX] [DEBUG(java.lang.Thread.run:748)] - 数据: {"anonymous":null,"font":7569400,"group_id":556981260,"message":"200那是开了词提的","message_id":8506,"message_type":"group","post_type":"message","raw_message":"200那是开了词提的","self_id":2997400528,"sender":{"age":0,"area":"广州","card":"无聊-小鹤","level":"新日电动车","nickname":"无聊","role":"member","sex":"male","title":"","user_id":779855010},"sub_type":"normal","time":1557723880,"user_id":779855010}
[19-05-13 13:04:46] [PicqBotX] [DEBUG(java.lang.Thread.run:748)] 收到新请求: CQHttp/4.8.0
[19-05-13 13:04:46] [PicqBotX] [DEBUG(java.lang.Thread.run:748)] - 数据: {"anonymous":null,"font":7569560,"group_id":556981260,"message":"熟悉了那不知成什么样了","message_id":8507,"message_type":"group","post_type":"message","raw_message":"熟悉了那不知成什么样了","self_id":2997400528,"sender":{"age":25,"area":"","card":"利键―自然码双拼","level":"五菱宏光","nickname":"神采飞扬","role":"member","sex":"male","title":"","user_id":1078179677},"sub_type":"normal","time":1557723886,"user_id":1078179677}
[19-05-13 13:05:01] [PicqBotX] [DEBUG(java.lang.Thread.run:748)] 收到新请求: CQHttp/4.8.0
[19-05-13 13:05:01] [PicqBotX] [DEBUG(java.lang.Thread.run:748)] - 数据: {"anonymous":null,"font":7569976,"group_id":556981260,"message":"我现在已经关了词提了","message_id":8508,"message_type":"group","post_type":"message","raw_message":"我现在已经关了词提了","self_id":2997400528,"sender":{"age":27,"area":"武汉","card":"随心-小鹤拼音","level":"死飞单车","nickname":"№默☆伤♂","role":"member","sex":"male","title":"","user_id":1101721752},"sub_type":"normal","time":1557723901,"user_id":1101721752}
[19-05-13 13:05:16] [PicqBotX] [DEBUG(java.lang.Thread.run:748)] 收到新请求: CQHttp/4.8.0
[19-05-13 13:05:16] [PicqBotX] [DEBUG(java.lang.Thread.run:748)] - 数据: {"anonymous":null,"font":7570008,"group_id":556981260,"message":"没开词提的时候基本码长都是2.5以上","message_id":8509,"message_type":"group","post_type":"message","raw_message":"没开词提的时候基本码长都是2.5以上","self_id":2997400528,"sender":{"age":0,"area":"广州","card":"无聊-小鹤","level":"新日电动车","nickname":"无聊","role":"member","sex":"male","title":"","user_id":779855010},"sub_type":"normal","time":1557723916,"user_id":779855010}
[19-05-13 13:05:21] [PicqBotX] [DEBUG(java.lang.Thread.run:748)] 收到新请求: CQHttp/4.8.0
[19-05-13 13:05:21] [PicqBotX] [DEBUG(java.lang.Thread.run:748)] - 数据: {"anonymous":null,"font":7569336,"group_id":556981260,"message":"不过还是会看看哪些是词的","message_id":8510,"message_type":"group","post_type":"message","raw_message":"不过还是会看看哪些是词的","self_id":2997400528,"sender":{"age":27,"area":"武汉","card":"随心-小鹤拼音","level":"死飞单车","nickname":"№默☆伤♂","role":"member","sex":"male","title":"","user_id":1101721752},"sub_type":"normal","time":1557723921,"user_id":1101721752}
[19-05-13 13:05:25] [PicqBotX] [DEBUG(java.lang.Thread.run:748)] 收到新请求: CQHttp/4.8.0
[19-05-13 13:05:25] [PicqBotX] [DEBUG(java.lang.Thread.run:748)] - 数据: {"anonymous":null,"font":7569848,"group_id":556981260,"message":"#成绩","message_id":8511,"message_type":"group","post_type":"message","raw_message":"#成绩","self_id":2997400528,"sender":{"age":0,"area":"广州","card":"无聊-小鹤","level":"新日电动车","nickname":"无聊","role":"member","sex":"male","title":"","user_id":779855010},"sub_type":"normal","time":1557723925,"user_id":779855010}
[19-05-13 13:05:28] [PicqBotX] [DEBUG(java.lang.Thread.run:748)] 收到新请求: CQHttp/4.8.0
[19-05-13 13:05:28] [PicqBotX] [DEBUG(java.lang.Thread.run:748)] - 数据: {"anonymous":null,"font":7569848,"group_id":556981260,"message":"[CQ:image,file=149C2F2195956684D53A445CD68D63A9.png,url=https://gchat.qpic.cn/gchatpic_new/207938707/556981260-2937557704-149C2F2195956684D53A445CD68D63A9/0?vuin=2997400528&amp;term=2]","message_id":8512,"message_type":"group","post_type":"message","raw_message":"[CQ:image,file=149C2F2195956684D53A445CD68D63A9.png]","self_id":2997400528,"sender":{"age":6,"area":"北京","card":"","level":"波音747","nickname":"小拆","role":"admin","sex":"female","title":"","user_id":207938707},"sub_type":"normal","time":1557723928,"user_id":207938707}
[19-05-13 13:05:33] [PicqBotX] [DEBUG(java.lang.Thread.run:748)] 收到新请求: CQHttp/4.8.0
[19-05-13 13:05:33] [PicqBotX] [DEBUG(java.lang.Thread.run:748)] - 数据: {"anonymous":null,"font":7569336,"group_id":522394334,"message":"人类的木质是什么","message_id":8513,"message_type":"group","post_type":"message","raw_message":"人类的木质是什么","self_id":2997400528,"sender":{"age":24,"area":"泉州","card":"地瓜-小鹤音形","level":"了解群图书馆","nickname":"地瓜","role":"member","sex":"male","title":"","user_id":1515617671},"sub_type":"normal","time":1557723933,"user_id":1515617671}
[19-05-13 13:05:35] [PicqBotX] [DEBUG(java.lang.Thread.run:748)] 收到新请求: CQHttp/4.8.0
[19-05-13 13:05:35] [PicqBotX] [DEBUG(java.lang.Thread.run:748)] - 数据: {"anonymous":null,"font":7569336,"group_id":522394334,"message":"[CQ:image,file=7914BF26AA197333DE69913EF26464DA.gif,url=https://gchat.qpic.cn/gchatpic_new/1515617671/522394334-2823879363-7914BF26AA197333DE69913EF26464DA/0?vuin=2997400528&amp;term=2]","message_id":8514,"message_type":"group","post_type":"message","raw_message":"[CQ:image,file=7914BF26AA197333DE69913EF26464DA.gif]","self_id":2997400528,"sender":{"age":24,"area":"泉州","card":"地瓜-小鹤音形","level":"了解群图书馆","nickname":"地瓜","role":"member","sex":"male","title":"","user_id":1515617671},"sub_type":"normal","time":1557723935,"user_id":1515617671}
[19-05-13 13:05:41] [PicqBotX] [DEBUG(java.lang.Thread.run:748)] 收到新请求: CQHttp/4.8.0
[19-05-13 13:05:41] [PicqBotX] [DEBUG(java.lang.Thread.run:748)] - 数据: {"anonymous":null,"font":7569656,"group_id":556981260,"message":"又在睁眼说瞎话","message_id":8515,"message_type":"group","post_type":"message","raw_message":"又在睁眼说瞎话","self_id":2997400528,"sender":{"age":27,"area":"武汉","card":"随心-小鹤拼音","level":"死飞单车","nickname":"№默☆伤♂","role":"member","sex":"male","title":"","user_id":1101721752},"sub_type":"normal","time":1557723941,"user_id":1101721752}
[19-05-13 13:05:54] [PicqBotX] [DEBUG(java.lang.Thread.run:748)] 收到新请求: CQHttp/4.8.0
