[19-05-17 12:23:29] [PicqBotX] [INFO] 
[19-05-17 12:23:29] [PicqBotX] [INFO]     ____  _            ____        __ _  __
[19-05-17 12:23:29] [PicqBotX] [INFO]    / __ \(_)________ _/ __ )____  / /| |/ /
[19-05-17 12:23:29] [PicqBotX] [INFO]   / /_/ / / ___/ __ `/ __  / __ \/ __/   /
[19-05-17 12:23:29] [PicqBotX] [INFO]  / ____/ / /__/ /_/ / /_/ / /_/ / /_/   |
[19-05-17 12:23:29] [PicqBotX] [INFO] /_/   /_/\___/\__, /_____/\____/\__/_/|_|
[19-05-17 12:23:29] [PicqBotX] [INFO]                 /_/         v3.2.2.896
[19-05-17 12:23:29] [PicqBotX] [INFO] 日志管理器     初始化完成 [******] ...(32.63 ms)
[19-05-17 12:23:29] [PicqBotX] [INFO] 缓存管理器     初始化完成 [******] ...(1.76 ms)
[19-05-17 12:23:29] [PicqBotX] [INFO] DEBUG设置     初始化完成 [******] ...(0.01 ms)
[19-05-17 12:23:29] [PicqBotX] [INFO] 事件管理器     初始化完成 [******] ...(37.01 ms)
[19-05-17 12:23:29] [PicqBotX] [INFO] 账号管理器     初始化完成 [******] ...(0.8 ms)
[19-05-17 12:23:29] [PicqBotX] [INFO] HTTP监听服务器 初始化完成 [******] ...(3.17 ms)
[19-05-17 12:23:30] [PicqBotX] [INFO] 指令管理器     初始化完成 [******] ...(2.33 ms)
[19-05-17 12:23:30] [PicqBotX] [WARNING] 账号 Bot01: 版本正确, 不过用酷Q Pro的话效果更好哦!
[19-05-17 12:23:30] [PicqBotX] [INFO] 账号 Bot01:   版本验证完成!
[19-05-17 12:23:30] [PicqBotX] [INFO] 正在启动...
[19-05-17 12:23:37] [PicqBotX] [DEBUG(java.lang.Thread.run:748)] 收到新请求: CQHttp/4.8.0
[19-05-17 12:23:37] [PicqBotX] [DEBUG(java.lang.Thread.run:748)] - 数据: {"anonymous":null,"font":8421456,"group_id":522394334,"message":"#随机战场 100 10 7","message_id":14096,"message_type":"group","post_type":"message","raw_message":"#随机战场 100 10 7","self_id":2997400528,"sender":{"age":8,"area":"广州","card":"谭宇-养生式跟打","level":"入门","nickname":"0 4 . 2 2","role":"admin","sex":"male","title":"","user_id":1061917196},"sub_type":"normal","time":1558067017,"user_id":1061917196}
[19-05-17 12:23:40] [PicqBotX] [DEBUG(java.lang.Thread.run:748)] 收到新请求: CQHttp/4.8.0
[19-05-17 12:23:40] [PicqBotX] [DEBUG(java.lang.Thread.run:748)] - 数据: {"anonymous":null,"font":8421072,"group_id":522394334,"message":"#加入战场","message_id":14098,"message_type":"group","post_type":"message","raw_message":"#加入战场","self_id":2997400528,"sender":{"age":8,"area":"广州","card":"谭宇-养生式跟打","level":"入门","nickname":"0 4 . 2 2","role":"admin","sex":"male","title":"","user_id":1061917196},"sub_type":"normal","time":1558067020,"user_id":1061917196}
[19-05-17 12:23:41] [PicqBotX] [DEBUG(java.lang.Thread.run:748)] 收到新请求: CQHttp/4.8.0
[19-05-17 12:23:41] [PicqBotX] [DEBUG(java.lang.Thread.run:748)] - 数据: {"anonymous":null,"font":8421424,"group_id":522394334,"message":"#战场成员","message_id":14100,"message_type":"group","post_type":"message","raw_message":"#战场成员","self_id":2997400528,"sender":{"age":8,"area":"广州","card":"谭宇-养生式跟打","level":"入门","nickname":"0 4 . 2 2","role":"admin","sex":"male","title":"","user_id":1061917196},"sub_type":"normal","time":1558067021,"user_id":1061917196}
[19-05-17 12:23:46] [PicqBotX] [DEBUG(java.lang.Thread.run:748)] 收到新请求: CQHttp/4.8.0
[19-05-17 12:23:46] [PicqBotX] [DEBUG(java.lang.Thread.run:748)] - 数据: {"anonymous":null,"font":8421232,"group_id":522394334,"message":"#战场启动","message_id":14102,"message_type":"group","post_type":"message","raw_message":"#战场启动","self_id":2997400528,"sender":{"age":8,"area":"广州","card":"谭宇-养生式跟打","level":"入门","nickname":"0 4 . 2 2","role":"admin","sex":"male","title":"","user_id":1061917196},"sub_type":"normal","time":1558067026,"user_id":1061917196}
[19-05-17 12:23:47] [PicqBotX] [DEBUG(java.lang.Thread.run:748)] 收到新请求: CQHttp/4.8.0
[19-05-17 12:23:47] [PicqBotX] [DEBUG(java.lang.Thread.run:748)] - 数据: {"anonymous":null,"font":8421456,"group_id":556981260,"message":"打字快没用吗","message_id":14104,"message_type":"group","post_type":"message","raw_message":"打字快没用吗","self_id":2997400528,"sender":{"age":31,"area":"济南","card":"xy―拼音","level":"死飞单车","nickname":"一家和睦","role":"member","sex":"male","title":"","user_id":877357287},"sub_type":"normal","time":1558067027,"user_id":877357287}
[19-05-17 12:23:50] [PicqBotX] [DEBUG(java.lang.Thread.run:748)] 收到新请求: CQHttp/4.8.0
[19-05-17 12:23:50] [PicqBotX] [DEBUG(java.lang.Thread.run:748)] - 数据: {"anonymous":null,"font":8421136,"group_id":522394334,"message":"这个季节，正是9月","message_id":14106,"message_type":"group","post_type":"message","raw_message":"这个季节，正是9月","self_id":2997400528,"sender":{"age":8,"area":"广州","card":"谭宇-养生式跟打","level":"入门","nickname":"0 4 . 2 2","role":"admin","sex":"male","title":"","user_id":1061917196},"sub_type":"normal","time":1558067030,"user_id":1061917196}
[19-05-17 12:24:01] [PicqBotX] [DEBUG(java.lang.Thread.run:748)] 收到新请求: CQHttp/4.8.0
[19-05-17 12:24:01] [PicqBotX] [DEBUG(java.lang.Thread.run:748)] - 数据: {"anonymous":null,"font":8420912,"group_id":522394334,"message":"农人都在稻田里割稻谷","message_id":14108,"message_type":"group","post_type":"message","raw_message":"农人都在稻田里割稻谷","self_id":2997400528,"sender":{"age":8,"area":"广州","card":"谭宇-养生式跟打","level":"入门","nickname":"0 4 . 2 2","role":"admin","sex":"male","title":"","user_id":1061917196},"sub_type":"normal","time":1558067041,"user_id":1061917196}
[19-05-17 12:24:07] [PicqBotX] [DEBUG(java.lang.Thread.run:748)] 收到新请求: CQHttp/4.8.0
[19-05-17 12:24:07] [PicqBotX] [DEBUG(java.lang.Thread.run:748)] - 数据: {"anonymous":null,"font":8421680,"group_id":522394334,"message":"。小皮不割稻谷，他那","message_id":14110,"message_type":"group","post_type":"message","raw_message":"。小皮不割稻谷，他那","self_id":2997400528,"sender":{"age":8,"area":"广州","card":"谭宇-养生式跟打","level":"入门","nickname":"0 4 . 2 2","role":"admin","sex":"male","title":"","user_id":1061917196},"sub_type":"normal","time":1558067047,"user_id":1061917196}
[19-05-17 12:24:13] [PicqBotX] [DEBUG(java.lang.Thread.run:748)] 收到新请求: CQHttp/4.8.0
[19-05-17 12:24:13] [PicqBotX] [DEBUG(java.lang.Thread.run:748)] - 数据: {"anonymous":null,"font":8421360,"group_id":522394334,"message":"亩稻谷，早已收割完毕","message_id":14112,"message_type":"group","post_type":"message","raw_message":"亩稻谷，早已收割完毕","self_id":2997400528,"sender":{"age":8,"area":"广州","card":"谭宇-养生式跟打","level":"入门","nickname":"0 4 . 2 2","role":"admin","sex":"male","title":"","user_id":1061917196},"sub_type":"normal","time":1558067053,"user_id":1061917196}
[19-05-17 12:24:20] [PicqBotX] [DEBUG(java.lang.Thread.run:748)] 收到新请求: CQHttp/4.8.0
[19-05-17 12:24:20] [PicqBotX] [DEBUG(java.lang.Thread.run:748)] - 数据: {"anonymous":null,"font":8421552,"group_id":522394334,"message":"。没事，就出去打猎，","message_id":14114,"message_type":"group","post_type":"message","raw_message":"。没事，就出去打猎，","self_id":2997400528,"sender":{"age":8,"area":"广州","card":"谭宇-养生式跟打","level":"入门","nickname":"0 4 . 2 2","role":"admin","sex":"male","title":"","user_id":1061917196},"sub_type":"normal","time":1558067060,"user_id":1061917196}
[19-05-17 12:24:27] [PicqBotX] [DEBUG(java.lang.Thread.run:748)] 收到新请求: CQHttp/4.8.0
[19-05-17 12:24:27] [PicqBotX] [DEBUG(java.lang.Thread.run:748)] - 数据: {"anonymous":null,"font":8421232,"group_id":522394334,"message":"弄只兔子，改善生活。","message_id":14116,"message_type":"group","post_type":"message","raw_message":"弄只兔子，改善生活。","self_id":2997400528,"sender":{"age":8,"area":"广州","card":"谭宇-养生式跟打","level":"入门","nickname":"0 4 . 2 2","role":"admin","sex":"male","title":"","user_id":1061917196},"sub_type":"normal","time":1558067067,"user_id":1061917196}
[19-05-17 12:24:33] [PicqBotX] [DEBUG(java.lang.Thread.run:748)] 收到新请求: CQHttp/4.8.0
[19-05-17 12:24:33] [PicqBotX] [DEBUG(java.lang.Thread.run:748)] - 数据: {"anonymous":null,"font":8421744,"group_id":522394334,"message":"走到村边，看到一头野","message_id":14118,"message_type":"group","post_type":"message","raw_message":"走到村边，看到一头野","self_id":2997400528,"sender":{"age":8,"area":"广州","card":"谭宇-养生式跟打","level":"入门","nickname":"0 4 . 2 2","role":"admin","sex":"male","title":"","user_id":1061917196},"sub_type":"normal","time":1558067073,"user_id":1061917196}
[19-05-17 12:24:43] [PicqBotX] [DEBUG(java.lang.Thread.run:748)] 收到新请求: CQHttp/4.8.0
[19-05-17 12:24:43] [PicqBotX] [DEBUG(java.lang.Thread.run:748)] - 数据: {"anonymous":null,"font":8421232,"group_id":522394334,"message":"猪在红薯地里拱红薯，","message_id":14121,"message_type":"group","post_type":"message","raw_message":"猪在红薯地里拱红薯，","self_id":2997400528,"sender":{"age":8,"area":"广州","card":"谭宇-养生式跟打","level":"入门","nickname":"0 4 . 2 2","role":"admin","sex":"male","title":"","user_id":1061917196},"sub_type":"normal","time":1558067083,"user_id":1061917196}
[19-05-17 12:24:47] [PicqBotX] [DEBUG(java.lang.Thread.run:748)] 收到新请求: CQHttp/4.8.0
[19-05-17 12:24:47] [PicqBotX] [DEBUG(java.lang.Thread.run:748)] - 数据: {"anonymous":null,"font":8421072,"group_id":522394334,"message":"就走了过去。小皮很兴","message_id":14122,"message_type":"group","post_type":"message","raw_message":"就走了过去。小皮很兴","self_id":2997400528,"sender":{"age":8,"area":"广州","card":"谭宇-养生式跟打","level":"入门","nickname":"0 4 . 2 2","role":"admin","sex":"male","title":"","user_id":1061917196},"sub_type":"normal","time":1558067087,"user_id":1061917196}
[19-05-17 12:24:54] [PicqBotX] [DEBUG(java.lang.Thread.run:748)] 收到新请求: CQHttp/4.8.0
[19-05-17 12:24:54] [PicqBotX] [DEBUG(java.lang.Thread.run:748)] - 数据: {"anonymous":null,"font":8421584,"group_id":522394334,"message":"奋，没打到兔子，却碰","message_id":14124,"message_type":"group","post_type":"message","raw_message":"奋，没打到兔子，却碰","self_id":2997400528,"sender":{"age":8,"area":"广州","card":"谭宇-养生式跟打","level":"入门","nickname":"0 4 . 2 2","role":"admin","sex":"male","title":"","user_id":1061917196},"sub_type":"normal","time":1558067094,"user_id":1061917196}
[19-05-17 12:25:02] [PicqBotX] [DEBUG(java.lang.Thread.run:748)] 收到新请求: CQHttp/4.8.0
[19-05-17 12:25:02] [PicqBotX] [DEBUG(java.lang.Thread.run:748)] - 数据: {"anonymous":null,"font":8421744,"group_id":522394334,"message":"可以了","message_id":14126,"message_type":"group","post_type":"message","raw_message":"可以了","self_id":2997400528,"sender":{"age":8,"area":"广州","card":"谭宇-养生式跟打","level":"入门","nickname":"0 4 . 2 2","role":"admin","sex":"male","title":"","user_id":1061917196},"sub_type":"normal","time":1558067102,"user_id":1061917196}
[19-05-17 12:25:08] [PicqBotX] [DEBUG(java.lang.Thread.run:748)] 收到新请求: CQHttp/4.8.0
[19-05-17 12:25:08] [PicqBotX] [DEBUG(java.lang.Thread.run:748)] - 数据: {"anonymous":null,"font":8420880,"group_id":522394334,"message":"#战场成员","message_id":14127,"message_type":"group","post_type":"message","raw_message":"#战场成员","self_id":2997400528,"sender":{"age":8,"area":"广州","card":"谭宇-养生式跟打","level":"入门","nickname":"0 4 . 2 2","role":"admin","sex":"male","title":"","user_id":1061917196},"sub_type":"normal","time":1558067108,"user_id":1061917196}
[19-05-17 12:25:56] [PicqBotX] [DEBUG(java.lang.Thread.run:748)] 收到新请求: CQHttp/4.8.0
[19-05-17 12:25:56] [PicqBotX] [DEBUG(java.lang.Thread.run:748)] - 数据: {"anonymous":null,"font":8420944,"group_id":522394334,"message":"你这很考单打啊","message_id":14129,"message_type":"group","post_type":"message","raw_message":"你这很考单打啊","self_id":2997400528,"sender":{"age":28,"area":"成都","card":"一枝独秀―谭八风","level":"了解群图书馆","nickname":"云华","role":"member","sex":"male","title":"","user_id":2297714857},"sub_type":"normal","time":1558067156,"user_id":2297714857}
[19-05-17 12:26:02] [PicqBotX] [DEBUG(java.lang.Thread.run:748)] 收到新请求: CQHttp/4.8.0
[19-05-17 12:26:02] [PicqBotX] [DEBUG(java.lang.Thread.run:748)] - 数据: {"anonymous":null,"font":8421616,"group_id":522394334,"message":"[CQ:face,id=3][CQ:face,id=3][CQ:face,id=3]","message_id":14130,"message_type":"group","post_type":"message","raw_message":"[CQ:face,id=3][CQ:face,id=3][CQ:face,id=3]","self_id":2997400528,"sender":{"age":28,"area":"成都","card":"一枝独秀―谭八风","level":"了解群图书馆","nickname":"云华","role":"member","sex":"male","title":"","user_id":2297714857},"sub_type":"normal","time":1558067162,"user_id":2297714857}
[19-05-17 12:26:46] [PicqBotX] [DEBUG(java.lang.Thread.run:748)] 收到新请求: CQHttp/4.8.0
