[19-05-18 17:26:10] [PicqBotX] [INFO] 
[19-05-18 17:26:10] [PicqBotX] [INFO]     ____  _            ____        __ _  __
[19-05-18 17:26:10] [PicqBotX] [INFO]    / __ \(_)________ _/ __ )____  / /| |/ /
[19-05-18 17:26:10] [PicqBotX] [INFO]   / /_/ / / ___/ __ `/ __  / __ \/ __/   /
[19-05-18 17:26:10] [PicqBotX] [INFO]  / ____/ / /__/ /_/ / /_/ / /_/ / /_/   |
[19-05-18 17:26:10] [PicqBotX] [INFO] /_/   /_/\___/\__, /_____/\____/\__/_/|_|
[19-05-18 17:26:10] [PicqBotX] [INFO]                 /_/         v3.2.2.896
[19-05-18 17:26:10] [PicqBotX] [INFO] 日志管理器     初始化完成 [******] ...(45.95 ms)
[19-05-18 17:26:10] [PicqBotX] [INFO] 缓存管理器     初始化完成 [******] ...(2.78 ms)
[19-05-18 17:26:10] [PicqBotX] [INFO] DEBUG设置     初始化完成 [******] ...(0.01 ms)
[19-05-18 17:26:10] [PicqBotX] [INFO] 事件管理器     初始化完成 [******] ...(43.9 ms)
[19-05-18 17:26:10] [PicqBotX] [INFO] 账号管理器     初始化完成 [******] ...(1.11 ms)
[19-05-18 17:26:10] [PicqBotX] [INFO] HTTP监听服务器 初始化完成 [******] ...(1.46 ms)
[19-05-18 17:26:10] [PicqBotX] [INFO] 指令管理器     初始化完成 [******] ...(1.71 ms)
[19-05-18 17:26:10] [PicqBotX] [WARNING] 账号 Bot01: 版本正确, 不过用酷Q Pro的话效果更好哦!
[19-05-18 17:26:10] [PicqBotX] [INFO] 账号 Bot01:   版本验证完成!
[19-05-18 17:26:10] [PicqBotX] [INFO] 正在启动...
[19-05-18 17:26:12] [PicqBotX] [DEBUG(java.lang.Thread.run:748)] 收到新请求: CQHttp/4.8.0
[19-05-18 17:26:12] [PicqBotX] [DEBUG(java.lang.Thread.run:748)] - 数据: {"anonymous":null,"font":8469168,"group_id":522394334,"message":"设置名片 谭","message_id":18425,"message_type":"group","post_type":"message","raw_message":"设置名片 谭","self_id":2997400528,"sender":{"age":8,"area":"广州","card":"谭宇-养生式跟打","level":"入门","nickname":"0 4 . 2 2","role":"admin","sex":"male","title":"","user_id":1061917196},"sub_type":"normal","time":1558171572,"user_id":1061917196}
[19-05-18 17:26:16] [PicqBotX] [DEBUG(java.lang.Thread.run:748)] 收到新请求: CQHttp/4.8.0
[19-05-18 17:26:16] [PicqBotX] [DEBUG(java.lang.Thread.run:748)] - 数据: {"anonymous":null,"font":8470576,"group_id":522394334,"message":"设置名片 谭宇","message_id":18427,"message_type":"group","post_type":"message","raw_message":"设置名片 谭宇","self_id":2997400528,"sender":{"age":8,"area":"广州","card":"谭宇-养生式跟打","level":"入门","nickname":"0 4 . 2 2","role":"admin","sex":"male","title":"","user_id":1061917196},"sub_type":"normal","time":1558171576,"user_id":1061917196}
[19-05-18 17:26:33] [PicqBotX] [DEBUG(java.lang.Thread.run:748)] 收到新请求: CQHttp/4.8.0
[19-05-18 17:26:33] [PicqBotX] [DEBUG(java.lang.Thread.run:748)] - 数据: {"anonymous":null,"font":8470800,"group_id":522394334,"message":"[CQ:at,qq=2524098743] 空间有限啊 尽量利用好","message_id":18429,"message_type":"group","post_type":"message","raw_message":"[CQ:at,qq=2524098743] 空间有限啊 尽量利用好","self_id":2997400528,"sender":{"age":0,"area":"","card":"青铜・Qtss","level":"了解群图书馆","nickname":"青 铜","role":"member","sex":"unknown","title":"","user_id":949402006},"sub_type":"normal","time":1558171593,"user_id":949402006}
[19-05-18 17:26:33] [PicqBotX] [DEBUG(java.lang.Thread.run:748)] 收到新请求: CQHttp/4.8.0
[19-05-18 17:26:33] [PicqBotX] [DEBUG(java.lang.Thread.run:748)] - 数据: {"anonymous":null,"font":8470704,"group_id":522394334,"message":"青铜现在应该比我快了","message_id":18430,"message_type":"group","post_type":"message","raw_message":"青铜现在应该比我快了","self_id":2997400528,"sender":{"age":0,"area":"","card":"白焕-鹤形","level":"中级","nickname":"杂色a","role":"member","sex":"unknown","title":"","user_id":2524098743},"sub_type":"normal","time":1558171593,"user_id":2524098743}
[19-05-18 17:26:56] [PicqBotX] [DEBUG(java.lang.Thread.run:748)] 收到新请求: CQHttp/4.8.0
[19-05-18 17:26:56] [PicqBotX] [DEBUG(java.lang.Thread.run:748)] - 数据: {"anonymous":null,"font":8470288,"group_id":522394334,"message":"设置名片 谭","message_id":18431,"message_type":"group","post_type":"message","raw_message":"设置名片 谭","self_id":2997400528,"sender":{"age":8,"area":"广州","card":"谭宇-养生式跟打","level":"入门","nickname":"0 4 . 2 2","role":"admin","sex":"male","title":"","user_id":1061917196},"sub_type":"normal","time":1558171616,"user_id":1061917196}
[19-05-18 17:26:57] [PicqBotX] [DEBUG(java.lang.Thread.run:748)] 收到新请求: CQHttp/4.8.0
[19-05-18 17:26:57] [PicqBotX] [DEBUG(java.lang.Thread.run:748)] - 数据: {"anonymous":null,"font":8470576,"group_id":522394334,"message":"没有，我在折腾 布局。\r\n\r\n速度上70就 不想练了","message_id":18433,"message_type":"group","post_type":"message","raw_message":"没有，我在折腾 布局。\r\n\r\n速度上70就 不想练了","self_id":2997400528,"sender":{"age":0,"area":"","card":"青铜・Qtss","level":"了解群图书馆","nickname":"青 铜","role":"member","sex":"unknown","title":"","user_id":949402006},"sub_type":"normal","time":1558171617,"user_id":949402006}
[19-05-18 17:27:01] [PicqBotX] [DEBUG(java.lang.Thread.run:748)] 收到新请求: CQHttp/4.8.0
[19-05-18 17:27:01] [PicqBotX] [DEBUG(java.lang.Thread.run:748)] - 数据: {"anonymous":null,"font":8470704,"group_id":522394334,"message":"反正谁都比我快","message_id":18434,"message_type":"group","post_type":"message","raw_message":"反正谁都比我快","self_id":2997400528,"sender":{"age":28,"area":"成都","card":"一枝独秀―谭八风","level":"了解群图书馆","nickname":"云华","role":"member","sex":"male","title":"","user_id":2297714857},"sub_type":"normal","time":1558171620,"user_id":2297714857}
[19-05-18 17:27:09] [PicqBotX] [DEBUG(java.lang.Thread.run:748)] 收到新请求: CQHttp/4.8.0
[19-05-18 17:27:09] [PicqBotX] [DEBUG(java.lang.Thread.run:748)] - 数据: {"anonymous":null,"font":8469232,"group_id":522394334,"message":"[CQ:image,file=2D09D07E00AD5FA104863B212DD13677.png,url=https://gchat.qpic.cn/gchatpic_new/2297714857/522394334-2532195201-2D09D07E00AD5FA104863B212DD13677/0?vuin=2997400528&amp;term=2]","message_id":18435,"message_type":"group","post_type":"message","raw_message":"[CQ:image,file=2D09D07E00AD5FA104863B212DD13677.png]","self_id":2997400528,"sender":{"age":28,"area":"成都","card":"一枝独秀―谭八风","level":"了解群图书馆","nickname":"云华","role":"member","sex":"male","title":"","user_id":2297714857},"sub_type":"normal","time":1558171629,"user_id":2297714857}
[19-05-18 17:27:11] [PicqBotX] [DEBUG(java.lang.Thread.run:748)] 收到新请求: CQHttp/4.8.0
[19-05-18 17:27:11] [PicqBotX] [DEBUG(java.lang.Thread.run:748)] - 数据: {"anonymous":null,"font":8469936,"group_id":522394334,"message":"布局还折腾啥啊[CQ:face,id=182]","message_id":18436,"message_type":"group","post_type":"message","raw_message":"布局还折腾啥啊[CQ:face,id=182]","self_id":2997400528,"sender":{"age":0,"area":"","card":"白焕-鹤形","level":"中级","nickname":"杂色a","role":"member","sex":"unknown","title":"","user_id":2524098743},"sub_type":"normal","time":1558171631,"user_id":2524098743}
[19-05-18 17:27:12] [PicqBotX] [DEBUG(java.lang.Thread.run:748)] 收到新请求: CQHttp/4.8.0
[19-05-18 17:27:12] [PicqBotX] [DEBUG(java.lang.Thread.run:748)] - 数据: {"anonymous":null,"font":8469904,"group_id":556981260,"message":"利剑现在没工作吧，有大把的时间可以尝试啊。","message_id":18437,"message_type":"group","post_type":"message","raw_message":"利剑现在没工作吧，有大把的时间可以尝试啊。","self_id":2997400528,"sender":{"age":30,"area":"南充","card":"江清炎-搜狗双拼","level":"五菱宏光","nickname":"凯文","role":"member","sex":"male","title":"","user_id":3207857938},"sub_type":"normal","time":1558171632,"user_id":3207857938}
[19-05-18 17:27:27] [PicqBotX] [DEBUG(java.lang.Thread.run:748)] 收到新请求: CQHttp/4.8.0
[19-05-18 17:27:27] [PicqBotX] [DEBUG(java.lang.Thread.run:748)] - 数据: {"anonymous":null,"font":8470064,"group_id":522394334,"message":"应该是在折腾功能键","message_id":18438,"message_type":"group","post_type":"message","raw_message":"应该是在折腾功能键","self_id":2997400528,"sender":{"age":0,"area":"","card":"白焕-鹤形","level":"中级","nickname":"杂色a","role":"member","sex":"unknown","title":"","user_id":2524098743},"sub_type":"normal","time":1558171647,"user_id":2524098743}
[19-05-18 17:27:32] [PicqBotX] [DEBUG(java.lang.Thread.run:748)] 收到新请求: CQHttp/4.8.0
[19-05-18 17:27:32] [PicqBotX] [DEBUG(java.lang.Thread.run:748)] - 数据: {"anonymous":null,"font":8470256,"group_id":522394334,"message":"就移完 符号，就不折腾了","message_id":18439,"message_type":"group","post_type":"message","raw_message":"就移完 符号，就不折腾了","self_id":2997400528,"sender":{"age":0,"area":"","card":"青铜・Qtss","level":"了解群图书馆","nickname":"青 铜","role":"member","sex":"unknown","title":"","user_id":949402006},"sub_type":"normal","time":1558171652,"user_id":949402006}
[19-05-18 17:27:50] [PicqBotX] [DEBUG(java.lang.Thread.run:748)] 收到新请求: CQHttp/4.8.0
[19-05-18 17:27:50] [PicqBotX] [DEBUG(java.lang.Thread.run:748)] - 数据: {"anonymous":null,"font":8470672,"group_id":522394334,"message":"太废神 了","message_id":18440,"message_type":"group","post_type":"message","raw_message":"太废神 了","self_id":2997400528,"sender":{"age":0,"area":"","card":"青铜・Qtss","level":"了解群图书馆","nickname":"青 铜","role":"member","sex":"unknown","title":"","user_id":949402006},"sub_type":"normal","time":1558171670,"user_id":949402006}
[19-05-18 17:27:57] [PicqBotX] [DEBUG(java.lang.Thread.run:748)] 收到新请求: CQHttp/4.8.0
[19-05-18 17:27:57] [PicqBotX] [DEBUG(java.lang.Thread.run:748)] - 数据: {"anonymous":null,"font":8470576,"group_id":522394334,"message":"懒得折腾，原生的最好","message_id":18441,"message_type":"group","post_type":"message","raw_message":"懒得折腾，原生的最好","self_id":2997400528,"sender":{"age":26,"area":"湖州","card":"飘风-小鹤音形","level":"入门","nickname":"飘风SLG","role":"member","sex":"male","title":"","user_id":869151501},"sub_type":"normal","time":1558171677,"user_id":869151501}
[19-05-18 17:28:01] [PicqBotX] [DEBUG(java.lang.Thread.run:748)] 收到新请求: CQHttp/4.8.0
[19-05-18 17:28:01] [PicqBotX] [DEBUG(java.lang.Thread.run:748)] - 数据: {"anonymous":null,"font":8470800,"group_id":522394334,"message":"我还是喜欢你做配色","message_id":18442,"message_type":"group","post_type":"message","raw_message":"我还是喜欢你做配色","self_id":2997400528,"sender":{"age":0,"area":"","card":"白焕-鹤形","level":"中级","nickname":"杂色a","role":"member","sex":"unknown","title":"","user_id":2524098743},"sub_type":"normal","time":1558171681,"user_id":2524098743}
[19-05-18 17:28:03] [PicqBotX] [DEBUG(java.lang.Thread.run:748)] 收到新请求: CQHttp/4.8.0
[19-05-18 17:28:03] [PicqBotX] [DEBUG(java.lang.Thread.run:748)] - 数据: {"anonymous":null,"font":8470512,"group_id":522394334,"message":"[CQ:face,id=178]","message_id":18443,"message_type":"group","post_type":"message","raw_message":"[CQ:face,id=178]","self_id":2997400528,"sender":{"age":0,"area":"","card":"白焕-鹤形","level":"中级","nickname":"杂色a","role":"member","sex":"unknown","title":"","user_id":2524098743},"sub_type":"normal","time":1558171683,"user_id":2524098743}
[19-05-18 17:28:18] [PicqBotX] [DEBUG(java.lang.Thread.run:748)] 收到新请求: CQHttp/4.8.0
[19-05-18 17:28:18] [PicqBotX] [DEBUG(java.lang.Thread.run:748)] - 数据: {"anonymous":null,"font":8470192,"group_id":522394334,"message":"第1段 速度138.17 击键5.32 码长2.31 标顶理论1.00 文章难度98.80 字数100 回改5 退格9 错字0 键数231 选重0 键准90.04% 键法112.50%(左90:右80:空格45) 打词率68.57% 选重率0.00% 拖拉机跟打器v1.50 Windows版","message_id":18444,"message_type":"group","post_type":"message","raw_message":"第1段 速度138.17 击键5.32 码长2.31 标顶理论1.00 文章难度98.80 字数100 回改5 退格9 错字0 键数231 选重0 键准90.04% 键法112.50%(左90:右80:空格45) 打词率68.57% 选重率0.00% 拖拉机跟打器v1.50 Windows版","self_id":2997400528,"sender":{"age":28,"area":"成都","card":"一枝独秀―谭八风","level":"了解群图书馆","nickname":"云华","role":"member","sex":"male","title":"","user_id":2297714857},"sub_type":"normal","time":1558171698,"user_id":2297714857}
[19-05-18 17:28:26] [PicqBotX] [DEBUG(java.lang.Thread.run:748)] 收到新请求: CQHttp/4.8.0
[19-05-18 17:28:26] [PicqBotX] [DEBUG(java.lang.Thread.run:748)] - 数据: {"anonymous":null,"font":8470320,"group_id":556981260,"message":"自然码，输入界的一枝花，是我用心挑选的她，你们怎能说弃就弃呀？","message_id":18445,"message_type":"group","post_type":"message","raw_message":"自然码，输入界的一枝花，是我用心挑选的她，你们怎能说弃就弃呀？","self_id":2997400528,"sender":{"age":25,"area":"","card":"利键―自然码双拼","level":"五菱宏光","nickname":"神采飞扬","role":"member","sex":"male","title":"","user_id":1078179677},"sub_type":"normal","time":1558171706,"user_id":1078179677}
[19-05-18 17:28:27] [PicqBotX] [DEBUG(java.lang.Thread.run:748)] 收到新请求: CQHttp/4.8.0
[19-05-18 17:28:27] [PicqBotX] [DEBUG(java.lang.Thread.run:748)] - 数据: {"anonymous":null,"font":8470640,"group_id":522394334,"message":"[CQ:face,id=182] 简单点 好看","message_id":18446,"message_type":"group","post_type":"message","raw_message":"[CQ:face,id=182] 简单点 好看","self_id":2997400528,"sender":{"age":0,"area":"","card":"青铜・Qtss","level":"了解群图书馆","nickname":"青 铜","role":"member","sex":"unknown","title":"","user_id":949402006},"sub_type":"normal","time":1558171707,"user_id":949402006}
[19-05-18 17:28:36] [PicqBotX] [DEBUG(java.lang.Thread.run:748)] 收到新请求: CQHttp/4.8.0
