[19-05-18 20:03:57] [PicqBotX] [INFO] 
[19-05-18 20:03:57] [PicqBotX] [INFO]     ____  _            ____        __ _  __
[19-05-18 20:03:57] [PicqBotX] [INFO]    / __ \(_)________ _/ __ )____  / /| |/ /
[19-05-18 20:03:57] [PicqBotX] [INFO]   / /_/ / / ___/ __ `/ __  / __ \/ __/   /
[19-05-18 20:03:57] [PicqBotX] [INFO]  / ____/ / /__/ /_/ / /_/ / /_/ / /_/   |
[19-05-18 20:03:57] [PicqBotX] [INFO] /_/   /_/\___/\__, /_____/\____/\__/_/|_|
[19-05-18 20:03:57] [PicqBotX] [INFO]                 /_/         v3.2.2.896
[19-05-18 20:03:57] [PicqBotX] [INFO] 日志管理器     初始化完成 [******] ...(199.85 ms)
[19-05-18 20:03:57] [PicqBotX] [INFO] 缓存管理器     初始化完成 [******] ...(10.46 ms)
[19-05-18 20:03:57] [PicqBotX] [INFO] DEBUG设置     初始化完成 [******] ...(0.01 ms)
[19-05-18 20:03:57] [PicqBotX] [INFO] 事件管理器     初始化完成 [******] ...(155.11 ms)
[19-05-18 20:03:57] [PicqBotX] [INFO] 账号管理器     初始化完成 [******] ...(1.19 ms)
[19-05-18 20:03:57] [PicqBotX] [INFO] HTTP监听服务器 初始化完成 [******] ...(3.0 ms)
[19-05-18 20:03:58] [PicqBotX] [INFO] 指令管理器     初始化完成 [******] ...(2.35 ms)
[19-05-18 20:03:58] [PicqBotX] [WARNING] 账号 Bot01: 版本正确, 不过用酷Q Pro的话效果更好哦!
[19-05-18 20:03:58] [PicqBotX] [INFO] 账号 Bot01:   版本验证完成!
[19-05-18 20:03:58] [PicqBotX] [INFO] 正在启动...
[19-05-18 20:04:16] [PicqBotX] [DEBUG(java.lang.Thread.run:748)] 收到新请求: CQHttp/4.8.0
[19-05-18 20:04:16] [PicqBotX] [DEBUG(java.lang.Thread.run:748)] - 数据: {"anonymous":null,"font":8469072,"group_id":522394334,"message":"#随机团战 10","message_id":19462,"message_type":"group","post_type":"message","raw_message":"#随机团战 10","self_id":2997400528,"sender":{"age":8,"area":"广州","card":"谭宇-养生式跟打","level":"入门","nickname":"0 4 . 2 2","role":"admin","sex":"male","title":"","user_id":1061917196},"sub_type":"normal","time":1558181056,"user_id":1061917196}
[19-05-18 20:04:45] [PicqBotX] [DEBUG(java.lang.Thread.run:748)] 收到新请求: CQHttp/4.8.0
[19-05-18 20:04:45] [PicqBotX] [DEBUG(java.lang.Thread.run:748)] - 数据: {"anonymous":null,"font":8469296,"group_id":522394334,"message":"#随机战场 100 10 10","message_id":19463,"message_type":"group","post_type":"message","raw_message":"#随机战场 100 10 10","self_id":2997400528,"sender":{"age":8,"area":"广州","card":"谭宇-养生式跟打","level":"入门","nickname":"0 4 . 2 2","role":"admin","sex":"male","title":"","user_id":1061917196},"sub_type":"normal","time":1558181085,"user_id":1061917196}
[19-05-18 20:04:49] [PicqBotX] [DEBUG(java.lang.Thread.run:748)] 收到新请求: CQHttp/4.8.0
[19-05-18 20:04:49] [PicqBotX] [DEBUG(java.lang.Thread.run:748)] - 数据: {"anonymous":null,"font":8469968,"group_id":522394334,"message":"#战场销毁","message_id":19465,"message_type":"group","post_type":"message","raw_message":"#战场销毁","self_id":2997400528,"sender":{"age":8,"area":"广州","card":"谭宇-养生式跟打","level":"入门","nickname":"0 4 . 2 2","role":"admin","sex":"male","title":"","user_id":1061917196},"sub_type":"normal","time":1558181089,"user_id":1061917196}
[19-05-18 20:04:54] [PicqBotX] [DEBUG(java.lang.Thread.run:748)] 收到新请求: CQHttp/4.8.0
[19-05-18 20:04:54] [PicqBotX] [DEBUG(java.lang.Thread.run:748)] - 数据: {"anonymous":null,"font":8469072,"group_id":522394334,"message":"#随机团战 10","message_id":19467,"message_type":"group","post_type":"message","raw_message":"#随机团战 10","self_id":2997400528,"sender":{"age":8,"area":"广州","card":"谭宇-养生式跟打","level":"入门","nickname":"0 4 . 2 2","role":"admin","sex":"male","title":"","user_id":1061917196},"sub_type":"normal","time":1558181094,"user_id":1061917196}
[19-05-18 20:06:17] [PicqBotX] [DEBUG(java.lang.Thread.run:748)] 收到新请求: CQHttp/4.8.0
[19-05-18 20:06:17] [PicqBotX] [DEBUG(java.lang.Thread.run:748)] - 数据: {"anonymous":null,"font":8469072,"group_id":522394334,"message":"随机团战 10","message_id":19468,"message_type":"group","post_type":"message","raw_message":"随机团战 10","self_id":2997400528,"sender":{"age":8,"area":"广州","card":"谭宇-养生式跟打","level":"入门","nickname":"0 4 . 2 2","role":"admin","sex":"male","title":"","user_id":1061917196},"sub_type":"normal","time":1558181177,"user_id":1061917196}
[19-05-18 20:06:25] [PicqBotX] [DEBUG(java.lang.Thread.run:748)] 收到新请求: CQHttp/4.8.0
[19-05-18 20:06:25] [PicqBotX] [DEBUG(java.lang.Thread.run:748)] - 数据: {"anonymous":null,"font":8469776,"group_id":522394334,"message":"#加入","message_id":19470,"message_type":"group","post_type":"message","raw_message":"#加入","self_id":2997400528,"sender":{"age":8,"area":"广州","card":"谭宇-养生式跟打","level":"入门","nickname":"0 4 . 2 2","role":"admin","sex":"male","title":"","user_id":1061917196},"sub_type":"normal","time":1558181185,"user_id":1061917196}
[19-05-18 20:06:27] [PicqBotX] [DEBUG(java.lang.Thread.run:748)] 收到新请求: CQHttp/4.8.0
[19-05-18 20:06:27] [PicqBotX] [DEBUG(java.lang.Thread.run:748)] - 数据: {"anonymous":null,"font":8469072,"group_id":522394334,"message":"#加入团战","message_id":19471,"message_type":"group","post_type":"message","raw_message":"#加入团战","self_id":2997400528,"sender":{"age":8,"area":"广州","card":"谭宇-养生式跟打","level":"入门","nickname":"0 4 . 2 2","role":"admin","sex":"male","title":"","user_id":1061917196},"sub_type":"normal","time":1558181187,"user_id":1061917196}
[19-05-18 20:06:29] [PicqBotX] [DEBUG(java.lang.Thread.run:748)] 收到新请求: CQHttp/4.8.0
[19-05-18 20:06:29] [PicqBotX] [DEBUG(java.lang.Thread.run:748)] - 数据: {"anonymous":null,"font":8469040,"group_id":522394334,"message":"#加入团战","message_id":19473,"message_type":"group","post_type":"message","raw_message":"#加入团战","self_id":2997400528,"sender":{"age":8,"area":"广州","card":"谭宇-养生式跟打","level":"入门","nickname":"0 4 . 2 2","role":"admin","sex":"male","title":"","user_id":1061917196},"sub_type":"normal","time":1558181189,"user_id":1061917196}
[19-05-18 20:06:36] [PicqBotX] [DEBUG(java.lang.Thread.run:748)] 收到新请求: CQHttp/4.8.0
