[19-05-16 21:34:30] [PicqBotX] [INFO] 
[19-05-16 21:34:30] [PicqBotX] [INFO]     ____  _            ____        __ _  __
[19-05-16 21:34:30] [PicqBotX] [INFO]    / __ \(_)________ _/ __ )____  / /| |/ /
[19-05-16 21:34:30] [PicqBotX] [INFO]   / /_/ / / ___/ __ `/ __  / __ \/ __/   /
[19-05-16 21:34:30] [PicqBotX] [INFO]  / ____/ / /__/ /_/ / /_/ / /_/ / /_/   |
[19-05-16 21:34:30] [PicqBotX] [INFO] /_/   /_/\___/\__, /_____/\____/\__/_/|_|
[19-05-16 21:34:30] [PicqBotX] [INFO]                 /_/         v3.2.2.896
[19-05-16 21:34:30] [PicqBotX] [INFO] 日志管理器     初始化完成 [******] ...(32.23 ms)
[19-05-16 21:34:30] [PicqBotX] [INFO] 缓存管理器     初始化完成 [******] ...(3.87 ms)
[19-05-16 21:34:30] [PicqBotX] [INFO] DEBUG设置     初始化完成 [******] ...(0.01 ms)
[19-05-16 21:34:30] [PicqBotX] [INFO] 事件管理器     初始化完成 [******] ...(31.39 ms)
[19-05-16 21:34:30] [PicqBotX] [INFO] 账号管理器     初始化完成 [******] ...(0.79 ms)
[19-05-16 21:34:30] [PicqBotX] [INFO] HTTP监听服务器 初始化完成 [******] ...(1.39 ms)
[19-05-16 21:34:31] [PicqBotX] [INFO] 指令管理器     初始化完成 [******] ...(1.75 ms)
[19-05-16 21:34:31] [PicqBotX] [WARNING] 账号 Bot01: 版本正确, 不过用酷Q Pro的话效果更好哦!
[19-05-16 21:34:31] [PicqBotX] [INFO] 账号 Bot01:   版本验证完成!
[19-05-16 21:34:31] [PicqBotX] [INFO] 正在启动...
[19-05-16 21:34:33] [PicqBotX] [DEBUG(java.lang.Thread.run:748)] 收到新请求: CQHttp/4.8.0
[19-05-16 21:34:33] [PicqBotX] [DEBUG(java.lang.Thread.run:748)] - 数据: {"anonymous":null,"font":43737640,"group_id":522394334,"message":"#随机战场 100 20 3","message_id":13484,"message_type":"group","post_type":"message","raw_message":"#随机战场 100 20 3","self_id":2997400528,"sender":{"age":8,"area":"广州","card":"谭宇-养生式跟打","level":"入门","nickname":"0 4 . 2 2","role":"admin","sex":"male","title":"","user_id":1061917196},"sub_type":"normal","time":1558013673,"user_id":1061917196}
[19-05-16 21:34:38] [PicqBotX] [DEBUG(java.lang.Thread.run:748)] 收到新请求: CQHttp/4.8.0
[19-05-16 21:34:38] [PicqBotX] [DEBUG(java.lang.Thread.run:748)] - 数据: {"anonymous":null,"font":43737224,"group_id":522394334,"message":"#加入战场","message_id":13486,"message_type":"group","post_type":"message","raw_message":"#加入战场","self_id":2997400528,"sender":{"age":8,"area":"广州","card":"谭宇-养生式跟打","level":"入门","nickname":"0 4 . 2 2","role":"admin","sex":"male","title":"","user_id":1061917196},"sub_type":"normal","time":1558013678,"user_id":1061917196}
[19-05-16 21:34:42] [PicqBotX] [DEBUG(java.lang.Thread.run:748)] 收到新请求: CQHttp/4.8.0
[19-05-16 21:34:42] [PicqBotX] [DEBUG(java.lang.Thread.run:748)] - 数据: {"anonymous":null,"font":43737288,"group_id":522394334,"message":"#战场启动","message_id":13488,"message_type":"group","post_type":"message","raw_message":"#战场启动","self_id":2997400528,"sender":{"age":8,"area":"广州","card":"谭宇-养生式跟打","level":"入门","nickname":"0 4 . 2 2","role":"admin","sex":"male","title":"","user_id":1061917196},"sub_type":"normal","time":1558013682,"user_id":1061917196}
[19-05-16 21:35:08] [PicqBotX] [DEBUG(java.lang.Thread.run:748)] 收到新请求: CQHttp/4.8.0
[19-05-16 21:35:08] [PicqBotX] [DEBUG(java.lang.Thread.run:748)] - 数据: {"anonymous":null,"font":43647960,"group_id":522394334,"message":"#随机战场 50 30 2","message_id":13496,"message_type":"group","post_type":"message","raw_message":"#随机战场 50 30 2","self_id":2997400528,"sender":{"age":8,"area":"广州","card":"谭宇-养生式跟打","level":"入门","nickname":"0 4 . 2 2","role":"admin","sex":"male","title":"","user_id":1061917196},"sub_type":"normal","time":1558013708,"user_id":1061917196}
[19-05-16 21:35:10] [PicqBotX] [DEBUG(java.lang.Thread.run:748)] 收到新请求: CQHttp/4.8.0
[19-05-16 21:35:10] [PicqBotX] [DEBUG(java.lang.Thread.run:748)] - 数据: {"anonymous":null,"font":43738376,"group_id":522394334,"message":"#加入战场","message_id":13498,"message_type":"group","post_type":"message","raw_message":"#加入战场","self_id":2997400528,"sender":{"age":8,"area":"广州","card":"谭宇-养生式跟打","level":"入门","nickname":"0 4 . 2 2","role":"admin","sex":"male","title":"","user_id":1061917196},"sub_type":"normal","time":1558013710,"user_id":1061917196}
[19-05-16 21:35:13] [PicqBotX] [DEBUG(java.lang.Thread.run:748)] 收到新请求: CQHttp/4.8.0
[19-05-16 21:35:13] [PicqBotX] [DEBUG(java.lang.Thread.run:748)] - 数据: {"anonymous":null,"font":43738952,"group_id":522394334,"message":"#战场启动","message_id":13500,"message_type":"group","post_type":"message","raw_message":"#战场启动","self_id":2997400528,"sender":{"age":8,"area":"广州","card":"谭宇-养生式跟打","level":"入门","nickname":"0 4 . 2 2","role":"admin","sex":"male","title":"","user_id":1061917196},"sub_type":"normal","time":1558013713,"user_id":1061917196}
[19-05-16 21:35:23] [PicqBotX] [DEBUG(java.lang.Thread.run:748)] 收到新请求: CQHttp/4.8.0
[19-05-16 21:35:23] [PicqBotX] [DEBUG(java.lang.Thread.run:748)] - 数据: {"anonymous":null,"font":43738120,"group_id":522394334,"message":"[CQ:image,file=FB15D548FDA01C4D71744F22E933A451.png,url=https://gchat.qpic.cn/gchatpic_new/1061917196/522394334-2941134638-FB15D548FDA01C4D71744F22E933A451/0?vuin=2997400528&amp;term=2]","message_id":13505,"message_type":"group","post_type":"message","raw_message":"[CQ:image,file=FB15D548FDA01C4D71744F22E933A451.png]","self_id":2997400528,"sender":{"age":8,"area":"广州","card":"谭宇-养生式跟打","level":"入门","nickname":"0 4 . 2 2","role":"admin","sex":"male","title":"","user_id":1061917196},"sub_type":"normal","time":1558013723,"user_id":1061917196}
[19-05-16 21:35:23] [PicqBotX] [DEBUG(java.lang.Thread.run:748)] 收到新请求: CQHttp/4.8.0
[19-05-16 21:35:23] [PicqBotX] [DEBUG(java.lang.Thread.run:748)] - 数据: {"anonymous":null,"font":43738440,"group_id":522394334,"message":"还行","message_id":13506,"message_type":"group","post_type":"message","raw_message":"还行","self_id":2997400528,"sender":{"age":8,"area":"广州","card":"谭宇-养生式跟打","level":"入门","nickname":"0 4 . 2 2","role":"admin","sex":"male","title":"","user_id":1061917196},"sub_type":"normal","time":1558013723,"user_id":1061917196}
[19-05-16 21:36:17] [PicqBotX] [DEBUG(java.lang.Thread.run:748)] 收到新请求: CQHttp/4.8.0
[19-05-16 21:36:17] [PicqBotX] [DEBUG(java.lang.Thread.run:748)] - 数据: {"anonymous":null,"font":43738472,"group_id":522394334,"message":"我想问大家一个问题","message_id":13507,"message_type":"group","post_type":"message","raw_message":"我想问大家一个问题","self_id":2997400528,"sender":{"age":24,"area":"阿尔及利亚","card":"","level":"了解群图文件","nickname":"小洋葱","role":"member","sex":"male","title":"","user_id":864231128},"sub_type":"normal","time":1558013777,"user_id":864231128}
[19-05-16 21:36:26] [PicqBotX] [DEBUG(java.lang.Thread.run:748)] 收到新请求: CQHttp/4.8.0
[19-05-16 21:36:26] [PicqBotX] [DEBUG(java.lang.Thread.run:748)] - 数据: {"anonymous":null,"font":43738248,"group_id":522394334,"message":"我想问大家一个事","message_id":13508,"message_type":"group","post_type":"message","raw_message":"我想问大家一个事","self_id":2997400528,"sender":{"age":24,"area":"阿尔及利亚","card":"","level":"了解群图文件","nickname":"小洋葱","role":"member","sex":"male","title":"","user_id":864231128},"sub_type":"normal","time":1558013786,"user_id":864231128}
[19-05-16 21:36:32] [PicqBotX] [DEBUG(java.lang.Thread.run:748)] 收到新请求: CQHttp/4.8.0
[19-05-16 21:36:32] [PicqBotX] [DEBUG(java.lang.Thread.run:748)] - 数据: {"anonymous":null,"font":43738152,"group_id":522394334,"message":"我有一个朋友","message_id":13509,"message_type":"group","post_type":"message","raw_message":"我有一个朋友","self_id":2997400528,"sender":{"age":24,"area":"阿尔及利亚","card":"","level":"了解群图文件","nickname":"小洋葱","role":"member","sex":"male","title":"","user_id":864231128},"sub_type":"normal","time":1558013792,"user_id":864231128}
[19-05-16 21:37:06] [PicqBotX] [DEBUG(java.lang.Thread.run:748)] 收到新请求: CQHttp/4.8.0
[19-05-16 21:37:06] [PicqBotX] [DEBUG(java.lang.Thread.run:748)] - 数据: {"anonymous":null,"font":43738184,"group_id":522394334,"message":"他去广东了，不和家里人打招呼","message_id":13510,"message_type":"group","post_type":"message","raw_message":"他去广东了，不和家里人打招呼","self_id":2997400528,"sender":{"age":24,"area":"阿尔及利亚","card":"","level":"了解群图文件","nickname":"小洋葱","role":"member","sex":"male","title":"","user_id":864231128},"sub_type":"normal","time":1558013826,"user_id":864231128}
[19-05-16 21:37:17] [PicqBotX] [DEBUG(java.lang.Thread.run:748)] 收到新请求: CQHttp/4.8.0
[19-05-16 21:37:17] [PicqBotX] [DEBUG(java.lang.Thread.run:748)] - 数据: {"anonymous":null,"font":43738664,"group_id":522394334,"message":"他妈妈很着急","message_id":13511,"message_type":"group","post_type":"message","raw_message":"他妈妈很着急","self_id":2997400528,"sender":{"age":24,"area":"阿尔及利亚","card":"","level":"了解群图文件","nickname":"小洋葱","role":"member","sex":"male","title":"","user_id":864231128},"sub_type":"normal","time":1558013837,"user_id":864231128}
[19-05-16 21:37:46] [PicqBotX] [DEBUG(java.lang.Thread.run:748)] 收到新请求: CQHttp/4.8.0
[19-05-16 21:37:46] [PicqBotX] [DEBUG(java.lang.Thread.run:748)] - 数据: {"anonymous":null,"font":43738344,"group_id":556981260,"message":"第999段 速度176.51 击键9.84 码长3.35 回改56 错字0 键数1847 退格7 键准89.44% 字数552 &#91;和&#93;7.98s 打词41(14.86%/9.00) &#91;和&#93;3次 起步179.26/8.46/2.83 重打2次(12字) 波动0.46 键法39.13%(左698:1086) 评分：[CQ:image,file=C77D7A83EE152D4B359F137387834ED6.png,url=https://gchat.qpic.cn/gchatpic_new/972054758/556981260-2902939392-C77D7A83EE152D4B359F137387834ED6/0?vuin=2997400528&amp;term=2]  输入法：QQ五笔Win8版 起打于21:34:37 个签：享受生活、享受跟打 y16","message_id":13512,"message_type":"group","post_type":"message","raw_message":"第999段 速度176.51 击键9.84 码长3.35 回改56 错字0 键数1847 退格7 键准89.44% 字数552 &#91;和&#93;7.98s 打词41(14.86%/9.00) &#91;和&#93;3次 起步179.26/8.46/2.83 重打2次(12字) 波动0.46 键法39.13%(左698:1086) 评分：[CQ:image,file=C77D7A83EE152D4B359F137387834ED6.png]  输入法：QQ五笔Win8版 起打于21:34:37 个签：享受生活、享受跟打 y16","self_id":2997400528,"sender":{"age":29,"area":"台州","card":"old driver-86","level":"死飞单车","nickname":"★S∮℃　　　　　　　　","role":"member","sex":"male","title":"","user_id":972054758},"sub_type":"normal","time":1558013866,"user_id":972054758}
[19-05-16 21:38:12] [PicqBotX] [DEBUG(java.lang.Thread.run:748)] 收到新请求: CQHttp/4.8.0
[19-05-16 21:38:12] [PicqBotX] [DEBUG(java.lang.Thread.run:748)] - 数据: {"anonymous":null,"font":43738184,"group_id":522394334,"message":"到处托人打听他的下落","message_id":13514,"message_type":"group","post_type":"message","raw_message":"到处托人打听他的下落","self_id":2997400528,"sender":{"age":24,"area":"阿尔及利亚","card":"","level":"了解群图文件","nickname":"小洋葱","role":"member","sex":"male","title":"","user_id":864231128},"sub_type":"normal","time":1558013892,"user_id":864231128}
[19-05-16 21:38:12] [PicqBotX] [DEBUG(java.lang.Thread.run:748)] 收到新请求: CQHttp/4.8.0
[19-05-16 21:38:12] [PicqBotX] [DEBUG(java.lang.Thread.run:748)] - 数据: {"anonymous":null,"font":43738152,"group_id":556981260,"message":"老石机","message_id":13515,"message_type":"group","post_type":"message","raw_message":"老石机","self_id":2997400528,"sender":{"age":0,"area":"石家庄","card":"瓜牛-二笔","level":"波音747","nickname":"明媚阳光","role":"member","sex":"male","title":"一个小蹦哒","user_id":523856782},"sub_type":"normal","time":1558013892,"user_id":523856782}
[19-05-16 21:38:38] [PicqBotX] [DEBUG(java.lang.Thread.run:748)] 收到新请求: CQHttp/4.8.0
[19-05-16 21:38:38] [PicqBotX] [DEBUG(java.lang.Thread.run:748)] - 数据: {"anonymous":null,"font":43738824,"group_id":556981260,"message":"[CQ:image,file=C1C4CE54130E51D930FEC0405A48473B.gif,url=https://gchat.qpic.cn/gchatpic_new/972054758/556981260-3082634197-C1C4CE54130E51D930FEC0405A48473B/0?vuin=2997400528&amp;term=2]","message_id":13516,"message_type":"group","post_type":"message","raw_message":"[CQ:image,file=C1C4CE54130E51D930FEC0405A48473B.gif]","self_id":2997400528,"sender":{"age":29,"area":"台州","card":"old driver-86","level":"死飞单车","nickname":"★S∮℃　　　　　　　　","role":"member","sex":"male","title":"","user_id":972054758},"sub_type":"normal","time":1558013918,"user_id":972054758}
[19-05-16 21:39:16] [PicqBotX] [DEBUG(java.lang.Thread.run:748)] 收到新请求: CQHttp/4.8.0
