[19-05-16 21:31:13] [PicqBotX] [INFO] 
[19-05-16 21:31:13] [PicqBotX] [INFO]     ____  _            ____        __ _  __
[19-05-16 21:31:13] [PicqBotX] [INFO]    / __ \(_)________ _/ __ )____  / /| |/ /
[19-05-16 21:31:13] [PicqBotX] [INFO]   / /_/ / / ___/ __ `/ __  / __ \/ __/   /
[19-05-16 21:31:13] [PicqBotX] [INFO]  / ____/ / /__/ /_/ / /_/ / /_/ / /_/   |
[19-05-16 21:31:13] [PicqBotX] [INFO] /_/   /_/\___/\__, /_____/\____/\__/_/|_|
[19-05-16 21:31:13] [PicqBotX] [INFO]                 /_/         v3.2.2.896
[19-05-16 21:31:13] [PicqBotX] [INFO] 日志管理器     初始化完成 [******] ...(45.93 ms)
[19-05-16 21:31:13] [PicqBotX] [INFO] 缓存管理器     初始化完成 [******] ...(2.83 ms)
[19-05-16 21:31:13] [PicqBotX] [INFO] DEBUG设置     初始化完成 [******] ...(0.01 ms)
[19-05-16 21:31:13] [PicqBotX] [INFO] 事件管理器     初始化完成 [******] ...(51.27 ms)
[19-05-16 21:31:13] [PicqBotX] [INFO] 账号管理器     初始化完成 [******] ...(1.79 ms)
[19-05-16 21:31:13] [PicqBotX] [INFO] HTTP监听服务器 初始化完成 [******] ...(2.43 ms)
[19-05-16 21:31:13] [PicqBotX] [INFO] 指令管理器     初始化完成 [******] ...(3.14 ms)
[19-05-16 21:31:13] [PicqBotX] [WARNING] 账号 Bot01: 版本正确, 不过用酷Q Pro的话效果更好哦!
[19-05-16 21:31:13] [PicqBotX] [INFO] 账号 Bot01:   版本验证完成!
[19-05-16 21:31:13] [PicqBotX] [INFO] 正在启动...
[19-05-16 21:31:20] [PicqBotX] [DEBUG(java.lang.Thread.run:748)] 收到新请求: CQHttp/4.8.0
[19-05-16 21:31:20] [PicqBotX] [DEBUG(java.lang.Thread.run:748)] - 数据: {"anonymous":null,"font":43737992,"group_id":522394334,"message":"#随机战场 100 30 3","message_id":13470,"message_type":"group","post_type":"message","raw_message":"#随机战场 100 30 3","self_id":2997400528,"sender":{"age":8,"area":"广州","card":"谭宇-养生式跟打","level":"入门","nickname":"0 4 . 2 2","role":"admin","sex":"male","title":"","user_id":1061917196},"sub_type":"normal","time":1558013480,"user_id":1061917196}
[19-05-16 21:31:22] [PicqBotX] [DEBUG(java.lang.Thread.run:748)] 收到新请求: CQHttp/4.8.0
[19-05-16 21:31:22] [PicqBotX] [DEBUG(java.lang.Thread.run:748)] - 数据: {"anonymous":null,"font":43737512,"group_id":522394334,"message":"#加入战场","message_id":13472,"message_type":"group","post_type":"message","raw_message":"#加入战场","self_id":2997400528,"sender":{"age":8,"area":"广州","card":"谭宇-养生式跟打","level":"入门","nickname":"0 4 . 2 2","role":"admin","sex":"male","title":"","user_id":1061917196},"sub_type":"normal","time":1558013482,"user_id":1061917196}
[19-05-16 21:31:25] [PicqBotX] [DEBUG(java.lang.Thread.run:748)] 收到新请求: CQHttp/4.8.0
[19-05-16 21:31:25] [PicqBotX] [DEBUG(java.lang.Thread.run:748)] - 数据: {"anonymous":null,"font":43737992,"group_id":522394334,"message":"#战场启动","message_id":13474,"message_type":"group","post_type":"message","raw_message":"#战场启动","self_id":2997400528,"sender":{"age":8,"area":"广州","card":"谭宇-养生式跟打","level":"入门","nickname":"0 4 . 2 2","role":"admin","sex":"male","title":"","user_id":1061917196},"sub_type":"normal","time":1558013485,"user_id":1061917196}
[19-05-16 21:33:09] [PicqBotX] [DEBUG(java.lang.Thread.run:748)] 收到新请求: CQHttp/4.8.0
[19-05-16 21:33:09] [PicqBotX] [DEBUG(java.lang.Thread.run:748)] - 数据: {"anonymous":null,"font":43648088,"group_id":522394334,"message":"#战场启动","message_id":13480,"message_type":"group","post_type":"message","raw_message":"#战场启动","self_id":2997400528,"sender":{"age":0,"area":"南京","card":"更沉吟-小鹤飞扬","level":"中级","nickname":"[zx|lc]y","role":"member","sex":"male","title":"","user_id":1411390610},"sub_type":"normal","time":1558013588,"user_id":1411390610}
[19-05-16 21:33:16] [PicqBotX] [DEBUG(java.lang.Thread.run:748)] 收到新请求: CQHttp/4.8.0
[19-05-16 21:33:16] [PicqBotX] [DEBUG(java.lang.Thread.run:748)] - 数据: {"anonymous":null,"font":43737672,"group_id":522394334,"message":"#刺激战场","message_id":13482,"message_type":"group","post_type":"message","raw_message":"#刺激战场","self_id":2997400528,"sender":{"age":0,"area":"南京","card":"更沉吟-小鹤飞扬","level":"中级","nickname":"[zx|lc]y","role":"member","sex":"male","title":"","user_id":1411390610},"sub_type":"normal","time":1558013596,"user_id":1411390610}
[19-05-16 21:34:13] [PicqBotX] [DEBUG(java.lang.Thread.run:748)] 收到新请求: CQHttp/4.8.0
