[19-05-18 17:13:03] [PicqBotX] [INFO] 
[19-05-18 17:13:03] [PicqBotX] [INFO]     ____  _            ____        __ _  __
[19-05-18 17:13:03] [PicqBotX] [INFO]    / __ \(_)________ _/ __ )____  / /| |/ /
[19-05-18 17:13:03] [PicqBotX] [INFO]   / /_/ / / ___/ __ `/ __  / __ \/ __/   /
[19-05-18 17:13:03] [PicqBotX] [INFO]  / ____/ / /__/ /_/ / /_/ / /_/ / /_/   |
[19-05-18 17:13:03] [PicqBotX] [INFO] /_/   /_/\___/\__, /_____/\____/\__/_/|_|
[19-05-18 17:13:03] [PicqBotX] [INFO]                 /_/         v3.2.2.896
[19-05-18 17:13:03] [PicqBotX] [INFO] 日志管理器     初始化完成 [******] ...(53.41 ms)
[19-05-18 17:13:03] [PicqBotX] [INFO] 缓存管理器     初始化完成 [******] ...(2.16 ms)
[19-05-18 17:13:03] [PicqBotX] [INFO] DEBUG设置     初始化完成 [******] ...(0.01 ms)
[19-05-18 17:13:03] [PicqBotX] [INFO] 事件管理器     初始化完成 [******] ...(45.66 ms)
[19-05-18 17:13:03] [PicqBotX] [INFO] 账号管理器     初始化完成 [******] ...(1.06 ms)
[19-05-18 17:13:03] [PicqBotX] [INFO] HTTP监听服务器 初始化完成 [******] ...(2.45 ms)
[19-05-18 17:13:03] [PicqBotX] [INFO] 指令管理器     初始化完成 [******] ...(2.31 ms)
[19-05-18 17:13:03] [PicqBotX] [WARNING] 账号 Bot01: 版本正确, 不过用酷Q Pro的话效果更好哦!
[19-05-18 17:13:03] [PicqBotX] [INFO] 账号 Bot01:   版本验证完成!
[19-05-18 17:13:03] [PicqBotX] [INFO] 正在启动...
[19-05-18 17:13:04] [PicqBotX] [DEBUG(java.lang.Thread.run:748)] 收到新请求: CQHttp/4.8.0
[19-05-18 17:13:04] [PicqBotX] [DEBUG(java.lang.Thread.run:748)] - 数据: {"anonymous":null,"font":8469904,"group_id":522394334,"message":"cc(2997400528) 被管理员解除禁言","message_id":18267,"message_type":"group","post_type":"message","raw_message":"cc(2997400528) 被管理员解除禁言","self_id":2997400528,"sender":{"age":0,"nickname":"应用消息","sex":"unknown","user_id":1000000},"sub_type":"notice","time":1558170782,"user_id":1000000}
[19-05-18 17:13:10] [PicqBotX] [DEBUG(java.lang.Thread.run:748)] 收到新请求: CQHttp/4.8.0
[19-05-18 17:13:10] [PicqBotX] [DEBUG(java.lang.Thread.run:748)] - 数据: {"anonymous":null,"font":8469328,"group_id":522394334,"message":"你打“不敢打”吧","message_id":18268,"message_type":"group","post_type":"message","raw_message":"你打“不敢打”吧","self_id":2997400528,"sender":{"age":28,"area":"成都","card":"一枝独秀―谭八风","level":"了解群图书馆","nickname":"云华","role":"member","sex":"male","title":"","user_id":2297714857},"sub_type":"normal","time":1558170790,"user_id":2297714857}
[19-05-18 17:13:14] [PicqBotX] [DEBUG(java.lang.Thread.run:748)] 收到新请求: CQHttp/4.8.0
[19-05-18 17:13:14] [PicqBotX] [DEBUG(java.lang.Thread.run:748)] - 数据: {"anonymous":null,"font":8469392,"group_id":522394334,"message":"成绩 我 我 2019-5-17","message_id":18269,"message_type":"group","post_type":"message","raw_message":"成绩 我 我 2019-5-17","self_id":2997400528,"sender":{"age":8,"area":"广州","card":"谭宇-养生式跟打","level":"入门","nickname":"0 4 . 2 2","role":"admin","sex":"male","title":"","user_id":1061917196},"sub_type":"normal","time":1558170793,"user_id":1061917196}
[19-05-18 17:13:14] [PicqBotX] [DEBUG(java.lang.Thread.run:748)] 收到新请求: CQHttp/4.8.0
[19-05-18 17:13:14] [PicqBotX] [DEBUG(java.lang.Thread.run:748)] - 数据: {"anonymous":null,"font":8469168,"group_id":522394334,"message":"我无2019-05-17在我的成绩","message_id":18270,"message_type":"group","post_type":"message","raw_message":"我无2019-05-17在我的成绩","self_id":2997400528,"sender":{"age":22,"area":"广州","card":"拖拉机人工智障","level":"了解群图文件","nickname":"鹤","role":"member","sex":"female","title":"","user_id":1061917110},"sub_type":"normal","time":1558170794,"user_id":1061917110}
[19-05-18 17:13:17] [PicqBotX] [DEBUG(java.lang.Thread.run:748)] 收到新请求: CQHttp/4.8.0
[19-05-18 17:13:17] [PicqBotX] [DEBUG(java.lang.Thread.run:748)] - 数据: {"anonymous":null,"font":8469296,"group_id":522394334,"message":"用小鹤打","message_id":18272,"message_type":"group","post_type":"message","raw_message":"用小鹤打","self_id":2997400528,"sender":{"age":28,"area":"成都","card":"一枝独秀―谭八风","level":"了解群图书馆","nickname":"云华","role":"member","sex":"male","title":"","user_id":2297714857},"sub_type":"normal","time":1558170797,"user_id":2297714857}
[19-05-18 17:13:21] [PicqBotX] [DEBUG(java.lang.Thread.run:748)] 收到新请求: CQHttp/4.8.0
[19-05-18 17:13:21] [PicqBotX] [DEBUG(java.lang.Thread.run:748)] - 数据: {"anonymous":null,"font":8469968,"group_id":522394334,"message":" 拿文章来才比有说服力","message_id":18273,"message_type":"group","post_type":"message","raw_message":" 拿文章来才比有说服力","self_id":2997400528,"sender":{"age":26,"area":"湖州","card":"飘风-小鹤音形","level":"入门","nickname":"飘风SLG","role":"member","sex":"male","title":"","user_id":869151501},"sub_type":"normal","time":1558170801,"user_id":869151501}
[19-05-18 17:13:21] [PicqBotX] [DEBUG(java.lang.Thread.run:748)] 收到新请求: CQHttp/4.8.0
[19-05-18 17:13:21] [PicqBotX] [DEBUG(java.lang.Thread.run:748)] - 数据: {"anonymous":null,"font":8469328,"group_id":522394334,"message":"bugjd；","message_id":18274,"message_type":"group","post_type":"message","raw_message":"bugjd；","self_id":2997400528,"sender":{"age":0,"area":"","card":"白焕-鹤形","level":"中级","nickname":"杂色a","role":"member","sex":"unknown","title":"","user_id":2524098743},"sub_type":"normal","time":1558170801,"user_id":2524098743}
[19-05-18 17:13:32] [PicqBotX] [DEBUG(java.lang.Thread.run:748)] 收到新请求: CQHttp/4.8.0
[19-05-18 17:13:32] [PicqBotX] [DEBUG(java.lang.Thread.run:748)] - 数据: {"anonymous":null,"font":8470320,"group_id":522394334,"message":"这就是小鹤","message_id":18275,"message_type":"group","post_type":"message","raw_message":"这就是小鹤","self_id":2997400528,"sender":{"age":0,"area":"","card":"白焕-鹤形","level":"中级","nickname":"杂色a","role":"member","sex":"unknown","title":"","user_id":2524098743},"sub_type":"normal","time":1558170812,"user_id":2524098743}
[19-05-18 17:13:35] [PicqBotX] [DEBUG(java.lang.Thread.run:748)] 收到新请求: CQHttp/4.8.0
[19-05-18 17:13:35] [PicqBotX] [DEBUG(java.lang.Thread.run:748)] - 数据: {"anonymous":null,"font":8470544,"group_id":522394334,"message":"不敢打，b空格gjv空格daf","message_id":18276,"message_type":"group","post_type":"message","raw_message":"不敢打，b空格gjv空格daf","self_id":2997400528,"sender":{"age":28,"area":"成都","card":"一枝独秀―谭八风","level":"了解群图书馆","nickname":"云华","role":"member","sex":"male","title":"","user_id":2297714857},"sub_type":"normal","time":1558170815,"user_id":2297714857}
[19-05-18 17:13:39] [PicqBotX] [DEBUG(java.lang.Thread.run:748)] 收到新请求: CQHttp/4.8.0
[19-05-18 17:13:39] [PicqBotX] [DEBUG(java.lang.Thread.run:748)] - 数据: {"anonymous":null,"font":8470736,"group_id":522394334,"message":"空格 ","message_id":18277,"message_type":"group","post_type":"message","raw_message":"空格 ","self_id":2997400528,"sender":{"age":28,"area":"成都","card":"一枝独秀―谭八风","level":"了解群图书馆","nickname":"云华","role":"member","sex":"male","title":"","user_id":2297714857},"sub_type":"normal","time":1558170819,"user_id":2297714857}
[19-05-18 17:13:48] [PicqBotX] [DEBUG(java.lang.Thread.run:748)] 收到新请求: CQHttp/4.8.0
[19-05-18 17:13:48] [PicqBotX] [DEBUG(java.lang.Thread.run:748)] - 数据: {"anonymous":null,"font":8470448,"group_id":522394334,"message":"bugj是词，d次选","message_id":18278,"message_type":"group","post_type":"message","raw_message":"bugj是词，d次选","self_id":2997400528,"sender":{"age":0,"area":"","card":"白焕-鹤形","level":"中级","nickname":"杂色a","role":"member","sex":"unknown","title":"","user_id":2524098743},"sub_type":"normal","time":1558170828,"user_id":2524098743}
[19-05-18 17:13:50] [PicqBotX] [DEBUG(java.lang.Thread.run:748)] 收到新请求: CQHttp/4.8.0
[19-05-18 17:13:50] [PicqBotX] [DEBUG(java.lang.Thread.run:748)] - 数据: {"anonymous":null,"font":8470224,"group_id":522394334,"message":"不敢打","message_id":18279,"message_type":"group","post_type":"message","raw_message":"不敢打","self_id":2997400528,"sender":{"age":0,"area":"","card":"白焕-鹤形","level":"中级","nickname":"杂色a","role":"member","sex":"unknown","title":"","user_id":2524098743},"sub_type":"normal","time":1558170830,"user_id":2524098743}
[19-05-18 17:13:53] [PicqBotX] [DEBUG(java.lang.Thread.run:748)] 收到新请求: CQHttp/4.8.0
[19-05-18 17:13:53] [PicqBotX] [DEBUG(java.lang.Thread.run:748)] - 数据: {"anonymous":null,"font":8470800,"group_id":522394334,"message":"成绩 我 谭宇 2019-5-17","message_id":18280,"message_type":"group","post_type":"message","raw_message":"成绩 我 谭宇 2019-5-17","self_id":2997400528,"sender":{"age":8,"area":"广州","card":"谭宇-养生式跟打","level":"入门","nickname":"0 4 . 2 2","role":"admin","sex":"male","title":"","user_id":1061917196},"sub_type":"normal","time":1558170833,"user_id":1061917196}
[19-05-18 17:13:53] [PicqBotX] [DEBUG(java.lang.Thread.run:748)] 收到新请求: CQHttp/4.8.0
[19-05-18 17:13:53] [PicqBotX] [DEBUG(java.lang.Thread.run:748)] - 数据: {"anonymous":null,"font":8470384,"group_id":522394334,"message":"我无2019-05-17在谭宇的成绩","message_id":18282,"message_type":"group","post_type":"message","raw_message":"我无2019-05-17在谭宇的成绩","self_id":2997400528,"sender":{"age":22,"area":"广州","card":"拖拉机人工智障","level":"了解群图文件","nickname":"鹤","role":"member","sex":"female","title":"","user_id":1061917110},"sub_type":"normal","time":1558170833,"user_id":1061917110}
[19-05-18 17:14:00] [PicqBotX] [DEBUG(java.lang.Thread.run:748)] 收到新请求: CQHttp/4.8.0
[19-05-18 17:14:00] [PicqBotX] [DEBUG(java.lang.Thread.run:748)] - 数据: {"anonymous":null,"font":8470608,"group_id":522394334,"message":"b gjv ","message_id":18283,"message_type":"group","post_type":"message","raw_message":"b gjv ","self_id":2997400528,"sender":{"age":4,"area":"上海","card":"Tualatin-小鹤音形","level":"入门","nickname":"Tualatin","role":"member","sex":"female","title":"","user_id":934693164},"sub_type":"normal","time":1558170840,"user_id":934693164}
[19-05-18 17:14:01] [PicqBotX] [DEBUG(java.lang.Thread.run:748)] 收到新请求: CQHttp/4.8.0
[19-05-18 17:14:01] [PicqBotX] [DEBUG(java.lang.Thread.run:748)] - 数据: {"anonymous":null,"font":8470384,"group_id":723795668,"message":"这个是“千”，还是“干”。","message_id":18284,"message_type":"group","post_type":"message","raw_message":"这个是“千”，还是“干”。","self_id":2997400528,"sender":{"age":29,"area":"","card":"L-小鹤双拼","level":"特级大师","nickname":"ave","role":"member","sex":"male","title":"","user_id":3222819267},"sub_type":"normal","time":1558170841,"user_id":3222819267}
[19-05-18 17:14:06] [PicqBotX] [DEBUG(java.lang.Thread.run:748)] 收到新请求: CQHttp/4.8.0
[19-05-18 17:14:06] [PicqBotX] [DEBUG(java.lang.Thread.run:748)] - 数据: {"anonymous":null,"font":8470768,"group_id":522394334,"message":"设置名片 谭宇","message_id":18285,"message_type":"group","post_type":"message","raw_message":"设置名片 谭宇","self_id":2997400528,"sender":{"age":8,"area":"广州","card":"谭宇-养生式跟打","level":"入门","nickname":"0 4 . 2 2","role":"admin","sex":"male","title":"","user_id":1061917196},"sub_type":"normal","time":1558170846,"user_id":1061917196}
[19-05-18 17:14:07] [PicqBotX] [DEBUG(java.lang.Thread.run:748)] 收到新请求: CQHttp/4.8.0
[19-05-18 17:14:07] [PicqBotX] [DEBUG(java.lang.Thread.run:748)] - 数据: {"anonymous":null,"font":8470928,"group_id":522394334,"message":"[CQ:at,qq=1061917196]\r\n已存在相同用户名 Q号为：1061917196","message_id":18287,"message_type":"group","post_type":"message","raw_message":"[CQ:at,qq=1061917196]\r\n已存在相同用户名 Q号为：1061917196","self_id":2997400528,"sender":{"age":22,"area":"广州","card":"拖拉机人工智障","level":"了解群图文件","nickname":"鹤","role":"member","sex":"female","title":"","user_id":1061917110},"sub_type":"normal","time":1558170847,"user_id":1061917110}
[19-05-18 17:14:11] [PicqBotX] [DEBUG(java.lang.Thread.run:748)] 收到新请求: CQHttp/4.8.0
[19-05-18 17:14:11] [PicqBotX] [DEBUG(java.lang.Thread.run:748)] - 数据: {"anonymous":null,"font":8470448,"group_id":522394334,"message":"[CQ:at,qq=2297714857] 这是有词不打，打单的方法[CQ:face,id=178]","message_id":18288,"message_type":"group","post_type":"message","raw_message":"[CQ:at,qq=2297714857] 这是有词不打，打单的方法[CQ:face,id=178]","self_id":2997400528,"sender":{"age":0,"area":"","card":"白焕-鹤形","level":"中级","nickname":"杂色a","role":"member","sex":"unknown","title":"","user_id":2524098743},"sub_type":"normal","time":1558170851,"user_id":2524098743}
[19-05-18 17:14:15] [PicqBotX] [DEBUG(java.lang.Thread.run:748)] 收到新请求: CQHttp/4.8.0
[19-05-18 17:14:15] [PicqBotX] [DEBUG(java.lang.Thread.run:748)] - 数据: {"anonymous":null,"font":8470128,"group_id":522394334,"message":"成绩 我 谭宇 2019-5-17","message_id":18289,"message_type":"group","post_type":"message","raw_message":"成绩 我 谭宇 2019-5-17","self_id":2997400528,"sender":{"age":8,"area":"广州","card":"谭宇-养生式跟打","level":"入门","nickname":"0 4 . 2 2","role":"admin","sex":"male","title":"","user_id":1061917196},"sub_type":"normal","time":1558170855,"user_id":1061917196}
[19-05-18 17:14:16] [PicqBotX] [DEBUG(java.lang.Thread.run:748)] 收到新请求: CQHttp/4.8.0
[19-05-18 17:14:16] [PicqBotX] [DEBUG(java.lang.Thread.run:748)] - 数据: {"anonymous":null,"font":8470352,"group_id":522394334,"message":"我无2019-05-17在谭宇的成绩","message_id":18291,"message_type":"group","post_type":"message","raw_message":"我无2019-05-17在谭宇的成绩","self_id":2997400528,"sender":{"age":22,"area":"广州","card":"拖拉机人工智障","level":"了解群图文件","nickname":"鹤","role":"member","sex":"female","title":"","user_id":1061917110},"sub_type":"normal","time":1558170856,"user_id":1061917110}
[19-05-18 17:14:17] [PicqBotX] [DEBUG(java.lang.Thread.run:748)] 收到新请求: CQHttp/4.8.0
[19-05-18 17:14:17] [PicqBotX] [DEBUG(java.lang.Thread.run:748)] - 数据: {"anonymous":null,"font":8470448,"group_id":522394334,"message":"不敢打bugjdaf空格","message_id":18292,"message_type":"group","post_type":"message","raw_message":"不敢打bugjdaf空格","self_id":2997400528,"sender":{"age":28,"area":"成都","card":"一枝独秀―谭八风","level":"了解群图书馆","nickname":"云华","role":"member","sex":"male","title":"","user_id":2297714857},"sub_type":"normal","time":1558170857,"user_id":2297714857}
[19-05-18 17:14:24] [PicqBotX] [DEBUG(java.lang.Thread.run:748)] 收到新请求: CQHttp/4.8.0
[19-05-18 17:14:24] [PicqBotX] [DEBUG(java.lang.Thread.run:748)] - 数据: {"anonymous":null,"font":8470736,"group_id":522394334,"message":"鹤(1061917110) 被管理员禁言1小时","message_id":18293,"message_type":"group","post_type":"message","raw_message":"鹤(1061917110) 被管理员禁言1小时","self_id":2997400528,"sender":{"age":0,"nickname":"应用消息","sex":"unknown","user_id":1000000},"sub_type":"notice","time":1558170864,"user_id":1000000}
[19-05-18 17:14:26] [PicqBotX] [DEBUG(java.lang.Thread.run:748)] 收到新请求: CQHttp/4.8.0
[19-05-18 17:14:26] [PicqBotX] [DEBUG(java.lang.Thread.run:748)] - 数据: {"anonymous":null,"font":8470768,"group_id":522394334,"message":"你数数多少 ","message_id":18294,"message_type":"group","post_type":"message","raw_message":"你数数多少 ","self_id":2997400528,"sender":{"age":28,"area":"成都","card":"一枝独秀―谭八风","level":"了解群图书馆","nickname":"云华","role":"member","sex":"male","title":"","user_id":2297714857},"sub_type":"normal","time":1558170866,"user_id":2297714857}
[19-05-18 17:14:27] [PicqBotX] [DEBUG(java.lang.Thread.run:748)] 收到新请求: CQHttp/4.8.0
[19-05-18 17:14:27] [PicqBotX] [DEBUG(java.lang.Thread.run:748)] - 数据: {"anonymous":null,"font":8470928,"group_id":723795668,"message":"[CQ:image,file=1ABF73A667B649B08928A64D5CE9186F.jpg,url=https://gchat.qpic.cn/gchatpic_new/3222819267/723795668-2269027747-1ABF73A667B649B08928A64D5CE9186F/0?vuin=2997400528&amp;term=2]","message_id":18295,"message_type":"group","post_type":"message","raw_message":"[CQ:image,file=1ABF73A667B649B08928A64D5CE9186F.jpg]","self_id":2997400528,"sender":{"age":29,"area":"","card":"L-小鹤双拼","level":"特级大师","nickname":"ave","role":"member","sex":"male","title":"","user_id":3222819267},"sub_type":"normal","time":1558170867,"user_id":3222819267}
[19-05-18 17:14:27] [PicqBotX] [DEBUG(java.lang.Thread.run:748)] 收到新请求: CQHttp/4.8.0
[19-05-18 17:14:27] [PicqBotX] [DEBUG(java.lang.Thread.run:748)] - 数据: {"anonymous":null,"font":8470800,"group_id":522394334,"message":"成绩 我 谭宇 2019-5-17","message_id":18296,"message_type":"group","post_type":"message","raw_message":"成绩 我 谭宇 2019-5-17","self_id":2997400528,"sender":{"age":8,"area":"广州","card":"谭宇-养生式跟打","level":"入门","nickname":"0 4 . 2 2","role":"admin","sex":"male","title":"","user_id":1061917196},"sub_type":"normal","time":1558170867,"user_id":1061917196}
[19-05-18 17:14:34] [PicqBotX] [DEBUG(java.lang.Thread.run:748)] 收到新请求: CQHttp/4.8.0
[19-05-18 17:14:34] [PicqBotX] [DEBUG(java.lang.Thread.run:748)] - 数据: {"anonymous":null,"font":8470128,"group_id":522394334,"message":"成绩 谭宇 我 2019-5-17","message_id":18298,"message_type":"group","post_type":"message","raw_message":"成绩 谭宇 我 2019-5-17","self_id":2997400528,"sender":{"age":8,"area":"广州","card":"谭宇-养生式跟打","level":"入门","nickname":"0 4 . 2 2","role":"admin","sex":"male","title":"","user_id":1061917196},"sub_type":"normal","time":1558170874,"user_id":1061917196}
[19-05-18 17:14:37] [PicqBotX] [DEBUG(java.lang.Thread.run:748)] 收到新请求: CQHttp/4.8.0
[19-05-18 17:14:37] [PicqBotX] [DEBUG(java.lang.Thread.run:748)] - 数据: {"anonymous":null,"font":8470960,"group_id":522394334,"message":"[CQ:face,id=178]","message_id":18300,"message_type":"group","post_type":"message","raw_message":"[CQ:face,id=178]","self_id":2997400528,"sender":{"age":0,"area":"","card":"白焕-鹤形","level":"中级","nickname":"杂色a","role":"member","sex":"unknown","title":"","user_id":2524098743},"sub_type":"normal","time":1558170877,"user_id":2524098743}
[19-05-18 17:14:44] [PicqBotX] [DEBUG(java.lang.Thread.run:748)] 收到新请求: CQHttp/4.8.0
[19-05-18 17:14:44] [PicqBotX] [DEBUG(java.lang.Thread.run:748)] - 数据: {"anonymous":null,"font":8470832,"group_id":522394334,"message":"八击键","message_id":18301,"message_type":"group","post_type":"message","raw_message":"八击键","self_id":2997400528,"sender":{"age":28,"area":"成都","card":"一枝独秀―谭八风","level":"了解群图书馆","nickname":"云华","role":"member","sex":"male","title":"","user_id":2297714857},"sub_type":"normal","time":1558170884,"user_id":2297714857}
[19-05-18 17:14:44] [PicqBotX] [DEBUG(java.lang.Thread.run:748)] 收到新请求: CQHttp/4.8.0
[19-05-18 17:14:44] [PicqBotX] [DEBUG(java.lang.Thread.run:748)] - 数据: {"anonymous":null,"font":8470832,"group_id":522394334,"message":"[CQ:image,file=0A51674A0B85AE286F867FF44F627AE5.jpg,url=https://gchat.qpic.cn/gchatpic_new/2524098743/522394334-2333224455-0A51674A0B85AE286F867FF44F627AE5/0?vuin=2997400528&amp;term=2]","message_id":18302,"message_type":"group","post_type":"message","raw_message":"[CQ:image,file=0A51674A0B85AE286F867FF44F627AE5.jpg]","self_id":2997400528,"sender":{"age":0,"area":"","card":"白焕-鹤形","level":"中级","nickname":"杂色a","role":"member","sex":"unknown","title":"","user_id":2524098743},"sub_type":"normal","time":1558170884,"user_id":2524098743}
[19-05-18 17:14:45] [PicqBotX] [DEBUG(java.lang.Thread.run:748)] 收到新请求: CQHttp/4.8.0
[19-05-18 17:14:45] [PicqBotX] [DEBUG(java.lang.Thread.run:748)] - 数据: {"anonymous":null,"font":8470960,"group_id":522394334,"message":"老弟","message_id":18303,"message_type":"group","post_type":"message","raw_message":"老弟","self_id":2997400528,"sender":{"age":0,"area":"","card":"白焕-鹤形","level":"中级","nickname":"杂色a","role":"member","sex":"unknown","title":"","user_id":2524098743},"sub_type":"normal","time":1558170885,"user_id":2524098743}
[19-05-18 17:14:46] [PicqBotX] [DEBUG(java.lang.Thread.run:748)] 收到新请求: CQHttp/4.8.0
[19-05-18 17:14:46] [PicqBotX] [DEBUG(java.lang.Thread.run:748)] - 数据: {"anonymous":null,"font":8470864,"group_id":522394334,"message":"设置名片 谭宇","message_id":18304,"message_type":"group","post_type":"message","raw_message":"设置名片 谭宇","self_id":2997400528,"sender":{"age":8,"area":"广州","card":"谭宇-养生式跟打","level":"入门","nickname":"0 4 . 2 2","role":"admin","sex":"male","title":"","user_id":1061917196},"sub_type":"normal","time":1558170886,"user_id":1061917196}
[19-05-18 17:14:49] [PicqBotX] [DEBUG(java.lang.Thread.run:748)] 收到新请求: CQHttp/4.8.0
[19-05-18 17:14:49] [PicqBotX] [DEBUG(java.lang.Thread.run:748)] - 数据: {"anonymous":null,"font":8470064,"group_id":522394334,"message":"8编码，3字","message_id":18306,"message_type":"group","post_type":"message","raw_message":"8编码，3字","self_id":2997400528,"sender":{"age":0,"area":"","card":"青铜・Qtss","level":"了解群图书馆","nickname":"青 铜","role":"member","sex":"unknown","title":"","user_id":949402006},"sub_type":"normal","time":1558170889,"user_id":949402006}
[19-05-18 17:14:49] [PicqBotX] [DEBUG(java.lang.Thread.run:748)] 收到新请求: CQHttp/4.8.0
[19-05-18 17:14:49] [PicqBotX] [DEBUG(java.lang.Thread.run:748)] - 数据: {"anonymous":null,"font":8470128,"group_id":522394334,"message":"你跟我说六击键","message_id":18307,"message_type":"group","post_type":"message","raw_message":"你跟我说六击键","self_id":2997400528,"sender":{"age":28,"area":"成都","card":"一枝独秀―谭八风","level":"了解群图书馆","nickname":"云华","role":"member","sex":"male","title":"","user_id":2297714857},"sub_type":"normal","time":1558170889,"user_id":2297714857}
[19-05-18 17:14:50] [PicqBotX] [DEBUG(java.lang.Thread.run:748)] 收到新请求: CQHttp/4.8.0
[19-05-18 17:14:50] [PicqBotX] [DEBUG(java.lang.Thread.run:748)] - 数据: {"anonymous":null,"font":8470864,"group_id":522394334,"message":"看图","message_id":18308,"message_type":"group","post_type":"message","raw_message":"看图","self_id":2997400528,"sender":{"age":0,"area":"","card":"白焕-鹤形","level":"中级","nickname":"杂色a","role":"member","sex":"unknown","title":"","user_id":2524098743},"sub_type":"normal","time":1558170890,"user_id":2524098743}
[19-05-18 17:14:58] [PicqBotX] [DEBUG(java.lang.Thread.run:748)] 收到新请求: CQHttp/4.8.0
[19-05-18 17:14:58] [PicqBotX] [DEBUG(java.lang.Thread.run:748)] - 数据: {"anonymous":null,"font":8470256,"group_id":522394334,"message":"搜狗加空格只要六码","message_id":18309,"message_type":"group","post_type":"message","raw_message":"搜狗加空格只要六码","self_id":2997400528,"sender":{"age":28,"area":"成都","card":"一枝独秀―谭八风","level":"了解群图书馆","nickname":"云华","role":"member","sex":"male","title":"","user_id":2297714857},"sub_type":"normal","time":1558170898,"user_id":2297714857}
[19-05-18 17:15:00] [PicqBotX] [DEBUG(java.lang.Thread.run:748)] 收到新请求: CQHttp/4.8.0
[19-05-18 17:15:00] [PicqBotX] [DEBUG(java.lang.Thread.run:748)] - 数据: {"anonymous":null,"font":8470320,"group_id":522394334,"message":"我录视频好不嘛","message_id":18310,"message_type":"group","post_type":"message","raw_message":"我录视频好不嘛","self_id":2997400528,"sender":{"age":0,"area":"","card":"白焕-鹤形","level":"中级","nickname":"杂色a","role":"member","sex":"unknown","title":"","user_id":2524098743},"sub_type":"normal","time":1558170900,"user_id":2524098743}
[19-05-18 17:15:01] [PicqBotX] [DEBUG(java.lang.Thread.run:748)] 收到新请求: CQHttp/4.8.0
[19-05-18 17:15:01] [PicqBotX] [DEBUG(java.lang.Thread.run:748)] - 数据: {"anonymous":null,"font":8470480,"group_id":522394334,"message":"成绩 谭宇 我 2019-5-17","message_id":18311,"message_type":"group","post_type":"message","raw_message":"成绩 谭宇 我 2019-5-17","self_id":2997400528,"sender":{"age":8,"area":"广州","card":"谭宇-养生式跟打","level":"入门","nickname":"0 4 . 2 2","role":"admin","sex":"male","title":"","user_id":1061917196},"sub_type":"normal","time":1558170901,"user_id":1061917196}
[19-05-18 17:15:03] [PicqBotX] [DEBUG(java.lang.Thread.run:748)] 收到新请求: CQHttp/4.8.0
[19-05-18 17:15:03] [PicqBotX] [DEBUG(java.lang.Thread.run:748)] - 数据: {"anonymous":null,"font":8470352,"group_id":522394334,"message":"我怎么比小鹤多了","message_id":18313,"message_type":"group","post_type":"message","raw_message":"我怎么比小鹤多了","self_id":2997400528,"sender":{"age":28,"area":"成都","card":"一枝独秀―谭八风","level":"了解群图书馆","nickname":"云华","role":"member","sex":"male","title":"","user_id":2297714857},"sub_type":"normal","time":1558170903,"user_id":2297714857}
[19-05-18 17:15:07] [PicqBotX] [DEBUG(java.lang.Thread.run:748)] 收到新请求: CQHttp/4.8.0
[19-05-18 17:15:07] [PicqBotX] [DEBUG(java.lang.Thread.run:748)] - 数据: {"anonymous":null,"font":8470768,"group_id":723795668,"message":"好多字不认识。","message_id":18314,"message_type":"group","post_type":"message","raw_message":"好多字不认识。","self_id":2997400528,"sender":{"age":29,"area":"","card":"L-小鹤双拼","level":"特级大师","nickname":"ave","role":"member","sex":"male","title":"","user_id":3222819267},"sub_type":"normal","time":1558170907,"user_id":3222819267}
[19-05-18 17:15:11] [PicqBotX] [DEBUG(java.lang.Thread.run:748)] 收到新请求: CQHttp/4.8.0
[19-05-18 17:15:11] [PicqBotX] [DEBUG(java.lang.Thread.run:748)] - 数据: {"anonymous":null,"font":8470768,"group_id":522394334,"message":"设置名片 谭宇","message_id":18315,"message_type":"group","post_type":"message","raw_message":"设置名片 谭宇","self_id":2997400528,"sender":{"age":8,"area":"广州","card":"谭宇-养生式跟打","level":"入门","nickname":"0 4 . 2 2","role":"admin","sex":"male","title":"","user_id":1061917196},"sub_type":"normal","time":1558170911,"user_id":1061917196}
[19-05-18 17:15:13] [PicqBotX] [DEBUG(java.lang.Thread.run:748)] 收到新请求: CQHttp/4.8.0
[19-05-18 17:15:13] [PicqBotX] [DEBUG(java.lang.Thread.run:748)] - 数据: {"anonymous":null,"font":8470896,"group_id":522394334,"message":"[CQ:image,file=2D09D07E00AD5FA104863B212DD13677.png,url=https://gchat.qpic.cn/gchatpic_new/2297714857/522394334-2532195201-2D09D07E00AD5FA104863B212DD13677/0?vuin=2997400528&amp;term=2]不讲道理嘛真的","message_id":18317,"message_type":"group","post_type":"message","raw_message":"[CQ:image,file=2D09D07E00AD5FA104863B212DD13677.png]不讲道理嘛真的","self_id":2997400528,"sender":{"age":28,"area":"成都","card":"一枝独秀―谭八风","level":"了解群图书馆","nickname":"云华","role":"member","sex":"male","title":"","user_id":2297714857},"sub_type":"normal","time":1558170913,"user_id":2297714857}
[19-05-18 17:15:21] [PicqBotX] [DEBUG(java.lang.Thread.run:748)] 收到新请求: CQHttp/4.8.0
[19-05-18 17:15:21] [PicqBotX] [DEBUG(java.lang.Thread.run:748)] - 数据: {"anonymous":null,"font":8470608,"group_id":522394334,"message":"不敢打","message_id":18318,"message_type":"group","post_type":"message","raw_message":"不敢打","self_id":2997400528,"sender":{"age":0,"area":"","card":"白焕-鹤形","level":"中级","nickname":"杂色a","role":"member","sex":"unknown","title":"","user_id":2524098743},"sub_type":"normal","time":1558170921,"user_id":2524098743}
[19-05-18 17:15:31] [PicqBotX] [DEBUG(java.lang.Thread.run:748)] 收到新请求: CQHttp/4.8.0
[19-05-18 17:15:31] [PicqBotX] [DEBUG(java.lang.Thread.run:748)] - 数据: {"anonymous":null,"font":8470064,"group_id":522394334,"message":"&#91;视频&#93;你的QQ暂不支持查看视频短片，请升级到最新版本后查看。","message_id":18319,"message_type":"group","post_type":"message","raw_message":"&#91;视频&#93;你的QQ暂不支持查看视频短片，请升级到最新版本后查看。","self_id":2997400528,"sender":{"age":0,"area":"","card":"白焕-鹤形","level":"中级","nickname":"杂色a","role":"member","sex":"unknown","title":"","user_id":2524098743},"sub_type":"normal","time":1558170931,"user_id":2524098743}
[19-05-18 17:15:37] [PicqBotX] [DEBUG(java.lang.Thread.run:748)] 收到新请求: CQHttp/4.8.0
[19-05-18 17:15:37] [PicqBotX] [DEBUG(java.lang.Thread.run:748)] - 数据: {"anonymous":null,"font":8470576,"group_id":522394334,"message":"仔细看","message_id":18320,"message_type":"group","post_type":"message","raw_message":"仔细看","self_id":2997400528,"sender":{"age":0,"area":"","card":"白焕-鹤形","level":"中级","nickname":"杂色a","role":"member","sex":"unknown","title":"","user_id":2524098743},"sub_type":"normal","time":1558170937,"user_id":2524098743}
[19-05-18 17:15:40] [PicqBotX] [DEBUG(java.lang.Thread.run:748)] 收到新请求: CQHttp/4.8.0
[19-05-18 17:15:40] [PicqBotX] [DEBUG(java.lang.Thread.run:748)] - 数据: {"anonymous":null,"font":8470448,"group_id":522394334,"message":"bugjd;  6编码","message_id":18321,"message_type":"group","post_type":"message","raw_message":"bugjd;  6编码","self_id":2997400528,"sender":{"age":0,"area":"","card":"青铜・Qtss","level":"了解群图书馆","nickname":"青 铜","role":"member","sex":"unknown","title":"","user_id":949402006},"sub_type":"normal","time":1558170940,"user_id":949402006}
[19-05-18 17:15:40] [PicqBotX] [DEBUG(java.lang.Thread.run:748)] 收到新请求: CQHttp/4.8.0
[19-05-18 17:15:40] [PicqBotX] [DEBUG(java.lang.Thread.run:748)] - 数据: {"anonymous":null,"font":8470320,"group_id":522394334,"message":"我慢慢打的","message_id":18322,"message_type":"group","post_type":"message","raw_message":"我慢慢打的","self_id":2997400528,"sender":{"age":0,"area":"","card":"白焕-鹤形","level":"中级","nickname":"杂色a","role":"member","sex":"unknown","title":"","user_id":2524098743},"sub_type":"normal","time":1558170940,"user_id":2524098743}
[19-05-18 17:15:44] [PicqBotX] [DEBUG(java.lang.Thread.run:748)] 收到新请求: CQHttp/4.8.0
[19-05-18 17:15:44] [PicqBotX] [DEBUG(java.lang.Thread.run:748)] - 数据: {"anonymous":null,"font":8470448,"group_id":522394334,"message":"设置名片 谭宇","message_id":18323,"message_type":"group","post_type":"message","raw_message":"设置名片 谭宇","self_id":2997400528,"sender":{"age":8,"area":"广州","card":"谭宇-养生式跟打","level":"入门","nickname":"0 4 . 2 2","role":"admin","sex":"male","title":"","user_id":1061917196},"sub_type":"normal","time":1558170944,"user_id":1061917196}
[19-05-18 17:15:58] [PicqBotX] [DEBUG(java.lang.Thread.run:748)] 收到新请求: CQHttp/4.8.0
[19-05-18 17:15:58] [PicqBotX] [DEBUG(java.lang.Thread.run:748)] - 数据: {"anonymous":null,"font":8470064,"group_id":522394334,"message":"搜狗是bgjd空格，五码","message_id":18325,"message_type":"group","post_type":"message","raw_message":"搜狗是bgjd空格，五码","self_id":2997400528,"sender":{"age":28,"area":"成都","card":"一枝独秀―谭八风","level":"了解群图书馆","nickname":"云华","role":"member","sex":"male","title":"","user_id":2297714857},"sub_type":"normal","time":1558170958,"user_id":2297714857}
[19-05-18 17:16:09] [PicqBotX] [DEBUG(java.lang.Thread.run:748)] 收到新请求: CQHttp/4.8.0
