[19-05-12 15:20:30] [PicqBotX] [INFO] 
[19-05-12 15:20:30] [PicqBotX] [INFO]     ____  _            ____        __ _  __
[19-05-12 15:20:30] [PicqBotX] [INFO]    / __ \(_)________ _/ __ )____  / /| |/ /
[19-05-12 15:20:30] [PicqBotX] [INFO]   / /_/ / / ___/ __ `/ __  / __ \/ __/   /
[19-05-12 15:20:30] [PicqBotX] [INFO]  / ____/ / /__/ /_/ / /_/ / /_/ / /_/   |
[19-05-12 15:20:30] [PicqBotX] [INFO] /_/   /_/\___/\__, /_____/\____/\__/_/|_|
[19-05-12 15:20:30] [PicqBotX] [INFO]                 /_/         v3.2.2.896
[19-05-12 15:20:30] [PicqBotX] [INFO] 日志管理器     初始化完成 [******] ...(34.77 ms)
[19-05-12 15:20:30] [PicqBotX] [INFO] 缓存管理器     初始化完成 [******] ...(2.28 ms)
[19-05-12 15:20:30] [PicqBotX] [INFO] DEBUG设置     初始化完成 [******] ...(0.01 ms)
[19-05-12 15:20:30] [PicqBotX] [INFO] 事件管理器     初始化完成 [******] ...(30.02 ms)
[19-05-12 15:20:30] [PicqBotX] [INFO] 账号管理器     初始化完成 [******] ...(1.2 ms)
[19-05-12 15:20:30] [PicqBotX] [INFO] HTTP监听服务器 初始化完成 [******] ...(3.7 ms)
[19-05-12 15:20:31] [PicqBotX] [INFO] 指令管理器     初始化完成 [******] ...(1.64 ms)
[19-05-12 15:20:31] [PicqBotX] [WARNING] 账号 Bot01: 版本正确, 不过用酷Q Pro的话效果更好哦!
[19-05-12 15:20:31] [PicqBotX] [INFO] 账号 Bot01:   版本验证完成!
[19-05-12 15:20:31] [PicqBotX] [INFO] 正在启动...
[19-05-12 15:20:33] [PicqBotX] [DEBUG(java.lang.Thread.run:748)] 收到新请求: CQHttp/4.8.0
[19-05-12 15:20:33] [PicqBotX] [DEBUG(java.lang.Thread.run:748)] - 数据: {"font":7918464,"message":"查 123","message_id":5361,"message_type":"private","post_type":"message","raw_message":"查 123","self_id":2997400528,"sender":{"age":8,"nickname":"0 4 . 2 2","sex":"male","user_id":1061917196},"sub_type":"friend","time":1557645633,"user_id":1061917196}
[19-05-12 15:20:59] [PicqBotX] [DEBUG(java.lang.Thread.run:748)] 收到新请求: CQHttp/4.8.0
