[19-05-15 20:09:38] [PicqBotX] [INFO] 
[19-05-15 20:09:38] [PicqBotX] [INFO]     ____  _            ____        __ _  __
[19-05-15 20:09:38] [PicqBotX] [INFO]    / __ \(_)________ _/ __ )____  / /| |/ /
[19-05-15 20:09:38] [PicqBotX] [INFO]   / /_/ / / ___/ __ `/ __  / __ \/ __/   /
[19-05-15 20:09:38] [PicqBotX] [INFO]  / ____/ / /__/ /_/ / /_/ / /_/ / /_/   |
[19-05-15 20:09:38] [PicqBotX] [INFO] /_/   /_/\___/\__, /_____/\____/\__/_/|_|
[19-05-15 20:09:38] [PicqBotX] [INFO]                 /_/         v3.2.2.896
[19-05-15 20:09:38] [PicqBotX] [INFO] 日志管理器     初始化完成 [******] ...(36.22 ms)
[19-05-15 20:09:38] [PicqBotX] [INFO] 缓存管理器     初始化完成 [******] ...(2.81 ms)
[19-05-15 20:09:38] [PicqBotX] [INFO] DEBUG设置     初始化完成 [******] ...(0.01 ms)
[19-05-15 20:09:38] [PicqBotX] [INFO] 事件管理器     初始化完成 [******] ...(36.44 ms)
[19-05-15 20:09:38] [PicqBotX] [INFO] 账号管理器     初始化完成 [******] ...(1.05 ms)
[19-05-15 20:09:38] [PicqBotX] [INFO] HTTP监听服务器 初始化完成 [******] ...(1.46 ms)
[19-05-15 20:09:38] [PicqBotX] [INFO] 指令管理器     初始化完成 [******] ...(1.62 ms)
[19-05-15 20:09:38] [PicqBotX] [WARNING] 账号 Bot01: 版本正确, 不过用酷Q Pro的话效果更好哦!
[19-05-15 20:09:38] [PicqBotX] [INFO] 账号 Bot01:   版本验证完成!
[19-05-15 20:09:38] [PicqBotX] [INFO] 正在启动...
[19-05-15 20:09:41] [PicqBotX] [DEBUG(java.lang.Thread.run:748)] 收到新请求: CQHttp/4.8.0
[19-05-15 20:09:41] [PicqBotX] [DEBUG(java.lang.Thread.run:748)] - 数据: {"anonymous":null,"font":7379008,"group_id":522394334,"message":"他是真的说不出话","message_id":11843,"message_type":"group","post_type":"message","raw_message":"他是真的说不出话","self_id":2997400528,"sender":{"age":8,"area":"广州","card":"谭宇-养生式跟打","level":"入门","nickname":"0 4 . 2 2","role":"admin","sex":"male","title":"","user_id":1061917196},"sub_type":"normal","time":1557922181,"user_id":1061917196}
[19-05-15 20:09:42] [PicqBotX] [DEBUG(java.lang.Thread.run:748)] 收到新请求: CQHttp/4.8.0
[19-05-15 20:09:42] [PicqBotX] [DEBUG(java.lang.Thread.run:748)] - 数据: {"anonymous":null,"font":7378944,"group_id":522394334,"message":"成绩 晴天 谭宇 2019-5-15","message_id":11844,"message_type":"group","post_type":"message","raw_message":"成绩 晴天 谭宇 2019-5-15","self_id":2997400528,"sender":{"age":8,"area":"广州","card":"谭宇-养生式跟打","level":"入门","nickname":"0 4 . 2 2","role":"admin","sex":"male","title":"","user_id":1061917196},"sub_type":"normal","time":1557922182,"user_id":1061917196}
[19-05-15 20:09:50] [PicqBotX] [DEBUG(java.lang.Thread.run:748)] 收到新请求: CQHttp/4.8.0
[19-05-15 20:09:50] [PicqBotX] [DEBUG(java.lang.Thread.run:748)] - 数据: {"anonymous":null,"font":7178864,"group_id":522394334,"message":"[CQ:image,file=59ECC08098922F373D93A79FF6E0B170.jpg,url=https://gchat.qpic.cn/gchatpic_new/779855010/522394334-3186846541-59ECC08098922F373D93A79FF6E0B170/0?vuin=2997400528&amp;term=2]","message_id":11846,"message_type":"group","post_type":"message","raw_message":"[CQ:image,file=59ECC08098922F373D93A79FF6E0B170.jpg]","self_id":2997400528,"sender":{"age":0,"area":"广州","card":"无聊-小鹤音形","level":"中级","nickname":"无聊","role":"member","sex":"male","title":"","user_id":779855010},"sub_type":"normal","time":1557922190,"user_id":779855010}
[19-05-15 20:10:08] [PicqBotX] [DEBUG(java.lang.Thread.run:748)] 收到新请求: CQHttp/4.8.0
[19-05-15 20:10:08] [PicqBotX] [DEBUG(java.lang.Thread.run:748)] - 数据: {"anonymous":null,"font":7378368,"group_id":522394334,"message":"成绩 谭宇 晴天 2019-5-15","message_id":11847,"message_type":"group","post_type":"message","raw_message":"成绩 谭宇 晴天 2019-5-15","self_id":2997400528,"sender":{"age":8,"area":"广州","card":"谭宇-养生式跟打","level":"入门","nickname":"0 4 . 2 2","role":"admin","sex":"male","title":"","user_id":1061917196},"sub_type":"normal","time":1557922208,"user_id":1061917196}
[19-05-15 20:10:12] [PicqBotX] [DEBUG(java.lang.Thread.run:748)] 收到新请求: CQHttp/4.8.0
[19-05-15 20:10:12] [PicqBotX] [DEBUG(java.lang.Thread.run:748)] - 数据: {"anonymous":null,"font":7178768,"group_id":522394334,"message":"我给打反了","message_id":11849,"message_type":"group","post_type":"message","raw_message":"我给打反了","self_id":2997400528,"sender":{"age":8,"area":"广州","card":"谭宇-养生式跟打","level":"入门","nickname":"0 4 . 2 2","role":"admin","sex":"male","title":"","user_id":1061917196},"sub_type":"normal","time":1557922212,"user_id":1061917196}
[19-05-15 20:10:15] [PicqBotX] [DEBUG(java.lang.Thread.run:748)] 收到新请求: CQHttp/4.8.0
[19-05-15 20:10:15] [PicqBotX] [DEBUG(java.lang.Thread.run:748)] - 数据: {"anonymous":null,"font":7379008,"group_id":522394334,"message":"炸了","message_id":11850,"message_type":"group","post_type":"message","raw_message":"炸了","self_id":2997400528,"sender":{"age":8,"area":"广州","card":"谭宇-养生式跟打","level":"入门","nickname":"0 4 . 2 2","role":"admin","sex":"male","title":"","user_id":1061917196},"sub_type":"normal","time":1557922215,"user_id":1061917196}
[19-05-15 20:10:34] [PicqBotX] [DEBUG(java.lang.Thread.run:748)] 收到新请求: CQHttp/4.8.0
[19-05-15 20:10:34] [PicqBotX] [DEBUG(java.lang.Thread.run:748)] - 数据: {"anonymous":null,"font":7378688,"group_id":522394334,"message":"赛文 晴天 2019-5-15","message_id":11851,"message_type":"group","post_type":"message","raw_message":"赛文 晴天 2019-5-15","self_id":2997400528,"sender":{"age":8,"area":"广州","card":"谭宇-养生式跟打","level":"入门","nickname":"0 4 . 2 2","role":"admin","sex":"male","title":"","user_id":1061917196},"sub_type":"normal","time":1557922234,"user_id":1061917196}
[19-05-15 20:10:51] [PicqBotX] [DEBUG(java.lang.Thread.run:748)] 收到新请求: CQHttp/4.8.0
[19-05-15 20:10:51] [PicqBotX] [DEBUG(java.lang.Thread.run:748)] - 数据: {"anonymous":null,"font":7177936,"group_id":556981260,"message":"没人测试吗","message_id":11853,"message_type":"group","post_type":"message","raw_message":"没人测试吗","self_id":2997400528,"sender":{"age":27,"area":"武汉","card":"随心-小鹤拼音","level":"死飞单车","nickname":"№默☆伤♂","role":"member","sex":"male","title":"","user_id":1101721752},"sub_type":"normal","time":1557922251,"user_id":1101721752}
[19-05-15 20:10:58] [PicqBotX] [DEBUG(java.lang.Thread.run:748)] 收到新请求: CQHttp/4.8.0
[19-05-15 20:10:58] [PicqBotX] [DEBUG(java.lang.Thread.run:748)] - 数据: {"anonymous":null,"font":7378656,"group_id":556981260,"message":"就没有人比我还老年的人吗","message_id":11854,"message_type":"group","post_type":"message","raw_message":"就没有人比我还老年的人吗","self_id":2997400528,"sender":{"age":27,"area":"武汉","card":"随心-小鹤拼音","level":"死飞单车","nickname":"№默☆伤♂","role":"member","sex":"male","title":"","user_id":1101721752},"sub_type":"normal","time":1557922258,"user_id":1101721752}
[19-05-15 20:11:03] [PicqBotX] [DEBUG(java.lang.Thread.run:748)] 收到新请求: CQHttp/4.8.0
[19-05-15 20:11:03] [PicqBotX] [DEBUG(java.lang.Thread.run:748)] - 数据: {"anonymous":null,"font":7378080,"group_id":556981260,"message":"就没有人比我还老年人的吗","message_id":11855,"message_type":"group","post_type":"message","raw_message":"就没有人比我还老年人的吗","self_id":2997400528,"sender":{"age":27,"area":"武汉","card":"随心-小鹤拼音","level":"死飞单车","nickname":"№默☆伤♂","role":"member","sex":"male","title":"","user_id":1101721752},"sub_type":"normal","time":1557922263,"user_id":1101721752}
[19-05-15 20:11:12] [PicqBotX] [DEBUG(java.lang.Thread.run:748)] 收到新请求: CQHttp/4.8.0
[19-05-15 20:11:12] [PicqBotX] [DEBUG(java.lang.Thread.run:748)] - 数据: {"anonymous":null,"font":7378016,"group_id":556981260,"message":"难道我600也要告诉你吗","message_id":11856,"message_type":"group","post_type":"message","raw_message":"难道我600也要告诉你吗","self_id":2997400528,"sender":{"age":24,"area":"广州","card":"淡 淡-QQ五笔","level":"波音747","nickname":"蓝莓","role":"member","sex":"male","title":"","user_id":1115351882},"sub_type":"normal","time":1557922272,"user_id":1115351882}
[19-05-15 20:11:17] [PicqBotX] [DEBUG(java.lang.Thread.run:748)] 收到新请求: CQHttp/4.8.0
[19-05-15 20:11:17] [PicqBotX] [DEBUG(java.lang.Thread.run:748)] - 数据: {"anonymous":null,"font":7378336,"group_id":556981260,"message":"[CQ:at,qq=2329377621] 看着这个页面，我就不想动","message_id":11857,"message_type":"group","post_type":"message","raw_message":"[CQ:at,qq=2329377621] 看着这个页面，我就不想动","self_id":2997400528,"sender":{"age":0,"area":"","card":"白焕 - 鹤鹤鹤","level":"新日电动车","nickname":"杂色a","role":"member","sex":"unknown","title":"","user_id":2524098743},"sub_type":"normal","time":1557922277,"user_id":2524098743}
[19-05-15 20:11:35] [PicqBotX] [DEBUG(java.lang.Thread.run:748)] 收到新请求: CQHttp/4.8.0
[19-05-15 20:11:35] [PicqBotX] [DEBUG(java.lang.Thread.run:748)] - 数据: {"anonymous":null,"font":7378464,"group_id":556981260,"message":"可以自己百度啊","message_id":11858,"message_type":"group","post_type":"message","raw_message":"可以自己百度啊","self_id":2997400528,"sender":{"age":27,"area":"武汉","card":"随心-小鹤拼音","level":"死飞单车","nickname":"№默☆伤♂","role":"member","sex":"male","title":"","user_id":1101721752},"sub_type":"normal","time":1557922295,"user_id":1101721752}
[19-05-15 20:11:39] [PicqBotX] [DEBUG(java.lang.Thread.run:748)] 收到新请求: CQHttp/4.8.0
[19-05-15 20:11:39] [PicqBotX] [DEBUG(java.lang.Thread.run:748)] - 数据: {"anonymous":null,"font":7378944,"group_id":556981260,"message":"反应测试","message_id":11859,"message_type":"group","post_type":"message","raw_message":"反应测试","self_id":2997400528,"sender":{"age":27,"area":"武汉","card":"随心-小鹤拼音","level":"死飞单车","nickname":"№默☆伤♂","role":"member","sex":"male","title":"","user_id":1101721752},"sub_type":"normal","time":1557922299,"user_id":1101721752}
[19-05-15 20:11:55] [PicqBotX] [DEBUG(java.lang.Thread.run:748)] 收到新请求: CQHttp/4.8.0
[19-05-15 20:11:55] [PicqBotX] [DEBUG(java.lang.Thread.run:748)] - 数据: {"anonymous":null,"font":7378304,"group_id":522394334,"message":"……","message_id":11860,"message_type":"group","post_type":"message","raw_message":"……","self_id":2997400528,"sender":{"age":0,"area":"广州","card":"无聊-小鹤音形","level":"中级","nickname":"无聊","role":"member","sex":"male","title":"","user_id":779855010},"sub_type":"normal","time":1557922315,"user_id":779855010}
[19-05-15 20:12:42] [PicqBotX] [DEBUG(java.lang.Thread.run:748)] 收到新请求: CQHttp/4.8.0
[19-05-15 20:12:42] [PicqBotX] [DEBUG(java.lang.Thread.run:748)] - 数据: {"anonymous":null,"font":7378304,"group_id":556981260,"message":"轻松1秒","message_id":11861,"message_type":"group","post_type":"message","raw_message":"轻松1秒","self_id":2997400528,"sender":{"age":1,"area":"阿拉伯联合酋长国","card":"圈-字根通用码","level":"新日电动车","nickname":"圈","role":"member","sex":"male","title":"","user_id":1816436708},"sub_type":"normal","time":1557922362,"user_id":1816436708}
[19-05-15 20:12:50] [PicqBotX] [DEBUG(java.lang.Thread.run:748)] 收到新请求: CQHttp/4.8.0
[19-05-15 20:12:50] [PicqBotX] [DEBUG(java.lang.Thread.run:748)] - 数据: {"anonymous":null,"font":7378688,"group_id":556981260,"message":"这有什么难的","message_id":11862,"message_type":"group","post_type":"message","raw_message":"这有什么难的","self_id":2997400528,"sender":{"age":1,"area":"阿拉伯联合酋长国","card":"圈-字根通用码","level":"新日电动车","nickname":"圈","role":"member","sex":"male","title":"","user_id":1816436708},"sub_type":"normal","time":1557922370,"user_id":1816436708}
[19-05-15 20:13:08] [PicqBotX] [DEBUG(java.lang.Thread.run:748)] 收到新请求: CQHttp/4.8.0
[19-05-15 20:13:08] [PicqBotX] [DEBUG(java.lang.Thread.run:748)] - 数据: {"anonymous":null,"font":7378560,"group_id":556981260,"message":"嗯","message_id":11863,"message_type":"group","post_type":"message","raw_message":"嗯","self_id":2997400528,"sender":{"age":24,"area":"广州","card":"淡 淡-QQ五笔","level":"波音747","nickname":"蓝莓","role":"member","sex":"male","title":"","user_id":1115351882},"sub_type":"normal","time":1557922388,"user_id":1115351882}
[19-05-15 20:13:12] [PicqBotX] [DEBUG(java.lang.Thread.run:748)] 收到新请求: CQHttp/4.8.0
[19-05-15 20:13:12] [PicqBotX] [DEBUG(java.lang.Thread.run:748)] - 数据: {"anonymous":null,"font":7378944,"group_id":556981260,"message":"[CQ:image,file=6758F6D8ADFDED9943174102180B9398.png,url=https://gchat.qpic.cn/gchatpic_new/523856782/556981260-3109690505-6758F6D8ADFDED9943174102180B9398/0?vuin=2997400528&amp;term=2]这个都是假的","message_id":11864,"message_type":"group","post_type":"message","raw_message":"[CQ:image,file=6758F6D8ADFDED9943174102180B9398.png]这个都是假的","self_id":2997400528,"sender":{"age":0,"area":"石家庄","card":"瓜牛-二笔","level":"波音747","nickname":"明媚阳光","role":"member","sex":"male","title":"一个小蹦哒","user_id":523856782},"sub_type":"normal","time":1557922392,"user_id":523856782}
[19-05-15 20:13:32] [PicqBotX] [DEBUG(java.lang.Thread.run:748)] 收到新请求: CQHttp/4.8.0
[19-05-15 20:13:32] [PicqBotX] [DEBUG(java.lang.Thread.run:748)] - 数据: {"anonymous":null,"font":7378464,"group_id":556981260,"message":"[CQ:image,file=C9273B2415967A58964368D3AC3AED7B.png,url=https://gchat.qpic.cn/gchatpic_new/1101721752/556981260-2961770075-C9273B2415967A58964368D3AC3AED7B/0?vuin=2997400528&amp;term=2]","message_id":11865,"message_type":"group","post_type":"message","raw_message":"[CQ:image,file=C9273B2415967A58964368D3AC3AED7B.png]","self_id":2997400528,"sender":{"age":27,"area":"武汉","card":"随心-小鹤拼音","level":"死飞单车","nickname":"№默☆伤♂","role":"member","sex":"male","title":"","user_id":1101721752},"sub_type":"normal","time":1557922412,"user_id":1101721752}
[19-05-15 20:13:39] [PicqBotX] [DEBUG(java.lang.Thread.run:748)] 收到新请求: CQHttp/4.8.0
[19-05-15 20:13:39] [PicqBotX] [DEBUG(java.lang.Thread.run:748)] - 数据: {"anonymous":null,"font":7378304,"group_id":556981260,"message":"你这是还没变化就按了吧","message_id":11866,"message_type":"group","post_type":"message","raw_message":"你这是还没变化就按了吧","self_id":2997400528,"sender":{"age":27,"area":"武汉","card":"随心-小鹤拼音","level":"死飞单车","nickname":"№默☆伤♂","role":"member","sex":"male","title":"","user_id":1101721752},"sub_type":"normal","time":1557922419,"user_id":1101721752}
[19-05-15 20:13:42] [PicqBotX] [DEBUG(java.lang.Thread.run:748)] 收到新请求: CQHttp/4.8.0
[19-05-15 20:13:42] [PicqBotX] [DEBUG(java.lang.Thread.run:748)] - 数据: {"anonymous":null,"font":7378464,"group_id":556981260,"message":"跟打字一样，重复测试结果完全不可信","message_id":11867,"message_type":"group","post_type":"message","raw_message":"跟打字一样，重复测试结果完全不可信","self_id":2997400528,"sender":{"age":0,"area":"石家庄","card":"瓜牛-二笔","level":"波音747","nickname":"明媚阳光","role":"member","sex":"male","title":"一个小蹦哒","user_id":523856782},"sub_type":"normal","time":1557922422,"user_id":523856782}
[19-05-15 20:13:53] [PicqBotX] [DEBUG(java.lang.Thread.run:748)] 收到新请求: CQHttp/4.8.0
[19-05-15 20:13:53] [PicqBotX] [DEBUG(java.lang.Thread.run:748)] - 数据: {"anonymous":null,"font":7378528,"group_id":556981260,"message":"还没变就按罚1篾啊","message_id":11868,"message_type":"group","post_type":"message","raw_message":"还没变就按罚1篾啊","self_id":2997400528,"sender":{"age":0,"area":"石家庄","card":"瓜牛-二笔","level":"波音747","nickname":"明媚阳光","role":"member","sex":"male","title":"一个小蹦哒","user_id":523856782},"sub_type":"normal","time":1557922433,"user_id":523856782}
[19-05-15 20:13:55] [PicqBotX] [DEBUG(java.lang.Thread.run:748)] 收到新请求: CQHttp/4.8.0
[19-05-15 20:13:55] [PicqBotX] [DEBUG(java.lang.Thread.run:748)] - 数据: {"anonymous":null,"font":7378304,"group_id":556981260,"message":"秒","message_id":11869,"message_type":"group","post_type":"message","raw_message":"秒","self_id":2997400528,"sender":{"age":0,"area":"石家庄","card":"瓜牛-二笔","level":"波音747","nickname":"明媚阳光","role":"member","sex":"male","title":"一个小蹦哒","user_id":523856782},"sub_type":"normal","time":1557922435,"user_id":523856782}
[19-05-15 20:14:02] [PicqBotX] [DEBUG(java.lang.Thread.run:748)] 收到新请求: CQHttp/4.8.0
[19-05-15 20:14:02] [PicqBotX] [DEBUG(java.lang.Thread.run:748)] - 数据: {"anonymous":null,"font":7378944,"group_id":556981260,"message":"你要看到变化才能按的","message_id":11870,"message_type":"group","post_type":"message","raw_message":"你要看到变化才能按的","self_id":2997400528,"sender":{"age":27,"area":"武汉","card":"随心-小鹤拼音","level":"死飞单车","nickname":"№默☆伤♂","role":"member","sex":"male","title":"","user_id":1101721752},"sub_type":"normal","time":1557922442,"user_id":1101721752}
[19-05-15 20:14:12] [PicqBotX] [DEBUG(java.lang.Thread.run:748)] 收到新请求: CQHttp/4.8.0
[19-05-15 20:14:12] [PicqBotX] [DEBUG(java.lang.Thread.run:748)] - 数据: {"anonymous":null,"font":7378080,"group_id":556981260,"message":"不是预感要变化就按了","message_id":11871,"message_type":"group","post_type":"message","raw_message":"不是预感要变化就按了","self_id":2997400528,"sender":{"age":27,"area":"武汉","card":"随心-小鹤拼音","level":"死飞单车","nickname":"№默☆伤♂","role":"member","sex":"male","title":"","user_id":1101721752},"sub_type":"normal","time":1557922452,"user_id":1101721752}
[19-05-15 20:14:22] [PicqBotX] [DEBUG(java.lang.Thread.run:748)] 收到新请求: CQHttp/4.8.0
[19-05-15 20:14:22] [PicqBotX] [DEBUG(java.lang.Thread.run:748)] - 数据: {"anonymous":null,"font":7378976,"group_id":556981260,"message":"这样会100ms以下","message_id":11872,"message_type":"group","post_type":"message","raw_message":"这样会100ms以下","self_id":2997400528,"sender":{"age":27,"area":"武汉","card":"随心-小鹤拼音","level":"死飞单车","nickname":"№默☆伤♂","role":"member","sex":"male","title":"","user_id":1101721752},"sub_type":"normal","time":1557922462,"user_id":1101721752}
[19-05-15 20:14:28] [PicqBotX] [DEBUG(java.lang.Thread.run:748)] 收到新请求: CQHttp/4.8.0
[19-05-15 20:14:28] [PicqBotX] [DEBUG(java.lang.Thread.run:748)] - 数据: {"anonymous":null,"font":7378720,"group_id":556981260,"message":"你看","message_id":11873,"message_type":"group","post_type":"message","raw_message":"你看","self_id":2997400528,"sender":{"age":0,"area":"石家庄","card":"瓜牛-二笔","level":"波音747","nickname":"明媚阳光","role":"member","sex":"male","title":"一个小蹦哒","user_id":523856782},"sub_type":"normal","time":1557922468,"user_id":523856782}
[19-05-15 20:14:32] [PicqBotX] [DEBUG(java.lang.Thread.run:748)] 收到新请求: CQHttp/4.8.0
[19-05-15 20:14:32] [PicqBotX] [DEBUG(java.lang.Thread.run:748)] - 数据: {"anonymous":null,"font":7378880,"group_id":556981260,"message":"100ms以下的都不可信","message_id":11874,"message_type":"group","post_type":"message","raw_message":"100ms以下的都不可信","self_id":2997400528,"sender":{"age":27,"area":"武汉","card":"随心-小鹤拼音","level":"死飞单车","nickname":"№默☆伤♂","role":"member","sex":"male","title":"","user_id":1101721752},"sub_type":"normal","time":1557922472,"user_id":1101721752}
[19-05-15 20:14:40] [PicqBotX] [DEBUG(java.lang.Thread.run:748)] 收到新请求: CQHttp/4.8.0
[19-05-15 20:14:40] [PicqBotX] [DEBUG(java.lang.Thread.run:748)] - 数据: {"anonymous":null,"font":7378304,"group_id":556981260,"message":"人就喜欢相信自己愿意相信的","message_id":11875,"message_type":"group","post_type":"message","raw_message":"人就喜欢相信自己愿意相信的","self_id":2997400528,"sender":{"age":0,"area":"石家庄","card":"瓜牛-二笔","level":"波音747","nickname":"明媚阳光","role":"member","sex":"male","title":"一个小蹦哒","user_id":523856782},"sub_type":"normal","time":1557922480,"user_id":523856782}
[19-05-15 20:14:45] [PicqBotX] [DEBUG(java.lang.Thread.run:748)] 收到新请求: CQHttp/4.8.0
[19-05-15 20:14:45] [PicqBotX] [DEBUG(java.lang.Thread.run:748)] - 数据: {"anonymous":null,"font":7378528,"group_id":556981260,"message":"[CQ:image,file=0A14AF49BB779C154835D171E5F615DF.png,url=https://gchat.qpic.cn/gchatpic_new/1144107042/556981260-2528596120-0A14AF49BB779C154835D171E5F615DF/0?vuin=2997400528&amp;term=2]","message_id":11876,"message_type":"group","post_type":"message","raw_message":"[CQ:image,file=0A14AF49BB779C154835D171E5F615DF.png]","self_id":2997400528,"sender":{"age":16,"area":"苏州","card":"聆竹听风-极点五笔","level":"死飞单车","nickname":"聆竹听风","role":"member","sex":"male","title":"","user_id":1144107042},"sub_type":"normal","time":1557922485,"user_id":1144107042}
[19-05-15 20:14:48] [PicqBotX] [DEBUG(java.lang.Thread.run:748)] 收到新请求: CQHttp/4.8.0
