[19-05-15 18:15:04] [PicqBotX] [INFO] 
[19-05-15 18:15:04] [PicqBotX] [INFO]     ____  _            ____        __ _  __
[19-05-15 18:15:04] [PicqBotX] [INFO]    / __ \(_)________ _/ __ )____  / /| |/ /
[19-05-15 18:15:04] [PicqBotX] [INFO]   / /_/ / / ___/ __ `/ __  / __ \/ __/   /
[19-05-15 18:15:04] [PicqBotX] [INFO]  / ____/ / /__/ /_/ / /_/ / /_/ / /_/   |
[19-05-15 18:15:04] [PicqBotX] [INFO] /_/   /_/\___/\__, /_____/\____/\__/_/|_|
[19-05-15 18:15:04] [PicqBotX] [INFO]                 /_/         v3.2.2.896
[19-05-15 18:15:04] [PicqBotX] [INFO] 日志管理器     初始化完成 [******] ...(37.97 ms)
[19-05-15 18:15:04] [PicqBotX] [INFO] 缓存管理器     初始化完成 [******] ...(2.3 ms)
[19-05-15 18:15:04] [PicqBotX] [INFO] DEBUG设置     初始化完成 [******] ...(0.01 ms)
[19-05-15 18:15:04] [PicqBotX] [INFO] 事件管理器     初始化完成 [******] ...(50.21 ms)
[19-05-15 18:15:04] [PicqBotX] [INFO] 账号管理器     初始化完成 [******] ...(1.34 ms)
[19-05-15 18:15:04] [PicqBotX] [INFO] HTTP监听服务器 初始化完成 [******] ...(1.44 ms)
[19-05-15 18:15:04] [PicqBotX] [INFO] 指令管理器     初始化完成 [******] ...(2.39 ms)
[19-05-15 18:15:04] [PicqBotX] [WARNING] 账号 Bot01: 版本正确, 不过用酷Q Pro的话效果更好哦!
[19-05-15 18:15:04] [PicqBotX] [INFO] 账号 Bot01:   版本验证完成!
[19-05-15 18:15:04] [PicqBotX] [INFO] 正在启动...
[19-05-15 18:17:12] [PicqBotX] [DEBUG(java.lang.Thread.run:748)] 收到新请求: CQHttp/4.8.0
[19-05-15 18:17:12] [PicqBotX] [DEBUG(java.lang.Thread.run:748)] - 数据: {"anonymous":null,"font":8419032,"group_id":522394334,"message":"#赛文","message_id":11497,"message_type":"group","post_type":"message","raw_message":"#赛文","self_id":2997400528,"sender":{"age":8,"area":"广州","card":"谭宇-养生式跟打","level":"入门","nickname":"0 4 . 2 2","role":"admin","sex":"male","title":"","user_id":1061917196},"sub_type":"normal","time":1557915432,"user_id":1061917196}
[19-05-15 18:17:13] [PicqBotX] [DEBUG(java.lang.Thread.run:748)] 收到新请求: CQHttp/4.8.0
[19-05-15 18:17:13] [PicqBotX] [DEBUG(java.lang.Thread.run:748)] - 数据: {"anonymous":null,"font":8418328,"group_id":522394334,"message":"《卡莫迪太太的小店》日赛第533期-二花制作\r\n卡莫迪太太太在街角的小店，是在东部小镇子上都能找到的那种，由寡妇所开。这儿那儿，你还能发现这种小店，可是卡莫迪太太开她那间，已经是三十四年前的事了。那间小店卖《勇气与运气》杂志、土豆（几乎都是每次不超过半口就吃完了）、劳拉・吉恩・利比的长篇小说、“16-1”巧克力条、能在小孩的手背上印假刺青的贴画、用毛茸茸的绳子捆着的引火柴、克拉克牌丝光线、雪茄和烟草、哥本哈根鼻烟、少量的煤油、巧克力糖、《年轻而荒凉的西部》、《工作及赢取》以及天晓得还有别的什么东西。《勇气与运气》、《年轻而荒凉的西部》和《工作及赢取》都是五分钱一本的杂志，每星期一期。卡莫迪太太那间小店的小小橱窗后面，横着拉了根绳子，这几种杂志就挂在上面，好让颜色鲜艳的封面能吸引街上的行人。卡莫迪太太有两个孩子，约翰和比他安静一点的弟弟威廉。约翰马上要满九岁，他着迷的是《勇气与运气》和别的故事书。他把那些全读了，但是读的时候不能把杂志页裁开，那种杂志上方没有切边。一旦裁开，就成了二手的《勇气与运气》或者《年轻而荒凉的西部》或者别的不管什么杂志，那样就只值两分半。\r\n-----第999段-1200S-463Z-4L-a2ca5c09V--c.sw.1.1\r\n本文由 散文 组成","message_id":11498,"message_type":"group","post_type":"message","raw_message":"《卡莫迪太太的小店》日赛第533期-二花制作\r\n卡莫迪太太太在街角的小店，是在东部小镇子上都能找到的那种，由寡妇所开。这儿那儿，你还能发现这种小店，可是卡莫迪太太开她那间，已经是三十四年前的事了。那间小店卖《勇气与运气》杂志、土豆（几乎都是每次不超过半口就吃完了）、劳拉・吉恩・利比的长篇小说、“16-1”巧克力条、能在小孩的手背上印假刺青的贴画、用毛茸茸的绳子捆着的引火柴、克拉克牌丝光线、雪茄和烟草、哥本哈根鼻烟、少量的煤油、巧克力糖、《年轻而荒凉的西部》、《工作及赢取》以及天晓得还有别的什么东西。《勇气与运气》、《年轻而荒凉的西部》和《工作及赢取》都是五分钱一本的杂志，每星期一期。卡莫迪太太那间小店的小小橱窗后面，横着拉了根绳子，这几种杂志就挂在上面，好让颜色鲜艳的封面能吸引街上的行人。卡莫迪太太有两个孩子，约翰和比他安静一点的弟弟威廉。约翰马上要满九岁，他着迷的是《勇气与运气》和别的故事书。他把那些全读了，但是读的时候不能把杂志页裁开，那种杂志上方没有切边。一旦裁开，就成了二手的《勇气与运气》或者《年轻而荒凉的西部》或者别的不管什么杂志，那样就只值两分半。\r\n-----第999段-1200S-463Z-4L-a2ca5c09V--c.sw.1.1\r\n本文由 散文 组成","self_id":2997400528,"sender":{"age":6,"area":"北京","card":"","level":"小白","nickname":"小拆","role":"member","sex":"female","title":"","user_id":207938707},"sub_type":"normal","time":1557915433,"user_id":207938707}
[19-05-15 18:17:29] [PicqBotX] [DEBUG(java.lang.Thread.run:748)] 收到新请求: CQHttp/4.8.0
[19-05-15 18:17:29] [PicqBotX] [DEBUG(java.lang.Thread.run:748)] - 数据: {"anonymous":null,"font":8418200,"group_id":522394334,"message":"第999段 速度151.96 击键6.03 码长2.38 标顶理论2.13 文章难度67.16 字数463 回改15 退格9 错字0 键数1103 选重44 键准95.42% 键法87.08%(左418:右480:空格157) 打词率58.58% 选重率9.50% 拖拉机跟打器 版本1.601 Windows 10版  校验VS^JRP","message_id":11499,"message_type":"group","post_type":"message","raw_message":"第999段 速度151.96 击键6.03 码长2.38 标顶理论2.13 文章难度67.16 字数463 回改15 退格9 错字0 键数1103 选重44 键准95.42% 键法87.08%(左418:右480:空格157) 打词率58.58% 选重率9.50% 拖拉机跟打器 版本1.601 Windows 10版  校验VS^JRP","self_id":2997400528,"sender":{"age":0,"area":"广州","card":"无聊-小鹤音形","level":"中级","nickname":"无聊","role":"member","sex":"male","title":"","user_id":779855010},"sub_type":"normal","time":1557915449,"user_id":779855010}
[19-05-15 18:17:41] [PicqBotX] [DEBUG(java.lang.Thread.run:748)] 收到新请求: CQHttp/4.8.0
[19-05-15 18:17:41] [PicqBotX] [DEBUG(java.lang.Thread.run:748)] - 数据: {"anonymous":null,"font":8418776,"group_id":723795668,"message":"第1段 速度38.15 击键1.82 码长2.86 字数492 时间12:52.27 回改21 退格47 回车0 键数1406 选重43 键准95.16% 键法63.64% 重打0 打词69.25% 峰值67.04/3.08/2.38 输入法:搜狗小鹤双拼 键盘: 个签:新手请多多指教 校检:e4130 极速跟打器v1.45 ","message_id":11501,"message_type":"group","post_type":"message","raw_message":"第1段 速度38.15 击键1.82 码长2.86 字数492 时间12:52.27 回改21 退格47 回车0 键数1406 选重43 键准95.16% 键法63.64% 重打0 打词69.25% 峰值67.04/3.08/2.38 输入法:搜狗小鹤双拼 键盘: 个签:新手请多多指教 校检:e4130 极速跟打器v1.45 ","self_id":2997400528,"sender":{"age":22,"area":"梧州","card":"菜鸟小鹤双拼","level":"高手","nickname":"放空","role":"member","sex":"female","title":"","user_id":1468665177},"sub_type":"normal","time":1557915461,"user_id":1468665177}
[19-05-15 18:17:57] [PicqBotX] [DEBUG(java.lang.Thread.run:748)] 收到新请求: CQHttp/4.8.0
