[19-05-12 22:23:43] [PicqBotX] [INFO] 
[19-05-12 22:23:43] [PicqBotX] [INFO]     ____  _            ____        __ _  __
[19-05-12 22:23:43] [PicqBotX] [INFO]    / __ \(_)________ _/ __ )____  / /| |/ /
[19-05-12 22:23:43] [PicqBotX] [INFO]   / /_/ / / ___/ __ `/ __  / __ \/ __/   /
[19-05-12 22:23:43] [PicqBotX] [INFO]  / ____/ / /__/ /_/ / /_/ / /_/ / /_/   |
[19-05-12 22:23:43] [PicqBotX] [INFO] /_/   /_/\___/\__, /_____/\____/\__/_/|_|
[19-05-12 22:23:43] [PicqBotX] [INFO]                 /_/         v3.2.2.896
[19-05-12 22:23:43] [PicqBotX] [INFO] 日志管理器     初始化完成 [******] ...(30.02 ms)
[19-05-12 22:23:43] [PicqBotX] [INFO] 缓存管理器     初始化完成 [******] ...(1.75 ms)
[19-05-12 22:23:43] [PicqBotX] [INFO] DEBUG设置     初始化完成 [******] ...(0.01 ms)
[19-05-12 22:23:43] [PicqBotX] [INFO] 事件管理器     初始化完成 [******] ...(32.01 ms)
[19-05-12 22:23:43] [PicqBotX] [INFO] 账号管理器     初始化完成 [******] ...(1.15 ms)
[19-05-12 22:23:43] [PicqBotX] [INFO] HTTP监听服务器 初始化完成 [******] ...(1.33 ms)
[19-05-12 22:23:44] [PicqBotX] [INFO] 指令管理器     初始化完成 [******] ...(3.16 ms)
[19-05-12 22:23:44] [PicqBotX] [WARNING] 账号 Bot01: 版本正确, 不过用酷Q Pro的话效果更好哦!
[19-05-12 22:23:44] [PicqBotX] [INFO] 账号 Bot01:   版本验证完成!
[19-05-12 22:23:44] [PicqBotX] [INFO] 正在启动...
[19-05-12 22:23:47] [PicqBotX] [DEBUG(java.lang.Thread.run:748)] 收到新请求: CQHttp/4.8.0
[19-05-12 22:23:47] [PicqBotX] [DEBUG(java.lang.Thread.run:748)] - 数据: {"font":10144856,"message":"查 谭宇","message_id":7671,"message_type":"private","post_type":"message","raw_message":"查 谭宇","self_id":2997400528,"sender":{"age":8,"nickname":"0 4 . 2 2","sex":"male","user_id":1061917196},"sub_type":"friend","time":1557671027,"user_id":1061917196}
[19-05-12 22:24:04] [PicqBotX] [DEBUG(java.lang.Thread.run:748)] 收到新请求: CQHttp/4.8.0
[19-05-12 22:24:04] [PicqBotX] [DEBUG(java.lang.Thread.run:748)] - 数据: {"anonymous":null,"font":10144472,"group_id":556981260,"message":"竟然卖啦，看来没少充钱呀","message_id":7674,"message_type":"group","post_type":"message","raw_message":"竟然卖啦，看来没少充钱呀","self_id":2997400528,"sender":{"age":0,"area":"石家庄","card":"瓜牛-二笔","level":"波音747","nickname":"明媚阳光","role":"member","sex":"male","title":"一个小蹦哒","user_id":523856782},"sub_type":"normal","time":1557671044,"user_id":523856782}
[19-05-12 22:24:09] [PicqBotX] [DEBUG(java.lang.Thread.run:748)] 收到新请求: CQHttp/4.8.0
