[19-05-10 16:15:35] [PicqBotX] [INFO] 
[19-05-10 16:15:35] [PicqBotX] [INFO]     ____  _            ____        __ _  __
[19-05-10 16:15:35] [PicqBotX] [INFO]    / __ \(_)________ _/ __ )____  / /| |/ /
[19-05-10 16:15:35] [PicqBotX] [INFO]   / /_/ / / ___/ __ `/ __  / __ \/ __/   /
[19-05-10 16:15:35] [PicqBotX] [INFO]  / ____/ / /__/ /_/ / /_/ / /_/ / /_/   |
[19-05-10 16:15:35] [PicqBotX] [INFO] /_/   /_/\___/\__, /_____/\____/\__/_/|_|
[19-05-10 16:15:35] [PicqBotX] [INFO]                 /_/         v3.2.2.896
[19-05-10 16:15:35] [PicqBotX] [INFO] 日志管理器     初始化完成 [******] ...(27.57 ms)
[19-05-10 16:15:35] [PicqBotX] [INFO] 缓存管理器     初始化完成 [******] ...(1.29 ms)
[19-05-10 16:15:35] [PicqBotX] [INFO] DEBUG设置     初始化完成 [******] ...(0.01 ms)
[19-05-10 16:15:35] [PicqBotX] [INFO] 事件管理器     初始化完成 [******] ...(26.93 ms)
[19-05-10 16:15:35] [PicqBotX] [INFO] 账号管理器     初始化完成 [******] ...(1.14 ms)
[19-05-10 16:15:35] [PicqBotX] [INFO] HTTP监听服务器 初始化完成 [******] ...(1.5 ms)
[19-05-10 16:15:35] [PicqBotX] [INFO] 指令管理器     初始化完成 [******] ...(2.33 ms)
[19-05-10 16:15:35] [PicqBotX] [WARNING] 账号 Bot01: 版本正确, 不过用酷Q Pro的话效果更好哦!
[19-05-10 16:15:35] [PicqBotX] [INFO] 账号 Bot01:   版本验证完成!
[19-05-10 16:15:35] [PicqBotX] [INFO] 正在启动...
[19-05-10 16:16:07] [PicqBotX] [DEBUG(java.lang.Thread.run:748)] 收到新请求: CQHttp/4.8.0
[19-05-10 16:16:07] [PicqBotX] [DEBUG(java.lang.Thread.run:748)] - 数据: {"anonymous":null,"font":8389984,"group_id":522394334,"message":"#成绩","message_id":2223,"message_type":"group","post_type":"message","raw_message":"#成绩","self_id":2997400528,"sender":{"age":0,"area":"","card":"青铜·Qtss","level":"了解群图书馆","nickname":"青 铜","role":"member","sex":"unknown","title":"","user_id":949402006},"sub_type":"normal","time":1557476167,"user_id":949402006}
[19-05-10 16:16:10] [PicqBotX] [DEBUG(java.lang.Thread.run:748)] 收到新请求: CQHttp/4.8.0
[19-05-10 16:16:10] [PicqBotX] [DEBUG(java.lang.Thread.run:748)] - 数据: {"anonymous":null,"font":8390592,"group_id":522394334,"message":"[CQ:image,file=E50EFF4D84258B766403B7BA4F47074A.png,url=https://gchat.qpic.cn/gchatpic_new/207938707/522394334-2974591162-E50EFF4D84258B766403B7BA4F47074A/0?vuin=2997400528&amp;term=2]","message_id":2224,"message_type":"group","post_type":"message","raw_message":"[CQ:image,file=E50EFF4D84258B766403B7BA4F47074A.png]","self_id":2997400528,"sender":{"age":6,"area":"北京","card":"","level":"小白","nickname":"小拆","role":"member","sex":"female","title":"","user_id":207938707},"sub_type":"normal","time":1557476170,"user_id":207938707}
[19-05-10 16:18:24] [PicqBotX] [DEBUG(java.lang.Thread.run:748)] 收到新请求: CQHttp/4.8.0
[19-05-10 16:18:24] [PicqBotX] [DEBUG(java.lang.Thread.run:748)] - 数据: {"anonymous":null,"font":8389856,"group_id":556981260,"message":"第999段 速度70.51/71.21 击键2.73 码长2.30 字数512 时间07:10.55 回改15 退格15 回车0 键数1175 选重26 键准97.45% 键法121.58% 重打1 打词64.77% 峰值101.12/4.72/1.93 错字1 错情&#91;不√ 部×&#93;&#91;错一罚五&#93; 输入法: 校检:8691b 极速跟打器v1.46","message_id":2225,"message_type":"group","post_type":"message","raw_message":"第999段 速度70.51/71.21 击键2.73 码长2.30 字数512 时间07:10.55 回改15 退格15 回车0 键数1175 选重26 键准97.45% 键法121.58% 重打1 打词64.77% 峰值101.12/4.72/1.93 错字1 错情&#91;不√ 部×&#93;&#91;错一罚五&#93; 输入法: 校检:8691b 极速跟打器v1.46","self_id":2997400528,"sender":{"age":0,"area":"","card":"勿念-小鹤音形","level":"死飞单车","nickname":"子雨","role":"member","sex":"male","title":"","user_id":270610577},"sub_type":"normal","time":1557476304,"user_id":270610577}
[19-05-10 16:18:48] [PicqBotX] [DEBUG(java.lang.Thread.run:748)] 收到新请求: CQHttp/4.8.0
[19-05-10 16:18:48] [PicqBotX] [DEBUG(java.lang.Thread.run:748)] - 数据: {"anonymous":null,"font":8390496,"group_id":556981260,"message":"[CQ:at,qq=12149065] 简言之：蜻蜓点水","message_id":2226,"message_type":"group","post_type":"message","raw_message":"[CQ:at,qq=12149065] 简言之：蜻蜓点水","self_id":2997400528,"sender":{"age":7,"area":"阿鲁巴","card":"迈克赵丹-86","level":"死飞单车","nickname":"Tremendousmaking","role":"member","sex":"male","title":"","user_id":1823418845},"sub_type":"normal","time":1557476328,"user_id":1823418845}
[19-05-10 16:18:53] [PicqBotX] [DEBUG(java.lang.Thread.run:748)] 收到新请求: CQHttp/4.8.0
[19-05-10 16:18:53] [PicqBotX] [DEBUG(java.lang.Thread.run:748)] - 数据: {"anonymous":null,"font":8389888,"group_id":723795668,"message":"88|72.08|3.32|2.77|34|t46","message_id":2227,"message_type":"group","post_type":"message","raw_message":"88|72.08|3.32|2.77|34|t46","self_id":2997400528,"sender":{"age":26,"area":"荆州","card":"","level":"高手","nickname":"刘尼尔Ne'Ar","role":"member","sex":"male","title":"","user_id":501281231},"sub_type":"normal","time":1557476333,"user_id":501281231}
[19-05-10 16:20:08] [PicqBotX] [DEBUG(java.lang.Thread.run:748)] 收到新请求: CQHttp/4.8.0
[19-05-10 16:20:08] [PicqBotX] [DEBUG(java.lang.Thread.run:748)] - 数据: {"anonymous":null,"font":8389952,"group_id":723795668,"message":"随机一文 长度100","message_id":2228,"message_type":"group","post_type":"message","raw_message":"随机一文 长度100","self_id":2997400528,"sender":{"age":26,"area":"荆州","card":"","level":"高手","nickname":"刘尼尔Ne'Ar","role":"member","sex":"male","title":"","user_id":501281231},"sub_type":"normal","time":1557476408,"user_id":501281231}
[19-05-10 16:20:09] [PicqBotX] [DEBUG(java.lang.Thread.run:748)] 收到新请求: CQHttp/4.8.0
[19-05-10 16:20:09] [PicqBotX] [DEBUG(java.lang.Thread.run:748)] - 数据: {"anonymous":null,"font":8389920,"group_id":723795668,"message":"《膻》散文第1期-作者：蔡澜\r\n膻，读作“善”，看字形和发音，都好像有一股强烈的羊味，而这股味道，是令人爱上羊肉的主要原因。成为一个老饕，一定要什么东西都吃。怕羊的人，做不了一个美食家，也失去味觉中最重要的一环。\r\n-----第1段-----","message_id":2229,"message_type":"group","post_type":"message","raw_message":"《膻》散文第1期-作者：蔡澜\r\n膻，读作“善”，看字形和发音，都好像有一股强烈的羊味，而这股味道，是令人爱上羊肉的主要原因。成为一个老饕，一定要什么东西都吃。怕羊的人，做不了一个美食家，也失去味觉中最重要的一环。\r\n-----第1段-----","self_id":2997400528,"sender":{"age":1,"area":"","card":"群帅","level":"小白","nickname":"拆小鹤","role":"member","sex":"female","title":"","user_id":428826691},"sub_type":"normal","time":1557476409,"user_id":428826691}
[19-05-10 16:20:09] [PicqBotX] [DEBUG(java.lang.Thread.run:748)] 收到新请求: CQHttp/4.8.0
[19-05-10 16:20:09] [PicqBotX] [DEBUG(java.lang.Thread.run:748)] - 数据: {"anonymous":null,"font":8389952,"group_id":556981260,"message":"人均雨丝 我佛了！","message_id":2230,"message_type":"group","post_type":"message","raw_message":"人均雨丝 我佛了！","self_id":2997400528,"sender":{"age":0,"area":"","card":"龙潭黑鼠-86五笔","level":"死飞单车","nickname":".","role":"member","sex":"unknown","title":"","user_id":1623008956},"sub_type":"normal","time":1557476409,"user_id":1623008956}
[19-05-10 16:21:23] [PicqBotX] [DEBUG(java.lang.Thread.run:748)] 收到新请求: CQHttp/4.8.0
[19-05-10 16:21:23] [PicqBotX] [DEBUG(java.lang.Thread.run:748)] - 数据: {"anonymous":null,"font":8389984,"group_id":556981260,"message":"第999段 速度113.50<116.96 回改23 错字3 字数512 秒数260.61 键数23 起打于16:16:43 重打6次214字 √再个做×在各作·错1罚5 标记关 防伪+6 峰值180.00 QQ09+ 201314","message_id":2231,"message_type":"group","post_type":"message","raw_message":"第999段 速度113.50<116.96 回改23 错字3 字数512 秒数260.61 键数23 起打于16:16:43 重打6次214字 √再个做×在各作·错1罚5 标记关 防伪+6 峰值180.00 QQ09+ 201314","self_id":2997400528,"sender":{"age":0,"area":"上海","card":"池鱼-亚伟","level":"小蹦哒","nickname":"池鱼","role":"member","sex":"female","title":"","user_id":1957992261},"sub_type":"normal","time":1557476483,"user_id":1957992261}
[19-05-10 16:21:35] [PicqBotX] [DEBUG(java.lang.Thread.run:748)] 收到新请求: CQHttp/4.8.0
[19-05-10 16:21:35] [PicqBotX] [DEBUG(java.lang.Thread.run:748)] - 数据: {"anonymous":null,"font":8389920,"group_id":556981260,"message":"#成绩","message_id":2232,"message_type":"group","post_type":"message","raw_message":"#成绩","self_id":2997400528,"sender":{"age":0,"area":"上海","card":"池鱼-亚伟","level":"小蹦哒","nickname":"池鱼","role":"member","sex":"female","title":"","user_id":1957992261},"sub_type":"normal","time":1557476495,"user_id":1957992261}
[19-05-10 16:21:38] [PicqBotX] [DEBUG(java.lang.Thread.run:748)] 收到新请求: CQHttp/4.8.0
[19-05-10 16:21:38] [PicqBotX] [DEBUG(java.lang.Thread.run:748)] - 数据: {"anonymous":null,"font":8390656,"group_id":556981260,"message":"[CQ:image,file=A0F014792933B8E880EBC6AEDCC3FD2A.png,url=https://gchat.qpic.cn/gchatpic_new/207938707/556981260-3005009024-A0F014792933B8E880EBC6AEDCC3FD2A/0?vuin=2997400528&amp;term=2]","message_id":2233,"message_type":"group","post_type":"message","raw_message":"[CQ:image,file=A0F014792933B8E880EBC6AEDCC3FD2A.png]","self_id":2997400528,"sender":{"age":6,"area":"北京","card":"","level":"波音747","nickname":"小拆","role":"admin","sex":"female","title":"","user_id":207938707},"sub_type":"normal","time":1557476498,"user_id":207938707}
[19-05-10 16:22:03] [PicqBotX] [DEBUG(java.lang.Thread.run:748)] 收到新请求: CQHttp/4.8.0
[19-05-10 16:22:03] [PicqBotX] [DEBUG(java.lang.Thread.run:748)] - 数据: {"anonymous":null,"font":8390272,"group_id":556981260,"message":"差一丢丢就超过如风了。","message_id":2234,"message_type":"group","post_type":"message","raw_message":"差一丢丢就超过如风了。","self_id":2997400528,"sender":{"age":0,"area":"上海","card":"池鱼-亚伟","level":"小蹦哒","nickname":"池鱼","role":"member","sex":"female","title":"","user_id":1957992261},"sub_type":"normal","time":1557476523,"user_id":1957992261}
[19-05-10 16:22:14] [PicqBotX] [DEBUG(java.lang.Thread.run:748)] 收到新请求: CQHttp/4.8.0
[19-05-10 16:22:14] [PicqBotX] [DEBUG(java.lang.Thread.run:748)] - 数据: {"anonymous":null,"font":8390304,"group_id":556981260,"message":"第999段 速度177.64 击键8.40 回改49(13.30s) 连改12 退格17 回车0 键准91.86% 码长2.84 选重8 错字0 字数512 键数1450 用时2:52.600 重打12 峰值256.63/10.13/2.25 打词0 回改率8.28% 停留&#91;帖&#93;1.42s 效率103% &#91;左520:415&#93; 输入法:王码 起打于22:42:23 赛文验证:85554 校验:76178 个签:享受打字 t46.15","message_id":2235,"message_type":"group","post_type":"message","raw_message":"第999段 速度177.64 击键8.40 回改49(13.30s) 连改12 退格17 回车0 键准91.86% 码长2.84 选重8 错字0 字数512 键数1450 用时2:52.600 重打12 峰值256.63/10.13/2.25 打词0 回改率8.28% 停留&#91;帖&#93;1.42s 效率103% &#91;左520:415&#93; 输入法:王码 起打于22:42:23 赛文验证:85554 校验:76178 个签:享受打字 t46.15","self_id":2997400528,"sender":{"age":0,"area":"","card":"sugar不给糖就捣蛋王码86","level":"新日电动车","nickname":"Sugar","role":"member","sex":"unknown","title":"","user_id":2845530960},"sub_type":"normal","time":1557476534,"user_id":2845530960}
[19-05-10 16:22:17] [PicqBotX] [DEBUG(java.lang.Thread.run:748)] 收到新请求: CQHttp/4.8.0
[19-05-10 16:22:17] [PicqBotX] [DEBUG(java.lang.Thread.run:748)] - 数据: {"anonymous":null,"font":8389888,"group_id":556981260,"message":"妈的","message_id":2236,"message_type":"group","post_type":"message","raw_message":"妈的","self_id":2997400528,"sender":{"age":0,"area":"","card":"sugar不给糖就捣蛋王码86","level":"新日电动车","nickname":"Sugar","role":"member","sex":"unknown","title":"","user_id":2845530960},"sub_type":"normal","time":1557476537,"user_id":2845530960}
[19-05-10 16:22:21] [PicqBotX] [DEBUG(java.lang.Thread.run:748)] 收到新请求: CQHttp/4.8.0
[19-05-10 16:22:21] [PicqBotX] [DEBUG(java.lang.Thread.run:748)] - 数据: {"anonymous":null,"font":8390560,"group_id":556981260,"message":"和首打一样的","message_id":2237,"message_type":"group","post_type":"message","raw_message":"和首打一样的","self_id":2997400528,"sender":{"age":0,"area":"","card":"sugar不给糖就捣蛋王码86","level":"新日电动车","nickname":"Sugar","role":"member","sex":"unknown","title":"","user_id":2845530960},"sub_type":"normal","time":1557476541,"user_id":2845530960}
[19-05-10 16:22:29] [PicqBotX] [DEBUG(java.lang.Thread.run:748)] 收到新请求: CQHttp/4.8.0
[19-05-10 16:22:29] [PicqBotX] [DEBUG(java.lang.Thread.run:748)] - 数据: {"anonymous":null,"font":8390240,"group_id":556981260,"message":"不对","message_id":2238,"message_type":"group","post_type":"message","raw_message":"不对","self_id":2997400528,"sender":{"age":0,"area":"","card":"sugar不给糖就捣蛋王码86","level":"新日电动车","nickname":"Sugar","role":"member","sex":"unknown","title":"","user_id":2845530960},"sub_type":"normal","time":1557476549,"user_id":2845530960}
[19-05-10 16:22:33] [PicqBotX] [DEBUG(java.lang.Thread.run:748)] 收到新请求: CQHttp/4.8.0
[19-05-10 16:22:33] [PicqBotX] [DEBUG(java.lang.Thread.run:748)] - 数据: {"anonymous":null,"font":8390080,"group_id":556981260,"message":"比首打还慢","message_id":2239,"message_type":"group","post_type":"message","raw_message":"比首打还慢","self_id":2997400528,"sender":{"age":0,"area":"","card":"sugar不给糖就捣蛋王码86","level":"新日电动车","nickname":"Sugar","role":"member","sex":"unknown","title":"","user_id":2845530960},"sub_type":"normal","time":1557476553,"user_id":2845530960}
[19-05-10 16:22:38] [PicqBotX] [DEBUG(java.lang.Thread.run:748)] 收到新请求: CQHttp/4.8.0
[19-05-10 16:22:38] [PicqBotX] [DEBUG(java.lang.Thread.run:748)] - 数据: {"anonymous":null,"font":8390528,"group_id":556981260,"message":"我打了三遍。","message_id":2240,"message_type":"group","post_type":"message","raw_message":"我打了三遍。","self_id":2997400528,"sender":{"age":0,"area":"上海","card":"池鱼-亚伟","level":"小蹦哒","nickname":"池鱼","role":"member","sex":"female","title":"","user_id":1957992261},"sub_type":"normal","time":1557476558,"user_id":1957992261}
[19-05-10 16:22:45] [PicqBotX] [DEBUG(java.lang.Thread.run:748)] 收到新请求: CQHttp/4.8.0
[19-05-10 16:22:45] [PicqBotX] [DEBUG(java.lang.Thread.run:748)] - 数据: {"anonymous":null,"font":8390496,"group_id":556981260,"message":"每次提升10。","message_id":2241,"message_type":"group","post_type":"message","raw_message":"每次提升10。","self_id":2997400528,"sender":{"age":0,"area":"上海","card":"池鱼-亚伟","level":"小蹦哒","nickname":"池鱼","role":"member","sex":"female","title":"","user_id":1957992261},"sub_type":"normal","time":1557476565,"user_id":1957992261}
[19-05-10 16:22:51] [PicqBotX] [DEBUG(java.lang.Thread.run:748)] 收到新请求: CQHttp/4.8.0
[19-05-10 16:22:51] [PicqBotX] [DEBUG(java.lang.Thread.run:748)] - 数据: {"anonymous":null,"font":8390528,"group_id":556981260,"message":"90，100，110","message_id":2242,"message_type":"group","post_type":"message","raw_message":"90，100，110","self_id":2997400528,"sender":{"age":0,"area":"上海","card":"池鱼-亚伟","level":"小蹦哒","nickname":"池鱼","role":"member","sex":"female","title":"","user_id":1957992261},"sub_type":"normal","time":1557476571,"user_id":1957992261}
[19-05-10 16:22:56] [PicqBotX] [DEBUG(java.lang.Thread.run:748)] 收到新请求: CQHttp/4.8.0
[19-05-10 16:22:56] [PicqBotX] [DEBUG(java.lang.Thread.run:748)] - 数据: {"anonymous":null,"font":8390496,"group_id":556981260,"message":"再打就突破了","message_id":2243,"message_type":"group","post_type":"message","raw_message":"再打就突破了","self_id":2997400528,"sender":{"age":104,"area":"西安","card":"天南星-蒼頡","level":"死飞单车","nickname":"天南星","role":"member","sex":"male","title":"","user_id":695431469},"sub_type":"normal","time":1557476576,"user_id":695431469}
[19-05-10 16:23:05] [PicqBotX] [DEBUG(java.lang.Thread.run:748)] 收到新请求: CQHttp/4.8.0
[19-05-10 16:23:05] [PicqBotX] [DEBUG(java.lang.Thread.run:748)] - 数据: {"anonymous":null,"font":8389888,"group_id":556981260,"message":"不打了，","message_id":2244,"message_type":"group","post_type":"message","raw_message":"不打了，","self_id":2997400528,"sender":{"age":0,"area":"上海","card":"池鱼-亚伟","level":"小蹦哒","nickname":"池鱼","role":"member","sex":"female","title":"","user_id":1957992261},"sub_type":"normal","time":1557476585,"user_id":1957992261}
[19-05-10 16:23:11] [PicqBotX] [DEBUG(java.lang.Thread.run:748)] 收到新请求: CQHttp/4.8.0
[19-05-10 16:23:11] [PicqBotX] [DEBUG(java.lang.Thread.run:748)] - 数据: {"anonymous":null,"font":8389888,"group_id":556981260,"message":"我录音还没有弄完。","message_id":2245,"message_type":"group","post_type":"message","raw_message":"我录音还没有弄完。","self_id":2997400528,"sender":{"age":0,"area":"上海","card":"池鱼-亚伟","level":"小蹦哒","nickname":"池鱼","role":"member","sex":"female","title":"","user_id":1957992261},"sub_type":"normal","time":1557476591,"user_id":1957992261}
[19-05-10 16:23:31] [PicqBotX] [DEBUG(java.lang.Thread.run:748)] 收到新请求: CQHttp/4.8.0
[19-05-10 16:23:31] [PicqBotX] [DEBUG(java.lang.Thread.run:748)] - 数据: {"anonymous":null,"font":8389824,"group_id":556981260,"message":"什么时候出来政治文章了，我在秀一把。","message_id":2246,"message_type":"group","post_type":"message","raw_message":"什么时候出来政治文章了，我在秀一把。","self_id":2997400528,"sender":{"age":0,"area":"上海","card":"池鱼-亚伟","level":"小蹦哒","nickname":"池鱼","role":"member","sex":"female","title":"","user_id":1957992261},"sub_type":"normal","time":1557476611,"user_id":1957992261}
[19-05-10 16:23:38] [PicqBotX] [DEBUG(java.lang.Thread.run:748)] 收到新请求: CQHttp/4.8.0
[19-05-10 16:23:38] [PicqBotX] [DEBUG(java.lang.Thread.run:748)] - 数据: {"anonymous":null,"font":8390208,"group_id":556981260,"message":"这个提升的慢。","message_id":2247,"message_type":"group","post_type":"message","raw_message":"这个提升的慢。","self_id":2997400528,"sender":{"age":0,"area":"上海","card":"池鱼-亚伟","level":"小蹦哒","nickname":"池鱼","role":"member","sex":"female","title":"","user_id":1957992261},"sub_type":"normal","time":1557476618,"user_id":1957992261}
[19-05-10 16:24:14] [PicqBotX] [DEBUG(java.lang.Thread.run:748)] 收到新请求: CQHttp/4.8.0
