[19-05-06 16:35:55] [PicqBotX] [INFO] 
[19-05-06 16:35:55] [PicqBotX] [INFO]     ____  _            ____        __ _  __
[19-05-06 16:35:55] [PicqBotX] [INFO]    / __ \(_)________ _/ __ )____  / /| |/ /
[19-05-06 16:35:55] [PicqBotX] [INFO]   / /_/ / / ___/ __ `/ __  / __ \/ __/   /
[19-05-06 16:35:55] [PicqBotX] [INFO]  / ____/ / /__/ /_/ / /_/ / /_/ / /_/   |
[19-05-06 16:35:55] [PicqBotX] [INFO] /_/   /_/\___/\__, /_____/\____/\__/_/|_|
[19-05-06 16:35:55] [PicqBotX] [INFO]                 /_/         v3.2.2.896
[19-05-06 16:35:55] [PicqBotX] [INFO] 日志管理器     初始化完成 [******] ...(32.16 ms)
[19-05-06 16:35:55] [PicqBotX] [INFO] 缓存管理器     初始化完成 [******] ...(1.38 ms)
[19-05-06 16:35:55] [PicqBotX] [INFO] DEBUG设置     初始化完成 [******] ...(0.0 ms)
[19-05-06 16:35:55] [PicqBotX] [INFO] 事件管理器     初始化完成 [******] ...(28.43 ms)
[19-05-06 16:35:55] [PicqBotX] [INFO] 账号管理器     初始化完成 [******] ...(0.87 ms)
[19-05-06 16:35:55] [PicqBotX] [INFO] HTTP监听服务器 初始化完成 [******] ...(1.28 ms)
[19-05-06 16:35:56] [PicqBotX] [INFO] 指令管理器     初始化完成 [******] ...(2.03 ms)
[19-05-06 16:35:56] [PicqBotX] [WARNING] 账号 Bot01: 版本正确, 不过用酷Q Pro的话效果更好哦!
[19-05-06 16:35:56] [PicqBotX] [INFO] 账号 Bot01:   版本验证完成!
[19-05-06 16:35:56] [PicqBotX] [INFO] 正在启动...
[19-05-06 16:36:04] [PicqBotX] [DEBUG(java.lang.Thread.run:748)] 收到新请求: CQHttp/4.8.0
[19-05-06 16:36:04] [PicqBotX] [DEBUG(java.lang.Thread.run:748)] - 数据: {"anonymous":null,"font":8918056,"group_id":522394334,"message":"火绒+1","message_id":76,"message_type":"group","post_type":"message","raw_message":"火绒+1","self_id":2997400528,"sender":{"age":36,"area":"济宁","card":"msc-星兮H","level":"了解群图文件","nickname":"msc802","role":"member","sex":"male","title":"","user_id":77100870},"sub_type":"normal","time":1557131764,"user_id":77100870}
[19-05-06 16:36:13] [PicqBotX] [DEBUG(java.lang.Thread.run:748)] 收到新请求: CQHttp/4.8.0
[19-05-06 16:36:13] [PicqBotX] [DEBUG(java.lang.Thread.run:748)] - 数据: {"anonymous":null,"font":8813896,"group_id":522394334,"message":"一夜500贾正亮","message_id":77,"message_type":"group","post_type":"message","raw_message":"一夜500贾正亮","self_id":2997400528,"sender":{"age":28,"area":"吴忠","card":"垫底的蜗牛-小鹤音形","level":"中级","nickname":"大学渣","role":"member","sex":"male","title":"","user_id":307469495},"sub_type":"normal","time":1557131773,"user_id":307469495}
[19-05-06 16:36:17] [PicqBotX] [DEBUG(java.lang.Thread.run:748)] 收到新请求: CQHttp/4.8.0
[19-05-06 16:36:17] [PicqBotX] [DEBUG(java.lang.Thread.run:748)] - 数据: {"font":8918056,"message":"/help","message_id":78,"message_type":"private","post_type":"message","raw_message":"/help","self_id":2997400528,"sender":{"age":8,"nickname":"0 4 . 2 2","sex":"male","user_id":1061917196},"sub_type":"friend","time":1557131777,"user_id":1061917196}
[19-05-06 16:36:31] [PicqBotX] [DEBUG(java.lang.Thread.run:748)] 收到新请求: CQHttp/4.8.0
[19-05-06 16:36:31] [PicqBotX] [DEBUG(java.lang.Thread.run:748)] - 数据: {"font":8918472,"message":"!v","message_id":79,"message_type":"private","post_type":"message","raw_message":"!v","self_id":2997400528,"sender":{"age":8,"nickname":"0 4 . 2 2","sex":"male","user_id":1061917196},"sub_type":"friend","time":1557131791,"user_id":1061917196}
[19-05-06 16:36:31] [PicqBotX] [DEBUG(java.lang.Thread.run:748)] 收到新请求: CQHttp/4.8.0
[19-05-06 16:36:31] [PicqBotX] [DEBUG(java.lang.Thread.run:748)] - 数据: {"anonymous":null,"font":9089840,"group_id":522394334,"message":"一念之插张灵玉","message_id":81,"message_type":"group","post_type":"message","raw_message":"一念之插张灵玉","self_id":2997400528,"sender":{"age":28,"area":"吴忠","card":"垫底的蜗牛-小鹤音形","level":"中级","nickname":"大学渣","role":"member","sex":"male","title":"","user_id":307469495},"sub_type":"normal","time":1557131791,"user_id":307469495}
[19-05-06 16:36:36] [PicqBotX] [DEBUG(java.lang.Thread.run:748)] 收到新请求: CQHttp/4.8.0
[19-05-06 16:36:36] [PicqBotX] [DEBUG(java.lang.Thread.run:748)] - 数据: {"anonymous":null,"font":9089968,"group_id":522394334,"message":"[CQ:image,file=8B4837EE01CB3252DBDA7474B349F74F.png,url=https://gchat.qpic.cn/gchatpic_new/779855010/522394334-2173676007-8B4837EE01CB3252DBDA7474B349F74F/0?vuin=2997400528&amp;term=2]哈哈","message_id":82,"message_type":"group","post_type":"message","raw_message":"[CQ:image,file=8B4837EE01CB3252DBDA7474B349F74F.png]哈哈","self_id":2997400528,"sender":{"age":0,"area":"广州","card":"无聊-小鹤音形","level":"中级","nickname":"无聊","role":"member","sex":"male","title":"","user_id":779855010},"sub_type":"normal","time":1557131796,"user_id":779855010}
[19-05-06 16:36:41] [PicqBotX] [DEBUG(java.lang.Thread.run:748)] 收到新请求: CQHttp/4.8.0
[19-05-06 16:36:41] [PicqBotX] [DEBUG(java.lang.Thread.run:748)] - 数据: {"anonymous":null,"font":9090000,"group_id":522394334,"message":"[CQ:image,file=5D9A77F9F73583CF0F063527E1E01801.jpg,url=https://gchat.qpic.cn/gchatpic_new/2524098743/522394334-2632064329-5D9A77F9F73583CF0F063527E1E01801/0?vuin=1061917110&amp;term=2]","message_id":83,"message_type":"group","post_type":"message","raw_message":"[CQ:image,file=5D9A77F9F73583CF0F063527E1E01801.jpg]","self_id":2997400528,"sender":{"age":0,"area":"","card":"白焕-鹤形","level":"中级","nickname":"杂色゛","role":"member","sex":"unknown","title":"","user_id":2524098743},"sub_type":"normal","time":1557131801,"user_id":2524098743}
[19-05-06 16:36:44] [PicqBotX] [DEBUG(java.lang.Thread.run:748)] 收到新请求: CQHttp/4.8.0
[19-05-06 16:36:44] [PicqBotX] [DEBUG(java.lang.Thread.run:748)] - 数据: {"anonymous":null,"font":9090288,"group_id":522394334,"message":"一凭如洗王到长","message_id":84,"message_type":"group","post_type":"message","raw_message":"一凭如洗王到长","self_id":2997400528,"sender":{"age":28,"area":"吴忠","card":"垫底的蜗牛-小鹤音形","level":"中级","nickname":"大学渣","role":"member","sex":"male","title":"","user_id":307469495},"sub_type":"normal","time":1557131804,"user_id":307469495}
[19-05-06 16:36:59] [PicqBotX] [DEBUG(java.lang.Thread.run:748)] 收到新请求: CQHttp/4.8.0
[19-05-06 16:36:59] [PicqBotX] [DEBUG(java.lang.Thread.run:748)] - 数据: {"anonymous":null,"font":9089936,"group_id":522394334,"message":"王也道长","message_id":85,"message_type":"group","post_type":"message","raw_message":"王也道长","self_id":2997400528,"sender":{"age":0,"area":"","card":"白焕-鹤形","level":"中级","nickname":"杂色゛","role":"member","sex":"unknown","title":"","user_id":2524098743},"sub_type":"normal","time":1557131819,"user_id":2524098743}
[19-05-06 16:39:18] [PicqBotX] [DEBUG(java.lang.Thread.run:748)] 收到新请求: CQHttp/4.8.0
[19-05-06 16:39:18] [PicqBotX] [DEBUG(java.lang.Thread.run:748)] - 数据: {"anonymous":null,"font":9090384,"group_id":522394334,"message":"[CQ:image,file=842DECC1363F8189E0AA0378265624FE.jpg,url=https://gchat.qpic.cn/gchatpic_new/412615370/522394334-2885453597-842DECC1363F8189E0AA0378265624FE/0?vuin=2997400528&amp;term=2]为什么我的qq好像没有显示过广告","message_id":86,"message_type":"group","post_type":"message","raw_message":"[CQ:image,file=842DECC1363F8189E0AA0378265624FE.jpg]为什么我的qq好像没有显示过广告","self_id":2997400528,"sender":{"age":54,"area":"阿尔及利亚","card":"超级美男子-小","level":"小白","nickname":"范爷","role":"owner","sex":"male","title":"","user_id":412615370},"sub_type":"normal","time":1557131958,"user_id":412615370}
[19-05-06 16:39:58] [PicqBotX] [DEBUG(java.lang.Thread.run:748)] 收到新请求: CQHttp/4.8.0
[19-05-06 16:39:58] [PicqBotX] [DEBUG(java.lang.Thread.run:748)] - 数据: {"anonymous":null,"font":9090800,"group_id":522394334,"message":"[CQ:image,file=88BE0B64034471A265E7D244AC4C07C8.png,url=https://gchat.qpic.cn/gchatpic_new/412615370/522394334-2822793964-88BE0B64034471A265E7D244AC4C07C8/0?vuin=2997400528&amp;term=2]就这个关了就行了吧？","message_id":87,"message_type":"group","post_type":"message","raw_message":"[CQ:image,file=88BE0B64034471A265E7D244AC4C07C8.png]就这个关了就行了吧？","self_id":2997400528,"sender":{"age":54,"area":"阿尔及利亚","card":"超级美男子-小","level":"小白","nickname":"范爷","role":"owner","sex":"male","title":"","user_id":412615370},"sub_type":"normal","time":1557131998,"user_id":412615370}
[19-05-06 16:41:35] [PicqBotX] [DEBUG(java.lang.Thread.run:748)] 收到新请求: CQHttp/4.8.0
[19-05-06 16:41:35] [PicqBotX] [DEBUG(java.lang.Thread.run:748)] - 数据: {"anonymous":null,"font":9090512,"group_id":556981260,"message":"苍井空直播使用“男性产品”简单一个“涂抹”动作, 让人激动不已。\r\nhttp://news.uc.cn/a_312713337130691757/?from=UCPC","message_id":88,"message_type":"group","post_type":"message","raw_message":"苍井空直播使用“男性产品”简单一个“涂抹”动作, 让人激动不已。\r\nhttp://news.uc.cn/a_312713337130691757/?from=UCPC","self_id":2997400528,"sender":{"age":119,"area":"泽西岛","card":"豆角MM-微软","level":"波音747","nickname":"白猫王子","role":"member","sex":"male","title":"","user_id":2370792076},"sub_type":"normal","time":1557132095,"user_id":2370792076}
[19-05-06 16:41:43] [PicqBotX] [DEBUG(java.lang.Thread.run:748)] 收到新请求: CQHttp/4.8.0
[19-05-06 16:41:43] [PicqBotX] [DEBUG(java.lang.Thread.run:748)] - 数据: {"anonymous":null,"font":9090704,"group_id":522394334,"message":"[CQ:image,file=300A9B7ED1B3AAAE4C3D37684D06B7E1.png,url=https://gchat.qpic.cn/gchatpic_new/779855010/522394334-2992426693-300A9B7ED1B3AAAE4C3D37684D06B7E1/0?vuin=2997400528&amp;term=2]一直是关的","message_id":89,"message_type":"group","post_type":"message","raw_message":"[CQ:image,file=300A9B7ED1B3AAAE4C3D37684D06B7E1.png]一直是关的","self_id":2997400528,"sender":{"age":0,"area":"广州","card":"无聊-小鹤音形","level":"中级","nickname":"无聊","role":"member","sex":"male","title":"","user_id":779855010},"sub_type":"normal","time":1557132103,"user_id":779855010}
[19-05-06 16:41:52] [PicqBotX] [DEBUG(java.lang.Thread.run:748)] 收到新请求: CQHttp/4.8.0
[19-05-06 16:41:52] [PicqBotX] [DEBUG(java.lang.Thread.run:748)] - 数据: {"anonymous":null,"font":9090128,"group_id":556981260,"message":"[CQ:image,file=D54B5300F61943F2E4EC2B5BE1DDEFA3.jpg,url=https://gchat.qpic.cn/gchatpic_new/2370792076/556981260-2915418079-D54B5300F61943F2E4EC2B5BE1DDEFA3/0?vuin=2997400528&amp;term=2]","message_id":90,"message_type":"group","post_type":"message","raw_message":"[CQ:image,file=D54B5300F61943F2E4EC2B5BE1DDEFA3.jpg]","self_id":2997400528,"sender":{"age":119,"area":"泽西岛","card":"豆角MM-微软","level":"波音747","nickname":"白猫王子","role":"member","sex":"male","title":"","user_id":2370792076},"sub_type":"normal","time":1557132112,"user_id":2370792076}
[19-05-06 16:41:57] [PicqBotX] [DEBUG(java.lang.Thread.run:748)] 收到新请求: CQHttp/4.8.0
