[19-05-15 19:30:27] [PicqBotX] [INFO] 
[19-05-15 19:30:27] [PicqBotX] [INFO]     ____  _            ____        __ _  __
[19-05-15 19:30:27] [PicqBotX] [INFO]    / __ \(_)________ _/ __ )____  / /| |/ /
[19-05-15 19:30:27] [PicqBotX] [INFO]   / /_/ / / ___/ __ `/ __  / __ \/ __/   /
[19-05-15 19:30:27] [PicqBotX] [INFO]  / ____/ / /__/ /_/ / /_/ / /_/ / /_/   |
[19-05-15 19:30:27] [PicqBotX] [INFO] /_/   /_/\___/\__, /_____/\____/\__/_/|_|
[19-05-15 19:30:27] [PicqBotX] [INFO]                 /_/         v3.2.2.896
[19-05-15 19:30:27] [PicqBotX] [INFO] 日志管理器     初始化完成 [******] ...(38.78 ms)
[19-05-15 19:30:27] [PicqBotX] [INFO] 缓存管理器     初始化完成 [******] ...(1.84 ms)
[19-05-15 19:30:27] [PicqBotX] [INFO] DEBUG设置     初始化完成 [******] ...(0.01 ms)
[19-05-15 19:30:27] [PicqBotX] [INFO] 事件管理器     初始化完成 [******] ...(44.02 ms)
[19-05-15 19:30:27] [PicqBotX] [INFO] 账号管理器     初始化完成 [******] ...(1.11 ms)
[19-05-15 19:30:27] [PicqBotX] [INFO] HTTP监听服务器 初始化完成 [******] ...(2.09 ms)
[19-05-15 19:30:27] [PicqBotX] [INFO] 指令管理器     初始化完成 [******] ...(2.64 ms)
[19-05-15 19:30:27] [PicqBotX] [WARNING] 账号 Bot01: 版本正确, 不过用酷Q Pro的话效果更好哦!
[19-05-15 19:30:27] [PicqBotX] [INFO] 账号 Bot01:   版本验证完成!
[19-05-15 19:30:27] [PicqBotX] [INFO] 正在启动...
[19-05-15 19:30:35] [PicqBotX] [DEBUG(java.lang.Thread.run:748)] 收到新请求: CQHttp/4.8.0
[19-05-15 19:30:35] [PicqBotX] [DEBUG(java.lang.Thread.run:748)] - 数据: {"anonymous":null,"font":8418744,"group_id":522394334,"message":"赛文 鹤一 2019-5-15","message_id":11770,"message_type":"group","post_type":"message","raw_message":"赛文 鹤一 2019-5-15","self_id":2997400528,"sender":{"age":8,"area":"广州","card":"谭宇-养生式跟打","level":"入门","nickname":"0 4 . 2 2","role":"admin","sex":"male","title":"","user_id":1061917196},"sub_type":"normal","time":1557919835,"user_id":1061917196}
[19-05-15 19:30:39] [PicqBotX] [DEBUG(java.lang.Thread.run:748)] 收到新请求: CQHttp/4.8.0
[19-05-15 19:30:39] [PicqBotX] [DEBUG(java.lang.Thread.run:748)] - 数据: {"anonymous":null,"font":8418616,"group_id":522394334,"message":"他妹的什么鬼","message_id":11772,"message_type":"group","post_type":"message","raw_message":"他妹的什么鬼","self_id":2997400528,"sender":{"age":8,"area":"广州","card":"谭宇-养生式跟打","level":"入门","nickname":"0 4 . 2 2","role":"admin","sex":"male","title":"","user_id":1061917196},"sub_type":"normal","time":1557919839,"user_id":1061917196}
[19-05-15 19:30:52] [PicqBotX] [DEBUG(java.lang.Thread.run:748)] 收到新请求: CQHttp/4.8.0
[19-05-15 19:30:52] [PicqBotX] [DEBUG(java.lang.Thread.run:748)] - 数据: {"anonymous":null,"font":8419000,"group_id":522394334,"message":"[CQ:image,file=8C19B304F20BC61657152767ECFB31AA.png,url=https://gchat.qpic.cn/gchatpic_new/1061917196/522394334-2713198304-8C19B304F20BC61657152767ECFB31AA/0?vuin=2997400528&amp;term=2]","message_id":11773,"message_type":"group","post_type":"message","raw_message":"[CQ:image,file=8C19B304F20BC61657152767ECFB31AA.png]","self_id":2997400528,"sender":{"age":8,"area":"广州","card":"谭宇-养生式跟打","level":"入门","nickname":"0 4 . 2 2","role":"admin","sex":"male","title":"","user_id":1061917196},"sub_type":"normal","time":1557919852,"user_id":1061917196}
[19-05-15 19:30:53] [PicqBotX] [DEBUG(java.lang.Thread.run:748)] 收到新请求: CQHttp/4.8.0
[19-05-15 19:30:53] [PicqBotX] [DEBUG(java.lang.Thread.run:748)] - 数据: {"anonymous":null,"font":8419096,"group_id":522394334,"message":"明明获取到了","message_id":11774,"message_type":"group","post_type":"message","raw_message":"明明获取到了","self_id":2997400528,"sender":{"age":8,"area":"广州","card":"谭宇-养生式跟打","level":"入门","nickname":"0 4 . 2 2","role":"admin","sex":"male","title":"","user_id":1061917196},"sub_type":"normal","time":1557919853,"user_id":1061917196}
[19-05-15 19:31:15] [PicqBotX] [DEBUG(java.lang.Thread.run:748)] 收到新请求: CQHttp/4.8.0
[19-05-15 19:31:15] [PicqBotX] [DEBUG(java.lang.Thread.run:748)] - 数据: {"anonymous":null,"font":8418296,"group_id":522394334,"message":"!v","message_id":11775,"message_type":"group","post_type":"message","raw_message":"!v","self_id":2997400528,"sender":{"age":8,"area":"广州","card":"谭宇-养生式跟打","level":"入门","nickname":"0 4 . 2 2","role":"admin","sex":"male","title":"","user_id":1061917196},"sub_type":"normal","time":1557919875,"user_id":1061917196}
[19-05-15 19:31:15] [PicqBotX] [DEBUG(java.lang.Thread.run:748)] 收到新请求: CQHttp/4.8.0
[19-05-15 19:31:15] [PicqBotX] [DEBUG(java.lang.Thread.run:748)] - 数据: {"anonymous":null,"font":8418904,"group_id":522394334,"message":"拖拉机最新版本1.700\r\n可用版本1.50-1.700","message_id":11777,"message_type":"group","post_type":"message","raw_message":"拖拉机最新版本1.700\r\n可用版本1.50-1.700","self_id":2997400528,"sender":{"age":22,"area":"广州","card":"拖拉机人工智障","level":"了解群图文件","nickname":"鹤","role":"member","sex":"female","title":"","user_id":1061917110},"sub_type":"normal","time":1557919875,"user_id":1061917110}
[19-05-15 19:31:34] [PicqBotX] [DEBUG(java.lang.Thread.run:748)] 收到新请求: CQHttp/4.8.0
[19-05-15 19:31:34] [PicqBotX] [DEBUG(java.lang.Thread.run:748)] - 数据: {"meta_event_type":"lifecycle","post_type":"meta_event","self_id":2997400528,"sub_type":"enable","time":1557919894}
[19-05-15 19:31:44] [PicqBotX] [DEBUG(java.lang.Thread.run:748)] 收到新请求: CQHttp/4.8.0
[19-05-15 19:31:44] [PicqBotX] [DEBUG(java.lang.Thread.run:748)] - 数据: {"anonymous":null,"font":7379392,"group_id":522394334,"message":"cc(2997400528) 被管理员解除禁言","message_id":11778,"message_type":"group","post_type":"message","raw_message":"cc(2997400528) 被管理员解除禁言","self_id":2997400528,"sender":{"age":0,"nickname":"应用消息","sex":"unknown","user_id":1000000},"sub_type":"notice","time":1557919904,"user_id":1000000}
[19-05-15 19:31:45] [PicqBotX] [DEBUG(java.lang.Thread.run:748)] 收到新请求: CQHttp/4.8.0
[19-05-15 19:31:45] [PicqBotX] [DEBUG(java.lang.Thread.run:748)] - 数据: {"anonymous":null,"font":7379872,"group_id":522394334,"message":"赛文 鹤一 2019-5-15","message_id":11779,"message_type":"group","post_type":"message","raw_message":"赛文 鹤一 2019-5-15","self_id":2997400528,"sender":{"age":8,"area":"广州","card":"谭宇-养生式跟打","level":"入门","nickname":"0 4 . 2 2","role":"admin","sex":"male","title":"","user_id":1061917196},"sub_type":"normal","time":1557919905,"user_id":1061917196}
[19-05-15 19:31:46] [PicqBotX] [DEBUG(java.lang.Thread.run:748)] 收到新请求: CQHttp/4.8.0
[19-05-15 19:31:46] [PicqBotX] [DEBUG(java.lang.Thread.run:748)] - 数据: {"anonymous":null,"font":7379936,"group_id":723795668,"message":"可以可以","message_id":11781,"message_type":"group","post_type":"message","raw_message":"可以可以","self_id":2997400528,"sender":{"age":22,"area":"梧州","card":"菜鸟小鹤双拼","level":"高手","nickname":"放空","role":"member","sex":"female","title":"","user_id":1468665177},"sub_type":"normal","time":1557919906,"user_id":1468665177}
[19-05-15 19:31:47] [PicqBotX] [DEBUG(java.lang.Thread.run:748)] 收到新请求: CQHttp/4.8.0
[19-05-15 19:31:47] [PicqBotX] [DEBUG(java.lang.Thread.run:748)] - 数据: {"anonymous":null,"font":7379392,"group_id":522394334,"message":"开个小玩笑","message_id":11782,"message_type":"group","post_type":"message","raw_message":"开个小玩笑","self_id":2997400528,"sender":{"age":8,"area":"广州","card":"谭宇-养生式跟打","level":"入门","nickname":"0 4 . 2 2","role":"admin","sex":"male","title":"","user_id":1061917196},"sub_type":"normal","time":1557919907,"user_id":1061917196}
[19-05-15 19:31:52] [PicqBotX] [DEBUG(java.lang.Thread.run:748)] 收到新请求: CQHttp/4.8.0
[19-05-15 19:31:52] [PicqBotX] [DEBUG(java.lang.Thread.run:748)] - 数据: {"anonymous":null,"font":7379392,"group_id":522394334,"message":"[CQ:image,file=0DA4CDDDE11A5F9FBB91321753F96819.png,url=https://gchat.qpic.cn/gchatpic_new/1061917196/522394334-2844681014-0DA4CDDDE11A5F9FBB91321753F96819/0?vuin=2997400528&amp;term=2]","message_id":11783,"message_type":"group","post_type":"message","raw_message":"[CQ:image,file=0DA4CDDDE11A5F9FBB91321753F96819.png]","self_id":2997400528,"sender":{"age":8,"area":"广州","card":"谭宇-养生式跟打","level":"入门","nickname":"0 4 . 2 2","role":"admin","sex":"male","title":"","user_id":1061917196},"sub_type":"normal","time":1557919912,"user_id":1061917196}
[19-05-15 19:31:55] [PicqBotX] [DEBUG(java.lang.Thread.run:748)] 收到新请求: CQHttp/4.8.0
[19-05-15 19:31:55] [PicqBotX] [DEBUG(java.lang.Thread.run:748)] - 数据: {"anonymous":null,"font":7379616,"group_id":522394334,"message":"我好秀","message_id":11784,"message_type":"group","post_type":"message","raw_message":"我好秀","self_id":2997400528,"sender":{"age":8,"area":"广州","card":"谭宇-养生式跟打","level":"入门","nickname":"0 4 . 2 2","role":"admin","sex":"male","title":"","user_id":1061917196},"sub_type":"normal","time":1557919915,"user_id":1061917196}
[19-05-15 19:32:02] [PicqBotX] [DEBUG(java.lang.Thread.run:748)] 收到新请求: CQHttp/4.8.0
[19-05-15 19:32:02] [PicqBotX] [DEBUG(java.lang.Thread.run:748)] - 数据: {"anonymous":null,"font":7379872,"group_id":556981260,"message":"名词造一堆，听着越高级越好，越听不懂越好","message_id":11785,"message_type":"group","post_type":"message","raw_message":"名词造一堆，听着越高级越好，越听不懂越好","self_id":2997400528,"sender":{"age":0,"area":"石家庄","card":"瓜牛-二笔","level":"波音747","nickname":"明媚阳光","role":"member","sex":"male","title":"一个小蹦哒","user_id":523856782},"sub_type":"normal","time":1557919922,"user_id":523856782}
[19-05-15 19:32:20] [PicqBotX] [DEBUG(java.lang.Thread.run:748)] 收到新请求: CQHttp/4.8.0
[19-05-15 19:32:20] [PicqBotX] [DEBUG(java.lang.Thread.run:748)] - 数据: {"anonymous":null,"font":7379040,"group_id":723795668,"message":"随机一文，长度500","message_id":11786,"message_type":"group","post_type":"message","raw_message":"随机一文，长度500","self_id":2997400528,"sender":{"age":22,"area":"梧州","card":"菜鸟小鹤双拼","level":"高手","nickname":"放空","role":"member","sex":"female","title":"","user_id":1468665177},"sub_type":"normal","time":1557919940,"user_id":1468665177}
[19-05-15 19:32:21] [PicqBotX] [DEBUG(java.lang.Thread.run:748)] 收到新请求: CQHttp/4.8.0
[19-05-15 19:32:21] [PicqBotX] [DEBUG(java.lang.Thread.run:748)] - 数据: {"anonymous":null,"font":7379936,"group_id":723795668,"message":"《孤独是一个人的骨头》散文第1期-作者：柴静\r\n《分家在十月》是他做的，很多人都看过。在2000年的年会上，看了这个片子之后，我来了评论部。刚到就赶上评论部的主持人合影。在《焦点访谈》的演播室里，前排是敬大姐，白岩松，水均益…还有他。我是刚来的小姑娘，自然而然站在后面。他转头看到我。轻轻扶了一下我的胳膊，把我带到第一排中心他的位置。那个时候，他还不知道我的名字。他也不知道，后来每一年评论部的年会，看他的主持都是我的大节目，看他在台上手挥目送，开领导的玩笑，戏噱锋头人物，逗逗女同事，但让大家永远在最真挚的东西面前掉下眼泪。台下众人呼喝，叫彩，吹口哨。大家都爱他。后来常常在食堂遇见他，远远看着，面色不太好，我们几个都为他担忧。有次去部里开会，他晚来，众人面前，自自然然地说“我的抑郁症…”。我呆住，只顾看他。很久后，发短信，去看看他。他那时正寄望于童年幻梦，一大屋子，都是老电影的剧照，他自己穿了各种各样的旧年代的衣服，扮戏中人。我们坐谈数小时。他说得病的前后经过。他说的淡定，我听得揪心。再见他，是某个下午。坐在电脑前头的时候，突然办公室门开了，他走进来。“咦？”我很惊喜。“你找谁？”“找你。”他坐下了。在我对面。然后我们聊天，我坐他对面。\r\n-----第1段-----","message_id":11787,"message_type":"group","post_type":"message","raw_message":"《孤独是一个人的骨头》散文第1期-作者：柴静\r\n《分家在十月》是他做的，很多人都看过。在2000年的年会上，看了这个片子之后，我来了评论部。刚到就赶上评论部的主持人合影。在《焦点访谈》的演播室里，前排是敬大姐，白岩松，水均益…还有他。我是刚来的小姑娘，自然而然站在后面。他转头看到我。轻轻扶了一下我的胳膊，把我带到第一排中心他的位置。那个时候，他还不知道我的名字。他也不知道，后来每一年评论部的年会，看他的主持都是我的大节目，看他在台上手挥目送，开领导的玩笑，戏噱锋头人物，逗逗女同事，但让大家永远在最真挚的东西面前掉下眼泪。台下众人呼喝，叫彩，吹口哨。大家都爱他。后来常常在食堂遇见他，远远看着，面色不太好，我们几个都为他担忧。有次去部里开会，他晚来，众人面前，自自然然地说“我的抑郁症…”。我呆住，只顾看他。很久后，发短信，去看看他。他那时正寄望于童年幻梦，一大屋子，都是老电影的剧照，他自己穿了各种各样的旧年代的衣服，扮戏中人。我们坐谈数小时。他说得病的前后经过。他说的淡定，我听得揪心。再见他，是某个下午。坐在电脑前头的时候，突然办公室门开了，他走进来。“咦？”我很惊喜。“你找谁？”“找你。”他坐下了。在我对面。然后我们聊天，我坐他对面。\r\n-----第1段-----","self_id":2997400528,"sender":{"age":1,"area":"","card":"群帅","level":"小白","nickname":"拆小鹤","role":"member","sex":"female","title":"","user_id":428826691},"sub_type":"normal","time":1557919941,"user_id":428826691}
[19-05-15 19:32:26] [PicqBotX] [DEBUG(java.lang.Thread.run:748)] 收到新请求: CQHttp/4.8.0
[19-05-15 19:32:26] [PicqBotX] [DEBUG(java.lang.Thread.run:748)] - 数据: {"anonymous":null,"font":7379936,"group_id":522394334,"message":"[CQ:image,file=842DECC1363F8189E0AA0378265624FE.jpg,url=https://gchat.qpic.cn/gchatpic_new/779855010/556981260-2660841148-842DECC1363F8189E0AA0378265624FE/0?vuin=2997400528&amp;term=2]","message_id":11788,"message_type":"group","post_type":"message","raw_message":"[CQ:image,file=842DECC1363F8189E0AA0378265624FE.jpg]","self_id":2997400528,"sender":{"age":0,"area":"广州","card":"无聊-小鹤音形","level":"中级","nickname":"无聊","role":"member","sex":"male","title":"","user_id":779855010},"sub_type":"normal","time":1557919946,"user_id":779855010}
[19-05-15 19:36:46] [PicqBotX] [DEBUG(java.lang.Thread.run:748)] 收到新请求: CQHttp/4.8.0
[19-05-15 19:36:46] [PicqBotX] [DEBUG(java.lang.Thread.run:748)] - 数据: {"anonymous":null,"font":7378880,"group_id":556981260,"message":"查询 无聊","message_id":11789,"message_type":"group","post_type":"message","raw_message":"查询 无聊","self_id":2997400528,"sender":{"age":0,"area":"广州","card":"无聊-小鹤","level":"新日电动车","nickname":"无聊","role":"member","sex":"male","title":"","user_id":779855010},"sub_type":"normal","time":1557920206,"user_id":779855010}
[19-05-15 19:36:47] [PicqBotX] [DEBUG(java.lang.Thread.run:748)] 收到新请求: CQHttp/4.8.0
[19-05-15 19:36:47] [PicqBotX] [DEBUG(java.lang.Thread.run:748)] - 数据: {"anonymous":null,"font":7178704,"group_id":556981260,"message":"[CQ:at,qq=779855010]\r\n用户名：无聊 Q号：779855010\r\n上屏赛文成绩次数：12\r\n平均速度：143.25 平均击键：6.42 平均码长：2.74","message_id":11791,"message_type":"group","post_type":"message","raw_message":"[CQ:at,qq=779855010]\r\n用户名：无聊 Q号：779855010\r\n上屏赛文成绩次数：12\r\n平均速度：143.25 平均击键：6.42 平均码长：2.74","self_id":2997400528,"sender":{"age":22,"area":"广州","card":"鹤-单","level":"死飞单车","nickname":"鹤","role":"member","sex":"female","title":"","user_id":1061917110},"sub_type":"normal","time":1557920207,"user_id":1061917110}
[19-05-15 19:37:02] [PicqBotX] [DEBUG(java.lang.Thread.run:748)] 收到新请求: CQHttp/4.8.0
[19-05-15 19:37:02] [PicqBotX] [DEBUG(java.lang.Thread.run:748)] - 数据: {"anonymous":null,"font":7378848,"group_id":556981260,"message":"查询 瓜牛","message_id":11792,"message_type":"group","post_type":"message","raw_message":"查询 瓜牛","self_id":2997400528,"sender":{"age":0,"area":"石家庄","card":"瓜牛-二笔","level":"波音747","nickname":"明媚阳光","role":"member","sex":"male","title":"一个小蹦哒","user_id":523856782},"sub_type":"normal","time":1557920222,"user_id":523856782}
[19-05-15 19:37:03] [PicqBotX] [DEBUG(java.lang.Thread.run:748)] 收到新请求: CQHttp/4.8.0
[19-05-15 19:37:03] [PicqBotX] [DEBUG(java.lang.Thread.run:748)] - 数据: {"anonymous":null,"font":7178768,"group_id":556981260,"message":"[CQ:at,qq=523856782]\r\n获取失败，无成绩或无名称，先打一篇赛文上屏成绩试试看吧，忘记群名片可以用Q号查询哦","message_id":11794,"message_type":"group","post_type":"message","raw_message":"[CQ:at,qq=523856782]\r\n获取失败，无成绩或无名称，先打一篇赛文上屏成绩试试看吧，忘记群名片可以用Q号查询哦","self_id":2997400528,"sender":{"age":22,"area":"广州","card":"鹤-单","level":"死飞单车","nickname":"鹤","role":"member","sex":"female","title":"","user_id":1061917110},"sub_type":"normal","time":1557920222,"user_id":1061917110}
[19-05-15 19:37:16] [PicqBotX] [DEBUG(java.lang.Thread.run:748)] 收到新请求: CQHttp/4.8.0
[19-05-15 19:37:16] [PicqBotX] [DEBUG(java.lang.Thread.run:748)] - 数据: {"anonymous":null,"font":7378912,"group_id":556981260,"message":"辣条先打文啊","message_id":11795,"message_type":"group","post_type":"message","raw_message":"辣条先打文啊","self_id":2997400528,"sender":{"age":0,"area":"广州","card":"无聊-小鹤","level":"新日电动车","nickname":"无聊","role":"member","sex":"male","title":"","user_id":779855010},"sub_type":"normal","time":1557920236,"user_id":779855010}
[19-05-15 19:37:22] [PicqBotX] [DEBUG(java.lang.Thread.run:748)] 收到新请求: CQHttp/4.8.0
