[19-05-15 19:28:06] [PicqBotX] [INFO] 
[19-05-15 19:28:06] [PicqBotX] [INFO]     ____  _            ____        __ _  __
[19-05-15 19:28:06] [PicqBotX] [INFO]    / __ \(_)________ _/ __ )____  / /| |/ /
[19-05-15 19:28:06] [PicqBotX] [INFO]   / /_/ / / ___/ __ `/ __  / __ \/ __/   /
[19-05-15 19:28:06] [PicqBotX] [INFO]  / ____/ / /__/ /_/ / /_/ / /_/ / /_/   |
[19-05-15 19:28:06] [PicqBotX] [INFO] /_/   /_/\___/\__, /_____/\____/\__/_/|_|
[19-05-15 19:28:06] [PicqBotX] [INFO]                 /_/         v3.2.2.896
[19-05-15 19:28:06] [PicqBotX] [INFO] 日志管理器     初始化完成 [******] ...(28.68 ms)
[19-05-15 19:28:06] [PicqBotX] [INFO] 缓存管理器     初始化完成 [******] ...(1.75 ms)
[19-05-15 19:28:06] [PicqBotX] [INFO] DEBUG设置     初始化完成 [******] ...(0.01 ms)
[19-05-15 19:28:06] [PicqBotX] [INFO] 事件管理器     初始化完成 [******] ...(29.85 ms)
[19-05-15 19:28:06] [PicqBotX] [INFO] 账号管理器     初始化完成 [******] ...(0.96 ms)
[19-05-15 19:28:06] [PicqBotX] [INFO] HTTP监听服务器 初始化完成 [******] ...(1.45 ms)
[19-05-15 19:28:06] [PicqBotX] [INFO] 指令管理器     初始化完成 [******] ...(1.62 ms)
[19-05-15 19:28:06] [PicqBotX] [WARNING] 账号 Bot01: 版本正确, 不过用酷Q Pro的话效果更好哦!
[19-05-15 19:28:06] [PicqBotX] [INFO] 账号 Bot01:   版本验证完成!
[19-05-15 19:28:06] [PicqBotX] [INFO] 正在启动...
[19-05-15 19:28:07] [PicqBotX] [DEBUG(java.lang.Thread.run:748)] 收到新请求: CQHttp/4.8.0
[19-05-15 19:28:07] [PicqBotX] [DEBUG(java.lang.Thread.run:748)] - 数据: {"anonymous":null,"font":8418616,"group_id":522394334,"message":"赛文 鹤一 2019-5-15","message_id":11757,"message_type":"group","post_type":"message","raw_message":"赛文 鹤一 2019-5-15","self_id":2997400528,"sender":{"age":8,"area":"广州","card":"谭宇-养生式跟打","level":"入门","nickname":"0 4 . 2 2","role":"admin","sex":"male","title":"","user_id":1061917196},"sub_type":"normal","time":1557919687,"user_id":1061917196}
[19-05-15 19:28:14] [PicqBotX] [DEBUG(java.lang.Thread.run:748)] 收到新请求: CQHttp/4.8.0
[19-05-15 19:28:14] [PicqBotX] [DEBUG(java.lang.Thread.run:748)] - 数据: {"anonymous":null,"font":8419096,"group_id":522394334,"message":"看接受力","message_id":11759,"message_type":"group","post_type":"message","raw_message":"看接受力","self_id":2997400528,"sender":{"age":0,"area":"广州","card":"无聊-小鹤音形","level":"中级","nickname":"无聊","role":"member","sex":"male","title":"","user_id":779855010},"sub_type":"normal","time":1557919694,"user_id":779855010}
[19-05-15 19:28:20] [PicqBotX] [DEBUG(java.lang.Thread.run:748)] 收到新请求: CQHttp/4.8.0
[19-05-15 19:28:20] [PicqBotX] [DEBUG(java.lang.Thread.run:748)] - 数据: {"anonymous":null,"font":8418968,"group_id":522394334,"message":"直接上都行","message_id":11760,"message_type":"group","post_type":"message","raw_message":"直接上都行","self_id":2997400528,"sender":{"age":0,"area":"广州","card":"无聊-小鹤音形","level":"中级","nickname":"无聊","role":"member","sex":"male","title":"","user_id":779855010},"sub_type":"normal","time":1557919700,"user_id":779855010}
[19-05-15 19:28:55] [PicqBotX] [DEBUG(java.lang.Thread.run:748)] 收到新请求: CQHttp/4.8.0
[19-05-15 19:28:55] [PicqBotX] [DEBUG(java.lang.Thread.run:748)] - 数据: {"anonymous":null,"font":8418424,"group_id":522394334,"message":"哦。。没坏","message_id":11761,"message_type":"group","post_type":"message","raw_message":"哦。。没坏","self_id":2997400528,"sender":{"age":8,"area":"广州","card":"谭宇-养生式跟打","level":"入门","nickname":"0 4 . 2 2","role":"admin","sex":"male","title":"","user_id":1061917196},"sub_type":"normal","time":1557919735,"user_id":1061917196}
[19-05-15 19:28:59] [PicqBotX] [DEBUG(java.lang.Thread.run:748)] 收到新请求: CQHttp/4.8.0
[19-05-15 19:28:59] [PicqBotX] [DEBUG(java.lang.Thread.run:748)] - 数据: {"anonymous":null,"font":8418904,"group_id":522394334,"message":"是那个。号不在这群","message_id":11762,"message_type":"group","post_type":"message","raw_message":"是那个。号不在这群","self_id":2997400528,"sender":{"age":8,"area":"广州","card":"谭宇-养生式跟打","level":"入门","nickname":"0 4 . 2 2","role":"admin","sex":"male","title":"","user_id":1061917196},"sub_type":"normal","time":1557919739,"user_id":1061917196}
[19-05-15 19:29:00] [PicqBotX] [DEBUG(java.lang.Thread.run:748)] 收到新请求: CQHttp/4.8.0
