[19-05-18 17:28:49] [PicqBotX] [INFO] 
[19-05-18 17:28:49] [PicqBotX] [INFO]     ____  _            ____        __ _  __
[19-05-18 17:28:49] [PicqBotX] [INFO]    / __ \(_)________ _/ __ )____  / /| |/ /
[19-05-18 17:28:49] [PicqBotX] [INFO]   / /_/ / / ___/ __ `/ __  / __ \/ __/   /
[19-05-18 17:28:49] [PicqBotX] [INFO]  / ____/ / /__/ /_/ / /_/ / /_/ / /_/   |
[19-05-18 17:28:49] [PicqBotX] [INFO] /_/   /_/\___/\__, /_____/\____/\__/_/|_|
[19-05-18 17:28:49] [PicqBotX] [INFO]                 /_/         v3.2.2.896
[19-05-18 17:28:49] [PicqBotX] [INFO] 日志管理器     初始化完成 [******] ...(37.05 ms)
[19-05-18 17:28:49] [PicqBotX] [INFO] 缓存管理器     初始化完成 [******] ...(2.3 ms)
[19-05-18 17:28:49] [PicqBotX] [INFO] DEBUG设置     初始化完成 [******] ...(0.01 ms)
[19-05-18 17:28:49] [PicqBotX] [INFO] 事件管理器     初始化完成 [******] ...(37.99 ms)
[19-05-18 17:28:49] [PicqBotX] [INFO] 账号管理器     初始化完成 [******] ...(1.08 ms)
[19-05-18 17:28:49] [PicqBotX] [INFO] HTTP监听服务器 初始化完成 [******] ...(2.04 ms)
[19-05-18 17:28:50] [PicqBotX] [INFO] 指令管理器     初始化完成 [******] ...(1.83 ms)
[19-05-18 17:28:50] [PicqBotX] [WARNING] 账号 Bot01: 版本正确, 不过用酷Q Pro的话效果更好哦!
[19-05-18 17:28:50] [PicqBotX] [INFO] 账号 Bot01:   版本验证完成!
[19-05-18 17:28:50] [PicqBotX] [INFO] 正在启动...
[19-05-18 17:28:52] [PicqBotX] [DEBUG(java.lang.Thread.run:748)] 收到新请求: CQHttp/4.8.0
[19-05-18 17:28:52] [PicqBotX] [DEBUG(java.lang.Thread.run:748)] - 数据: {"anonymous":null,"font":8470736,"group_id":556981260,"message":"看看现在，好多萌新已经走到了你前面","message_id":18448,"message_type":"group","post_type":"message","raw_message":"看看现在，好多萌新已经走到了你前面","self_id":2997400528,"sender":{"age":0,"area":"","card":"白焕 - 鹤鹤鹤","level":"新日电动车","nickname":"杂色a","role":"member","sex":"unknown","title":"","user_id":2524098743},"sub_type":"normal","time":1558171732,"user_id":2524098743}
[19-05-18 17:29:01] [PicqBotX] [DEBUG(java.lang.Thread.run:748)] 收到新请求: CQHttp/4.8.0
[19-05-18 17:29:01] [PicqBotX] [DEBUG(java.lang.Thread.run:748)] - 数据: {"anonymous":null,"font":8470288,"group_id":556981260,"message":"看你那么努力，速度依旧上不去","message_id":18449,"message_type":"group","post_type":"message","raw_message":"看你那么努力，速度依旧上不去","self_id":2997400528,"sender":{"age":0,"area":"","card":"白焕 - 鹤鹤鹤","level":"新日电动车","nickname":"杂色a","role":"member","sex":"unknown","title":"","user_id":2524098743},"sub_type":"normal","time":1558171741,"user_id":2524098743}
[19-05-18 17:29:14] [PicqBotX] [DEBUG(java.lang.Thread.run:748)] 收到新请求: CQHttp/4.8.0
[19-05-18 17:29:14] [PicqBotX] [DEBUG(java.lang.Thread.run:748)] - 数据: {"anonymous":null,"font":8470096,"group_id":556981260,"message":"为你着急","message_id":18450,"message_type":"group","post_type":"message","raw_message":"为你着急","self_id":2997400528,"sender":{"age":0,"area":"","card":"白焕 - 鹤鹤鹤","level":"新日电动车","nickname":"杂色a","role":"member","sex":"unknown","title":"","user_id":2524098743},"sub_type":"normal","time":1558171754,"user_id":2524098743}
[19-05-18 17:29:38] [PicqBotX] [DEBUG(java.lang.Thread.run:748)] 收到新请求: CQHttp/4.8.0
[19-05-18 17:29:38] [PicqBotX] [DEBUG(java.lang.Thread.run:748)] - 数据: {"anonymous":null,"font":8470256,"group_id":522394334,"message":"其实我想法挺简单的，就是做不出来","message_id":18451,"message_type":"group","post_type":"message","raw_message":"其实我想法挺简单的，就是做不出来","self_id":2997400528,"sender":{"age":0,"area":"","card":"白焕-鹤形","level":"中级","nickname":"杂色a","role":"member","sex":"unknown","title":"","user_id":2524098743},"sub_type":"normal","time":1558171778,"user_id":2524098743}
[19-05-18 17:29:41] [PicqBotX] [DEBUG(java.lang.Thread.run:748)] 收到新请求: CQHttp/4.8.0
[19-05-18 17:29:41] [PicqBotX] [DEBUG(java.lang.Thread.run:748)] - 数据: {"anonymous":null,"font":8470352,"group_id":522394334,"message":"[CQ:face,id=182][CQ:face,id=182]","message_id":18452,"message_type":"group","post_type":"message","raw_message":"[CQ:face,id=182][CQ:face,id=182]","self_id":2997400528,"sender":{"age":0,"area":"","card":"白焕-鹤形","level":"中级","nickname":"杂色a","role":"member","sex":"unknown","title":"","user_id":2524098743},"sub_type":"normal","time":1558171781,"user_id":2524098743}
[19-05-18 17:29:47] [PicqBotX] [DEBUG(java.lang.Thread.run:748)] 收到新请求: CQHttp/4.8.0
