[19-05-15 16:39:51] [PicqBotX] [INFO] 
[19-05-15 16:39:51] [PicqBotX] [INFO]     ____  _            ____        __ _  __
[19-05-15 16:39:51] [PicqBotX] [INFO]    / __ \(_)________ _/ __ )____  / /| |/ /
[19-05-15 16:39:51] [PicqBotX] [INFO]   / /_/ / / ___/ __ `/ __  / __ \/ __/   /
[19-05-15 16:39:51] [PicqBotX] [INFO]  / ____/ / /__/ /_/ / /_/ / /_/ / /_/   |
[19-05-15 16:39:51] [PicqBotX] [INFO] /_/   /_/\___/\__, /_____/\____/\__/_/|_|
[19-05-15 16:39:51] [PicqBotX] [INFO]                 /_/         v3.2.2.896
[19-05-15 16:39:51] [PicqBotX] [INFO] 日志管理器     初始化完成 [******] ...(27.31 ms)
[19-05-15 16:39:51] [PicqBotX] [INFO] 缓存管理器     初始化完成 [******] ...(1.61 ms)
[19-05-15 16:39:51] [PicqBotX] [INFO] DEBUG设置     初始化完成 [******] ...(0.01 ms)
[19-05-15 16:39:51] [PicqBotX] [INFO] 事件管理器     初始化完成 [******] ...(26.91 ms)
[19-05-15 16:39:51] [PicqBotX] [INFO] 账号管理器     初始化完成 [******] ...(1.18 ms)
[19-05-15 16:39:51] [PicqBotX] [INFO] HTTP监听服务器 初始化完成 [******] ...(1.46 ms)
[19-05-15 16:39:52] [PicqBotX] [INFO] 指令管理器     初始化完成 [******] ...(2.45 ms)
[19-05-15 16:39:52] [PicqBotX] [WARNING] 账号 Bot01: 版本正确, 不过用酷Q Pro的话效果更好哦!
[19-05-15 16:39:52] [PicqBotX] [INFO] 账号 Bot01:   版本验证完成!
[19-05-15 16:39:52] [PicqBotX] [INFO] 正在启动...
[19-05-15 16:40:17] [PicqBotX] [DEBUG(java.lang.Thread.run:748)] 收到新请求: CQHttp/4.8.0
[19-05-15 16:40:17] [PicqBotX] [DEBUG(java.lang.Thread.run:748)] - 数据: {"font":8103336,"message":"设置名片 无聊","message_id":11305,"message_type":"private","post_type":"message","raw_message":"设置名片 无聊","self_id":2997400528,"sender":{"age":8,"nickname":"0 4 . 2 2","sex":"male","user_id":1061917196},"sub_type":"friend","time":1557909617,"user_id":1061917196}
[19-05-15 16:40:24] [PicqBotX] [DEBUG(java.lang.Thread.run:748)] 收到新请求: CQHttp/4.8.0
[19-05-15 16:40:24] [PicqBotX] [DEBUG(java.lang.Thread.run:748)] - 数据: {"font":8103368,"message":"设置名片 无聊","message_id":11308,"message_type":"private","post_type":"message","raw_message":"设置名片 无聊","self_id":2997400528,"sender":{"age":8,"nickname":"0 4 . 2 2","sex":"male","user_id":1061917196},"sub_type":"friend","time":1557909624,"user_id":1061917196}
[19-05-15 16:40:28] [PicqBotX] [DEBUG(java.lang.Thread.run:748)] 收到新请求: CQHttp/4.8.0
[19-05-15 16:40:28] [PicqBotX] [DEBUG(java.lang.Thread.run:748)] - 数据: {"font":8103144,"message":"设置名片 谭宇","message_id":11311,"message_type":"private","post_type":"message","raw_message":"设置名片 谭宇","self_id":2997400528,"sender":{"age":8,"nickname":"0 4 . 2 2","sex":"male","user_id":1061917196},"sub_type":"friend","time":1557909628,"user_id":1061917196}
[19-05-15 16:40:44] [PicqBotX] [DEBUG(java.lang.Thread.run:748)] 收到新请求: CQHttp/4.8.0
