[19-05-16 21:50:18] [PicqBotX] [INFO] 
[19-05-16 21:50:18] [PicqBotX] [INFO]     ____  _            ____        __ _  __
[19-05-16 21:50:18] [PicqBotX] [INFO]    / __ \(_)________ _/ __ )____  / /| |/ /
[19-05-16 21:50:18] [PicqBotX] [INFO]   / /_/ / / ___/ __ `/ __  / __ \/ __/   /
[19-05-16 21:50:18] [PicqBotX] [INFO]  / ____/ / /__/ /_/ / /_/ / /_/ / /_/   |
[19-05-16 21:50:18] [PicqBotX] [INFO] /_/   /_/\___/\__, /_____/\____/\__/_/|_|
[19-05-16 21:50:18] [PicqBotX] [INFO]                 /_/         v3.2.2.896
[19-05-16 21:50:18] [PicqBotX] [INFO] 日志管理器     初始化完成 [******] ...(39.63 ms)
[19-05-16 21:50:18] [PicqBotX] [INFO] 缓存管理器     初始化完成 [******] ...(2.24 ms)
[19-05-16 21:50:18] [PicqBotX] [INFO] DEBUG设置     初始化完成 [******] ...(0.01 ms)
[19-05-16 21:50:18] [PicqBotX] [INFO] 事件管理器     初始化完成 [******] ...(45.62 ms)
[19-05-16 21:50:18] [PicqBotX] [INFO] 账号管理器     初始化完成 [******] ...(1.57 ms)
[19-05-16 21:50:18] [PicqBotX] [INFO] HTTP监听服务器 初始化完成 [******] ...(2.2 ms)
[19-05-16 21:50:18] [PicqBotX] [INFO] 指令管理器     初始化完成 [******] ...(2.01 ms)
[19-05-16 21:50:18] [PicqBotX] [WARNING] 账号 Bot01: 版本正确, 不过用酷Q Pro的话效果更好哦!
[19-05-16 21:50:18] [PicqBotX] [INFO] 账号 Bot01:   版本验证完成!
[19-05-16 21:50:18] [PicqBotX] [INFO] 正在启动...
[19-05-16 21:50:42] [PicqBotX] [DEBUG(java.lang.Thread.run:748)] 收到新请求: CQHttp/4.8.0
[19-05-16 21:50:42] [PicqBotX] [DEBUG(java.lang.Thread.run:748)] - 数据: {"anonymous":null,"font":43738696,"group_id":522394334,"message":"#随机战场 10 3 3","message_id":13562,"message_type":"group","post_type":"message","raw_message":"#随机战场 10 3 3","self_id":2997400528,"sender":{"age":8,"area":"广州","card":"谭宇-养生式跟打","level":"入门","nickname":"0 4 . 2 2","role":"admin","sex":"male","title":"","user_id":1061917196},"sub_type":"normal","time":1558014641,"user_id":1061917196}
[19-05-16 21:50:43] [PicqBotX] [DEBUG(java.lang.Thread.run:748)] 收到新请求: CQHttp/4.8.0
[19-05-16 21:50:43] [PicqBotX] [DEBUG(java.lang.Thread.run:748)] - 数据: {"anonymous":null,"font":43738216,"group_id":522394334,"message":"#加入战场","message_id":13564,"message_type":"group","post_type":"message","raw_message":"#加入战场","self_id":2997400528,"sender":{"age":8,"area":"广州","card":"谭宇-养生式跟打","level":"入门","nickname":"0 4 . 2 2","role":"admin","sex":"male","title":"","user_id":1061917196},"sub_type":"normal","time":1558014643,"user_id":1061917196}
[19-05-16 21:50:45] [PicqBotX] [DEBUG(java.lang.Thread.run:748)] 收到新请求: CQHttp/4.8.0
[19-05-16 21:50:45] [PicqBotX] [DEBUG(java.lang.Thread.run:748)] - 数据: {"anonymous":null,"font":43738120,"group_id":522394334,"message":"#战场成员","message_id":13566,"message_type":"group","post_type":"message","raw_message":"#战场成员","self_id":2997400528,"sender":{"age":8,"area":"广州","card":"谭宇-养生式跟打","level":"入门","nickname":"0 4 . 2 2","role":"admin","sex":"male","title":"","user_id":1061917196},"sub_type":"normal","time":1558014645,"user_id":1061917196}
[19-05-16 21:50:51] [PicqBotX] [DEBUG(java.lang.Thread.run:748)] 收到新请求: CQHttp/4.8.0
[19-05-16 21:50:51] [PicqBotX] [DEBUG(java.lang.Thread.run:748)] - 数据: {"anonymous":null,"font":43738120,"group_id":522394334,"message":"#战场启动","message_id":13568,"message_type":"group","post_type":"message","raw_message":"#战场启动","self_id":2997400528,"sender":{"age":8,"area":"广州","card":"谭宇-养生式跟打","level":"入门","nickname":"0 4 . 2 2","role":"admin","sex":"male","title":"","user_id":1061917196},"sub_type":"normal","time":1558014650,"user_id":1061917196}
[19-05-16 21:50:53] [PicqBotX] [DEBUG(java.lang.Thread.run:748)] 收到新请求: CQHttp/4.8.0
[19-05-16 21:50:53] [PicqBotX] [DEBUG(java.lang.Thread.run:748)] - 数据: {"anonymous":null,"font":43648664,"group_id":522394334,"message":"众所周","message_id":13571,"message_type":"group","post_type":"message","raw_message":"众所周","self_id":2997400528,"sender":{"age":8,"area":"广州","card":"谭宇-养生式跟打","level":"入门","nickname":"0 4 . 2 2","role":"admin","sex":"male","title":"","user_id":1061917196},"sub_type":"normal","time":1558014653,"user_id":1061917196}
[19-05-16 21:50:55] [PicqBotX] [DEBUG(java.lang.Thread.run:748)] 收到新请求: CQHttp/4.8.0
[19-05-16 21:50:55] [PicqBotX] [DEBUG(java.lang.Thread.run:748)] - 数据: {"anonymous":null,"font":43737384,"group_id":522394334,"message":"知，我","message_id":13573,"message_type":"group","post_type":"message","raw_message":"知，我","self_id":2997400528,"sender":{"age":8,"area":"广州","card":"谭宇-养生式跟打","level":"入门","nickname":"0 4 . 2 2","role":"admin","sex":"male","title":"","user_id":1061917196},"sub_type":"normal","time":1558014655,"user_id":1061917196}
[19-05-16 21:50:58] [PicqBotX] [DEBUG(java.lang.Thread.run:748)] 收到新请求: CQHttp/4.8.0
[19-05-16 21:50:58] [PicqBotX] [DEBUG(java.lang.Thread.run:748)] - 数据: {"anonymous":null,"font":43738632,"group_id":522394334,"message":"们要去","message_id":13575,"message_type":"group","post_type":"message","raw_message":"们要去","self_id":2997400528,"sender":{"age":8,"area":"广州","card":"谭宇-养生式跟打","level":"入门","nickname":"0 4 . 2 2","role":"admin","sex":"male","title":"","user_id":1061917196},"sub_type":"normal","time":1558014658,"user_id":1061917196}
[19-05-16 21:51:01] [PicqBotX] [DEBUG(java.lang.Thread.run:748)] 收到新请求: CQHttp/4.8.0
[19-05-16 21:51:01] [PicqBotX] [DEBUG(java.lang.Thread.run:748)] - 数据: {"anonymous":null,"font":43738600,"group_id":522394334,"message":"欧","message_id":13578,"message_type":"group","post_type":"message","raw_message":"欧","self_id":2997400528,"sender":{"age":8,"area":"广州","card":"谭宇-养生式跟打","level":"入门","nickname":"0 4 . 2 2","role":"admin","sex":"male","title":"","user_id":1061917196},"sub_type":"normal","time":1558014661,"user_id":1061917196}
[19-05-16 21:51:12] [PicqBotX] [DEBUG(java.lang.Thread.run:748)] 收到新请求: CQHttp/4.8.0
