[19-05-05 21:51:56] [PicqBotX] [INFO] 
[19-05-05 21:51:56] [PicqBotX] [INFO]     ____  _            ____        __ _  __
[19-05-05 21:51:56] [PicqBotX] [INFO]    / __ \(_)________ _/ __ )____  / /| |/ /
[19-05-05 21:51:56] [PicqBotX] [INFO]   / /_/ / / ___/ __ `/ __  / __ \/ __/   /
[19-05-05 21:51:56] [PicqBotX] [INFO]  / ____/ / /__/ /_/ / /_/ / /_/ / /_/   |
[19-05-05 21:51:56] [PicqBotX] [INFO] /_/   /_/\___/\__, /_____/\____/\__/_/|_|
[19-05-05 21:51:56] [PicqBotX] [INFO]                 /_/         v3.2.2.896
[19-05-05 21:51:56] [PicqBotX] [INFO] 日志管理器     初始化完成 [******] ...(27.22 ms)
[19-05-05 21:51:56] [PicqBotX] [INFO] 缓存管理器     初始化完成 [******] ...(1.71 ms)
[19-05-05 21:51:56] [PicqBotX] [INFO] DEBUG设置     初始化完成 [******] ...(0.01 ms)
[19-05-05 21:51:56] [PicqBotX] [INFO] 事件管理器     初始化完成 [******] ...(28.01 ms)
[19-05-05 21:51:56] [PicqBotX] [INFO] 账号管理器     初始化完成 [******] ...(0.78 ms)
[19-05-05 21:51:56] [PicqBotX] [INFO] HTTP监听服务器 初始化完成 [******] ...(1.42 ms)
[19-05-05 21:51:57] [PicqBotX] [WARNING] 账号 Bot01: 版本正确, 不过用酷Q Pro的话效果更好哦!
[19-05-05 21:51:57] [PicqBotX] [INFO] 账号 Bot01:   版本验证完成!
[19-05-05 21:51:57] [PicqBotX] [INFO] 正在启动...
[19-05-05 21:52:07] [PicqBotX] [DEBUG(java.lang.Thread.run:748)] 收到新请求: CQHttp/4.8.0
[19-05-05 21:52:07] [PicqBotX] [DEBUG(java.lang.Thread.run:748)] - 数据: {"font":6842096,"message":"s","message_id":670,"message_type":"private","post_type":"message","raw_message":"s","self_id":1061917110,"sender":{"age":8,"nickname":"0 4 . 2 2","sex":"male","user_id":1061917196},"sub_type":"friend","time":1557064327,"user_id":1061917196}
[19-05-05 21:52:09] [PicqBotX] [DEBUG(java.lang.Thread.run:748)] 收到新请求: CQHttp/4.8.0
[19-05-05 21:52:09] [PicqBotX] [DEBUG(java.lang.Thread.run:748)] - 数据: {"font":6986416,"message":"fd","message_id":671,"message_type":"private","post_type":"message","raw_message":"fd","self_id":1061917110,"sender":{"age":8,"nickname":"0 4 . 2 2","sex":"male","user_id":1061917196},"sub_type":"friend","time":1557064329,"user_id":1061917196}
[19-05-05 21:52:09] [PicqBotX] [DEBUG(java.lang.Thread.run:748)] 收到新请求: CQHttp/4.8.0
[19-05-05 21:52:09] [PicqBotX] [DEBUG(java.lang.Thread.run:748)] - 数据: {"font":6986640,"message":"asdf","message_id":672,"message_type":"private","post_type":"message","raw_message":"asdf","self_id":1061917110,"sender":{"age":8,"nickname":"0 4 . 2 2","sex":"male","user_id":1061917196},"sub_type":"friend","time":1557064329,"user_id":1061917196}
[19-05-05 21:52:13] [PicqBotX] [DEBUG(java.lang.Thread.run:748)] 收到新请求: CQHttp/4.8.0
[19-05-05 21:52:13] [PicqBotX] [DEBUG(java.lang.Thread.run:748)] - 数据: {"anonymous":null,"font":6986640,"group_id":522394334,"message":"好的输入法，得需要学习","message_id":673,"message_type":"group","post_type":"message","raw_message":"好的输入法，得需要学习","self_id":1061917110,"sender":{"age":24,"area":"漯河","card":"努力超过一百——杨小草","level":"了解群图书馆","nickname":"这样子？","role":"member","sex":"male","title":"","user_id":596787921},"sub_type":"normal","time":1557064333,"user_id":596787921}
[19-05-05 21:52:27] [PicqBotX] [DEBUG(java.lang.Thread.run:748)] 收到新请求: CQHttp/4.8.0
[19-05-05 21:52:27] [PicqBotX] [DEBUG(java.lang.Thread.run:748)] - 数据: {"font":6986928,"message":"你以为这是 yangjinhe/maintain-robot?","message_id":674,"message_type":"private","post_type":"message","raw_message":"你以为这是 yangjinhe/maintain-robot?","self_id":1061917110,"sender":{"age":8,"nickname":"0 4 . 2 2","sex":"male","user_id":1061917196},"sub_type":"friend","time":1557064347,"user_id":1061917196}
[19-05-05 21:52:30] [PicqBotX] [DEBUG(java.lang.Thread.run:748)] 收到新请求: CQHttp/4.8.0
[19-05-05 21:52:30] [PicqBotX] [DEBUG(java.lang.Thread.run:748)] - 数据: {"font":6985840,"message":"哇","message_id":676,"message_type":"private","post_type":"message","raw_message":"哇","self_id":1061917110,"sender":{"age":8,"nickname":"0 4 . 2 2","sex":"male","user_id":1061917196},"sub_type":"friend","time":1557064350,"user_id":1061917196}
[19-05-05 21:52:31] [PicqBotX] [DEBUG(java.lang.Thread.run:748)] 收到新请求: CQHttp/4.8.0
[19-05-05 21:52:31] [PicqBotX] [DEBUG(java.lang.Thread.run:748)] - 数据: {"anonymous":null,"font":6985008,"group_id":522394334,"message":"而全拼的话，是不用学习的","message_id":677,"message_type":"group","post_type":"message","raw_message":"而全拼的话，是不用学习的","self_id":1061917110,"sender":{"age":24,"area":"漯河","card":"努力超过一百——杨小草","level":"了解群图书馆","nickname":"这样子？","role":"member","sex":"male","title":"","user_id":596787921},"sub_type":"normal","time":1557064351,"user_id":596787921}
[19-05-05 21:52:32] [PicqBotX] [DEBUG(java.lang.Thread.run:748)] 收到新请求: CQHttp/4.8.0
[19-05-05 21:52:32] [PicqBotX] [DEBUG(java.lang.Thread.run:748)] - 数据: {"font":6842416,"message":"你好厉害啊","message_id":678,"message_type":"private","post_type":"message","raw_message":"你好厉害啊","self_id":1061917110,"sender":{"age":8,"nickname":"0 4 . 2 2","sex":"male","user_id":1061917196},"sub_type":"friend","time":1557064352,"user_id":1061917196}
[19-05-05 21:52:39] [PicqBotX] [DEBUG(java.lang.Thread.run:748)] 收到新请求: CQHttp/4.8.0
[19-05-05 21:52:39] [PicqBotX] [DEBUG(java.lang.Thread.run:748)] - 数据: {"anonymous":null,"font":6985904,"group_id":522394334,"message":"毕竟拼音是小学就学的","message_id":679,"message_type":"group","post_type":"message","raw_message":"毕竟拼音是小学就学的","self_id":1061917110,"sender":{"age":24,"area":"漯河","card":"努力超过一百——杨小草","level":"了解群图书馆","nickname":"这样子？","role":"member","sex":"male","title":"","user_id":596787921},"sub_type":"normal","time":1557064359,"user_id":596787921}
[19-05-05 21:52:41] [PicqBotX] [DEBUG(java.lang.Thread.run:748)] 收到新请求: CQHttp/4.8.0
[19-05-05 21:52:41] [PicqBotX] [DEBUG(java.lang.Thread.run:748)] - 数据: {"anonymous":null,"font":6842416,"group_id":41639633,"message":"第999段 速度148.53 击键6.31 码长2.55 标顶理论2.13 文章难度69.45 字数440 回改19 退格20 错字0 键数1122 选重28 键准92.75% 键法90.99%(左414:右455:空格217) 打词率49.67% 选重率6.36% 拖拉机跟打器 版本1.700 Windows 10版  校验VPYJR^","message_id":680,"message_type":"group","post_type":"message","raw_message":"第999段 速度148.53 击键6.31 码长2.55 标顶理论2.13 文章难度69.45 字数440 回改19 退格20 错字0 键数1122 选重28 键准92.75% 键法90.99%(左414:右455:空格217) 打词率49.67% 选重率6.36% 拖拉机跟打器 版本1.700 Windows 10版  校验VPYJR^","self_id":1061917110,"sender":{"age":26,"area":"湖州","card":"【小鹤】飘风","level":"键宗","nickname":"飘风SLG","role":"member","sex":"male","title":"","user_id":869151501},"sub_type":"normal","time":1557064361,"user_id":869151501}
[19-05-05 21:52:46] [PicqBotX] [DEBUG(java.lang.Thread.run:748)] 收到新请求: CQHttp/4.8.0
[19-05-05 21:52:46] [PicqBotX] [DEBUG(java.lang.Thread.run:748)] - 数据: {"anonymous":null,"font":6841712,"group_id":41639633,"message":"#成绩首打","message_id":681,"message_type":"group","post_type":"message","raw_message":"#成绩首打","self_id":1061917110,"sender":{"age":26,"area":"湖州","card":"【小鹤】飘风","level":"键宗","nickname":"飘风SLG","role":"member","sex":"male","title":"","user_id":869151501},"sub_type":"normal","time":1557064366,"user_id":869151501}
[19-05-05 21:52:48] [PicqBotX] [DEBUG(java.lang.Thread.run:748)] 收到新请求: CQHttp/4.8.0
[19-05-05 21:52:48] [PicqBotX] [DEBUG(java.lang.Thread.run:748)] - 数据: {"anonymous":null,"font":6985904,"group_id":41639633,"message":"[CQ:image,file=B9CD67BD6D2BD74FA25BF33A04C0714E.png,url=https://gchat.qpic.cn/gchatpic_new/207938707/2121639633-3034016420-B9CD67BD6D2BD74FA25BF33A04C0714E/0?vuin=1061917110&amp;term=2]","message_id":682,"message_type":"group","post_type":"message","raw_message":"[CQ:image,file=B9CD67BD6D2BD74FA25BF33A04C0714E.png]","self_id":1061917110,"sender":{"age":6,"area":"北京","card":"【机器】小拆","level":"键仙","nickname":"小拆","role":"admin","sex":"female","title":"服务员","user_id":207938707},"sub_type":"normal","time":1557064368,"user_id":207938707}
[19-05-05 21:52:50] [PicqBotX] [DEBUG(java.lang.Thread.run:748)] 收到新请求: CQHttp/4.8.0
[19-05-05 21:52:50] [PicqBotX] [DEBUG(java.lang.Thread.run:748)] - 数据: {"anonymous":null,"font":6985264,"group_id":522394334,"message":"小鹤得扩大宣传","message_id":683,"message_type":"group","post_type":"message","raw_message":"小鹤得扩大宣传","self_id":1061917110,"sender":{"age":39,"area":"兰州市","card":"百花深处-——小鹤音形","level":"了解群图文件","nickname":"百花深处","role":"member","sex":"female","title":"","user_id":58002514},"sub_type":"normal","time":1557064370,"user_id":58002514}
[19-05-05 21:53:08] [PicqBotX] [DEBUG(java.lang.Thread.run:748)] 收到新请求: CQHttp/4.8.0
[19-05-05 21:53:08] [PicqBotX] [DEBUG(java.lang.Thread.run:748)] - 数据: {"anonymous":null,"font":6986928,"group_id":522394334,"message":"也对，\r\n","message_id":684,"message_type":"group","post_type":"message","raw_message":"也对，\r\n","self_id":1061917110,"sender":{"age":39,"area":"兰州市","card":"百花深处-——小鹤音形","level":"了解群图文件","nickname":"百花深处","role":"member","sex":"female","title":"","user_id":58002514},"sub_type":"normal","time":1557064388,"user_id":58002514}
[19-05-05 21:53:32] [PicqBotX] [DEBUG(java.lang.Thread.run:748)] 收到新请求: CQHttp/4.8.0
[19-05-05 21:53:32] [PicqBotX] [DEBUG(java.lang.Thread.run:748)] - 数据: {"anonymous":null,"font":6842160,"group_id":522394334,"message":"拼音的话，基本上过学的都会","message_id":685,"message_type":"group","post_type":"message","raw_message":"拼音的话，基本上过学的都会","self_id":1061917110,"sender":{"age":24,"area":"漯河","card":"努力超过一百——杨小草","level":"了解群图书馆","nickname":"这样子？","role":"member","sex":"male","title":"","user_id":596787921},"sub_type":"normal","time":1557064412,"user_id":596787921}
[19-05-05 21:54:40] [PicqBotX] [DEBUG(java.lang.Thread.run:748)] 收到新请求: CQHttp/4.8.0
[19-05-05 21:54:40] [PicqBotX] [DEBUG(java.lang.Thread.run:748)] - 数据: {"anonymous":null,"font":6985232,"group_id":522394334,"message":"第999段 速度197.50 击键6.39 码长1.94 标顶理论1.00 文章难度99.20 字数498 回改8 退格4 错字0 键数967 选重37 键准98.35% 键法113.26%(左427:右377:空格139) 打词率74.11% 选重率7.43% 拖拉机跟打器 版本1.601 Windows 10版  校验UU&#91;JYT","message_id":686,"message_type":"group","post_type":"message","raw_message":"第999段 速度197.50 击键6.39 码长1.94 标顶理论1.00 文章难度99.20 字数498 回改8 退格4 错字0 键数967 选重37 键准98.35% 键法113.26%(左427:右377:空格139) 打词率74.11% 选重率7.43% 拖拉机跟打器 版本1.601 Windows 10版  校验UU&#91;JYT","self_id":1061917110,"sender":{"age":8,"area":"","card":"轻井","level":"了解群图文件","nickname":"昵称","role":"member","sex":"male","title":"","user_id":2544021051},"sub_type":"normal","time":1557064479,"user_id":2544021051}
[19-05-05 21:56:30] [PicqBotX] [DEBUG(java.lang.Thread.run:748)] 收到新请求: CQHttp/4.8.0
[19-05-05 21:56:30] [PicqBotX] [DEBUG(java.lang.Thread.run:748)] - 数据: {"anonymous":null,"font":6841200,"group_id":556981260,"message":"今晚要早点睡了","message_id":687,"message_type":"group","post_type":"message","raw_message":"今晚要早点睡了","self_id":1061917110,"sender":{"age":0,"area":"广州","card":"无聊-小鹤音形","level":"新日电动车","nickname":"无聊","role":"member","sex":"male","title":"","user_id":779855010},"sub_type":"normal","time":1557064590,"user_id":779855010}
[19-05-05 21:56:43] [PicqBotX] [DEBUG(java.lang.Thread.run:748)] 收到新请求: CQHttp/4.8.0
[19-05-05 21:56:43] [PicqBotX] [DEBUG(java.lang.Thread.run:748)] - 数据: {"anonymous":null,"font":6985040,"group_id":556981260,"message":"连续两晚都好晚，早上起来的时候有种失落感","message_id":688,"message_type":"group","post_type":"message","raw_message":"连续两晚都好晚，早上起来的时候有种失落感","self_id":1061917110,"sender":{"age":0,"area":"广州","card":"无聊-小鹤音形","level":"新日电动车","nickname":"无聊","role":"member","sex":"male","title":"","user_id":779855010},"sub_type":"normal","time":1557064603,"user_id":779855010}
[19-05-05 21:57:31] [PicqBotX] [DEBUG(java.lang.Thread.run:748)] 收到新请求: CQHttp/4.8.0
[19-05-05 21:57:31] [PicqBotX] [DEBUG(java.lang.Thread.run:748)] - 数据: {"anonymous":null,"font":6841712,"group_id":522394334,"message":"第999段 速度211.66 击键6.64 码长1.88 标顶理论1.00 文章难度99.20 字数498 回改1 退格0 错字0 键数937 选重35 键准99.89% 键法112.90%(左420:右372:空格132) 打词率75.55% 选重率7.03% 拖拉机跟打器 版本1.601 Windows 10版  校验UW^JP_","message_id":689,"message_type":"group","post_type":"message","raw_message":"第999段 速度211.66 击键6.64 码长1.88 标顶理论1.00 文章难度99.20 字数498 回改1 退格0 错字0 键数937 选重35 键准99.89% 键法112.90%(左420:右372:空格132) 打词率75.55% 选重率7.03% 拖拉机跟打器 版本1.601 Windows 10版  校验UW^JP_","self_id":1061917110,"sender":{"age":8,"area":"","card":"轻井","level":"了解群图文件","nickname":"昵称","role":"member","sex":"male","title":"","user_id":2544021051},"sub_type":"normal","time":1557064651,"user_id":2544021051}
[19-05-05 21:57:35] [PicqBotX] [DEBUG(java.lang.Thread.run:748)] 收到新请求: CQHttp/4.8.0
[19-05-05 21:57:35] [PicqBotX] [DEBUG(java.lang.Thread.run:748)] - 数据: {"anonymous":null,"font":6985136,"group_id":522394334,"message":"可惜了。1回改。","message_id":690,"message_type":"group","post_type":"message","raw_message":"可惜了。1回改。","self_id":1061917110,"sender":{"age":8,"area":"","card":"轻井","level":"了解群图文件","nickname":"昵称","role":"member","sex":"male","title":"","user_id":2544021051},"sub_type":"normal","time":1557064655,"user_id":2544021051}
[19-05-05 21:57:48] [PicqBotX] [DEBUG(java.lang.Thread.run:748)] 收到新请求: CQHttp/4.8.0
[19-05-05 21:57:48] [PicqBotX] [DEBUG(java.lang.Thread.run:748)] - 数据: {"anonymous":null,"font":6985936,"group_id":522394334,"message":"#成绩","message_id":691,"message_type":"group","post_type":"message","raw_message":"#成绩","self_id":1061917110,"sender":{"age":8,"area":"","card":"轻井","level":"了解群图文件","nickname":"昵称","role":"member","sex":"male","title":"","user_id":2544021051},"sub_type":"normal","time":1557064668,"user_id":2544021051}
[19-05-05 21:57:50] [PicqBotX] [DEBUG(java.lang.Thread.run:748)] 收到新请求: CQHttp/4.8.0
[19-05-05 21:57:50] [PicqBotX] [DEBUG(java.lang.Thread.run:748)] - 数据: {"anonymous":null,"font":6985424,"group_id":522394334,"message":"[CQ:image,file=BD8506DE6C7926D5D2F7711F76C44334.png,url=https://gchat.qpic.cn/gchatpic_new/207938707/522394334-3216909007-BD8506DE6C7926D5D2F7711F76C44334/0?vuin=1061917110&amp;term=2]","message_id":692,"message_type":"group","post_type":"message","raw_message":"[CQ:image,file=BD8506DE6C7926D5D2F7711F76C44334.png]","self_id":1061917110,"sender":{"age":6,"area":"北京","card":"","level":"小白","nickname":"小拆","role":"member","sex":"female","title":"","user_id":207938707},"sub_type":"normal","time":1557064670,"user_id":207938707}
[19-05-05 22:00:07] [PicqBotX] [DEBUG(java.lang.Thread.run:748)] 收到新请求: CQHttp/4.8.0
