[19-05-14 19:54:11] [PicqBotX] [INFO] 
[19-05-14 19:54:11] [PicqBotX] [INFO]     ____  _            ____        __ _  __
[19-05-14 19:54:11] [PicqBotX] [INFO]    / __ \(_)________ _/ __ )____  / /| |/ /
[19-05-14 19:54:11] [PicqBotX] [INFO]   / /_/ / / ___/ __ `/ __  / __ \/ __/   /
[19-05-14 19:54:11] [PicqBotX] [INFO]  / ____/ / /__/ /_/ / /_/ / /_/ / /_/   |
[19-05-14 19:54:11] [PicqBotX] [INFO] /_/   /_/\___/\__, /_____/\____/\__/_/|_|
[19-05-14 19:54:11] [PicqBotX] [INFO]                 /_/         v3.2.2.896
[19-05-14 19:54:11] [PicqBotX] [INFO] 日志管理器     初始化完成 [******] ...(29.71 ms)
[19-05-14 19:54:11] [PicqBotX] [INFO] 缓存管理器     初始化完成 [******] ...(2.25 ms)
[19-05-14 19:54:11] [PicqBotX] [INFO] DEBUG设置     初始化完成 [******] ...(0.01 ms)
[19-05-14 19:54:11] [PicqBotX] [INFO] 事件管理器     初始化完成 [******] ...(41.35 ms)
[19-05-14 19:54:11] [PicqBotX] [INFO] 账号管理器     初始化完成 [******] ...(1.1 ms)
[19-05-14 19:54:11] [PicqBotX] [INFO] HTTP监听服务器 初始化完成 [******] ...(1.81 ms)
[19-05-14 19:54:11] [PicqBotX] [INFO] 指令管理器     初始化完成 [******] ...(2.01 ms)
[19-05-14 19:54:11] [PicqBotX] [WARNING] 账号 Bot01: 版本正确, 不过用酷Q Pro的话效果更好哦!
[19-05-14 19:54:11] [PicqBotX] [INFO] 账号 Bot01:   版本验证完成!
[19-05-14 19:54:11] [PicqBotX] [INFO] 正在启动...
[19-05-14 19:54:28] [PicqBotX] [DEBUG(java.lang.Thread.run:748)] 收到新请求: CQHttp/4.8.0
[19-05-14 19:54:28] [PicqBotX] [DEBUG(java.lang.Thread.run:748)] - 数据: {"font":6118792,"message":"!u","message_id":9821,"message_type":"private","post_type":"message","raw_message":"!u","self_id":2997400528,"sender":{"age":8,"nickname":"0 4 . 2 2","sex":"male","user_id":1061917196},"sub_type":"friend","time":1557834868,"user_id":1061917196}
[19-05-14 19:54:34] [PicqBotX] [DEBUG(java.lang.Thread.run:748)] 收到新请求: CQHttp/4.8.0
[19-05-14 19:54:34] [PicqBotX] [DEBUG(java.lang.Thread.run:748)] - 数据: {"font":6235552,"message":"查 谭宇","message_id":9824,"message_type":"private","post_type":"message","raw_message":"查 谭宇","self_id":2997400528,"sender":{"age":8,"nickname":"0 4 . 2 2","sex":"male","user_id":1061917196},"sub_type":"friend","time":1557834874,"user_id":1061917196}
[19-05-14 19:54:42] [PicqBotX] [DEBUG(java.lang.Thread.run:748)] 收到新请求: CQHttp/4.8.0
[19-05-14 19:54:42] [PicqBotX] [DEBUG(java.lang.Thread.run:748)] - 数据: {"font":6235840,"message":"成绩 2019-5-12","message_id":9827,"message_type":"private","post_type":"message","raw_message":"成绩 2019-5-12","self_id":2997400528,"sender":{"age":8,"nickname":"0 4 . 2 2","sex":"male","user_id":1061917196},"sub_type":"friend","time":1557834882,"user_id":1061917196}
[19-05-14 19:54:46] [PicqBotX] [DEBUG(java.lang.Thread.run:748)] 收到新请求: CQHttp/4.8.0
[19-05-14 19:54:46] [PicqBotX] [DEBUG(java.lang.Thread.run:748)] - 数据: {"anonymous":null,"font":6235776,"group_id":556981260,"message":"第999段 速度68.52/73.76 击键3.59 码长2.92 字数495 时间06:41.05 回改31 退格77 回车1 键数1439 选重11 键准92.49% 键法60.81% 重打0 打词85.19% 峰值103.45/5.56/2.44 校检:15ce3 极速跟打器v1.46","message_id":9830,"message_type":"group","post_type":"message","raw_message":"第999段 速度68.52/73.76 击键3.59 码长2.92 字数495 时间06:41.05 回改31 退格77 回车1 键数1439 选重11 键准92.49% 键法60.81% 重打0 打词85.19% 峰值103.45/5.56/2.44 校检:15ce3 极速跟打器v1.46","self_id":2997400528,"sender":{"age":78,"area":"沧州","card":"大猫-自然码双拼","level":"小蹦哒","nickname":"日月","role":"member","sex":"male","title":"","user_id":313471315},"sub_type":"normal","time":1557834886,"user_id":313471315}
[19-05-14 19:55:05] [PicqBotX] [DEBUG(java.lang.Thread.run:748)] 收到新请求: CQHttp/4.8.0
[19-05-14 19:55:05] [PicqBotX] [DEBUG(java.lang.Thread.run:748)] - 数据: {"anonymous":null,"font":6235808,"group_id":522394334,"message":"忘记密码了咋整","message_id":9831,"message_type":"group","post_type":"message","raw_message":"忘记密码了咋整","self_id":2997400528,"sender":{"age":0,"area":"","card":"珂朵莉-小鹤音形","level":"入门","nickname":"这是QQ昵称","role":"member","sex":"unknown","title":"","user_id":718691870},"sub_type":"normal","time":1557834905,"user_id":718691870}
[19-05-14 19:55:23] [PicqBotX] [DEBUG(java.lang.Thread.run:748)] 收到新请求: CQHttp/4.8.0
