[19-05-15 11:44:15] [PicqBotX] [INFO] 
[19-05-15 11:44:15] [PicqBotX] [INFO]     ____  _            ____        __ _  __
[19-05-15 11:44:15] [PicqBotX] [INFO]    / __ \(_)________ _/ __ )____  / /| |/ /
[19-05-15 11:44:15] [PicqBotX] [INFO]   / /_/ / / ___/ __ `/ __  / __ \/ __/   /
[19-05-15 11:44:15] [PicqBotX] [INFO]  / ____/ / /__/ /_/ / /_/ / /_/ / /_/   |
[19-05-15 11:44:15] [PicqBotX] [INFO] /_/   /_/\___/\__, /_____/\____/\__/_/|_|
[19-05-15 11:44:15] [PicqBotX] [INFO]                 /_/         v3.2.2.896
[19-05-15 11:44:15] [PicqBotX] [INFO] 日志管理器     初始化完成 [******] ...(31.07 ms)
[19-05-15 11:44:15] [PicqBotX] [INFO] 缓存管理器     初始化完成 [******] ...(2.08 ms)
[19-05-15 11:44:15] [PicqBotX] [INFO] DEBUG设置     初始化完成 [******] ...(0.01 ms)
[19-05-15 11:44:15] [PicqBotX] [INFO] 事件管理器     初始化完成 [******] ...(31.26 ms)
[19-05-15 11:44:15] [PicqBotX] [INFO] 账号管理器     初始化完成 [******] ...(1.06 ms)
[19-05-15 11:44:15] [PicqBotX] [INFO] HTTP监听服务器 初始化完成 [******] ...(1.79 ms)
[19-05-15 11:44:15] [PicqBotX] [INFO] 指令管理器     初始化完成 [******] ...(1.57 ms)
[19-05-15 11:44:15] [PicqBotX] [WARNING] 账号 Bot01: 版本正确, 不过用酷Q Pro的话效果更好哦!
[19-05-15 11:44:15] [PicqBotX] [INFO] 账号 Bot01:   版本验证完成!
[19-05-15 11:44:15] [PicqBotX] [INFO] 正在启动...
[19-05-15 11:47:27] [PicqBotX] [DEBUG(java.lang.Thread.run:748)] 收到新请求: CQHttp/4.8.0
[19-05-15 11:47:27] [PicqBotX] [DEBUG(java.lang.Thread.run:748)] - 数据: {"anonymous":null,"font":6235328,"group_id":556981260,"message":"#赛文","message_id":11054,"message_type":"group","post_type":"message","raw_message":"#赛文","self_id":2997400528,"sender":{"age":8,"area":"广州","card":"谭宇-小鹤拚","level":"五菱宏光","nickname":"0 4 . 2 2","role":"member","sex":"male","title":"","user_id":1061917196},"sub_type":"normal","time":1557892047,"user_id":1061917196}
[19-05-15 11:47:28] [PicqBotX] [DEBUG(java.lang.Thread.run:748)] 收到新请求: CQHttp/4.8.0
[19-05-15 11:47:28] [PicqBotX] [DEBUG(java.lang.Thread.run:748)] - 数据: {"anonymous":null,"font":6235040,"group_id":556981260,"message":"123第1131期-鱼制作\r\n当前要围绕国有企业改革、金融体制改革、下岗职工权益保护、减轻农民负担、发展私营经济等重点，制定相应的工作措施，依法审理好涉及这些方面的案件。人民法院运用法律手段，维护中央权威，必须正确处理党的领导和依法独立行使审判权的关系。坚持在党的领导下依法独立行使审判权，是我国宪法和法律规定的重要原则。加强党的领导，是人选依法独立行使审判权的政治保证和组织保证。党的领导与依法办事是统一的，党对法院工作在思想、政治和组织上的领导，方针、政策上的领导，其实质就是监督、支持人民法院严肃执法。对此，人民法院一方面增强党的观念，自觉接受党的领导，紧紧依靠党的领导克服执法中遇到的困难和阻力；另一方面，要认真履行宪法和法律赋予的职责，依法独立行使审判权，确保严肃执法。经济基础和上层建筑的矛盾运动。经济基础和上层建筑是社会形态两个不可分割的方面。所谓经济基础是一定历史阶段上占统治地位的生产关系各个方面的总和。所谓上层建筑就是建立在一定的经济基础之上的政治法律制度和设施，以及同经济基础相适应的社会意识形态，他们之间是对立统一的关系。其中经济基础起着决定性作用。\r\n-----第999段-1200S-472Z-3L-8183374aV--c.sw.1.1","message_id":11055,"message_type":"group","post_type":"message","raw_message":"123第1131期-鱼制作\r\n当前要围绕国有企业改革、金融体制改革、下岗职工权益保护、减轻农民负担、发展私营经济等重点，制定相应的工作措施，依法审理好涉及这些方面的案件。人民法院运用法律手段，维护中央权威，必须正确处理党的领导和依法独立行使审判权的关系。坚持在党的领导下依法独立行使审判权，是我国宪法和法律规定的重要原则。加强党的领导，是人选依法独立行使审判权的政治保证和组织保证。党的领导与依法办事是统一的，党对法院工作在思想、政治和组织上的领导，方针、政策上的领导，其实质就是监督、支持人民法院严肃执法。对此，人民法院一方面增强党的观念，自觉接受党的领导，紧紧依靠党的领导克服执法中遇到的困难和阻力；另一方面，要认真履行宪法和法律赋予的职责，依法独立行使审判权，确保严肃执法。经济基础和上层建筑的矛盾运动。经济基础和上层建筑是社会形态两个不可分割的方面。所谓经济基础是一定历史阶段上占统治地位的生产关系各个方面的总和。所谓上层建筑就是建立在一定的经济基础之上的政治法律制度和设施，以及同经济基础相适应的社会意识形态，他们之间是对立统一的关系。其中经济基础起着决定性作用。\r\n-----第999段-1200S-472Z-3L-8183374aV--c.sw.1.1","self_id":2997400528,"sender":{"age":6,"area":"北京","card":"","level":"波音747","nickname":"小拆","role":"admin","sex":"female","title":"","user_id":207938707},"sub_type":"normal","time":1557892048,"user_id":207938707}
[19-05-15 11:47:39] [PicqBotX] [DEBUG(java.lang.Thread.run:748)] 收到新请求: CQHttp/4.8.0
[19-05-15 11:47:39] [PicqBotX] [DEBUG(java.lang.Thread.run:748)] - 数据: {"anonymous":null,"font":6235616,"group_id":522394334,"message":"[CQ:at,qq=283705068] 有时候用形，有时候不用，看情况","message_id":11056,"message_type":"group","post_type":"message","raw_message":"[CQ:at,qq=283705068] 有时候用形，有时候不用，看情况","self_id":2997400528,"sender":{"age":35,"area":"美国","card":"alankant-小鹤双拼","level":"了解群图文件","nickname":"小库布里克","role":"member","sex":"male","title":"","user_id":251555613},"sub_type":"normal","time":1557892059,"user_id":251555613}
[19-05-15 11:48:58] [PicqBotX] [DEBUG(java.lang.Thread.run:748)] 收到新请求: CQHttp/4.8.0
[19-05-15 11:48:58] [PicqBotX] [DEBUG(java.lang.Thread.run:748)] - 数据: {"anonymous":null,"font":6235328,"group_id":556981260,"message":"第61836段 速度81.05 击键5.59 码长4.14 标顶理论3.76 文章难度88.97 字数500 回改32 退格22 错字0 键数2068 选重23 键准92.05% 键法94.54%(左762:右806:空格446) 打词率1.88% 选重率4.60% 拖拉机跟打器 版本1.700 Windows 10版  校验^U@SY","message_id":11057,"message_type":"group","post_type":"message","raw_message":"第61836段 速度81.05 击键5.59 码长4.14 标顶理论3.76 文章难度88.97 字数500 回改32 退格22 错字0 键数2068 选重23 键准92.05% 键法94.54%(左762:右806:空格446) 打词率1.88% 选重率4.60% 拖拉机跟打器 版本1.700 Windows 10版  校验^U@SY","self_id":2997400528,"sender":{"age":0,"area":"广州","card":"无聊-小鹤","level":"新日电动车","nickname":"无聊","role":"member","sex":"male","title":"","user_id":779855010},"sub_type":"normal","time":1557892138,"user_id":779855010}
[19-05-15 11:49:01] [PicqBotX] [DEBUG(java.lang.Thread.run:748)] 收到新请求: CQHttp/4.8.0
[19-05-15 11:49:01] [PicqBotX] [DEBUG(java.lang.Thread.run:748)] - 数据: {"anonymous":null,"font":6235840,"group_id":556981260,"message":"破除诅咒","message_id":11058,"message_type":"group","post_type":"message","raw_message":"破除诅咒","self_id":2997400528,"sender":{"age":0,"area":"广州","card":"无聊-小鹤","level":"新日电动车","nickname":"无聊","role":"member","sex":"male","title":"","user_id":779855010},"sub_type":"normal","time":1557892141,"user_id":779855010}
[19-05-15 11:50:16] [PicqBotX] [DEBUG(java.lang.Thread.run:748)] 收到新请求: CQHttp/4.8.0
[19-05-15 11:50:16] [PicqBotX] [DEBUG(java.lang.Thread.run:748)] - 数据: {"anonymous":null,"font":6235136,"group_id":556981260,"message":"第999段 速度200.44 击键7.08 码长2.12 标顶理论1.96 文章难度61.75 字数472 回改15 退格14 错字0 键数1001 选重31 键准94.25% 键法94.81%(左420:右443:空格105) 打词率74.33% 选重率6.57% 拖拉机跟打器 版本1.700 Windows 10版  校验UUWJWS","message_id":11059,"message_type":"group","post_type":"message","raw_message":"第999段 速度200.44 击键7.08 码长2.12 标顶理论1.96 文章难度61.75 字数472 回改15 退格14 错字0 键数1001 选重31 键准94.25% 键法94.81%(左420:右443:空格105) 打词率74.33% 选重率6.57% 拖拉机跟打器 版本1.700 Windows 10版  校验UUWJWS","self_id":2997400528,"sender":{"age":8,"area":"广州","card":"谭宇-小鹤拚","level":"五菱宏光","nickname":"0 4 . 2 2","role":"member","sex":"male","title":"","user_id":1061917196},"sub_type":"normal","time":1557892216,"user_id":1061917196}
[19-05-15 11:52:29] [PicqBotX] [DEBUG(java.lang.Thread.run:748)] 收到新请求: CQHttp/4.8.0
[19-05-15 11:52:29] [PicqBotX] [DEBUG(java.lang.Thread.run:748)] - 数据: {"anonymous":null,"font":6235808,"group_id":522394334,"message":"我习惯都用","message_id":11061,"message_type":"group","post_type":"message","raw_message":"我习惯都用","self_id":2997400528,"sender":{"age":5,"area":"","card":"","level":"在看群文件中","nickname":"u♀oの啊","role":"member","sex":"male","title":"","user_id":283705068},"sub_type":"normal","time":1557892349,"user_id":283705068}
[19-05-15 11:55:02] [PicqBotX] [DEBUG(java.lang.Thread.run:748)] 收到新请求: CQHttp/4.8.0
[19-05-15 11:55:02] [PicqBotX] [DEBUG(java.lang.Thread.run:748)] - 数据: {"anonymous":null,"font":6235456,"group_id":556981260,"message":"第999段 速度48.87 击键4.83 码长5.93 字数472 时间09:37 回改63 回车0 重打0 打词81.28% 峰值49.53 输入法:星二 校检:2c435 极速云跟打手机版v0.11","message_id":11062,"message_type":"group","post_type":"message","raw_message":"第999段 速度48.87 击键4.83 码长5.93 字数472 时间09:37 回改63 回车0 重打0 打词81.28% 峰值49.53 输入法:星二 校检:2c435 极速云跟打手机版v0.11","self_id":2997400528,"sender":{"age":0,"area":"","card":"空白―星二","level":"死飞单车","nickname":"","role":"member","sex":"unknown","title":"","user_id":29141847},"sub_type":"normal","time":1557892502,"user_id":29141847}
[19-05-15 11:55:09] [PicqBotX] [DEBUG(java.lang.Thread.run:748)] 收到新请求: CQHttp/4.8.0
[19-05-15 11:55:09] [PicqBotX] [DEBUG(java.lang.Thread.run:748)] - 数据: {"anonymous":null,"font":6235968,"group_id":556981260,"message":"#成绩","message_id":11064,"message_type":"group","post_type":"message","raw_message":"#成绩","self_id":2997400528,"sender":{"age":0,"area":"","card":"空白―星二","level":"死飞单车","nickname":"","role":"member","sex":"unknown","title":"","user_id":29141847},"sub_type":"normal","time":1557892509,"user_id":29141847}
[19-05-15 11:55:12] [PicqBotX] [DEBUG(java.lang.Thread.run:748)] 收到新请求: CQHttp/4.8.0
[19-05-15 11:55:12] [PicqBotX] [DEBUG(java.lang.Thread.run:748)] - 数据: {"anonymous":null,"font":6235520,"group_id":556981260,"message":"[CQ:image,file=A44D530DC6B79EDBD0A204E37A7388E5.png,url=https://gchat.qpic.cn/gchatpic_new/207938707/556981260-3193216642-A44D530DC6B79EDBD0A204E37A7388E5/0?vuin=2997400528&amp;term=2]","message_id":11065,"message_type":"group","post_type":"message","raw_message":"[CQ:image,file=A44D530DC6B79EDBD0A204E37A7388E5.png]","self_id":2997400528,"sender":{"age":6,"area":"北京","card":"","level":"波音747","nickname":"小拆","role":"admin","sex":"female","title":"","user_id":207938707},"sub_type":"normal","time":1557892512,"user_id":207938707}
[19-05-15 11:55:27] [PicqBotX] [DEBUG(java.lang.Thread.run:748)] 收到新请求: CQHttp/4.8.0
[19-05-15 11:55:27] [PicqBotX] [DEBUG(java.lang.Thread.run:748)] - 数据: {"anonymous":null,"font":6235616,"group_id":556981260,"message":"[CQ:face,id=178]我很自豪","message_id":11066,"message_type":"group","post_type":"message","raw_message":"[CQ:face,id=178]我很自豪","self_id":2997400528,"sender":{"age":0,"area":"","card":"空白―星二","level":"死飞单车","nickname":"","role":"member","sex":"unknown","title":"","user_id":29141847},"sub_type":"normal","time":1557892527,"user_id":29141847}
[19-05-15 11:56:02] [PicqBotX] [DEBUG(java.lang.Thread.run:748)] 收到新请求: CQHttp/4.8.0
[19-05-15 11:56:02] [PicqBotX] [DEBUG(java.lang.Thread.run:748)] - 数据: {"anonymous":null,"font":6235712,"group_id":556981260,"message":"#赛文","message_id":11067,"message_type":"group","post_type":"message","raw_message":"#赛文","self_id":2997400528,"sender":{"age":0,"area":"","card":"空白―星二","level":"死飞单车","nickname":"","role":"member","sex":"unknown","title":"","user_id":29141847},"sub_type":"normal","time":1557892562,"user_id":29141847}
[19-05-15 11:56:03] [PicqBotX] [DEBUG(java.lang.Thread.run:748)] 收到新请求: CQHttp/4.8.0
[19-05-15 11:56:03] [PicqBotX] [DEBUG(java.lang.Thread.run:748)] - 数据: {"anonymous":null,"font":6235008,"group_id":556981260,"message":"123第1131期-鱼制作\r\n当前要围绕国有企业改革、金融体制改革、下岗职工权益保护、减轻农民负担、发展私营经济等重点，制定相应的工作措施，依法审理好涉及这些方面的案件。人民法院运用法律手段，维护中央权威，必须正确处理党的领导和依法独立行使审判权的关系。坚持在党的领导下依法独立行使审判权，是我国宪法和法律规定的重要原则。加强党的领导，是人选依法独立行使审判权的政治保证和组织保证。党的领导与依法办事是统一的，党对法院工作在思想、政治和组织上的领导，方针、政策上的领导，其实质就是监督、支持人民法院严肃执法。对此，人民法院一方面增强党的观念，自觉接受党的领导，紧紧依靠党的领导克服执法中遇到的困难和阻力；另一方面，要认真履行宪法和法律赋予的职责，依法独立行使审判权，确保严肃执法。经济基础和上层建筑的矛盾运动。经济基础和上层建筑是社会形态两个不可分割的方面。所谓经济基础是一定历史阶段上占统治地位的生产关系各个方面的总和。所谓上层建筑就是建立在一定的经济基础之上的政治法律制度和设施，以及同经济基础相适应的社会意识形态，他们之间是对立统一的关系。其中经济基础起着决定性作用。\r\n-----第999段-1200S-472Z-3L-8183374aV--c.sw.1.1","message_id":11068,"message_type":"group","post_type":"message","raw_message":"123第1131期-鱼制作\r\n当前要围绕国有企业改革、金融体制改革、下岗职工权益保护、减轻农民负担、发展私营经济等重点，制定相应的工作措施，依法审理好涉及这些方面的案件。人民法院运用法律手段，维护中央权威，必须正确处理党的领导和依法独立行使审判权的关系。坚持在党的领导下依法独立行使审判权，是我国宪法和法律规定的重要原则。加强党的领导，是人选依法独立行使审判权的政治保证和组织保证。党的领导与依法办事是统一的，党对法院工作在思想、政治和组织上的领导，方针、政策上的领导，其实质就是监督、支持人民法院严肃执法。对此，人民法院一方面增强党的观念，自觉接受党的领导，紧紧依靠党的领导克服执法中遇到的困难和阻力；另一方面，要认真履行宪法和法律赋予的职责，依法独立行使审判权，确保严肃执法。经济基础和上层建筑的矛盾运动。经济基础和上层建筑是社会形态两个不可分割的方面。所谓经济基础是一定历史阶段上占统治地位的生产关系各个方面的总和。所谓上层建筑就是建立在一定的经济基础之上的政治法律制度和设施，以及同经济基础相适应的社会意识形态，他们之间是对立统一的关系。其中经济基础起着决定性作用。\r\n-----第999段-1200S-472Z-3L-8183374aV--c.sw.1.1","self_id":2997400528,"sender":{"age":6,"area":"北京","card":"","level":"波音747","nickname":"小拆","role":"admin","sex":"female","title":"","user_id":207938707},"sub_type":"normal","time":1557892563,"user_id":207938707}
[19-05-15 11:56:52] [PicqBotX] [DEBUG(java.lang.Thread.run:748)] 收到新请求: CQHttp/4.8.0
[19-05-15 11:56:52] [PicqBotX] [DEBUG(java.lang.Thread.run:748)] - 数据: {"anonymous":null,"font":6235904,"group_id":522394334,"message":"第999段 速度49.67 击键2.29 码长2.76 字数463 时间09:18.05 回改29 退格-1 回车0 键数1276 选重53 键准97.81% 键法116.73% 重打0 打词55.19% 峰值59.21/3.85/2.6 输入法: 校检:9b906 极速跟打器v1.46","message_id":11069,"message_type":"group","post_type":"message","raw_message":"第999段 速度49.67 击键2.29 码长2.76 字数463 时间09:18.05 回改29 退格-1 回车0 键数1276 选重53 键准97.81% 键法116.73% 重打0 打词55.19% 峰值59.21/3.85/2.6 输入法: 校检:9b906 极速跟打器v1.46","self_id":2997400528,"sender":{"age":0,"area":"","card":"勿念-小鹤音形","level":"了解群图书馆","nickname":"子雨","role":"member","sex":"male","title":"","user_id":270610577},"sub_type":"normal","time":1557892612,"user_id":270610577}
[19-05-15 11:57:57] [PicqBotX] [DEBUG(java.lang.Thread.run:748)] 收到新请求: CQHttp/4.8.0
[19-05-15 11:57:57] [PicqBotX] [DEBUG(java.lang.Thread.run:748)] - 数据: {"anonymous":null,"font":6235040,"group_id":723795668,"message":"？命","message_id":11071,"message_type":"group","post_type":"message","raw_message":"？命","self_id":2997400528,"sender":{"age":24,"area":"北京","card":"","level":"大师","nickname":"娶你传宗接代，⑤②您","role":"member","sex":"male","title":"","user_id":188813320},"sub_type":"normal","time":1557892677,"user_id":188813320}
[19-05-15 11:57:57] [PicqBotX] [DEBUG(java.lang.Thread.run:748)] 收到新请求: CQHttp/4.8.0
[19-05-15 11:57:57] [PicqBotX] [DEBUG(java.lang.Thread.run:748)] - 数据: {"anonymous":null,"font":6235072,"group_id":723795668,"message":"命：　mkr mkre\r\n  拆分：　人 一 口 卩\r\n  首末：　人 卩\r\n  编码：　r  e\r\n  汉典：http://xhup.club/?LM\r\n\r\n  更多功能，请回复「？帮助」","message_id":11072,"message_type":"group","post_type":"message","raw_message":"命：　mkr mkre\r\n  拆分：　人 一 口 卩\r\n  首末：　人 卩\r\n  编码：　r  e\r\n  汉典：http://xhup.club/?LM\r\n\r\n  更多功能，请回复「？帮助」","self_id":2997400528,"sender":{"age":1,"area":"","card":"群帅","level":"小白","nickname":"拆小鹤","role":"member","sex":"female","title":"","user_id":428826691},"sub_type":"normal","time":1557892677,"user_id":428826691}
[19-05-15 11:58:22] [PicqBotX] [DEBUG(java.lang.Thread.run:748)] 收到新请求: CQHttp/4.8.0
[19-05-15 11:58:22] [PicqBotX] [DEBUG(java.lang.Thread.run:748)] - 数据: {"anonymous":null,"font":6235872,"group_id":723795668,"message":"贼喊捉贼","message_id":11073,"message_type":"group","post_type":"message","raw_message":"贼喊捉贼","self_id":2997400528,"sender":{"age":24,"area":"北京","card":"","level":"大师","nickname":"娶你传宗接代，⑤②您","role":"member","sex":"male","title":"","user_id":188813320},"sub_type":"normal","time":1557892702,"user_id":188813320}
[19-05-15 12:04:09] [PicqBotX] [DEBUG(java.lang.Thread.run:748)] 收到新请求: CQHttp/4.8.0
