[19-05-18 18:31:52] [PicqBotX] [INFO] 
[19-05-18 18:31:52] [PicqBotX] [INFO]     ____  _            ____        __ _  __
[19-05-18 18:31:52] [PicqBotX] [INFO]    / __ \(_)________ _/ __ )____  / /| |/ /
[19-05-18 18:31:52] [PicqBotX] [INFO]   / /_/ / / ___/ __ `/ __  / __ \/ __/   /
[19-05-18 18:31:52] [PicqBotX] [INFO]  / ____/ / /__/ /_/ / /_/ / /_/ / /_/   |
[19-05-18 18:31:52] [PicqBotX] [INFO] /_/   /_/\___/\__, /_____/\____/\__/_/|_|
[19-05-18 18:31:52] [PicqBotX] [INFO]                 /_/         v3.2.2.896
[19-05-18 18:31:52] [PicqBotX] [INFO] 日志管理器     初始化完成 [******] ...(46.27 ms)
[19-05-18 18:31:52] [PicqBotX] [INFO] 缓存管理器     初始化完成 [******] ...(2.47 ms)
[19-05-18 18:31:52] [PicqBotX] [INFO] DEBUG设置     初始化完成 [******] ...(0.01 ms)
[19-05-18 18:31:52] [PicqBotX] [INFO] 事件管理器     初始化完成 [******] ...(48.45 ms)
[19-05-18 18:31:52] [PicqBotX] [INFO] 账号管理器     初始化完成 [******] ...(1.17 ms)
[19-05-18 18:31:52] [PicqBotX] [INFO] HTTP监听服务器 初始化完成 [******] ...(2.51 ms)
[19-05-18 18:31:53] [PicqBotX] [INFO] 指令管理器     初始化完成 [******] ...(2.44 ms)
[19-05-18 18:31:53] [PicqBotX] [WARNING] 账号 Bot01: 版本正确, 不过用酷Q Pro的话效果更好哦!
[19-05-18 18:31:53] [PicqBotX] [INFO] 账号 Bot01:   版本验证完成!
[19-05-18 18:31:53] [PicqBotX] [INFO] 正在启动...
[19-05-18 18:31:58] [PicqBotX] [DEBUG(java.lang.Thread.run:748)] 收到新请求: CQHttp/4.8.0
[19-05-18 18:31:58] [PicqBotX] [DEBUG(java.lang.Thread.run:748)] - 数据: {"anonymous":null,"font":8470544,"group_id":522394334,"message":"来","message_id":18951,"message_type":"group","post_type":"message","raw_message":"来","self_id":2997400528,"sender":{"age":8,"area":"广州","card":"谭宇-养生式跟打","level":"入门","nickname":"0 4 . 2 2","role":"admin","sex":"male","title":"","user_id":1061917196},"sub_type":"normal","time":1558175518,"user_id":1061917196}
[19-05-18 18:32:00] [PicqBotX] [DEBUG(java.lang.Thread.run:748)] 收到新请求: CQHttp/4.8.0
[19-05-18 18:32:00] [PicqBotX] [DEBUG(java.lang.Thread.run:748)] - 数据: {"anonymous":null,"font":8470768,"group_id":522394334,"message":"再来！","message_id":18952,"message_type":"group","post_type":"message","raw_message":"再来！","self_id":2997400528,"sender":{"age":8,"area":"广州","card":"谭宇-养生式跟打","level":"入门","nickname":"0 4 . 2 2","role":"admin","sex":"male","title":"","user_id":1061917196},"sub_type":"normal","time":1558175520,"user_id":1061917196}
[19-05-18 18:32:05] [PicqBotX] [DEBUG(java.lang.Thread.run:748)] 收到新请求: CQHttp/4.8.0
[19-05-18 18:32:05] [PicqBotX] [DEBUG(java.lang.Thread.run:748)] - 数据: {"anonymous":null,"font":8470320,"group_id":522394334,"message":"随机战场 10 3 3","message_id":18953,"message_type":"group","post_type":"message","raw_message":"随机战场 10 3 3","self_id":2997400528,"sender":{"age":8,"area":"广州","card":"谭宇-养生式跟打","level":"入门","nickname":"0 4 . 2 2","role":"admin","sex":"male","title":"","user_id":1061917196},"sub_type":"normal","time":1558175525,"user_id":1061917196}
[19-05-18 18:32:10] [PicqBotX] [DEBUG(java.lang.Thread.run:748)] 收到新请求: CQHttp/4.8.0
[19-05-18 18:32:10] [PicqBotX] [DEBUG(java.lang.Thread.run:748)] - 数据: {"anonymous":null,"font":8470576,"group_id":522394334,"message":"#随机战场 10 3 3","message_id":18954,"message_type":"group","post_type":"message","raw_message":"#随机战场 10 3 3","self_id":2997400528,"sender":{"age":8,"area":"广州","card":"谭宇-养生式跟打","level":"入门","nickname":"0 4 . 2 2","role":"admin","sex":"male","title":"","user_id":1061917196},"sub_type":"normal","time":1558175530,"user_id":1061917196}
[19-05-18 18:32:14] [PicqBotX] [DEBUG(java.lang.Thread.run:748)] 收到新请求: CQHttp/4.8.0
[19-05-18 18:32:14] [PicqBotX] [DEBUG(java.lang.Thread.run:748)] - 数据: {"anonymous":null,"font":8470512,"group_id":522394334,"message":"#加入战场","message_id":18956,"message_type":"group","post_type":"message","raw_message":"#加入战场","self_id":2997400528,"sender":{"age":8,"area":"广州","card":"谭宇-养生式跟打","level":"入门","nickname":"0 4 . 2 2","role":"admin","sex":"male","title":"","user_id":1061917196},"sub_type":"normal","time":1558175534,"user_id":1061917196}
[19-05-18 18:32:16] [PicqBotX] [DEBUG(java.lang.Thread.run:748)] 收到新请求: CQHttp/4.8.0
[19-05-18 18:32:16] [PicqBotX] [DEBUG(java.lang.Thread.run:748)] - 数据: {"anonymous":null,"font":8470480,"group_id":522394334,"message":"快！","message_id":18958,"message_type":"group","post_type":"message","raw_message":"快！","self_id":2997400528,"sender":{"age":8,"area":"广州","card":"谭宇-养生式跟打","level":"入门","nickname":"0 4 . 2 2","role":"admin","sex":"male","title":"","user_id":1061917196},"sub_type":"normal","time":1558175536,"user_id":1061917196}
[19-05-18 18:32:17] [PicqBotX] [DEBUG(java.lang.Thread.run:748)] 收到新请求: CQHttp/4.8.0
[19-05-18 18:32:17] [PicqBotX] [DEBUG(java.lang.Thread.run:748)] - 数据: {"anonymous":null,"font":8470960,"group_id":522394334,"message":"go","message_id":18959,"message_type":"group","post_type":"message","raw_message":"go","self_id":2997400528,"sender":{"age":8,"area":"广州","card":"谭宇-养生式跟打","level":"入门","nickname":"0 4 . 2 2","role":"admin","sex":"male","title":"","user_id":1061917196},"sub_type":"normal","time":1558175537,"user_id":1061917196}
[19-05-18 18:32:46] [PicqBotX] [DEBUG(java.lang.Thread.run:748)] 收到新请求: CQHttp/4.8.0
[19-05-18 18:32:46] [PicqBotX] [DEBUG(java.lang.Thread.run:748)] - 数据: {"anonymous":null,"font":8470864,"group_id":522394334,"message":"你打一分就行了！","message_id":18960,"message_type":"group","post_type":"message","raw_message":"你打一分就行了！","self_id":2997400528,"sender":{"age":8,"area":"广州","card":"谭宇-养生式跟打","level":"入门","nickname":"0 4 . 2 2","role":"admin","sex":"male","title":"","user_id":1061917196},"sub_type":"normal","time":1558175566,"user_id":1061917196}
[19-05-18 18:33:29] [PicqBotX] [DEBUG(java.lang.Thread.run:748)] 收到新请求: CQHttp/4.8.0
[19-05-18 18:33:29] [PicqBotX] [DEBUG(java.lang.Thread.run:748)] - 数据: {"anonymous":null,"font":8470832,"group_id":522394334,"message":"谭宇跟谁战？","message_id":18961,"message_type":"group","post_type":"message","raw_message":"谭宇跟谁战？","self_id":2997400528,"sender":{"age":0,"area":"南宁","card":"小八的小弟-86五笔","level":"中级","nickname":"无影","role":"member","sex":"unknown","title":"","user_id":67195227},"sub_type":"normal","time":1558175609,"user_id":67195227}
[19-05-18 18:33:33] [PicqBotX] [DEBUG(java.lang.Thread.run:748)] 收到新请求: CQHttp/4.8.0
[19-05-18 18:33:33] [PicqBotX] [DEBUG(java.lang.Thread.run:748)] - 数据: {"anonymous":null,"font":8470992,"group_id":522394334,"message":"啊你死辽","message_id":18962,"message_type":"group","post_type":"message","raw_message":"啊你死辽","self_id":2997400528,"sender":{"age":8,"area":"广州","card":"谭宇-养生式跟打","level":"入门","nickname":"0 4 . 2 2","role":"admin","sex":"male","title":"","user_id":1061917196},"sub_type":"normal","time":1558175613,"user_id":1061917196}
[19-05-18 18:33:36] [PicqBotX] [DEBUG(java.lang.Thread.run:748)] 收到新请求: CQHttp/4.8.0
[19-05-18 18:33:36] [PicqBotX] [DEBUG(java.lang.Thread.run:748)] - 数据: {"anonymous":null,"font":8470512,"group_id":522394334,"message":"你怎么没胆子跟我打？","message_id":18963,"message_type":"group","post_type":"message","raw_message":"你怎么没胆子跟我打？","self_id":2997400528,"sender":{"age":0,"area":"南宁","card":"小八的小弟-86五笔","level":"中级","nickname":"无影","role":"member","sex":"unknown","title":"","user_id":67195227},"sub_type":"normal","time":1558175616,"user_id":67195227}
[19-05-18 18:33:54] [PicqBotX] [DEBUG(java.lang.Thread.run:748)] 收到新请求: CQHttp/4.8.0
[19-05-18 18:33:54] [PicqBotX] [DEBUG(java.lang.Thread.run:748)] - 数据: {"anonymous":null,"font":8470416,"group_id":522394334,"message":"因为你是大忙人","message_id":18964,"message_type":"group","post_type":"message","raw_message":"因为你是大忙人","self_id":2997400528,"sender":{"age":8,"area":"广州","card":"谭宇-养生式跟打","level":"入门","nickname":"0 4 . 2 2","role":"admin","sex":"male","title":"","user_id":1061917196},"sub_type":"normal","time":1558175634,"user_id":1061917196}
[19-05-18 18:33:57] [PicqBotX] [DEBUG(java.lang.Thread.run:748)] 收到新请求: CQHttp/4.8.0
[19-05-18 18:33:57] [PicqBotX] [DEBUG(java.lang.Thread.run:748)] - 数据: {"anonymous":null,"font":8470736,"group_id":522394334,"message":"不敢和你打","message_id":18965,"message_type":"group","post_type":"message","raw_message":"不敢和你打","self_id":2997400528,"sender":{"age":8,"area":"广州","card":"谭宇-养生式跟打","level":"入门","nickname":"0 4 . 2 2","role":"admin","sex":"male","title":"","user_id":1061917196},"sub_type":"normal","time":1558175637,"user_id":1061917196}
[19-05-18 18:34:03] [PicqBotX] [DEBUG(java.lang.Thread.run:748)] 收到新请求: CQHttp/4.8.0
[19-05-18 18:34:03] [PicqBotX] [DEBUG(java.lang.Thread.run:748)] - 数据: {"anonymous":null,"font":8470896,"group_id":522394334,"message":"分分钟上千万","message_id":18966,"message_type":"group","post_type":"message","raw_message":"分分钟上千万","self_id":2997400528,"sender":{"age":8,"area":"广州","card":"谭宇-养生式跟打","level":"入门","nickname":"0 4 . 2 2","role":"admin","sex":"male","title":"","user_id":1061917196},"sub_type":"normal","time":1558175643,"user_id":1061917196}
[19-05-18 18:34:06] [PicqBotX] [DEBUG(java.lang.Thread.run:748)] 收到新请求: CQHttp/4.8.0
[19-05-18 18:34:06] [PicqBotX] [DEBUG(java.lang.Thread.run:748)] - 数据: {"anonymous":null,"font":8470192,"group_id":522394334,"message":"阿吓死我了","message_id":18967,"message_type":"group","post_type":"message","raw_message":"阿吓死我了","self_id":2997400528,"sender":{"age":28,"area":"成都","card":"一枝独秀―谭八风","level":"了解群图书馆","nickname":"云华","role":"member","sex":"male","title":"","user_id":2297714857},"sub_type":"normal","time":1558175646,"user_id":2297714857}
[19-05-18 18:34:10] [PicqBotX] [DEBUG(java.lang.Thread.run:748)] 收到新请求: CQHttp/4.8.0
[19-05-18 18:34:10] [PicqBotX] [DEBUG(java.lang.Thread.run:748)] - 数据: {"anonymous":null,"font":8470896,"group_id":522394334,"message":"快哙","message_id":18968,"message_type":"group","post_type":"message","raw_message":"快哙","self_id":2997400528,"sender":{"age":8,"area":"广州","card":"谭宇-养生式跟打","level":"入门","nickname":"0 4 . 2 2","role":"admin","sex":"male","title":"","user_id":1061917196},"sub_type":"normal","time":1558175650,"user_id":1061917196}
[19-05-18 18:34:12] [PicqBotX] [DEBUG(java.lang.Thread.run:748)] 收到新请求: CQHttp/4.8.0
[19-05-18 18:34:12] [PicqBotX] [DEBUG(java.lang.Thread.run:748)] - 数据: {"anonymous":null,"font":8470256,"group_id":522394334,"message":"快快","message_id":18969,"message_type":"group","post_type":"message","raw_message":"快快","self_id":2997400528,"sender":{"age":8,"area":"广州","card":"谭宇-养生式跟打","level":"入门","nickname":"0 4 . 2 2","role":"admin","sex":"male","title":"","user_id":1061917196},"sub_type":"normal","time":1558175652,"user_id":1061917196}
[19-05-18 18:34:14] [PicqBotX] [DEBUG(java.lang.Thread.run:748)] 收到新请求: CQHttp/4.8.0
[19-05-18 18:34:14] [PicqBotX] [DEBUG(java.lang.Thread.run:748)] - 数据: {"anonymous":null,"font":8470192,"group_id":522394334,"message":"加入打一分","message_id":18970,"message_type":"group","post_type":"message","raw_message":"加入打一分","self_id":2997400528,"sender":{"age":8,"area":"广州","card":"谭宇-养生式跟打","level":"入门","nickname":"0 4 . 2 2","role":"admin","sex":"male","title":"","user_id":1061917196},"sub_type":"normal","time":1558175654,"user_id":1061917196}
[19-05-18 18:34:16] [PicqBotX] [DEBUG(java.lang.Thread.run:748)] 收到新请求: CQHttp/4.8.0
[19-05-18 18:34:16] [PicqBotX] [DEBUG(java.lang.Thread.run:748)] - 数据: {"anonymous":null,"font":8470960,"group_id":522394334,"message":"[CQ:image,file=1E5106E04EE053F8D68934A2451018D7.jpg,url=https://gchat.qpic.cn/gchatpic_new/2297714857/522394334-3030986038-1E5106E04EE053F8D68934A2451018D7/0?vuin=2997400528&amp;term=2]","message_id":18971,"message_type":"group","post_type":"message","raw_message":"[CQ:image,file=1E5106E04EE053F8D68934A2451018D7.jpg]","self_id":2997400528,"sender":{"age":28,"area":"成都","card":"一枝独秀―谭八风","level":"了解群图书馆","nickname":"云华","role":"member","sex":"male","title":"","user_id":2297714857},"sub_type":"normal","time":1558175656,"user_id":2297714857}
[19-05-18 18:34:25] [PicqBotX] [DEBUG(java.lang.Thread.run:748)] 收到新请求: CQHttp/4.8.0
[19-05-18 18:34:25] [PicqBotX] [DEBUG(java.lang.Thread.run:748)] - 数据: {"anonymous":null,"font":8470480,"group_id":522394334,"message":"三百的键托。。","message_id":18972,"message_type":"group","post_type":"message","raw_message":"三百的键托。。","self_id":2997400528,"sender":{"age":28,"area":"成都","card":"一枝独秀―谭八风","level":"了解群图书馆","nickname":"云华","role":"member","sex":"male","title":"","user_id":2297714857},"sub_type":"normal","time":1558175665,"user_id":2297714857}
[19-05-18 18:34:42] [PicqBotX] [DEBUG(java.lang.Thread.run:748)] 收到新请求: CQHttp/4.8.0
[19-05-18 18:34:42] [PicqBotX] [DEBUG(java.lang.Thread.run:748)] - 数据: {"anonymous":null,"font":8470960,"group_id":723795668,"message":"#成绩","message_id":18973,"message_type":"group","post_type":"message","raw_message":"#成绩","self_id":2997400528,"sender":{"age":119,"area":"阿拉伯联合酋长国","card":"我要飞","level":"中级","nickname":"我心飞扬","role":"member","sex":"male","title":"","user_id":2760787042},"sub_type":"normal","time":1558175682,"user_id":2760787042}
[19-05-18 18:34:44] [PicqBotX] [DEBUG(java.lang.Thread.run:748)] 收到新请求: CQHttp/4.8.0
[19-05-18 18:34:44] [PicqBotX] [DEBUG(java.lang.Thread.run:748)] - 数据: {"anonymous":null,"font":8470640,"group_id":723795668,"message":"[CQ:image,file=DDE733A00BAEF5F5C4326B964B338AE8.png,url=https://gchat.qpic.cn/gchatpic_new/207938707/723795668-2890180501-DDE733A00BAEF5F5C4326B964B338AE8/0?vuin=2997400528&amp;term=2]","message_id":18974,"message_type":"group","post_type":"message","raw_message":"[CQ:image,file=DDE733A00BAEF5F5C4326B964B338AE8.png]","self_id":2997400528,"sender":{"age":6,"area":"北京","card":"","level":"小白","nickname":"小拆","role":"member","sex":"female","title":"","user_id":207938707},"sub_type":"normal","time":1558175684,"user_id":207938707}
[19-05-18 18:34:45] [PicqBotX] [DEBUG(java.lang.Thread.run:748)] 收到新请求: CQHttp/4.8.0
[19-05-18 18:34:45] [PicqBotX] [DEBUG(java.lang.Thread.run:748)] - 数据: {"anonymous":null,"font":8470864,"group_id":522394334,"message":"买个毛啊","message_id":18975,"message_type":"group","post_type":"message","raw_message":"买个毛啊","self_id":2997400528,"sender":{"age":0,"area":"南宁","card":"小八的小弟-86五笔","level":"中级","nickname":"无影","role":"member","sex":"unknown","title":"","user_id":67195227},"sub_type":"normal","time":1558175685,"user_id":67195227}
[19-05-18 18:34:49] [PicqBotX] [DEBUG(java.lang.Thread.run:748)] 收到新请求: CQHttp/4.8.0
[19-05-18 18:34:49] [PicqBotX] [DEBUG(java.lang.Thread.run:748)] - 数据: {"anonymous":null,"font":8470896,"group_id":522394334,"message":"你喜欢我这个送给你","message_id":18976,"message_type":"group","post_type":"message","raw_message":"你喜欢我这个送给你","self_id":2997400528,"sender":{"age":0,"area":"南宁","card":"小八的小弟-86五笔","level":"中级","nickname":"无影","role":"member","sex":"unknown","title":"","user_id":67195227},"sub_type":"normal","time":1558175689,"user_id":67195227}
[19-05-18 18:35:31] [PicqBotX] [DEBUG(java.lang.Thread.run:748)] 收到新请求: CQHttp/4.8.0
[19-05-18 18:35:31] [PicqBotX] [DEBUG(java.lang.Thread.run:748)] - 数据: {"anonymous":null,"font":8470768,"group_id":522394334,"message":"鹤(1061917110) 被管理员解除禁言","message_id":18977,"message_type":"group","post_type":"message","raw_message":"鹤(1061917110) 被管理员解除禁言","self_id":2997400528,"sender":{"age":0,"nickname":"应用消息","sex":"unknown","user_id":1000000},"sub_type":"notice","time":1558175731,"user_id":1000000}
[19-05-18 18:35:39] [PicqBotX] [DEBUG(java.lang.Thread.run:748)] 收到新请求: CQHttp/4.8.0
[19-05-18 18:35:39] [PicqBotX] [DEBUG(java.lang.Thread.run:748)] - 数据: {"anonymous":null,"font":8470608,"group_id":522394334,"message":"#加入战场","message_id":18978,"message_type":"group","post_type":"message","raw_message":"#加入战场","self_id":2997400528,"sender":{"age":22,"area":"广州","card":"拖拉机人工智障","level":"了解群图文件","nickname":"鹤","role":"member","sex":"female","title":"","user_id":1061917110},"sub_type":"normal","time":1558175739,"user_id":1061917110}
[19-05-18 18:35:44] [PicqBotX] [DEBUG(java.lang.Thread.run:748)] 收到新请求: CQHttp/4.8.0
[19-05-18 18:35:44] [PicqBotX] [DEBUG(java.lang.Thread.run:748)] - 数据: {"anonymous":null,"font":8470256,"group_id":522394334,"message":"#战场启动","message_id":18980,"message_type":"group","post_type":"message","raw_message":"#战场启动","self_id":2997400528,"sender":{"age":8,"area":"广州","card":"谭宇-养生式跟打","level":"入门","nickname":"0 4 . 2 2","role":"admin","sex":"male","title":"","user_id":1061917196},"sub_type":"normal","time":1558175744,"user_id":1061917196}
[19-05-18 18:35:44] [PicqBotX] [DEBUG(java.lang.Thread.run:748)] 收到新请求: CQHttp/4.8.0
[19-05-18 18:35:44] [PicqBotX] [DEBUG(java.lang.Thread.run:748)] - 数据: {"anonymous":null,"font":8470672,"group_id":522394334,"message":"战场启动！战斗开始！","message_id":18982,"message_type":"group","post_type":"message","raw_message":"战场启动！战斗开始！","self_id":2997400528,"sender":{"age":22,"area":"广州","card":"拖拉机人工智障","level":"了解群图文件","nickname":"鹤","role":"member","sex":"female","title":"","user_id":1061917110},"sub_type":"normal","time":1558175744,"user_id":1061917110}
[19-05-18 18:35:47] [PicqBotX] [DEBUG(java.lang.Thread.run:748)] 收到新请求: CQHttp/4.8.0
[19-05-18 18:35:47] [PicqBotX] [DEBUG(java.lang.Thread.run:748)] - 数据: {"anonymous":null,"font":8470576,"group_id":522394334,"message":"我爱一","message_id":18985,"message_type":"group","post_type":"message","raw_message":"我爱一","self_id":2997400528,"sender":{"age":8,"area":"广州","card":"谭宇-养生式跟打","level":"入门","nickname":"0 4 . 2 2","role":"admin","sex":"male","title":"","user_id":1061917196},"sub_type":"normal","time":1558175747,"user_id":1061917196}
[19-05-18 18:35:49] [PicqBotX] [DEBUG(java.lang.Thread.run:748)] 收到新请求: CQHttp/4.8.0
[19-05-18 18:35:49] [PicqBotX] [DEBUG(java.lang.Thread.run:748)] - 数据: {"anonymous":null,"font":8470512,"group_id":522394334,"message":"个姑娘","message_id":18988,"message_type":"group","post_type":"message","raw_message":"个姑娘","self_id":2997400528,"sender":{"age":8,"area":"广州","card":"谭宇-养生式跟打","level":"入门","nickname":"0 4 . 2 2","role":"admin","sex":"male","title":"","user_id":1061917196},"sub_type":"normal","time":1558175749,"user_id":1061917196}
[19-05-18 18:35:56] [PicqBotX] [DEBUG(java.lang.Thread.run:748)] 收到新请求: CQHttp/4.8.0
[19-05-18 18:35:56] [PicqBotX] [DEBUG(java.lang.Thread.run:748)] - 数据: {"anonymous":null,"font":8470512,"group_id":522394334,"message":"用户Q号：1061917196 得分：0\r\n文已发空，战场关闭","message_id":18994,"message_type":"group","post_type":"message","raw_message":"用户Q号：1061917196 得分：0\r\n文已发空，战场关闭","self_id":2997400528,"sender":{"age":22,"area":"广州","card":"拖拉机人工智障","level":"了解群图文件","nickname":"鹤","role":"member","sex":"female","title":"","user_id":1061917110},"sub_type":"normal","time":1558175756,"user_id":1061917110}
[19-05-18 18:35:59] [PicqBotX] [DEBUG(java.lang.Thread.run:748)] 收到新请求: CQHttp/4.8.0
[19-05-18 18:35:59] [PicqBotX] [DEBUG(java.lang.Thread.run:748)] - 数据: {"anonymous":null,"font":8470320,"group_id":522394334,"message":"#战场启动","message_id":18995,"message_type":"group","post_type":"message","raw_message":"#战场启动","self_id":2997400528,"sender":{"age":22,"area":"广州","card":"拖拉机人工智障","level":"了解群图文件","nickname":"鹤","role":"member","sex":"female","title":"","user_id":1061917110},"sub_type":"normal","time":1558175759,"user_id":1061917110}
[19-05-18 18:36:04] [PicqBotX] [DEBUG(java.lang.Thread.run:748)] 收到新请求: CQHttp/4.8.0
[19-05-18 18:36:04] [PicqBotX] [DEBUG(java.lang.Thread.run:748)] - 数据: {"anonymous":null,"font":8469584,"group_id":522394334,"message":"扛战时","message_id":19001,"message_type":"group","post_type":"message","raw_message":"扛战时","self_id":2997400528,"sender":{"age":22,"area":"广州","card":"拖拉机人工智障","level":"了解群图文件","nickname":"鹤","role":"member","sex":"female","title":"","user_id":1061917110},"sub_type":"normal","time":1558175764,"user_id":1061917110}
[19-05-18 18:36:11] [PicqBotX] [DEBUG(java.lang.Thread.run:748)] 收到新请求: CQHttp/4.8.0
[19-05-18 18:36:11] [PicqBotX] [DEBUG(java.lang.Thread.run:748)] - 数据: {"anonymous":null,"font":8470864,"group_id":522394334,"message":"暂","message_id":19007,"message_type":"group","post_type":"message","raw_message":"暂","self_id":2997400528,"sender":{"age":22,"area":"广州","card":"拖拉机人工智障","level":"了解群图文件","nickname":"鹤","role":"member","sex":"female","title":"","user_id":1061917110},"sub_type":"normal","time":1558175771,"user_id":1061917110}
[19-05-18 18:36:13] [PicqBotX] [DEBUG(java.lang.Thread.run:748)] 收到新请求: CQHttp/4.8.0
[19-05-18 18:36:13] [PicqBotX] [DEBUG(java.lang.Thread.run:748)] - 数据: {"anonymous":null,"font":8470736,"group_id":522394334,"message":"#战场启动","message_id":19008,"message_type":"group","post_type":"message","raw_message":"#战场启动","self_id":2997400528,"sender":{"age":22,"area":"广州","card":"拖拉机人工智障","level":"了解群图文件","nickname":"鹤","role":"member","sex":"female","title":"","user_id":1061917110},"sub_type":"normal","time":1558175773,"user_id":1061917110}
[19-05-18 18:36:15] [PicqBotX] [DEBUG(java.lang.Thread.run:748)] 收到新请求: CQHttp/4.8.0
[19-05-18 18:36:15] [PicqBotX] [DEBUG(java.lang.Thread.run:748)] - 数据: {"anonymous":null,"font":8470672,"group_id":522394334,"message":"二十多","message_id":19012,"message_type":"group","post_type":"message","raw_message":"二十多","self_id":2997400528,"sender":{"age":22,"area":"广州","card":"拖拉机人工智障","level":"了解群图文件","nickname":"鹤","role":"member","sex":"female","title":"","user_id":1061917110},"sub_type":"normal","time":1558175775,"user_id":1061917110}
[19-05-18 18:36:18] [PicqBotX] [DEBUG(java.lang.Thread.run:748)] 收到新请求: CQHttp/4.8.0
[19-05-18 18:36:18] [PicqBotX] [DEBUG(java.lang.Thread.run:748)] - 数据: {"anonymous":null,"font":8470192,"group_id":522394334,"message":"年前，","message_id":19015,"message_type":"group","post_type":"message","raw_message":"年前，","self_id":2997400528,"sender":{"age":22,"area":"广州","card":"拖拉机人工智障","level":"了解群图文件","nickname":"鹤","role":"member","sex":"female","title":"","user_id":1061917110},"sub_type":"normal","time":1558175778,"user_id":1061917110}
[19-05-18 18:36:21] [PicqBotX] [DEBUG(java.lang.Thread.run:748)] 收到新请求: CQHttp/4.8.0
[19-05-18 18:36:21] [PicqBotX] [DEBUG(java.lang.Thread.run:748)] - 数据: {"anonymous":null,"font":8470512,"group_id":522394334,"message":"我在云","message_id":19018,"message_type":"group","post_type":"message","raw_message":"我在云","self_id":2997400528,"sender":{"age":22,"area":"广州","card":"拖拉机人工智障","level":"了解群图文件","nickname":"鹤","role":"member","sex":"female","title":"","user_id":1061917110},"sub_type":"normal","time":1558175781,"user_id":1061917110}
[19-05-18 18:36:23] [PicqBotX] [DEBUG(java.lang.Thread.run:748)] 收到新请求: CQHttp/4.8.0
[19-05-18 18:36:23] [PicqBotX] [DEBUG(java.lang.Thread.run:748)] - 数据: {"anonymous":null,"font":8470352,"group_id":522394334,"message":"南","message_id":19021,"message_type":"group","post_type":"message","raw_message":"南","self_id":2997400528,"sender":{"age":22,"area":"广州","card":"拖拉机人工智障","level":"了解群图文件","nickname":"鹤","role":"member","sex":"female","title":"","user_id":1061917110},"sub_type":"normal","time":1558175783,"user_id":1061917110}
[19-05-18 18:36:29] [PicqBotX] [DEBUG(java.lang.Thread.run:748)] 收到新请求: CQHttp/4.8.0
[19-05-18 18:36:29] [PicqBotX] [DEBUG(java.lang.Thread.run:748)] - 数据: {"anonymous":null,"font":8470160,"group_id":522394334,"message":"[CQ:face,id=27][CQ:face,id=27][CQ:face,id=27][CQ:face,id=27]送啊","message_id":19023,"message_type":"group","post_type":"message","raw_message":"[CQ:face,id=27][CQ:face,id=27][CQ:face,id=27][CQ:face,id=27]送啊","self_id":2997400528,"sender":{"age":28,"area":"成都","card":"一枝独秀―谭八风","level":"了解群图书馆","nickname":"云华","role":"member","sex":"male","title":"","user_id":2297714857},"sub_type":"normal","time":1558175789,"user_id":2297714857}
[19-05-18 18:36:47] [PicqBotX] [DEBUG(java.lang.Thread.run:748)] 收到新请求: CQHttp/4.8.0
[19-05-18 18:36:47] [PicqBotX] [DEBUG(java.lang.Thread.run:748)] - 数据: {"anonymous":null,"font":8470064,"group_id":522394334,"message":"还是算了，我不想欠人情","message_id":19024,"message_type":"group","post_type":"message","raw_message":"还是算了，我不想欠人情","self_id":2997400528,"sender":{"age":28,"area":"成都","card":"一枝独秀―谭八风","level":"了解群图书馆","nickname":"云华","role":"member","sex":"male","title":"","user_id":2297714857},"sub_type":"normal","time":1558175807,"user_id":2297714857}
[19-05-18 18:37:04] [PicqBotX] [DEBUG(java.lang.Thread.run:748)] 收到新请求: CQHttp/4.8.0
[19-05-18 18:37:04] [PicqBotX] [DEBUG(java.lang.Thread.run:748)] - 数据: {"anonymous":null,"font":8470992,"group_id":522394334,"message":"[CQ:image,file=9F52ECD07D188B0CFDCD4C151759269D.jpg,url=https://gchat.qpic.cn/gchatpic_new/2297714857/522394334-3178596669-9F52ECD07D188B0CFDCD4C151759269D/0?vuin=2997400528&amp;term=2]","message_id":19025,"message_type":"group","post_type":"message","raw_message":"[CQ:image,file=9F52ECD07D188B0CFDCD4C151759269D.jpg]","self_id":2997400528,"sender":{"age":28,"area":"成都","card":"一枝独秀―谭八风","level":"了解群图书馆","nickname":"云华","role":"member","sex":"male","title":"","user_id":2297714857},"sub_type":"normal","time":1558175824,"user_id":2297714857}
[19-05-18 18:37:08] [PicqBotX] [DEBUG(java.lang.Thread.run:748)] 收到新请求: CQHttp/4.8.0
[19-05-18 18:37:08] [PicqBotX] [DEBUG(java.lang.Thread.run:748)] - 数据: {"anonymous":null,"font":8470672,"group_id":522394334,"message":"这我就无语了。。。","message_id":19026,"message_type":"group","post_type":"message","raw_message":"这我就无语了。。。","self_id":2997400528,"sender":{"age":28,"area":"成都","card":"一枝独秀―谭八风","level":"了解群图书馆","nickname":"云华","role":"member","sex":"male","title":"","user_id":2297714857},"sub_type":"normal","time":1558175828,"user_id":2297714857}
[19-05-18 18:37:55] [PicqBotX] [DEBUG(java.lang.Thread.run:748)] 收到新请求: CQHttp/4.8.0
[19-05-18 18:37:55] [PicqBotX] [DEBUG(java.lang.Thread.run:748)] - 数据: {"anonymous":null,"font":8470832,"group_id":522394334,"message":"[CQ:at,qq=779855010] 你的键盘链接有空再发一个给我吧，我就选你那个了","message_id":19027,"message_type":"group","post_type":"message","raw_message":"[CQ:at,qq=779855010] 你的键盘链接有空再发一个给我吧，我就选你那个了","self_id":2997400528,"sender":{"age":28,"area":"成都","card":"一枝独秀―谭八风","level":"了解群图书馆","nickname":"云华","role":"member","sex":"male","title":"","user_id":2297714857},"sub_type":"normal","time":1558175875,"user_id":2297714857}
[19-05-18 18:38:13] [PicqBotX] [DEBUG(java.lang.Thread.run:748)] 收到新请求: CQHttp/4.8.0
[19-05-18 18:38:13] [PicqBotX] [DEBUG(java.lang.Thread.run:748)] - 数据: {"anonymous":null,"font":8470832,"group_id":522394334,"message":"[CQ:face,id=27][CQ:face,id=27][CQ:face,id=27]外面静电容太踏马贵了","message_id":19028,"message_type":"group","post_type":"message","raw_message":"[CQ:face,id=27][CQ:face,id=27][CQ:face,id=27]外面静电容太踏马贵了","self_id":2997400528,"sender":{"age":28,"area":"成都","card":"一枝独秀―谭八风","level":"了解群图书馆","nickname":"云华","role":"member","sex":"male","title":"","user_id":2297714857},"sub_type":"normal","time":1558175893,"user_id":2297714857}
[19-05-18 18:38:16] [PicqBotX] [DEBUG(java.lang.Thread.run:748)] 收到新请求: CQHttp/4.8.0
[19-05-18 18:38:16] [PicqBotX] [DEBUG(java.lang.Thread.run:748)] - 数据: {"anonymous":null,"font":8470992,"group_id":522394334,"message":"[CQ:image,file=EAD96EAD11B2F7A5CF232065AC6EB476.jpg,url=https://gchat.qpic.cn/gchatpic_new/67195227/522394334-2719532868-EAD96EAD11B2F7A5CF232065AC6EB476/0?vuin=2997400528&amp;term=2]","message_id":19029,"message_type":"group","post_type":"message","raw_message":"[CQ:image,file=EAD96EAD11B2F7A5CF232065AC6EB476.jpg]","self_id":2997400528,"sender":{"age":0,"area":"南宁","card":"小八的小弟-86五笔","level":"中级","nickname":"无影","role":"member","sex":"unknown","title":"","user_id":67195227},"sub_type":"normal","time":1558175896,"user_id":67195227}
[19-05-18 18:38:29] [PicqBotX] [DEBUG(java.lang.Thread.run:748)] 收到新请求: CQHttp/4.8.0
[19-05-18 18:38:29] [PicqBotX] [DEBUG(java.lang.Thread.run:748)] - 数据: {"anonymous":null,"font":8470544,"group_id":522394334,"message":"这是什么键托啊","message_id":19030,"message_type":"group","post_type":"message","raw_message":"这是什么键托啊","self_id":2997400528,"sender":{"age":28,"area":"成都","card":"一枝独秀―谭八风","level":"了解群图书馆","nickname":"云华","role":"member","sex":"male","title":"","user_id":2297714857},"sub_type":"normal","time":1558175909,"user_id":2297714857}
[19-05-18 18:38:30] [PicqBotX] [DEBUG(java.lang.Thread.run:748)] 收到新请求: CQHttp/4.8.0
[19-05-18 18:38:30] [PicqBotX] [DEBUG(java.lang.Thread.run:748)] - 数据: {"anonymous":null,"font":8470640,"group_id":522394334,"message":"不过我这个塑料的","message_id":19031,"message_type":"group","post_type":"message","raw_message":"不过我这个塑料的","self_id":2997400528,"sender":{"age":0,"area":"南宁","card":"小八的小弟-86五笔","level":"中级","nickname":"无影","role":"member","sex":"unknown","title":"","user_id":67195227},"sub_type":"normal","time":1558175910,"user_id":67195227}
[19-05-18 18:38:35] [PicqBotX] [DEBUG(java.lang.Thread.run:748)] 收到新请求: CQHttp/4.8.0
[19-05-18 18:38:35] [PicqBotX] [DEBUG(java.lang.Thread.run:748)] - 数据: {"anonymous":null,"font":8470160,"group_id":522394334,"message":"看上去好软","message_id":19032,"message_type":"group","post_type":"message","raw_message":"看上去好软","self_id":2997400528,"sender":{"age":28,"area":"成都","card":"一枝独秀―谭八风","level":"了解群图书馆","nickname":"云华","role":"member","sex":"male","title":"","user_id":2297714857},"sub_type":"normal","time":1558175915,"user_id":2297714857}
[19-05-18 18:38:41] [PicqBotX] [DEBUG(java.lang.Thread.run:748)] 收到新请求: CQHttp/4.8.0
[19-05-18 18:38:41] [PicqBotX] [DEBUG(java.lang.Thread.run:748)] - 数据: {"anonymous":null,"font":8470480,"group_id":522394334,"message":"[CQ:face,id=212][CQ:face,id=212][CQ:face,id=212]","message_id":19033,"message_type":"group","post_type":"message","raw_message":"[CQ:face,id=212][CQ:face,id=212][CQ:face,id=212]","self_id":2997400528,"sender":{"age":28,"area":"成都","card":"一枝独秀―谭八风","level":"了解群图书馆","nickname":"云华","role":"member","sex":"male","title":"","user_id":2297714857},"sub_type":"normal","time":1558175921,"user_id":2297714857}
[19-05-18 18:38:57] [PicqBotX] [DEBUG(java.lang.Thread.run:748)] 收到新请求: CQHttp/4.8.0
[19-05-18 18:38:57] [PicqBotX] [DEBUG(java.lang.Thread.run:748)] - 数据: {"anonymous":null,"font":8470128,"group_id":522394334,"message":"我去淘宝看看","message_id":19034,"message_type":"group","post_type":"message","raw_message":"我去淘宝看看","self_id":2997400528,"sender":{"age":28,"area":"成都","card":"一枝独秀―谭八风","level":"了解群图书馆","nickname":"云华","role":"member","sex":"male","title":"","user_id":2297714857},"sub_type":"normal","time":1558175937,"user_id":2297714857}
[19-05-18 18:39:14] [PicqBotX] [DEBUG(java.lang.Thread.run:748)] 收到新请求: CQHttp/4.8.0
[19-05-18 18:39:14] [PicqBotX] [DEBUG(java.lang.Thread.run:748)] - 数据: {"anonymous":null,"font":8470736,"group_id":522394334,"message":"这个手弄在上面舒服吗","message_id":19035,"message_type":"group","post_type":"message","raw_message":"这个手弄在上面舒服吗","self_id":2997400528,"sender":{"age":28,"area":"成都","card":"一枝独秀―谭八风","level":"了解群图书馆","nickname":"云华","role":"member","sex":"male","title":"","user_id":2297714857},"sub_type":"normal","time":1558175954,"user_id":2297714857}
[19-05-18 18:39:43] [PicqBotX] [DEBUG(java.lang.Thread.run:748)] 收到新请求: CQHttp/4.8.0
[19-05-18 18:39:43] [PicqBotX] [DEBUG(java.lang.Thread.run:748)] - 数据: {"anonymous":null,"font":8470704,"group_id":522394334,"message":"[CQ:face,id=212][CQ:face,id=212][CQ:face,id=212]唉我想买原来的，用惯了，就是感觉键帽太滑了","message_id":19036,"message_type":"group","post_type":"message","raw_message":"[CQ:face,id=212][CQ:face,id=212][CQ:face,id=212]唉我想买原来的，用惯了，就是感觉键帽太滑了","self_id":2997400528,"sender":{"age":28,"area":"成都","card":"一枝独秀―谭八风","level":"了解群图书馆","nickname":"云华","role":"member","sex":"male","title":"","user_id":2297714857},"sub_type":"normal","time":1558175983,"user_id":2297714857}
[19-05-18 18:39:57] [PicqBotX] [DEBUG(java.lang.Thread.run:748)] 收到新请求: CQHttp/4.8.0
[19-05-18 18:39:57] [PicqBotX] [DEBUG(java.lang.Thread.run:748)] - 数据: {"anonymous":null,"font":8470768,"group_id":522394334,"message":"打快了就凉凉","message_id":19037,"message_type":"group","post_type":"message","raw_message":"打快了就凉凉","self_id":2997400528,"sender":{"age":28,"area":"成都","card":"一枝独秀―谭八风","level":"了解群图书馆","nickname":"云华","role":"member","sex":"male","title":"","user_id":2297714857},"sub_type":"normal","time":1558175997,"user_id":2297714857}
[19-05-18 18:41:29] [PicqBotX] [DEBUG(java.lang.Thread.run:748)] 收到新请求: CQHttp/4.8.0
[19-05-18 18:41:29] [PicqBotX] [DEBUG(java.lang.Thread.run:748)] - 数据: {"anonymous":null,"font":8470224,"group_id":723795668,"message":"看了一下指法，","message_id":19038,"message_type":"group","post_type":"message","raw_message":"看了一下指法，","self_id":2997400528,"sender":{"age":29,"area":"深圳","card":"","level":"高手","nickname":"廿七","role":"member","sex":"male","title":"","user_id":469620205},"sub_type":"normal","time":1558176089,"user_id":469620205}
[19-05-18 18:41:40] [PicqBotX] [DEBUG(java.lang.Thread.run:748)] 收到新请求: CQHttp/4.8.0
[19-05-18 18:41:40] [PicqBotX] [DEBUG(java.lang.Thread.run:748)] - 数据: {"anonymous":null,"font":8470800,"group_id":723795668,"message":"要好好学习","message_id":19039,"message_type":"group","post_type":"message","raw_message":"要好好学习","self_id":2997400528,"sender":{"age":29,"area":"深圳","card":"","level":"高手","nickname":"廿七","role":"member","sex":"male","title":"","user_id":469620205},"sub_type":"normal","time":1558176100,"user_id":469620205}
[19-05-18 18:41:48] [PicqBotX] [DEBUG(java.lang.Thread.run:748)] 收到新请求: CQHttp/4.8.0
[19-05-18 18:41:48] [PicqBotX] [DEBUG(java.lang.Thread.run:748)] - 数据: {"anonymous":null,"font":8470096,"group_id":723795668,"message":"改掉坏习惯","message_id":19040,"message_type":"group","post_type":"message","raw_message":"改掉坏习惯","self_id":2997400528,"sender":{"age":29,"area":"深圳","card":"","level":"高手","nickname":"廿七","role":"member","sex":"male","title":"","user_id":469620205},"sub_type":"normal","time":1558176108,"user_id":469620205}
[19-05-18 18:41:51] [PicqBotX] [DEBUG(java.lang.Thread.run:748)] 收到新请求: CQHttp/4.8.0
[19-05-18 18:41:51] [PicqBotX] [DEBUG(java.lang.Thread.run:748)] - 数据: {"anonymous":null,"font":8470384,"group_id":723795668,"message":"?","message_id":19041,"message_type":"group","post_type":"message","raw_message":"?","self_id":2997400528,"sender":{"age":29,"area":"深圳","card":"","level":"高手","nickname":"廿七","role":"member","sex":"male","title":"","user_id":469620205},"sub_type":"normal","time":1558176111,"user_id":469620205}
[19-05-18 18:42:25] [PicqBotX] [DEBUG(java.lang.Thread.run:748)] 收到新请求: CQHttp/4.8.0
[19-05-18 18:42:25] [PicqBotX] [DEBUG(java.lang.Thread.run:748)] - 数据: {"anonymous":null,"font":8470800,"group_id":723795668,"message":"千","message_id":19042,"message_type":"group","post_type":"message","raw_message":"千","self_id":2997400528,"sender":{"age":29,"area":"深圳","card":"","level":"高手","nickname":"廿七","role":"member","sex":"male","title":"","user_id":469620205},"sub_type":"normal","time":1558176145,"user_id":469620205}
[19-05-18 18:42:42] [PicqBotX] [DEBUG(java.lang.Thread.run:748)] 收到新请求: CQHttp/4.8.0
[19-05-18 18:42:42] [PicqBotX] [DEBUG(java.lang.Thread.run:748)] - 数据: {"anonymous":null,"font":8470992,"group_id":723795668,"message":"一个是大写的吧","message_id":19043,"message_type":"group","post_type":"message","raw_message":"一个是大写的吧","self_id":2997400528,"sender":{"age":29,"area":"深圳","card":"","level":"高手","nickname":"廿七","role":"member","sex":"male","title":"","user_id":469620205},"sub_type":"normal","time":1558176162,"user_id":469620205}
[19-05-18 18:43:02] [PicqBotX] [DEBUG(java.lang.Thread.run:748)] 收到新请求: CQHttp/4.8.0
