[19-05-14 20:13:49] [PicqBotX] [INFO] 
[19-05-14 20:13:49] [PicqBotX] [INFO]     ____  _            ____        __ _  __
[19-05-14 20:13:49] [PicqBotX] [INFO]    / __ \(_)________ _/ __ )____  / /| |/ /
[19-05-14 20:13:49] [PicqBotX] [INFO]   / /_/ / / ___/ __ `/ __  / __ \/ __/   /
[19-05-14 20:13:49] [PicqBotX] [INFO]  / ____/ / /__/ /_/ / /_/ / /_/ / /_/   |
[19-05-14 20:13:49] [PicqBotX] [INFO] /_/   /_/\___/\__, /_____/\____/\__/_/|_|
[19-05-14 20:13:49] [PicqBotX] [INFO]                 /_/         v3.2.2.896
[19-05-14 20:13:49] [PicqBotX] [INFO] 日志管理器     初始化完成 [******] ...(29.43 ms)
[19-05-14 20:13:49] [PicqBotX] [INFO] 缓存管理器     初始化完成 [******] ...(1.29 ms)
[19-05-14 20:13:49] [PicqBotX] [INFO] DEBUG设置     初始化完成 [******] ...(0.01 ms)
[19-05-14 20:13:49] [PicqBotX] [INFO] 事件管理器     初始化完成 [******] ...(26.26 ms)
[19-05-14 20:13:49] [PicqBotX] [INFO] 账号管理器     初始化完成 [******] ...(1.05 ms)
[19-05-14 20:13:49] [PicqBotX] [INFO] HTTP监听服务器 初始化完成 [******] ...(1.45 ms)
[19-05-14 20:13:49] [PicqBotX] [INFO] 指令管理器     初始化完成 [******] ...(2.37 ms)
[19-05-14 20:13:49] [PicqBotX] [WARNING] 账号 Bot01: 版本正确, 不过用酷Q Pro的话效果更好哦!
[19-05-14 20:13:49] [PicqBotX] [INFO] 账号 Bot01:   版本验证完成!
[19-05-14 20:13:49] [PicqBotX] [INFO] 正在启动...
[19-05-14 20:13:52] [PicqBotX] [DEBUG(java.lang.Thread.run:748)] 收到新请求: CQHttp/4.8.0
[19-05-14 20:13:52] [PicqBotX] [DEBUG(java.lang.Thread.run:748)] - 数据: {"anonymous":null,"font":6235360,"group_id":522394334,"message":"#赛文","message_id":9979,"message_type":"group","post_type":"message","raw_message":"#赛文","self_id":2997400528,"sender":{"age":8,"area":"广州","card":"谭宇-养生式跟打","level":"入门","nickname":"0 4 . 2 2","role":"admin","sex":"male","title":"","user_id":1061917196},"sub_type":"normal","time":1557836032,"user_id":1061917196}
[19-05-14 20:13:53] [PicqBotX] [DEBUG(java.lang.Thread.run:748)] 收到新请求: CQHttp/4.8.0
[19-05-14 20:13:53] [PicqBotX] [DEBUG(java.lang.Thread.run:748)] - 数据: {"anonymous":null,"font":6235776,"group_id":522394334,"message":"《始于眉毛》日赛第532期-二花制作\r\n因为是女人，而且要就业，她就想选择一个以女性美吸引人的职业。可是，谁也没有说过她美。她找到的，却是禁止化妆的职业。一天，上司把她叫到跟前说：“你描眉了吧？”“没有啊！”她怯生生地用手指沾了点唾沫，把眉毛擦了擦。“那么，你是修剪过喽？”“没有啊！生来就是这样。”她几乎哭出来了。“唔，你好歹有双漂亮的眉毛，就是不在这里工作，你也能活下去吧。”从她的眉毛，上司找到了裁减她的借口。她才第一次明确地了解到了自己的眉毛之美。她满心喜悦，连失业的悲哀也忘却了。自己也有美的地方，对结婚也就有信心了。丈夫没有说她的眉毛长的美。他说她的乳房美，脊背、双膝也很美。然后，然后……别人告诉她，她身上有许多美，她沉湎在幸福之中。但是，一想到丈夫搜遍了她身上的美之后又将会怎样，她也就禁不住怀念起当初以为自己身上没有一点美而认命了的时候那种无忧无虑来了。\r\n-----第999段-1200S-366Z-4L-78eed272V--c.sw.1.1\r\n本文由 散文 组成","message_id":9980,"message_type":"group","post_type":"message","raw_message":"《始于眉毛》日赛第532期-二花制作\r\n因为是女人，而且要就业，她就想选择一个以女性美吸引人的职业。可是，谁也没有说过她美。她找到的，却是禁止化妆的职业。一天，上司把她叫到跟前说：“你描眉了吧？”“没有啊！”她怯生生地用手指沾了点唾沫，把眉毛擦了擦。“那么，你是修剪过喽？”“没有啊！生来就是这样。”她几乎哭出来了。“唔，你好歹有双漂亮的眉毛，就是不在这里工作，你也能活下去吧。”从她的眉毛，上司找到了裁减她的借口。她才第一次明确地了解到了自己的眉毛之美。她满心喜悦，连失业的悲哀也忘却了。自己也有美的地方，对结婚也就有信心了。丈夫没有说她的眉毛长的美。他说她的乳房美，脊背、双膝也很美。然后，然后……别人告诉她，她身上有许多美，她沉湎在幸福之中。但是，一想到丈夫搜遍了她身上的美之后又将会怎样，她也就禁不住怀念起当初以为自己身上没有一点美而认命了的时候那种无忧无虑来了。\r\n-----第999段-1200S-366Z-4L-78eed272V--c.sw.1.1\r\n本文由 散文 组成","self_id":2997400528,"sender":{"age":6,"area":"北京","card":"","level":"小白","nickname":"小拆","role":"member","sex":"female","title":"","user_id":207938707},"sub_type":"normal","time":1557836033,"user_id":207938707}
[19-05-14 20:14:21] [PicqBotX] [DEBUG(java.lang.Thread.run:748)] 收到新请求: CQHttp/4.8.0
[19-05-14 20:14:21] [PicqBotX] [DEBUG(java.lang.Thread.run:748)] - 数据: {"anonymous":null,"font":6235808,"group_id":522394334,"message":"不过我还加了一个打词组，就是我这几天没怎么打，我感觉我都差不多了一样","message_id":9981,"message_type":"group","post_type":"message","raw_message":"不过我还加了一个打词组，就是我这几天没怎么打，我感觉我都差不多了一样","self_id":2997400528,"sender":{"age":28,"area":"成都","card":"一枝独秀―谭八风","level":"了解群图书馆","nickname":"云华","role":"member","sex":"male","title":"","user_id":2297714857},"sub_type":"normal","time":1557836061,"user_id":2297714857}
[19-05-14 20:14:46] [PicqBotX] [DEBUG(java.lang.Thread.run:748)] 收到新请求: CQHttp/4.8.0
[19-05-14 20:14:46] [PicqBotX] [DEBUG(java.lang.Thread.run:748)] - 数据: {"anonymous":null,"font":6235392,"group_id":522394334,"message":"有点小膨胀","message_id":9982,"message_type":"group","post_type":"message","raw_message":"有点小膨胀","self_id":2997400528,"sender":{"age":28,"area":"成都","card":"一枝独秀―谭八风","level":"了解群图书馆","nickname":"云华","role":"member","sex":"male","title":"","user_id":2297714857},"sub_type":"normal","time":1557836086,"user_id":2297714857}
[19-05-14 20:14:57] [PicqBotX] [DEBUG(java.lang.Thread.run:748)] 收到新请求: CQHttp/4.8.0
[19-05-14 20:14:57] [PicqBotX] [DEBUG(java.lang.Thread.run:748)] - 数据: {"anonymous":null,"font":6235680,"group_id":522394334,"message":"来打歌吗？","message_id":9983,"message_type":"group","post_type":"message","raw_message":"来打歌吗？","self_id":2997400528,"sender":{"age":28,"area":"成都","card":"一枝独秀―谭八风","level":"了解群图书馆","nickname":"云华","role":"member","sex":"male","title":"","user_id":2297714857},"sub_type":"normal","time":1557836097,"user_id":2297714857}
[19-05-14 20:15:15] [PicqBotX] [DEBUG(java.lang.Thread.run:748)] 收到新请求: CQHttp/4.8.0
[19-05-14 20:15:15] [PicqBotX] [DEBUG(java.lang.Thread.run:748)] - 数据: {"anonymous":null,"font":6235968,"group_id":522394334,"message":"你们觉得我进步快吗","message_id":9984,"message_type":"group","post_type":"message","raw_message":"你们觉得我进步快吗","self_id":2997400528,"sender":{"age":0,"area":"广州","card":"无聊-小鹤音形","level":"中级","nickname":"无聊","role":"member","sex":"male","title":"","user_id":779855010},"sub_type":"normal","time":1557836115,"user_id":779855010}
[19-05-14 20:15:19] [PicqBotX] [DEBUG(java.lang.Thread.run:748)] 收到新请求: CQHttp/4.8.0
[19-05-14 20:15:19] [PicqBotX] [DEBUG(java.lang.Thread.run:748)] - 数据: {"anonymous":null,"font":6235488,"group_id":522394334,"message":"房间里有一个苍蝇怎么办 在线等 挺急的","message_id":9985,"message_type":"group","post_type":"message","raw_message":"房间里有一个苍蝇怎么办 在线等 挺急的","self_id":2997400528,"sender":{"age":0,"area":"","card":"八-小鹤音形","level":"中级","nickname":"温华","role":"member","sex":"unknown","title":"","user_id":871218215},"sub_type":"normal","time":1557836119,"user_id":871218215}
[19-05-14 20:15:29] [PicqBotX] [DEBUG(java.lang.Thread.run:748)] 收到新请求: CQHttp/4.8.0
[19-05-14 20:15:29] [PicqBotX] [DEBUG(java.lang.Thread.run:748)] - 数据: {"anonymous":null,"font":6235808,"group_id":522394334,"message":"进步全靠拖拉机[CQ:face,id=78]","message_id":9986,"message_type":"group","post_type":"message","raw_message":"进步全靠拖拉机[CQ:face,id=78]","self_id":2997400528,"sender":{"age":0,"area":"广州","card":"无聊-小鹤音形","level":"中级","nickname":"无聊","role":"member","sex":"male","title":"","user_id":779855010},"sub_type":"normal","time":1557836129,"user_id":779855010}
[19-05-14 20:15:33] [PicqBotX] [DEBUG(java.lang.Thread.run:748)] 收到新请求: CQHttp/4.8.0
[19-05-14 20:15:33] [PicqBotX] [DEBUG(java.lang.Thread.run:748)] - 数据: {"anonymous":null,"font":6235200,"group_id":522394334,"message":"挺快的","message_id":9987,"message_type":"group","post_type":"message","raw_message":"挺快的","self_id":2997400528,"sender":{"age":28,"area":"成都","card":"一枝独秀―谭八风","level":"了解群图书馆","nickname":"云华","role":"member","sex":"male","title":"","user_id":2297714857},"sub_type":"normal","time":1557836133,"user_id":2297714857}
[19-05-14 20:15:48] [PicqBotX] [DEBUG(java.lang.Thread.run:748)] 收到新请求: CQHttp/4.8.0
[19-05-14 20:15:48] [PicqBotX] [DEBUG(java.lang.Thread.run:748)] - 数据: {"anonymous":null,"font":6235872,"group_id":522394334,"message":"别拍马屁了，他的马屁你拍了也没用","message_id":9988,"message_type":"group","post_type":"message","raw_message":"别拍马屁了，他的马屁你拍了也没用","self_id":2997400528,"sender":{"age":28,"area":"成都","card":"一枝独秀―谭八风","level":"了解群图书馆","nickname":"云华","role":"member","sex":"male","title":"","user_id":2297714857},"sub_type":"normal","time":1557836148,"user_id":2297714857}
[19-05-14 20:15:52] [PicqBotX] [DEBUG(java.lang.Thread.run:748)] 收到新请求: CQHttp/4.8.0
[19-05-14 20:15:52] [PicqBotX] [DEBUG(java.lang.Thread.run:748)] - 数据: {"anonymous":null,"font":6235840,"group_id":522394334,"message":"[CQ:image,file=D6A58297859351B07B63BCEB7619E541.jpg,url=https://gchat.qpic.cn/gchatpic_new/2297714857/522394334-2718988718-D6A58297859351B07B63BCEB7619E541/0?vuin=2997400528&amp;term=2]","message_id":9989,"message_type":"group","post_type":"message","raw_message":"[CQ:image,file=D6A58297859351B07B63BCEB7619E541.jpg]","self_id":2997400528,"sender":{"age":28,"area":"成都","card":"一枝独秀―谭八风","level":"了解群图书馆","nickname":"云华","role":"member","sex":"male","title":"","user_id":2297714857},"sub_type":"normal","time":1557836152,"user_id":2297714857}
[19-05-14 20:16:06] [PicqBotX] [DEBUG(java.lang.Thread.run:748)] 收到新请求: CQHttp/4.8.0
[19-05-14 20:16:06] [PicqBotX] [DEBUG(java.lang.Thread.run:748)] - 数据: {"anonymous":null,"font":6235680,"group_id":522394334,"message":"有苍蝇怎么办","message_id":9990,"message_type":"group","post_type":"message","raw_message":"有苍蝇怎么办","self_id":2997400528,"sender":{"age":28,"area":"成都","card":"一枝独秀―谭八风","level":"了解群图书馆","nickname":"云华","role":"member","sex":"male","title":"","user_id":2297714857},"sub_type":"normal","time":1557836166,"user_id":2297714857}
[19-05-14 20:16:10] [PicqBotX] [DEBUG(java.lang.Thread.run:748)] 收到新请求: CQHttp/4.8.0
[19-05-14 20:16:10] [PicqBotX] [DEBUG(java.lang.Thread.run:748)] - 数据: {"anonymous":null,"font":6235296,"group_id":522394334,"message":"出去啊","message_id":9991,"message_type":"group","post_type":"message","raw_message":"出去啊","self_id":2997400528,"sender":{"age":28,"area":"成都","card":"一枝独秀―谭八风","level":"了解群图书馆","nickname":"云华","role":"member","sex":"male","title":"","user_id":2297714857},"sub_type":"normal","time":1557836170,"user_id":2297714857}
[19-05-14 20:16:14] [PicqBotX] [DEBUG(java.lang.Thread.run:748)] 收到新请求: CQHttp/4.8.0
[19-05-14 20:16:14] [PicqBotX] [DEBUG(java.lang.Thread.run:748)] - 数据: {"anonymous":null,"font":6235840,"group_id":522394334,"message":"真不吹，拖拉机真的牛逼","message_id":9992,"message_type":"group","post_type":"message","raw_message":"真不吹，拖拉机真的牛逼","self_id":2997400528,"sender":{"age":0,"area":"广州","card":"无聊-小鹤音形","level":"中级","nickname":"无聊","role":"member","sex":"male","title":"","user_id":779855010},"sub_type":"normal","time":1557836174,"user_id":779855010}
[19-05-14 20:16:42] [PicqBotX] [DEBUG(java.lang.Thread.run:748)] 收到新请求: CQHttp/4.8.0
[19-05-14 20:16:42] [PicqBotX] [DEBUG(java.lang.Thread.run:748)] - 数据: {"anonymous":null,"font":6235680,"group_id":522394334,"message":"外挂！辅助！封号！","message_id":9993,"message_type":"group","post_type":"message","raw_message":"外挂！辅助！封号！","self_id":2997400528,"sender":{"age":0,"area":"广州","card":"无聊-小鹤音形","level":"中级","nickname":"无聊","role":"member","sex":"male","title":"","user_id":779855010},"sub_type":"normal","time":1557836202,"user_id":779855010}
[19-05-14 20:16:49] [PicqBotX] [DEBUG(java.lang.Thread.run:748)] 收到新请求: CQHttp/4.8.0
[19-05-14 20:16:49] [PicqBotX] [DEBUG(java.lang.Thread.run:748)] - 数据: {"anonymous":null,"font":6235104,"group_id":522394334,"message":"把门打开自己出去住酒店，然后把苍蝇关在屋里，把它活活的饿死、","message_id":9994,"message_type":"group","post_type":"message","raw_message":"把门打开自己出去住酒店，然后把苍蝇关在屋里，把它活活的饿死、","self_id":2997400528,"sender":{"age":28,"area":"成都","card":"一枝独秀―谭八风","level":"了解群图书馆","nickname":"云华","role":"member","sex":"male","title":"","user_id":2297714857},"sub_type":"normal","time":1557836209,"user_id":2297714857}
[19-05-14 20:16:59] [PicqBotX] [DEBUG(java.lang.Thread.run:748)] 收到新请求: CQHttp/4.8.0
[19-05-14 20:16:59] [PicqBotX] [DEBUG(java.lang.Thread.run:748)] - 数据: {"anonymous":null,"font":6235136,"group_id":522394334,"message":"[CQ:image,file=8D51D1B59ADFBA17961BCAB926715DC2.gif,url=https://gchat.qpic.cn/gchatpic_new/2297714857/522394334-2446971631-8D51D1B59ADFBA17961BCAB926715DC2/0?vuin=2997400528&amp;term=2]","message_id":9995,"message_type":"group","post_type":"message","raw_message":"[CQ:image,file=8D51D1B59ADFBA17961BCAB926715DC2.gif]","self_id":2997400528,"sender":{"age":28,"area":"成都","card":"一枝独秀―谭八风","level":"了解群图书馆","nickname":"云华","role":"member","sex":"male","title":"","user_id":2297714857},"sub_type":"normal","time":1557836219,"user_id":2297714857}
[19-05-14 20:17:03] [PicqBotX] [DEBUG(java.lang.Thread.run:748)] 收到新请求: CQHttp/4.8.0
[19-05-14 20:17:03] [PicqBotX] [DEBUG(java.lang.Thread.run:748)] - 数据: {"anonymous":null,"font":6235488,"group_id":522394334,"message":"封号什么意思","message_id":9996,"message_type":"group","post_type":"message","raw_message":"封号什么意思","self_id":2997400528,"sender":{"age":28,"area":"成都","card":"一枝独秀―谭八风","level":"了解群图书馆","nickname":"云华","role":"member","sex":"male","title":"","user_id":2297714857},"sub_type":"normal","time":1557836223,"user_id":2297714857}
[19-05-14 20:17:04] [PicqBotX] [DEBUG(java.lang.Thread.run:748)] 收到新请求: CQHttp/4.8.0
[19-05-14 20:17:04] [PicqBotX] [DEBUG(java.lang.Thread.run:748)] - 数据: {"anonymous":null,"font":6235648,"group_id":522394334,"message":"苍蝇比蚊子强太多","message_id":9997,"message_type":"group","post_type":"message","raw_message":"苍蝇比蚊子强太多","self_id":2997400528,"sender":{"age":0,"area":"广州","card":"无聊-小鹤音形","level":"中级","nickname":"无聊","role":"member","sex":"male","title":"","user_id":779855010},"sub_type":"normal","time":1557836224,"user_id":779855010}
[19-05-14 20:17:22] [PicqBotX] [DEBUG(java.lang.Thread.run:748)] 收到新请求: CQHttp/4.8.0
[19-05-14 20:17:22] [PicqBotX] [DEBUG(java.lang.Thread.run:748)] - 数据: {"anonymous":null,"font":6235904,"group_id":522394334,"message":"没，顺口溜[CQ:face,id=182]","message_id":9998,"message_type":"group","post_type":"message","raw_message":"没，顺口溜[CQ:face,id=182]","self_id":2997400528,"sender":{"age":0,"area":"广州","card":"无聊-小鹤音形","level":"中级","nickname":"无聊","role":"member","sex":"male","title":"","user_id":779855010},"sub_type":"normal","time":1557836242,"user_id":779855010}
[19-05-14 20:17:23] [PicqBotX] [DEBUG(java.lang.Thread.run:748)] 收到新请求: CQHttp/4.8.0
[19-05-14 20:17:23] [PicqBotX] [DEBUG(java.lang.Thread.run:748)] - 数据: {"anonymous":null,"font":6235008,"group_id":522394334,"message":"那就用蚊香把它弄死吧","message_id":9999,"message_type":"group","post_type":"message","raw_message":"那就用蚊香把它弄死吧","self_id":2997400528,"sender":{"age":28,"area":"成都","card":"一枝独秀―谭八风","level":"了解群图书馆","nickname":"云华","role":"member","sex":"male","title":"","user_id":2297714857},"sub_type":"normal","time":1557836243,"user_id":2297714857}
[19-05-14 20:17:34] [PicqBotX] [DEBUG(java.lang.Thread.run:748)] 收到新请求: CQHttp/4.8.0
[19-05-14 20:17:34] [PicqBotX] [DEBUG(java.lang.Thread.run:748)] - 数据: {"anonymous":null,"font":6235200,"group_id":522394334,"message":"哦哦原来如此","message_id":10000,"message_type":"group","post_type":"message","raw_message":"哦哦原来如此","self_id":2997400528,"sender":{"age":28,"area":"成都","card":"一枝独秀―谭八风","level":"了解群图书馆","nickname":"云华","role":"member","sex":"male","title":"","user_id":2297714857},"sub_type":"normal","time":1557836254,"user_id":2297714857}
[19-05-14 20:17:36] [PicqBotX] [DEBUG(java.lang.Thread.run:748)] 收到新请求: CQHttp/4.8.0
[19-05-14 20:17:36] [PicqBotX] [DEBUG(java.lang.Thread.run:748)] - 数据: {"anonymous":null,"font":6235904,"group_id":522394334,"message":"用苍蝇拍都很难打死","message_id":10001,"message_type":"group","post_type":"message","raw_message":"用苍蝇拍都很难打死","self_id":2997400528,"sender":{"age":0,"area":"广州","card":"无聊-小鹤音形","level":"中级","nickname":"无聊","role":"member","sex":"male","title":"","user_id":779855010},"sub_type":"normal","time":1557836256,"user_id":779855010}
[19-05-14 20:17:42] [PicqBotX] [DEBUG(java.lang.Thread.run:748)] 收到新请求: CQHttp/4.8.0
[19-05-14 20:17:42] [PicqBotX] [DEBUG(java.lang.Thread.run:748)] - 数据: {"anonymous":null,"font":6235904,"group_id":522394334,"message":"太快了","message_id":10002,"message_type":"group","post_type":"message","raw_message":"太快了","self_id":2997400528,"sender":{"age":0,"area":"广州","card":"无聊-小鹤音形","level":"中级","nickname":"无聊","role":"member","sex":"male","title":"","user_id":779855010},"sub_type":"normal","time":1557836262,"user_id":779855010}
[19-05-14 20:17:46] [PicqBotX] [DEBUG(java.lang.Thread.run:748)] 收到新请求: CQHttp/4.8.0
[19-05-14 20:17:46] [PicqBotX] [DEBUG(java.lang.Thread.run:748)] - 数据: {"anonymous":null,"font":6235200,"group_id":522394334,"message":"疾风迅雷","message_id":10003,"message_type":"group","post_type":"message","raw_message":"疾风迅雷","self_id":2997400528,"sender":{"age":0,"area":"广州","card":"无聊-小鹤音形","level":"中级","nickname":"无聊","role":"member","sex":"male","title":"","user_id":779855010},"sub_type":"normal","time":1557836266,"user_id":779855010}
[19-05-14 20:18:16] [PicqBotX] [DEBUG(java.lang.Thread.run:748)] 收到新请求: CQHttp/4.8.0
[19-05-14 20:18:16] [PicqBotX] [DEBUG(java.lang.Thread.run:748)] - 数据: {"anonymous":null,"font":6235840,"group_id":522394334,"message":"不应该是迅雷不及掩耳之响叮当之势吗？","message_id":10004,"message_type":"group","post_type":"message","raw_message":"不应该是迅雷不及掩耳之响叮当之势吗？","self_id":2997400528,"sender":{"age":28,"area":"成都","card":"一枝独秀―谭八风","level":"了解群图书馆","nickname":"云华","role":"member","sex":"male","title":"","user_id":2297714857},"sub_type":"normal","time":1557836296,"user_id":2297714857}
[19-05-14 20:18:28] [PicqBotX] [DEBUG(java.lang.Thread.run:748)] 收到新请求: CQHttp/4.8.0
