[19-05-16 19:43:38] [PicqBotX] [INFO] 
[19-05-16 19:43:38] [PicqBotX] [INFO]     ____  _            ____        __ _  __
[19-05-16 19:43:38] [PicqBotX] [INFO]    / __ \(_)________ _/ __ )____  / /| |/ /
[19-05-16 19:43:38] [PicqBotX] [INFO]   / /_/ / / ___/ __ `/ __  / __ \/ __/   /
[19-05-16 19:43:38] [PicqBotX] [INFO]  / ____/ / /__/ /_/ / /_/ / /_/ / /_/   |
[19-05-16 19:43:38] [PicqBotX] [INFO] /_/   /_/\___/\__, /_____/\____/\__/_/|_|
[19-05-16 19:43:38] [PicqBotX] [INFO]                 /_/         v3.2.2.896
[19-05-16 19:43:38] [PicqBotX] [INFO] 日志管理器     初始化完成 [******] ...(42.31 ms)
[19-05-16 19:43:38] [PicqBotX] [INFO] 缓存管理器     初始化完成 [******] ...(2.08 ms)
[19-05-16 19:43:38] [PicqBotX] [INFO] DEBUG设置     初始化完成 [******] ...(0.01 ms)
[19-05-16 19:43:38] [PicqBotX] [INFO] 事件管理器     初始化完成 [******] ...(43.03 ms)
[19-05-16 19:43:38] [PicqBotX] [INFO] 账号管理器     初始化完成 [******] ...(1.37 ms)
[19-05-16 19:43:38] [PicqBotX] [INFO] HTTP监听服务器 初始化完成 [******] ...(2.23 ms)
[19-05-16 19:43:38] [PicqBotX] [INFO] 指令管理器     初始化完成 [******] ...(2.03 ms)
[19-05-16 19:43:38] [PicqBotX] [WARNING] 账号 Bot01: 版本正确, 不过用酷Q Pro的话效果更好哦!
[19-05-16 19:43:38] [PicqBotX] [INFO] 账号 Bot01:   版本验证完成!
[19-05-16 19:43:38] [PicqBotX] [INFO] 正在启动...
[19-05-16 19:43:43] [PicqBotX] [DEBUG(java.lang.Thread.run:748)] 收到新请求: CQHttp/4.8.0
[19-05-16 19:43:43] [PicqBotX] [DEBUG(java.lang.Thread.run:748)] - 数据: {"anonymous":null,"font":43738312,"group_id":522394334,"message":"#随机战场 100 10 10","message_id":12775,"message_type":"group","post_type":"message","raw_message":"#随机战场 100 10 10","self_id":2997400528,"sender":{"age":8,"area":"广州","card":"谭宇-养生式跟打","level":"入门","nickname":"0 4 . 2 2","role":"admin","sex":"male","title":"","user_id":1061917196},"sub_type":"normal","time":1558007023,"user_id":1061917196}
[19-05-16 19:43:44] [PicqBotX] [DEBUG(java.lang.Thread.run:748)] 收到新请求: CQHttp/4.8.0
[19-05-16 19:43:44] [PicqBotX] [DEBUG(java.lang.Thread.run:748)] - 数据: {"anonymous":null,"font":43738152,"group_id":556981260,"message":"j;ji也还好","message_id":12776,"message_type":"group","post_type":"message","raw_message":"j;ji也还好","self_id":2997400528,"sender":{"age":0,"area":"广州","card":"无聊-小鹤","level":"新日电动车","nickname":"无聊","role":"member","sex":"male","title":"","user_id":779855010},"sub_type":"normal","time":1558007024,"user_id":779855010}
[19-05-16 19:43:46] [PicqBotX] [DEBUG(java.lang.Thread.run:748)] 收到新请求: CQHttp/4.8.0
[19-05-16 19:43:46] [PicqBotX] [DEBUG(java.lang.Thread.run:748)] - 数据: {"anonymous":null,"font":43738600,"group_id":556981260,"message":"不算特别累","message_id":12777,"message_type":"group","post_type":"message","raw_message":"不算特别累","self_id":2997400528,"sender":{"age":0,"area":"广州","card":"无聊-小鹤","level":"新日电动车","nickname":"无聊","role":"member","sex":"male","title":"","user_id":779855010},"sub_type":"normal","time":1558007026,"user_id":779855010}
[19-05-16 19:43:55] [PicqBotX] [DEBUG(java.lang.Thread.run:748)] 收到新请求: CQHttp/4.8.0
[19-05-16 19:43:55] [PicqBotX] [DEBUG(java.lang.Thread.run:748)] - 数据: {"anonymous":null,"font":43738632,"group_id":556981260,"message":"[CQ:image,file=43A3489D1D227804C9D43706D88B8C1E.gif,url=https://gchat.qpic.cn/gchatpic_new/2370792076/556981260-2637093780-43A3489D1D227804C9D43706D88B8C1E/0?vuin=2997400528&amp;term=2]","message_id":12778,"message_type":"group","post_type":"message","raw_message":"[CQ:image,file=43A3489D1D227804C9D43706D88B8C1E.gif]","self_id":2997400528,"sender":{"age":119,"area":"泽西岛","card":"豆角MM-微软","level":"波音747","nickname":"白猫王子","role":"member","sex":"male","title":"","user_id":2370792076},"sub_type":"normal","time":1558007035,"user_id":2370792076}
[19-05-16 19:44:01] [PicqBotX] [DEBUG(java.lang.Thread.run:748)] 收到新请求: CQHttp/4.8.0
[19-05-16 19:44:01] [PicqBotX] [DEBUG(java.lang.Thread.run:748)] - 数据: {"anonymous":null,"font":43738568,"group_id":556981260,"message":"小指按下去的时候好像能放松一下食指和中指","message_id":12779,"message_type":"group","post_type":"message","raw_message":"小指按下去的时候好像能放松一下食指和中指","self_id":2997400528,"sender":{"age":0,"area":"广州","card":"无聊-小鹤","level":"新日电动车","nickname":"无聊","role":"member","sex":"male","title":"","user_id":779855010},"sub_type":"normal","time":1558007041,"user_id":779855010}
[19-05-16 19:44:07] [PicqBotX] [DEBUG(java.lang.Thread.run:748)] 收到新请求: CQHttp/4.8.0
[19-05-16 19:44:07] [PicqBotX] [DEBUG(java.lang.Thread.run:748)] - 数据: {"anonymous":null,"font":43738152,"group_id":556981260,"message":"是的","message_id":12780,"message_type":"group","post_type":"message","raw_message":"是的","self_id":2997400528,"sender":{"age":119,"area":"泽西岛","card":"豆角MM-微软","level":"波音747","nickname":"白猫王子","role":"member","sex":"male","title":"","user_id":2370792076},"sub_type":"normal","time":1558007047,"user_id":2370792076}
[19-05-16 19:44:39] [PicqBotX] [DEBUG(java.lang.Thread.run:748)] 收到新请求: CQHttp/4.8.0
[19-05-16 19:44:39] [PicqBotX] [DEBUG(java.lang.Thread.run:748)] - 数据: {"anonymous":null,"font":43738888,"group_id":556981260,"message":"#成绩","message_id":12781,"message_type":"group","post_type":"message","raw_message":"#成绩","self_id":2997400528,"sender":{"age":119,"area":"泽西岛","card":"豆角MM-微软","level":"波音747","nickname":"白猫王子","role":"member","sex":"male","title":"","user_id":2370792076},"sub_type":"normal","time":1558007079,"user_id":2370792076}
[19-05-16 19:44:42] [PicqBotX] [DEBUG(java.lang.Thread.run:748)] 收到新请求: CQHttp/4.8.0
[19-05-16 19:44:42] [PicqBotX] [DEBUG(java.lang.Thread.run:748)] - 数据: {"anonymous":null,"font":43738824,"group_id":556981260,"message":"[CQ:image,file=1367A1D9D54BCE77F8FA2243E8B9AA38.png,url=https://gchat.qpic.cn/gchatpic_new/207938707/556981260-3215049630-1367A1D9D54BCE77F8FA2243E8B9AA38/0?vuin=2997400528&amp;term=2]","message_id":12782,"message_type":"group","post_type":"message","raw_message":"[CQ:image,file=1367A1D9D54BCE77F8FA2243E8B9AA38.png]","self_id":2997400528,"sender":{"age":6,"area":"北京","card":"","level":"波音747","nickname":"小拆","role":"admin","sex":"female","title":"","user_id":207938707},"sub_type":"normal","time":1558007082,"user_id":207938707}
[19-05-16 19:45:02] [PicqBotX] [DEBUG(java.lang.Thread.run:748)] 收到新请求: CQHttp/4.8.0
[19-05-16 19:45:02] [PicqBotX] [DEBUG(java.lang.Thread.run:748)] - 数据: {"anonymous":null,"font":43738760,"group_id":556981260,"message":"卧槽啊","message_id":12783,"message_type":"group","post_type":"message","raw_message":"卧槽啊","self_id":2997400528,"sender":{"age":119,"area":"泽西岛","card":"豆角MM-微软","level":"波音747","nickname":"白猫王子","role":"member","sex":"male","title":"","user_id":2370792076},"sub_type":"normal","time":1558007102,"user_id":2370792076}
[19-05-16 19:45:06] [PicqBotX] [DEBUG(java.lang.Thread.run:748)] 收到新请求: CQHttp/4.8.0
[19-05-16 19:45:06] [PicqBotX] [DEBUG(java.lang.Thread.run:748)] - 数据: {"anonymous":null,"font":43738376,"group_id":556981260,"message":"无聊你又上二百了","message_id":12784,"message_type":"group","post_type":"message","raw_message":"无聊你又上二百了","self_id":2997400528,"sender":{"age":119,"area":"泽西岛","card":"豆角MM-微软","level":"波音747","nickname":"白猫王子","role":"member","sex":"male","title":"","user_id":2370792076},"sub_type":"normal","time":1558007106,"user_id":2370792076}
[19-05-16 19:45:23] [PicqBotX] [DEBUG(java.lang.Thread.run:748)] 收到新请求: CQHttp/4.8.0
[19-05-16 19:45:23] [PicqBotX] [DEBUG(java.lang.Thread.run:748)] - 数据: {"anonymous":null,"font":43738600,"group_id":556981260,"message":"重打之故","message_id":12785,"message_type":"group","post_type":"message","raw_message":"重打之故","self_id":2997400528,"sender":{"age":0,"area":"广州","card":"无聊-小鹤","level":"新日电动车","nickname":"无聊","role":"member","sex":"male","title":"","user_id":779855010},"sub_type":"normal","time":1558007123,"user_id":779855010}
[19-05-16 19:45:41] [PicqBotX] [DEBUG(java.lang.Thread.run:748)] 收到新请求: CQHttp/4.8.0
[19-05-16 19:45:41] [PicqBotX] [DEBUG(java.lang.Thread.run:748)] - 数据: {"anonymous":null,"font":43738472,"group_id":556981260,"message":"小指算是这样了，这次真伤了","message_id":12786,"message_type":"group","post_type":"message","raw_message":"小指算是这样了，这次真伤了","self_id":2997400528,"sender":{"age":0,"area":"广州","card":"无聊-小鹤","level":"新日电动车","nickname":"无聊","role":"member","sex":"male","title":"","user_id":779855010},"sub_type":"normal","time":1558007141,"user_id":779855010}
[19-05-16 19:45:45] [PicqBotX] [DEBUG(java.lang.Thread.run:748)] 收到新请求: CQHttp/4.8.0
[19-05-16 19:45:45] [PicqBotX] [DEBUG(java.lang.Thread.run:748)] - 数据: {"anonymous":null,"font":43738568,"group_id":556981260,"message":"我得赶紧去重打一下、","message_id":12787,"message_type":"group","post_type":"message","raw_message":"我得赶紧去重打一下、","self_id":2997400528,"sender":{"age":119,"area":"泽西岛","card":"豆角MM-微软","level":"波音747","nickname":"白猫王子","role":"member","sex":"male","title":"","user_id":2370792076},"sub_type":"normal","time":1558007145,"user_id":2370792076}
[19-05-16 19:45:50] [PicqBotX] [DEBUG(java.lang.Thread.run:748)] 收到新请求: CQHttp/4.8.0
[19-05-16 19:45:50] [PicqBotX] [DEBUG(java.lang.Thread.run:748)] - 数据: {"anonymous":null,"font":43738376,"group_id":556981260,"message":"加油！","message_id":12788,"message_type":"group","post_type":"message","raw_message":"加油！","self_id":2997400528,"sender":{"age":0,"area":"广州","card":"无聊-小鹤","level":"新日电动车","nickname":"无聊","role":"member","sex":"male","title":"","user_id":779855010},"sub_type":"normal","time":1558007150,"user_id":779855010}
[19-05-16 19:45:53] [PicqBotX] [DEBUG(java.lang.Thread.run:748)] 收到新请求: CQHttp/4.8.0
[19-05-16 19:45:53] [PicqBotX] [DEBUG(java.lang.Thread.run:748)] - 数据: {"anonymous":null,"font":43738120,"group_id":556981260,"message":"干我！","message_id":12789,"message_type":"group","post_type":"message","raw_message":"干我！","self_id":2997400528,"sender":{"age":0,"area":"广州","card":"无聊-小鹤","level":"新日电动车","nickname":"无聊","role":"member","sex":"male","title":"","user_id":779855010},"sub_type":"normal","time":1558007153,"user_id":779855010}
[19-05-16 19:46:05] [PicqBotX] [DEBUG(java.lang.Thread.run:748)] 收到新请求: CQHttp/4.8.0
