[19-05-16 22:14:44] [PicqBotX] [INFO] 
[19-05-16 22:14:44] [PicqBotX] [INFO]     ____  _            ____        __ _  __
[19-05-16 22:14:44] [PicqBotX] [INFO]    / __ \(_)________ _/ __ )____  / /| |/ /
[19-05-16 22:14:44] [PicqBotX] [INFO]   / /_/ / / ___/ __ `/ __  / __ \/ __/   /
[19-05-16 22:14:44] [PicqBotX] [INFO]  / ____/ / /__/ /_/ / /_/ / /_/ / /_/   |
[19-05-16 22:14:44] [PicqBotX] [INFO] /_/   /_/\___/\__, /_____/\____/\__/_/|_|
[19-05-16 22:14:44] [PicqBotX] [INFO]                 /_/         v3.2.2.896
[19-05-16 22:14:44] [PicqBotX] [INFO] 日志管理器     初始化完成 [******] ...(45.52 ms)
[19-05-16 22:14:44] [PicqBotX] [INFO] 缓存管理器     初始化完成 [******] ...(2.48 ms)
[19-05-16 22:14:44] [PicqBotX] [INFO] DEBUG设置     初始化完成 [******] ...(0.01 ms)
[19-05-16 22:14:44] [PicqBotX] [INFO] 事件管理器     初始化完成 [******] ...(48.46 ms)
[19-05-16 22:14:44] [PicqBotX] [INFO] 账号管理器     初始化完成 [******] ...(1.18 ms)
[19-05-16 22:14:44] [PicqBotX] [INFO] HTTP监听服务器 初始化完成 [******] ...(2.53 ms)
[19-05-16 22:14:45] [PicqBotX] [INFO] 指令管理器     初始化完成 [******] ...(2.67 ms)
[19-05-16 22:14:45] [PicqBotX] [WARNING] 账号 Bot01: 版本正确, 不过用酷Q Pro的话效果更好哦!
[19-05-16 22:14:45] [PicqBotX] [INFO] 账号 Bot01:   版本验证完成!
[19-05-16 22:14:45] [PicqBotX] [INFO] 正在启动...
[19-05-16 22:14:45] [PicqBotX] [DEBUG(java.lang.Thread.run:748)] 收到新请求: CQHttp/4.8.0
[19-05-16 22:14:45] [PicqBotX] [DEBUG(java.lang.Thread.run:748)] - 数据: {"anonymous":null,"font":43738888,"group_id":556981260,"message":"[CQ:image,file=D7821D6DC72616DCD93FFBE5A40DCA8A.png,url=https://gchat.qpic.cn/gchatpic_new/207938707/556981260-2650453338-D7821D6DC72616DCD93FFBE5A40DCA8A/0?vuin=2997400528&amp;term=2]","message_id":13765,"message_type":"group","post_type":"message","raw_message":"[CQ:image,file=D7821D6DC72616DCD93FFBE5A40DCA8A.png]","self_id":2997400528,"sender":{"age":6,"area":"北京","card":"","level":"波音747","nickname":"小拆","role":"admin","sex":"female","title":"","user_id":207938707},"sub_type":"normal","time":1558016085,"user_id":207938707}
[19-05-16 22:14:51] [PicqBotX] [DEBUG(java.lang.Thread.run:748)] 收到新请求: CQHttp/4.8.0
[19-05-16 22:14:51] [PicqBotX] [DEBUG(java.lang.Thread.run:748)] - 数据: {"anonymous":null,"font":43738312,"group_id":522394334,"message":"#随机战场 7 3 3","message_id":13766,"message_type":"group","post_type":"message","raw_message":"#随机战场 7 3 3","self_id":2997400528,"sender":{"age":8,"area":"广州","card":"谭宇-养生式跟打","level":"入门","nickname":"0 4 . 2 2","role":"admin","sex":"male","title":"","user_id":1061917196},"sub_type":"normal","time":1558016091,"user_id":1061917196}
[19-05-16 22:14:54] [PicqBotX] [DEBUG(java.lang.Thread.run:748)] 收到新请求: CQHttp/4.8.0
[19-05-16 22:14:54] [PicqBotX] [DEBUG(java.lang.Thread.run:748)] - 数据: {"anonymous":null,"font":43738344,"group_id":556981260,"message":"我觉得我也就骗骗自己了","message_id":13767,"message_type":"group","post_type":"message","raw_message":"我觉得我也就骗骗自己了","self_id":2997400528,"sender":{"age":0,"area":"","card":"空白―星二","level":"死飞单车","nickname":"","role":"member","sex":"unknown","title":"","user_id":29141847},"sub_type":"normal","time":1558016093,"user_id":29141847}
[19-05-16 22:14:54] [PicqBotX] [DEBUG(java.lang.Thread.run:748)] 收到新请求: CQHttp/4.8.0
[19-05-16 22:14:54] [PicqBotX] [DEBUG(java.lang.Thread.run:748)] - 数据: {"anonymous":null,"font":43648088,"group_id":522394334,"message":"#加入战场","message_id":13768,"message_type":"group","post_type":"message","raw_message":"#加入战场","self_id":2997400528,"sender":{"age":8,"area":"广州","card":"谭宇-养生式跟打","level":"入门","nickname":"0 4 . 2 2","role":"admin","sex":"male","title":"","user_id":1061917196},"sub_type":"normal","time":1558016093,"user_id":1061917196}
[19-05-16 22:14:55] [PicqBotX] [DEBUG(java.lang.Thread.run:748)] 收到新请求: CQHttp/4.8.0
[19-05-16 22:14:55] [PicqBotX] [DEBUG(java.lang.Thread.run:748)] - 数据: {"anonymous":null,"font":43280168,"group_id":556981260,"message":"第999段 速度69.71/85.16 击键4.01 码长2.83 字数552 时间06:28.20 回改34 退格69 回车0 键数1558 选重4 键准93.39% 键法46.10% 重打1 打词83.12% 峰值115.11/5.98/2.33 错字20 错情&#91;上上上上系上映旧上或迟上同上上表上迟整上√ 长成生成制生应就生活出生统生成变生室挣生×&#93;&#91;错一罚五&#93; 校检:154f1 极速跟打器v1.46","message_id":13771,"message_type":"group","post_type":"message","raw_message":"第999段 速度69.71/85.16 击键4.01 码长2.83 字数552 时间06:28.20 回改34 退格69 回车0 键数1558 选重4 键准93.39% 键法46.10% 重打1 打词83.12% 峰值115.11/5.98/2.33 错字20 错情&#91;上上上上系上映旧上或迟上同上上表上迟整上√ 长成生成制生应就生活出生统生成变生室挣生×&#93;&#91;错一罚五&#93; 校检:154f1 极速跟打器v1.46","self_id":2997400528,"sender":{"age":78,"area":"沧州","card":"大猫-自然码双拼","level":"小蹦哒","nickname":"日月","role":"member","sex":"male","title":"","user_id":313471315},"sub_type":"normal","time":1558016095,"user_id":313471315}
[19-05-16 22:14:57] [PicqBotX] [DEBUG(java.lang.Thread.run:748)] 收到新请求: CQHttp/4.8.0
[19-05-16 22:14:57] [PicqBotX] [DEBUG(java.lang.Thread.run:748)] - 数据: {"anonymous":null,"font":43280392,"group_id":522394334,"message":"#战场启动","message_id":13772,"message_type":"group","post_type":"message","raw_message":"#战场启动","self_id":2997400528,"sender":{"age":8,"area":"广州","card":"谭宇-养生式跟打","level":"入门","nickname":"0 4 . 2 2","role":"admin","sex":"male","title":"","user_id":1061917196},"sub_type":"normal","time":1558016097,"user_id":1061917196}
[19-05-16 22:15:00] [PicqBotX] [DEBUG(java.lang.Thread.run:748)] 收到新请求: CQHttp/4.8.0
[19-05-16 22:15:00] [PicqBotX] [DEBUG(java.lang.Thread.run:748)] - 数据: {"anonymous":null,"font":43280296,"group_id":522394334,"message":"从明尼","message_id":13775,"message_type":"group","post_type":"message","raw_message":"从明尼","self_id":2997400528,"sender":{"age":8,"area":"广州","card":"谭宇-养生式跟打","level":"入门","nickname":"0 4 . 2 2","role":"admin","sex":"male","title":"","user_id":1061917196},"sub_type":"normal","time":1558016100,"user_id":1061917196}
[19-05-16 22:15:03] [PicqBotX] [DEBUG(java.lang.Thread.run:748)] 收到新请求: CQHttp/4.8.0
[19-05-16 22:15:03] [PicqBotX] [DEBUG(java.lang.Thread.run:748)] - 数据: {"anonymous":null,"font":43280040,"group_id":522394334,"message":"苏达州","message_id":13778,"message_type":"group","post_type":"message","raw_message":"苏达州","self_id":2997400528,"sender":{"age":8,"area":"广州","card":"谭宇-养生式跟打","level":"入门","nickname":"0 4 . 2 2","role":"admin","sex":"male","title":"","user_id":1061917196},"sub_type":"normal","time":1558016103,"user_id":1061917196}
[19-05-16 22:15:06] [PicqBotX] [DEBUG(java.lang.Thread.run:748)] 收到新请求: CQHttp/4.8.0
[19-05-16 22:15:06] [PicqBotX] [DEBUG(java.lang.Thread.run:748)] - 数据: {"anonymous":null,"font":43280424,"group_id":522394334,"message":"杜","message_id":13779,"message_type":"group","post_type":"message","raw_message":"杜","self_id":2997400528,"sender":{"age":8,"area":"广州","card":"谭宇-养生式跟打","level":"入门","nickname":"0 4 . 2 2","role":"admin","sex":"male","title":"","user_id":1061917196},"sub_type":"normal","time":1558016106,"user_id":1061917196}
[19-05-16 22:15:23] [PicqBotX] [DEBUG(java.lang.Thread.run:748)] 收到新请求: CQHttp/4.8.0
[19-05-16 22:15:23] [PicqBotX] [DEBUG(java.lang.Thread.run:748)] - 数据: {"anonymous":null,"font":43280424,"group_id":522394334,"message":"这是啥玩法","message_id":13781,"message_type":"group","post_type":"message","raw_message":"这是啥玩法","self_id":2997400528,"sender":{"age":4,"area":"","card":"鬼屎-091","level":"了解群图书馆","nickname":"鬼屎","role":"member","sex":"male","title":"","user_id":1925644229},"sub_type":"normal","time":1558016123,"user_id":1925644229}
[19-05-16 22:15:26] [PicqBotX] [DEBUG(java.lang.Thread.run:748)] 收到新请求: CQHttp/4.8.0
[19-05-16 22:15:26] [PicqBotX] [DEBUG(java.lang.Thread.run:748)] - 数据: {"anonymous":null,"font":43280040,"group_id":522394334,"message":"#赛文","message_id":13782,"message_type":"group","post_type":"message","raw_message":"#赛文","self_id":2997400528,"sender":{"age":22,"area":"","card":"哀-091","level":"小白","nickname":"哀","role":"member","sex":"male","title":"","user_id":1452940959},"sub_type":"normal","time":1558016126,"user_id":1452940959}
[19-05-16 22:15:27] [PicqBotX] [DEBUG(java.lang.Thread.run:748)] 收到新请求: CQHttp/4.8.0
[19-05-16 22:15:27] [PicqBotX] [DEBUG(java.lang.Thread.run:748)] - 数据: {"anonymous":null,"font":43280776,"group_id":522394334,"message":"《偷书》日赛第534期-二花制作\r\n我当年就读的中学，有一中型的图书馆。我那时不大会看书，只是常常利用午休时间去那里翻翻杂志。《世界知识》上有很多好看的彩色照片。一种航空杂志也曾让我浮想连翩。文革开始，这个图书馆照例关闭，因受到媒体批判的“毒草”越来越多，图书馆疲于清理和下架，只好一关了之。类似的情况是，城里各大书店也立刻空空荡荡，除了马克思、列宁、毛泽东一类红色圣经，除了少许充当学习资料的社论选编，其它书籍几近消失。间或有一点例外，比方我买过一本关于海南岛青年创业的小说，但总是读不进去，一时不知是何原因。一九六七年秋，停课仍在继续，漫长的假期似无尽头。但收枪令已下达，革命略有降温，校图书馆立刻出现了偷盗大案：一个墙洞骇然触目。管理图书的老师慌了，与红卫兵组织紧急商议，设法把藏书转移至易于保护的初中部教学楼最高层，再加上铁栅钢门，以免毒草再次外泄。不过外寇易御家贼难防，很多红卫兵在搬书时左翻右看，已有些神色诡异，互相之间挤眉弄眼。后来我到学校去，又发现他们话题日渐陌生，关于列宾的画，关于舒伯特的音乐，关于什么什么小说……这是怎么回事？你们在说些什么？如果你是外人，肯定会遭遇支吾搪塞，被满脸坏笑的他们瞒过去。\r\n-----第999段-1200S-493Z-4L-b9cc9554V--c.sw.1.1\r\n本文由 散文 组成","message_id":13783,"message_type":"group","post_type":"message","raw_message":"《偷书》日赛第534期-二花制作\r\n我当年就读的中学，有一中型的图书馆。我那时不大会看书，只是常常利用午休时间去那里翻翻杂志。《世界知识》上有很多好看的彩色照片。一种航空杂志也曾让我浮想连翩。文革开始，这个图书馆照例关闭，因受到媒体批判的“毒草”越来越多，图书馆疲于清理和下架，只好一关了之。类似的情况是，城里各大书店也立刻空空荡荡，除了马克思、列宁、毛泽东一类红色圣经，除了少许充当学习资料的社论选编，其它书籍几近消失。间或有一点例外，比方我买过一本关于海南岛青年创业的小说，但总是读不进去，一时不知是何原因。一九六七年秋，停课仍在继续，漫长的假期似无尽头。但收枪令已下达，革命略有降温，校图书馆立刻出现了偷盗大案：一个墙洞骇然触目。管理图书的老师慌了，与红卫兵组织紧急商议，设法把藏书转移至易于保护的初中部教学楼最高层，再加上铁栅钢门，以免毒草再次外泄。不过外寇易御家贼难防，很多红卫兵在搬书时左翻右看，已有些神色诡异，互相之间挤眉弄眼。后来我到学校去，又发现他们话题日渐陌生，关于列宾的画，关于舒伯特的音乐，关于什么什么小说……这是怎么回事？你们在说些什么？如果你是外人，肯定会遭遇支吾搪塞，被满脸坏笑的他们瞒过去。\r\n-----第999段-1200S-493Z-4L-b9cc9554V--c.sw.1.1\r\n本文由 散文 组成","self_id":2997400528,"sender":{"age":6,"area":"北京","card":"","level":"小白","nickname":"小拆","role":"member","sex":"female","title":"","user_id":207938707},"sub_type":"normal","time":1558016127,"user_id":207938707}
[19-05-16 22:15:49] [PicqBotX] [DEBUG(java.lang.Thread.run:748)] 收到新请求: CQHttp/4.8.0
[19-05-16 22:15:49] [PicqBotX] [DEBUG(java.lang.Thread.run:748)] - 数据: {"anonymous":null,"font":43280520,"group_id":723795668,"message":"&#91;视频&#93;你的QQ暂不支持查看视频短片，请升级到最新版本后查看。","message_id":13784,"message_type":"group","post_type":"message","raw_message":"&#91;视频&#93;你的QQ暂不支持查看视频短片，请升级到最新版本后查看。","self_id":2997400528,"sender":{"age":0,"area":"广州","card":"重打到死","level":"中级","nickname":"无聊","role":"member","sex":"male","title":"","user_id":779855010},"sub_type":"normal","time":1558016149,"user_id":779855010}
[19-05-16 22:16:14] [PicqBotX] [DEBUG(java.lang.Thread.run:748)] 收到新请求: CQHttp/4.8.0
[19-05-16 22:16:14] [PicqBotX] [DEBUG(java.lang.Thread.run:748)] - 数据: {"anonymous":null,"font":43279912,"group_id":522394334,"message":"#随机战场 10 3 3","message_id":13785,"message_type":"group","post_type":"message","raw_message":"#随机战场 10 3 3","self_id":2997400528,"sender":{"age":8,"area":"广州","card":"谭宇-养生式跟打","level":"入门","nickname":"0 4 . 2 2","role":"admin","sex":"male","title":"","user_id":1061917196},"sub_type":"normal","time":1558016174,"user_id":1061917196}
[19-05-16 22:16:17] [PicqBotX] [DEBUG(java.lang.Thread.run:748)] 收到新请求: CQHttp/4.8.0
[19-05-16 22:16:17] [PicqBotX] [DEBUG(java.lang.Thread.run:748)] - 数据: {"anonymous":null,"font":43280808,"group_id":522394334,"message":"#加入战场","message_id":13787,"message_type":"group","post_type":"message","raw_message":"#加入战场","self_id":2997400528,"sender":{"age":8,"area":"广州","card":"谭宇-养生式跟打","level":"入门","nickname":"0 4 . 2 2","role":"admin","sex":"male","title":"","user_id":1061917196},"sub_type":"normal","time":1558016177,"user_id":1061917196}
[19-05-16 22:16:19] [PicqBotX] [DEBUG(java.lang.Thread.run:748)] 收到新请求: CQHttp/4.8.0
[19-05-16 22:16:19] [PicqBotX] [DEBUG(java.lang.Thread.run:748)] - 数据: {"anonymous":null,"font":43280776,"group_id":522394334,"message":"#战场启动","message_id":13789,"message_type":"group","post_type":"message","raw_message":"#战场启动","self_id":2997400528,"sender":{"age":8,"area":"广州","card":"谭宇-养生式跟打","level":"入门","nickname":"0 4 . 2 2","role":"admin","sex":"male","title":"","user_id":1061917196},"sub_type":"normal","time":1558016179,"user_id":1061917196}
[19-05-16 22:16:22] [PicqBotX] [DEBUG(java.lang.Thread.run:748)] 收到新请求: CQHttp/4.8.0
[19-05-16 22:16:22] [PicqBotX] [DEBUG(java.lang.Thread.run:748)] - 数据: {"anonymous":null,"font":43279944,"group_id":522394334,"message":"我认识","message_id":13792,"message_type":"group","post_type":"message","raw_message":"我认识","self_id":2997400528,"sender":{"age":8,"area":"广州","card":"谭宇-养生式跟打","level":"入门","nickname":"0 4 . 2 2","role":"admin","sex":"male","title":"","user_id":1061917196},"sub_type":"normal","time":1558016182,"user_id":1061917196}
[19-05-16 22:16:25] [PicqBotX] [DEBUG(java.lang.Thread.run:748)] 收到新请求: CQHttp/4.8.0
