[19-05-18 20:12:53] [PicqBotX] [INFO] 
[19-05-18 20:12:53] [PicqBotX] [INFO]     ____  _            ____        __ _  __
[19-05-18 20:12:53] [PicqBotX] [INFO]    / __ \(_)________ _/ __ )____  / /| |/ /
[19-05-18 20:12:53] [PicqBotX] [INFO]   / /_/ / / ___/ __ `/ __  / __ \/ __/   /
[19-05-18 20:12:53] [PicqBotX] [INFO]  / ____/ / /__/ /_/ / /_/ / /_/ / /_/   |
[19-05-18 20:12:53] [PicqBotX] [INFO] /_/   /_/\___/\__, /_____/\____/\__/_/|_|
[19-05-18 20:12:53] [PicqBotX] [INFO]                 /_/         v3.2.2.896
[19-05-18 20:12:53] [PicqBotX] [INFO] 日志管理器     初始化完成 [******] ...(35.42 ms)
[19-05-18 20:12:53] [PicqBotX] [INFO] 缓存管理器     初始化完成 [******] ...(3.1 ms)
[19-05-18 20:12:53] [PicqBotX] [INFO] DEBUG设置     初始化完成 [******] ...(0.01 ms)
[19-05-18 20:12:53] [PicqBotX] [INFO] 事件管理器     初始化完成 [******] ...(50.1 ms)
[19-05-18 20:12:53] [PicqBotX] [INFO] 账号管理器     初始化完成 [******] ...(2.11 ms)
[19-05-18 20:12:53] [PicqBotX] [INFO] HTTP监听服务器 初始化完成 [******] ...(2.08 ms)
[19-05-18 20:12:54] [PicqBotX] [INFO] 指令管理器     初始化完成 [******] ...(2.33 ms)
[19-05-18 20:12:54] [PicqBotX] [WARNING] 账号 Bot01: 版本正确, 不过用酷Q Pro的话效果更好哦!
[19-05-18 20:12:54] [PicqBotX] [INFO] 账号 Bot01:   版本验证完成!
[19-05-18 20:12:54] [PicqBotX] [INFO] 正在启动...
[19-05-18 20:12:58] [PicqBotX] [DEBUG(java.lang.Thread.run:748)] 收到新请求: CQHttp/4.8.0
[19-05-18 20:12:58] [PicqBotX] [DEBUG(java.lang.Thread.run:748)] - 数据: {"anonymous":null,"font":8469936,"group_id":522394334,"message":"#随机团战 10","message_id":19479,"message_type":"group","post_type":"message","raw_message":"#随机团战 10","self_id":2997400528,"sender":{"age":8,"area":"广州","card":"谭宇-养生式跟打","level":"入门","nickname":"0 4 . 2 2","role":"admin","sex":"male","title":"","user_id":1061917196},"sub_type":"normal","time":1558181578,"user_id":1061917196}
[19-05-18 20:13:01] [PicqBotX] [DEBUG(java.lang.Thread.run:748)] 收到新请求: CQHttp/4.8.0
[19-05-18 20:13:01] [PicqBotX] [DEBUG(java.lang.Thread.run:748)] - 数据: {"anonymous":null,"font":8469680,"group_id":522394334,"message":"#加入团战","message_id":19481,"message_type":"group","post_type":"message","raw_message":"#加入团战","self_id":2997400528,"sender":{"age":8,"area":"广州","card":"谭宇-养生式跟打","level":"入门","nickname":"0 4 . 2 2","role":"admin","sex":"male","title":"","user_id":1061917196},"sub_type":"normal","time":1558181581,"user_id":1061917196}
[19-05-18 20:13:07] [PicqBotX] [DEBUG(java.lang.Thread.run:748)] 收到新请求: CQHttp/4.8.0
[19-05-18 20:13:07] [PicqBotX] [DEBUG(java.lang.Thread.run:748)] - 数据: {"anonymous":null,"font":8469936,"group_id":522394334,"message":"#加入团战","message_id":19483,"message_type":"group","post_type":"message","raw_message":"#加入团战","self_id":2997400528,"sender":{"age":8,"area":"广州","card":"谭宇-养生式跟打","level":"入门","nickname":"0 4 . 2 2","role":"admin","sex":"male","title":"","user_id":1061917196},"sub_type":"normal","time":1558181587,"user_id":1061917196}
[19-05-18 20:13:10] [PicqBotX] [DEBUG(java.lang.Thread.run:748)] 收到新请求: CQHttp/4.8.0
[19-05-18 20:13:10] [PicqBotX] [DEBUG(java.lang.Thread.run:748)] - 数据: {"anonymous":null,"font":8469840,"group_id":522394334,"message":"#退出团战","message_id":19485,"message_type":"group","post_type":"message","raw_message":"#退出团战","self_id":2997400528,"sender":{"age":8,"area":"广州","card":"谭宇-养生式跟打","level":"入门","nickname":"0 4 . 2 2","role":"admin","sex":"male","title":"","user_id":1061917196},"sub_type":"normal","time":1558181590,"user_id":1061917196}
[19-05-18 20:13:13] [PicqBotX] [DEBUG(java.lang.Thread.run:748)] 收到新请求: CQHttp/4.8.0
[19-05-18 20:13:13] [PicqBotX] [DEBUG(java.lang.Thread.run:748)] - 数据: {"anonymous":null,"font":8469360,"group_id":522394334,"message":"#加入团战","message_id":19487,"message_type":"group","post_type":"message","raw_message":"#加入团战","self_id":2997400528,"sender":{"age":8,"area":"广州","card":"谭宇-养生式跟打","level":"入门","nickname":"0 4 . 2 2","role":"admin","sex":"male","title":"","user_id":1061917196},"sub_type":"normal","time":1558181593,"user_id":1061917196}
[19-05-18 20:13:16] [PicqBotX] [DEBUG(java.lang.Thread.run:748)] 收到新请求: CQHttp/4.8.0
[19-05-18 20:13:16] [PicqBotX] [DEBUG(java.lang.Thread.run:748)] - 数据: {"anonymous":null,"font":8469232,"group_id":522394334,"message":"#团战启动","message_id":19489,"message_type":"group","post_type":"message","raw_message":"#团战启动","self_id":2997400528,"sender":{"age":8,"area":"广州","card":"谭宇-养生式跟打","level":"入门","nickname":"0 4 . 2 2","role":"admin","sex":"male","title":"","user_id":1061917196},"sub_type":"normal","time":1558181596,"user_id":1061917196}
[19-05-18 20:13:20] [PicqBotX] [DEBUG(java.lang.Thread.run:748)] 收到新请求: CQHttp/4.8.0
[19-05-18 20:13:20] [PicqBotX] [DEBUG(java.lang.Thread.run:748)] - 数据: {"anonymous":null,"font":8470032,"group_id":522394334,"message":"#团战销毁","message_id":19491,"message_type":"group","post_type":"message","raw_message":"#团战销毁","self_id":2997400528,"sender":{"age":8,"area":"广州","card":"谭宇-养生式跟打","level":"入门","nickname":"0 4 . 2 2","role":"admin","sex":"male","title":"","user_id":1061917196},"sub_type":"normal","time":1558181600,"user_id":1061917196}
[19-05-18 20:14:26] [PicqBotX] [DEBUG(java.lang.Thread.run:748)] 收到新请求: CQHttp/4.8.0
