[19-05-14 20:55:34] [PicqBotX] [INFO] 
[19-05-14 20:55:34] [PicqBotX] [INFO]     ____  _            ____        __ _  __
[19-05-14 20:55:34] [PicqBotX] [INFO]    / __ \(_)________ _/ __ )____  / /| |/ /
[19-05-14 20:55:34] [PicqBotX] [INFO]   / /_/ / / ___/ __ `/ __  / __ \/ __/   /
[19-05-14 20:55:34] [PicqBotX] [INFO]  / ____/ / /__/ /_/ / /_/ / /_/ / /_/   |
[19-05-14 20:55:34] [PicqBotX] [INFO] /_/   /_/\___/\__, /_____/\____/\__/_/|_|
[19-05-14 20:55:34] [PicqBotX] [INFO]                 /_/         v3.2.2.896
[19-05-14 20:55:34] [PicqBotX] [INFO] 日志管理器     初始化完成 [******] ...(52.29 ms)
[19-05-14 20:55:34] [PicqBotX] [INFO] 缓存管理器     初始化完成 [******] ...(2.52 ms)
[19-05-14 20:55:34] [PicqBotX] [INFO] DEBUG设置     初始化完成 [******] ...(0.04 ms)
[19-05-14 20:55:34] [PicqBotX] [INFO] 事件管理器     初始化完成 [******] ...(56.19 ms)
[19-05-14 20:55:34] [PicqBotX] [INFO] 账号管理器     初始化完成 [******] ...(1.13 ms)
[19-05-14 20:55:34] [PicqBotX] [INFO] HTTP监听服务器 初始化完成 [******] ...(2.04 ms)
[19-05-14 20:55:35] [PicqBotX] [INFO] 指令管理器     初始化完成 [******] ...(2.76 ms)
[19-05-14 20:55:35] [PicqBotX] [WARNING] 账号 Bot01: 版本正确, 不过用酷Q Pro的话效果更好哦!
[19-05-14 20:55:35] [PicqBotX] [INFO] 账号 Bot01:   版本验证完成!
[19-05-14 20:55:35] [PicqBotX] [INFO] 正在启动...
[19-05-14 20:55:47] [PicqBotX] [DEBUG(java.lang.Thread.run:748)] 收到新请求: CQHttp/4.8.0
[19-05-14 20:55:47] [PicqBotX] [DEBUG(java.lang.Thread.run:748)] - 数据: {"anonymous":null,"font":6235008,"group_id":522394334,"message":"手机也上一百","message_id":10209,"message_type":"group","post_type":"message","raw_message":"手机也上一百","self_id":2997400528,"sender":{"age":0,"area":"","card":"勿念-小鹤音形","level":"了解群图书馆","nickname":"子雨","role":"member","sex":"male","title":"","user_id":270610577},"sub_type":"normal","time":1557838547,"user_id":270610577}
[19-05-14 20:55:50] [PicqBotX] [DEBUG(java.lang.Thread.run:748)] 收到新请求: CQHttp/4.8.0
[19-05-14 20:55:50] [PicqBotX] [DEBUG(java.lang.Thread.run:748)] - 数据: {"anonymous":null,"font":6235136,"group_id":522394334,"message":"#赛文","message_id":10210,"message_type":"group","post_type":"message","raw_message":"#赛文","self_id":2997400528,"sender":{"age":8,"area":"广州","card":"谭宇-养生式跟打","level":"入门","nickname":"0 4 . 2 2","role":"admin","sex":"male","title":"","user_id":1061917196},"sub_type":"normal","time":1557838549,"user_id":1061917196}
[19-05-14 20:55:51] [PicqBotX] [DEBUG(java.lang.Thread.run:748)] 收到新请求: CQHttp/4.8.0
[19-05-14 20:55:51] [PicqBotX] [DEBUG(java.lang.Thread.run:748)] - 数据: {"anonymous":null,"font":6235872,"group_id":522394334,"message":"《始于眉毛》日赛第532期-二花制作\r\n因为是女人，而且要就业，她就想选择一个以女性美吸引人的职业。可是，谁也没有说过她美。她找到的，却是禁止化妆的职业。一天，上司把她叫到跟前说：“你描眉了吧？”“没有啊！”她怯生生地用手指沾了点唾沫，把眉毛擦了擦。“那么，你是修剪过喽？”“没有啊！生来就是这样。”她几乎哭出来了。“唔，你好歹有双漂亮的眉毛，就是不在这里工作，你也能活下去吧。”从她的眉毛，上司找到了裁减她的借口。她才第一次明确地了解到了自己的眉毛之美。她满心喜悦，连失业的悲哀也忘却了。自己也有美的地方，对结婚也就有信心了。丈夫没有说她的眉毛长的美。他说她的乳房美，脊背、双膝也很美。然后，然后……别人告诉她，她身上有许多美，她沉湎在幸福之中。但是，一想到丈夫搜遍了她身上的美之后又将会怎样，她也就禁不住怀念起当初以为自己身上没有一点美而认命了的时候那种无忧无虑来了。\r\n-----第999段-1200S-366Z-4L-78eed272V--c.sw.1.1\r\n本文由 散文 组成","message_id":10211,"message_type":"group","post_type":"message","raw_message":"《始于眉毛》日赛第532期-二花制作\r\n因为是女人，而且要就业，她就想选择一个以女性美吸引人的职业。可是，谁也没有说过她美。她找到的，却是禁止化妆的职业。一天，上司把她叫到跟前说：“你描眉了吧？”“没有啊！”她怯生生地用手指沾了点唾沫，把眉毛擦了擦。“那么，你是修剪过喽？”“没有啊！生来就是这样。”她几乎哭出来了。“唔，你好歹有双漂亮的眉毛，就是不在这里工作，你也能活下去吧。”从她的眉毛，上司找到了裁减她的借口。她才第一次明确地了解到了自己的眉毛之美。她满心喜悦，连失业的悲哀也忘却了。自己也有美的地方，对结婚也就有信心了。丈夫没有说她的眉毛长的美。他说她的乳房美，脊背、双膝也很美。然后，然后……别人告诉她，她身上有许多美，她沉湎在幸福之中。但是，一想到丈夫搜遍了她身上的美之后又将会怎样，她也就禁不住怀念起当初以为自己身上没有一点美而认命了的时候那种无忧无虑来了。\r\n-----第999段-1200S-366Z-4L-78eed272V--c.sw.1.1\r\n本文由 散文 组成","self_id":2997400528,"sender":{"age":6,"area":"北京","card":"","level":"小白","nickname":"小拆","role":"member","sex":"female","title":"","user_id":207938707},"sub_type":"normal","time":1557838550,"user_id":207938707}
[19-05-14 20:55:54] [PicqBotX] [DEBUG(java.lang.Thread.run:748)] 收到新请求: CQHttp/4.8.0
[19-05-14 20:55:54] [PicqBotX] [DEBUG(java.lang.Thread.run:748)] - 数据: {"anonymous":null,"font":6235200,"group_id":522394334,"message":"#发","message_id":10212,"message_type":"group","post_type":"message","raw_message":"#发","self_id":2997400528,"sender":{"age":8,"area":"广州","card":"谭宇-养生式跟打","level":"入门","nickname":"0 4 . 2 2","role":"admin","sex":"male","title":"","user_id":1061917196},"sub_type":"normal","time":1557838554,"user_id":1061917196}
[19-05-14 20:55:57] [PicqBotX] [DEBUG(java.lang.Thread.run:748)] 收到新请求: CQHttp/4.8.0
[19-05-14 20:55:57] [PicqBotX] [DEBUG(java.lang.Thread.run:748)] - 数据: {"anonymous":null,"font":6235040,"group_id":522394334,"message":"Chinese New Year\r\na long-lost good wish for a family. After dinner, it is time for the whole family to sit up for the \r\n-----第13485段-余1622字--c.fw.1.5","message_id":10213,"message_type":"group","post_type":"message","raw_message":"Chinese New Year\r\na long-lost good wish for a family. After dinner, it is time for the whole family to sit up for the \r\n-----第13485段-余1622字--c.fw.1.5","self_id":2997400528,"sender":{"age":6,"area":"北京","card":"","level":"小白","nickname":"小拆","role":"member","sex":"female","title":"","user_id":207938707},"sub_type":"normal","time":1557838557,"user_id":207938707}
[19-05-14 20:56:34] [PicqBotX] [DEBUG(java.lang.Thread.run:748)] 收到新请求: CQHttp/4.8.0
[19-05-14 20:56:34] [PicqBotX] [DEBUG(java.lang.Thread.run:748)] - 数据: {"anonymous":null,"font":6235136,"group_id":522394334,"message":"123","message_id":10214,"message_type":"group","post_type":"message","raw_message":"123","self_id":2997400528,"sender":{"age":8,"area":"广州","card":"谭宇-养生式跟打","level":"入门","nickname":"0 4 . 2 2","role":"admin","sex":"male","title":"","user_id":1061917196},"sub_type":"normal","time":1557838594,"user_id":1061917196}
[19-05-14 20:56:37] [PicqBotX] [DEBUG(java.lang.Thread.run:748)] 收到新请求: CQHttp/4.8.0
[19-05-14 20:56:37] [PicqBotX] [DEBUG(java.lang.Thread.run:748)] - 数据: {"anonymous":null,"font":6235840,"group_id":522394334,"message":"12","message_id":10215,"message_type":"group","post_type":"message","raw_message":"12","self_id":2997400528,"sender":{"age":8,"area":"广州","card":"谭宇-养生式跟打","level":"入门","nickname":"0 4 . 2 2","role":"admin","sex":"male","title":"","user_id":1061917196},"sub_type":"normal","time":1557838597,"user_id":1061917196}
[19-05-14 20:56:40] [PicqBotX] [DEBUG(java.lang.Thread.run:748)] 收到新请求: CQHttp/4.8.0
[19-05-14 20:56:40] [PicqBotX] [DEBUG(java.lang.Thread.run:748)] - 数据: {"anonymous":null,"font":6235296,"group_id":522394334,"message":"第13484段 速度114.23 击键2.02 码长1.06 字数100 时间00:52 回改1 回车0 重打0 打词0.00% 峰值125.00 输入法:小鹤音形 个签: 我 要 上 70[CQ:face,id=15] ?  ? 校检:119f6 极速云跟打手机版v0.11","message_id":10216,"message_type":"group","post_type":"message","raw_message":"第13484段 速度114.23 击键2.02 码长1.06 字数100 时间00:52 回改1 回车0 重打0 打词0.00% 峰值125.00 输入法:小鹤音形 个签: 我 要 上 70[CQ:face,id=15] ?  ? 校检:119f6 极速云跟打手机版v0.11","self_id":2997400528,"sender":{"age":0,"area":"","card":"a??困不成眠奈夜何 小鹤音形????Y","level":"中级","nickname":"a??困不成眠奈夜何","role":"member","sex":"unknown","title":"","user_id":503195288},"sub_type":"normal","time":1557838600,"user_id":503195288}
[19-05-14 20:56:40] [PicqBotX] [DEBUG(java.lang.Thread.run:748)] 收到新请求: CQHttp/4.8.0
[19-05-14 20:56:40] [PicqBotX] [DEBUG(java.lang.Thread.run:748)] - 数据: {"anonymous":null,"font":6235584,"group_id":522394334,"message":"#发","message_id":10217,"message_type":"group","post_type":"message","raw_message":"#发","self_id":2997400528,"sender":{"age":8,"area":"广州","card":"谭宇-养生式跟打","level":"入门","nickname":"0 4 . 2 2","role":"admin","sex":"male","title":"","user_id":1061917196},"sub_type":"normal","time":1557838600,"user_id":1061917196}
[19-05-14 20:56:44] [PicqBotX] [DEBUG(java.lang.Thread.run:748)] 收到新请求: CQHttp/4.8.0
[19-05-14 20:56:44] [PicqBotX] [DEBUG(java.lang.Thread.run:748)] - 数据: {"anonymous":null,"font":6235456,"group_id":522394334,"message":"Chinese New Year\r\nnight while having fun playing cards or board games or watching TV programs dedicated to the occasio\r\n-----第13486段-余1522字--c.fw.1.5","message_id":10218,"message_type":"group","post_type":"message","raw_message":"Chinese New Year\r\nnight while having fun playing cards or board games or watching TV programs dedicated to the occasio\r\n-----第13486段-余1522字--c.fw.1.5","self_id":2997400528,"sender":{"age":6,"area":"北京","card":"","level":"小白","nickname":"小拆","role":"member","sex":"female","title":"","user_id":207938707},"sub_type":"normal","time":1557838604,"user_id":207938707}
[19-05-14 20:57:12] [PicqBotX] [DEBUG(java.lang.Thread.run:748)] 收到新请求: CQHttp/4.8.0
[19-05-14 20:57:12] [PicqBotX] [DEBUG(java.lang.Thread.run:748)] - 数据: {"anonymous":null,"font":6235232,"group_id":522394334,"message":"英文上一百 不难把","message_id":10219,"message_type":"group","post_type":"message","raw_message":"英文上一百 不难把","self_id":2997400528,"sender":{"age":0,"area":"","card":"a??困不成眠奈夜何 小鹤音形????Y","level":"中级","nickname":"a??困不成眠奈夜何","role":"member","sex":"unknown","title":"","user_id":503195288},"sub_type":"normal","time":1557838632,"user_id":503195288}
[19-05-14 20:57:25] [PicqBotX] [DEBUG(java.lang.Thread.run:748)] 收到新请求: CQHttp/4.8.0
[19-05-14 20:57:25] [PicqBotX] [DEBUG(java.lang.Thread.run:748)] - 数据: {"anonymous":null,"font":6235584,"group_id":522394334,"message":"《始于眉毛》日赛第532期-二花制作\r\n因为是女人，而且要就业，她就想选择一个以女性美吸引人的职业。可是，谁也没有说过她美。她找到的，却是禁止化妆的职业。一天，上司把她叫到跟前说：“你描眉了吧？”“没有啊！”她怯生生地用手指沾了点唾沫，把眉毛擦了擦。“那么，你是修剪过喽？”“没有啊！生来就是这样。”她几乎哭出来了。“唔，你好歹有双漂亮的眉毛，就是不在这里工作，你也能活下去吧。”从她的眉毛，上司找到了裁减她的借口。她才第一次明确地了解到了自己的眉毛之美。她满心喜悦，连失业的悲哀也忘却了。自己也有美的地方，对结婚也就有信心了。丈夫没有说她的眉毛长的美。他说她的乳房美，脊背、双膝也很美。然后，然后……别人告诉她，她身上有许多美，她沉湎在幸福之中。但是，一想到丈夫搜遍了她身上的美之后又将会怎样，她也就禁不住怀念起当初以为自己身上没有一点美而认命了的时候那种无忧无虑来了。\r\n-----第999段-1200S-366Z-4L-78eed272V--c.sw.1.1\r\n本文由 散文 组成","message_id":10220,"message_type":"group","post_type":"message","raw_message":"《始于眉毛》日赛第532期-二花制作\r\n因为是女人，而且要就业，她就想选择一个以女性美吸引人的职业。可是，谁也没有说过她美。她找到的，却是禁止化妆的职业。一天，上司把她叫到跟前说：“你描眉了吧？”“没有啊！”她怯生生地用手指沾了点唾沫，把眉毛擦了擦。“那么，你是修剪过喽？”“没有啊！生来就是这样。”她几乎哭出来了。“唔，你好歹有双漂亮的眉毛，就是不在这里工作，你也能活下去吧。”从她的眉毛，上司找到了裁减她的借口。她才第一次明确地了解到了自己的眉毛之美。她满心喜悦，连失业的悲哀也忘却了。自己也有美的地方，对结婚也就有信心了。丈夫没有说她的眉毛长的美。他说她的乳房美，脊背、双膝也很美。然后，然后……别人告诉她，她身上有许多美，她沉湎在幸福之中。但是，一想到丈夫搜遍了她身上的美之后又将会怎样，她也就禁不住怀念起当初以为自己身上没有一点美而认命了的时候那种无忧无虑来了。\r\n-----第999段-1200S-366Z-4L-78eed272V--c.sw.1.1\r\n本文由 散文 组成","self_id":2997400528,"sender":{"age":8,"area":"广州","card":"谭宇-养生式跟打","level":"入门","nickname":"0 4 . 2 2","role":"admin","sex":"male","title":"","user_id":1061917196},"sub_type":"normal","time":1557838645,"user_id":1061917196}
[19-05-14 20:57:27] [PicqBotX] [DEBUG(java.lang.Thread.run:748)] 收到新请求: CQHttp/4.8.0
[19-05-14 20:57:27] [PicqBotX] [DEBUG(java.lang.Thread.run:748)] - 数据: {"anonymous":null,"font":6235264,"group_id":522394334,"message":"检测到有人发比赛认证段，自动关闭机器人的发文功能。","message_id":10221,"message_type":"group","post_type":"message","raw_message":"检测到有人发比赛认证段，自动关闭机器人的发文功能。","self_id":2997400528,"sender":{"age":6,"area":"北京","card":"","level":"小白","nickname":"小拆","role":"member","sex":"female","title":"","user_id":207938707},"sub_type":"normal","time":1557838647,"user_id":207938707}
[19-05-14 20:57:40] [PicqBotX] [DEBUG(java.lang.Thread.run:748)] 收到新请求: CQHttp/4.8.0
[19-05-14 20:57:40] [PicqBotX] [DEBUG(java.lang.Thread.run:748)] - 数据: {"anonymous":null,"font":6235808,"group_id":522394334,"message":"[CQ:face,id=20]仔细一看，原来是英文","message_id":10222,"message_type":"group","post_type":"message","raw_message":"[CQ:face,id=20]仔细一看，原来是英文","self_id":2997400528,"sender":{"age":0,"area":"","card":"勿念-小鹤音形","level":"了解群图书馆","nickname":"子雨","role":"member","sex":"male","title":"","user_id":270610577},"sub_type":"normal","time":1557838660,"user_id":270610577}
[19-05-14 20:58:10] [PicqBotX] [DEBUG(java.lang.Thread.run:748)] 收到新请求: CQHttp/4.8.0
[19-05-14 20:58:10] [PicqBotX] [DEBUG(java.lang.Thread.run:748)] - 数据: {"anonymous":null,"font":6235296,"group_id":522394334,"message":"[CQ:face,id=100][CQ:face,id=100][CQ:face,id=100]","message_id":10223,"message_type":"group","post_type":"message","raw_message":"[CQ:face,id=100][CQ:face,id=100][CQ:face,id=100]","self_id":2997400528,"sender":{"age":0,"area":"","card":"勿念-小鹤音形","level":"了解群图书馆","nickname":"子雨","role":"member","sex":"male","title":"","user_id":270610577},"sub_type":"normal","time":1557838690,"user_id":270610577}
[19-05-14 20:58:26] [PicqBotX] [DEBUG(java.lang.Thread.run:748)] 收到新请求: CQHttp/4.8.0
