[19-05-14 21:00:51] [PicqBotX] [INFO] 
[19-05-14 21:00:51] [PicqBotX] [INFO]     ____  _            ____        __ _  __
[19-05-14 21:00:51] [PicqBotX] [INFO]    / __ \(_)________ _/ __ )____  / /| |/ /
[19-05-14 21:00:51] [PicqBotX] [INFO]   / /_/ / / ___/ __ `/ __  / __ \/ __/   /
[19-05-14 21:00:51] [PicqBotX] [INFO]  / ____/ / /__/ /_/ / /_/ / /_/ / /_/   |
[19-05-14 21:00:51] [PicqBotX] [INFO] /_/   /_/\___/\__, /_____/\____/\__/_/|_|
[19-05-14 21:00:51] [PicqBotX] [INFO]                 /_/         v3.2.2.896
[19-05-14 21:00:51] [PicqBotX] [INFO] 日志管理器     初始化完成 [******] ...(38.05 ms)
[19-05-14 21:00:51] [PicqBotX] [INFO] 缓存管理器     初始化完成 [******] ...(1.99 ms)
[19-05-14 21:00:51] [PicqBotX] [INFO] DEBUG设置     初始化完成 [******] ...(0.07 ms)
[19-05-14 21:00:51] [PicqBotX] [INFO] 事件管理器     初始化完成 [******] ...(39.74 ms)
[19-05-14 21:00:51] [PicqBotX] [INFO] 账号管理器     初始化完成 [******] ...(1.11 ms)
[19-05-14 21:00:51] [PicqBotX] [INFO] HTTP监听服务器 初始化完成 [******] ...(1.88 ms)
[19-05-14 21:00:51] [PicqBotX] [INFO] 指令管理器     初始化完成 [******] ...(5.11 ms)
[19-05-14 21:00:51] [PicqBotX] [WARNING] 账号 Bot01: 版本正确, 不过用酷Q Pro的话效果更好哦!
[19-05-14 21:00:51] [PicqBotX] [INFO] 账号 Bot01:   版本验证完成!
[19-05-14 21:00:51] [PicqBotX] [INFO] 正在启动...
[19-05-14 21:01:01] [PicqBotX] [DEBUG(java.lang.Thread.run:748)] 收到新请求: CQHttp/4.8.0
[19-05-14 21:01:01] [PicqBotX] [DEBUG(java.lang.Thread.run:748)] - 数据: {"anonymous":null,"font":6235936,"group_id":556981260,"message":"第999段 速度190.92 击键7.56 码长2.38 字数495 时间02:34.93 回改7 退格10 回车0 键数1171 选重37 键准98.55% 键法98.42% 打词70.18% 峰值219.51/9.52/2 个签:忽然间变得索然无味。 校检:b0362 极速跟打器v1.45 ","message_id":10237,"message_type":"group","post_type":"message","raw_message":"第999段 速度190.92 击键7.56 码长2.38 字数495 时间02:34.93 回改7 退格10 回车0 键数1171 选重37 键准98.55% 键法98.42% 打词70.18% 峰值219.51/9.52/2 个签:忽然间变得索然无味。 校检:b0362 极速跟打器v1.45 ","self_id":2997400528,"sender":{"age":119,"area":"泽西岛","card":"豆角MM-微软","level":"波音747","nickname":"白猫王子","role":"member","sex":"male","title":"","user_id":2370792076},"sub_type":"normal","time":1557838861,"user_id":2370792076}
[19-05-14 21:01:25] [PicqBotX] [DEBUG(java.lang.Thread.run:748)] 收到新请求: CQHttp/4.8.0
