[19-05-16 22:13:08] [PicqBotX] [INFO] 
[19-05-16 22:13:08] [PicqBotX] [INFO]     ____  _            ____        __ _  __
[19-05-16 22:13:08] [PicqBotX] [INFO]    / __ \(_)________ _/ __ )____  / /| |/ /
[19-05-16 22:13:08] [PicqBotX] [INFO]   / /_/ / / ___/ __ `/ __  / __ \/ __/   /
[19-05-16 22:13:08] [PicqBotX] [INFO]  / ____/ / /__/ /_/ / /_/ / /_/ / /_/   |
[19-05-16 22:13:08] [PicqBotX] [INFO] /_/   /_/\___/\__, /_____/\____/\__/_/|_|
[19-05-16 22:13:08] [PicqBotX] [INFO]                 /_/         v3.2.2.896
[19-05-16 22:13:08] [PicqBotX] [INFO] 日志管理器     初始化完成 [******] ...(56.75 ms)
[19-05-16 22:13:08] [PicqBotX] [INFO] 缓存管理器     初始化完成 [******] ...(2.47 ms)
[19-05-16 22:13:08] [PicqBotX] [INFO] DEBUG设置     初始化完成 [******] ...(0.01 ms)
[19-05-16 22:13:08] [PicqBotX] [INFO] 事件管理器     初始化完成 [******] ...(40.05 ms)
[19-05-16 22:13:08] [PicqBotX] [INFO] 账号管理器     初始化完成 [******] ...(1.15 ms)
[19-05-16 22:13:08] [PicqBotX] [INFO] HTTP监听服务器 初始化完成 [******] ...(3.36 ms)
[19-05-16 22:13:08] [PicqBotX] [INFO] 指令管理器     初始化完成 [******] ...(1.79 ms)
[19-05-16 22:13:08] [PicqBotX] [WARNING] 账号 Bot01: 版本正确, 不过用酷Q Pro的话效果更好哦!
[19-05-16 22:13:08] [PicqBotX] [INFO] 账号 Bot01:   版本验证完成!
[19-05-16 22:13:08] [PicqBotX] [INFO] 正在启动...
[19-05-16 22:13:10] [PicqBotX] [DEBUG(java.lang.Thread.run:748)] 收到新请求: CQHttp/4.8.0
[19-05-16 22:13:10] [PicqBotX] [DEBUG(java.lang.Thread.run:748)] - 数据: {"anonymous":null,"font":43738184,"group_id":522394334,"message":"#随机战场 10 3 3","message_id":13741,"message_type":"group","post_type":"message","raw_message":"#随机战场 10 3 3","self_id":2997400528,"sender":{"age":8,"area":"广州","card":"谭宇-养生式跟打","level":"入门","nickname":"0 4 . 2 2","role":"admin","sex":"male","title":"","user_id":1061917196},"sub_type":"normal","time":1558015990,"user_id":1061917196}
[19-05-16 22:13:13] [PicqBotX] [DEBUG(java.lang.Thread.run:748)] 收到新请求: CQHttp/4.8.0
[19-05-16 22:13:13] [PicqBotX] [DEBUG(java.lang.Thread.run:748)] - 数据: {"anonymous":null,"font":43738152,"group_id":522394334,"message":"#加入战场","message_id":13743,"message_type":"group","post_type":"message","raw_message":"#加入战场","self_id":2997400528,"sender":{"age":8,"area":"广州","card":"谭宇-养生式跟打","level":"入门","nickname":"0 4 . 2 2","role":"admin","sex":"male","title":"","user_id":1061917196},"sub_type":"normal","time":1558015993,"user_id":1061917196}
[19-05-16 22:13:16] [PicqBotX] [DEBUG(java.lang.Thread.run:748)] 收到新请求: CQHttp/4.8.0
[19-05-16 22:13:16] [PicqBotX] [DEBUG(java.lang.Thread.run:748)] - 数据: {"anonymous":null,"font":43738728,"group_id":522394334,"message":"#战场启动","message_id":13745,"message_type":"group","post_type":"message","raw_message":"#战场启动","self_id":2997400528,"sender":{"age":8,"area":"广州","card":"谭宇-养生式跟打","level":"入门","nickname":"0 4 . 2 2","role":"admin","sex":"male","title":"","user_id":1061917196},"sub_type":"normal","time":1558015996,"user_id":1061917196}
[19-05-16 22:13:17] [PicqBotX] [DEBUG(java.lang.Thread.run:748)] 收到新请求: CQHttp/4.8.0
[19-05-16 22:13:17] [PicqBotX] [DEBUG(java.lang.Thread.run:748)] - 数据: {"anonymous":null,"font":43647960,"group_id":522394334,"message":"世界越","message_id":13748,"message_type":"group","post_type":"message","raw_message":"世界越","self_id":2997400528,"sender":{"age":8,"area":"广州","card":"谭宇-养生式跟打","level":"入门","nickname":"0 4 . 2 2","role":"admin","sex":"male","title":"","user_id":1061917196},"sub_type":"normal","time":1558015997,"user_id":1061917196}
[19-05-16 22:13:21] [PicqBotX] [DEBUG(java.lang.Thread.run:748)] 收到新请求: CQHttp/4.8.0
[19-05-16 22:13:21] [PicqBotX] [DEBUG(java.lang.Thread.run:748)] - 数据: {"anonymous":null,"font":43737512,"group_id":522394334,"message":"来越喧","message_id":13750,"message_type":"group","post_type":"message","raw_message":"来越喧","self_id":2997400528,"sender":{"age":8,"area":"广州","card":"谭宇-养生式跟打","level":"入门","nickname":"0 4 . 2 2","role":"admin","sex":"male","title":"","user_id":1061917196},"sub_type":"normal","time":1558016001,"user_id":1061917196}
[19-05-16 22:13:23] [PicqBotX] [DEBUG(java.lang.Thread.run:748)] 收到新请求: CQHttp/4.8.0
[19-05-16 22:13:23] [PicqBotX] [DEBUG(java.lang.Thread.run:748)] - 数据: {"anonymous":null,"font":43738856,"group_id":522394334,"message":"闹，而","message_id":13752,"message_type":"group","post_type":"message","raw_message":"闹，而","self_id":2997400528,"sender":{"age":8,"area":"广州","card":"谭宇-养生式跟打","level":"入门","nickname":"0 4 . 2 2","role":"admin","sex":"male","title":"","user_id":1061917196},"sub_type":"normal","time":1558016003,"user_id":1061917196}
[19-05-16 22:13:26] [PicqBotX] [DEBUG(java.lang.Thread.run:748)] 收到新请求: CQHttp/4.8.0
[19-05-16 22:13:26] [PicqBotX] [DEBUG(java.lang.Thread.run:748)] - 数据: {"anonymous":null,"font":43738248,"group_id":522394334,"message":"我","message_id":13754,"message_type":"group","post_type":"message","raw_message":"我","self_id":2997400528,"sender":{"age":8,"area":"广州","card":"谭宇-养生式跟打","level":"入门","nickname":"0 4 . 2 2","role":"admin","sex":"male","title":"","user_id":1061917196},"sub_type":"normal","time":1558016006,"user_id":1061917196}
[19-05-16 22:14:07] [PicqBotX] [DEBUG(java.lang.Thread.run:748)] 收到新请求: CQHttp/4.8.0
[19-05-16 22:14:07] [PicqBotX] [DEBUG(java.lang.Thread.run:748)] - 数据: {"anonymous":null,"font":43738120,"group_id":522394334,"message":"第999段 速度183.10 击键7.09 码长2.32 标顶理论1.00 文章难度100.00 字数552 回改24 退格11 错字0 键数1283 选重23 键准96.41% 键法136.89%(左564:右412:空格263) 打词率72.92% 选重率4.17% 拖拉机跟打器 版本1.601 Windows 10版  校验V\\\\JTV","message_id":13756,"message_type":"group","post_type":"message","raw_message":"第999段 速度183.10 击键7.09 码长2.32 标顶理论1.00 文章难度100.00 字数552 回改24 退格11 错字0 键数1283 选重23 键准96.41% 键法136.89%(左564:右412:空格263) 打词率72.92% 选重率4.17% 拖拉机跟打器 版本1.601 Windows 10版  校验V\\\\JTV","self_id":2997400528,"sender":{"age":22,"area":"","card":"哀-091","level":"小白","nickname":"哀","role":"member","sex":"male","title":"","user_id":1452940959},"sub_type":"normal","time":1558016047,"user_id":1452940959}
[19-05-16 22:14:12] [PicqBotX] [DEBUG(java.lang.Thread.run:748)] 收到新请求: CQHttp/4.8.0
[19-05-16 22:14:12] [PicqBotX] [DEBUG(java.lang.Thread.run:748)] - 数据: {"anonymous":null,"font":43738536,"group_id":522394334,"message":"。。。。","message_id":13758,"message_type":"group","post_type":"message","raw_message":"。。。。","self_id":2997400528,"sender":{"age":22,"area":"","card":"哀-091","level":"小白","nickname":"哀","role":"member","sex":"male","title":"","user_id":1452940959},"sub_type":"normal","time":1558016052,"user_id":1452940959}
[19-05-16 22:14:16] [PicqBotX] [DEBUG(java.lang.Thread.run:748)] 收到新请求: CQHttp/4.8.0
[19-05-16 22:14:16] [PicqBotX] [DEBUG(java.lang.Thread.run:748)] - 数据: {"anonymous":null,"font":43738152,"group_id":522394334,"message":"删一下成绩，发错了。","message_id":13759,"message_type":"group","post_type":"message","raw_message":"删一下成绩，发错了。","self_id":2997400528,"sender":{"age":22,"area":"","card":"哀-091","level":"小白","nickname":"哀","role":"member","sex":"male","title":"","user_id":1452940959},"sub_type":"normal","time":1558016056,"user_id":1452940959}
[19-05-16 22:14:19] [PicqBotX] [DEBUG(java.lang.Thread.run:748)] 收到新请求: CQHttp/4.8.0
[19-05-16 22:14:19] [PicqBotX] [DEBUG(java.lang.Thread.run:748)] - 数据: {"anonymous":null,"font":43738120,"group_id":556981260,"message":"第999段 速度183.10 击键7.09 码长2.32 标顶理论1.00 文章难度100.00 字数552 回改24 退格11 错字0 键数1283 选重23 键准96.41% 键法136.89%(左564:右412:空格263) 打词率72.92% 选重率4.17% 拖拉机跟打器 版本1.601 Windows 10版  校验V\\\\JTV","message_id":13760,"message_type":"group","post_type":"message","raw_message":"第999段 速度183.10 击键7.09 码长2.32 标顶理论1.00 文章难度100.00 字数552 回改24 退格11 错字0 键数1283 选重23 键准96.41% 键法136.89%(左564:右412:空格263) 打词率72.92% 选重率4.17% 拖拉机跟打器 版本1.601 Windows 10版  校验V\\\\JTV","self_id":2997400528,"sender":{"age":22,"area":"","card":"哀-091","level":"五菱宏光","nickname":"哀","role":"member","sex":"male","title":"","user_id":1452940959},"sub_type":"normal","time":1558016059,"user_id":1452940959}
[19-05-16 22:14:21] [PicqBotX] [DEBUG(java.lang.Thread.run:748)] 收到新请求: CQHttp/4.8.0
